[0.019s] Invoking command in '/home/a/uav/build/my_uav': /usr/bin/cmake --build /home/a/uav/build/my_uav -- -j2 -l2
[0.146s] [  9%] Built target image_sub
[0.179s] [ 18%] Built target uav_control_node
[0.212s] [ 27%] Built target internlm_m_node
[0.275s] [ 36%] Built target internvl
[0.329s] [ 45%] Built target internlm_m_listener
[0.346s] [35m[1mScanning dependencies of target internvl_p[0m
[0.398s] [ 50%] [32mBuilding CXX object CMakeFiles/internvl_p.dir/src/internvl_p.cpp.o[0m
[28.682s] [ 54%] [32m[1mLinking CXX executable internvl_p[0m
[32.267s] [ 54%] Built target internvl_p
[32.361s] [ 63%] Built target internvl_listener
[32.440s] [ 72%] Built target gps_sub
[32.538s] [ 81%] Built target ray_sub
[32.640s] [ 90%] Built target camera_listener
[32.728s] [100%] Built target ray_listener
[32.750s] Invoked command in '/home/a/uav/build/my_uav' returned '0': /usr/bin/cmake --build /home/a/uav/build/my_uav -- -j2 -l2
[32.776s] Invoking command in '/home/a/uav/build/my_uav': /usr/bin/cmake --install /home/a/uav/build/my_uav
[32.790s] -- Install configuration: ""
[32.790s] -- Up-to-date: /home/a/uav/install/my_uav/share/my_uav/launch
[32.790s] -- Up-to-date: /home/a/uav/install/my_uav/share/my_uav/launch/sitl.launch
[32.791s] -- Up-to-date: /home/a/uav/install/my_uav/share/my_uav/launch/p450.py
[32.791s] -- Up-to-date: /home/a/uav/install/my_uav/share/my_uav/launch/gz_launch.py
[32.791s] -- Up-to-date: /home/a/uav/install/my_uav/share/my_uav/launch/cam_sub.launch.py
[32.791s] -- Up-to-date: /home/a/uav/install/my_uav/share/my_uav/models
[32.791s] -- Up-to-date: /home/a/uav/install/my_uav/share/my_uav/models/p450_2Dlidar_depth
[32.791s] -- Up-to-date: /home/a/uav/install/my_uav/share/my_uav/models/p450_2Dlidar_depth/p450_2Dlidar_depth_3.sdf.last_generated
[32.791s] -- Up-to-date: /home/a/uav/install/my_uav/share/my_uav/models/p450_2Dlidar_depth/p450_2Dlidar_depth_2.sdf.last_generated
[32.792s] -- Installing: /home/a/uav/install/my_uav/share/my_uav/models/p450_2Dlidar_depth/p450_2Dlidar_depth_1.sdf.last_generated
[32.796s] -- Installing: /home/a/uav/install/my_uav/share/my_uav/models/p450_2Dlidar_depth/p450_2Dlidar_depth_1.sdf
[32.798s] -- Up-to-date: /home/a/uav/install/my_uav/share/my_uav/models/p450_2Dlidar_depth/model.config
[32.799s] -- Up-to-date: /home/a/uav/install/my_uav/share/my_uav/models/p450_2Dlidar_depth/p450_2Dlidar_depth.sdf
[32.799s] -- Up-to-date: /home/a/uav/install/my_uav/share/my_uav/models/p450_2Dlidar_depth/p450_2Dlidar_depth_3.sdf
[32.801s] -- Up-to-date: /home/a/uav/install/my_uav/share/my_uav/models/p450_2Dlidar_depth/p450_2Dlidar_depth_-m.sdf
[32.802s] -- Up-to-date: /home/a/uav/install/my_uav/share/my_uav/models/p450_2Dlidar_depth/p450_2Dlidar_depth_2.sdf
[32.802s] -- Up-to-date: /home/a/uav/install/my_uav/share/my_uav/models/p450_2Dlidar_depth/p450_2Dlidar_depth_-m.sdf.last_generated
[32.802s] -- Up-to-date: /home/a/uav/install/my_uav/share/my_uav/models/p450
[32.802s] -- Up-to-date: /home/a/uav/install/my_uav/share/my_uav/models/p450/p450_1.sdf
[32.802s] -- Up-to-date: /home/a/uav/install/my_uav/share/my_uav/models/p450/p450_2.sdf.last_generated
[32.802s] -- Up-to-date: /home/a/uav/install/my_uav/share/my_uav/models/p450/p450.sdf.jinja
[32.807s] -- Up-to-date: /home/a/uav/install/my_uav/share/my_uav/models/p450/p450_1.sdf.last_generated
[32.808s] -- Up-to-date: /home/a/uav/install/my_uav/share/my_uav/models/p450/model.config
[32.808s] -- Up-to-date: /home/a/uav/install/my_uav/share/my_uav/models/p450/p450_2.sdf
[32.808s] -- Up-to-date: /home/a/uav/install/my_uav/share/my_uav/models/p450/meshes
[32.808s] -- Up-to-date: /home/a/uav/install/my_uav/share/my_uav/models/p450/meshes/p450_ccw.stl
[32.808s] -- Up-to-date: /home/a/uav/install/my_uav/share/my_uav/models/p450/meshes/p450.stl
[32.808s] -- Up-to-date: /home/a/uav/install/my_uav/share/my_uav/models/p450/meshes/p450_cw.stl
[32.811s] -- Up-to-date: /home/a/uav/install/my_uav/share/my_uav/models/p450/p450.sdf
[32.811s] -- Up-to-date: /home/a/uav/install/my_uav/share/my_uav/models/hokuyo_ust_20lx
[32.811s] -- Up-to-date: /home/a/uav/install/my_uav/share/my_uav/models/hokuyo_ust_20lx/hokuyo_ust_20lx.sdf
[32.812s] -- Up-to-date: /home/a/uav/install/my_uav/share/my_uav/models/hokuyo_ust_20lx/hokuyo_ust_20lx_2.sdf.last_generated
[32.812s] -- Up-to-date: /home/a/uav/install/my_uav/share/my_uav/models/hokuyo_ust_20lx/model.config
[32.812s] -- Up-to-date: /home/a/uav/install/my_uav/share/my_uav/models/hokuyo_ust_20lx/hokuyo_ust_20lx_2.sdf
[32.812s] -- Up-to-date: /home/a/uav/install/my_uav/share/my_uav/models/hokuyo_ust_20lx/hokuyo_ust_20lx_1.sdf
[32.812s] -- Up-to-date: /home/a/uav/install/my_uav/share/my_uav/models/hokuyo_ust_20lx/hokuyo_ust_20lx_1.sdf.last_generated
[32.812s] -- Up-to-date: /home/a/uav/install/my_uav/share/my_uav/models/p450_hokuyo_2Dlidar
[32.812s] -- Up-to-date: /home/a/uav/install/my_uav/share/my_uav/models/p450_hokuyo_2Dlidar/p450_hokuyo_2Dlidar.sdf
[32.812s] -- Up-to-date: /home/a/uav/install/my_uav/share/my_uav/models/p450_hokuyo_2Dlidar/model.config
[32.813s] -- Up-to-date: /home/a/uav/install/my_uav/share/my_uav/models/depth
[32.813s] -- Up-to-date: /home/a/uav/install/my_uav/share/my_uav/models/depth/model.config
[32.813s] -- Up-to-date: /home/a/uav/install/my_uav/share/my_uav/models/depth/depth.sdf
[32.813s] -- Up-to-date: /home/a/uav/install/my_uav/share/my_uav/models/D435i
[32.820s] -- Up-to-date: /home/a/uav/install/my_uav/share/my_uav/models/D435i/materials
[32.820s] -- Up-to-date: /home/a/uav/install/my_uav/share/my_uav/models/D435i/materials/textures
[32.820s] -- Up-to-date: /home/a/uav/install/my_uav/share/my_uav/models/D435i/materials/textures/realsense_diffuse.png
[32.820s] -- Up-to-date: /home/a/uav/install/my_uav/share/my_uav/models/D435i/model.config
[32.820s] -- Up-to-date: /home/a/uav/install/my_uav/share/my_uav/models/D435i/D435i.sdf
[32.820s] -- Up-to-date: /home/a/uav/install/my_uav/share/my_uav/models/D435i/meshes
[32.825s] -- Up-to-date: /home/a/uav/install/my_uav/share/my_uav/models/D435i/meshes/realsense_d435.stl
[32.825s] -- Up-to-date: /home/a/uav/install/my_uav/share/my_uav/models/D435i/meshes/D435i.dae
[32.830s] -- Up-to-date: /home/a/uav/install/my_uav/share/my_uav/models/p450_depth
[32.831s] -- Up-to-date: /home/a/uav/install/my_uav/share/my_uav/models/p450_depth/model.config
[32.831s] -- Up-to-date: /home/a/uav/install/my_uav/share/my_uav/models/p450_depth/p450_depth.sdf
[32.831s] -- Up-to-date: /home/a/uav/install/my_uav/share/my_uav/worlds
[32.831s] -- Up-to-date: /home/a/uav/install/my_uav/share/my_uav/worlds/leida.world
[32.831s] -- Up-to-date: /home/a/uav/install/my_uav/share/my_uav/worlds/my.world
[32.831s] -- Up-to-date: /home/a/uav/install/my_uav/share/my_uav/worlds/baylands.world
[32.831s] -- Up-to-date: /home/a/uav/install/my_uav/share/my_uav/worlds/safe_landing.world
[32.831s] -- Up-to-date: /home/a/uav/install/my_uav/share/my_uav/worlds/yosemite.world
[32.831s] -- Up-to-date: /home/a/uav/install/my_uav/share/my_uav/worlds/mcmillan_airfield.world
[32.831s] -- Up-to-date: /home/a/uav/install/my_uav/share/my_uav/worlds/cam.world
[32.831s] -- Up-to-date: /home/a/uav/install/my_uav/share/my_uav/worlds/sonoma_raceway.world
[32.831s] -- Up-to-date: /home/a/uav/install/my_uav/share/my_uav/worlds/empty_world.world
[32.831s] -- Up-to-date: /home/a/uav/install/my_uav/lib/my_uav/my_python_node.py
[32.831s] -- Up-to-date: /home/a/uav/install/my_uav/lib/my_uav/uav_control_node
[32.832s] -- Up-to-date: /home/a/uav/install/my_uav/lib/my_uav/internlm_m_node
[32.832s] -- Up-to-date: /home/a/uav/install/my_uav/lib/my_uav/internvl
[32.832s] -- Up-to-date: /home/a/uav/install/my_uav/lib/my_uav/internlm_m_listener
[32.832s] -- Up-to-date: /home/a/uav/install/my_uav/lib/my_uav/internvl_listener
[32.832s] -- Installing: /home/a/uav/install/my_uav/lib/my_uav/internvl_p
[32.832s] -- Set runtime path of "/home/a/uav/install/my_uav/lib/my_uav/internvl_p" to ""
[32.832s] -- Up-to-date: /home/a/uav/install/my_uav/lib/my_uav/image_sub
[32.832s] -- Up-to-date: /home/a/uav/install/my_uav/lib/my_uav/gps_sub
[32.832s] -- Up-to-date: /home/a/uav/install/my_uav/lib/my_uav/ray_sub
[32.832s] -- Up-to-date: /home/a/uav/install/my_uav/lib/my_uav/camera_listener
[32.832s] -- Up-to-date: /home/a/uav/install/my_uav/lib/my_uav/ray_listener
[32.832s] -- Up-to-date: /home/a/uav/install/my_uav/share/ament_index/resource_index/package_run_dependencies/my_uav
[32.832s] -- Up-to-date: /home/a/uav/install/my_uav/share/ament_index/resource_index/parent_prefix_path/my_uav
[32.832s] -- Up-to-date: /home/a/uav/install/my_uav/share/my_uav/environment/ament_prefix_path.sh
[32.832s] -- Up-to-date: /home/a/uav/install/my_uav/share/my_uav/environment/ament_prefix_path.dsv
[32.832s] -- Up-to-date: /home/a/uav/install/my_uav/share/my_uav/environment/path.sh
[32.833s] -- Up-to-date: /home/a/uav/install/my_uav/share/my_uav/environment/path.dsv
[32.833s] -- Up-to-date: /home/a/uav/install/my_uav/share/my_uav/local_setup.bash
[32.833s] -- Up-to-date: /home/a/uav/install/my_uav/share/my_uav/local_setup.sh
[32.833s] -- Up-to-date: /home/a/uav/install/my_uav/share/my_uav/local_setup.zsh
[32.833s] -- Up-to-date: /home/a/uav/install/my_uav/share/my_uav/local_setup.dsv
[32.833s] -- Installing: /home/a/uav/install/my_uav/share/my_uav/package.dsv
[32.833s] -- Up-to-date: /home/a/uav/install/my_uav/share/ament_index/resource_index/packages/my_uav
[32.833s] -- Up-to-date: /home/a/uav/install/my_uav/share/my_uav/cmake/my_uavConfig.cmake
[32.833s] -- Up-to-date: /home/a/uav/install/my_uav/share/my_uav/cmake/my_uavConfig-version.cmake
[32.833s] -- Up-to-date: /home/a/uav/install/my_uav/share/my_uav/package.xml
[32.845s] Invoked command in '/home/a/uav/build/my_uav' returned '0': /usr/bin/cmake --install /home/a/uav/build/my_uav
