[0.023s] Invoking command in '/home/a/uav/build/my_uav': CMAKE_PREFIX_PATH=/opt/ros/galactic /usr/bin/cmake /home/a/uav/src/my_uav -DCMAKE_INSTALL_PREFIX=/home/a/uav/install/my_uav
[0.256s] -- The C compiler identification is GNU 9.4.0
[0.453s] -- The CXX compiler identification is GNU 9.4.0
[0.472s] -- Check for working C compiler: /usr/bin/cc
[0.553s] -- Check for working C compiler: /usr/bin/cc -- works
[0.555s] -- Detecting C compiler ABI info
[0.623s] -- Detecting C compiler ABI info - done
[0.634s] -- Detecting C compile features
[0.635s] -- Detecting C compile features - done
[0.639s] -- Check for working CXX compiler: /usr/bin/c++
[0.724s] -- Check for working CXX compiler: /usr/bin/c++ -- works
[0.725s] -- Detecting CXX compiler ABI info
[0.805s] -- Detecting CXX compiler ABI info - done
[0.817s] -- Detecting CXX compile features
[0.817s] -- Detecting CXX compile features - done
[0.828s] -- Found ament_cmake: 1.1.6 (/opt/ros/galactic/share/ament_cmake/cmake)
[0.859s] -- Found PythonInterp: /usr/bin/python3 (found suitable version "3.8.10", minimum required is "3") 
[0.859s] -- Using PYTHON_EXECUTABLE: /usr/bin/python3
[0.992s] -- Found ament_lint_auto: 0.10.7 (/opt/ros/galactic/share/ament_lint_auto/cmake)
[1.088s] -- Found rclcpp: 9.2.2 (/opt/ros/galactic/share/rclcpp/cmake)
[1.177s] -- Using all available rosidl_typesupport_c: rosidl_typesupport_fastrtps_c;rosidl_typesupport_introspection_c
[1.189s] -- Found rosidl_adapter: 2.2.3 (/opt/ros/galactic/share/rosidl_adapter/cmake)
[1.310s] -- Found OpenSSL: /usr/lib/x86_64-linux-gnu/libcrypto.so (found version "1.1.1f")  
[1.355s] -- Found FastRTPS: /opt/ros/galactic/include  
[1.456s] -- Using all available rosidl_typesupport_cpp: rosidl_typesupport_fastrtps_cpp;rosidl_typesupport_introspection_cpp
[1.538s] -- Found rmw_implementation_cmake: 3.3.1 (/opt/ros/galactic/share/rmw_implementation_cmake/cmake)
[1.543s] -- Found rmw_cyclonedds_cpp: 0.22.6 (/opt/ros/galactic/share/rmw_cyclonedds_cpp/cmake)
[1.575s] -- Using RMW implementation 'rmw_cyclonedds_cpp' as default
[1.578s] -- Looking for pthread.h
[1.657s] -- Looking for pthread.h - found
[1.657s] -- Performing Test CMAKE_HAVE_LIBC_PTHREAD
[1.745s] -- Performing Test CMAKE_HAVE_LIBC_PTHREAD - Failed
[1.745s] -- Looking for pthread_create in pthreads
[1.804s] -- Looking for pthread_create in pthreads - not found
[1.804s] -- Looking for pthread_create in pthread
[1.871s] -- Looking for pthread_create in pthread - found
[1.872s] -- Found Threads: TRUE  
[2.079s] -- Found sensor_msgs: 2.2.4 (/opt/ros/galactic/share/sensor_msgs/cmake)
[2.284s] -- Added test 'copyright' to check source files copyright and LICENSE
[2.286s] -- Added test 'cppcheck' to perform static code analysis on C / C++ code
[2.287s] -- Configured cppcheck include dirs: 
[2.287s] -- Configured cppcheck exclude dirs and/or files: 
[2.288s] -- Added test 'cpplint' to check C / C++ code against the Google style
[2.288s] -- Configured cpplint exclude dirs and/or files: 
[2.289s] -- Added test 'flake8' to check Python code syntax and style conventions
[2.290s] -- Added test 'lint_cmake' to check CMake code style
[2.291s] -- Added test 'pep257' to check Python code against some of the style conventions in PEP 257
[2.293s] -- Added test 'uncrustify' to check C / C++ code style
[2.293s] -- Configured uncrustify additional arguments: 
[2.294s] -- Added test 'xmllint' to check XML markup files
[2.298s] -- Configuring done
[2.311s] -- Generating done
[2.318s] -- Build files have been written to: /home/a/uav/build/my_uav
[2.328s] Invoked command in '/home/a/uav/build/my_uav' returned '0': CMAKE_PREFIX_PATH=/opt/ros/galactic /usr/bin/cmake /home/a/uav/src/my_uav -DCMAKE_INSTALL_PREFIX=/home/a/uav/install/my_uav
[2.332s] Invoking command in '/home/a/uav/build/my_uav': CMAKE_PREFIX_PATH=/opt/ros/galactic /usr/bin/cmake --build /home/a/uav/build/my_uav -- -j2 -l2
[2.396s] [35m[1mScanning dependencies of target uav_control_node[0m
[2.564s] [ 50%] [32mBuilding CXX object CMakeFiles/uav_control_node.dir/src/uav_control_node.cpp.o[0m
[6.638s] [100%] [32m[1mLinking CXX executable uav_control_node[0m
[6.847s] [100%] Built target uav_control_node
[6.859s] Invoked command in '/home/a/uav/build/my_uav' returned '0': CMAKE_PREFIX_PATH=/opt/ros/galactic /usr/bin/cmake --build /home/a/uav/build/my_uav -- -j2 -l2
[6.869s] Invoking command in '/home/a/uav/build/my_uav': CMAKE_PREFIX_PATH=/opt/ros/galactic /usr/bin/cmake --install /home/a/uav/build/my_uav
[6.876s] -- Install configuration: ""
[6.876s] -- Installing: /home/a/uav/install/my_uav/share/my_uav/launch
[6.876s] -- Installing: /home/a/uav/install/my_uav/share/my_uav/launch/gz_launch.py
[6.876s] -- Installing: /home/a/uav/install/my_uav/share/my_uav/models
[6.876s] -- Installing: /home/a/uav/install/my_uav/share/my_uav/models/p450
[6.876s] -- Installing: /home/a/uav/install/my_uav/share/my_uav/models/p450/p450.sdf.jinja
[6.876s] -- Installing: /home/a/uav/install/my_uav/share/my_uav/models/p450/model.config
[6.876s] -- Installing: /home/a/uav/install/my_uav/share/my_uav/models/p450/meshes
[6.876s] -- Installing: /home/a/uav/install/my_uav/share/my_uav/models/p450/meshes/p450_ccw.stl
[6.879s] -- Installing: /home/a/uav/install/my_uav/share/my_uav/models/p450/meshes/p450.stl
[6.882s] -- Installing: /home/a/uav/install/my_uav/share/my_uav/models/p450/meshes/p450_cw.stl
[6.885s] -- Installing: /home/a/uav/install/my_uav/share/my_uav/models/p450/p450.sdf
[6.885s] -- Installing: /home/a/uav/install/my_uav/share/my_uav/worlds
[6.885s] -- Installing: /home/a/uav/install/my_uav/share/my_uav/worlds/empty_world.world
[6.885s] -- Installing: /home/a/uav/install/my_uav/lib/my_uav/uav_control_node
[6.886s] -- Set runtime path of "/home/a/uav/install/my_uav/lib/my_uav/uav_control_node" to ""
[6.886s] -- Installing: /home/a/uav/install/my_uav/share/ament_index/resource_index/package_run_dependencies/my_uav
[6.888s] -- Installing: /home/a/uav/install/my_uav/share/ament_index/resource_index/parent_prefix_path/my_uav
[6.888s] -- Installing: /home/a/uav/install/my_uav/share/my_uav/environment/ament_prefix_path.sh
[6.888s] -- Installing: /home/a/uav/install/my_uav/share/my_uav/environment/ament_prefix_path.dsv
[6.888s] -- Installing: /home/a/uav/install/my_uav/share/my_uav/environment/path.sh
[6.888s] -- Installing: /home/a/uav/install/my_uav/share/my_uav/environment/path.dsv
[6.888s] -- Installing: /home/a/uav/install/my_uav/share/my_uav/local_setup.bash
[6.888s] -- Installing: /home/a/uav/install/my_uav/share/my_uav/local_setup.sh
[6.888s] -- Installing: /home/a/uav/install/my_uav/share/my_uav/local_setup.zsh
[6.888s] -- Installing: /home/a/uav/install/my_uav/share/my_uav/local_setup.dsv
[6.888s] -- Installing: /home/a/uav/install/my_uav/share/my_uav/package.dsv
[6.888s] -- Installing: /home/a/uav/install/my_uav/share/ament_index/resource_index/packages/my_uav
[6.888s] -- Installing: /home/a/uav/install/my_uav/share/my_uav/cmake/my_uavConfig.cmake
[6.888s] -- Installing: /home/a/uav/install/my_uav/share/my_uav/cmake/my_uavConfig-version.cmake
[6.888s] -- Installing: /home/a/uav/install/my_uav/share/my_uav/package.xml
[6.891s] Invoked command in '/home/a/uav/build/my_uav' returned '0': CMAKE_PREFIX_PATH=/opt/ros/galactic /usr/bin/cmake --install /home/a/uav/build/my_uav
