[0.048s] Invoking command in '/home/a/ros2_ws/build/px4_ros_com': CMAKE_PREFIX_PATH=/home/a/ros2_ws/install/px4_msgs:/home/a/ros2_ws/install/px4_ros_com:/home/a/ros2_ws/install/my_uav:/opt/ros/galactic LD_LIBRARY_PATH=/home/a/ros2_ws/install/px4_msgs/lib:/home/a/ros2_ws/install/px4_ros_com/lib:/usr/lib/x86_64-linux-gnu/gazebo-11/plugins:/opt/ros/galactic/opt/yaml_cpp_vendor/lib:/opt/ros/galactic/opt/rviz_ogre_vendor/lib:/opt/ros/galactic/lib/x86_64-linux-gnu:/opt/ros/galactic/lib:/home/a/PX4-Autopilot/build/px4_sitl_default/build_gazebo-classic /usr/bin/cmake --build /home/a/ros2_ws/build/px4_ros_com -- -j2 -l2
[0.279s] [  6%] Built target my_uav_node
[0.349s] [ 13%] Built target offboard_control_mode
[0.433s] [ 20%] Built target commander
[0.500s] [ 26%] Built target arm
[0.645s] [ 33%] Built target frame_transforms
[0.837s] [ 40%] Built target offboard_control
[1.003s] [ 46%] Built target sensor_combined_listener
[1.191s] [ 53%] Built target vehicle_gps_position_listener
[1.360s] [ 60%] Built target debug_vect_advertiser
[1.470s] [ 66%] Built target trajectory_setpoint
[1.568s] [ 73%] Built target vel_yaw
[1.634s] [ 80%] Built target vehicle_attitude_listener
[1.660s] [35m[1mScanning dependencies of target vehicle_status[0m
[1.734s] [ 83%] [32mBuilding CXX object CMakeFiles/vehicle_status.dir/src/examples/listeners/vehicle_status.cpp.o[0m
[6.901s] [01m[K/home/a/ros2_ws/src/px4_ros_com/src/examples/listeners/vehicle_status.cpp:[m[K In lambda function:
[6.902s] [01m[K/home/a/ros2_ws/src/px4_ros_com/src/examples/listeners/vehicle_status.cpp:28:58:[m[K [01;31m[Kerror: [m[K‘[01m[Kconst UniquePtr[m[K’ {aka ‘[01m[Kconst class std::unique_ptr<px4_msgs::msg::VehicleStatus_<std::allocator<void> >, std::default_delete<px4_msgs::msg::VehicleStatus_<std::allocator<void> > > >[m[K’} has no member named ‘[01m[Karming_state[m[K’
[6.902s]    28 |    std::cout << "arming_state: " << static_cast<int>(msg.[01;31m[Karming_state[m[K)  << std::endl;
[6.902s]       |                                                          [01;31m[K^~~~~~~~~~~~[m[K
[6.902s] [01m[K/home/a/ros2_ws/src/px4_ros_com/src/examples/listeners/vehicle_status.cpp:30:55:[m[K [01;31m[Kerror: [m[K‘[01m[Kconst UniquePtr[m[K’ {aka ‘[01m[Kconst class std::unique_ptr<px4_msgs::msg::VehicleStatus_<std::allocator<void> >, std::default_delete<px4_msgs::msg::VehicleStatus_<std::allocator<void> > > >[m[K’} has no member named ‘[01m[Ksystem_id[m[K’
[6.902s]    30 |    std::cout << "system_id: " << static_cast<int>(msg.[01;31m[Ksystem_id[m[K)  << std::endl;
[6.902s]       |                                                       [01;31m[K^~~~~~~~~[m[K
[6.902s] [01m[K/home/a/ros2_ws/src/px4_ros_com/src/examples/listeners/vehicle_status.cpp:31:58:[m[K [01;31m[Kerror: [m[K‘[01m[Kconst UniquePtr[m[K’ {aka ‘[01m[Kconst class std::unique_ptr<px4_msgs::msg::VehicleStatus_<std::allocator<void> >, std::default_delete<px4_msgs::msg::VehicleStatus_<std::allocator<void> > > >[m[K’} has no member named ‘[01m[Kcomponent_id[m[K’
[6.902s]    31 |    std::cout << "component_id: " << static_cast<int>(msg.[01;31m[Kcomponent_id[m[K) << std::endl;
[6.903s]       |                                                          [01;31m[K^~~~~~~~~~~~[m[K
[11.495s] make[2]: *** [CMakeFiles/vehicle_status.dir/build.make:63：CMakeFiles/vehicle_status.dir/src/examples/listeners/vehicle_status.cpp.o] 错误 1
[11.496s] make[1]: *** [CMakeFiles/Makefile2:484：CMakeFiles/vehicle_status.dir/all] 错误 2
[11.496s] make: *** [Makefile:141：all] 错误 2
[11.501s] Invoked command in '/home/a/ros2_ws/build/px4_ros_com' returned '2': CMAKE_PREFIX_PATH=/home/a/ros2_ws/install/px4_msgs:/home/a/ros2_ws/install/px4_ros_com:/home/a/ros2_ws/install/my_uav:/opt/ros/galactic LD_LIBRARY_PATH=/home/a/ros2_ws/install/px4_msgs/lib:/home/a/ros2_ws/install/px4_ros_com/lib:/usr/lib/x86_64-linux-gnu/gazebo-11/plugins:/opt/ros/galactic/opt/yaml_cpp_vendor/lib:/opt/ros/galactic/opt/rviz_ogre_vendor/lib:/opt/ros/galactic/lib/x86_64-linux-gnu:/opt/ros/galactic/lib:/home/a/PX4-Autopilot/build/px4_sitl_default/build_gazebo-classic /usr/bin/cmake --build /home/a/ros2_ws/build/px4_ros_com -- -j2 -l2
