[01m[K/home/a/uav/src/my_uav/src/internlm_m_node.cpp:[m[K In constructor ‘[01m[KSensorCombinedListener::SensorCombinedListener()[m[K’:
[01m[K/home/a/uav/src/my_uav/src/internlm_m_node.cpp:17:13:[m[K [01;31m[Kerror: [m[Kno match for ‘[01m[Koperator=[m[K’ (operand types are ‘[01m[Kconst string[m[K’ {aka ‘[01m[Kconst std::__cxx11::basic_string<char>[m[K’} and ‘[01m[Kconst char [54][m[K’)
   17 |   API_URL = [01;31m[K"https://chat.intern-ai.org.cn/api/v1/chat/completions"[m[K;
      |             [01;31m[K^~~~~~~~~~~~~~~~~~~~~~~~~~~~~~~~~~~~~~~~~~~~~~~~~~~~~~~[m[K
In file included from [01m[K/usr/include/c++/9/string:55[m[K,
                 from [01m[K/usr/include/c++/9/bits/locale_classes.h:40[m[K,
                 from [01m[K/usr/include/c++/9/bits/ios_base.h:41[m[K,
                 from [01m[K/usr/include/c++/9/ios:42[m[K,
                 from [01m[K/usr/include/c++/9/ostream:38[m[K,
                 from [01m[K/usr/include/c++/9/iostream:39[m[K,
                 from [01m[K/home/a/uav/src/my_uav/src/internlm_m_node.cpp:1[m[K:
[01m[K/usr/include/c++/9/bits/basic_string.h:669:7:[m[K [01;36m[Knote: [m[Kcandidate: ‘[01m[Kstd::__cxx11::basic_string<_CharT, _Traits, _Alloc>& std::__cxx11::basic_string<_CharT, _Traits, _Alloc>::operator=(const std::__cxx11::basic_string<_CharT, _Traits, _Alloc>&) [with _CharT = char; _Traits = std::char_traits<char>; _Alloc = std::allocator<char>][m[K’ <near match>
  669 |       [01;36m[Koperator[m[K=(const basic_string& __str)
      |       [01;36m[K^~~~~~~~[m[K
[01m[K/usr/include/c++/9/bits/basic_string.h:669:7:[m[K [01;36m[Knote: [m[K  passing ‘[01m[Kconst string*[m[K’ {aka ‘[01m[Kconst std::__cxx11::basic_string<char>*[m[K’} as ‘[01m[Kthis[m[K’ argument discards qualifiers
[01m[K/usr/include/c++/9/bits/basic_string.h:708:7:[m[K [01;36m[Knote: [m[Kcandidate: ‘[01m[Kstd::__cxx11::basic_string<_CharT, _Traits, _Alloc>& std::__cxx11::basic_string<_CharT, _Traits, _Alloc>::operator=(const _CharT*) [with _CharT = char; _Traits = std::char_traits<char>; _Alloc = std::allocator<char>][m[K’ <near match>
  708 |       [01;36m[Koperator[m[K=(const _CharT* __s)
      |       [01;36m[K^~~~~~~~[m[K
[01m[K/usr/include/c++/9/bits/basic_string.h:708:7:[m[K [01;36m[Knote: [m[K  passing ‘[01m[Kconst string*[m[K’ {aka ‘[01m[Kconst std::__cxx11::basic_string<char>*[m[K’} as ‘[01m[Kthis[m[K’ argument discards qualifiers
[01m[K/usr/include/c++/9/bits/basic_string.h:719:7:[m[K [01;36m[Knote: [m[Kcandidate: ‘[01m[Kstd::__cxx11::basic_string<_CharT, _Traits, _Alloc>& std::__cxx11::basic_string<_CharT, _Traits, _Alloc>::operator=(_CharT) [with _CharT = char; _Traits = std::char_traits<char>; _Alloc = std::allocator<char>][m[K’ <near match>
  719 |       [01;36m[Koperator[m[K=(_CharT __c)
      |       [01;36m[K^~~~~~~~[m[K
[01m[K/usr/include/c++/9/bits/basic_string.h:719:7:[m[K [01;36m[Knote: [m[K  conversion of argument 1 would be ill-formed:
[01m[K/home/a/uav/src/my_uav/src/internlm_m_node.cpp:17:13:[m[K [01;31m[Kerror: [m[Kinvalid conversion from ‘[01m[Kconst char*[m[K’ to ‘[01m[Kchar[m[K’ [[01;31m[K-fpermissive[m[K]
   17 |   API_URL = [01;31m[K"https://chat.intern-ai.org.cn/api/v1/chat/completions"[m[K;
      |             [01;31m[K^~~~~~~~~~~~~~~~~~~~~~~~~~~~~~~~~~~~~~~~~~~~~~~~~~~~~~~[m[K
      |             [01;31m[K|[m[K
      |             [01;31m[Kconst char*[m[K
In file included from [01m[K/usr/include/c++/9/string:55[m[K,
                 from [01m[K/usr/include/c++/9/bits/locale_classes.h:40[m[K,
                 from [01m[K/usr/include/c++/9/bits/ios_base.h:41[m[K,
                 from [01m[K/usr/include/c++/9/ios:42[m[K,
                 from [01m[K/usr/include/c++/9/ostream:38[m[K,
                 from [01m[K/usr/include/c++/9/iostream:39[m[K,
                 from [01m[K/home/a/uav/src/my_uav/src/internlm_m_node.cpp:1[m[K:
[01m[K/usr/include/c++/9/bits/basic_string.h:736:7:[m[K [01;36m[Knote: [m[Kcandidate: ‘[01m[Kstd::__cxx11::basic_string<_CharT, _Traits, _Alloc>& std::__cxx11::basic_string<_CharT, _Traits, _Alloc>::operator=(std::__cxx11::basic_string<_CharT, _Traits, _Alloc>&&) [with _CharT = char; _Traits = std::char_traits<char>; _Alloc = std::allocator<char>][m[K’ <near match>
  736 |       [01;36m[Koperator[m[K=(basic_string&& __str)
      |       [01;36m[K^~~~~~~~[m[K
[01m[K/usr/include/c++/9/bits/basic_string.h:736:7:[m[K [01;36m[Knote: [m[K  passing ‘[01m[Kconst string*[m[K’ {aka ‘[01m[Kconst std::__cxx11::basic_string<char>*[m[K’} as ‘[01m[Kthis[m[K’ argument discards qualifiers
[01m[K/usr/include/c++/9/bits/basic_string.h:799:7:[m[K [01;36m[Knote: [m[Kcandidate: ‘[01m[Kstd::__cxx11::basic_string<_CharT, _Traits, _Alloc>& std::__cxx11::basic_string<_CharT, _Traits, _Alloc>::operator=(std::initializer_list<_Tp>) [with _CharT = char; _Traits = std::char_traits<char>; _Alloc = std::allocator<char>][m[K’
  799 |       [01;36m[Koperator[m[K=(initializer_list<_CharT> __l)
      |       [01;36m[K^~~~~~~~[m[K
[01m[K/usr/include/c++/9/bits/basic_string.h:799:42:[m[K [01;36m[Knote: [m[K  no known conversion for argument 1 from ‘[01m[Kconst char [54][m[K’ to ‘[01m[Kstd::initializer_list<char>[m[K’
  799 |       operator=([01;36m[Kinitializer_list<_CharT> __l[m[K)
      |                 [01;36m[K~~~~~~~~~~~~~~~~~~~~~~~~~^~~[m[K
[01m[K/usr/include/c++/9/bits/basic_string.h:813:8:[m[K [01;36m[Knote: [m[Kcandidate: ‘[01m[Ktemplate<class _Tp> std::__cxx11::basic_string<_CharT, _Traits, _Alloc>::_If_sv<_Tp, std::__cxx11::basic_string<_CharT, _Traits, _Alloc>&> std::__cxx11::basic_string<_CharT, _Traits, _Alloc>::operator=(const _Tp&) [with _Tp = _Tp; _CharT = char; _Traits = std::char_traits<char>; _Alloc = std::allocator<char>][m[K’
  813 |        [01;36m[Koperator[m[K=(const _Tp& __svt)
      |        [01;36m[K^~~~~~~~[m[K
[01m[K/usr/include/c++/9/bits/basic_string.h:813:8:[m[K [01;36m[Knote: [m[K  template argument deduction/substitution failed:
In file included from [01m[K/usr/include/c++/9/bits/move.h:55[m[K,
                 from [01m[K/usr/include/c++/9/bits/nested_exception.h:40[m[K,
                 from [01m[K/usr/include/c++/9/exception:144[m[K,
                 from [01m[K/usr/include/c++/9/ios:39[m[K,
                 from [01m[K/usr/include/c++/9/ostream:38[m[K,
                 from [01m[K/usr/include/c++/9/iostream:39[m[K,
                 from [01m[K/home/a/uav/src/my_uav/src/internlm_m_node.cpp:1[m[K:
/usr/include/c++/9/type_traits: In substitution of ‘[01m[Ktemplate<bool _Cond, class _Tp> using enable_if_t = typename std::enable_if::type [with bool _Cond = std::integral_constant<bool, false>::value; _Tp = std::__cxx11::basic_string<char>&][m[K’:
[01m[K/usr/include/c++/9/bits/basic_string.h:121:8:[m[K   required by substitution of ‘[01m[Ktemplate<class _CharT, class _Traits, class _Alloc> template<class _Tp, class _Res> using _If_sv = std::enable_if_t<std::__and_<std::is_convertible<const _Tp&, std::basic_string_view<_CharT, _Traits> >, std::__not_<std::is_convertible<const _Tp*, const std::__cxx11::basic_string<_CharT, _Traits, _Alloc>*> >, std::__not_<std::is_convertible<const _Tp&, const _CharT*> > >::value, _Res> [with _Tp = char [54]; _Res = std::__cxx11::basic_string<char>&; _CharT = char; _Traits = std::char_traits<char>; _Alloc = std::allocator<char>][m[K’
[01m[K/usr/include/c++/9/bits/basic_string.h:813:8:[m[K   required by substitution of ‘[01m[Ktemplate<class _Tp> std::__cxx11::basic_string<char>::_If_sv<_Tp, std::__cxx11::basic_string<char>&> std::__cxx11::basic_string<char>::operator=<_Tp>(const _Tp&) [with _Tp = char [54]][m[K’
[01m[K/home/a/uav/src/my_uav/src/internlm_m_node.cpp:17:13:[m[K   required from here
[01m[K/usr/include/c++/9/type_traits:2378:11:[m[K [01;31m[Kerror: [m[Kno type named ‘[01m[Ktype[m[K’ in ‘[01m[Kstruct std::enable_if<false, std::__cxx11::basic_string<char>&>[m[K’
 2378 |     using [01;31m[Kenable_if_t[m[K = typename enable_if<_Cond, _Tp>::type;
      |           [01;31m[K^~~~~~~~~~~[m[K
[01m[K/home/a/uav/src/my_uav/src/internlm_m_node.cpp:18:13:[m[K [01;31m[Kerror: [m[Kno match for ‘[01m[Koperator=[m[K’ (operand types are ‘[01m[Kconst string[m[K’ {aka ‘[01m[Kconst std::__cxx11::basic_string<char>[m[K’} and ‘[01m[Kconst char [418][m[K’)
   18 |   API_KEY = [01;31m[K"eyJ0eXBlIjoiSldUIiwiYWxnIjoiSFM1MTIifQ.eyJqdGkiOiI2NDIwMzg3MCIsInJvbCI6IlJPTEVfUkVHSVNURVIiLCJpc3MiOiJPcGVuWExhYiIsImlhdCI6MTc0MjcwNDE4NiwiY2xpZW50SWQiOiJlYm1ydm9kNnlvMG5semFlazF5cCIsInBob25lIjoiMTc1MzcxODM2ODUiLCJvcGVuSWQiOm51bGwsInV1aWQiOiI1YmYwMzQyOS1kMTQ3LTRkMTktOWZiOC1hZGY5ZDZkMzc0MDciLCJlbWFpbCI6IiIsImV4cCI6MTc1ODI1NjE4Nn0.NClX1xAO9N7lhyAhRT6Li3tsFHuRMjTO5R4P33qg669jT88j65if4hPo6MbdJF_PICPgOmqO98OZ-EShzLr6Lw"[m[K;
      |             [01;31m[K^~~~~~~~~~~~~~~~~~~~~~~~~~~~~~~~~~~~~~~~~~~~~~~~~~~~~~~~~~~~~~~~~~~~~~~~~~~~~~~~~~~~~~~~~~~~~~~~~~~~~~~~~~~~~~~~~~~~~~~~~~~~~~~~~~~~~~~~~~~~~~~~~~~~~~~~~~~~~~~~~~~~~~~~~~~~~~~~~~~~~~~~~~~~~~~~~~~~~~~~~~~~~~~~~~~~~~~~~~~~~~~~~~~~~~~~~~~~~~~~~~~~~~~~~~~~~~~~~~~~~~~~~~~~~~~~~~~~~~~~~~~~~~~~~~~~~~~~~~~~~~~~~~~~~~~~~~~~~~~~~~~~~~~~~~~~~~~~~~~~~~~~~~~~~~~~~~~~~~~~~~~~~~~~~~~~~~~~~~~~~~~~~~~~~~~~~~~~~~~~~~~~~~~~~~~~~~~~~~~[m[K
In file included from [01m[K/usr/include/c++/9/string:55[m[K,
                 from [01m[K/usr/include/c++/9/bits/locale_classes.h:40[m[K,
                 from [01m[K/usr/include/c++/9/bits/ios_base.h:41[m[K,
                 from [01m[K/usr/include/c++/9/ios:42[m[K,
                 from [01m[K/usr/include/c++/9/ostream:38[m[K,
                 from [01m[K/usr/include/c++/9/iostream:39[m[K,
                 from [01m[K/home/a/uav/src/my_uav/src/internlm_m_node.cpp:1[m[K:
[01m[K/usr/include/c++/9/bits/basic_string.h:669:7:[m[K [01;36m[Knote: [m[Kcandidate: ‘[01m[Kstd::__cxx11::basic_string<_CharT, _Traits, _Alloc>& std::__cxx11::basic_string<_CharT, _Traits, _Alloc>::operator=(const std::__cxx11::basic_string<_CharT, _Traits, _Alloc>&) [with _CharT = char; _Traits = std::char_traits<char>; _Alloc = std::allocator<char>][m[K’ <near match>
  669 |       [01;36m[Koperator[m[K=(const basic_string& __str)
      |       [01;36m[K^~~~~~~~[m[K
[01m[K/usr/include/c++/9/bits/basic_string.h:669:7:[m[K [01;36m[Knote: [m[K  passing ‘[01m[Kconst string*[m[K’ {aka ‘[01m[Kconst std::__cxx11::basic_string<char>*[m[K’} as ‘[01m[Kthis[m[K’ argument discards qualifiers
[01m[K/usr/include/c++/9/bits/basic_string.h:708:7:[m[K [01;36m[Knote: [m[Kcandidate: ‘[01m[Kstd::__cxx11::basic_string<_CharT, _Traits, _Alloc>& std::__cxx11::basic_string<_CharT, _Traits, _Alloc>::operator=(const _CharT*) [with _CharT = char; _Traits = std::char_traits<char>; _Alloc = std::allocator<char>][m[K’ <near match>
  708 |       [01;36m[Koperator[m[K=(const _CharT* __s)
      |       [01;36m[K^~~~~~~~[m[K
[01m[K/usr/include/c++/9/bits/basic_string.h:708:7:[m[K [01;36m[Knote: [m[K  passing ‘[01m[Kconst string*[m[K’ {aka ‘[01m[Kconst std::__cxx11::basic_string<char>*[m[K’} as ‘[01m[Kthis[m[K’ argument discards qualifiers
[01m[K/usr/include/c++/9/bits/basic_string.h:719:7:[m[K [01;36m[Knote: [m[Kcandidate: ‘[01m[Kstd::__cxx11::basic_string<_CharT, _Traits, _Alloc>& std::__cxx11::basic_string<_CharT, _Traits, _Alloc>::operator=(_CharT) [with _CharT = char; _Traits = std::char_traits<char>; _Alloc = std::allocator<char>][m[K’ <near match>
  719 |       [01;36m[Koperator[m[K=(_CharT __c)
      |       [01;36m[K^~~~~~~~[m[K
[01m[K/usr/include/c++/9/bits/basic_string.h:719:7:[m[K [01;36m[Knote: [m[K  conversion of argument 1 would be ill-formed:
[01m[K/home/a/uav/src/my_uav/src/internlm_m_node.cpp:18:13:[m[K [01;31m[Kerror: [m[Kinvalid conversion from ‘[01m[Kconst char*[m[K’ to ‘[01m[Kchar[m[K’ [[01;31m[K-fpermissive[m[K]
   18 |   API_KEY = [01;31m[K"eyJ0eXBlIjoiSldUIiwiYWxnIjoiSFM1MTIifQ.eyJqdGkiOiI2NDIwMzg3MCIsInJvbCI6IlJPTEVfUkVHSVNURVIiLCJpc3MiOiJPcGVuWExhYiIsImlhdCI6MTc0MjcwNDE4NiwiY2xpZW50SWQiOiJlYm1ydm9kNnlvMG5semFlazF5cCIsInBob25lIjoiMTc1MzcxODM2ODUiLCJvcGVuSWQiOm51bGwsInV1aWQiOiI1YmYwMzQyOS1kMTQ3LTRkMTktOWZiOC1hZGY5ZDZkMzc0MDciLCJlbWFpbCI6IiIsImV4cCI6MTc1ODI1NjE4Nn0.NClX1xAO9N7lhyAhRT6Li3tsFHuRMjTO5R4P33qg669jT88j65if4hPo6MbdJF_PICPgOmqO98OZ-EShzLr6Lw"[m[K;
      |             [01;31m[K^~~~~~~~~~~~~~~~~~~~~~~~~~~~~~~~~~~~~~~~~~~~~~~~~~~~~~~~~~~~~~~~~~~~~~~~~~~~~~~~~~~~~~~~~~~~~~~~~~~~~~~~~~~~~~~~~~~~~~~~~~~~~~~~~~~~~~~~~~~~~~~~~~~~~~~~~~~~~~~~~~~~~~~~~~~~~~~~~~~~~~~~~~~~~~~~~~~~~~~~~~~~~~~~~~~~~~~~~~~~~~~~~~~~~~~~~~~~~~~~~~~~~~~~~~~~~~~~~~~~~~~~~~~~~~~~~~~~~~~~~~~~~~~~~~~~~~~~~~~~~~~~~~~~~~~~~~~~~~~~~~~~~~~~~~~~~~~~~~~~~~~~~~~~~~~~~~~~~~~~~~~~~~~~~~~~~~~~~~~~~~~~~~~~~~~~~~~~~~~~~~~~~~~~~~~~~~~~~~~[m[K
      |             [01;31m[K|[m[K
      |             [01;31m[Kconst char*[m[K
In file included from [01m[K/usr/include/c++/9/string:55[m[K,
                 from [01m[K/usr/include/c++/9/bits/locale_classes.h:40[m[K,
                 from [01m[K/usr/include/c++/9/bits/ios_base.h:41[m[K,
                 from [01m[K/usr/include/c++/9/ios:42[m[K,
                 from [01m[K/usr/include/c++/9/ostream:38[m[K,
                 from [01m[K/usr/include/c++/9/iostream:39[m[K,
                 from [01m[K/home/a/uav/src/my_uav/src/internlm_m_node.cpp:1[m[K:
[01m[K/usr/include/c++/9/bits/basic_string.h:736:7:[m[K [01;36m[Knote: [m[Kcandidate: ‘[01m[Kstd::__cxx11::basic_string<_CharT, _Traits, _Alloc>& std::__cxx11::basic_string<_CharT, _Traits, _Alloc>::operator=(std::__cxx11::basic_string<_CharT, _Traits, _Alloc>&&) [with _CharT = char; _Traits = std::char_traits<char>; _Alloc = std::allocator<char>][m[K’ <near match>
  736 |       [01;36m[Koperator[m[K=(basic_string&& __str)
      |       [01;36m[K^~~~~~~~[m[K
[01m[K/usr/include/c++/9/bits/basic_string.h:736:7:[m[K [01;36m[Knote: [m[K  passing ‘[01m[Kconst string*[m[K’ {aka ‘[01m[Kconst std::__cxx11::basic_string<char>*[m[K’} as ‘[01m[Kthis[m[K’ argument discards qualifiers
[01m[K/usr/include/c++/9/bits/basic_string.h:799:7:[m[K [01;36m[Knote: [m[Kcandidate: ‘[01m[Kstd::__cxx11::basic_string<_CharT, _Traits, _Alloc>& std::__cxx11::basic_string<_CharT, _Traits, _Alloc>::operator=(std::initializer_list<_Tp>) [with _CharT = char; _Traits = std::char_traits<char>; _Alloc = std::allocator<char>][m[K’
  799 |       [01;36m[Koperator[m[K=(initializer_list<_CharT> __l)
      |       [01;36m[K^~~~~~~~[m[K
[01m[K/usr/include/c++/9/bits/basic_string.h:799:42:[m[K [01;36m[Knote: [m[K  no known conversion for argument 1 from ‘[01m[Kconst char [418][m[K’ to ‘[01m[Kstd::initializer_list<char>[m[K’
  799 |       operator=([01;36m[Kinitializer_list<_CharT> __l[m[K)
      |                 [01;36m[K~~~~~~~~~~~~~~~~~~~~~~~~~^~~[m[K
[01m[K/usr/include/c++/9/bits/basic_string.h:813:8:[m[K [01;36m[Knote: [m[Kcandidate: ‘[01m[Ktemplate<class _Tp> std::__cxx11::basic_string<_CharT, _Traits, _Alloc>::_If_sv<_Tp, std::__cxx11::basic_string<_CharT, _Traits, _Alloc>&> std::__cxx11::basic_string<_CharT, _Traits, _Alloc>::operator=(const _Tp&) [with _Tp = _Tp; _CharT = char; _Traits = std::char_traits<char>; _Alloc = std::allocator<char>][m[K’
  813 |        [01;36m[Koperator[m[K=(const _Tp& __svt)
      |        [01;36m[K^~~~~~~~[m[K
[01m[K/usr/include/c++/9/bits/basic_string.h:813:8:[m[K [01;36m[Knote: [m[K  template argument deduction/substitution failed:
make[2]: *** [CMakeFiles/internlm_m_node.dir/build.make:63：CMakeFiles/internlm_m_node.dir/src/internlm_m_node.cpp.o] 错误 1
make[1]: *** [CMakeFiles/Makefile2:80：CMakeFiles/internlm_m_node.dir/all] 错误 2
make: *** [Makefile:141：all] 错误 2
