[0.018s] Invoking command in '/home/a/uav/build/my_uav': CMAKE_PREFIX_PATH=${CMAKE_PREFIX_PATH}:/opt/ros/galactic /usr/bin/cmake --build /home/a/uav/build/my_uav -- -j2 -l2
[0.045s] -- Found ament_cmake: 1.1.6 (/opt/ros/galactic/share/ament_cmake/cmake)
[0.062s] -- Using PYTHON_EXECUTABLE: /usr/bin/python3
[0.113s] -- Found ament_lint_auto: 0.10.7 (/opt/ros/galactic/share/ament_lint_auto/cmake)
[0.184s] -- Found nlohmann_json: /usr/lib/cmake/nlohmann_json/nlohmann_jsonConfig.cmake (found version "3.7.3") 
[0.184s] -- Found rclcpp: 9.2.2 (/opt/ros/galactic/share/rclcpp/cmake)
[0.207s] -- Using all available rosidl_typesupport_c: rosidl_typesupport_fastrtps_c;rosidl_typesupport_introspection_c
[0.209s] -- Found rosidl_adapter: 2.2.3 (/opt/ros/galactic/share/rosidl_adapter/cmake)
[0.303s] -- Using all available rosidl_typesupport_cpp: rosidl_typesupport_fastrtps_cpp;rosidl_typesupport_introspection_cpp
[0.346s] -- Found rmw_implementation_cmake: 3.3.1 (/opt/ros/galactic/share/rmw_implementation_cmake/cmake)
[0.348s] -- Found rmw_cyclonedds_cpp: 0.22.6 (/opt/ros/galactic/share/rmw_cyclonedds_cpp/cmake)
[0.362s] -- Using RMW implementation 'rmw_cyclonedds_cpp' as default
[0.478s] -- Found sensor_msgs: 2.2.4 (/opt/ros/galactic/share/sensor_msgs/cmake)
[0.584s] -- Added test 'copyright' to check source files copyright and LICENSE
[0.586s] -- Added test 'cppcheck' to perform static code analysis on C / C++ code
[0.586s] -- Configured cppcheck include dirs: 
[0.586s] -- Configured cppcheck exclude dirs and/or files: 
[0.587s] -- Added test 'cpplint' to check C / C++ code against the Google style
[0.588s] -- Configured cpplint exclude dirs and/or files: 
[0.588s] -- Added test 'flake8' to check Python code syntax and style conventions
[0.588s] -- Added test 'lint_cmake' to check CMake code style
[0.589s] -- Added test 'pep257' to check Python code against some of the style conventions in PEP 257
[0.590s] -- Added test 'uncrustify' to check C / C++ code style
[0.590s] -- Configured uncrustify additional arguments: 
[0.591s] -- Added test 'xmllint' to check XML markup files
[0.593s] -- Configuring done
[0.606s] -- Generating done
[0.613s] -- Build files have been written to: /home/a/uav/build/my_uav
[0.680s] [ 50%] Built target uav_control_node
[0.689s] [ 75%] [32mBuilding CXX object CMakeFiles/internlm_m_node.dir/src/internlm_m_node.cpp.o[0m
[3.729s] [01m[K/home/a/uav/src/my_uav/src/internlm_m_node.cpp:[m[K In constructor ‘[01m[KSensorCombinedListener::SensorCombinedListener()[m[K’:
[3.729s] [01m[K/home/a/uav/src/my_uav/src/internlm_m_node.cpp:17:13:[m[K [01;31m[Kerror: [m[Kno match for ‘[01m[Koperator=[m[K’ (operand types are ‘[01m[Kconst string[m[K’ {aka ‘[01m[Kconst std::__cxx11::basic_string<char>[m[K’} and ‘[01m[Kconst char [54][m[K’)
[3.729s]    17 |   API_URL = [01;31m[K"https://chat.intern-ai.org.cn/api/v1/chat/completions"[m[K;
[3.729s]       |             [01;31m[K^~~~~~~~~~~~~~~~~~~~~~~~~~~~~~~~~~~~~~~~~~~~~~~~~~~~~~~[m[K
[3.732s] In file included from [01m[K/usr/include/c++/9/string:55[m[K,
[3.732s]                  from [01m[K/usr/include/c++/9/bits/locale_classes.h:40[m[K,
[3.732s]                  from [01m[K/usr/include/c++/9/bits/ios_base.h:41[m[K,
[3.732s]                  from [01m[K/usr/include/c++/9/ios:42[m[K,
[3.732s]                  from [01m[K/usr/include/c++/9/ostream:38[m[K,
[3.732s]                  from [01m[K/usr/include/c++/9/iostream:39[m[K,
[3.732s]                  from [01m[K/home/a/uav/src/my_uav/src/internlm_m_node.cpp:1[m[K:
[3.732s] [01m[K/usr/include/c++/9/bits/basic_string.h:669:7:[m[K [01;36m[Knote: [m[Kcandidate: ‘[01m[Kstd::__cxx11::basic_string<_CharT, _Traits, _Alloc>& std::__cxx11::basic_string<_CharT, _Traits, _Alloc>::operator=(const std::__cxx11::basic_string<_CharT, _Traits, _Alloc>&) [with _CharT = char; _Traits = std::char_traits<char>; _Alloc = std::allocator<char>][m[K’ <near match>
[3.732s]   669 |       [01;36m[Koperator[m[K=(const basic_string& __str)
[3.732s]       |       [01;36m[K^~~~~~~~[m[K
[3.732s] [01m[K/usr/include/c++/9/bits/basic_string.h:669:7:[m[K [01;36m[Knote: [m[K  passing ‘[01m[Kconst string*[m[K’ {aka ‘[01m[Kconst std::__cxx11::basic_string<char>*[m[K’} as ‘[01m[Kthis[m[K’ argument discards qualifiers
[3.733s] [01m[K/usr/include/c++/9/bits/basic_string.h:708:7:[m[K [01;36m[Knote: [m[Kcandidate: ‘[01m[Kstd::__cxx11::basic_string<_CharT, _Traits, _Alloc>& std::__cxx11::basic_string<_CharT, _Traits, _Alloc>::operator=(const _CharT*) [with _CharT = char; _Traits = std::char_traits<char>; _Alloc = std::allocator<char>][m[K’ <near match>
[3.733s]   708 |       [01;36m[Koperator[m[K=(const _CharT* __s)
[3.733s]       |       [01;36m[K^~~~~~~~[m[K
[3.733s] [01m[K/usr/include/c++/9/bits/basic_string.h:708:7:[m[K [01;36m[Knote: [m[K  passing ‘[01m[Kconst string*[m[K’ {aka ‘[01m[Kconst std::__cxx11::basic_string<char>*[m[K’} as ‘[01m[Kthis[m[K’ argument discards qualifiers
[3.733s] [01m[K/usr/include/c++/9/bits/basic_string.h:719:7:[m[K [01;36m[Knote: [m[Kcandidate: ‘[01m[Kstd::__cxx11::basic_string<_CharT, _Traits, _Alloc>& std::__cxx11::basic_string<_CharT, _Traits, _Alloc>::operator=(_CharT) [with _CharT = char; _Traits = std::char_traits<char>; _Alloc = std::allocator<char>][m[K’ <near match>
[3.733s]   719 |       [01;36m[Koperator[m[K=(_CharT __c)
[3.733s]       |       [01;36m[K^~~~~~~~[m[K
[3.733s] [01m[K/usr/include/c++/9/bits/basic_string.h:719:7:[m[K [01;36m[Knote: [m[K  conversion of argument 1 would be ill-formed:
[3.733s] [01m[K/home/a/uav/src/my_uav/src/internlm_m_node.cpp:17:13:[m[K [01;31m[Kerror: [m[Kinvalid conversion from ‘[01m[Kconst char*[m[K’ to ‘[01m[Kchar[m[K’ [[01;31m[K-fpermissive[m[K]
[3.733s]    17 |   API_URL = [01;31m[K"https://chat.intern-ai.org.cn/api/v1/chat/completions"[m[K;
[3.733s]       |             [01;31m[K^~~~~~~~~~~~~~~~~~~~~~~~~~~~~~~~~~~~~~~~~~~~~~~~~~~~~~~[m[K
[3.733s]       |             [01;31m[K|[m[K
[3.733s]       |             [01;31m[Kconst char*[m[K
[3.733s] In file included from [01m[K/usr/include/c++/9/string:55[m[K,
[3.733s]                  from [01m[K/usr/include/c++/9/bits/locale_classes.h:40[m[K,
[3.733s]                  from [01m[K/usr/include/c++/9/bits/ios_base.h:41[m[K,
[3.733s]                  from [01m[K/usr/include/c++/9/ios:42[m[K,
[3.733s]                  from [01m[K/usr/include/c++/9/ostream:38[m[K,
[3.733s]                  from [01m[K/usr/include/c++/9/iostream:39[m[K,
[3.733s]                  from [01m[K/home/a/uav/src/my_uav/src/internlm_m_node.cpp:1[m[K:
[3.733s] [01m[K/usr/include/c++/9/bits/basic_string.h:736:7:[m[K [01;36m[Knote: [m[Kcandidate: ‘[01m[Kstd::__cxx11::basic_string<_CharT, _Traits, _Alloc>& std::__cxx11::basic_string<_CharT, _Traits, _Alloc>::operator=(std::__cxx11::basic_string<_CharT, _Traits, _Alloc>&&) [with _CharT = char; _Traits = std::char_traits<char>; _Alloc = std::allocator<char>][m[K’ <near match>
[3.733s]   736 |       [01;36m[Koperator[m[K=(basic_string&& __str)
[3.733s]       |       [01;36m[K^~~~~~~~[m[K
[3.733s] [01m[K/usr/include/c++/9/bits/basic_string.h:736:7:[m[K [01;36m[Knote: [m[K  passing ‘[01m[Kconst string*[m[K’ {aka ‘[01m[Kconst std::__cxx11::basic_string<char>*[m[K’} as ‘[01m[Kthis[m[K’ argument discards qualifiers
[3.734s] [01m[K/usr/include/c++/9/bits/basic_string.h:799:7:[m[K [01;36m[Knote: [m[Kcandidate: ‘[01m[Kstd::__cxx11::basic_string<_CharT, _Traits, _Alloc>& std::__cxx11::basic_string<_CharT, _Traits, _Alloc>::operator=(std::initializer_list<_Tp>) [with _CharT = char; _Traits = std::char_traits<char>; _Alloc = std::allocator<char>][m[K’
[3.734s]   799 |       [01;36m[Koperator[m[K=(initializer_list<_CharT> __l)
[3.734s]       |       [01;36m[K^~~~~~~~[m[K
[3.734s] [01m[K/usr/include/c++/9/bits/basic_string.h:799:42:[m[K [01;36m[Knote: [m[K  no known conversion for argument 1 from ‘[01m[Kconst char [54][m[K’ to ‘[01m[Kstd::initializer_list<char>[m[K’
[3.734s]   799 |       operator=([01;36m[Kinitializer_list<_CharT> __l[m[K)
[3.734s]       |                 [01;36m[K~~~~~~~~~~~~~~~~~~~~~~~~~^~~[m[K
[3.734s] [01m[K/usr/include/c++/9/bits/basic_string.h:813:8:[m[K [01;36m[Knote: [m[Kcandidate: ‘[01m[Ktemplate<class _Tp> std::__cxx11::basic_string<_CharT, _Traits, _Alloc>::_If_sv<_Tp, std::__cxx11::basic_string<_CharT, _Traits, _Alloc>&> std::__cxx11::basic_string<_CharT, _Traits, _Alloc>::operator=(const _Tp&) [with _Tp = _Tp; _CharT = char; _Traits = std::char_traits<char>; _Alloc = std::allocator<char>][m[K’
[3.734s]   813 |        [01;36m[Koperator[m[K=(const _Tp& __svt)
[3.734s]       |        [01;36m[K^~~~~~~~[m[K
[3.734s] [01m[K/usr/include/c++/9/bits/basic_string.h:813:8:[m[K [01;36m[Knote: [m[K  template argument deduction/substitution failed:
[3.739s] In file included from [01m[K/usr/include/c++/9/bits/move.h:55[m[K,
[3.739s]                  from [01m[K/usr/include/c++/9/bits/nested_exception.h:40[m[K,
[3.739s]                  from [01m[K/usr/include/c++/9/exception:144[m[K,
[3.739s]                  from [01m[K/usr/include/c++/9/ios:39[m[K,
[3.739s]                  from [01m[K/usr/include/c++/9/ostream:38[m[K,
[3.739s]                  from [01m[K/usr/include/c++/9/iostream:39[m[K,
[3.740s]                  from [01m[K/home/a/uav/src/my_uav/src/internlm_m_node.cpp:1[m[K:
[3.740s] /usr/include/c++/9/type_traits: In substitution of ‘[01m[Ktemplate<bool _Cond, class _Tp> using enable_if_t = typename std::enable_if::type [with bool _Cond = std::integral_constant<bool, false>::value; _Tp = std::__cxx11::basic_string<char>&][m[K’:
[3.740s] [01m[K/usr/include/c++/9/bits/basic_string.h:121:8:[m[K   required by substitution of ‘[01m[Ktemplate<class _CharT, class _Traits, class _Alloc> template<class _Tp, class _Res> using _If_sv = std::enable_if_t<std::__and_<std::is_convertible<const _Tp&, std::basic_string_view<_CharT, _Traits> >, std::__not_<std::is_convertible<const _Tp*, const std::__cxx11::basic_string<_CharT, _Traits, _Alloc>*> >, std::__not_<std::is_convertible<const _Tp&, const _CharT*> > >::value, _Res> [with _Tp = char [54]; _Res = std::__cxx11::basic_string<char>&; _CharT = char; _Traits = std::char_traits<char>; _Alloc = std::allocator<char>][m[K’
[3.740s] [01m[K/usr/include/c++/9/bits/basic_string.h:813:8:[m[K   required by substitution of ‘[01m[Ktemplate<class _Tp> std::__cxx11::basic_string<char>::_If_sv<_Tp, std::__cxx11::basic_string<char>&> std::__cxx11::basic_string<char>::operator=<_Tp>(const _Tp&) [with _Tp = char [54]][m[K’
[3.740s] [01m[K/home/a/uav/src/my_uav/src/internlm_m_node.cpp:17:13:[m[K   required from here
[3.740s] [01m[K/usr/include/c++/9/type_traits:2378:11:[m[K [01;31m[Kerror: [m[Kno type named ‘[01m[Ktype[m[K’ in ‘[01m[Kstruct std::enable_if<false, std::__cxx11::basic_string<char>&>[m[K’
[3.740s]  2378 |     using [01;31m[Kenable_if_t[m[K = typename enable_if<_Cond, _Tp>::type;
[3.740s]       |           [01;31m[K^~~~~~~~~~~[m[K
[3.740s] [01m[K/home/a/uav/src/my_uav/src/internlm_m_node.cpp:18:13:[m[K [01;31m[Kerror: [m[Kno match for ‘[01m[Koperator=[m[K’ (operand types are ‘[01m[Kconst string[m[K’ {aka ‘[01m[Kconst std::__cxx11::basic_string<char>[m[K’} and ‘[01m[Kconst char [418][m[K’)
[3.740s]    18 |   API_KEY = [01;31m[K"eyJ0eXBlIjoiSldUIiwiYWxnIjoiSFM1MTIifQ.eyJqdGkiOiI2NDIwMzg3MCIsInJvbCI6IlJPTEVfUkVHSVNURVIiLCJpc3MiOiJPcGVuWExhYiIsImlhdCI6MTc0MjcwNDE4NiwiY2xpZW50SWQiOiJlYm1ydm9kNnlvMG5semFlazF5cCIsInBob25lIjoiMTc1MzcxODM2ODUiLCJvcGVuSWQiOm51bGwsInV1aWQiOiI1YmYwMzQyOS1kMTQ3LTRkMTktOWZiOC1hZGY5ZDZkMzc0MDciLCJlbWFpbCI6IiIsImV4cCI6MTc1ODI1NjE4Nn0.NClX1xAO9N7lhyAhRT6Li3tsFHuRMjTO5R4P33qg669jT88j65if4hPo6MbdJF_PICPgOmqO98OZ-EShzLr6Lw"[m[K;
[3.741s]       |             [01;31m[K^~~~~~~~~~~~~~~~~~~~~~~~~~~~~~~~~~~~~~~~~~~~~~~~~~~~~~~~~~~~~~~~~~~~~~~~~~~~~~~~~~~~~~~~~~~~~~~~~~~~~~~~~~~~~~~~~~~~~~~~~~~~~~~~~~~~~~~~~~~~~~~~~~~~~~~~~~~~~~~~~~~~~~~~~~~~~~~~~~~~~~~~~~~~~~~~~~~~~~~~~~~~~~~~~~~~~~~~~~~~~~~~~~~~~~~~~~~~~~~~~~~~~~~~~~~~~~~~~~~~~~~~~~~~~~~~~~~~~~~~~~~~~~~~~~~~~~~~~~~~~~~~~~~~~~~~~~~~~~~~~~~~~~~~~~~~~~~~~~~~~~~~~~~~~~~~~~~~~~~~~~~~~~~~~~~~~~~~~~~~~~~~~~~~~~~~~~~~~~~~~~~~~~~~~~~~~~~~~~~[m[K
[3.741s] In file included from [01m[K/usr/include/c++/9/string:55[m[K,
[3.741s]                  from [01m[K/usr/include/c++/9/bits/locale_classes.h:40[m[K,
[3.741s]                  from [01m[K/usr/include/c++/9/bits/ios_base.h:41[m[K,
[3.741s]                  from [01m[K/usr/include/c++/9/ios:42[m[K,
[3.741s]                  from [01m[K/usr/include/c++/9/ostream:38[m[K,
[3.741s]                  from [01m[K/usr/include/c++/9/iostream:39[m[K,
[3.741s]                  from [01m[K/home/a/uav/src/my_uav/src/internlm_m_node.cpp:1[m[K:
[3.741s] [01m[K/usr/include/c++/9/bits/basic_string.h:669:7:[m[K [01;36m[Knote: [m[Kcandidate: ‘[01m[Kstd::__cxx11::basic_string<_CharT, _Traits, _Alloc>& std::__cxx11::basic_string<_CharT, _Traits, _Alloc>::operator=(const std::__cxx11::basic_string<_CharT, _Traits, _Alloc>&) [with _CharT = char; _Traits = std::char_traits<char>; _Alloc = std::allocator<char>][m[K’ <near match>
[3.741s]   669 |       [01;36m[Koperator[m[K=(const basic_string& __str)
[3.741s]       |       [01;36m[K^~~~~~~~[m[K
[3.741s] [01m[K/usr/include/c++/9/bits/basic_string.h:669:7:[m[K [01;36m[Knote: [m[K  passing ‘[01m[Kconst string*[m[K’ {aka ‘[01m[Kconst std::__cxx11::basic_string<char>*[m[K’} as ‘[01m[Kthis[m[K’ argument discards qualifiers
[3.741s] [01m[K/usr/include/c++/9/bits/basic_string.h:708:7:[m[K [01;36m[Knote: [m[Kcandidate: ‘[01m[Kstd::__cxx11::basic_string<_CharT, _Traits, _Alloc>& std::__cxx11::basic_string<_CharT, _Traits, _Alloc>::operator=(const _CharT*) [with _CharT = char; _Traits = std::char_traits<char>; _Alloc = std::allocator<char>][m[K’ <near match>
[3.741s]   708 |       [01;36m[Koperator[m[K=(const _CharT* __s)
[3.741s]       |       [01;36m[K^~~~~~~~[m[K
[3.741s] [01m[K/usr/include/c++/9/bits/basic_string.h:708:7:[m[K [01;36m[Knote: [m[K  passing ‘[01m[Kconst string*[m[K’ {aka ‘[01m[Kconst std::__cxx11::basic_string<char>*[m[K’} as ‘[01m[Kthis[m[K’ argument discards qualifiers
[3.741s] [01m[K/usr/include/c++/9/bits/basic_string.h:719:7:[m[K [01;36m[Knote: [m[Kcandidate: ‘[01m[Kstd::__cxx11::basic_string<_CharT, _Traits, _Alloc>& std::__cxx11::basic_string<_CharT, _Traits, _Alloc>::operator=(_CharT) [with _CharT = char; _Traits = std::char_traits<char>; _Alloc = std::allocator<char>][m[K’ <near match>
[3.741s]   719 |       [01;36m[Koperator[m[K=(_CharT __c)
[3.741s]       |       [01;36m[K^~~~~~~~[m[K
[3.741s] [01m[K/usr/include/c++/9/bits/basic_string.h:719:7:[m[K [01;36m[Knote: [m[K  conversion of argument 1 would be ill-formed:
[3.741s] [01m[K/home/a/uav/src/my_uav/src/internlm_m_node.cpp:18:13:[m[K [01;31m[Kerror: [m[Kinvalid conversion from ‘[01m[Kconst char*[m[K’ to ‘[01m[Kchar[m[K’ [[01;31m[K-fpermissive[m[K]
[3.742s]    18 |   API_KEY = [01;31m[K"eyJ0eXBlIjoiSldUIiwiYWxnIjoiSFM1MTIifQ.eyJqdGkiOiI2NDIwMzg3MCIsInJvbCI6IlJPTEVfUkVHSVNURVIiLCJpc3MiOiJPcGVuWExhYiIsImlhdCI6MTc0MjcwNDE4NiwiY2xpZW50SWQiOiJlYm1ydm9kNnlvMG5semFlazF5cCIsInBob25lIjoiMTc1MzcxODM2ODUiLCJvcGVuSWQiOm51bGwsInV1aWQiOiI1YmYwMzQyOS1kMTQ3LTRkMTktOWZiOC1hZGY5ZDZkMzc0MDciLCJlbWFpbCI6IiIsImV4cCI6MTc1ODI1NjE4Nn0.NClX1xAO9N7lhyAhRT6Li3tsFHuRMjTO5R4P33qg669jT88j65if4hPo6MbdJF_PICPgOmqO98OZ-EShzLr6Lw"[m[K;
[3.742s]       |             [01;31m[K^~~~~~~~~~~~~~~~~~~~~~~~~~~~~~~~~~~~~~~~~~~~~~~~~~~~~~~~~~~~~~~~~~~~~~~~~~~~~~~~~~~~~~~~~~~~~~~~~~~~~~~~~~~~~~~~~~~~~~~~~~~~~~~~~~~~~~~~~~~~~~~~~~~~~~~~~~~~~~~~~~~~~~~~~~~~~~~~~~~~~~~~~~~~~~~~~~~~~~~~~~~~~~~~~~~~~~~~~~~~~~~~~~~~~~~~~~~~~~~~~~~~~~~~~~~~~~~~~~~~~~~~~~~~~~~~~~~~~~~~~~~~~~~~~~~~~~~~~~~~~~~~~~~~~~~~~~~~~~~~~~~~~~~~~~~~~~~~~~~~~~~~~~~~~~~~~~~~~~~~~~~~~~~~~~~~~~~~~~~~~~~~~~~~~~~~~~~~~~~~~~~~~~~~~~~~~~~~~~~[m[K
[3.742s]       |             [01;31m[K|[m[K
[3.742s]       |             [01;31m[Kconst char*[m[K
[3.742s] In file included from [01m[K/usr/include/c++/9/string:55[m[K,
[3.742s]                  from [01m[K/usr/include/c++/9/bits/locale_classes.h:40[m[K,
[3.742s]                  from [01m[K/usr/include/c++/9/bits/ios_base.h:41[m[K,
[3.742s]                  from [01m[K/usr/include/c++/9/ios:42[m[K,
[3.742s]                  from [01m[K/usr/include/c++/9/ostream:38[m[K,
[3.742s]                  from [01m[K/usr/include/c++/9/iostream:39[m[K,
[3.742s]                  from [01m[K/home/a/uav/src/my_uav/src/internlm_m_node.cpp:1[m[K:
[3.742s] [01m[K/usr/include/c++/9/bits/basic_string.h:736:7:[m[K [01;36m[Knote: [m[Kcandidate: ‘[01m[Kstd::__cxx11::basic_string<_CharT, _Traits, _Alloc>& std::__cxx11::basic_string<_CharT, _Traits, _Alloc>::operator=(std::__cxx11::basic_string<_CharT, _Traits, _Alloc>&&) [with _CharT = char; _Traits = std::char_traits<char>; _Alloc = std::allocator<char>][m[K’ <near match>
[3.742s]   736 |       [01;36m[Koperator[m[K=(basic_string&& __str)
[3.742s]       |       [01;36m[K^~~~~~~~[m[K
[3.742s] [01m[K/usr/include/c++/9/bits/basic_string.h:736:7:[m[K [01;36m[Knote: [m[K  passing ‘[01m[Kconst string*[m[K’ {aka ‘[01m[Kconst std::__cxx11::basic_string<char>*[m[K’} as ‘[01m[Kthis[m[K’ argument discards qualifiers
[3.742s] [01m[K/usr/include/c++/9/bits/basic_string.h:799:7:[m[K [01;36m[Knote: [m[Kcandidate: ‘[01m[Kstd::__cxx11::basic_string<_CharT, _Traits, _Alloc>& std::__cxx11::basic_string<_CharT, _Traits, _Alloc>::operator=(std::initializer_list<_Tp>) [with _CharT = char; _Traits = std::char_traits<char>; _Alloc = std::allocator<char>][m[K’
[3.743s]   799 |       [01;36m[Koperator[m[K=(initializer_list<_CharT> __l)
[3.743s]       |       [01;36m[K^~~~~~~~[m[K
[3.743s] [01m[K/usr/include/c++/9/bits/basic_string.h:799:42:[m[K [01;36m[Knote: [m[K  no known conversion for argument 1 from ‘[01m[Kconst char [418][m[K’ to ‘[01m[Kstd::initializer_list<char>[m[K’
[3.743s]   799 |       operator=([01;36m[Kinitializer_list<_CharT> __l[m[K)
[3.743s]       |                 [01;36m[K~~~~~~~~~~~~~~~~~~~~~~~~~^~~[m[K
[3.743s] [01m[K/usr/include/c++/9/bits/basic_string.h:813:8:[m[K [01;36m[Knote: [m[Kcandidate: ‘[01m[Ktemplate<class _Tp> std::__cxx11::basic_string<_CharT, _Traits, _Alloc>::_If_sv<_Tp, std::__cxx11::basic_string<_CharT, _Traits, _Alloc>&> std::__cxx11::basic_string<_CharT, _Traits, _Alloc>::operator=(const _Tp&) [with _Tp = _Tp; _CharT = char; _Traits = std::char_traits<char>; _Alloc = std::allocator<char>][m[K’
[3.743s]   813 |        [01;36m[Koperator[m[K=(const _Tp& __svt)
[3.743s]       |        [01;36m[K^~~~~~~~[m[K
[3.743s] [01m[K/usr/include/c++/9/bits/basic_string.h:813:8:[m[K [01;36m[Knote: [m[K  template argument deduction/substitution failed:
[6.159s] make[2]: *** [CMakeFiles/internlm_m_node.dir/build.make:63：CMakeFiles/internlm_m_node.dir/src/internlm_m_node.cpp.o] 错误 1
[6.159s] make[1]: *** [CMakeFiles/Makefile2:80：CMakeFiles/internlm_m_node.dir/all] 错误 2
[6.159s] make: *** [Makefile:141：all] 错误 2
[6.163s] Invoked command in '/home/a/uav/build/my_uav' returned '2': CMAKE_PREFIX_PATH=${CMAKE_PREFIX_PATH}:/opt/ros/galactic /usr/bin/cmake --build /home/a/uav/build/my_uav -- -j2 -l2
