[0.032s] Invoking command in '/home/a/ros2_ws/build/px4_ros_com': CMAKE_PREFIX_PATH=/home/a/ros2_ws/install/px4_msgs:/home/a/ros2_ws/install/px4_ros_com:/home/a/ros2_ws/install/my_uav:/opt/ros/galactic LD_LIBRARY_PATH=/home/a/ros2_ws/install/px4_msgs/lib:/home/a/ros2_ws/install/px4_ros_com/lib:/usr/lib/x86_64-linux-gnu/gazebo-11/plugins:/opt/ros/galactic/opt/yaml_cpp_vendor/lib:/opt/ros/galactic/opt/rviz_ogre_vendor/lib:/opt/ros/galactic/lib/x86_64-linux-gnu:/opt/ros/galactic/lib:/home/a/PX4-Autopilot/build/px4_sitl_default/build_gazebo-classic /usr/bin/cmake --build /home/a/ros2_ws/build/px4_ros_com -- -j2 -l2
[0.151s] [  5%] Built target my_uav_node
[0.155s] [ 11%] Built target offboard_control_mode
[0.212s] [ 17%] Built target commander
[0.212s] [ 23%] Built target arm
[0.277s] [ 29%] Built target rates_setpoint
[0.292s] [ 35%] Built target offboard_position_control
[0.323s] [ 41%] Built target frame_transforms
[0.348s] [ 47%] Built target sensor_combined_listener
[0.386s] [ 52%] Built target vehicle_gps_position_listener
[0.419s] [ 58%] Built target debug_vect_advertiser
[0.438s] [ 64%] Built target point
[0.476s] [ 70%] Built target trajectory_setpoint
[0.503s] [ 76%] Built target vel_yaw
[0.537s] [ 82%] Built target vehicle_attitude_listener
[0.566s] [35m[1mScanning dependencies of target offboard_control[0m
[0.581s] [ 88%] Built target vehicle_status
[0.615s] [ 91%] [32mBuilding CXX object CMakeFiles/offboard_control.dir/src/examples/offboard/offboard_control.cpp.o[0m
[0.643s] [ 97%] Built target param_test
[4.589s] [01m[K/home/a/ros2_ws/src/px4_ros_com/src/examples/offboard/offboard_control.cpp:151:6:[m[K [01;31m[Kerror: [m[K‘[01m[KPoint[m[K’ has not been declared
[4.589s]   151 | void [01;31m[KPoint[m[K::publish_trajectory_setpoint2(float x,float y,float z)
[4.589s]       |      [01;31m[K^~~~~[m[K
[4.589s] [01m[K/home/a/ros2_ws/src/px4_ros_com/src/examples/offboard/offboard_control.cpp:[m[K In function ‘[01m[Kvoid publish_trajectory_setpoint2(float, float, float)[m[K’:
[4.589s] [01m[K/home/a/ros2_ws/src/px4_ros_com/src/examples/offboard/offboard_control.cpp:157:18:[m[K [01;31m[Kerror: [m[Kinvalid use of ‘[01m[Kthis[m[K’ in non-member function
[4.590s]   157 |  msg.timestamp = [01;31m[Kthis[m[K->get_clock()->now().nanoseconds() / 1000;
[4.590s]       |                  [01;31m[K^~~~[m[K
[4.599s] [01m[K/home/a/ros2_ws/src/px4_ros_com/src/examples/offboard/offboard_control.cpp:158:2:[m[K [01;31m[Kerror: [m[K‘[01m[Ktrajectory_setpoint_publisher_[m[K’ was not declared in this scope
[4.599s]   158 |  [01;31m[Ktrajectory_setpoint_publisher_[m[K->publish(msg);
[4.599s]       |  [01;31m[K^~~~~~~~~~~~~~~~~~~~~~~~~~~~~~[m[K
[9.462s] make[2]: *** [CMakeFiles/offboard_control.dir/build.make:63：CMakeFiles/offboard_control.dir/src/examples/offboard/offboard_control.cpp.o] 错误 1
[9.464s] make[1]: *** [CMakeFiles/Makefile2:569：CMakeFiles/offboard_control.dir/all] 错误 2
[9.465s] make: *** [Makefile:141：all] 错误 2
[9.472s] Invoked command in '/home/a/ros2_ws/build/px4_ros_com' returned '2': CMAKE_PREFIX_PATH=/home/a/ros2_ws/install/px4_msgs:/home/a/ros2_ws/install/px4_ros_com:/home/a/ros2_ws/install/my_uav:/opt/ros/galactic LD_LIBRARY_PATH=/home/a/ros2_ws/install/px4_msgs/lib:/home/a/ros2_ws/install/px4_ros_com/lib:/usr/lib/x86_64-linux-gnu/gazebo-11/plugins:/opt/ros/galactic/opt/yaml_cpp_vendor/lib:/opt/ros/galactic/opt/rviz_ogre_vendor/lib:/opt/ros/galactic/lib/x86_64-linux-gnu:/opt/ros/galactic/lib:/home/a/PX4-Autopilot/build/px4_sitl_default/build_gazebo-classic /usr/bin/cmake --build /home/a/ros2_ws/build/px4_ros_com -- -j2 -l2
