[  7%] Built target my_uav_node
[ 14%] Built target offboard_control_mode
[ 21%] Built target commander
[ 28%] Built target frame_transforms
[35m[1mScanning dependencies of target arm[0m
[ 35%] Built target offboard_control
[ 39%] [32mBuilding CXX object CMakeFiles/arm.dir/src/examples/offboard/arm.cpp.o[0m
[ 46%] Built target sensor_combined_listener
[ 53%] Built target vehicle_gps_position_listener
[ 60%] Built target debug_vect_advertiser
[35m[1mScanning dependencies of target trajectory_setpoint[0m
[ 64%] [32mBuilding CXX object CMakeFiles/trajectory_setpoint.dir/src/examples/offboard/trajectory_setpoint.cpp.o[0m
[ 67%] [32m[1mLinking CXX executable trajectory_setpoint[0m
[ 67%] Built target trajectory_setpoint
[35m[1mScanning dependencies of target vel_yaw[0m
[ 71%] [32mBuilding CXX object CMakeFiles/vel_yaw.dir/src/examples/offboard/vel_yaw.cpp.o[0m
[ 75%] [32m[1mLinking CXX executable vel_yaw[0m
[ 78%] [32m[1mLinking CXX executable arm[0m
[ 78%] Built target vel_yaw
[ 85%] Built target vehicle_attitude_listener
[35m[1mScanning dependencies of target rates_setpoint[0m
[ 89%] [32mBuilding CXX object CMakeFiles/rates_setpoint.dir/src/examples/offboard/rates_setpoint.cpp.o[0m
[ 89%] Built target arm
[35m[1mScanning dependencies of target offboard_position_control[0m
[ 92%] [32mBuilding CXX object CMakeFiles/offboard_position_control.dir/src/examples/offboard/offboard_position_control.cpp.o[0m
[ 96%] [32m[1mLinking CXX executable rates_setpoint[0m
[ 96%] Built target rates_setpoint
