[0.015s] Invoking command in '/home/a/ros2_ws/build/px4_ros_com': CMAKE_PREFIX_PATH=/home/a/ros2_ws/install/px4_msgs:/home/a/ros2_ws/install/px4_ros_com:/home/a/ros2_ws/install/my_uav:/opt/ros/galactic LD_LIBRARY_PATH=/home/a/ros2_ws/install/px4_msgs/lib:/home/a/ros2_ws/install/px4_ros_com/lib:/usr/lib/x86_64-linux-gnu/gazebo-11/plugins:/opt/ros/galactic/opt/yaml_cpp_vendor/lib:/opt/ros/galactic/opt/rviz_ogre_vendor/lib:/opt/ros/galactic/lib/x86_64-linux-gnu:/opt/ros/galactic/lib:/home/a/PX4-Autopilot/build/px4_sitl_default/build_gazebo-classic /usr/bin/cmake --build /home/a/ros2_ws/build/px4_ros_com -- -j2 -l2
[0.075s] [  7%] Built target my_uav_node
[0.079s] [ 14%] Built target offboard_control_mode
[0.102s] [ 21%] Built target commander
[0.103s] [ 28%] Built target frame_transforms
[0.118s] [35m[1mScanning dependencies of target arm[0m
[0.136s] [ 35%] Built target offboard_control
[0.146s] [ 39%] [32mBuilding CXX object CMakeFiles/arm.dir/src/examples/offboard/arm.cpp.o[0m
[0.167s] [ 46%] Built target sensor_combined_listener
[0.196s] [ 53%] Built target vehicle_gps_position_listener
[0.231s] [ 60%] Built target debug_vect_advertiser
[0.244s] [35m[1mScanning dependencies of target trajectory_setpoint[0m
[0.275s] [ 64%] [32mBuilding CXX object CMakeFiles/trajectory_setpoint.dir/src/examples/offboard/trajectory_setpoint.cpp.o[0m
[8.034s] [ 67%] [32m[1mLinking CXX executable trajectory_setpoint[0m
[8.186s] [ 67%] Built target trajectory_setpoint
[8.200s] [35m[1mScanning dependencies of target vel_yaw[0m
[8.232s] [ 71%] [32mBuilding CXX object CMakeFiles/vel_yaw.dir/src/examples/offboard/vel_yaw.cpp.o[0m
[17.637s] [ 75%] [32m[1mLinking CXX executable vel_yaw[0m
[17.657s] [ 78%] [32m[1mLinking CXX executable arm[0m
[17.832s] [ 78%] Built target vel_yaw
[17.864s] [ 85%] Built target vehicle_attitude_listener
[17.878s] [35m[1mScanning dependencies of target rates_setpoint[0m
[17.912s] [ 89%] [32mBuilding CXX object CMakeFiles/rates_setpoint.dir/src/examples/offboard/rates_setpoint.cpp.o[0m
[17.919s] [ 89%] Built target arm
[17.936s] [35m[1mScanning dependencies of target offboard_position_control[0m
[17.973s] [ 92%] [32mBuilding CXX object CMakeFiles/offboard_position_control.dir/src/examples/offboard/offboard_position_control.cpp.o[0m
[20.165s] [01m[K/home/a/ros2_ws/src/px4_ros_com/src/examples/offboard/offboard_position_control.cpp:[m[K In member function ‘[01m[Kvoid OffboardControl::publish_vehicle_command(uint16_t, float, float)[m[K’:
[20.165s] [01m[K/home/a/ros2_ws/src/px4_ros_com/src/examples/offboard/offboard_position_control.cpp:237:38:[m[K [01;31m[Kerror: [m[K‘[01m[KVehicleStatus[m[K’ is not a member of ‘[01m[Kpx4_msgs::msg[m[K’
[20.165s]   237 |  rclcpp::Subscription<px4_msgs::msg::[01;31m[KVehicleStatus[m[K>::SharedPtr subscription_;
[20.165s]       |                                      [01;31m[K^~~~~~~~~~~~~[m[K
[20.165s] [01m[K/home/a/ros2_ws/src/px4_ros_com/src/examples/offboard/offboard_position_control.cpp:237:51:[m[K [01;31m[Kerror: [m[Ktemplate argument 1 is invalid
[20.166s]   237 |  rclcpp::Subscription<px4_msgs::msg::VehicleStatus[01;31m[K>[m[K::SharedPtr subscription_;
[20.166s]       |                                                   [01;31m[K^[m[K
[20.166s] [01m[K/home/a/ros2_ws/src/px4_ros_com/src/examples/offboard/offboard_position_control.cpp:237:51:[m[K [01;31m[Kerror: [m[Ktemplate argument 3 is invalid
[20.166s] [01m[K/home/a/ros2_ws/src/px4_ros_com/src/examples/offboard/offboard_position_control.cpp:237:64:[m[K [01;31m[Kerror: [m[Kexpected initializer before ‘[01m[Ksubscription_[m[K’
[20.166s]   237 |  rclcpp::Subscription<px4_msgs::msg::VehicleStatus>::SharedPtr [01;31m[Ksubscription_[m[K;
[20.166s]       |                                                                [01;31m[K^~~~~~~~~~~~~[m[K
[20.169s] [01m[K/home/a/ros2_ws/src/px4_ros_com/src/examples/offboard/offboard_position_control.cpp:241:2:[m[K [01;31m[Kerror: [m[K‘[01m[Ksubscription_[m[K’ was not declared in this scope; did you mean ‘[01m[Krcl_subscription_t[m[K’?
[20.169s]   241 |  [01;31m[Ksubscription_[m[K = this->create_subscription<px4_msgs::msg::VehicleStatus>(VehicleStatus_topic, qos,
[20.169s]       |  [01;31m[K^~~~~~~~~~~~~[m[K
[20.169s]       |  [32m[Krcl_subscription_t[m[K
[20.170s] [01m[K/home/a/ros2_ws/src/px4_ros_com/src/examples/offboard/offboard_position_control.cpp:241:59:[m[K [01;31m[Kerror: [m[K‘[01m[KVehicleStatus[m[K’ is not a member of ‘[01m[Kpx4_msgs::msg[m[K’
[20.170s]   241 |  subscription_ = this->create_subscription<px4_msgs::msg::[01;31m[KVehicleStatus[m[K>(VehicleStatus_topic, qos,
[20.170s]       |                                                           [01;31m[K^~~~~~~~~~~~~[m[K
[20.171s] [01m[K/home/a/ros2_ws/src/px4_ros_com/src/examples/offboard/offboard_position_control.cpp:242:36:[m[K [01;31m[Kerror: [m[K‘[01m[KVehicleStatus[m[K’ in namespace ‘[01m[Kpx4_msgs::msg[m[K’ does not name a type
[20.171s]   242 |  [this, &msg](const px4_msgs::msg::[01;31m[KVehicleStatus[m[K::UniquePtr msg2) {
[20.171s]       |                                    [01;31m[K^~~~~~~~~~~~~[m[K
[20.171s] [01m[K/home/a/ros2_ws/src/px4_ros_com/src/examples/offboard/offboard_position_control.cpp:[m[K In lambda function:
[20.171s] [01m[K/home/a/ros2_ws/src/px4_ros_com/src/examples/offboard/offboard_position_control.cpp:247:4:[m[K [01;31m[Kerror: [m[Kexpected ‘[01m[K{[m[K’ before ‘[01m[K;[m[K’ token
[20.171s]   247 |  })[01;31m[K;[m[K
[20.171s]       |    [01;31m[K^[m[K
[20.171s] [01m[K/home/a/ros2_ws/src/px4_ros_com/src/examples/offboard/offboard_position_control.cpp:[m[K In member function ‘[01m[Kvoid OffboardControl::publish_vehicle_command(uint16_t, float, float)[m[K’:
[20.171s] [01m[K/home/a/ros2_ws/src/px4_ros_com/src/examples/offboard/offboard_position_control.cpp:247:4:[m[K [01;31m[Kerror: [m[Kexpected ‘[01m[K)[m[K’ before ‘[01m[K;[m[K’ token
[20.171s]   247 |  })[01;31m[K;[m[K
[20.172s]       |    [01;31m[K^[m[K
[20.172s]       |    [32m[K)[m[K
[20.172s] [01m[K/home/a/ros2_ws/src/px4_ros_com/src/examples/offboard/offboard_position_control.cpp:241:73:[m[K [01;36m[Knote: [m[Kto match this ‘[01m[K([m[K’
[20.172s]   241 |  subscription_ = this->create_subscription<px4_msgs::msg::VehicleStatus>[01;36m[K([m[KVehicleStatus_topic, qos,
[20.172s]       |                                                                         [01;36m[K^[m[K
[21.837s] make[2]: *** [CMakeFiles/offboard_position_control.dir/build.make:63：CMakeFiles/offboard_position_control.dir/src/examples/offboard/offboard_position_control.cpp.o] 错误 1
[21.839s] make[1]: *** [CMakeFiles/Makefile2:509：CMakeFiles/offboard_position_control.dir/all] 错误 2
[21.839s] make[1]: *** 正在等待未完成的任务....
[25.239s] [ 96%] [32m[1mLinking CXX executable rates_setpoint[0m
[25.378s] [ 96%] Built target rates_setpoint
[25.379s] make: *** [Makefile:141：all] 错误 2
[25.381s] Invoked command in '/home/a/ros2_ws/build/px4_ros_com' returned '2': CMAKE_PREFIX_PATH=/home/a/ros2_ws/install/px4_msgs:/home/a/ros2_ws/install/px4_ros_com:/home/a/ros2_ws/install/my_uav:/opt/ros/galactic LD_LIBRARY_PATH=/home/a/ros2_ws/install/px4_msgs/lib:/home/a/ros2_ws/install/px4_ros_com/lib:/usr/lib/x86_64-linux-gnu/gazebo-11/plugins:/opt/ros/galactic/opt/yaml_cpp_vendor/lib:/opt/ros/galactic/opt/rviz_ogre_vendor/lib:/opt/ros/galactic/lib/x86_64-linux-gnu:/opt/ros/galactic/lib:/home/a/PX4-Autopilot/build/px4_sitl_default/build_gazebo-classic /usr/bin/cmake --build /home/a/ros2_ws/build/px4_ros_com -- -j2 -l2
