[0.047s] Invoking command in '/home/a/ros2_ws/build/px4_ros_com': CMAKE_PREFIX_PATH=/home/a/ros2_ws/install/px4_msgs:/home/a/ros2_ws/install/my_msg:/home/a/ros2_ws/install/px4_ros_com:/home/a/ros2_ws/install/my_uav:/opt/ros/galactic LD_LIBRARY_PATH=/home/a/ros2_ws/install/px4_msgs/lib:/home/a/ros2_ws/install/my_msg/lib:/home/a/ros2_ws/install/px4_ros_com/lib:/usr/lib/x86_64-linux-gnu/gazebo-11/plugins:/opt/ros/galactic/opt/yaml_cpp_vendor/lib:/opt/ros/galactic/opt/rviz_ogre_vendor/lib:/opt/ros/galactic/lib/x86_64-linux-gnu:/opt/ros/galactic/lib:/home/a/PX4-Autopilot/build/px4_sitl_default/build_gazebo-classic PYTHONPATH=/home/a/ros2_ws/install/px4_msgs/lib/python3.8/site-packages:/home/a/ros2_ws/install/my_msg/lib/python3.8/site-packages:/opt/ros/galactic/lib/python3.8/site-packages /usr/bin/cmake --build /home/a/ros2_ws/build/px4_ros_com -- -j2 -l2
[0.192s] [  5%] Built target offboard_control_mode
[0.279s] [ 10%] Built target my_uav_node
[0.335s] [ 15%] Built target commander
[0.382s] [ 20%] Built target arm
[0.507s] [ 25%] Built target offboard_position_control
[0.566s] [ 30%] Built target rates_setpoint
[0.668s] [ 35%] Built target vel_yaw
[0.736s] [ 40%] Built target trajectory_setpoint
[0.791s] [35m[1mScanning dependencies of target start[0m
[0.849s] [ 45%] Built target sensor_combined_listener
[0.932s] [ 47%] [32mBuilding CXX object CMakeFiles/start.dir/src/examples/offboard/start.cpp.o[0m
[0.936s] [ 52%] Built target vehicle_gps_position_listener
[1.044s] [ 57%] Built target debug_vect_advertiser
[1.131s] [ 62%] Built target point
[1.234s] [ 67%] Built target vehicle_attitude_listener
[1.355s] [ 72%] Built target vehicle_status
[1.587s] [ 77%] Built target offboard_control
[1.685s] [ 82%] Built target param_test
[1.774s] [ 87%] Built target msgsub_test
[1.838s] [ 92%] Built target frame_transforms
[1.892s] [ 97%] Built target param_chang
[43.830s] [100%] [32m[1mLinking CXX executable start[0m
[44.684s] [100%] Built target start
[44.736s] Invoked command in '/home/a/ros2_ws/build/px4_ros_com' returned '0': CMAKE_PREFIX_PATH=/home/a/ros2_ws/install/px4_msgs:/home/a/ros2_ws/install/my_msg:/home/a/ros2_ws/install/px4_ros_com:/home/a/ros2_ws/install/my_uav:/opt/ros/galactic LD_LIBRARY_PATH=/home/a/ros2_ws/install/px4_msgs/lib:/home/a/ros2_ws/install/my_msg/lib:/home/a/ros2_ws/install/px4_ros_com/lib:/usr/lib/x86_64-linux-gnu/gazebo-11/plugins:/opt/ros/galactic/opt/yaml_cpp_vendor/lib:/opt/ros/galactic/opt/rviz_ogre_vendor/lib:/opt/ros/galactic/lib/x86_64-linux-gnu:/opt/ros/galactic/lib:/home/a/PX4-Autopilot/build/px4_sitl_default/build_gazebo-classic PYTHONPATH=/home/a/ros2_ws/install/px4_msgs/lib/python3.8/site-packages:/home/a/ros2_ws/install/my_msg/lib/python3.8/site-packages:/opt/ros/galactic/lib/python3.8/site-packages /usr/bin/cmake --build /home/a/ros2_ws/build/px4_ros_com -- -j2 -l2
[44.795s] Invoking command in '/home/a/ros2_ws/build/px4_ros_com': CMAKE_PREFIX_PATH=/home/a/ros2_ws/install/px4_msgs:/home/a/ros2_ws/install/my_msg:/home/a/ros2_ws/install/px4_ros_com:/home/a/ros2_ws/install/my_uav:/opt/ros/galactic LD_LIBRARY_PATH=/home/a/ros2_ws/install/px4_msgs/lib:/home/a/ros2_ws/install/my_msg/lib:/home/a/ros2_ws/install/px4_ros_com/lib:/usr/lib/x86_64-linux-gnu/gazebo-11/plugins:/opt/ros/galactic/opt/yaml_cpp_vendor/lib:/opt/ros/galactic/opt/rviz_ogre_vendor/lib:/opt/ros/galactic/lib/x86_64-linux-gnu:/opt/ros/galactic/lib:/home/a/PX4-Autopilot/build/px4_sitl_default/build_gazebo-classic PYTHONPATH=/home/a/ros2_ws/install/px4_msgs/lib/python3.8/site-packages:/home/a/ros2_ws/install/my_msg/lib/python3.8/site-packages:/opt/ros/galactic/lib/python3.8/site-packages /usr/bin/cmake --install /home/a/ros2_ws/build/px4_ros_com
[44.830s] -- Install configuration: "RELWITHDEBINFO"
[44.833s] -- Execute custom install script
[44.847s] -- Up-to-date symlink: /home/a/ros2_ws/install/px4_ros_com/lib/px4_ros_com/sensor_combined_listener
[44.851s] -- Up-to-date symlink: /home/a/ros2_ws/install/px4_ros_com/lib/px4_ros_com/vehicle_gps_position_listener
[44.858s] -- Up-to-date symlink: /home/a/ros2_ws/install/px4_ros_com/lib/px4_ros_com/vehicle_attitude_listener
[44.867s] -- Up-to-date symlink: /home/a/ros2_ws/install/px4_ros_com/lib/px4_ros_com/vehicle_status
[44.875s] -- Up-to-date symlink: /home/a/ros2_ws/install/px4_ros_com/lib/px4_ros_com/debug_vect_advertiser
[44.879s] -- Up-to-date symlink: /home/a/ros2_ws/install/px4_ros_com/lib/px4_ros_com/offboard_control
[44.879s] -- Up-to-date symlink: /home/a/ros2_ws/install/px4_ros_com/lib/px4_ros_com/point
[44.880s] -- Up-to-date symlink: /home/a/ros2_ws/install/px4_ros_com/lib/px4_ros_com/param_test
[44.882s] -- Up-to-date symlink: /home/a/ros2_ws/install/px4_ros_com/lib/px4_ros_com/msgsub_test
[44.885s] -- Up-to-date symlink: /home/a/ros2_ws/install/px4_ros_com/lib/px4_ros_com/param_chang
[44.888s] -- Up-to-date symlink: /home/a/ros2_ws/install/px4_ros_com/lib/px4_ros_com/start
[44.890s] -- Up-to-date symlink: /home/a/ros2_ws/install/px4_ros_com/lib/px4_ros_com/trajectory_setpoint
[44.893s] -- Up-to-date symlink: /home/a/ros2_ws/install/px4_ros_com/lib/px4_ros_com/vel_yaw
[44.895s] -- Up-to-date symlink: /home/a/ros2_ws/install/px4_ros_com/lib/px4_ros_com/rates_setpoint
[44.896s] -- Up-to-date symlink: /home/a/ros2_ws/install/px4_ros_com/lib/px4_ros_com/offboard_position_control
[44.898s] -- Up-to-date symlink: /home/a/ros2_ws/install/px4_ros_com/lib/px4_ros_com/arm
[44.901s] -- Up-to-date symlink: /home/a/ros2_ws/install/px4_ros_com/lib/px4_ros_com/commander
[44.902s] -- Up-to-date symlink: /home/a/ros2_ws/install/px4_ros_com/lib/px4_ros_com/offboard_control_mode
[44.905s] -- Up-to-date symlink: /home/a/ros2_ws/install/px4_ros_com/lib/px4_ros_com/my_uav_node
[44.910s] -- Up-to-date symlink: /home/a/ros2_ws/install/px4_ros_com/share/px4_ros_com/environment/library_path.sh
[44.912s] -- Up-to-date symlink: /home/a/ros2_ws/install/px4_ros_com/share/px4_ros_com/environment/library_path.dsv
[44.916s] -- Up-to-date symlink: /home/a/ros2_ws/install/px4_ros_com/include/px4_ros_com/frame_transforms.h
[44.925s] -- Up-to-date symlink: /home/a/ros2_ws/install/px4_ros_com/share/px4_ros_com//launch/all_launch.py
[44.929s] -- Up-to-date symlink: /home/a/ros2_ws/install/px4_ros_com/share/px4_ros_com//launch/all_launch.xml
[44.929s] -- Up-to-date symlink: /home/a/ros2_ws/install/px4_ros_com/share/px4_ros_com//launch/offboard_control_launch.yaml
[44.929s] -- Up-to-date symlink: /home/a/ros2_ws/install/px4_ros_com/share/px4_ros_com//launch/sensor_combined_listener.launch.py
[44.929s] -- Up-to-date symlink: /home/a/ros2_ws/install/px4_ros_com/share/px4_ros_com//launch/vehicle_attitude_listener.launch.py
[44.935s] -- Up-to-date symlink: /home/a/ros2_ws/install/px4_ros_com/share/px4_ros_com//test/__init__.py
[44.935s] -- Up-to-date symlink: /home/a/ros2_ws/install/px4_ros_com/share/px4_ros_com//test/pipeline_io_test.py
[44.936s] -- Up-to-date symlink: /home/a/ros2_ws/install/px4_ros_com/share/px4_ros_com//test/test_input.py
[44.936s] -- Up-to-date symlink: /home/a/ros2_ws/install/px4_ros_com/share/px4_ros_com//test/test_output.py
[44.946s] -- Up-to-date symlink: /home/a/ros2_ws/install/px4_ros_com/share/ament_index/resource_index/package_run_dependencies/px4_ros_com
[44.947s] -- Up-to-date symlink: /home/a/ros2_ws/install/px4_ros_com/share/ament_index/resource_index/parent_prefix_path/px4_ros_com
[44.950s] -- Up-to-date symlink: /home/a/ros2_ws/install/px4_ros_com/share/px4_ros_com/environment/ament_prefix_path.sh
[44.952s] -- Up-to-date symlink: /home/a/ros2_ws/install/px4_ros_com/share/px4_ros_com/environment/ament_prefix_path.dsv
[44.954s] -- Up-to-date symlink: /home/a/ros2_ws/install/px4_ros_com/share/px4_ros_com/environment/path.sh
[44.954s] -- Up-to-date symlink: /home/a/ros2_ws/install/px4_ros_com/share/px4_ros_com/environment/path.dsv
[44.955s] -- Up-to-date symlink: /home/a/ros2_ws/install/px4_ros_com/share/px4_ros_com/local_setup.bash
[44.966s] -- Up-to-date symlink: /home/a/ros2_ws/install/px4_ros_com/share/px4_ros_com/local_setup.sh
[44.968s] -- Up-to-date symlink: /home/a/ros2_ws/install/px4_ros_com/share/px4_ros_com/local_setup.zsh
[44.968s] -- Up-to-date symlink: /home/a/ros2_ws/install/px4_ros_com/share/px4_ros_com/local_setup.dsv
[44.974s] -- Symlinking: /home/a/ros2_ws/install/px4_ros_com/share/px4_ros_com/package.dsv
[45.034s] -- Up-to-date symlink: /home/a/ros2_ws/install/px4_ros_com/share/ament_index/resource_index/packages/px4_ros_com
[45.036s] -- Up-to-date symlink: /home/a/ros2_ws/install/px4_ros_com/share/px4_ros_com/cmake/ament_cmake_export_dependencies-extras.cmake
[45.037s] -- Up-to-date symlink: /home/a/ros2_ws/install/px4_ros_com/share/px4_ros_com/cmake/ament_cmake_export_targets-extras.cmake
[45.039s] -- Up-to-date symlink: /home/a/ros2_ws/install/px4_ros_com/share/px4_ros_com/cmake/ament_cmake_export_include_directories-extras.cmake
[45.040s] -- Up-to-date symlink: /home/a/ros2_ws/install/px4_ros_com/share/px4_ros_com/cmake/ament_cmake_export_libraries-extras.cmake
[45.041s] -- Up-to-date symlink: /home/a/ros2_ws/install/px4_ros_com/share/px4_ros_com/cmake/px4_ros_comConfig.cmake
[45.042s] -- Up-to-date symlink: /home/a/ros2_ws/install/px4_ros_com/share/px4_ros_com/cmake/px4_ros_comConfig-version.cmake
[45.042s] -- Up-to-date symlink: /home/a/ros2_ws/install/px4_ros_com/share/px4_ros_com/package.xml
[45.045s] -- Up-to-date: /home/a/ros2_ws/install/px4_ros_com/lib/libframe_transforms.so
[45.048s] -- Up-to-date: /home/a/ros2_ws/install/px4_ros_com/share/px4_ros_com/cmake/export_frame_transformsExport.cmake
[45.048s] -- Up-to-date: /home/a/ros2_ws/install/px4_ros_com/share/px4_ros_com/cmake/export_frame_transformsExport-relwithdebinfo.cmake
[45.057s] Invoked command in '/home/a/ros2_ws/build/px4_ros_com' returned '0': CMAKE_PREFIX_PATH=/home/a/ros2_ws/install/px4_msgs:/home/a/ros2_ws/install/my_msg:/home/a/ros2_ws/install/px4_ros_com:/home/a/ros2_ws/install/my_uav:/opt/ros/galactic LD_LIBRARY_PATH=/home/a/ros2_ws/install/px4_msgs/lib:/home/a/ros2_ws/install/my_msg/lib:/home/a/ros2_ws/install/px4_ros_com/lib:/usr/lib/x86_64-linux-gnu/gazebo-11/plugins:/opt/ros/galactic/opt/yaml_cpp_vendor/lib:/opt/ros/galactic/opt/rviz_ogre_vendor/lib:/opt/ros/galactic/lib/x86_64-linux-gnu:/opt/ros/galactic/lib:/home/a/PX4-Autopilot/build/px4_sitl_default/build_gazebo-classic PYTHONPATH=/home/a/ros2_ws/install/px4_msgs/lib/python3.8/site-packages:/home/a/ros2_ws/install/my_msg/lib/python3.8/site-packages:/opt/ros/galactic/lib/python3.8/site-packages /usr/bin/cmake --install /home/a/ros2_ws/build/px4_ros_com
