[0.016s] Invoking command in '/home/a/attack/build/spoofing_attack': CMAKE_PREFIX_PATH=${CMAKE_PREFIX_PATH}:/home/a/attack/install/spoofing_attack:/home/a/attack/install/route_attack:/home/a/attack/install/replay_attack:/home/a/attack/install/gps_attack_pkg:/home/a/attack/install/ddos_attack:/opt/ros/galactic /usr/bin/cmake --build /home/a/attack/build/spoofing_attack -- -j2 -l2
[0.043s] -- Found ament_cmake: 1.1.6 (/opt/ros/galactic/share/ament_cmake/cmake)
[0.063s] -- Using PYTHON_EXECUTABLE: /usr/bin/python3
[0.125s] -- Found rclcpp: 9.2.2 (/opt/ros/galactic/share/rclcpp/cmake)
[0.155s] -- Using all available rosidl_typesupport_c: rosidl_typesupport_fastrtps_c;rosidl_typesupport_introspection_c
[0.158s] -- Found rosidl_adapter: 2.2.3 (/opt/ros/galactic/share/rosidl_adapter/cmake)
[0.268s] -- Using all available rosidl_typesupport_cpp: rosidl_typesupport_fastrtps_cpp;rosidl_typesupport_introspection_cpp
[0.313s] -- Found rmw_implementation_cmake: 3.3.1 (/opt/ros/galactic/share/rmw_implementation_cmake/cmake)
[0.314s] -- Found rmw_cyclonedds_cpp: 0.22.6 (/opt/ros/galactic/share/rmw_cyclonedds_cpp/cmake)
[0.335s] -- Using RMW implementation 'rmw_cyclonedds_cpp' as default
[0.461s] -- Found sensor_msgs: 2.2.4 (/opt/ros/galactic/share/sensor_msgs/cmake)
[0.561s] -- Found px4_msgs: 2.0.1 (/home/a/ros2_ws/install/px4_msgs/share/px4_msgs/cmake)
[0.647s] -- Configuring done
[0.654s] -- Generating done
[0.658s] -- Build files have been written to: /home/a/attack/build/spoofing_attack
[0.684s] [35m[1mScanning dependencies of target fake_gps_node[0m
[0.701s] [ 50%] [32mBuilding CXX object CMakeFiles/fake_gps_node.dir/src/fake_gps_node.cpp.o[0m
[2.211s] [01m[K/home/a/attack/src/spoofing_attack/src/fake_gps_node.cpp:[m[K In member function ‘[01m[Kvoid FakeGPSPublisher::publish_fake_gps()[m[K’:
[2.211s] [01m[K/home/a/attack/src/spoofing_attack/src/fake_gps_node.cpp:32:25:[m[K [01;31m[Kerror: [m[Kexpected primary-expression before ‘[01m[K=[m[K’ token
[2.211s]    32 |         msg.timestamp = [01;31m[K=[m[K this->get_clock()->now().nanoseconds() / 1000;
[2.211s]       |                         [01;31m[K^[m[K
[3.057s] make[2]: *** [CMakeFiles/fake_gps_node.dir/build.make:63：CMakeFiles/fake_gps_node.dir/src/fake_gps_node.cpp.o] 错误 1
[3.059s] make[1]: *** [CMakeFiles/Makefile2:78：CMakeFiles/fake_gps_node.dir/all] 错误 2
[3.059s] make: *** [Makefile:141：all] 错误 2
[3.060s] Invoked command in '/home/a/attack/build/spoofing_attack' returned '2': CMAKE_PREFIX_PATH=${CMAKE_PREFIX_PATH}:/home/a/attack/install/spoofing_attack:/home/a/attack/install/route_attack:/home/a/attack/install/replay_attack:/home/a/attack/install/gps_attack_pkg:/home/a/attack/install/ddos_attack:/opt/ros/galactic /usr/bin/cmake --build /home/a/attack/build/spoofing_attack -- -j2 -l2
