[0.018s] Invoking command in '/home/a/ros2_ws/build/px4_ros_com': CMAKE_PREFIX_PATH=/home/a/ros2_ws/install/px4_msgs:/home/a/ros2_ws/install/px4_ros_com:/home/a/ros2_ws/install/my_uav:/opt/ros/galactic LD_LIBRARY_PATH=/home/a/ros2_ws/install/px4_msgs/lib:/home/a/ros2_ws/install/px4_ros_com/lib:/usr/lib/x86_64-linux-gnu/gazebo-11/plugins:/opt/ros/galactic/opt/yaml_cpp_vendor/lib:/opt/ros/galactic/opt/rviz_ogre_vendor/lib:/opt/ros/galactic/lib/x86_64-linux-gnu:/opt/ros/galactic/lib:/home/a/PX4-Autopilot/build/px4_sitl_default/build_gazebo-classic /usr/bin/cmake --build /home/a/ros2_ws/build/px4_ros_com -- -j2 -l2
[0.075s] [  7%] Built target my_uav_node
[0.083s] [ 14%] Built target offboard_control_mode
[0.105s] [ 17%] [32mBuilding CXX object CMakeFiles/commander.dir/src/examples/offboard/commander.cpp.o[0m
[0.110s] [ 25%] Built target frame_transforms
[0.150s] [ 32%] Built target offboard_control
[0.192s] [ 39%] Built target arm
[0.227s] [ 46%] Built target sensor_combined_listener
[0.272s] [ 53%] Built target vehicle_gps_position_listener
[0.307s] [ 60%] Built target debug_vect_advertiser
[0.343s] [ 67%] Built target trajectory_setpoint
[0.373s] [ 75%] Built target vel_yaw
[0.402s] [ 82%] Built target vehicle_attitude_listener
[0.433s] [ 85%] [32mBuilding CXX object CMakeFiles/rates_setpoint.dir/src/examples/offboard/rates_setpoint.cpp.o[0m
[2.384s] [01m[K/home/a/ros2_ws/src/px4_ros_com/src/examples/offboard/commander.cpp:140:6:[m[K [01;31m[Kerror: [m[Kdefault argument given for parameter 2 of ‘[01m[Kvoid commander::send_vehicle_command(uint32_t, float, float, float, float, double, double, float)[m[K’ [[01;31m[K-fpermissive[m[K]
[2.384s]   140 | void [01;31m[Kcommander[m[K::send_vehicle_command(const uint32_t cmd, const float param1 = NAN, const float param2 = NAN,
[2.384s]       |      [01;31m[K^~~~~~~~~[m[K
[2.384s] [01m[K/home/a/ros2_ws/src/px4_ros_com/src/examples/offboard/commander.cpp:123:7:[m[K [01;36m[Knote: [m[Kprevious specification in ‘[01m[Kvoid commander::send_vehicle_command(uint32_t, float, float, float, float, double, double, float)[m[K’ here
[2.384s]   123 |  void [01;36m[Ksend_vehicle_command[m[K(const uint32_t cmd, const float param1 = NAN, const float param2 = NAN,
[2.385s]       |       [01;36m[K^~~~~~~~~~~~~~~~~~~~[m[K
[2.385s] [01m[K/home/a/ros2_ws/src/px4_ros_com/src/examples/offboard/commander.cpp:140:6:[m[K [01;31m[Kerror: [m[Kdefault argument given for parameter 3 of ‘[01m[Kvoid commander::send_vehicle_command(uint32_t, float, float, float, float, double, double, float)[m[K’ [[01;31m[K-fpermissive[m[K]
[2.385s]   140 | void [01;31m[Kcommander[m[K::send_vehicle_command(const uint32_t cmd, const float param1 = NAN, const float param2 = NAN,
[2.385s]       |      [01;31m[K^~~~~~~~~[m[K
[2.385s] [01m[K/home/a/ros2_ws/src/px4_ros_com/src/examples/offboard/commander.cpp:123:7:[m[K [01;36m[Knote: [m[Kprevious specification in ‘[01m[Kvoid commander::send_vehicle_command(uint32_t, float, float, float, float, double, double, float)[m[K’ here
[2.385s]   123 |  void [01;36m[Ksend_vehicle_command[m[K(const uint32_t cmd, const float param1 = NAN, const float param2 = NAN,
[2.385s]       |       [01;36m[K^~~~~~~~~~~~~~~~~~~~[m[K
[2.385s] [01m[K/home/a/ros2_ws/src/px4_ros_com/src/examples/offboard/commander.cpp:140:6:[m[K [01;31m[Kerror: [m[Kdefault argument given for parameter 4 of ‘[01m[Kvoid commander::send_vehicle_command(uint32_t, float, float, float, float, double, double, float)[m[K’ [[01;31m[K-fpermissive[m[K]
[2.385s]   140 | void [01;31m[Kcommander[m[K::send_vehicle_command(const uint32_t cmd, const float param1 = NAN, const float param2 = NAN,
[2.385s]       |      [01;31m[K^~~~~~~~~[m[K
[2.385s] [01m[K/home/a/ros2_ws/src/px4_ros_com/src/examples/offboard/commander.cpp:123:7:[m[K [01;36m[Knote: [m[Kprevious specification in ‘[01m[Kvoid commander::send_vehicle_command(uint32_t, float, float, float, float, double, double, float)[m[K’ here
[2.385s]   123 |  void [01;36m[Ksend_vehicle_command[m[K(const uint32_t cmd, const float param1 = NAN, const float param2 = NAN,
[2.385s]       |       [01;36m[K^~~~~~~~~~~~~~~~~~~~[m[K
[2.385s] [01m[K/home/a/ros2_ws/src/px4_ros_com/src/examples/offboard/commander.cpp:140:6:[m[K [01;31m[Kerror: [m[Kdefault argument given for parameter 5 of ‘[01m[Kvoid commander::send_vehicle_command(uint32_t, float, float, float, float, double, double, float)[m[K’ [[01;31m[K-fpermissive[m[K]
[2.385s]   140 | void [01;31m[Kcommander[m[K::send_vehicle_command(const uint32_t cmd, const float param1 = NAN, const float param2 = NAN,
[2.385s]       |      [01;31m[K^~~~~~~~~[m[K
[2.385s] [01m[K/home/a/ros2_ws/src/px4_ros_com/src/examples/offboard/commander.cpp:123:7:[m[K [01;36m[Knote: [m[Kprevious specification in ‘[01m[Kvoid commander::send_vehicle_command(uint32_t, float, float, float, float, double, double, float)[m[K’ here
[2.385s]   123 |  void [01;36m[Ksend_vehicle_command[m[K(const uint32_t cmd, const float param1 = NAN, const float param2 = NAN,
[2.385s]       |       [01;36m[K^~~~~~~~~~~~~~~~~~~~[m[K
[2.385s] [01m[K/home/a/ros2_ws/src/px4_ros_com/src/examples/offboard/commander.cpp:140:6:[m[K [01;31m[Kerror: [m[Kdefault argument given for parameter 6 of ‘[01m[Kvoid commander::send_vehicle_command(uint32_t, float, float, float, float, double, double, float)[m[K’ [[01;31m[K-fpermissive[m[K]
[2.385s]   140 | void [01;31m[Kcommander[m[K::send_vehicle_command(const uint32_t cmd, const float param1 = NAN, const float param2 = NAN,
[2.386s]       |      [01;31m[K^~~~~~~~~[m[K
[2.386s] [01m[K/home/a/ros2_ws/src/px4_ros_com/src/examples/offboard/commander.cpp:123:7:[m[K [01;36m[Knote: [m[Kprevious specification in ‘[01m[Kvoid commander::send_vehicle_command(uint32_t, float, float, float, float, double, double, float)[m[K’ here
[2.386s]   123 |  void [01;36m[Ksend_vehicle_command[m[K(const uint32_t cmd, const float param1 = NAN, const float param2 = NAN,
[2.386s]       |       [01;36m[K^~~~~~~~~~~~~~~~~~~~[m[K
[2.386s] [01m[K/home/a/ros2_ws/src/px4_ros_com/src/examples/offboard/commander.cpp:140:6:[m[K [01;31m[Kerror: [m[Kdefault argument given for parameter 7 of ‘[01m[Kvoid commander::send_vehicle_command(uint32_t, float, float, float, float, double, double, float)[m[K’ [[01;31m[K-fpermissive[m[K]
[2.386s]   140 | void [01;31m[Kcommander[m[K::send_vehicle_command(const uint32_t cmd, const float param1 = NAN, const float param2 = NAN,
[2.386s]       |      [01;31m[K^~~~~~~~~[m[K
[2.386s] [01m[K/home/a/ros2_ws/src/px4_ros_com/src/examples/offboard/commander.cpp:123:7:[m[K [01;36m[Knote: [m[Kprevious specification in ‘[01m[Kvoid commander::send_vehicle_command(uint32_t, float, float, float, float, double, double, float)[m[K’ here
[2.386s]   123 |  void [01;36m[Ksend_vehicle_command[m[K(const uint32_t cmd, const float param1 = NAN, const float param2 = NAN,
[2.386s]       |       [01;36m[K^~~~~~~~~~~~~~~~~~~~[m[K
[2.386s] [01m[K/home/a/ros2_ws/src/px4_ros_com/src/examples/offboard/commander.cpp:140:6:[m[K [01;31m[Kerror: [m[Kdefault argument given for parameter 8 of ‘[01m[Kvoid commander::send_vehicle_command(uint32_t, float, float, float, float, double, double, float)[m[K’ [[01;31m[K-fpermissive[m[K]
[2.386s]   140 | void [01;31m[Kcommander[m[K::send_vehicle_command(const uint32_t cmd, const float param1 = NAN, const float param2 = NAN,
[2.386s]       |      [01;31m[K^~~~~~~~~[m[K
[2.386s] [01m[K/home/a/ros2_ws/src/px4_ros_com/src/examples/offboard/commander.cpp:123:7:[m[K [01;36m[Knote: [m[Kprevious specification in ‘[01m[Kvoid commander::send_vehicle_command(uint32_t, float, float, float, float, double, double, float)[m[K’ here
[2.386s]   123 |  void [01;36m[Ksend_vehicle_command[m[K(const uint32_t cmd, const float param1 = NAN, const float param2 = NAN,
[2.386s]       |       [01;36m[K^~~~~~~~~~~~~~~~~~~~[m[K
[2.434s] [01m[K/home/a/ros2_ws/src/px4_ros_com/src/examples/offboard/commander.cpp:[m[K In lambda function:
[2.434s] [01m[K/home/a/ros2_ws/src/px4_ros_com/src/examples/offboard/commander.cpp:159:3:[m[K [01;31m[Kerror: [m[K‘[01m[Kvcmd[m[K’ is not captured
[2.434s]   159 |   [01;31m[Kvcmd[m[K.source_system = msg->system_id;
[2.434s]       |   [01;31m[K^~~~[m[K
[2.434s] [01m[K/home/a/ros2_ws/src/px4_ros_com/src/examples/offboard/commander.cpp:158:7:[m[K [01;36m[Knote: [m[Kthe lambda has no capture-default
[2.434s]   158 |  [this[01;36m[K][m[K(const px4_msgs::msg::VehicleStatus::UniquePtr msg) {
[2.434s]       |       [01;36m[K^[m[K
[2.434s] [01m[K/home/a/ros2_ws/src/px4_ros_com/src/examples/offboard/commander.cpp:144:17:[m[K [01;36m[Knote: [m[K‘[01m[Kpx4_msgs::msg::VehicleCommand vcmd[m[K’ declared here
[2.434s]   144 |  VehicleCommand [01;36m[Kvcmd[m[K{};
[2.434s]       |                 [01;36m[K^~~~[m[K
[2.434s] [01m[K/home/a/ros2_ws/src/px4_ros_com/src/examples/offboard/commander.cpp:160:3:[m[K [01;31m[Kerror: [m[K‘[01m[Kvcmd[m[K’ is not captured
[2.434s]   160 |   [01;31m[Kvcmd[m[K.target_system = msg->system_id;
[2.434s]       |   [01;31m[K^~~~[m[K
[2.434s] [01m[K/home/a/ros2_ws/src/px4_ros_com/src/examples/offboard/commander.cpp:158:7:[m[K [01;36m[Knote: [m[Kthe lambda has no capture-default
[2.434s]   158 |  [this[01;36m[K][m[K(const px4_msgs::msg::VehicleStatus::UniquePtr msg) {
[2.434s]       |       [01;36m[K^[m[K
[2.434s] [01m[K/home/a/ros2_ws/src/px4_ros_com/src/examples/offboard/commander.cpp:144:17:[m[K [01;36m[Knote: [m[K‘[01m[Kpx4_msgs::msg::VehicleCommand vcmd[m[K’ declared here
[2.434s]   144 |  VehicleCommand [01;36m[Kvcmd[m[K{};
[2.434s]       |                 [01;36m[K^~~~[m[K
[2.434s] [01m[K/home/a/ros2_ws/src/px4_ros_com/src/examples/offboard/commander.cpp:161:3:[m[K [01;31m[Kerror: [m[K‘[01m[Kvcmd[m[K’ is not captured
[2.434s]   161 |   [01;31m[Kvcmd[m[K.source_component = msg->component_id;
[2.435s]       |   [01;31m[K^~~~[m[K
[2.435s] [01m[K/home/a/ros2_ws/src/px4_ros_com/src/examples/offboard/commander.cpp:158:7:[m[K [01;36m[Knote: [m[Kthe lambda has no capture-default
[2.435s]   158 |  [this[01;36m[K][m[K(const px4_msgs::msg::VehicleStatus::UniquePtr msg) {
[2.435s]       |       [01;36m[K^[m[K
[2.435s] [01m[K/home/a/ros2_ws/src/px4_ros_com/src/examples/offboard/commander.cpp:144:17:[m[K [01;36m[Knote: [m[K‘[01m[Kpx4_msgs::msg::VehicleCommand vcmd[m[K’ declared here
[2.435s]   144 |  VehicleCommand [01;36m[Kvcmd[m[K{};
[2.435s]       |                 [01;36m[K^~~~[m[K
[2.435s] [01m[K/home/a/ros2_ws/src/px4_ros_com/src/examples/offboard/commander.cpp:162:3:[m[K [01;31m[Kerror: [m[K‘[01m[Kvcmd[m[K’ is not captured
[2.435s]   162 |   [01;31m[Kvcmd[m[K.target_component = msg->component_id;
[2.435s]       |   [01;31m[K^~~~[m[K
[2.435s] [01m[K/home/a/ros2_ws/src/px4_ros_com/src/examples/offboard/commander.cpp:158:7:[m[K [01;36m[Knote: [m[Kthe lambda has no capture-default
[2.435s]   158 |  [this[01;36m[K][m[K(const px4_msgs::msg::VehicleStatus::UniquePtr msg) {
[2.435s]       |       [01;36m[K^[m[K
[2.435s] [01m[K/home/a/ros2_ws/src/px4_ros_com/src/examples/offboard/commander.cpp:144:17:[m[K [01;36m[Knote: [m[K‘[01m[Kpx4_msgs::msg::VehicleCommand vcmd[m[K’ declared here
[2.435s]   144 |  VehicleCommand [01;36m[Kvcmd[m[K{};
[2.435s]       |                 [01;36m[K^~~~[m[K
[2.438s] [01m[K/home/a/ros2_ws/src/px4_ros_com/src/examples/offboard/commander.cpp:[m[K In member function ‘[01m[Kvoid commander::send_vehicle_command(uint32_t, float, float, float, float, double, double, float)[m[K’:
[2.438s] [01m[K/home/a/ros2_ws/src/px4_ros_com/src/examples/offboard/commander.cpp:168:38:[m[K [01;31m[Kerror: [m[K‘[01m[Kmsg[m[K’ was not declared in this scope
[2.438s]   168 |  vehicle_command_publisher_->publish([01;31m[Kmsg[m[K);
[2.438s]       |                                      [01;31m[K^~~[m[K
[2.438s] [01m[K/home/a/ros2_ws/src/px4_ros_com/src/examples/offboard/commander.cpp:168:38:[m[K [01;36m[Knote: [m[Ksuggested alternatives:
[2.438s] In file included from [01m[K/opt/ros/galactic/include/builtin_interfaces/msg/duration.hpp:7[m[K,
[2.438s]                  from [01m[K/opt/ros/galactic/include/rclcpp/duration.hpp:20[m[K,
[2.438s]                  from [01m[K/opt/ros/galactic/include/rclcpp/qos.hpp:20[m[K,
[2.438s]                  from [01m[K/opt/ros/galactic/include/rclcpp/node_interfaces/node_graph_interface.hpp:31[m[K,
[2.438s]                  from [01m[K/opt/ros/galactic/include/rclcpp/client.hpp:34[m[K,
[2.438s]                  from [01m[K/opt/ros/galactic/include/rclcpp/callback_group.hpp:23[m[K,
[2.438s]                  from [01m[K/opt/ros/galactic/include/rclcpp/any_executable.hpp:20[m[K,
[2.438s]                  from [01m[K/opt/ros/galactic/include/rclcpp/memory_strategy.hpp:25[m[K,
[2.438s]                  from [01m[K/opt/ros/galactic/include/rclcpp/memory_strategies.hpp:18[m[K,
[2.438s]                  from [01m[K/opt/ros/galactic/include/rclcpp/executor_options.hpp:20[m[K,
[2.438s]                  from [01m[K/opt/ros/galactic/include/rclcpp/executor.hpp:36[m[K,
[2.438s]                  from [01m[K/opt/ros/galactic/include/rclcpp/executors/multi_threaded_executor.hpp:26[m[K,
[2.439s]                  from [01m[K/opt/ros/galactic/include/rclcpp/executors.hpp:21[m[K,
[2.439s]                  from [01m[K/opt/ros/galactic/include/rclcpp/rclcpp.hpp:156[m[K,
[2.439s]                  from [01m[K/home/a/ros2_ws/src/px4_ros_com/src/examples/offboard/commander.cpp:38[m[K:
[2.439s] [01m[K/opt/ros/galactic/include/builtin_interfaces/msg/detail/duration__struct.hpp:26:11:[m[K [01;36m[Knote: [m[K  ‘[01m[Kbuiltin_interfaces::msg[m[K’
[2.439s]    26 | namespace [01;36m[Kmsg[m[K
[2.439s]       |           [01;36m[K^~~[m[K
[2.439s] In file included from [01m[K/opt/ros/galactic/include/rcl_interfaces/msg/set_parameters_result.hpp:7[m[K,
[2.439s]                  from [01m[K/opt/ros/galactic/include/rclcpp/qos_overriding_options.hpp:28[m[K,
[2.439s]                  from [01m[K/opt/ros/galactic/include/rclcpp/subscription_options.hpp:29[m[K,
[2.439s]                  from [01m[K/opt/ros/galactic/include/rclcpp/subscription.hpp:45[m[K,
[2.439s]                  from [01m[K/opt/ros/galactic/include/rclcpp/any_executable.hpp:25[m[K,
[2.439s]                  from [01m[K/opt/ros/galactic/include/rclcpp/memory_strategy.hpp:25[m[K,
[2.439s]                  from [01m[K/opt/ros/galactic/include/rclcpp/memory_strategies.hpp:18[m[K,
[2.439s]                  from [01m[K/opt/ros/galactic/include/rclcpp/executor_options.hpp:20[m[K,
[2.439s]                  from [01m[K/opt/ros/galactic/include/rclcpp/executor.hpp:36[m[K,
[2.440s]                  from [01m[K/opt/ros/galactic/include/rclcpp/executors/multi_threaded_executor.hpp:26[m[K,
[2.440s]                  from [01m[K/opt/ros/galactic/include/rclcpp/executors.hpp:21[m[K,
[2.440s]                  from [01m[K/opt/ros/galactic/include/rclcpp/rclcpp.hpp:156[m[K,
[2.440s]                  from [01m[K/home/a/ros2_ws/src/px4_ros_com/src/examples/offboard/commander.cpp:38[m[K:
[2.440s] [01m[K/opt/ros/galactic/include/rcl_interfaces/msg/detail/set_parameters_result__struct.hpp:26:11:[m[K [01;36m[Knote: [m[K  ‘[01m[Krcl_interfaces::msg[m[K’
[2.440s]    26 | namespace [01;36m[Kmsg[m[K
[2.440s]       |           [01;36m[K^~~[m[K
[2.440s] In file included from [01m[K/opt/ros/galactic/include/statistics_msgs/msg/detail/metrics_message__struct.hpp:22[m[K,
[2.440s]                  from [01m[K/opt/ros/galactic/include/statistics_msgs/msg/metrics_message.hpp:7[m[K,
[2.440s]                  from [01m[K/opt/ros/galactic/include/libstatistics_collector/collector/generate_statistics_message.hpp:21[m[K,
[2.440s]                  from [01m[K/opt/ros/galactic/include/rclcpp/topic_statistics/subscription_topic_statistics.hpp:23[m[K,
[2.440s]                  from [01m[K/opt/ros/galactic/include/rclcpp/subscription.hpp:50[m[K,
[2.441s]                  from [01m[K/opt/ros/galactic/include/rclcpp/any_executable.hpp:25[m[K,
[2.441s]                  from [01m[K/opt/ros/galactic/include/rclcpp/memory_strategy.hpp:25[m[K,
[2.441s]                  from [01m[K/opt/ros/galactic/include/rclcpp/memory_strategies.hpp:18[m[K,
[2.441s]                  from [01m[K/opt/ros/galactic/include/rclcpp/executor_options.hpp:20[m[K,
[2.441s]                  from [01m[K/opt/ros/galactic/include/rclcpp/executor.hpp:36[m[K,
[2.441s]                  from [01m[K/opt/ros/galactic/include/rclcpp/executors/multi_threaded_executor.hpp:26[m[K,
[2.441s]                  from [01m[K/opt/ros/galactic/include/rclcpp/executors.hpp:21[m[K,
[2.441s]                  from [01m[K/opt/ros/galactic/include/rclcpp/rclcpp.hpp:156[m[K,
[2.441s]                  from [01m[K/home/a/ros2_ws/src/px4_ros_com/src/examples/offboard/commander.cpp:38[m[K:
[2.441s] [01m[K/opt/ros/galactic/include/statistics_msgs/msg/detail/statistic_data_point__struct.hpp:26:11:[m[K [01;36m[Knote: [m[K  ‘[01m[Kstatistics_msgs::msg[m[K’
[2.442s]    26 | namespace [01;36m[Kmsg[m[K
[2.442s]       |           [01;36m[K^~~[m[K
[2.442s] In file included from [01m[K/home/a/ros2_ws/install/px4_msgs/include/px4_msgs/msg/vehicle_command.hpp:7[m[K,
[2.442s]                  from [01m[K/home/a/ros2_ws/src/px4_ros_com/src/examples/offboard/commander.cpp:39[m[K:
[2.442s] [01m[K/home/a/ros2_ws/install/px4_msgs/include/px4_msgs/msg/detail/vehicle_command__struct.hpp:26:11:[m[K [01;36m[Knote: [m[K  ‘[01m[Kpx4_msgs::msg[m[K’
[2.442s]    26 | namespace [01;36m[Kmsg[m[K
[2.442s]       |           [01;36m[K^~~[m[K
[2.741s] [01m[K/home/a/ros2_ws/src/px4_ros_com/src/examples/offboard/rates_setpoint.cpp:[m[K In constructor ‘[01m[KVehicle_RatesSetpoint::Vehicle_RatesSetpoint()[m[K’:
[2.741s] [01m[K/home/a/ros2_ws/src/px4_ros_com/src/examples/offboard/rates_setpoint.cpp:61:18:[m[K [01;31m[Kerror: [m[Kexpected ‘[01m[K;[m[K’ before ‘[01m[Kmsg[m[K’
[2.741s]    61 |   msg.roll = roll
[2.741s]       |                  [01;31m[K^[m[K
[2.741s]       |                  [32m[K;[m[K
[2.741s]    62 |   [32m[Kmsg[m[K.pitch = pitch
[2.741s]       |   [32m[K~~~[m[K             
[3.613s] make[2]: *** [CMakeFiles/rates_setpoint.dir/build.make:63：CMakeFiles/rates_setpoint.dir/src/examples/offboard/rates_setpoint.cpp.o] 错误 1
[3.614s] make[1]: *** [CMakeFiles/Makefile2:482：CMakeFiles/rates_setpoint.dir/all] 错误 2
[3.614s] make[1]: *** 正在等待未完成的任务....
[4.584s] make[2]: *** [CMakeFiles/commander.dir/build.make:63：CMakeFiles/commander.dir/src/examples/offboard/commander.cpp.o] 错误 1
[4.584s] make[1]: *** [CMakeFiles/Makefile2:158：CMakeFiles/commander.dir/all] 错误 2
[4.584s] make: *** [Makefile:141：all] 错误 2
[4.590s] Invoked command in '/home/a/ros2_ws/build/px4_ros_com' returned '2': CMAKE_PREFIX_PATH=/home/a/ros2_ws/install/px4_msgs:/home/a/ros2_ws/install/px4_ros_com:/home/a/ros2_ws/install/my_uav:/opt/ros/galactic LD_LIBRARY_PATH=/home/a/ros2_ws/install/px4_msgs/lib:/home/a/ros2_ws/install/px4_ros_com/lib:/usr/lib/x86_64-linux-gnu/gazebo-11/plugins:/opt/ros/galactic/opt/yaml_cpp_vendor/lib:/opt/ros/galactic/opt/rviz_ogre_vendor/lib:/opt/ros/galactic/lib/x86_64-linux-gnu:/opt/ros/galactic/lib:/home/a/PX4-Autopilot/build/px4_sitl_default/build_gazebo-classic /usr/bin/cmake --build /home/a/ros2_ws/build/px4_ros_com -- -j2 -l2
