[0.150s] DEBUG:colcon:Command line arguments: ['/usr/bin/colcon', 'build']
[0.150s] DEBUG:colcon:Parsed command line arguments: Namespace(allow_overriding=[], ament_cmake_args=None, base_paths=['.'], build_base='build', catkin_cmake_args=None, catkin_skip_building_tests=False, cmake_args=None, cmake_clean_cache=False, cmake_clean_first=False, cmake_force_configure=False, cmake_target=None, cmake_target_skip_unavailable=False, continue_on_error=False, event_handlers=None, executor='parallel', ignore_user_meta=False, install_base='install', log_base=None, log_level=None, main=<bound method BuildVerb.main of <colcon_core.verb.build.BuildVerb object at 0x7f6ee1f6f520>>, merge_install=False, metas=['./colcon.meta'], packages_above=None, packages_above_and_dependencies=None, packages_above_depth=None, packages_end=None, packages_ignore=None, packages_ignore_regex=None, packages_select=None, packages_select_build_failed=False, packages_select_by_dep=None, packages_select_regex=None, packages_select_test_failures=False, packages_skip=None, packages_skip_build_finished=False, packages_skip_by_dep=None, packages_skip_regex=None, packages_skip_test_passed=False, packages_skip_up_to=None, packages_start=None, packages_up_to=None, packages_up_to_regex=None, parallel_workers=2, paths=None, symlink_install=False, test_result_base=None, verb_extension=<colcon_core.verb.build.BuildVerb object at 0x7f6ee1f6f520>, verb_name='build', verb_parser=<colcon_defaults.argument_parser.defaults.DefaultArgumentsDecorator object at 0x7f6ee1f6fa30>)
[0.268s] Level 1:colcon.colcon_core.package_discovery:discover_packages(colcon_meta) check parameters
[0.268s] Level 1:colcon.colcon_core.package_discovery:discover_packages(recursive) check parameters
[0.268s] Level 1:colcon.colcon_core.package_discovery:discover_packages(ignore) check parameters
[0.268s] Level 1:colcon.colcon_core.package_discovery:discover_packages(path) check parameters
[0.268s] Level 1:colcon.colcon_core.package_discovery:discover_packages(colcon_meta) discover
[0.268s] Level 1:colcon.colcon_core.package_discovery:discover_packages(recursive) discover
[0.268s] INFO:colcon.colcon_core.package_discovery:Crawling recursively for packages in '/home/a/px4_ros_uxrce_dds_ws'
[0.268s] Level 1:colcon.colcon_core.package_identification:_identify(.) by extensions ['ignore', 'ignore_ament_install']
[0.268s] Level 1:colcon.colcon_core.package_identification:_identify(.) by extension 'ignore'
[0.269s] Level 1:colcon.colcon_core.package_identification:_identify(.) by extension 'ignore_ament_install'
[0.269s] Level 1:colcon.colcon_core.package_identification:_identify(.) by extensions ['colcon_pkg']
[0.269s] Level 1:colcon.colcon_core.package_identification:_identify(.) by extension 'colcon_pkg'
[0.269s] Level 1:colcon.colcon_core.package_identification:_identify(.) by extensions ['colcon_meta']
[0.269s] Level 1:colcon.colcon_core.package_identification:_identify(.) by extension 'colcon_meta'
[0.269s] Level 1:colcon.colcon_core.package_identification:_identify(.) by extensions ['ros']
[0.269s] Level 1:colcon.colcon_core.package_identification:_identify(.) by extension 'ros'
[0.277s] Level 1:colcon.colcon_core.package_identification:_identify(.) by extensions ['cmake', 'python']
[0.277s] Level 1:colcon.colcon_core.package_identification:_identify(.) by extension 'cmake'
[0.277s] Level 1:colcon.colcon_core.package_identification:_identify(.) by extension 'python'
[0.277s] Level 1:colcon.colcon_core.package_identification:_identify(.) by extensions ['python_setup_py']
[0.277s] Level 1:colcon.colcon_core.package_identification:_identify(.) by extension 'python_setup_py'
[0.278s] Level 1:colcon.colcon_core.package_identification:_identify(build) by extensions ['ignore', 'ignore_ament_install']
[0.278s] Level 1:colcon.colcon_core.package_identification:_identify(build) by extension 'ignore'
[0.278s] Level 1:colcon.colcon_core.package_identification:_identify(build) ignored
[0.278s] Level 1:colcon.colcon_core.package_identification:_identify(install) by extensions ['ignore', 'ignore_ament_install']
[0.278s] Level 1:colcon.colcon_core.package_identification:_identify(install) by extension 'ignore'
[0.278s] Level 1:colcon.colcon_core.package_identification:_identify(install) ignored
[0.278s] Level 1:colcon.colcon_core.package_identification:_identify(log) by extensions ['ignore', 'ignore_ament_install']
[0.278s] Level 1:colcon.colcon_core.package_identification:_identify(log) by extension 'ignore'
[0.278s] Level 1:colcon.colcon_core.package_identification:_identify(log) ignored
[0.278s] Level 1:colcon.colcon_core.package_identification:_identify(src) by extensions ['ignore', 'ignore_ament_install']
[0.278s] Level 1:colcon.colcon_core.package_identification:_identify(src) by extension 'ignore'
[0.278s] Level 1:colcon.colcon_core.package_identification:_identify(src) by extension 'ignore_ament_install'
[0.278s] Level 1:colcon.colcon_core.package_identification:_identify(src) by extensions ['colcon_pkg']
[0.278s] Level 1:colcon.colcon_core.package_identification:_identify(src) by extension 'colcon_pkg'
[0.278s] Level 1:colcon.colcon_core.package_identification:_identify(src) by extensions ['colcon_meta']
[0.278s] Level 1:colcon.colcon_core.package_identification:_identify(src) by extension 'colcon_meta'
[0.278s] Level 1:colcon.colcon_core.package_identification:_identify(src) by extensions ['ros']
[0.278s] Level 1:colcon.colcon_core.package_identification:_identify(src) by extension 'ros'
[0.278s] Level 1:colcon.colcon_core.package_identification:_identify(src) by extensions ['cmake', 'python']
[0.278s] Level 1:colcon.colcon_core.package_identification:_identify(src) by extension 'cmake'
[0.278s] Level 1:colcon.colcon_core.package_identification:_identify(src) by extension 'python'
[0.278s] Level 1:colcon.colcon_core.package_identification:_identify(src) by extensions ['python_setup_py']
[0.278s] Level 1:colcon.colcon_core.package_identification:_identify(src) by extension 'python_setup_py'
[0.279s] Level 1:colcon.colcon_core.package_identification:_identify(src/Micro-XRCE-DDS-Agent) by extensions ['ignore', 'ignore_ament_install']
[0.279s] Level 1:colcon.colcon_core.package_identification:_identify(src/Micro-XRCE-DDS-Agent) by extension 'ignore'
[0.279s] Level 1:colcon.colcon_core.package_identification:_identify(src/Micro-XRCE-DDS-Agent) by extension 'ignore_ament_install'
[0.279s] Level 1:colcon.colcon_core.package_identification:_identify(src/Micro-XRCE-DDS-Agent) by extensions ['colcon_pkg']
[0.279s] Level 1:colcon.colcon_core.package_identification:_identify(src/Micro-XRCE-DDS-Agent) by extension 'colcon_pkg'
[0.279s] INFO:colcon.colcon_metadata.metadata.colcon_pkg:Setting type 'cmake' of package 'src/Micro-XRCE-DDS-Agent' from colcon.pkg
[0.279s] INFO:colcon.colcon_metadata.metadata.colcon_pkg:Setting name 'microxrcedds_agent' of package 'src/Micro-XRCE-DDS-Agent' from colcon.pkg
[0.279s] DEBUG:colcon.colcon_core.package_identification:Package 'src/Micro-XRCE-DDS-Agent' with type 'cmake' and name 'microxrcedds_agent'
[0.279s] Level 1:colcon.colcon_core.package_discovery:discover_packages(recursive) using defaults
[0.279s] Level 1:colcon.colcon_core.package_discovery:discover_packages(ignore) discover
[0.280s] Level 1:colcon.colcon_core.package_discovery:discover_packages(ignore) using defaults
[0.280s] Level 1:colcon.colcon_core.package_discovery:discover_packages(path) discover
[0.280s] Level 1:colcon.colcon_core.package_discovery:discover_packages(path) using defaults
[0.291s] INFO:colcon.colcon_metadata.metadata.colcon_pkg:Updating descriptor of package 'src/Micro-XRCE-DDS-Agent' from colcon.pkg: {'name': 'microxrcedds_agent', 'type': 'cmake', 'dependencies': ['fastcdr', 'fastrtps'], 'cmake-args': ['-DUAGENT_ISOLATED_INSTALL=OFF', '-DUAGENT_USE_SYSTEM_FASTCDR=ON', '-DUAGENT_USE_SYSTEM_FASTDDS=ON']}
[0.292s] Level 1:colcon.colcon_core.package_discovery:discover_packages(prefix_path) check parameters
[0.292s] Level 1:colcon.colcon_core.package_discovery:discover_packages(prefix_path) discover
[0.293s] DEBUG:colcon.colcon_installed_package_information.package_discovery:Found 271 installed packages in /opt/ros/galactic
[0.295s] Level 1:colcon.colcon_core.package_discovery:discover_packages(prefix_path) using defaults
[0.348s] Level 5:colcon.colcon_core.verb:set package 'microxrcedds_agent' build argument 'cmake_args' from command line to 'None'
[0.348s] Level 5:colcon.colcon_core.verb:overwrite package 'microxrcedds_agent' build argument 'cmake_args' from package metadata with '['-DUAGENT_ISOLATED_INSTALL=OFF', '-DUAGENT_USE_SYSTEM_FASTCDR=ON', '-DUAGENT_USE_SYSTEM_FASTDDS=ON']' (before: 'None')
[0.348s] Level 5:colcon.colcon_core.verb:set package 'microxrcedds_agent' build argument 'cmake_target' from command line to 'None'
[0.348s] Level 5:colcon.colcon_core.verb:set package 'microxrcedds_agent' build argument 'cmake_target_skip_unavailable' from command line to 'False'
[0.349s] Level 5:colcon.colcon_core.verb:set package 'microxrcedds_agent' build argument 'cmake_clean_cache' from command line to 'False'
[0.349s] Level 5:colcon.colcon_core.verb:set package 'microxrcedds_agent' build argument 'cmake_clean_first' from command line to 'False'
[0.349s] Level 5:colcon.colcon_core.verb:set package 'microxrcedds_agent' build argument 'cmake_force_configure' from command line to 'False'
[0.349s] Level 5:colcon.colcon_core.verb:set package 'microxrcedds_agent' build argument 'ament_cmake_args' from command line to 'None'
[0.349s] Level 5:colcon.colcon_core.verb:set package 'microxrcedds_agent' build argument 'catkin_cmake_args' from command line to 'None'
[0.349s] Level 5:colcon.colcon_core.verb:set package 'microxrcedds_agent' build argument 'catkin_skip_building_tests' from command line to 'False'
[0.349s] DEBUG:colcon.colcon_core.verb:Building package 'microxrcedds_agent' with the following arguments: {'ament_cmake_args': None, 'build_base': '/home/a/px4_ros_uxrce_dds_ws/build/microxrcedds_agent', 'catkin_cmake_args': None, 'catkin_skip_building_tests': False, 'cmake_args': ['-DUAGENT_ISOLATED_INSTALL=OFF', '-DUAGENT_USE_SYSTEM_FASTCDR=ON', '-DUAGENT_USE_SYSTEM_FASTDDS=ON'], 'cmake_clean_cache': False, 'cmake_clean_first': False, 'cmake_force_configure': False, 'cmake_target': None, 'cmake_target_skip_unavailable': False, 'install_base': '/home/a/px4_ros_uxrce_dds_ws/install/microxrcedds_agent', 'merge_install': False, 'path': '/home/a/px4_ros_uxrce_dds_ws/src/Micro-XRCE-DDS-Agent', 'symlink_install': False, 'test_result_base': None}
[0.349s] INFO:colcon.colcon_core.executor:Executing jobs using 'parallel' executor
[0.350s] DEBUG:colcon.colcon_parallel_executor.executor.parallel:run_until_complete
[0.350s] INFO:colcon.colcon_cmake.task.cmake.build:Building CMake package in '/home/a/px4_ros_uxrce_dds_ws/src/Micro-XRCE-DDS-Agent'
[0.351s] INFO:colcon.colcon_core.plugin_system:Skipping extension 'colcon_core.shell.bat': Not used on non-Windows systems
[0.352s] INFO:colcon.colcon_core.shell:Skip shell extension 'powershell' for command environment: Not usable outside of PowerShell
[0.352s] DEBUG:colcon.colcon_core.shell:Skip shell extension 'dsv' for command environment
[0.364s] DEBUG:colcon.colcon_core.event_handler.log_command:Invoking command in '/home/a/px4_ros_uxrce_dds_ws/build/microxrcedds_agent': /usr/bin/cmake --build /home/a/px4_ros_uxrce_dds_ws/build/microxrcedds_agent -- -j2 -l2
[106.770s] DEBUG:colcon.colcon_core.event_handler.log_command:Invoked command in '/home/a/px4_ros_uxrce_dds_ws/build/microxrcedds_agent' returned '0': /usr/bin/cmake --build /home/a/px4_ros_uxrce_dds_ws/build/microxrcedds_agent -- -j2 -l2
[106.780s] DEBUG:colcon.colcon_core.event_handler.log_command:Invoking command in '/home/a/px4_ros_uxrce_dds_ws/build/microxrcedds_agent': /usr/bin/cmake --install /home/a/px4_ros_uxrce_dds_ws/build/microxrcedds_agent
[106.822s] Level 1:colcon.colcon_core.environment:create_environment_scripts_only(microxrcedds_agent)
[106.823s] DEBUG:colcon.colcon_core.event_handler.log_command:Invoked command in '/home/a/px4_ros_uxrce_dds_ws/build/microxrcedds_agent' returned '0': /usr/bin/cmake --install /home/a/px4_ros_uxrce_dds_ws/build/microxrcedds_agent
[106.831s] Level 1:colcon.colcon_core.environment:checking '/home/a/px4_ros_uxrce_dds_ws/install/microxrcedds_agent' for CMake module files
[106.832s] Level 1:colcon.colcon_core.environment:checking '/home/a/px4_ros_uxrce_dds_ws/install/microxrcedds_agent' for CMake config files
[106.832s] Level 1:colcon.colcon_core.shell:create_environment_hook('microxrcedds_agent', 'cmake_prefix_path')
[106.832s] INFO:colcon.colcon_core.shell:Creating environment hook '/home/a/px4_ros_uxrce_dds_ws/install/microxrcedds_agent/share/microxrcedds_agent/hook/cmake_prefix_path.ps1'
[106.833s] INFO:colcon.colcon_core.shell:Creating environment descriptor '/home/a/px4_ros_uxrce_dds_ws/install/microxrcedds_agent/share/microxrcedds_agent/hook/cmake_prefix_path.dsv'
[106.833s] INFO:colcon.colcon_core.shell:Creating environment hook '/home/a/px4_ros_uxrce_dds_ws/install/microxrcedds_agent/share/microxrcedds_agent/hook/cmake_prefix_path.sh'
[106.834s] Level 1:colcon.colcon_core.environment:checking '/home/a/px4_ros_uxrce_dds_ws/install/microxrcedds_agent/lib'
[106.834s] Level 1:colcon.colcon_core.shell:create_environment_hook('microxrcedds_agent', 'ld_library_path_lib')
[106.834s] INFO:colcon.colcon_core.shell:Creating environment hook '/home/a/px4_ros_uxrce_dds_ws/install/microxrcedds_agent/share/microxrcedds_agent/hook/ld_library_path_lib.ps1'
[106.834s] INFO:colcon.colcon_core.shell:Creating environment descriptor '/home/a/px4_ros_uxrce_dds_ws/install/microxrcedds_agent/share/microxrcedds_agent/hook/ld_library_path_lib.dsv'
[106.835s] INFO:colcon.colcon_core.shell:Creating environment hook '/home/a/px4_ros_uxrce_dds_ws/install/microxrcedds_agent/share/microxrcedds_agent/hook/ld_library_path_lib.sh'
[106.835s] Level 1:colcon.colcon_core.environment:checking '/home/a/px4_ros_uxrce_dds_ws/install/microxrcedds_agent/bin'
[106.835s] Level 1:colcon.colcon_core.shell:create_environment_hook('microxrcedds_agent', 'path')
[106.835s] INFO:colcon.colcon_core.shell:Creating environment hook '/home/a/px4_ros_uxrce_dds_ws/install/microxrcedds_agent/share/microxrcedds_agent/hook/path.ps1'
[106.835s] INFO:colcon.colcon_core.shell:Creating environment descriptor '/home/a/px4_ros_uxrce_dds_ws/install/microxrcedds_agent/share/microxrcedds_agent/hook/path.dsv'
[106.835s] INFO:colcon.colcon_core.shell:Creating environment hook '/home/a/px4_ros_uxrce_dds_ws/install/microxrcedds_agent/share/microxrcedds_agent/hook/path.sh'
[106.836s] Level 1:colcon.colcon_core.environment:checking '/home/a/px4_ros_uxrce_dds_ws/install/microxrcedds_agent/lib/pkgconfig/microxrcedds_agent.pc'
[106.836s] Level 1:colcon.colcon_core.environment:checking '/home/a/px4_ros_uxrce_dds_ws/install/microxrcedds_agent/lib/python3.8/site-packages'
[106.836s] Level 1:colcon.colcon_core.environment:checking '/home/a/px4_ros_uxrce_dds_ws/install/microxrcedds_agent/bin'
[106.836s] Level 1:colcon.colcon_core.shell:create_environment_hook('microxrcedds_agent', 'pythonscriptspath')
[106.836s] INFO:colcon.colcon_core.shell:Creating environment hook '/home/a/px4_ros_uxrce_dds_ws/install/microxrcedds_agent/share/microxrcedds_agent/hook/pythonscriptspath.ps1'
[106.837s] INFO:colcon.colcon_core.shell:Creating environment descriptor '/home/a/px4_ros_uxrce_dds_ws/install/microxrcedds_agent/share/microxrcedds_agent/hook/pythonscriptspath.dsv'
[106.837s] INFO:colcon.colcon_core.shell:Creating environment hook '/home/a/px4_ros_uxrce_dds_ws/install/microxrcedds_agent/share/microxrcedds_agent/hook/pythonscriptspath.sh'
[106.837s] INFO:colcon.colcon_core.shell:Creating package script '/home/a/px4_ros_uxrce_dds_ws/install/microxrcedds_agent/share/microxrcedds_agent/package.ps1'
[106.838s] INFO:colcon.colcon_core.shell:Creating package descriptor '/home/a/px4_ros_uxrce_dds_ws/install/microxrcedds_agent/share/microxrcedds_agent/package.dsv'
[106.839s] INFO:colcon.colcon_core.shell:Creating package script '/home/a/px4_ros_uxrce_dds_ws/install/microxrcedds_agent/share/microxrcedds_agent/package.sh'
[106.839s] INFO:colcon.colcon_core.shell:Creating package script '/home/a/px4_ros_uxrce_dds_ws/install/microxrcedds_agent/share/microxrcedds_agent/package.bash'
[106.840s] INFO:colcon.colcon_core.shell:Creating package script '/home/a/px4_ros_uxrce_dds_ws/install/microxrcedds_agent/share/microxrcedds_agent/package.zsh'
[106.840s] Level 1:colcon.colcon_core.environment:create_file_with_runtime_dependencies(/home/a/px4_ros_uxrce_dds_ws/install/microxrcedds_agent/share/colcon-core/packages/microxrcedds_agent)
[106.842s] DEBUG:colcon.colcon_parallel_executor.executor.parallel:closing loop
[106.842s] DEBUG:colcon.colcon_parallel_executor.executor.parallel:loop closed
[106.842s] DEBUG:colcon.colcon_parallel_executor.executor.parallel:run_until_complete finished with '0'
[106.842s] DEBUG:colcon.colcon_core.event_reactor:joining thread
[106.848s] INFO:colcon.colcon_core.plugin_system:Skipping extension 'colcon_notification.desktop_notification.terminal_notifier': Not used on non-Darwin systems
[106.848s] INFO:colcon.colcon_core.plugin_system:Skipping extension 'colcon_notification.desktop_notification.win32': Not used on non-Windows systems
[106.848s] INFO:colcon.colcon_notification.desktop_notification:Sending desktop notification using 'notify2'
[106.864s] DEBUG:colcon.colcon_core.event_reactor:joined thread
[106.864s] INFO:colcon.colcon_core.shell:Creating prefix script '/home/a/px4_ros_uxrce_dds_ws/install/local_setup.ps1'
[106.865s] INFO:colcon.colcon_core.shell:Creating prefix util module '/home/a/px4_ros_uxrce_dds_ws/install/_local_setup_util_ps1.py'
[106.867s] INFO:colcon.colcon_core.shell:Creating prefix chain script '/home/a/px4_ros_uxrce_dds_ws/install/setup.ps1'
[106.868s] INFO:colcon.colcon_core.shell:Creating prefix script '/home/a/px4_ros_uxrce_dds_ws/install/local_setup.sh'
[106.869s] INFO:colcon.colcon_core.shell:Creating prefix util module '/home/a/px4_ros_uxrce_dds_ws/install/_local_setup_util_sh.py'
[106.870s] INFO:colcon.colcon_core.shell:Creating prefix chain script '/home/a/px4_ros_uxrce_dds_ws/install/setup.sh'
[106.873s] INFO:colcon.colcon_core.shell:Creating prefix script '/home/a/px4_ros_uxrce_dds_ws/install/local_setup.bash'
[106.874s] INFO:colcon.colcon_core.shell:Creating prefix chain script '/home/a/px4_ros_uxrce_dds_ws/install/setup.bash'
[106.875s] INFO:colcon.colcon_core.shell:Creating prefix script '/home/a/px4_ros_uxrce_dds_ws/install/local_setup.zsh'
[106.876s] INFO:colcon.colcon_core.shell:Creating prefix chain script '/home/a/px4_ros_uxrce_dds_ws/install/setup.zsh'
