[0.014s] Invoking command in '/home/a/uav/build/my_uav': /usr/bin/cmake --build /home/a/uav/build/my_uav -- -j2 -l2
[0.074s] [  4%] [32mBuilding CXX object CMakeFiles/uav_control_node.dir/src/uav_control_node.cpp.o[0m
[0.088s] [ 13%] Built target image_sub
[0.124s] [ 22%] Built target internlm_m_node
[0.163s] [ 31%] Built target internvl
[0.194s] [ 40%] Built target internlm_m_listener
[0.232s] [ 50%] Built target internvl_p
[0.293s] [ 59%] Built target internvl_listener
[0.338s] [ 68%] Built target gps_sub
[0.371s] [ 77%] Built target ray_sub
[0.394s] [ 86%] Built target camera_listener
[0.421s] [ 95%] Built target ray_listener
[5.111s] [100%] [32m[1mLinking CXX executable uav_control_node[0m
[5.403s] [100%] Built target uav_control_node
[5.439s] Invoked command in '/home/a/uav/build/my_uav' returned '0': /usr/bin/cmake --build /home/a/uav/build/my_uav -- -j2 -l2
[5.462s] Invoking command in '/home/a/uav/build/my_uav': /usr/bin/cmake --install /home/a/uav/build/my_uav
[5.478s] -- Install configuration: ""
[5.479s] -- Up-to-date: /home/a/uav/install/my_uav/share/my_uav/launch
[5.482s] -- Up-to-date: /home/a/uav/install/my_uav/share/my_uav/launch/sitl.launch
[5.483s] -- Up-to-date: /home/a/uav/install/my_uav/share/my_uav/launch/p450.py
[5.483s] -- Up-to-date: /home/a/uav/install/my_uav/share/my_uav/launch/gz_launch.py
[5.483s] -- Up-to-date: /home/a/uav/install/my_uav/share/my_uav/launch/cam_sub.launch.py
[5.483s] -- Up-to-date: /home/a/uav/install/my_uav/share/my_uav/models
[5.483s] -- Up-to-date: /home/a/uav/install/my_uav/share/my_uav/models/p450_2Dlidar_depth
[5.483s] -- Up-to-date: /home/a/uav/install/my_uav/share/my_uav/models/p450_2Dlidar_depth/p450_2Dlidar_depth_3.sdf.last_generated
[5.484s] -- Up-to-date: /home/a/uav/install/my_uav/share/my_uav/models/p450_2Dlidar_depth/p450_2Dlidar_depth_2.sdf.last_generated
[5.484s] -- Up-to-date: /home/a/uav/install/my_uav/share/my_uav/models/p450_2Dlidar_depth/p450_2Dlidar_depth_1.sdf.last_generated
[5.484s] -- Up-to-date: /home/a/uav/install/my_uav/share/my_uav/models/p450_2Dlidar_depth/p450_2Dlidar_depth_0.sdf
[5.484s] -- Up-to-date: /home/a/uav/install/my_uav/share/my_uav/models/p450_2Dlidar_depth/p450_2Dlidar_depth_0.sdf.last_generated
[5.484s] -- Up-to-date: /home/a/uav/install/my_uav/share/my_uav/models/p450_2Dlidar_depth/p450_2Dlidar_depth_1.sdf
[5.484s] -- Up-to-date: /home/a/uav/install/my_uav/share/my_uav/models/p450_2Dlidar_depth/model.config
[5.484s] -- Up-to-date: /home/a/uav/install/my_uav/share/my_uav/models/p450_2Dlidar_depth/p450_2Dlidar_depth.sdf
[5.484s] -- Up-to-date: /home/a/uav/install/my_uav/share/my_uav/models/p450_2Dlidar_depth/p450_2Dlidar_depth_3.sdf
[5.484s] -- Up-to-date: /home/a/uav/install/my_uav/share/my_uav/models/p450_2Dlidar_depth/p450_2Dlidar_depth_-m.sdf
[5.484s] -- Up-to-date: /home/a/uav/install/my_uav/share/my_uav/models/p450_2Dlidar_depth/p450_2Dlidar_depth_2.sdf
[5.484s] -- Up-to-date: /home/a/uav/install/my_uav/share/my_uav/models/p450_2Dlidar_depth/p450_2Dlidar_depth_-m.sdf.last_generated
[5.485s] -- Up-to-date: /home/a/uav/install/my_uav/share/my_uav/models/p450
[5.485s] -- Up-to-date: /home/a/uav/install/my_uav/share/my_uav/models/p450/p450_1.sdf
[5.485s] -- Up-to-date: /home/a/uav/install/my_uav/share/my_uav/models/p450/p450_2.sdf.last_generated
[5.485s] -- Up-to-date: /home/a/uav/install/my_uav/share/my_uav/models/p450/p450.sdf.jinja
[5.485s] -- Up-to-date: /home/a/uav/install/my_uav/share/my_uav/models/p450/p450_1.sdf.last_generated
[5.485s] -- Up-to-date: /home/a/uav/install/my_uav/share/my_uav/models/p450/model.config
[5.485s] -- Up-to-date: /home/a/uav/install/my_uav/share/my_uav/models/p450/p450_2.sdf
[5.485s] -- Up-to-date: /home/a/uav/install/my_uav/share/my_uav/models/p450/meshes
[5.485s] -- Up-to-date: /home/a/uav/install/my_uav/share/my_uav/models/p450/meshes/p450_ccw.stl
[5.486s] -- Up-to-date: /home/a/uav/install/my_uav/share/my_uav/models/p450/meshes/p450.stl
[5.486s] -- Up-to-date: /home/a/uav/install/my_uav/share/my_uav/models/p450/meshes/p450_cw.stl
[5.486s] -- Up-to-date: /home/a/uav/install/my_uav/share/my_uav/models/p450/p450.sdf
[5.486s] -- Up-to-date: /home/a/uav/install/my_uav/share/my_uav/models/hokuyo_ust_20lx
[5.486s] -- Up-to-date: /home/a/uav/install/my_uav/share/my_uav/models/hokuyo_ust_20lx/hokuyo_ust_20lx.sdf
[5.486s] -- Up-to-date: /home/a/uav/install/my_uav/share/my_uav/models/hokuyo_ust_20lx/hokuyo_ust_20lx_2.sdf.last_generated
[5.486s] -- Up-to-date: /home/a/uav/install/my_uav/share/my_uav/models/hokuyo_ust_20lx/model.config
[5.487s] -- Up-to-date: /home/a/uav/install/my_uav/share/my_uav/models/hokuyo_ust_20lx/hokuyo_ust_20lx_2.sdf
[5.487s] -- Up-to-date: /home/a/uav/install/my_uav/share/my_uav/models/hokuyo_ust_20lx/hokuyo_ust_20lx_1.sdf
[5.487s] -- Up-to-date: /home/a/uav/install/my_uav/share/my_uav/models/hokuyo_ust_20lx/hokuyo_ust_20lx_1.sdf.last_generated
[5.487s] -- Up-to-date: /home/a/uav/install/my_uav/share/my_uav/models/p450_hokuyo_2Dlidar
[5.487s] -- Up-to-date: /home/a/uav/install/my_uav/share/my_uav/models/p450_hokuyo_2Dlidar/p450_hokuyo_2Dlidar.sdf
[5.487s] -- Up-to-date: /home/a/uav/install/my_uav/share/my_uav/models/p450_hokuyo_2Dlidar/model.config
[5.487s] -- Up-to-date: /home/a/uav/install/my_uav/share/my_uav/models/depth
[5.487s] -- Up-to-date: /home/a/uav/install/my_uav/share/my_uav/models/depth/model.config
[5.488s] -- Up-to-date: /home/a/uav/install/my_uav/share/my_uav/models/depth/depth.sdf
[5.488s] -- Up-to-date: /home/a/uav/install/my_uav/share/my_uav/models/D435i
[5.488s] -- Up-to-date: /home/a/uav/install/my_uav/share/my_uav/models/D435i/materials
[5.488s] -- Up-to-date: /home/a/uav/install/my_uav/share/my_uav/models/D435i/materials/textures
[5.488s] -- Up-to-date: /home/a/uav/install/my_uav/share/my_uav/models/D435i/materials/textures/realsense_diffuse.png
[5.488s] -- Up-to-date: /home/a/uav/install/my_uav/share/my_uav/models/D435i/model.config
[5.488s] -- Up-to-date: /home/a/uav/install/my_uav/share/my_uav/models/D435i/D435i.sdf
[5.488s] -- Up-to-date: /home/a/uav/install/my_uav/share/my_uav/models/D435i/meshes
[5.488s] -- Up-to-date: /home/a/uav/install/my_uav/share/my_uav/models/D435i/meshes/realsense_d435.stl
[5.489s] -- Up-to-date: /home/a/uav/install/my_uav/share/my_uav/models/D435i/meshes/D435i.dae
[5.489s] -- Up-to-date: /home/a/uav/install/my_uav/share/my_uav/models/p450_depth
[5.489s] -- Up-to-date: /home/a/uav/install/my_uav/share/my_uav/models/p450_depth/model.config
[5.489s] -- Up-to-date: /home/a/uav/install/my_uav/share/my_uav/models/p450_depth/p450_depth.sdf
[5.489s] -- Up-to-date: /home/a/uav/install/my_uav/share/my_uav/worlds
[5.489s] -- Up-to-date: /home/a/uav/install/my_uav/share/my_uav/worlds/leida.world
[5.489s] -- Up-to-date: /home/a/uav/install/my_uav/share/my_uav/worlds/my.world
[5.490s] -- Up-to-date: /home/a/uav/install/my_uav/share/my_uav/worlds/baylands.world
[5.490s] -- Up-to-date: /home/a/uav/install/my_uav/share/my_uav/worlds/safe_landing.world
[5.490s] -- Up-to-date: /home/a/uav/install/my_uav/share/my_uav/worlds/yosemite.world
[5.490s] -- Up-to-date: /home/a/uav/install/my_uav/share/my_uav/worlds/mcmillan_airfield.world
[5.490s] -- Up-to-date: /home/a/uav/install/my_uav/share/my_uav/worlds/cam.world
[5.490s] -- Up-to-date: /home/a/uav/install/my_uav/share/my_uav/worlds/sonoma_raceway.world
[5.490s] -- Up-to-date: /home/a/uav/install/my_uav/share/my_uav/worlds/empty_world.world
[5.490s] -- Up-to-date: /home/a/uav/install/my_uav/lib/my_uav/my_python_node.py
[5.490s] -- Installing: /home/a/uav/install/my_uav/lib/my_uav/uav_control_node
[5.491s] -- Set runtime path of "/home/a/uav/install/my_uav/lib/my_uav/uav_control_node" to ""
[5.491s] -- Up-to-date: /home/a/uav/install/my_uav/lib/my_uav/internlm_m_node
[5.491s] -- Up-to-date: /home/a/uav/install/my_uav/lib/my_uav/internvl
[5.491s] -- Up-to-date: /home/a/uav/install/my_uav/lib/my_uav/internlm_m_listener
[5.491s] -- Up-to-date: /home/a/uav/install/my_uav/lib/my_uav/internvl_listener
[5.491s] -- Up-to-date: /home/a/uav/install/my_uav/lib/my_uav/internvl_p
[5.491s] -- Up-to-date: /home/a/uav/install/my_uav/lib/my_uav/image_sub
[5.491s] -- Up-to-date: /home/a/uav/install/my_uav/lib/my_uav/gps_sub
[5.492s] -- Up-to-date: /home/a/uav/install/my_uav/lib/my_uav/ray_sub
[5.492s] -- Up-to-date: /home/a/uav/install/my_uav/lib/my_uav/camera_listener
[5.492s] -- Up-to-date: /home/a/uav/install/my_uav/lib/my_uav/ray_listener
[5.492s] -- Up-to-date: /home/a/uav/install/my_uav/share/ament_index/resource_index/package_run_dependencies/my_uav
[5.492s] -- Up-to-date: /home/a/uav/install/my_uav/share/ament_index/resource_index/parent_prefix_path/my_uav
[5.493s] -- Up-to-date: /home/a/uav/install/my_uav/share/my_uav/environment/ament_prefix_path.sh
[5.493s] -- Up-to-date: /home/a/uav/install/my_uav/share/my_uav/environment/ament_prefix_path.dsv
[5.493s] -- Up-to-date: /home/a/uav/install/my_uav/share/my_uav/environment/path.sh
[5.493s] -- Up-to-date: /home/a/uav/install/my_uav/share/my_uav/environment/path.dsv
[5.493s] -- Up-to-date: /home/a/uav/install/my_uav/share/my_uav/local_setup.bash
[5.493s] -- Up-to-date: /home/a/uav/install/my_uav/share/my_uav/local_setup.sh
[5.493s] -- Up-to-date: /home/a/uav/install/my_uav/share/my_uav/local_setup.zsh
[5.493s] -- Up-to-date: /home/a/uav/install/my_uav/share/my_uav/local_setup.dsv
[5.494s] -- Installing: /home/a/uav/install/my_uav/share/my_uav/package.dsv
[5.494s] -- Up-to-date: /home/a/uav/install/my_uav/share/ament_index/resource_index/packages/my_uav
[5.494s] -- Up-to-date: /home/a/uav/install/my_uav/share/my_uav/cmake/my_uavConfig.cmake
[5.494s] -- Up-to-date: /home/a/uav/install/my_uav/share/my_uav/cmake/my_uavConfig-version.cmake
[5.494s] -- Up-to-date: /home/a/uav/install/my_uav/share/my_uav/package.xml
[5.496s] Invoked command in '/home/a/uav/build/my_uav' returned '0': /usr/bin/cmake --install /home/a/uav/build/my_uav
