[0.013s] Invoking command in '/home/a/uav/build/my_uav': CMAKE_PREFIX_PATH=${CMAKE_PREFIX_PATH}:/opt/ros/galactic /usr/bin/cmake --build /home/a/uav/build/my_uav -- -j2 -l2
[0.076s] [ 10%] Built target uav_control_node
[0.085s] [ 20%] Built target image_sub
[0.107s] [ 30%] Built target internlm_m_node
[0.124s] [35m[1mScanning dependencies of target internlm_m_listener[0m
[0.125s] [ 40%] Built target internvl
[0.142s] [35m[1mScanning dependencies of target internvl_listener[0m
[0.158s] [ 45%] [32mBuilding CXX object CMakeFiles/internlm_m_listener.dir/src/internlm_m_listener.cpp.o[0m
[0.189s] [ 50%] [32mBuilding CXX object CMakeFiles/internvl_listener.dir/src/internvl_listener.cpp.o[0m
[12.081s] [ 55%] [32m[1mLinking CXX executable internlm_m_listener[0m
[12.951s] [ 55%] Built target internlm_m_listener
[12.975s] [35m[1mScanning dependencies of target gps_sub[0m
[13.011s] [ 60%] [32mBuilding CXX object CMakeFiles/gps_sub.dir/src/gps_sub.cpp.o[0m
[19.864s] [ 65%] [32m[1mLinking CXX executable internvl_listener[0m
[21.455s] [ 65%] Built target internvl_listener
[21.499s] [ 75%] Built target ray_sub
[21.537s] [ 85%] Built target camera_listener
[21.582s] [ 95%] Built target ray_listener
[24.021s] [100%] [32m[1mLinking CXX executable gps_sub[0m
[24.677s] [100%] Built target gps_sub
[24.690s] Invoked command in '/home/a/uav/build/my_uav' returned '0': CMAKE_PREFIX_PATH=${CMAKE_PREFIX_PATH}:/opt/ros/galactic /usr/bin/cmake --build /home/a/uav/build/my_uav -- -j2 -l2
[24.700s] Invoking command in '/home/a/uav/build/my_uav': CMAKE_PREFIX_PATH=${CMAKE_PREFIX_PATH}:/opt/ros/galactic /usr/bin/cmake --install /home/a/uav/build/my_uav
[24.714s] -- Install configuration: ""
[24.714s] -- Up-to-date: /home/a/uav/install/my_uav/share/my_uav/launch
[24.714s] -- Up-to-date: /home/a/uav/install/my_uav/share/my_uav/launch/sitl.launch
[24.714s] -- Up-to-date: /home/a/uav/install/my_uav/share/my_uav/launch/p450.py
[24.714s] -- Up-to-date: /home/a/uav/install/my_uav/share/my_uav/launch/gz_launch.py
[24.714s] -- Up-to-date: /home/a/uav/install/my_uav/share/my_uav/launch/cam_sub.launch.py
[24.714s] -- Up-to-date: /home/a/uav/install/my_uav/share/my_uav/models
[24.714s] -- Up-to-date: /home/a/uav/install/my_uav/share/my_uav/models/p450_2Dlidar_depth
[24.716s] -- Installing: /home/a/uav/install/my_uav/share/my_uav/models/p450_2Dlidar_depth/p450_2Dlidar_depth_1.sdf.last_generated
[24.717s] -- Installing: /home/a/uav/install/my_uav/share/my_uav/models/p450_2Dlidar_depth/p450_2Dlidar_depth_1.sdf
[24.719s] -- Up-to-date: /home/a/uav/install/my_uav/share/my_uav/models/p450_2Dlidar_depth/model.config
[24.719s] -- Up-to-date: /home/a/uav/install/my_uav/share/my_uav/models/p450_2Dlidar_depth/p450_2Dlidar_depth.sdf
[24.719s] -- Up-to-date: /home/a/uav/install/my_uav/share/my_uav/models/p450
[24.719s] -- Installing: /home/a/uav/install/my_uav/share/my_uav/models/p450/p450.sdf.jinja
[24.721s] -- Up-to-date: /home/a/uav/install/my_uav/share/my_uav/models/p450/model.config
[24.721s] -- Up-to-date: /home/a/uav/install/my_uav/share/my_uav/models/p450/meshes
[24.721s] -- Up-to-date: /home/a/uav/install/my_uav/share/my_uav/models/p450/meshes/p450_ccw.stl
[24.721s] -- Up-to-date: /home/a/uav/install/my_uav/share/my_uav/models/p450/meshes/p450.stl
[24.721s] -- Up-to-date: /home/a/uav/install/my_uav/share/my_uav/models/p450/meshes/p450_cw.stl
[24.721s] -- Up-to-date: /home/a/uav/install/my_uav/share/my_uav/models/p450/p450.sdf
[24.721s] -- Up-to-date: /home/a/uav/install/my_uav/share/my_uav/models/hokuyo_ust_20lx
[24.722s] -- Up-to-date: /home/a/uav/install/my_uav/share/my_uav/models/hokuyo_ust_20lx/hokuyo_ust_20lx.sdf
[24.722s] -- Up-to-date: /home/a/uav/install/my_uav/share/my_uav/models/hokuyo_ust_20lx/model.config
[24.722s] -- Up-to-date: /home/a/uav/install/my_uav/share/my_uav/models/p450_hokuyo_2Dlidar
[24.723s] -- Up-to-date: /home/a/uav/install/my_uav/share/my_uav/models/p450_hokuyo_2Dlidar/p450_hokuyo_2Dlidar.sdf
[24.723s] -- Up-to-date: /home/a/uav/install/my_uav/share/my_uav/models/p450_hokuyo_2Dlidar/model.config
[24.723s] -- Up-to-date: /home/a/uav/install/my_uav/share/my_uav/models/depth
[24.723s] -- Up-to-date: /home/a/uav/install/my_uav/share/my_uav/models/depth/model.config
[24.723s] -- Up-to-date: /home/a/uav/install/my_uav/share/my_uav/models/depth/depth.sdf
[24.723s] -- Up-to-date: /home/a/uav/install/my_uav/share/my_uav/models/D435i
[24.724s] -- Up-to-date: /home/a/uav/install/my_uav/share/my_uav/models/D435i/materials
[24.724s] -- Up-to-date: /home/a/uav/install/my_uav/share/my_uav/models/D435i/materials/textures
[24.725s] -- Up-to-date: /home/a/uav/install/my_uav/share/my_uav/models/D435i/materials/textures/realsense_diffuse.png
[24.725s] -- Up-to-date: /home/a/uav/install/my_uav/share/my_uav/models/D435i/model.config
[24.725s] -- Up-to-date: /home/a/uav/install/my_uav/share/my_uav/models/D435i/D435i.sdf
[24.725s] -- Up-to-date: /home/a/uav/install/my_uav/share/my_uav/models/D435i/meshes
[24.725s] -- Up-to-date: /home/a/uav/install/my_uav/share/my_uav/models/D435i/meshes/realsense_d435.stl
[24.725s] -- Up-to-date: /home/a/uav/install/my_uav/share/my_uav/models/D435i/meshes/D435i.dae
[24.725s] -- Up-to-date: /home/a/uav/install/my_uav/share/my_uav/models/p450_depth
[24.725s] -- Up-to-date: /home/a/uav/install/my_uav/share/my_uav/models/p450_depth/model.config
[24.726s] -- Up-to-date: /home/a/uav/install/my_uav/share/my_uav/models/p450_depth/p450_depth.sdf
[24.726s] -- Up-to-date: /home/a/uav/install/my_uav/share/my_uav/worlds
[24.726s] -- Up-to-date: /home/a/uav/install/my_uav/share/my_uav/worlds/leida.world
[24.726s] -- Up-to-date: /home/a/uav/install/my_uav/share/my_uav/worlds/my.world
[24.726s] -- Up-to-date: /home/a/uav/install/my_uav/share/my_uav/worlds/baylands.world
[24.726s] -- Up-to-date: /home/a/uav/install/my_uav/share/my_uav/worlds/safe_landing.world
[24.726s] -- Up-to-date: /home/a/uav/install/my_uav/share/my_uav/worlds/yosemite.world
[24.726s] -- Up-to-date: /home/a/uav/install/my_uav/share/my_uav/worlds/mcmillan_airfield.world
[24.726s] -- Up-to-date: /home/a/uav/install/my_uav/share/my_uav/worlds/cam.world
[24.726s] -- Up-to-date: /home/a/uav/install/my_uav/share/my_uav/worlds/sonoma_raceway.world
[24.726s] -- Up-to-date: /home/a/uav/install/my_uav/share/my_uav/worlds/empty_world.world
[24.726s] -- Up-to-date: /home/a/uav/install/my_uav/lib/my_uav/my_python_node.py
[24.727s] -- Up-to-date: /home/a/uav/install/my_uav/lib/my_uav/uav_control_node
[24.729s] -- Up-to-date: /home/a/uav/install/my_uav/lib/my_uav/internlm_m_node
[24.730s] -- Up-to-date: /home/a/uav/install/my_uav/lib/my_uav/internvl
[24.731s] -- Installing: /home/a/uav/install/my_uav/lib/my_uav/internlm_m_listener
[24.735s] -- Set runtime path of "/home/a/uav/install/my_uav/lib/my_uav/internlm_m_listener" to ""
[24.736s] -- Installing: /home/a/uav/install/my_uav/lib/my_uav/internvl_listener
[24.742s] -- Set runtime path of "/home/a/uav/install/my_uav/lib/my_uav/internvl_listener" to ""
[24.743s] -- Up-to-date: /home/a/uav/install/my_uav/lib/my_uav/image_sub
[24.745s] -- Installing: /home/a/uav/install/my_uav/lib/my_uav/gps_sub
[24.748s] -- Set runtime path of "/home/a/uav/install/my_uav/lib/my_uav/gps_sub" to ""
[24.749s] -- Up-to-date: /home/a/uav/install/my_uav/lib/my_uav/ray_sub
[24.750s] -- Up-to-date: /home/a/uav/install/my_uav/lib/my_uav/camera_listener
[24.752s] -- Up-to-date: /home/a/uav/install/my_uav/lib/my_uav/ray_listener
[24.753s] -- Up-to-date: /home/a/uav/install/my_uav/share/ament_index/resource_index/package_run_dependencies/my_uav
[24.754s] -- Up-to-date: /home/a/uav/install/my_uav/share/ament_index/resource_index/parent_prefix_path/my_uav
[24.754s] -- Up-to-date: /home/a/uav/install/my_uav/share/my_uav/environment/ament_prefix_path.sh
[24.754s] -- Up-to-date: /home/a/uav/install/my_uav/share/my_uav/environment/ament_prefix_path.dsv
[24.754s] -- Up-to-date: /home/a/uav/install/my_uav/share/my_uav/environment/path.sh
[24.754s] -- Up-to-date: /home/a/uav/install/my_uav/share/my_uav/environment/path.dsv
[24.754s] -- Up-to-date: /home/a/uav/install/my_uav/share/my_uav/local_setup.bash
[24.754s] -- Up-to-date: /home/a/uav/install/my_uav/share/my_uav/local_setup.sh
[24.754s] -- Up-to-date: /home/a/uav/install/my_uav/share/my_uav/local_setup.zsh
[24.754s] -- Up-to-date: /home/a/uav/install/my_uav/share/my_uav/local_setup.dsv
[24.754s] -- Installing: /home/a/uav/install/my_uav/share/my_uav/package.dsv
[24.755s] -- Up-to-date: /home/a/uav/install/my_uav/share/ament_index/resource_index/packages/my_uav
[24.755s] -- Up-to-date: /home/a/uav/install/my_uav/share/my_uav/cmake/my_uavConfig.cmake
[24.755s] -- Up-to-date: /home/a/uav/install/my_uav/share/my_uav/cmake/my_uavConfig-version.cmake
[24.755s] -- Up-to-date: /home/a/uav/install/my_uav/share/my_uav/package.xml
[24.758s] Invoked command in '/home/a/uav/build/my_uav' returned '0': CMAKE_PREFIX_PATH=${CMAKE_PREFIX_PATH}:/opt/ros/galactic /usr/bin/cmake --install /home/a/uav/build/my_uav
