[0.024s] Invoking command in '/home/a/ros2_ws/build/px4_ros_com': CMAKE_PREFIX_PATH=/home/a/ros2_ws/install/px4_msgs:/home/a/ros2_ws/install/px4_ros_com:/home/a/ros2_ws/install/my_uav:/opt/ros/galactic LD_LIBRARY_PATH=/home/a/ros2_ws/install/px4_msgs/lib:/home/a/ros2_ws/install/px4_ros_com/lib:/usr/lib/x86_64-linux-gnu/gazebo-11/plugins:/opt/ros/galactic/opt/yaml_cpp_vendor/lib:/opt/ros/galactic/opt/rviz_ogre_vendor/lib:/opt/ros/galactic/lib/x86_64-linux-gnu:/opt/ros/galactic/lib:/home/a/PX4-Autopilot/build/px4_sitl_default/build_gazebo-classic /usr/bin/cmake --build /home/a/ros2_ws/build/px4_ros_com -- -j2 -l2
[0.095s] [  5%] Built target my_uav_node
[0.100s] [ 11%] Built target offboard_control_mode
[0.138s] [ 17%] Built target commander
[0.148s] [ 23%] Built target arm
[0.175s] [ 29%] Built target offboard_position_control
[0.189s] [ 35%] Built target rates_setpoint
[0.209s] [ 41%] Built target frame_transforms
[0.231s] [ 47%] Built target sensor_combined_listener
[0.252s] [ 52%] Built target vehicle_gps_position_listener
[0.271s] [ 58%] Built target debug_vect_advertiser
[0.290s] [ 64%] Built target point
[0.329s] [ 70%] Built target trajectory_setpoint
[0.365s] [ 76%] Built target vel_yaw
[0.407s] [ 82%] Built target vehicle_attitude_listener
[0.418s] [ 88%] Built target vehicle_status
[0.461s] [35m[1mScanning dependencies of target offboard_control[0m
[0.473s] [ 94%] Built target param_test
[0.517s] [ 97%] [32mBuilding CXX object CMakeFiles/offboard_control.dir/src/examples/offboard/offboard_control.cpp.o[0m
[3.265s] [01m[K/home/a/ros2_ws/src/px4_ros_com/src/examples/offboard/offboard_control.cpp:141:59:[m[K [01;31m[Kerror: [m[Kexpected ‘[01m[K;[m[K’ at end of member declaration
[3.265s]   141 |  void publish_trajectory_setpoint2(float x,float y,float z[01;31m[K)[m[K
[3.265s]       |                                                           [01;31m[K^[m[K
[3.265s]       |                                                            [32m[K;[m[K
[3.300s] [01m[K/home/a/ros2_ws/src/px4_ros_com/src/examples/offboard/offboard_control.cpp:151:6:[m[K [01;31m[Kerror: [m[K‘[01m[KPoint[m[K’ has not been declared
[3.300s]   151 | void [01;31m[KPoint[m[K::publish_trajectory_setpoint2(float x,float y,float z)
[3.300s]       |      [01;31m[K^~~~~[m[K
[3.300s] [01m[K/home/a/ros2_ws/src/px4_ros_com/src/examples/offboard/offboard_control.cpp:[m[K In function ‘[01m[Kvoid publish_trajectory_setpoint2(float, float, float)[m[K’:
[3.300s] [01m[K/home/a/ros2_ws/src/px4_ros_com/src/examples/offboard/offboard_control.cpp:157:18:[m[K [01;31m[Kerror: [m[Kinvalid use of ‘[01m[Kthis[m[K’ in non-member function
[3.300s]   157 |  msg.timestamp = [01;31m[Kthis[m[K->get_clock()->now().nanoseconds() / 1000;
[3.300s]       |                  [01;31m[K^~~~[m[K
[3.308s] [01m[K/home/a/ros2_ws/src/px4_ros_com/src/examples/offboard/offboard_control.cpp:158:2:[m[K [01;31m[Kerror: [m[K‘[01m[Ktrajectory_setpoint_publisher_[m[K’ was not declared in this scope
[3.309s]   158 |  [01;31m[Ktrajectory_setpoint_publisher_[m[K->publish(msg);
[3.309s]       |  [01;31m[K^~~~~~~~~~~~~~~~~~~~~~~~~~~~~~[m[K
[6.340s] make[2]: *** [CMakeFiles/offboard_control.dir/build.make:63：CMakeFiles/offboard_control.dir/src/examples/offboard/offboard_control.cpp.o] 错误 1
[6.341s] make[1]: *** [CMakeFiles/Makefile2:569：CMakeFiles/offboard_control.dir/all] 错误 2
[6.342s] make: *** [Makefile:141：all] 错误 2
[6.343s] Invoked command in '/home/a/ros2_ws/build/px4_ros_com' returned '2': CMAKE_PREFIX_PATH=/home/a/ros2_ws/install/px4_msgs:/home/a/ros2_ws/install/px4_ros_com:/home/a/ros2_ws/install/my_uav:/opt/ros/galactic LD_LIBRARY_PATH=/home/a/ros2_ws/install/px4_msgs/lib:/home/a/ros2_ws/install/px4_ros_com/lib:/usr/lib/x86_64-linux-gnu/gazebo-11/plugins:/opt/ros/galactic/opt/yaml_cpp_vendor/lib:/opt/ros/galactic/opt/rviz_ogre_vendor/lib:/opt/ros/galactic/lib/x86_64-linux-gnu:/opt/ros/galactic/lib:/home/a/PX4-Autopilot/build/px4_sitl_default/build_gazebo-classic /usr/bin/cmake --build /home/a/ros2_ws/build/px4_ros_com -- -j2 -l2
