-- Found ament_cmake: 1.1.6 (/opt/ros/galactic/share/ament_cmake/cmake)
-- Using PYTHON_EXECUTABLE: /usr/bin/python3
-- Override CMake install command with custom implementation using symlinks instead of copying resources
-- Found builtin_interfaces: 1.0.3 (/opt/ros/galactic/share/builtin_interfaces/cmake)
-- Using all available rosidl_typesupport_c: rosidl_typesupport_fastrtps_c;rosidl_typesupport_introspection_c
-- Found rosidl_adapter: 2.2.3 (/opt/ros/galactic/share/rosidl_adapter/cmake)
-- Using all available rosidl_typesupport_cpp: rosidl_typesupport_fastrtps_cpp;rosidl_typesupport_introspection_cpp
-- Found eigen3_cmake_module: 0.1.1 (/opt/ros/galactic/share/eigen3_cmake_module/cmake)
-- Found geometry_msgs: 2.2.4 (/opt/ros/galactic/share/geometry_msgs/cmake)
-- Found px4_msgs: 2.0.1 (/home/a/ros2_ws/install/px4_msgs/share/px4_msgs/cmake)
-- Found rclcpp: 9.2.2 (/opt/ros/galactic/share/rclcpp/cmake)
-- Found rmw_implementation_cmake: 3.3.1 (/opt/ros/galactic/share/rmw_implementation_cmake/cmake)
-- Found rmw_cyclonedds_cpp: 0.22.6 (/opt/ros/galactic/share/rmw_cyclonedds_cpp/cmake)
-- Using RMW implementation 'rmw_cyclonedds_cpp' as default
-- Found sensor_msgs: 2.2.4 (/opt/ros/galactic/share/sensor_msgs/cmake)
-- Found ament_lint_auto: 0.10.7 (/opt/ros/galactic/share/ament_lint_auto/cmake)
-- Added test 'copyright' to check source files copyright and LICENSE
-- Added test 'cppcheck' to perform static code analysis on C / C++ code
-- Configured cppcheck include dirs: /home/a/ros2_ws/src/px4_ros_com/include;$<BUILD_INTERFACE:/home/a/ros2_ws/src/px4_ros_com/include/px4_ros_com>
-- Configured cppcheck exclude dirs and/or files: 
-- Added test 'cpplint' to check C / C++ code against the Google style
-- Configured cpplint exclude dirs and/or files: 
-- Added test 'flake8' to check Python code syntax and style conventions
-- Added test 'lint_cmake' to check CMake code style
-- Added test 'pep257' to check Python code against some of the style conventions in PEP 257
-- Added test 'uncrustify' to check C / C++ code style
-- Configured uncrustify additional arguments: 
-- Added test 'xmllint' to check XML markup files
-- Configuring done
-- Generating done
-- Build files have been written to: /home/a/ros2_ws/build/px4_ros_com
[  7%] Built target my_uav_node
[ 14%] Built target offboard_control_mode
[35m[1mScanning dependencies of target commander[0m
[ 21%] Built target frame_transforms
[ 25%] [32mBuilding CXX object CMakeFiles/commander.dir/src/examples/offboard/commander.cpp.o[0m
[ 32%] Built target offboard_control
[ 39%] Built target arm
[ 46%] Built target sensor_combined_listener
[ 53%] Built target vehicle_gps_position_listener
[ 60%] Built target debug_vect_advertiser
[ 67%] Built target trajectory_setpoint
[ 75%] Built target vel_yaw
[ 82%] Built target vehicle_attitude_listener
[35m[1mScanning dependencies of target rates_setpoint[0m
[ 85%] [32mBuilding CXX object CMakeFiles/rates_setpoint.dir/src/examples/offboard/rates_setpoint.cpp.o[0m
[01m[K/home/a/ros2_ws/src/px4_ros_com/src/examples/offboard/commander.cpp:[m[K In function ‘[01m[Kvoid send_vehicle_command(uint32_t, float, float, float, float, double, double, float)[m[K’:
[01m[K/home/a/ros2_ws/src/px4_ros_com/src/examples/offboard/commander.cpp:157:18:[m[K [01;31m[Kerror: [m[Kinvalid use of ‘[01m[Kthis[m[K’ in non-member function
  157 |  subscription_ = [01;31m[Kthis[m[K->create_subscription<px4_msgs::msg::VehicleStatus>("/fmu/out/vehicle_status", qos,
      |                  [01;31m[K^~~~[m[K
[01m[K/home/a/ros2_ws/src/px4_ros_com/src/examples/offboard/commander.cpp:157:72:[m[K [01;31m[Kerror: [m[Kexpected primary-expression before ‘[01m[K>[m[K’ token
  157 | cription_ = this->create_subscription<px4_msgs::msg::VehicleStatus[01;31m[K>[m[K("/fmu/out/vehicle_status", qos,
      |                                                                   [01;31m[K^[m[K

[01m[K/home/a/ros2_ws/src/px4_ros_com/src/examples/offboard/commander.cpp:157:74:[m[K [01;35m[Kwarning: [m[Kleft operand of comma operator has no effect [[01;35m[K-Wunused-value[m[K]
  157 | iption_ = this->create_subscription<px4_msgs::msg::VehicleStatus>([01;35m[K"/fmu/out/vehicle_status"[m[K, qos,
      |                                                                   [01;35m[K^~~~~~~~~~~~~~~~~~~~~~~~~[m[K

[01m[K/home/a/ros2_ws/src/px4_ros_com/src/examples/offboard/commander.cpp:158:3:[m[K [01;31m[Kerror: [m[Kinvalid use of ‘[01m[Kthis[m[K’ in non-member function
  158 |  [[01;31m[Kthis[m[K](const px4_msgs::msg::VehicleStatus::UniquePtr msg) {
      |   [01;31m[K^~~~[m[K
[01m[K/home/a/ros2_ws/src/px4_ros_com/src/examples/offboard/commander.cpp:[m[K In lambda function:
[01m[K/home/a/ros2_ws/src/px4_ros_com/src/examples/offboard/commander.cpp:159:3:[m[K [01;31m[Kerror: [m[K‘[01m[Kvcmd[m[K’ is not captured
  159 |   [01;31m[Kvcmd[m[K.source_system = msg->system_id;
      |   [01;31m[K^~~~[m[K
[01m[K/home/a/ros2_ws/src/px4_ros_com/src/examples/offboard/commander.cpp:158:7:[m[K [01;36m[Knote: [m[Kthe lambda has no capture-default
  158 |  [this[01;36m[K][m[K(const px4_msgs::msg::VehicleStatus::UniquePtr msg) {
      |       [01;36m[K^[m[K
[01m[K/home/a/ros2_ws/src/px4_ros_com/src/examples/offboard/commander.cpp:144:17:[m[K [01;36m[Knote: [m[K‘[01m[Kpx4_msgs::msg::VehicleCommand vcmd[m[K’ declared here
  144 |  VehicleCommand [01;36m[Kvcmd[m[K{};
      |                 [01;36m[K^~~~[m[K
[01m[K/home/a/ros2_ws/src/px4_ros_com/src/examples/offboard/commander.cpp:160:3:[m[K [01;31m[Kerror: [m[K‘[01m[Kvcmd[m[K’ is not captured
  160 |   [01;31m[Kvcmd[m[K.target_system = msg->system_id;
      |   [01;31m[K^~~~[m[K
[01m[K/home/a/ros2_ws/src/px4_ros_com/src/examples/offboard/commander.cpp:158:7:[m[K [01;36m[Knote: [m[Kthe lambda has no capture-default
  158 |  [this[01;36m[K][m[K(const px4_msgs::msg::VehicleStatus::UniquePtr msg) {
      |       [01;36m[K^[m[K
[01m[K/home/a/ros2_ws/src/px4_ros_com/src/examples/offboard/commander.cpp:144:17:[m[K [01;36m[Knote: [m[K‘[01m[Kpx4_msgs::msg::VehicleCommand vcmd[m[K’ declared here
  144 |  VehicleCommand [01;36m[Kvcmd[m[K{};
      |                 [01;36m[K^~~~[m[K
[01m[K/home/a/ros2_ws/src/px4_ros_com/src/examples/offboard/commander.cpp:161:3:[m[K [01;31m[Kerror: [m[K‘[01m[Kvcmd[m[K’ is not captured
  161 |   [01;31m[Kvcmd[m[K.source_component = msg->component_id;
      |   [01;31m[K^~~~[m[K
[01m[K/home/a/ros2_ws/src/px4_ros_com/src/examples/offboard/commander.cpp:158:7:[m[K [01;36m[Knote: [m[Kthe lambda has no capture-default
  158 |  [this[01;36m[K][m[K(const px4_msgs::msg::VehicleStatus::UniquePtr msg) {
      |       [01;36m[K^[m[K
[01m[K/home/a/ros2_ws/src/px4_ros_com/src/examples/offboard/commander.cpp:144:17:[m[K [01;36m[Knote: [m[K‘[01m[Kpx4_msgs::msg::VehicleCommand vcmd[m[K’ declared here
  144 |  VehicleCommand [01;36m[Kvcmd[m[K{};
      |                 [01;36m[K^~~~[m[K
[01m[K/home/a/ros2_ws/src/px4_ros_com/src/examples/offboard/commander.cpp:162:3:[m[K [01;31m[Kerror: [m[K‘[01m[Kvcmd[m[K’ is not captured
  162 |   [01;31m[Kvcmd[m[K.target_component = msg->component_id;
      |   [01;31m[K^~~~[m[K
[01m[K/home/a/ros2_ws/src/px4_ros_com/src/examples/offboard/commander.cpp:158:7:[m[K [01;36m[Knote: [m[Kthe lambda has no capture-default
  158 |  [this[01;36m[K][m[K(const px4_msgs::msg::VehicleStatus::UniquePtr msg) {
      |       [01;36m[K^[m[K
[01m[K/home/a/ros2_ws/src/px4_ros_com/src/examples/offboard/commander.cpp:144:17:[m[K [01;36m[Knote: [m[K‘[01m[Kpx4_msgs::msg::VehicleCommand vcmd[m[K’ declared here
  144 |  VehicleCommand [01;36m[Kvcmd[m[K{};
      |                 [01;36m[K^~~~[m[K
[01m[K/home/a/ros2_ws/src/px4_ros_com/src/examples/offboard/commander.cpp:[m[K In function ‘[01m[Kvoid send_vehicle_command(uint32_t, float, float, float, float, double, double, float)[m[K’:
[01m[K/home/a/ros2_ws/src/px4_ros_com/src/examples/offboard/commander.cpp:163:2:[m[K [01;35m[Kwarning: [m[Kright operand of comma operator has no effect [[01;35m[K-Wunused-value[m[K]
  163 |  [01;35m[K}[m[K);
      |  [01;35m[K^[m[K
[01m[K/home/a/ros2_ws/src/px4_ros_com/src/examples/offboard/commander.cpp:167:19:[m[K [01;31m[Kerror: [m[Kinvalid use of ‘[01m[Kthis[m[K’ in non-member function
  167 |  vcmd.timestamp = [01;31m[Kthis[m[K->get_clock()->now().nanoseconds() / 1000;
      |                   [01;31m[K^~~~[m[K
[01m[K/home/a/ros2_ws/src/px4_ros_com/src/examples/offboard/commander.cpp:168:2:[m[K [01;31m[Kerror: [m[K‘[01m[Kvehicle_command_publisher_[m[K’ was not declared in this scope
  168 |  [01;31m[Kvehicle_command_publisher_[m[K->publish(msg);
      |  [01;31m[K^~~~~~~~~~~~~~~~~~~~~~~~~~[m[K
[01m[K/home/a/ros2_ws/src/px4_ros_com/src/examples/offboard/commander.cpp:168:38:[m[K [01;31m[Kerror: [m[K‘[01m[Kmsg[m[K’ was not declared in this scope
  168 |  vehicle_command_publisher_->publish([01;31m[Kmsg[m[K);
      |                                      [01;31m[K^~~[m[K
[01m[K/home/a/ros2_ws/src/px4_ros_com/src/examples/offboard/commander.cpp:168:38:[m[K [01;36m[Knote: [m[Ksuggested alternatives:
In file included from [01m[K/opt/ros/galactic/include/builtin_interfaces/msg/duration.hpp:7[m[K,
                 from [01m[K/opt/ros/galactic/include/rclcpp/duration.hpp:20[m[K,
                 from [01m[K/opt/ros/galactic/include/rclcpp/qos.hpp:20[m[K,
                 from [01m[K/opt/ros/galactic/include/rclcpp/node_interfaces/node_graph_interface.hpp:31[m[K,
                 from [01m[K/opt/ros/galactic/include/rclcpp/client.hpp:34[m[K,
                 from [01m[K/opt/ros/galactic/include/rclcpp/callback_group.hpp:23[m[K,
                 from [01m[K/opt/ros/galactic/include/rclcpp/any_executable.hpp:20[m[K,
                 from [01m[K/opt/ros/galactic/include/rclcpp/memory_strategy.hpp:25[m[K,
                 from [01m[K/opt/ros/galactic/include/rclcpp/memory_strategies.hpp:18[m[K,
                 from [01m[K/opt/ros/galactic/include/rclcpp/executor_options.hpp:20[m[K,
                 from [01m[K/opt/ros/galactic/include/rclcpp/executor.hpp:36[m[K,
                 from [01m[K/opt/ros/galactic/include/rclcpp/executors/multi_threaded_executor.hpp:26[m[K,
                 from [01m[K/opt/ros/galactic/include/rclcpp/executors.hpp:21[m[K,
                 from [01m[K/opt/ros/galactic/include/rclcpp/rclcpp.hpp:156[m[K,
                 from [01m[K/home/a/ros2_ws/src/px4_ros_com/src/examples/offboard/commander.cpp:38[m[K:
[01m[K/opt/ros/galactic/include/builtin_interfaces/msg/detail/duration__struct.hpp:26:11:[m[K [01;36m[Knote: [m[K  ‘[01m[Kbuiltin_interfaces::msg[m[K’
   26 | namespace [01;36m[Kmsg[m[K
      |           [01;36m[K^~~[m[K
In file included from [01m[K/opt/ros/galactic/include/rcl_interfaces/msg/set_parameters_result.hpp:7[m[K,
                 from [01m[K/opt/ros/galactic/include/rclcpp/qos_overriding_options.hpp:28[m[K,
                 from [01m[K/opt/ros/galactic/include/rclcpp/subscription_options.hpp:29[m[K,
                 from [01m[K/opt/ros/galactic/include/rclcpp/subscription.hpp:45[m[K,
                 from [01m[K/opt/ros/galactic/include/rclcpp/any_executable.hpp:25[m[K,
                 from [01m[K/opt/ros/galactic/include/rclcpp/memory_strategy.hpp:25[m[K,
                 from [01m[K/opt/ros/galactic/include/rclcpp/memory_strategies.hpp:18[m[K,
                 from [01m[K/opt/ros/galactic/include/rclcpp/executor_options.hpp:20[m[K,
                 from [01m[K/opt/ros/galactic/include/rclcpp/executor.hpp:36[m[K,
                 from [01m[K/opt/ros/galactic/include/rclcpp/executors/multi_threaded_executor.hpp:26[m[K,
                 from [01m[K/opt/ros/galactic/include/rclcpp/executors.hpp:21[m[K,
                 from [01m[K/opt/ros/galactic/include/rclcpp/rclcpp.hpp:156[m[K,
                 from [01m[K/home/a/ros2_ws/src/px4_ros_com/src/examples/offboard/commander.cpp:38[m[K:
[01m[K/opt/ros/galactic/include/rcl_interfaces/msg/detail/set_parameters_result__struct.hpp:26:11:[m[K [01;36m[Knote: [m[K  ‘[01m[Krcl_interfaces::msg[m[K’
   26 | namespace [01;36m[Kmsg[m[K
      |           [01;36m[K^~~[m[K
In file included from [01m[K/opt/ros/galactic/include/statistics_msgs/msg/detail/metrics_message__struct.hpp:22[m[K,
                 from [01m[K/opt/ros/galactic/include/statistics_msgs/msg/metrics_message.hpp:7[m[K,
                 from [01m[K/opt/ros/galactic/include/libstatistics_collector/collector/generate_statistics_message.hpp:21[m[K,
                 from [01m[K/opt/ros/galactic/include/rclcpp/topic_statistics/subscription_topic_statistics.hpp:23[m[K,
                 from [01m[K/opt/ros/galactic/include/rclcpp/subscription.hpp:50[m[K,
                 from [01m[K/opt/ros/galactic/include/rclcpp/any_executable.hpp:25[m[K,
                 from [01m[K/opt/ros/galactic/include/rclcpp/memory_strategy.hpp:25[m[K,
                 from [01m[K/opt/ros/galactic/include/rclcpp/memory_strategies.hpp:18[m[K,
                 from [01m[K/opt/ros/galactic/include/rclcpp/executor_options.hpp:20[m[K,
                 from [01m[K/opt/ros/galactic/include/rclcpp/executor.hpp:36[m[K,
                 from [01m[K/opt/ros/galactic/include/rclcpp/executors/multi_threaded_executor.hpp:26[m[K,
                 from [01m[K/opt/ros/galactic/include/rclcpp/executors.hpp:21[m[K,
                 from [01m[K/opt/ros/galactic/include/rclcpp/rclcpp.hpp:156[m[K,
                 from [01m[K/home/a/ros2_ws/src/px4_ros_com/src/examples/offboard/commander.cpp:38[m[K:
[01m[K/opt/ros/galactic/include/statistics_msgs/msg/detail/statistic_data_point__struct.hpp:26:11:[m[K [01;36m[Knote: [m[K  ‘[01m[Kstatistics_msgs::msg[m[K’
   26 | namespace [01;36m[Kmsg[m[K
      |           [01;36m[K^~~[m[K
In file included from [01m[K/home/a/ros2_ws/install/px4_msgs/include/px4_msgs/msg/vehicle_command.hpp:7[m[K,
                 from [01m[K/home/a/ros2_ws/src/px4_ros_com/src/examples/offboard/commander.cpp:39[m[K:
[01m[K/home/a/ros2_ws/install/px4_msgs/include/px4_msgs/msg/detail/vehicle_command__struct.hpp:26:11:[m[K [01;36m[Knote: [m[K  ‘[01m[Kpx4_msgs::msg[m[K’
   26 | namespace [01;36m[Kmsg[m[K
      |           [01;36m[K^~~[m[K
[01m[K/home/a/ros2_ws/src/px4_ros_com/src/examples/offboard/rates_setpoint.cpp:[m[K In constructor ‘[01m[KVehicle_RatesSetpoint::Vehicle_RatesSetpoint()[m[K’:
[01m[K/home/a/ros2_ws/src/px4_ros_com/src/examples/offboard/rates_setpoint.cpp:61:18:[m[K [01;31m[Kerror: [m[Kexpected ‘[01m[K;[m[K’ before ‘[01m[Kmsg[m[K’
   61 |   msg.roll = roll
      |                  [01;31m[K^[m[K
      |                  [32m[K;[m[K
   62 |   [32m[Kmsg[m[K.pitch = pitch
      |   [32m[K~~~[m[K             
make[2]: *** [CMakeFiles/commander.dir/build.make:63：CMakeFiles/commander.dir/src/examples/offboard/commander.cpp.o] 错误 1
make[1]: *** [CMakeFiles/Makefile2:158：CMakeFiles/commander.dir/all] 错误 2
make[1]: *** 正在等待未完成的任务....
make[2]: *** [CMakeFiles/rates_setpoint.dir/build.make:63：CMakeFiles/rates_setpoint.dir/src/examples/offboard/rates_setpoint.cpp.o] 错误 1
make[1]: *** [CMakeFiles/Makefile2:482：CMakeFiles/rates_setpoint.dir/all] 错误 2
make: *** [Makefile:141：all] 错误 2
