[0.017s] Invoking command in '/home/a/ros2_ws/build/px4_ros_com': CMAKE_PREFIX_PATH=/home/a/ros2_ws/install/px4_msgs:/home/a/ros2_ws/install/px4_ros_com:/home/a/ros2_ws/install/my_uav:/opt/ros/galactic LD_LIBRARY_PATH=/home/a/ros2_ws/install/px4_msgs/lib:/home/a/ros2_ws/install/px4_ros_com/lib:/usr/lib/x86_64-linux-gnu/gazebo-11/plugins:/opt/ros/galactic/opt/yaml_cpp_vendor/lib:/opt/ros/galactic/opt/rviz_ogre_vendor/lib:/opt/ros/galactic/lib/x86_64-linux-gnu:/opt/ros/galactic/lib:/home/a/PX4-Autopilot/build/px4_sitl_default/build_gazebo-classic /usr/bin/cmake --build /home/a/ros2_ws/build/px4_ros_com -- -j2 -l2
[0.046s] -- Found ament_cmake: 1.1.6 (/opt/ros/galactic/share/ament_cmake/cmake)
[0.066s] -- Using PYTHON_EXECUTABLE: /usr/bin/python3
[0.114s] -- Override CMake install command with custom implementation using symlinks instead of copying resources
[0.120s] -- Found builtin_interfaces: 1.0.3 (/opt/ros/galactic/share/builtin_interfaces/cmake)
[0.137s] -- Using all available rosidl_typesupport_c: rosidl_typesupport_fastrtps_c;rosidl_typesupport_introspection_c
[0.140s] -- Found rosidl_adapter: 2.2.3 (/opt/ros/galactic/share/rosidl_adapter/cmake)
[0.243s] -- Using all available rosidl_typesupport_cpp: rosidl_typesupport_fastrtps_cpp;rosidl_typesupport_introspection_cpp
[0.261s] -- Found eigen3_cmake_module: 0.1.1 (/opt/ros/galactic/share/eigen3_cmake_module/cmake)
[0.263s] -- Found geometry_msgs: 2.2.4 (/opt/ros/galactic/share/geometry_msgs/cmake)
[0.306s] -- Found px4_msgs: 2.0.1 (/home/a/ros2_ws/install/px4_msgs/share/px4_msgs/cmake)
[0.320s] -- Found rclcpp: 9.2.2 (/opt/ros/galactic/share/rclcpp/cmake)
[0.355s] -- Found rmw_implementation_cmake: 3.3.1 (/opt/ros/galactic/share/rmw_implementation_cmake/cmake)
[0.356s] -- Found rmw_cyclonedds_cpp: 0.22.6 (/opt/ros/galactic/share/rmw_cyclonedds_cpp/cmake)
[0.371s] -- Using RMW implementation 'rmw_cyclonedds_cpp' as default
[0.472s] -- Found sensor_msgs: 2.2.4 (/opt/ros/galactic/share/sensor_msgs/cmake)
[0.541s] -- Found ament_lint_auto: 0.10.7 (/opt/ros/galactic/share/ament_lint_auto/cmake)
[0.598s] -- Added test 'copyright' to check source files copyright and LICENSE
[0.601s] -- Added test 'cppcheck' to perform static code analysis on C / C++ code
[0.602s] -- Configured cppcheck include dirs: /home/a/ros2_ws/src/px4_ros_com/include;$<BUILD_INTERFACE:/home/a/ros2_ws/src/px4_ros_com/include/px4_ros_com>
[0.602s] -- Configured cppcheck exclude dirs and/or files: 
[0.606s] -- Added test 'cpplint' to check C / C++ code against the Google style
[0.606s] -- Configured cpplint exclude dirs and/or files: 
[0.606s] -- Added test 'flake8' to check Python code syntax and style conventions
[0.607s] -- Added test 'lint_cmake' to check CMake code style
[0.608s] -- Added test 'pep257' to check Python code against some of the style conventions in PEP 257
[0.613s] -- Added test 'uncrustify' to check C / C++ code style
[0.613s] -- Configured uncrustify additional arguments: 
[0.613s] -- Added test 'xmllint' to check XML markup files
[0.615s] -- Configuring done
[0.670s] -- Generating done
[0.702s] -- Build files have been written to: /home/a/ros2_ws/build/px4_ros_com
[0.775s] [  7%] Built target my_uav_node
[0.793s] [ 14%] Built target offboard_control_mode
[0.811s] [35m[1mScanning dependencies of target commander[0m
[0.855s] [ 21%] Built target frame_transforms
[0.874s] [ 25%] [32mBuilding CXX object CMakeFiles/commander.dir/src/examples/offboard/commander.cpp.o[0m
[0.905s] [ 32%] Built target offboard_control
[0.960s] [ 39%] Built target arm
[1.016s] [ 46%] Built target sensor_combined_listener
[1.064s] [ 53%] Built target vehicle_gps_position_listener
[1.107s] [ 60%] Built target debug_vect_advertiser
[1.143s] [ 67%] Built target trajectory_setpoint
[1.183s] [ 75%] Built target vel_yaw
[1.217s] [ 82%] Built target vehicle_attitude_listener
[1.228s] [35m[1mScanning dependencies of target rates_setpoint[0m
[1.276s] [ 85%] [32mBuilding CXX object CMakeFiles/rates_setpoint.dir/src/examples/offboard/rates_setpoint.cpp.o[0m
[3.122s] [01m[K/home/a/ros2_ws/src/px4_ros_com/src/examples/offboard/commander.cpp:[m[K In function ‘[01m[Kvoid send_vehicle_command(uint32_t, float, float, float, float, double, double, float)[m[K’:
[3.122s] [01m[K/home/a/ros2_ws/src/px4_ros_com/src/examples/offboard/commander.cpp:157:18:[m[K [01;31m[Kerror: [m[Kinvalid use of ‘[01m[Kthis[m[K’ in non-member function
[3.122s]   157 |  subscription_ = [01;31m[Kthis[m[K->create_subscription<px4_msgs::msg::VehicleStatus>("/fmu/out/vehicle_status", qos,
[3.122s]       |                  [01;31m[K^~~~[m[K
[3.122s] [01m[K/home/a/ros2_ws/src/px4_ros_com/src/examples/offboard/commander.cpp:157:72:[m[K [01;31m[Kerror: [m[Kexpected primary-expression before ‘[01m[K>[m[K’ token
[3.122s]   157 | cription_ = this->create_subscription<px4_msgs::msg::VehicleStatus[01;31m[K>[m[K("/fmu/out/vehicle_status", qos,
[3.122s]       |                                                                   [01;31m[K^[m[K
[3.123s] 
[3.123s] [01m[K/home/a/ros2_ws/src/px4_ros_com/src/examples/offboard/commander.cpp:157:74:[m[K [01;35m[Kwarning: [m[Kleft operand of comma operator has no effect [[01;35m[K-Wunused-value[m[K]
[3.123s]   157 | iption_ = this->create_subscription<px4_msgs::msg::VehicleStatus>([01;35m[K"/fmu/out/vehicle_status"[m[K, qos,
[3.123s]       |                                                                   [01;35m[K^~~~~~~~~~~~~~~~~~~~~~~~~[m[K
[3.123s] 
[3.123s] [01m[K/home/a/ros2_ws/src/px4_ros_com/src/examples/offboard/commander.cpp:158:3:[m[K [01;31m[Kerror: [m[Kinvalid use of ‘[01m[Kthis[m[K’ in non-member function
[3.123s]   158 |  [[01;31m[Kthis[m[K](const px4_msgs::msg::VehicleStatus::UniquePtr msg) {
[3.123s]       |   [01;31m[K^~~~[m[K
[3.123s] [01m[K/home/a/ros2_ws/src/px4_ros_com/src/examples/offboard/commander.cpp:[m[K In lambda function:
[3.123s] [01m[K/home/a/ros2_ws/src/px4_ros_com/src/examples/offboard/commander.cpp:159:3:[m[K [01;31m[Kerror: [m[K‘[01m[Kvcmd[m[K’ is not captured
[3.124s]   159 |   [01;31m[Kvcmd[m[K.source_system = msg->system_id;
[3.124s]       |   [01;31m[K^~~~[m[K
[3.124s] [01m[K/home/a/ros2_ws/src/px4_ros_com/src/examples/offboard/commander.cpp:158:7:[m[K [01;36m[Knote: [m[Kthe lambda has no capture-default
[3.124s]   158 |  [this[01;36m[K][m[K(const px4_msgs::msg::VehicleStatus::UniquePtr msg) {
[3.124s]       |       [01;36m[K^[m[K
[3.124s] [01m[K/home/a/ros2_ws/src/px4_ros_com/src/examples/offboard/commander.cpp:144:17:[m[K [01;36m[Knote: [m[K‘[01m[Kpx4_msgs::msg::VehicleCommand vcmd[m[K’ declared here
[3.124s]   144 |  VehicleCommand [01;36m[Kvcmd[m[K{};
[3.124s]       |                 [01;36m[K^~~~[m[K
[3.124s] [01m[K/home/a/ros2_ws/src/px4_ros_com/src/examples/offboard/commander.cpp:160:3:[m[K [01;31m[Kerror: [m[K‘[01m[Kvcmd[m[K’ is not captured
[3.124s]   160 |   [01;31m[Kvcmd[m[K.target_system = msg->system_id;
[3.124s]       |   [01;31m[K^~~~[m[K
[3.124s] [01m[K/home/a/ros2_ws/src/px4_ros_com/src/examples/offboard/commander.cpp:158:7:[m[K [01;36m[Knote: [m[Kthe lambda has no capture-default
[3.125s]   158 |  [this[01;36m[K][m[K(const px4_msgs::msg::VehicleStatus::UniquePtr msg) {
[3.125s]       |       [01;36m[K^[m[K
[3.125s] [01m[K/home/a/ros2_ws/src/px4_ros_com/src/examples/offboard/commander.cpp:144:17:[m[K [01;36m[Knote: [m[K‘[01m[Kpx4_msgs::msg::VehicleCommand vcmd[m[K’ declared here
[3.125s]   144 |  VehicleCommand [01;36m[Kvcmd[m[K{};
[3.125s]       |                 [01;36m[K^~~~[m[K
[3.125s] [01m[K/home/a/ros2_ws/src/px4_ros_com/src/examples/offboard/commander.cpp:161:3:[m[K [01;31m[Kerror: [m[K‘[01m[Kvcmd[m[K’ is not captured
[3.126s]   161 |   [01;31m[Kvcmd[m[K.source_component = msg->component_id;
[3.126s]       |   [01;31m[K^~~~[m[K
[3.126s] [01m[K/home/a/ros2_ws/src/px4_ros_com/src/examples/offboard/commander.cpp:158:7:[m[K [01;36m[Knote: [m[Kthe lambda has no capture-default
[3.126s]   158 |  [this[01;36m[K][m[K(const px4_msgs::msg::VehicleStatus::UniquePtr msg) {
[3.126s]       |       [01;36m[K^[m[K
[3.126s] [01m[K/home/a/ros2_ws/src/px4_ros_com/src/examples/offboard/commander.cpp:144:17:[m[K [01;36m[Knote: [m[K‘[01m[Kpx4_msgs::msg::VehicleCommand vcmd[m[K’ declared here
[3.126s]   144 |  VehicleCommand [01;36m[Kvcmd[m[K{};
[3.126s]       |                 [01;36m[K^~~~[m[K
[3.127s] [01m[K/home/a/ros2_ws/src/px4_ros_com/src/examples/offboard/commander.cpp:162:3:[m[K [01;31m[Kerror: [m[K‘[01m[Kvcmd[m[K’ is not captured
[3.127s]   162 |   [01;31m[Kvcmd[m[K.target_component = msg->component_id;
[3.127s]       |   [01;31m[K^~~~[m[K
[3.127s] [01m[K/home/a/ros2_ws/src/px4_ros_com/src/examples/offboard/commander.cpp:158:7:[m[K [01;36m[Knote: [m[Kthe lambda has no capture-default
[3.127s]   158 |  [this[01;36m[K][m[K(const px4_msgs::msg::VehicleStatus::UniquePtr msg) {
[3.127s]       |       [01;36m[K^[m[K
[3.127s] [01m[K/home/a/ros2_ws/src/px4_ros_com/src/examples/offboard/commander.cpp:144:17:[m[K [01;36m[Knote: [m[K‘[01m[Kpx4_msgs::msg::VehicleCommand vcmd[m[K’ declared here
[3.127s]   144 |  VehicleCommand [01;36m[Kvcmd[m[K{};
[3.127s]       |                 [01;36m[K^~~~[m[K
[3.128s] [01m[K/home/a/ros2_ws/src/px4_ros_com/src/examples/offboard/commander.cpp:[m[K In function ‘[01m[Kvoid send_vehicle_command(uint32_t, float, float, float, float, double, double, float)[m[K’:
[3.128s] [01m[K/home/a/ros2_ws/src/px4_ros_com/src/examples/offboard/commander.cpp:163:2:[m[K [01;35m[Kwarning: [m[Kright operand of comma operator has no effect [[01;35m[K-Wunused-value[m[K]
[3.128s]   163 |  [01;35m[K}[m[K);
[3.128s]       |  [01;35m[K^[m[K
[3.128s] [01m[K/home/a/ros2_ws/src/px4_ros_com/src/examples/offboard/commander.cpp:167:19:[m[K [01;31m[Kerror: [m[Kinvalid use of ‘[01m[Kthis[m[K’ in non-member function
[3.128s]   167 |  vcmd.timestamp = [01;31m[Kthis[m[K->get_clock()->now().nanoseconds() / 1000;
[3.128s]       |                   [01;31m[K^~~~[m[K
[3.134s] [01m[K/home/a/ros2_ws/src/px4_ros_com/src/examples/offboard/commander.cpp:168:2:[m[K [01;31m[Kerror: [m[K‘[01m[Kvehicle_command_publisher_[m[K’ was not declared in this scope
[3.134s]   168 |  [01;31m[Kvehicle_command_publisher_[m[K->publish(msg);
[3.134s]       |  [01;31m[K^~~~~~~~~~~~~~~~~~~~~~~~~~[m[K
[3.136s] [01m[K/home/a/ros2_ws/src/px4_ros_com/src/examples/offboard/commander.cpp:168:38:[m[K [01;31m[Kerror: [m[K‘[01m[Kmsg[m[K’ was not declared in this scope
[3.136s]   168 |  vehicle_command_publisher_->publish([01;31m[Kmsg[m[K);
[3.136s]       |                                      [01;31m[K^~~[m[K
[3.136s] [01m[K/home/a/ros2_ws/src/px4_ros_com/src/examples/offboard/commander.cpp:168:38:[m[K [01;36m[Knote: [m[Ksuggested alternatives:
[3.136s] In file included from [01m[K/opt/ros/galactic/include/builtin_interfaces/msg/duration.hpp:7[m[K,
[3.136s]                  from [01m[K/opt/ros/galactic/include/rclcpp/duration.hpp:20[m[K,
[3.136s]                  from [01m[K/opt/ros/galactic/include/rclcpp/qos.hpp:20[m[K,
[3.136s]                  from [01m[K/opt/ros/galactic/include/rclcpp/node_interfaces/node_graph_interface.hpp:31[m[K,
[3.136s]                  from [01m[K/opt/ros/galactic/include/rclcpp/client.hpp:34[m[K,
[3.136s]                  from [01m[K/opt/ros/galactic/include/rclcpp/callback_group.hpp:23[m[K,
[3.136s]                  from [01m[K/opt/ros/galactic/include/rclcpp/any_executable.hpp:20[m[K,
[3.137s]                  from [01m[K/opt/ros/galactic/include/rclcpp/memory_strategy.hpp:25[m[K,
[3.137s]                  from [01m[K/opt/ros/galactic/include/rclcpp/memory_strategies.hpp:18[m[K,
[3.137s]                  from [01m[K/opt/ros/galactic/include/rclcpp/executor_options.hpp:20[m[K,
[3.137s]                  from [01m[K/opt/ros/galactic/include/rclcpp/executor.hpp:36[m[K,
[3.137s]                  from [01m[K/opt/ros/galactic/include/rclcpp/executors/multi_threaded_executor.hpp:26[m[K,
[3.137s]                  from [01m[K/opt/ros/galactic/include/rclcpp/executors.hpp:21[m[K,
[3.137s]                  from [01m[K/opt/ros/galactic/include/rclcpp/rclcpp.hpp:156[m[K,
[3.137s]                  from [01m[K/home/a/ros2_ws/src/px4_ros_com/src/examples/offboard/commander.cpp:38[m[K:
[3.137s] [01m[K/opt/ros/galactic/include/builtin_interfaces/msg/detail/duration__struct.hpp:26:11:[m[K [01;36m[Knote: [m[K  ‘[01m[Kbuiltin_interfaces::msg[m[K’
[3.137s]    26 | namespace [01;36m[Kmsg[m[K
[3.137s]       |           [01;36m[K^~~[m[K
[3.137s] In file included from [01m[K/opt/ros/galactic/include/rcl_interfaces/msg/set_parameters_result.hpp:7[m[K,
[3.138s]                  from [01m[K/opt/ros/galactic/include/rclcpp/qos_overriding_options.hpp:28[m[K,
[3.138s]                  from [01m[K/opt/ros/galactic/include/rclcpp/subscription_options.hpp:29[m[K,
[3.138s]                  from [01m[K/opt/ros/galactic/include/rclcpp/subscription.hpp:45[m[K,
[3.138s]                  from [01m[K/opt/ros/galactic/include/rclcpp/any_executable.hpp:25[m[K,
[3.138s]                  from [01m[K/opt/ros/galactic/include/rclcpp/memory_strategy.hpp:25[m[K,
[3.138s]                  from [01m[K/opt/ros/galactic/include/rclcpp/memory_strategies.hpp:18[m[K,
[3.138s]                  from [01m[K/opt/ros/galactic/include/rclcpp/executor_options.hpp:20[m[K,
[3.138s]                  from [01m[K/opt/ros/galactic/include/rclcpp/executor.hpp:36[m[K,
[3.138s]                  from [01m[K/opt/ros/galactic/include/rclcpp/executors/multi_threaded_executor.hpp:26[m[K,
[3.138s]                  from [01m[K/opt/ros/galactic/include/rclcpp/executors.hpp:21[m[K,
[3.138s]                  from [01m[K/opt/ros/galactic/include/rclcpp/rclcpp.hpp:156[m[K,
[3.138s]                  from [01m[K/home/a/ros2_ws/src/px4_ros_com/src/examples/offboard/commander.cpp:38[m[K:
[3.138s] [01m[K/opt/ros/galactic/include/rcl_interfaces/msg/detail/set_parameters_result__struct.hpp:26:11:[m[K [01;36m[Knote: [m[K  ‘[01m[Krcl_interfaces::msg[m[K’
[3.138s]    26 | namespace [01;36m[Kmsg[m[K
[3.139s]       |           [01;36m[K^~~[m[K
[3.139s] In file included from [01m[K/opt/ros/galactic/include/statistics_msgs/msg/detail/metrics_message__struct.hpp:22[m[K,
[3.139s]                  from [01m[K/opt/ros/galactic/include/statistics_msgs/msg/metrics_message.hpp:7[m[K,
[3.139s]                  from [01m[K/opt/ros/galactic/include/libstatistics_collector/collector/generate_statistics_message.hpp:21[m[K,
[3.139s]                  from [01m[K/opt/ros/galactic/include/rclcpp/topic_statistics/subscription_topic_statistics.hpp:23[m[K,
[3.139s]                  from [01m[K/opt/ros/galactic/include/rclcpp/subscription.hpp:50[m[K,
[3.139s]                  from [01m[K/opt/ros/galactic/include/rclcpp/any_executable.hpp:25[m[K,
[3.139s]                  from [01m[K/opt/ros/galactic/include/rclcpp/memory_strategy.hpp:25[m[K,
[3.139s]                  from [01m[K/opt/ros/galactic/include/rclcpp/memory_strategies.hpp:18[m[K,
[3.139s]                  from [01m[K/opt/ros/galactic/include/rclcpp/executor_options.hpp:20[m[K,
[3.139s]                  from [01m[K/opt/ros/galactic/include/rclcpp/executor.hpp:36[m[K,
[3.139s]                  from [01m[K/opt/ros/galactic/include/rclcpp/executors/multi_threaded_executor.hpp:26[m[K,
[3.139s]                  from [01m[K/opt/ros/galactic/include/rclcpp/executors.hpp:21[m[K,
[3.140s]                  from [01m[K/opt/ros/galactic/include/rclcpp/rclcpp.hpp:156[m[K,
[3.140s]                  from [01m[K/home/a/ros2_ws/src/px4_ros_com/src/examples/offboard/commander.cpp:38[m[K:
[3.140s] [01m[K/opt/ros/galactic/include/statistics_msgs/msg/detail/statistic_data_point__struct.hpp:26:11:[m[K [01;36m[Knote: [m[K  ‘[01m[Kstatistics_msgs::msg[m[K’
[3.140s]    26 | namespace [01;36m[Kmsg[m[K
[3.140s]       |           [01;36m[K^~~[m[K
[3.140s] In file included from [01m[K/home/a/ros2_ws/install/px4_msgs/include/px4_msgs/msg/vehicle_command.hpp:7[m[K,
[3.140s]                  from [01m[K/home/a/ros2_ws/src/px4_ros_com/src/examples/offboard/commander.cpp:39[m[K:
[3.140s] [01m[K/home/a/ros2_ws/install/px4_msgs/include/px4_msgs/msg/detail/vehicle_command__struct.hpp:26:11:[m[K [01;36m[Knote: [m[K  ‘[01m[Kpx4_msgs::msg[m[K’
[3.140s]    26 | namespace [01;36m[Kmsg[m[K
[3.140s]       |           [01;36m[K^~~[m[K
[3.395s] [01m[K/home/a/ros2_ws/src/px4_ros_com/src/examples/offboard/rates_setpoint.cpp:[m[K In constructor ‘[01m[KVehicle_RatesSetpoint::Vehicle_RatesSetpoint()[m[K’:
[3.395s] [01m[K/home/a/ros2_ws/src/px4_ros_com/src/examples/offboard/rates_setpoint.cpp:61:18:[m[K [01;31m[Kerror: [m[Kexpected ‘[01m[K;[m[K’ before ‘[01m[Kmsg[m[K’
[3.395s]    61 |   msg.roll = roll
[3.395s]       |                  [01;31m[K^[m[K
[3.395s]       |                  [32m[K;[m[K
[3.395s]    62 |   [32m[Kmsg[m[K.pitch = pitch
[3.395s]       |   [32m[K~~~[m[K             
[4.121s] make[2]: *** [CMakeFiles/commander.dir/build.make:63：CMakeFiles/commander.dir/src/examples/offboard/commander.cpp.o] 错误 1
[4.121s] make[1]: *** [CMakeFiles/Makefile2:158：CMakeFiles/commander.dir/all] 错误 2
[4.122s] make[1]: *** 正在等待未完成的任务....
[4.290s] make[2]: *** [CMakeFiles/rates_setpoint.dir/build.make:63：CMakeFiles/rates_setpoint.dir/src/examples/offboard/rates_setpoint.cpp.o] 错误 1
[4.291s] make[1]: *** [CMakeFiles/Makefile2:482：CMakeFiles/rates_setpoint.dir/all] 错误 2
[4.291s] make: *** [Makefile:141：all] 错误 2
[4.294s] Invoked command in '/home/a/ros2_ws/build/px4_ros_com' returned '2': CMAKE_PREFIX_PATH=/home/a/ros2_ws/install/px4_msgs:/home/a/ros2_ws/install/px4_ros_com:/home/a/ros2_ws/install/my_uav:/opt/ros/galactic LD_LIBRARY_PATH=/home/a/ros2_ws/install/px4_msgs/lib:/home/a/ros2_ws/install/px4_ros_com/lib:/usr/lib/x86_64-linux-gnu/gazebo-11/plugins:/opt/ros/galactic/opt/yaml_cpp_vendor/lib:/opt/ros/galactic/opt/rviz_ogre_vendor/lib:/opt/ros/galactic/lib/x86_64-linux-gnu:/opt/ros/galactic/lib:/home/a/PX4-Autopilot/build/px4_sitl_default/build_gazebo-classic /usr/bin/cmake --build /home/a/ros2_ws/build/px4_ros_com -- -j2 -l2
