[0.011s] Invoking command in '/home/a/uav/build/my_uav': /usr/bin/cmake --build /home/a/uav/build/my_uav -- -j2 -l2
[0.069s] [  4%] [32mBuilding CXX object CMakeFiles/uav_control_node.dir/src/uav_control_node.cpp.o[0m
[0.088s] [ 13%] Built target image_sub
[0.127s] [ 22%] Built target internlm_m_node
[0.160s] [ 31%] Built target internvl
[0.198s] [ 40%] Built target internlm_m_listener
[0.245s] [ 50%] Built target internvl_p
[0.294s] [ 59%] Built target internvl_listener
[0.344s] [ 68%] Built target gps_sub
[0.381s] [ 77%] Built target ray_sub
[0.413s] [ 86%] Built target camera_listener
[0.445s] [ 95%] Built target ray_listener
[2.793s] [100%] [32m[1mLinking CXX executable uav_control_node[0m
[2.957s] [100%] Built target uav_control_node
[2.968s] Invoked command in '/home/a/uav/build/my_uav' returned '0': /usr/bin/cmake --build /home/a/uav/build/my_uav -- -j2 -l2
[2.978s] Invoking command in '/home/a/uav/build/my_uav': /usr/bin/cmake --install /home/a/uav/build/my_uav
[2.985s] -- Install configuration: ""
[2.985s] -- Up-to-date: /home/a/uav/install/my_uav/share/my_uav/launch
[2.986s] -- Up-to-date: /home/a/uav/install/my_uav/share/my_uav/launch/sitl.launch
[2.986s] -- Up-to-date: /home/a/uav/install/my_uav/share/my_uav/launch/p450.py
[2.986s] -- Up-to-date: /home/a/uav/install/my_uav/share/my_uav/launch/gz_launch.py
[2.986s] -- Up-to-date: /home/a/uav/install/my_uav/share/my_uav/launch/cam_sub.launch.py
[2.986s] -- Up-to-date: /home/a/uav/install/my_uav/share/my_uav/models
[2.986s] -- Up-to-date: /home/a/uav/install/my_uav/share/my_uav/models/p450_2Dlidar_depth
[2.986s] -- Up-to-date: /home/a/uav/install/my_uav/share/my_uav/models/p450_2Dlidar_depth/p450_2Dlidar_depth_3.sdf.last_generated
[2.986s] -- Up-to-date: /home/a/uav/install/my_uav/share/my_uav/models/p450_2Dlidar_depth/p450_2Dlidar_depth_2.sdf.last_generated
[2.987s] -- Up-to-date: /home/a/uav/install/my_uav/share/my_uav/models/p450_2Dlidar_depth/p450_2Dlidar_depth_1.sdf.last_generated
[2.987s] -- Up-to-date: /home/a/uav/install/my_uav/share/my_uav/models/p450_2Dlidar_depth/p450_2Dlidar_depth_0.sdf
[2.987s] -- Up-to-date: /home/a/uav/install/my_uav/share/my_uav/models/p450_2Dlidar_depth/p450_2Dlidar_depth_0.sdf.last_generated
[2.987s] -- Up-to-date: /home/a/uav/install/my_uav/share/my_uav/models/p450_2Dlidar_depth/p450_2Dlidar_depth_1.sdf
[2.987s] -- Up-to-date: /home/a/uav/install/my_uav/share/my_uav/models/p450_2Dlidar_depth/model.config
[2.987s] -- Up-to-date: /home/a/uav/install/my_uav/share/my_uav/models/p450_2Dlidar_depth/p450_2Dlidar_depth.sdf
[2.987s] -- Up-to-date: /home/a/uav/install/my_uav/share/my_uav/models/p450_2Dlidar_depth/p450_2Dlidar_depth_3.sdf
[2.987s] -- Up-to-date: /home/a/uav/install/my_uav/share/my_uav/models/p450_2Dlidar_depth/p450_2Dlidar_depth_-m.sdf
[2.987s] -- Up-to-date: /home/a/uav/install/my_uav/share/my_uav/models/p450_2Dlidar_depth/p450_2Dlidar_depth_2.sdf
[2.987s] -- Up-to-date: /home/a/uav/install/my_uav/share/my_uav/models/p450_2Dlidar_depth/p450_2Dlidar_depth_-m.sdf.last_generated
[2.988s] -- Up-to-date: /home/a/uav/install/my_uav/share/my_uav/models/p450
[2.988s] -- Up-to-date: /home/a/uav/install/my_uav/share/my_uav/models/p450/p450_1.sdf
[2.988s] -- Up-to-date: /home/a/uav/install/my_uav/share/my_uav/models/p450/p450_2.sdf.last_generated
[2.988s] -- Up-to-date: /home/a/uav/install/my_uav/share/my_uav/models/p450/p450.sdf.jinja
[2.988s] -- Up-to-date: /home/a/uav/install/my_uav/share/my_uav/models/p450/p450_1.sdf.last_generated
[2.988s] -- Up-to-date: /home/a/uav/install/my_uav/share/my_uav/models/p450/model.config
[2.988s] -- Up-to-date: /home/a/uav/install/my_uav/share/my_uav/models/p450/p450_2.sdf
[2.988s] -- Up-to-date: /home/a/uav/install/my_uav/share/my_uav/models/p450/meshes
[2.988s] -- Up-to-date: /home/a/uav/install/my_uav/share/my_uav/models/p450/meshes/p450_ccw.stl
[2.988s] -- Up-to-date: /home/a/uav/install/my_uav/share/my_uav/models/p450/meshes/p450.stl
[2.989s] -- Up-to-date: /home/a/uav/install/my_uav/share/my_uav/models/p450/meshes/p450_cw.stl
[2.989s] -- Up-to-date: /home/a/uav/install/my_uav/share/my_uav/models/p450/p450.sdf
[2.989s] -- Up-to-date: /home/a/uav/install/my_uav/share/my_uav/models/hokuyo_ust_20lx
[2.989s] -- Up-to-date: /home/a/uav/install/my_uav/share/my_uav/models/hokuyo_ust_20lx/hokuyo_ust_20lx.sdf
[2.989s] -- Up-to-date: /home/a/uav/install/my_uav/share/my_uav/models/hokuyo_ust_20lx/hokuyo_ust_20lx_2.sdf.last_generated
[2.989s] -- Up-to-date: /home/a/uav/install/my_uav/share/my_uav/models/hokuyo_ust_20lx/model.config
[2.989s] -- Up-to-date: /home/a/uav/install/my_uav/share/my_uav/models/hokuyo_ust_20lx/hokuyo_ust_20lx_2.sdf
[2.989s] -- Up-to-date: /home/a/uav/install/my_uav/share/my_uav/models/hokuyo_ust_20lx/hokuyo_ust_20lx_1.sdf
[2.989s] -- Up-to-date: /home/a/uav/install/my_uav/share/my_uav/models/hokuyo_ust_20lx/hokuyo_ust_20lx_1.sdf.last_generated
[2.989s] -- Up-to-date: /home/a/uav/install/my_uav/share/my_uav/models/p450_hokuyo_2Dlidar
[2.989s] -- Up-to-date: /home/a/uav/install/my_uav/share/my_uav/models/p450_hokuyo_2Dlidar/p450_hokuyo_2Dlidar.sdf
[2.989s] -- Up-to-date: /home/a/uav/install/my_uav/share/my_uav/models/p450_hokuyo_2Dlidar/model.config
[2.989s] -- Up-to-date: /home/a/uav/install/my_uav/share/my_uav/models/depth
[2.990s] -- Up-to-date: /home/a/uav/install/my_uav/share/my_uav/models/depth/model.config
[2.990s] -- Up-to-date: /home/a/uav/install/my_uav/share/my_uav/models/depth/depth.sdf
[2.990s] -- Up-to-date: /home/a/uav/install/my_uav/share/my_uav/models/D435i
[2.990s] -- Up-to-date: /home/a/uav/install/my_uav/share/my_uav/models/D435i/materials
[2.990s] -- Up-to-date: /home/a/uav/install/my_uav/share/my_uav/models/D435i/materials/textures
[2.990s] -- Up-to-date: /home/a/uav/install/my_uav/share/my_uav/models/D435i/materials/textures/realsense_diffuse.png
[2.990s] -- Up-to-date: /home/a/uav/install/my_uav/share/my_uav/models/D435i/model.config
[2.990s] -- Up-to-date: /home/a/uav/install/my_uav/share/my_uav/models/D435i/D435i.sdf
[2.990s] -- Up-to-date: /home/a/uav/install/my_uav/share/my_uav/models/D435i/meshes
[2.990s] -- Up-to-date: /home/a/uav/install/my_uav/share/my_uav/models/D435i/meshes/realsense_d435.stl
[2.990s] -- Up-to-date: /home/a/uav/install/my_uav/share/my_uav/models/D435i/meshes/D435i.dae
[2.990s] -- Up-to-date: /home/a/uav/install/my_uav/share/my_uav/models/p450_depth
[2.990s] -- Up-to-date: /home/a/uav/install/my_uav/share/my_uav/models/p450_depth/model.config
[2.991s] -- Up-to-date: /home/a/uav/install/my_uav/share/my_uav/models/p450_depth/p450_depth.sdf
[2.991s] -- Up-to-date: /home/a/uav/install/my_uav/share/my_uav/worlds
[2.991s] -- Up-to-date: /home/a/uav/install/my_uav/share/my_uav/worlds/leida.world
[2.991s] -- Up-to-date: /home/a/uav/install/my_uav/share/my_uav/worlds/my.world
[2.991s] -- Up-to-date: /home/a/uav/install/my_uav/share/my_uav/worlds/baylands.world
[2.991s] -- Up-to-date: /home/a/uav/install/my_uav/share/my_uav/worlds/safe_landing.world
[2.991s] -- Up-to-date: /home/a/uav/install/my_uav/share/my_uav/worlds/yosemite.world
[2.991s] -- Up-to-date: /home/a/uav/install/my_uav/share/my_uav/worlds/mcmillan_airfield.world
[2.991s] -- Up-to-date: /home/a/uav/install/my_uav/share/my_uav/worlds/cam.world
[2.991s] -- Up-to-date: /home/a/uav/install/my_uav/share/my_uav/worlds/sonoma_raceway.world
[2.991s] -- Up-to-date: /home/a/uav/install/my_uav/share/my_uav/worlds/empty_world.world
[2.992s] -- Up-to-date: /home/a/uav/install/my_uav/lib/my_uav/my_python_node.py
[2.992s] -- Installing: /home/a/uav/install/my_uav/lib/my_uav/uav_control_node
[2.992s] -- Set runtime path of "/home/a/uav/install/my_uav/lib/my_uav/uav_control_node" to ""
[2.993s] -- Up-to-date: /home/a/uav/install/my_uav/lib/my_uav/internlm_m_node
[2.993s] -- Up-to-date: /home/a/uav/install/my_uav/lib/my_uav/internvl
[2.993s] -- Up-to-date: /home/a/uav/install/my_uav/lib/my_uav/internlm_m_listener
[2.993s] -- Up-to-date: /home/a/uav/install/my_uav/lib/my_uav/internvl_listener
[2.993s] -- Up-to-date: /home/a/uav/install/my_uav/lib/my_uav/internvl_p
[2.993s] -- Up-to-date: /home/a/uav/install/my_uav/lib/my_uav/image_sub
[2.993s] -- Up-to-date: /home/a/uav/install/my_uav/lib/my_uav/gps_sub
[2.993s] -- Up-to-date: /home/a/uav/install/my_uav/lib/my_uav/ray_sub
[2.993s] -- Up-to-date: /home/a/uav/install/my_uav/lib/my_uav/camera_listener
[2.993s] -- Up-to-date: /home/a/uav/install/my_uav/lib/my_uav/ray_listener
[2.994s] -- Up-to-date: /home/a/uav/install/my_uav/share/ament_index/resource_index/package_run_dependencies/my_uav
[2.994s] -- Up-to-date: /home/a/uav/install/my_uav/share/ament_index/resource_index/parent_prefix_path/my_uav
[2.994s] -- Up-to-date: /home/a/uav/install/my_uav/share/my_uav/environment/ament_prefix_path.sh
[2.994s] -- Up-to-date: /home/a/uav/install/my_uav/share/my_uav/environment/ament_prefix_path.dsv
[2.994s] -- Up-to-date: /home/a/uav/install/my_uav/share/my_uav/environment/path.sh
[2.994s] -- Up-to-date: /home/a/uav/install/my_uav/share/my_uav/environment/path.dsv
[2.994s] -- Up-to-date: /home/a/uav/install/my_uav/share/my_uav/local_setup.bash
[2.994s] -- Up-to-date: /home/a/uav/install/my_uav/share/my_uav/local_setup.sh
[2.994s] -- Up-to-date: /home/a/uav/install/my_uav/share/my_uav/local_setup.zsh
[2.994s] -- Up-to-date: /home/a/uav/install/my_uav/share/my_uav/local_setup.dsv
[2.994s] -- Installing: /home/a/uav/install/my_uav/share/my_uav/package.dsv
[2.994s] -- Up-to-date: /home/a/uav/install/my_uav/share/ament_index/resource_index/packages/my_uav
[2.994s] -- Up-to-date: /home/a/uav/install/my_uav/share/my_uav/cmake/my_uavConfig.cmake
[2.994s] -- Up-to-date: /home/a/uav/install/my_uav/share/my_uav/cmake/my_uavConfig-version.cmake
[2.994s] -- Up-to-date: /home/a/uav/install/my_uav/share/my_uav/package.xml
[2.997s] Invoked command in '/home/a/uav/build/my_uav' returned '0': /usr/bin/cmake --install /home/a/uav/build/my_uav
