[0.379s] DEBUG:colcon:Command line arguments: ['/usr/bin/colcon', 'build', '--packages-select', 'px4_ros_com']
[0.380s] DEBUG:colcon:Parsed command line arguments: Namespace(allow_overriding=[], ament_cmake_args=None, base_paths=['.'], build_base='build', catkin_cmake_args=None, catkin_skip_building_tests=False, cmake_args=None, cmake_clean_cache=False, cmake_clean_first=False, cmake_force_configure=False, cmake_target=None, cmake_target_skip_unavailable=False, continue_on_error=False, event_handlers=None, executor='parallel', ignore_user_meta=False, install_base='install', log_base=None, log_level=None, main=<bound method BuildVerb.main of <colcon_core.verb.build.BuildVerb object at 0x7fe774795250>>, merge_install=False, metas=['./colcon.meta'], packages_above=None, packages_above_and_dependencies=None, packages_above_depth=None, packages_end=None, packages_ignore=None, packages_ignore_regex=None, packages_select=['px4_ros_com'], packages_select_build_failed=False, packages_select_by_dep=None, packages_select_regex=None, packages_select_test_failures=False, packages_skip=None, packages_skip_build_finished=False, packages_skip_by_dep=None, packages_skip_regex=None, packages_skip_test_passed=False, packages_skip_up_to=None, packages_start=None, packages_up_to=None, packages_up_to_regex=None, parallel_workers=2, paths=None, symlink_install=False, test_result_base=None, verb_extension=<colcon_core.verb.build.BuildVerb object at 0x7fe774795250>, verb_name='build', verb_parser=<colcon_defaults.argument_parser.defaults.DefaultArgumentsDecorator object at 0x7fe7747a3610>)
[0.725s] Level 1:colcon.colcon_core.package_discovery:discover_packages(colcon_meta) check parameters
[0.726s] Level 1:colcon.colcon_core.package_discovery:discover_packages(recursive) check parameters
[0.726s] Level 1:colcon.colcon_core.package_discovery:discover_packages(ignore) check parameters
[0.726s] Level 1:colcon.colcon_core.package_discovery:discover_packages(path) check parameters
[0.726s] Level 1:colcon.colcon_core.package_discovery:discover_packages(colcon_meta) discover
[0.726s] Level 1:colcon.colcon_core.package_discovery:discover_packages(recursive) discover
[0.726s] INFO:colcon.colcon_core.package_discovery:Crawling recursively for packages in '/home/a/ros2_ws'
[0.726s] Level 1:colcon.colcon_core.package_identification:_identify(.) by extensions ['ignore', 'ignore_ament_install']
[0.726s] Level 1:colcon.colcon_core.package_identification:_identify(.) by extension 'ignore'
[0.726s] Level 1:colcon.colcon_core.package_identification:_identify(.) by extension 'ignore_ament_install'
[0.727s] Level 1:colcon.colcon_core.package_identification:_identify(.) by extensions ['colcon_pkg']
[0.727s] Level 1:colcon.colcon_core.package_identification:_identify(.) by extension 'colcon_pkg'
[0.727s] Level 1:colcon.colcon_core.package_identification:_identify(.) by extensions ['colcon_meta']
[0.727s] Level 1:colcon.colcon_core.package_identification:_identify(.) by extension 'colcon_meta'
[0.727s] Level 1:colcon.colcon_core.package_identification:_identify(.) by extensions ['ros']
[0.727s] Level 1:colcon.colcon_core.package_identification:_identify(.) by extension 'ros'
[0.762s] Level 1:colcon.colcon_core.package_identification:_identify(.) by extensions ['cmake', 'python']
[0.762s] Level 1:colcon.colcon_core.package_identification:_identify(.) by extension 'cmake'
[0.762s] Level 1:colcon.colcon_core.package_identification:_identify(.) by extension 'python'
[0.762s] Level 1:colcon.colcon_core.package_identification:_identify(.) by extensions ['python_setup_py']
[0.762s] Level 1:colcon.colcon_core.package_identification:_identify(.) by extension 'python_setup_py'
[0.762s] Level 1:colcon.colcon_core.package_identification:_identify(build) by extensions ['ignore', 'ignore_ament_install']
[0.762s] Level 1:colcon.colcon_core.package_identification:_identify(build) by extension 'ignore'
[0.762s] Level 1:colcon.colcon_core.package_identification:_identify(build) ignored
[0.762s] Level 1:colcon.colcon_core.package_identification:_identify(install) by extensions ['ignore', 'ignore_ament_install']
[0.763s] Level 1:colcon.colcon_core.package_identification:_identify(install) by extension 'ignore'
[0.763s] Level 1:colcon.colcon_core.package_identification:_identify(install) ignored
[0.763s] Level 1:colcon.colcon_core.package_identification:_identify(log) by extensions ['ignore', 'ignore_ament_install']
[0.763s] Level 1:colcon.colcon_core.package_identification:_identify(log) by extension 'ignore'
[0.763s] Level 1:colcon.colcon_core.package_identification:_identify(log) ignored
[0.763s] Level 1:colcon.colcon_core.package_identification:_identify(src) by extensions ['ignore', 'ignore_ament_install']
[0.763s] Level 1:colcon.colcon_core.package_identification:_identify(src) by extension 'ignore'
[0.763s] Level 1:colcon.colcon_core.package_identification:_identify(src) by extension 'ignore_ament_install'
[0.763s] Level 1:colcon.colcon_core.package_identification:_identify(src) by extensions ['colcon_pkg']
[0.764s] Level 1:colcon.colcon_core.package_identification:_identify(src) by extension 'colcon_pkg'
[0.764s] Level 1:colcon.colcon_core.package_identification:_identify(src) by extensions ['colcon_meta']
[0.764s] Level 1:colcon.colcon_core.package_identification:_identify(src) by extension 'colcon_meta'
[0.764s] Level 1:colcon.colcon_core.package_identification:_identify(src) by extensions ['ros']
[0.764s] Level 1:colcon.colcon_core.package_identification:_identify(src) by extension 'ros'
[0.764s] Level 1:colcon.colcon_core.package_identification:_identify(src) by extensions ['cmake', 'python']
[0.764s] Level 1:colcon.colcon_core.package_identification:_identify(src) by extension 'cmake'
[0.764s] Level 1:colcon.colcon_core.package_identification:_identify(src) by extension 'python'
[0.764s] Level 1:colcon.colcon_core.package_identification:_identify(src) by extensions ['python_setup_py']
[0.764s] Level 1:colcon.colcon_core.package_identification:_identify(src) by extension 'python_setup_py'
[0.764s] Level 1:colcon.colcon_core.package_identification:_identify(src/my_msg) by extensions ['ignore', 'ignore_ament_install']
[0.764s] Level 1:colcon.colcon_core.package_identification:_identify(src/my_msg) by extension 'ignore'
[0.764s] Level 1:colcon.colcon_core.package_identification:_identify(src/my_msg) by extension 'ignore_ament_install'
[0.764s] Level 1:colcon.colcon_core.package_identification:_identify(src/my_msg) by extensions ['colcon_pkg']
[0.766s] Level 1:colcon.colcon_core.package_identification:_identify(src/my_msg) by extension 'colcon_pkg'
[0.767s] Level 1:colcon.colcon_core.package_identification:_identify(src/my_msg) by extensions ['colcon_meta']
[0.767s] Level 1:colcon.colcon_core.package_identification:_identify(src/my_msg) by extension 'colcon_meta'
[0.767s] Level 1:colcon.colcon_core.package_identification:_identify(src/my_msg) by extensions ['ros']
[0.767s] Level 1:colcon.colcon_core.package_identification:_identify(src/my_msg) by extension 'ros'
[0.778s] DEBUG:colcon.colcon_core.package_identification:Package 'src/my_msg' with type 'ros.ament_cmake' and name 'my_msg'
[0.779s] Level 1:colcon.colcon_core.package_identification:_identify(src/my_uav) by extensions ['ignore', 'ignore_ament_install']
[0.779s] Level 1:colcon.colcon_core.package_identification:_identify(src/my_uav) by extension 'ignore'
[0.779s] Level 1:colcon.colcon_core.package_identification:_identify(src/my_uav) by extension 'ignore_ament_install'
[0.779s] Level 1:colcon.colcon_core.package_identification:_identify(src/my_uav) by extensions ['colcon_pkg']
[0.779s] Level 1:colcon.colcon_core.package_identification:_identify(src/my_uav) by extension 'colcon_pkg'
[0.779s] Level 1:colcon.colcon_core.package_identification:_identify(src/my_uav) by extensions ['colcon_meta']
[0.779s] Level 1:colcon.colcon_core.package_identification:_identify(src/my_uav) by extension 'colcon_meta'
[0.779s] Level 1:colcon.colcon_core.package_identification:_identify(src/my_uav) by extensions ['ros']
[0.779s] Level 1:colcon.colcon_core.package_identification:_identify(src/my_uav) by extension 'ros'
[0.782s] DEBUG:colcon.colcon_core.package_identification:Package 'src/my_uav' with type 'ros.ament_cmake' and name 'my_uav'
[0.782s] Level 1:colcon.colcon_core.package_identification:_identify(src/px4_msgs) by extensions ['ignore', 'ignore_ament_install']
[0.782s] Level 1:colcon.colcon_core.package_identification:_identify(src/px4_msgs) by extension 'ignore'
[0.782s] Level 1:colcon.colcon_core.package_identification:_identify(src/px4_msgs) by extension 'ignore_ament_install'
[0.782s] Level 1:colcon.colcon_core.package_identification:_identify(src/px4_msgs) by extensions ['colcon_pkg']
[0.782s] Level 1:colcon.colcon_core.package_identification:_identify(src/px4_msgs) by extension 'colcon_pkg'
[0.782s] Level 1:colcon.colcon_core.package_identification:_identify(src/px4_msgs) by extensions ['colcon_meta']
[0.782s] Level 1:colcon.colcon_core.package_identification:_identify(src/px4_msgs) by extension 'colcon_meta'
[0.782s] Level 1:colcon.colcon_core.package_identification:_identify(src/px4_msgs) by extensions ['ros']
[0.782s] Level 1:colcon.colcon_core.package_identification:_identify(src/px4_msgs) by extension 'ros'
[0.784s] DEBUG:colcon.colcon_core.package_identification:Package 'src/px4_msgs' with type 'ros.ament_cmake' and name 'px4_msgs'
[0.785s] Level 1:colcon.colcon_core.package_identification:_identify(src/px4_ros_com) by extensions ['ignore', 'ignore_ament_install']
[0.785s] Level 1:colcon.colcon_core.package_identification:_identify(src/px4_ros_com) by extension 'ignore'
[0.785s] Level 1:colcon.colcon_core.package_identification:_identify(src/px4_ros_com) by extension 'ignore_ament_install'
[0.785s] Level 1:colcon.colcon_core.package_identification:_identify(src/px4_ros_com) by extensions ['colcon_pkg']
[0.785s] Level 1:colcon.colcon_core.package_identification:_identify(src/px4_ros_com) by extension 'colcon_pkg'
[0.785s] Level 1:colcon.colcon_core.package_identification:_identify(src/px4_ros_com) by extensions ['colcon_meta']
[0.785s] Level 1:colcon.colcon_core.package_identification:_identify(src/px4_ros_com) by extension 'colcon_meta'
[0.785s] Level 1:colcon.colcon_core.package_identification:_identify(src/px4_ros_com) by extensions ['ros']
[0.785s] Level 1:colcon.colcon_core.package_identification:_identify(src/px4_ros_com) by extension 'ros'
[0.787s] DEBUG:colcon.colcon_core.package_identification:Package 'src/px4_ros_com' with type 'ros.ament_cmake' and name 'px4_ros_com'
[0.787s] Level 1:colcon.colcon_core.package_discovery:discover_packages(recursive) using defaults
[0.788s] Level 1:colcon.colcon_core.package_discovery:discover_packages(ignore) discover
[0.788s] Level 1:colcon.colcon_core.package_discovery:discover_packages(ignore) using defaults
[0.788s] Level 1:colcon.colcon_core.package_discovery:discover_packages(path) discover
[0.788s] Level 1:colcon.colcon_core.package_discovery:discover_packages(path) using defaults
[0.853s] INFO:colcon.colcon_core.package_selection:Skipping not selected package 'my_msg' in 'src/my_msg'
[0.853s] INFO:colcon.colcon_core.package_selection:Skipping not selected package 'my_uav' in 'src/my_uav'
[0.854s] INFO:colcon.colcon_core.package_selection:Skipping not selected package 'px4_msgs' in 'src/px4_msgs'
[0.856s] Level 1:colcon.colcon_core.package_discovery:discover_packages(prefix_path) check parameters
[0.856s] Level 1:colcon.colcon_core.package_discovery:discover_packages(prefix_path) discover
[0.889s] DEBUG:colcon.colcon_installed_package_information.package_discovery:Found 4 installed packages in /home/a/ros2_ws/install
[0.891s] DEBUG:colcon.colcon_installed_package_information.package_discovery:Found 275 installed packages in /opt/ros/galactic
[0.894s] Level 1:colcon.colcon_core.package_discovery:discover_packages(prefix_path) using defaults
[1.143s] Level 5:colcon.colcon_core.verb:set package 'px4_ros_com' build argument 'cmake_args' from command line to 'None'
[1.143s] Level 5:colcon.colcon_core.verb:set package 'px4_ros_com' build argument 'cmake_target' from command line to 'None'
[1.143s] Level 5:colcon.colcon_core.verb:set package 'px4_ros_com' build argument 'cmake_target_skip_unavailable' from command line to 'False'
[1.143s] Level 5:colcon.colcon_core.verb:set package 'px4_ros_com' build argument 'cmake_clean_cache' from command line to 'False'
[1.143s] Level 5:colcon.colcon_core.verb:set package 'px4_ros_com' build argument 'cmake_clean_first' from command line to 'False'
[1.143s] Level 5:colcon.colcon_core.verb:set package 'px4_ros_com' build argument 'cmake_force_configure' from command line to 'False'
[1.143s] Level 5:colcon.colcon_core.verb:set package 'px4_ros_com' build argument 'ament_cmake_args' from command line to 'None'
[1.143s] Level 5:colcon.colcon_core.verb:set package 'px4_ros_com' build argument 'catkin_cmake_args' from command line to 'None'
[1.143s] Level 5:colcon.colcon_core.verb:set package 'px4_ros_com' build argument 'catkin_skip_building_tests' from command line to 'False'
[1.144s] DEBUG:colcon.colcon_core.verb:Building package 'px4_ros_com' with the following arguments: {'ament_cmake_args': None, 'build_base': '/home/a/ros2_ws/build/px4_ros_com', 'catkin_cmake_args': None, 'catkin_skip_building_tests': False, 'cmake_args': None, 'cmake_clean_cache': False, 'cmake_clean_first': False, 'cmake_force_configure': False, 'cmake_target': None, 'cmake_target_skip_unavailable': False, 'install_base': '/home/a/ros2_ws/install/px4_ros_com', 'merge_install': False, 'path': '/home/a/ros2_ws/src/px4_ros_com', 'symlink_install': False, 'test_result_base': None}
[1.144s] INFO:colcon.colcon_core.executor:Executing jobs using 'parallel' executor
[1.146s] DEBUG:colcon.colcon_parallel_executor.executor.parallel:run_until_complete
[1.146s] INFO:colcon.colcon_ros.task.ament_cmake.build:Building ROS package in '/home/a/ros2_ws/src/px4_ros_com' with build type 'ament_cmake'
[1.146s] INFO:colcon.colcon_cmake.task.cmake.build:Building CMake package in '/home/a/ros2_ws/src/px4_ros_com'
[1.170s] INFO:colcon.colcon_core.plugin_system:Skipping extension 'colcon_core.shell.bat': Not used on non-Windows systems
[1.170s] INFO:colcon.colcon_core.shell:Skip shell extension 'powershell' for command environment: Not usable outside of PowerShell
[1.170s] DEBUG:colcon.colcon_core.shell:Skip shell extension 'dsv' for command environment
[1.232s] DEBUG:colcon.colcon_core.event_handler.log_command:Invoking command in '/home/a/ros2_ws/build/px4_ros_com': CMAKE_PREFIX_PATH=/home/a/ros2_ws/install/px4_msgs:/home/a/ros2_ws/install/px4_ros_com:/home/a/ros2_ws/install/my_uav:/home/a/ros2_ws/install/my_msg:/opt/ros/galactic LD_LIBRARY_PATH=/home/a/ros2_ws/install/px4_msgs/lib:/home/a/ros2_ws/install/px4_ros_com/lib:/home/a/ros2_ws/install/my_msg/lib:/usr/lib/x86_64-linux-gnu/gazebo-11/plugins:/opt/ros/galactic/opt/yaml_cpp_vendor/lib:/opt/ros/galactic/opt/rviz_ogre_vendor/lib:/opt/ros/galactic/lib/x86_64-linux-gnu:/opt/ros/galactic/lib:/home/a/PX4-Autopilot/build/px4_sitl_default/build_gazebo-classic /usr/bin/cmake --build /home/a/ros2_ws/build/px4_ros_com -- -j2 -l2
[37.554s] DEBUG:colcon.colcon_core.event_handler.log_command:Invoked command in '/home/a/ros2_ws/build/px4_ros_com' returned '0': CMAKE_PREFIX_PATH=/home/a/ros2_ws/install/px4_msgs:/home/a/ros2_ws/install/px4_ros_com:/home/a/ros2_ws/install/my_uav:/home/a/ros2_ws/install/my_msg:/opt/ros/galactic LD_LIBRARY_PATH=/home/a/ros2_ws/install/px4_msgs/lib:/home/a/ros2_ws/install/px4_ros_com/lib:/home/a/ros2_ws/install/my_msg/lib:/usr/lib/x86_64-linux-gnu/gazebo-11/plugins:/opt/ros/galactic/opt/yaml_cpp_vendor/lib:/opt/ros/galactic/opt/rviz_ogre_vendor/lib:/opt/ros/galactic/lib/x86_64-linux-gnu:/opt/ros/galactic/lib:/home/a/PX4-Autopilot/build/px4_sitl_default/build_gazebo-classic /usr/bin/cmake --build /home/a/ros2_ws/build/px4_ros_com -- -j2 -l2
[37.591s] DEBUG:colcon.colcon_core.event_handler.log_command:Invoking command in '/home/a/ros2_ws/build/px4_ros_com': CMAKE_PREFIX_PATH=/home/a/ros2_ws/install/px4_msgs:/home/a/ros2_ws/install/px4_ros_com:/home/a/ros2_ws/install/my_uav:/home/a/ros2_ws/install/my_msg:/opt/ros/galactic LD_LIBRARY_PATH=/home/a/ros2_ws/install/px4_msgs/lib:/home/a/ros2_ws/install/px4_ros_com/lib:/home/a/ros2_ws/install/my_msg/lib:/usr/lib/x86_64-linux-gnu/gazebo-11/plugins:/opt/ros/galactic/opt/yaml_cpp_vendor/lib:/opt/ros/galactic/opt/rviz_ogre_vendor/lib:/opt/ros/galactic/lib/x86_64-linux-gnu:/opt/ros/galactic/lib:/home/a/PX4-Autopilot/build/px4_sitl_default/build_gazebo-classic /usr/bin/cmake --install /home/a/ros2_ws/build/px4_ros_com
[37.795s] Level 1:colcon.colcon_core.environment:create_environment_scripts_only(px4_ros_com)
[37.798s] DEBUG:colcon.colcon_core.event_handler.log_command:Invoked command in '/home/a/ros2_ws/build/px4_ros_com' returned '0': CMAKE_PREFIX_PATH=/home/a/ros2_ws/install/px4_msgs:/home/a/ros2_ws/install/px4_ros_com:/home/a/ros2_ws/install/my_uav:/home/a/ros2_ws/install/my_msg:/opt/ros/galactic LD_LIBRARY_PATH=/home/a/ros2_ws/install/px4_msgs/lib:/home/a/ros2_ws/install/px4_ros_com/lib:/home/a/ros2_ws/install/my_msg/lib:/usr/lib/x86_64-linux-gnu/gazebo-11/plugins:/opt/ros/galactic/opt/yaml_cpp_vendor/lib:/opt/ros/galactic/opt/rviz_ogre_vendor/lib:/opt/ros/galactic/lib/x86_64-linux-gnu:/opt/ros/galactic/lib:/home/a/PX4-Autopilot/build/px4_sitl_default/build_gazebo-classic /usr/bin/cmake --install /home/a/ros2_ws/build/px4_ros_com
[37.817s] Level 1:colcon.colcon_core.environment:checking '/home/a/ros2_ws/install/px4_ros_com' for CMake module files
[37.818s] Level 1:colcon.colcon_core.environment:checking '/home/a/ros2_ws/install/px4_ros_com' for CMake config files
[37.825s] Level 1:colcon.colcon_core.shell:create_environment_hook('px4_ros_com', 'cmake_prefix_path')
[37.827s] INFO:colcon.colcon_core.shell:Creating environment hook '/home/a/ros2_ws/install/px4_ros_com/share/px4_ros_com/hook/cmake_prefix_path.ps1'
[37.832s] INFO:colcon.colcon_core.shell:Creating environment descriptor '/home/a/ros2_ws/install/px4_ros_com/share/px4_ros_com/hook/cmake_prefix_path.dsv'
[37.834s] INFO:colcon.colcon_core.shell:Creating environment hook '/home/a/ros2_ws/install/px4_ros_com/share/px4_ros_com/hook/cmake_prefix_path.sh'
[37.839s] Level 1:colcon.colcon_core.environment:checking '/home/a/ros2_ws/install/px4_ros_com/lib'
[37.840s] Level 1:colcon.colcon_core.shell:create_environment_hook('px4_ros_com', 'ld_library_path_lib')
[37.840s] INFO:colcon.colcon_core.shell:Creating environment hook '/home/a/ros2_ws/install/px4_ros_com/share/px4_ros_com/hook/ld_library_path_lib.ps1'
[37.841s] INFO:colcon.colcon_core.shell:Creating environment descriptor '/home/a/ros2_ws/install/px4_ros_com/share/px4_ros_com/hook/ld_library_path_lib.dsv'
[37.841s] INFO:colcon.colcon_core.shell:Creating environment hook '/home/a/ros2_ws/install/px4_ros_com/share/px4_ros_com/hook/ld_library_path_lib.sh'
[37.842s] Level 1:colcon.colcon_core.environment:checking '/home/a/ros2_ws/install/px4_ros_com/bin'
[37.842s] Level 1:colcon.colcon_core.environment:checking '/home/a/ros2_ws/install/px4_ros_com/lib/pkgconfig/px4_ros_com.pc'
[37.842s] Level 1:colcon.colcon_core.environment:checking '/home/a/ros2_ws/install/px4_ros_com/lib/python3.8/site-packages'
[37.843s] Level 1:colcon.colcon_core.environment:checking '/home/a/ros2_ws/install/px4_ros_com/bin'
[37.843s] INFO:colcon.colcon_core.shell:Creating package script '/home/a/ros2_ws/install/px4_ros_com/share/px4_ros_com/package.ps1'
[37.851s] INFO:colcon.colcon_core.shell:Creating package descriptor '/home/a/ros2_ws/install/px4_ros_com/share/px4_ros_com/package.dsv'
[37.855s] INFO:colcon.colcon_core.shell:Creating package script '/home/a/ros2_ws/install/px4_ros_com/share/px4_ros_com/package.sh'
[37.859s] INFO:colcon.colcon_core.shell:Creating package script '/home/a/ros2_ws/install/px4_ros_com/share/px4_ros_com/package.bash'
[37.875s] INFO:colcon.colcon_core.shell:Creating package script '/home/a/ros2_ws/install/px4_ros_com/share/px4_ros_com/package.zsh'
[37.882s] Level 1:colcon.colcon_core.environment:create_file_with_runtime_dependencies(/home/a/ros2_ws/install/px4_ros_com/share/colcon-core/packages/px4_ros_com)
[37.887s] Level 1:colcon.colcon_core.environment:create_environment_scripts_only(px4_ros_com)
[37.888s] Level 1:colcon.colcon_core.environment:checking '/home/a/ros2_ws/install/px4_ros_com' for CMake module files
[37.892s] Level 1:colcon.colcon_core.environment:checking '/home/a/ros2_ws/install/px4_ros_com' for CMake config files
[37.893s] Level 1:colcon.colcon_core.shell:create_environment_hook('px4_ros_com', 'cmake_prefix_path')
[37.894s] INFO:colcon.colcon_core.shell:Creating environment hook '/home/a/ros2_ws/install/px4_ros_com/share/px4_ros_com/hook/cmake_prefix_path.ps1'
[37.900s] INFO:colcon.colcon_core.shell:Creating environment descriptor '/home/a/ros2_ws/install/px4_ros_com/share/px4_ros_com/hook/cmake_prefix_path.dsv'
[37.904s] INFO:colcon.colcon_core.shell:Creating environment hook '/home/a/ros2_ws/install/px4_ros_com/share/px4_ros_com/hook/cmake_prefix_path.sh'
[37.907s] Level 1:colcon.colcon_core.environment:checking '/home/a/ros2_ws/install/px4_ros_com/lib'
[37.907s] Level 1:colcon.colcon_core.shell:create_environment_hook('px4_ros_com', 'ld_library_path_lib')
[37.908s] INFO:colcon.colcon_core.shell:Creating environment hook '/home/a/ros2_ws/install/px4_ros_com/share/px4_ros_com/hook/ld_library_path_lib.ps1'
[37.908s] INFO:colcon.colcon_core.shell:Creating environment descriptor '/home/a/ros2_ws/install/px4_ros_com/share/px4_ros_com/hook/ld_library_path_lib.dsv'
[37.909s] INFO:colcon.colcon_core.shell:Creating environment hook '/home/a/ros2_ws/install/px4_ros_com/share/px4_ros_com/hook/ld_library_path_lib.sh'
[37.911s] Level 1:colcon.colcon_core.environment:checking '/home/a/ros2_ws/install/px4_ros_com/bin'
[37.911s] Level 1:colcon.colcon_core.environment:checking '/home/a/ros2_ws/install/px4_ros_com/lib/pkgconfig/px4_ros_com.pc'
[37.912s] Level 1:colcon.colcon_core.environment:checking '/home/a/ros2_ws/install/px4_ros_com/lib/python3.8/site-packages'
[37.912s] Level 1:colcon.colcon_core.environment:checking '/home/a/ros2_ws/install/px4_ros_com/bin'
[37.915s] INFO:colcon.colcon_core.shell:Creating package script '/home/a/ros2_ws/install/px4_ros_com/share/px4_ros_com/package.ps1'
[37.918s] INFO:colcon.colcon_core.shell:Creating package descriptor '/home/a/ros2_ws/install/px4_ros_com/share/px4_ros_com/package.dsv'
[37.920s] INFO:colcon.colcon_core.shell:Creating package script '/home/a/ros2_ws/install/px4_ros_com/share/px4_ros_com/package.sh'
[37.923s] INFO:colcon.colcon_core.shell:Creating package script '/home/a/ros2_ws/install/px4_ros_com/share/px4_ros_com/package.bash'
[37.926s] INFO:colcon.colcon_core.shell:Creating package script '/home/a/ros2_ws/install/px4_ros_com/share/px4_ros_com/package.zsh'
[37.927s] Level 1:colcon.colcon_core.environment:create_file_with_runtime_dependencies(/home/a/ros2_ws/install/px4_ros_com/share/colcon-core/packages/px4_ros_com)
[37.929s] DEBUG:colcon.colcon_parallel_executor.executor.parallel:closing loop
[37.931s] DEBUG:colcon.colcon_parallel_executor.executor.parallel:loop closed
[37.931s] DEBUG:colcon.colcon_parallel_executor.executor.parallel:run_until_complete finished with '0'
[37.932s] DEBUG:colcon.colcon_core.event_reactor:joining thread
[38.005s] INFO:colcon.colcon_core.plugin_system:Skipping extension 'colcon_notification.desktop_notification.terminal_notifier': Not used on non-Darwin systems
[38.005s] INFO:colcon.colcon_core.plugin_system:Skipping extension 'colcon_notification.desktop_notification.win32': Not used on non-Windows systems
[38.005s] INFO:colcon.colcon_notification.desktop_notification:Sending desktop notification using 'notify2'
[38.344s] DEBUG:colcon.colcon_core.event_reactor:joined thread
[38.344s] INFO:colcon.colcon_core.shell:Creating prefix script '/home/a/ros2_ws/install/local_setup.ps1'
[38.346s] INFO:colcon.colcon_core.shell:Creating prefix util module '/home/a/ros2_ws/install/_local_setup_util_ps1.py'
[38.349s] INFO:colcon.colcon_core.shell:Creating prefix chain script '/home/a/ros2_ws/install/setup.ps1'
[38.354s] INFO:colcon.colcon_core.shell:Creating prefix script '/home/a/ros2_ws/install/local_setup.sh'
[38.358s] INFO:colcon.colcon_core.shell:Creating prefix util module '/home/a/ros2_ws/install/_local_setup_util_sh.py'
[38.359s] INFO:colcon.colcon_core.shell:Creating prefix chain script '/home/a/ros2_ws/install/setup.sh'
[38.364s] INFO:colcon.colcon_core.shell:Creating prefix script '/home/a/ros2_ws/install/local_setup.bash'
[38.368s] INFO:colcon.colcon_core.shell:Creating prefix chain script '/home/a/ros2_ws/install/setup.bash'
[38.372s] INFO:colcon.colcon_core.shell:Creating prefix script '/home/a/ros2_ws/install/local_setup.zsh'
[38.374s] INFO:colcon.colcon_core.shell:Creating prefix chain script '/home/a/ros2_ws/install/setup.zsh'
