CMake Error at /opt/ros/galactic/share/rosidl_adapter/cmake/rosidl_adapt_interfaces.cmake:60 (message):
  execute_process(/usr/bin/python3 -m rosidl_adapter --package-name px4_msgs
  --arguments-file
  /home/a/ros2_ws/build/px4_msgs/rosidl_adapter__arguments__px4_msgs.json
  --output-dir /home/a/ros2_ws/build/px4_msgs/rosidl_adapter/px4_msgs
  --output-file /home/a/ros2_ws/build/px4_msgs/rosidl_adapter/px4_msgs.idls)
  returned error code 1:

  Error with: px4_msgs VehicleCommand command

  Traceback (most recent call last):

    File "/usr/lib/python3.8/runpy.py", line 194, in _run_module_as_main
      return _run_code(code, main_globals, None,
    File "/usr/lib/python3.8/runpy.py", line 87, in _run_code
      exec(code, run_globals)
    File "/opt/ros/galactic/lib/python3.8/site-packages/rosidl_adapter/__main__.py", line 19, in <module>
      sys.exit(main())
    File "/opt/ros/galactic/lib/python3.8/site-packages/rosidl_adapter/main.py", line 53, in main
      abs_idl_file = convert_to_idl(
    File "/opt/ros/galactic/lib/python3.8/site-packages/rosidl_adapter/__init__.py", line 19, in convert_to_idl
      return convert_msg_to_idl(
    File "/opt/ros/galactic/lib/python3.8/site-packages/rosidl_adapter/msg/__init__.py", line 28, in convert_msg_to_idl
      msg = parse_message_string(package_name, input_file.stem, content)
    File "/opt/ros/galactic/lib/python3.8/site-packages/rosidl_adapter/parser.py", line 506, in parse_message_string
      raise InvalidFieldDefinition(line)

  rosidl_adapter.parser.InvalidFieldDefinition: command

Call Stack (most recent call first):
  /opt/ros/galactic/share/rosidl_cmake/cmake/rosidl_generate_interfaces.cmake:130 (rosidl_adapt_interfaces)
  CMakeLists.txt:28 (rosidl_generate_interfaces)


