[0.047s] Invoking command in '/home/a/ros2_ws/build/px4_msgs': CMAKE_PREFIX_PATH=${CMAKE_PREFIX_PATH}:/opt/ros/galactic /usr/bin/cmake /home/a/ros2_ws/src/px4_msgs -DCMAKE_INSTALL_PREFIX=/home/a/ros2_ws/install/px4_msgs
[0.078s] -- Found ament_cmake: 1.1.6 (/opt/ros/galactic/share/ament_cmake/cmake)
[0.124s] -- Found PythonInterp: /usr/bin/python3 (found suitable version "3.8.10", minimum required is "3") 
[0.124s] -- Using PYTHON_EXECUTABLE: /usr/bin/python3
[0.221s] -- Override CMake install command with custom implementation using symlinks instead of copying resources
[0.254s] -- Found builtin_interfaces: 1.0.3 (/opt/ros/galactic/share/builtin_interfaces/cmake)
[0.299s] -- Using all available rosidl_typesupport_c: rosidl_typesupport_fastrtps_c;rosidl_typesupport_introspection_c
[0.307s] -- Found rosidl_adapter: 2.2.3 (/opt/ros/galactic/share/rosidl_adapter/cmake)
[0.486s] -- Using all available rosidl_typesupport_cpp: rosidl_typesupport_fastrtps_cpp;rosidl_typesupport_introspection_cpp
[0.527s] -- Found rosidl_default_generators: 1.1.1 (/opt/ros/galactic/share/rosidl_default_generators/cmake)
[0.691s] -- Found PythonInterp: /usr/bin/python3 (found version "3.8.10") 
[2.141s] CMake Error at /opt/ros/galactic/share/rosidl_adapter/cmake/rosidl_adapt_interfaces.cmake:60 (message):
[2.141s]   execute_process(/usr/bin/python3 -m rosidl_adapter --package-name px4_msgs
[2.141s]   --arguments-file
[2.141s]   /home/a/ros2_ws/build/px4_msgs/rosidl_adapter__arguments__px4_msgs.json
[2.141s]   --output-dir /home/a/ros2_ws/build/px4_msgs/rosidl_adapter/px4_msgs
[2.142s]   --output-file /home/a/ros2_ws/build/px4_msgs/rosidl_adapter/px4_msgs.idls)
[2.142s]   returned error code 1:
[2.142s] 
[2.142s]   Error with: px4_msgs VehicleCommand command
[2.142s] 
[2.142s]   Traceback (most recent call last):
[2.142s] 
[2.142s]     File "/usr/lib/python3.8/runpy.py", line 194, in _run_module_as_main
[2.142s]       return _run_code(code, main_globals, None,
[2.142s]     File "/usr/lib/python3.8/runpy.py", line 87, in _run_code
[2.142s]       exec(code, run_globals)
[2.142s]     File "/opt/ros/galactic/lib/python3.8/site-packages/rosidl_adapter/__main__.py", line 19, in <module>
[2.142s]       sys.exit(main())
[2.142s]     File "/opt/ros/galactic/lib/python3.8/site-packages/rosidl_adapter/main.py", line 53, in main
[2.142s]       abs_idl_file = convert_to_idl(
[2.142s]     File "/opt/ros/galactic/lib/python3.8/site-packages/rosidl_adapter/__init__.py", line 19, in convert_to_idl
[2.142s]       return convert_msg_to_idl(
[2.142s]     File "/opt/ros/galactic/lib/python3.8/site-packages/rosidl_adapter/msg/__init__.py", line 28, in convert_msg_to_idl
[2.142s]       msg = parse_message_string(package_name, input_file.stem, content)
[2.142s]     File "/opt/ros/galactic/lib/python3.8/site-packages/rosidl_adapter/parser.py", line 506, in parse_message_string
[2.142s]       raise InvalidFieldDefinition(line)
[2.142s] 
[2.142s]   rosidl_adapter.parser.InvalidFieldDefinition: command
[2.142s] 
[2.143s] Call Stack (most recent call first):
[2.143s]   /opt/ros/galactic/share/rosidl_cmake/cmake/rosidl_generate_interfaces.cmake:130 (rosidl_adapt_interfaces)
[2.143s]   CMakeLists.txt:28 (rosidl_generate_interfaces)
[2.143s] 
[2.143s] 
[2.144s] -- Configuring incomplete, errors occurred!
[2.144s] See also "/home/a/ros2_ws/build/px4_msgs/CMakeFiles/CMakeOutput.log".
[2.152s] Invoked command in '/home/a/ros2_ws/build/px4_msgs' returned '1': CMAKE_PREFIX_PATH=${CMAKE_PREFIX_PATH}:/opt/ros/galactic /usr/bin/cmake /home/a/ros2_ws/src/px4_msgs -DCMAKE_INSTALL_PREFIX=/home/a/ros2_ws/install/px4_msgs
