[0.017s] Invoking command in '/home/a/uav/build/my_uav': CMAKE_PREFIX_PATH=${CMAKE_PREFIX_PATH}:/opt/ros/galactic /usr/bin/cmake --build /home/a/uav/build/my_uav -- -j2 -l2
[0.046s] -- Found ament_cmake: 1.1.6 (/opt/ros/galactic/share/ament_cmake/cmake)
[0.070s] -- Using PYTHON_EXECUTABLE: /usr/bin/python3
[0.140s] -- Found ament_lint_auto: 0.10.7 (/opt/ros/galactic/share/ament_lint_auto/cmake)
[0.190s] -- Found rclcpp: 9.2.2 (/opt/ros/galactic/share/rclcpp/cmake)
[0.220s] -- Using all available rosidl_typesupport_c: rosidl_typesupport_fastrtps_c;rosidl_typesupport_introspection_c
[0.224s] -- Found rosidl_adapter: 2.2.3 (/opt/ros/galactic/share/rosidl_adapter/cmake)
[0.358s] -- Using all available rosidl_typesupport_cpp: rosidl_typesupport_fastrtps_cpp;rosidl_typesupport_introspection_cpp
[0.407s] -- Found rmw_implementation_cmake: 3.3.1 (/opt/ros/galactic/share/rmw_implementation_cmake/cmake)
[0.409s] -- Found rmw_cyclonedds_cpp: 0.22.6 (/opt/ros/galactic/share/rmw_cyclonedds_cpp/cmake)
[0.425s] -- Using RMW implementation 'rmw_cyclonedds_cpp' as default
[0.559s] -- Found sensor_msgs: 2.2.4 (/opt/ros/galactic/share/sensor_msgs/cmake)
[0.672s] -- Found px4_msgs: 2.0.1 (/home/a/ros2_ws/install/px4_msgs/share/px4_msgs/cmake)
[0.697s] -- Added test 'copyright' to check source files copyright and LICENSE
[0.698s] -- Added test 'cppcheck' to perform static code analysis on C / C++ code
[0.699s] -- Configured cppcheck include dirs: 
[0.699s] -- Configured cppcheck exclude dirs and/or files: 
[0.701s] -- Added test 'cpplint' to check C / C++ code against the Google style
[0.701s] -- Configured cpplint exclude dirs and/or files: 
[0.702s] -- Added test 'flake8' to check Python code syntax and style conventions
[0.703s] -- Added test 'lint_cmake' to check CMake code style
[0.703s] -- Added test 'pep257' to check Python code against some of the style conventions in PEP 257
[0.705s] -- Added test 'uncrustify' to check C / C++ code style
[0.705s] -- Configured uncrustify additional arguments: 
[0.706s] -- Added test 'xmllint' to check XML markup files
[0.708s] -- Configuring done
[0.747s] -- Generating done
[0.765s] -- Build files have been written to: /home/a/uav/build/my_uav
[0.794s] [35m[1mScanning dependencies of target internlm_m_listener[0m
[0.794s] [35m[1mScanning dependencies of target internvl[0m
[0.826s] [ 12%] [32mBuilding CXX object CMakeFiles/internvl.dir/src/internvl.cpp.o[0m
[0.846s] [ 25%] [32mBuilding CXX object CMakeFiles/internlm_m_listener.dir/src/internlm_m_listener.cpp.o[0m
[7.221s] [ 37%] [32m[1mLinking CXX executable internvl[0m
[7.848s] [ 37%] Built target internvl
[7.866s] [35m[1mScanning dependencies of target internlm_m_node[0m
[7.927s] [ 50%] [32mBuilding CXX object CMakeFiles/internlm_m_node.dir/src/internlm_m_node.cpp.o[0m
[13.002s] [ 62%] [32m[1mLinking CXX executable internlm_m_listener[0m
[14.036s] [ 62%] Built target internlm_m_listener
[14.054s] [35m[1mScanning dependencies of target uav_control_node[0m
[14.106s] [ 75%] [32mBuilding CXX object CMakeFiles/uav_control_node.dir/src/uav_control_node.cpp.o[0m
[15.282s] [ 87%] [32m[1mLinking CXX executable internlm_m_node[0m
[15.948s] [ 87%] Built target internlm_m_node
[18.763s] [100%] [32m[1mLinking CXX executable uav_control_node[0m
[18.955s] [100%] Built target uav_control_node
[18.972s] Invoked command in '/home/a/uav/build/my_uav' returned '0': CMAKE_PREFIX_PATH=${CMAKE_PREFIX_PATH}:/opt/ros/galactic /usr/bin/cmake --build /home/a/uav/build/my_uav -- -j2 -l2
[18.985s] Invoking command in '/home/a/uav/build/my_uav': CMAKE_PREFIX_PATH=${CMAKE_PREFIX_PATH}:/opt/ros/galactic /usr/bin/cmake --install /home/a/uav/build/my_uav
[18.999s] -- Install configuration: ""
[18.999s] -- Up-to-date: /home/a/uav/install/my_uav/share/my_uav/launch
[18.999s] -- Up-to-date: /home/a/uav/install/my_uav/share/my_uav/launch/sitl.launch
[18.999s] -- Up-to-date: /home/a/uav/install/my_uav/share/my_uav/launch/p450.py
[18.999s] -- Up-to-date: /home/a/uav/install/my_uav/share/my_uav/launch/gz_launch.py
[18.999s] -- Up-to-date: /home/a/uav/install/my_uav/share/my_uav/models
[18.999s] -- Up-to-date: /home/a/uav/install/my_uav/share/my_uav/models/p450_2Dlidar_depth
[18.999s] -- Up-to-date: /home/a/uav/install/my_uav/share/my_uav/models/p450_2Dlidar_depth/model.config
[18.999s] -- Up-to-date: /home/a/uav/install/my_uav/share/my_uav/models/p450_2Dlidar_depth/p450_2Dlidar_depth.sdf
[18.999s] -- Up-to-date: /home/a/uav/install/my_uav/share/my_uav/models/p450
[18.999s] -- Up-to-date: /home/a/uav/install/my_uav/share/my_uav/models/p450/model.config
[18.999s] -- Up-to-date: /home/a/uav/install/my_uav/share/my_uav/models/p450/meshes
[18.999s] -- Up-to-date: /home/a/uav/install/my_uav/share/my_uav/models/p450/meshes/p450_ccw.stl
[18.999s] -- Up-to-date: /home/a/uav/install/my_uav/share/my_uav/models/p450/meshes/p450.stl
[18.999s] -- Up-to-date: /home/a/uav/install/my_uav/share/my_uav/models/p450/meshes/p450_cw.stl
[18.999s] -- Up-to-date: /home/a/uav/install/my_uav/share/my_uav/models/p450/p450.sdf
[18.999s] -- Up-to-date: /home/a/uav/install/my_uav/share/my_uav/models/hokuyo_ust_20lx
[18.999s] -- Up-to-date: /home/a/uav/install/my_uav/share/my_uav/models/hokuyo_ust_20lx/hokuyo_ust_20lx.sdf
[19.000s] -- Up-to-date: /home/a/uav/install/my_uav/share/my_uav/models/hokuyo_ust_20lx/model.config
[19.000s] -- Up-to-date: /home/a/uav/install/my_uav/share/my_uav/models/p450_hokuyo_2Dlidar
[19.000s] -- Up-to-date: /home/a/uav/install/my_uav/share/my_uav/models/p450_hokuyo_2Dlidar/p450_hokuyo_2Dlidar.sdf
[19.000s] -- Up-to-date: /home/a/uav/install/my_uav/share/my_uav/models/p450_hokuyo_2Dlidar/model.config
[19.000s] -- Up-to-date: /home/a/uav/install/my_uav/share/my_uav/models/depth
[19.000s] -- Up-to-date: /home/a/uav/install/my_uav/share/my_uav/models/depth/model.config
[19.000s] -- Up-to-date: /home/a/uav/install/my_uav/share/my_uav/models/depth/depth.sdf
[19.000s] -- Up-to-date: /home/a/uav/install/my_uav/share/my_uav/models/D435i
[19.000s] -- Up-to-date: /home/a/uav/install/my_uav/share/my_uav/models/D435i/materials
[19.000s] -- Up-to-date: /home/a/uav/install/my_uav/share/my_uav/models/D435i/materials/textures
[19.000s] -- Up-to-date: /home/a/uav/install/my_uav/share/my_uav/models/D435i/materials/textures/realsense_diffuse.png
[19.000s] -- Up-to-date: /home/a/uav/install/my_uav/share/my_uav/models/D435i/model.config
[19.000s] -- Up-to-date: /home/a/uav/install/my_uav/share/my_uav/models/D435i/D435i.sdf
[19.000s] -- Up-to-date: /home/a/uav/install/my_uav/share/my_uav/models/D435i/meshes
[19.000s] -- Up-to-date: /home/a/uav/install/my_uav/share/my_uav/models/D435i/meshes/realsense_d435.stl
[19.000s] -- Up-to-date: /home/a/uav/install/my_uav/share/my_uav/models/D435i/meshes/D435i.dae
[19.000s] -- Up-to-date: /home/a/uav/install/my_uav/share/my_uav/models/p450_depth
[19.000s] -- Up-to-date: /home/a/uav/install/my_uav/share/my_uav/models/p450_depth/model.config
[19.000s] -- Up-to-date: /home/a/uav/install/my_uav/share/my_uav/models/p450_depth/p450_depth.sdf
[19.000s] -- Up-to-date: /home/a/uav/install/my_uav/share/my_uav/worlds
[19.001s] -- Up-to-date: /home/a/uav/install/my_uav/share/my_uav/worlds/leida.world
[19.001s] -- Up-to-date: /home/a/uav/install/my_uav/share/my_uav/worlds/my.world
[19.001s] -- Up-to-date: /home/a/uav/install/my_uav/share/my_uav/worlds/cam.world
[19.001s] -- Up-to-date: /home/a/uav/install/my_uav/share/my_uav/worlds/empty_world.world
[19.001s] -- Up-to-date: /home/a/uav/install/my_uav/lib/my_uav/my_python_node.py
[19.001s] -- Installing: /home/a/uav/install/my_uav/lib/my_uav/uav_control_node
[19.010s] -- Set runtime path of "/home/a/uav/install/my_uav/lib/my_uav/uav_control_node" to ""
[19.010s] -- Installing: /home/a/uav/install/my_uav/lib/my_uav/internlm_m_node
[19.011s] -- Set runtime path of "/home/a/uav/install/my_uav/lib/my_uav/internlm_m_node" to ""
[19.011s] -- Installing: /home/a/uav/install/my_uav/lib/my_uav/internvl
[19.011s] -- Set runtime path of "/home/a/uav/install/my_uav/lib/my_uav/internvl" to ""
[19.011s] -- Installing: /home/a/uav/install/my_uav/lib/my_uav/internlm_m_listener
[19.011s] -- Set runtime path of "/home/a/uav/install/my_uav/lib/my_uav/internlm_m_listener" to ""
[19.011s] -- Up-to-date: /home/a/uav/install/my_uav/share/ament_index/resource_index/package_run_dependencies/my_uav
[19.011s] -- Up-to-date: /home/a/uav/install/my_uav/share/ament_index/resource_index/parent_prefix_path/my_uav
[19.011s] -- Up-to-date: /home/a/uav/install/my_uav/share/my_uav/environment/ament_prefix_path.sh
[19.012s] -- Installing: /home/a/uav/install/my_uav/share/my_uav/environment/ament_prefix_path.dsv
[19.012s] -- Up-to-date: /home/a/uav/install/my_uav/share/my_uav/environment/path.sh
[19.012s] -- Installing: /home/a/uav/install/my_uav/share/my_uav/environment/path.dsv
[19.012s] -- Up-to-date: /home/a/uav/install/my_uav/share/my_uav/local_setup.bash
[19.012s] -- Up-to-date: /home/a/uav/install/my_uav/share/my_uav/local_setup.sh
[19.012s] -- Up-to-date: /home/a/uav/install/my_uav/share/my_uav/local_setup.zsh
[19.012s] -- Installing: /home/a/uav/install/my_uav/share/my_uav/local_setup.dsv
[19.013s] -- Installing: /home/a/uav/install/my_uav/share/my_uav/package.dsv
[19.013s] -- Up-to-date: /home/a/uav/install/my_uav/share/ament_index/resource_index/packages/my_uav
[19.013s] -- Up-to-date: /home/a/uav/install/my_uav/share/my_uav/cmake/my_uavConfig.cmake
[19.013s] -- Up-to-date: /home/a/uav/install/my_uav/share/my_uav/cmake/my_uavConfig-version.cmake
[19.013s] -- Up-to-date: /home/a/uav/install/my_uav/share/my_uav/package.xml
[19.015s] Invoked command in '/home/a/uav/build/my_uav' returned '0': CMAKE_PREFIX_PATH=${CMAKE_PREFIX_PATH}:/opt/ros/galactic /usr/bin/cmake --install /home/a/uav/build/my_uav
