[100%] Built target uav_control_node
-- Install configuration: ""
-- Up-to-date: /home/a/uav/install/my_uav/share/my_uav/launch
-- Installing: /home/a/uav/install/my_uav/share/my_uav/launch/gz_launch.py
-- Up-to-date: /home/a/uav/install/my_uav/share/my_uav/models
-- Up-to-date: /home/a/uav/install/my_uav/share/my_uav/models/p450
-- Up-to-date: /home/a/uav/install/my_uav/share/my_uav/models/p450/model.config
-- Up-to-date: /home/a/uav/install/my_uav/share/my_uav/models/p450/meshes
-- Up-to-date: /home/a/uav/install/my_uav/share/my_uav/models/p450/meshes/p450_ccw.stl
-- Up-to-date: /home/a/uav/install/my_uav/share/my_uav/models/p450/meshes/p450.stl
-- Up-to-date: /home/a/uav/install/my_uav/share/my_uav/models/p450/meshes/p450_cw.stl
-- Up-to-date: /home/a/uav/install/my_uav/share/my_uav/models/p450/p450.sdf
-- Up-to-date: /home/a/uav/install/my_uav/share/my_uav/models/hokuyo_ust_20lx
-- Up-to-date: /home/a/uav/install/my_uav/share/my_uav/models/hokuyo_ust_20lx/hokuyo_ust_20lx.sdf
-- Up-to-date: /home/a/uav/install/my_uav/share/my_uav/models/hokuyo_ust_20lx/model.config
-- Up-to-date: /home/a/uav/install/my_uav/share/my_uav/models/p450_hokuyo_2Dlidar
-- Up-to-date: /home/a/uav/install/my_uav/share/my_uav/models/p450_hokuyo_2Dlidar/p450_hokuyo_2Dlidar.sdf
-- Up-to-date: /home/a/uav/install/my_uav/share/my_uav/models/p450_hokuyo_2Dlidar/model.config
-- Up-to-date: /home/a/uav/install/my_uav/share/my_uav/models/depth
-- Up-to-date: /home/a/uav/install/my_uav/share/my_uav/models/depth/model.config
-- Up-to-date: /home/a/uav/install/my_uav/share/my_uav/models/depth/depth.sdf
-- Up-to-date: /home/a/uav/install/my_uav/share/my_uav/models/D435i
-- Up-to-date: /home/a/uav/install/my_uav/share/my_uav/models/D435i/materials
-- Up-to-date: /home/a/uav/install/my_uav/share/my_uav/models/D435i/materials/textures
-- Up-to-date: /home/a/uav/install/my_uav/share/my_uav/models/D435i/materials/textures/realsense_diffuse.png
-- Up-to-date: /home/a/uav/install/my_uav/share/my_uav/models/D435i/model.config
-- Up-to-date: /home/a/uav/install/my_uav/share/my_uav/models/D435i/meshes
-- Up-to-date: /home/a/uav/install/my_uav/share/my_uav/models/D435i/meshes/realsense_d435.stl
-- Up-to-date: /home/a/uav/install/my_uav/share/my_uav/models/D435i/meshes/D435i.dae
-- Up-to-date: /home/a/uav/install/my_uav/share/my_uav/models/D435i/model.sdf
-- Up-to-date: /home/a/uav/install/my_uav/share/my_uav/models/p450_depth
-- Up-to-date: /home/a/uav/install/my_uav/share/my_uav/models/p450_depth/model.config
-- Up-to-date: /home/a/uav/install/my_uav/share/my_uav/models/p450_depth/p450_depth.sdf
-- Up-to-date: /home/a/uav/install/my_uav/share/my_uav/worlds
-- Up-to-date: /home/a/uav/install/my_uav/share/my_uav/worlds/leida.world
-- Up-to-date: /home/a/uav/install/my_uav/share/my_uav/worlds/my.world
-- Up-to-date: /home/a/uav/install/my_uav/share/my_uav/worlds/cam.world
-- Up-to-date: /home/a/uav/install/my_uav/share/my_uav/worlds/empty_world.world
-- Up-to-date: /home/a/uav/install/my_uav/lib/my_uav/uav_control_node
-- Up-to-date: /home/a/uav/install/my_uav/share/ament_index/resource_index/package_run_dependencies/my_uav
-- Up-to-date: /home/a/uav/install/my_uav/share/ament_index/resource_index/parent_prefix_path/my_uav
-- Up-to-date: /home/a/uav/install/my_uav/share/my_uav/environment/ament_prefix_path.sh
-- Up-to-date: /home/a/uav/install/my_uav/share/my_uav/environment/ament_prefix_path.dsv
-- Up-to-date: /home/a/uav/install/my_uav/share/my_uav/environment/path.sh
-- Up-to-date: /home/a/uav/install/my_uav/share/my_uav/environment/path.dsv
-- Up-to-date: /home/a/uav/install/my_uav/share/my_uav/local_setup.bash
-- Up-to-date: /home/a/uav/install/my_uav/share/my_uav/local_setup.sh
-- Up-to-date: /home/a/uav/install/my_uav/share/my_uav/local_setup.zsh
-- Up-to-date: /home/a/uav/install/my_uav/share/my_uav/local_setup.dsv
-- Installing: /home/a/uav/install/my_uav/share/my_uav/package.dsv
-- Up-to-date: /home/a/uav/install/my_uav/share/ament_index/resource_index/packages/my_uav
-- Up-to-date: /home/a/uav/install/my_uav/share/my_uav/cmake/my_uavConfig.cmake
-- Up-to-date: /home/a/uav/install/my_uav/share/my_uav/cmake/my_uavConfig-version.cmake
-- Up-to-date: /home/a/uav/install/my_uav/share/my_uav/package.xml
