[  9%] Built target uav_control_node
[ 18%] Built target image_sub
[ 27%] Built target internlm_m_node
[ 36%] Built target internvl
[35m[1mScanning dependencies of target internvl_p[0m
[ 45%] Built target internlm_m_listener
[ 54%] [32mBuilding CXX object CMakeFiles/internvl_p.dir/src/internvl_p.cpp.o[0m
[ 59%] Built target internvl_listener
[ 68%] Built target gps_sub
[ 77%] Built target ray_sub
[ 86%] Built target camera_listener
[ 95%] Built target ray_listener
[100%] [32m[1mLinking CXX executable internvl_p[0m
[100%] Built target internvl_p
-- Install configuration: ""
-- Up-to-date: /home/a/uav/install/my_uav/share/my_uav/launch
-- Up-to-date: /home/a/uav/install/my_uav/share/my_uav/launch/sitl.launch
-- Up-to-date: /home/a/uav/install/my_uav/share/my_uav/launch/p450.py
-- Up-to-date: /home/a/uav/install/my_uav/share/my_uav/launch/gz_launch.py
CMake Error at cmake_install.cmake:41 (file):
  file INSTALL cannot set permissions on
  "/home/a/uav/install/my_uav/share/my_uav/launch/gz_launch.py": Operation
  not permitted.


