[0.017s] Invoking command in '/home/a/uav/build/my_uav': CMAKE_PREFIX_PATH=${CMAKE_PREFIX_PATH}:/opt/ros/galactic /usr/bin/cmake --build /home/a/uav/build/my_uav -- -j2 -l2
[0.081s] [  9%] Built target uav_control_node
[0.098s] [ 18%] Built target image_sub
[0.123s] [ 27%] Built target internlm_m_node
[0.139s] [ 36%] Built target internvl
[0.158s] [35m[1mScanning dependencies of target internvl_p[0m
[0.160s] [ 45%] Built target internlm_m_listener
[0.196s] [ 54%] [32mBuilding CXX object CMakeFiles/internvl_p.dir/src/internvl_p.cpp.o[0m
[0.196s] [ 59%] Built target internvl_listener
[0.230s] [ 68%] Built target gps_sub
[0.261s] [ 77%] Built target ray_sub
[0.288s] [ 86%] Built target camera_listener
[0.316s] [ 95%] Built target ray_listener
[15.402s] [100%] [32m[1mLinking CXX executable internvl_p[0m
[16.734s] [100%] Built target internvl_p
[16.748s] Invoked command in '/home/a/uav/build/my_uav' returned '0': CMAKE_PREFIX_PATH=${CMAKE_PREFIX_PATH}:/opt/ros/galactic /usr/bin/cmake --build /home/a/uav/build/my_uav -- -j2 -l2
[16.761s] Invoking command in '/home/a/uav/build/my_uav': CMAKE_PREFIX_PATH=${CMAKE_PREFIX_PATH}:/opt/ros/galactic /usr/bin/cmake --install /home/a/uav/build/my_uav
[16.770s] -- Install configuration: ""
[16.771s] -- Up-to-date: /home/a/uav/install/my_uav/share/my_uav/launch
[16.771s] -- Up-to-date: /home/a/uav/install/my_uav/share/my_uav/launch/sitl.launch
[16.771s] -- Up-to-date: /home/a/uav/install/my_uav/share/my_uav/launch/p450.py
[16.771s] -- Up-to-date: /home/a/uav/install/my_uav/share/my_uav/launch/gz_launch.py
[16.772s] CMake Error at cmake_install.cmake:41 (file):
[16.772s]   file INSTALL cannot set permissions on
[16.772s]   "/home/a/uav/install/my_uav/share/my_uav/launch/gz_launch.py": Operation
[16.772s]   not permitted.
[16.773s] 
[16.773s] 
[16.777s] Invoked command in '/home/a/uav/build/my_uav' returned '1': CMAKE_PREFIX_PATH=${CMAKE_PREFIX_PATH}:/opt/ros/galactic /usr/bin/cmake --install /home/a/uav/build/my_uav
