[0.016s] Invoking command in '/home/a/uav/build/my_uav': /usr/bin/cmake --build /home/a/uav/build/my_uav -- -j2 -l2
[0.094s] [  9%] Built target image_sub
[0.121s] [ 18%] Built target uav_control_node
[0.175s] [ 27%] Built target internlm_m_node
[0.213s] [ 36%] Built target internvl
[0.256s] [ 45%] Built target internlm_m_listener
[0.296s] [35m[1mScanning dependencies of target internvl_p[0m
[0.351s] [ 50%] [32mBuilding CXX object CMakeFiles/internvl_p.dir/src/internvl_p.cpp.o[0m
[26.065s] [ 54%] [32m[1mLinking CXX executable internvl_p[0m
[28.373s] [ 54%] Built target internvl_p
[28.463s] [ 63%] Built target internvl_listener
[28.516s] [ 72%] Built target gps_sub
[28.554s] [ 81%] Built target ray_sub
[28.600s] [ 90%] Built target camera_listener
[28.642s] [100%] Built target ray_listener
[28.667s] Invoked command in '/home/a/uav/build/my_uav' returned '0': /usr/bin/cmake --build /home/a/uav/build/my_uav -- -j2 -l2
[28.690s] Invoking command in '/home/a/uav/build/my_uav': /usr/bin/cmake --install /home/a/uav/build/my_uav
[28.704s] -- Install configuration: ""
[28.707s] -- Up-to-date: /home/a/uav/install/my_uav/share/my_uav/launch
[28.707s] -- Up-to-date: /home/a/uav/install/my_uav/share/my_uav/launch/sitl.launch
[28.707s] -- Up-to-date: /home/a/uav/install/my_uav/share/my_uav/launch/p450.py
[28.707s] -- Up-to-date: /home/a/uav/install/my_uav/share/my_uav/launch/gz_launch.py
[28.707s] -- Up-to-date: /home/a/uav/install/my_uav/share/my_uav/launch/cam_sub.launch.py
[28.707s] -- Up-to-date: /home/a/uav/install/my_uav/share/my_uav/models
[28.708s] -- Up-to-date: /home/a/uav/install/my_uav/share/my_uav/models/p450_2Dlidar_depth
[28.710s] -- Up-to-date: /home/a/uav/install/my_uav/share/my_uav/models/p450_2Dlidar_depth/p450_2Dlidar_depth_3.sdf.last_generated
[28.710s] -- Up-to-date: /home/a/uav/install/my_uav/share/my_uav/models/p450_2Dlidar_depth/p450_2Dlidar_depth_2.sdf.last_generated
[28.710s] -- Installing: /home/a/uav/install/my_uav/share/my_uav/models/p450_2Dlidar_depth/p450_2Dlidar_depth_1.sdf.last_generated
[28.711s] -- Installing: /home/a/uav/install/my_uav/share/my_uav/models/p450_2Dlidar_depth/p450_2Dlidar_depth_1.sdf
[28.714s] -- Up-to-date: /home/a/uav/install/my_uav/share/my_uav/models/p450_2Dlidar_depth/model.config
[28.714s] -- Up-to-date: /home/a/uav/install/my_uav/share/my_uav/models/p450_2Dlidar_depth/p450_2Dlidar_depth.sdf
[28.715s] -- Up-to-date: /home/a/uav/install/my_uav/share/my_uav/models/p450_2Dlidar_depth/p450_2Dlidar_depth_3.sdf
[28.715s] -- Up-to-date: /home/a/uav/install/my_uav/share/my_uav/models/p450_2Dlidar_depth/p450_2Dlidar_depth_-m.sdf
[28.716s] -- Up-to-date: /home/a/uav/install/my_uav/share/my_uav/models/p450_2Dlidar_depth/p450_2Dlidar_depth_2.sdf
[28.716s] -- Up-to-date: /home/a/uav/install/my_uav/share/my_uav/models/p450_2Dlidar_depth/p450_2Dlidar_depth_-m.sdf.last_generated
[28.716s] -- Up-to-date: /home/a/uav/install/my_uav/share/my_uav/models/p450
[28.716s] -- Up-to-date: /home/a/uav/install/my_uav/share/my_uav/models/p450/p450_1.sdf
[28.718s] -- Up-to-date: /home/a/uav/install/my_uav/share/my_uav/models/p450/p450_2.sdf.last_generated
[28.722s] -- Up-to-date: /home/a/uav/install/my_uav/share/my_uav/models/p450/p450.sdf.jinja
[28.722s] -- Up-to-date: /home/a/uav/install/my_uav/share/my_uav/models/p450/p450_1.sdf.last_generated
[28.722s] -- Up-to-date: /home/a/uav/install/my_uav/share/my_uav/models/p450/model.config
[28.722s] -- Up-to-date: /home/a/uav/install/my_uav/share/my_uav/models/p450/p450_2.sdf
[28.722s] -- Up-to-date: /home/a/uav/install/my_uav/share/my_uav/models/p450/meshes
[28.722s] -- Up-to-date: /home/a/uav/install/my_uav/share/my_uav/models/p450/meshes/p450_ccw.stl
[28.722s] -- Up-to-date: /home/a/uav/install/my_uav/share/my_uav/models/p450/meshes/p450.stl
[28.723s] -- Up-to-date: /home/a/uav/install/my_uav/share/my_uav/models/p450/meshes/p450_cw.stl
[28.728s] -- Up-to-date: /home/a/uav/install/my_uav/share/my_uav/models/p450/p450.sdf
[28.728s] -- Up-to-date: /home/a/uav/install/my_uav/share/my_uav/models/hokuyo_ust_20lx
[28.728s] -- Up-to-date: /home/a/uav/install/my_uav/share/my_uav/models/hokuyo_ust_20lx/hokuyo_ust_20lx.sdf
[28.730s] -- Up-to-date: /home/a/uav/install/my_uav/share/my_uav/models/hokuyo_ust_20lx/hokuyo_ust_20lx_2.sdf.last_generated
[28.730s] -- Up-to-date: /home/a/uav/install/my_uav/share/my_uav/models/hokuyo_ust_20lx/model.config
[28.730s] -- Up-to-date: /home/a/uav/install/my_uav/share/my_uav/models/hokuyo_ust_20lx/hokuyo_ust_20lx_2.sdf
[28.732s] -- Up-to-date: /home/a/uav/install/my_uav/share/my_uav/models/hokuyo_ust_20lx/hokuyo_ust_20lx_1.sdf
[28.734s] -- Up-to-date: /home/a/uav/install/my_uav/share/my_uav/models/hokuyo_ust_20lx/hokuyo_ust_20lx_1.sdf.last_generated
[28.734s] -- Up-to-date: /home/a/uav/install/my_uav/share/my_uav/models/p450_hokuyo_2Dlidar
[28.734s] -- Up-to-date: /home/a/uav/install/my_uav/share/my_uav/models/p450_hokuyo_2Dlidar/p450_hokuyo_2Dlidar.sdf
[28.735s] -- Up-to-date: /home/a/uav/install/my_uav/share/my_uav/models/p450_hokuyo_2Dlidar/model.config
[28.735s] -- Up-to-date: /home/a/uav/install/my_uav/share/my_uav/models/depth
[28.735s] -- Up-to-date: /home/a/uav/install/my_uav/share/my_uav/models/depth/model.config
[28.735s] -- Up-to-date: /home/a/uav/install/my_uav/share/my_uav/models/depth/depth.sdf
[28.735s] -- Up-to-date: /home/a/uav/install/my_uav/share/my_uav/models/D435i
[28.735s] -- Up-to-date: /home/a/uav/install/my_uav/share/my_uav/models/D435i/materials
[28.735s] -- Up-to-date: /home/a/uav/install/my_uav/share/my_uav/models/D435i/materials/textures
[28.735s] -- Up-to-date: /home/a/uav/install/my_uav/share/my_uav/models/D435i/materials/textures/realsense_diffuse.png
[28.735s] -- Up-to-date: /home/a/uav/install/my_uav/share/my_uav/models/D435i/model.config
[28.735s] -- Up-to-date: /home/a/uav/install/my_uav/share/my_uav/models/D435i/D435i.sdf
[28.735s] -- Up-to-date: /home/a/uav/install/my_uav/share/my_uav/models/D435i/meshes
[28.735s] -- Up-to-date: /home/a/uav/install/my_uav/share/my_uav/models/D435i/meshes/realsense_d435.stl
[28.735s] -- Up-to-date: /home/a/uav/install/my_uav/share/my_uav/models/D435i/meshes/D435i.dae
[28.735s] -- Up-to-date: /home/a/uav/install/my_uav/share/my_uav/models/p450_depth
[28.736s] -- Up-to-date: /home/a/uav/install/my_uav/share/my_uav/models/p450_depth/model.config
[28.736s] -- Up-to-date: /home/a/uav/install/my_uav/share/my_uav/models/p450_depth/p450_depth.sdf
[28.736s] -- Up-to-date: /home/a/uav/install/my_uav/share/my_uav/worlds
[28.736s] -- Up-to-date: /home/a/uav/install/my_uav/share/my_uav/worlds/leida.world
[28.736s] -- Up-to-date: /home/a/uav/install/my_uav/share/my_uav/worlds/my.world
[28.736s] -- Up-to-date: /home/a/uav/install/my_uav/share/my_uav/worlds/baylands.world
[28.736s] -- Up-to-date: /home/a/uav/install/my_uav/share/my_uav/worlds/safe_landing.world
[28.736s] -- Up-to-date: /home/a/uav/install/my_uav/share/my_uav/worlds/yosemite.world
[28.736s] -- Up-to-date: /home/a/uav/install/my_uav/share/my_uav/worlds/mcmillan_airfield.world
[28.736s] -- Up-to-date: /home/a/uav/install/my_uav/share/my_uav/worlds/cam.world
[28.736s] -- Up-to-date: /home/a/uav/install/my_uav/share/my_uav/worlds/sonoma_raceway.world
[28.736s] -- Up-to-date: /home/a/uav/install/my_uav/share/my_uav/worlds/empty_world.world
[28.736s] -- Up-to-date: /home/a/uav/install/my_uav/lib/my_uav/my_python_node.py
[28.736s] -- Up-to-date: /home/a/uav/install/my_uav/lib/my_uav/uav_control_node
[28.736s] -- Up-to-date: /home/a/uav/install/my_uav/lib/my_uav/internlm_m_node
[28.736s] -- Up-to-date: /home/a/uav/install/my_uav/lib/my_uav/internvl
[28.736s] -- Up-to-date: /home/a/uav/install/my_uav/lib/my_uav/internlm_m_listener
[28.736s] -- Up-to-date: /home/a/uav/install/my_uav/lib/my_uav/internvl_listener
[28.737s] -- Installing: /home/a/uav/install/my_uav/lib/my_uav/internvl_p
[28.746s] -- Set runtime path of "/home/a/uav/install/my_uav/lib/my_uav/internvl_p" to ""
[28.746s] -- Up-to-date: /home/a/uav/install/my_uav/lib/my_uav/image_sub
[28.750s] -- Up-to-date: /home/a/uav/install/my_uav/lib/my_uav/gps_sub
[28.751s] -- Up-to-date: /home/a/uav/install/my_uav/lib/my_uav/ray_sub
[28.756s] -- Up-to-date: /home/a/uav/install/my_uav/lib/my_uav/camera_listener
[28.756s] -- Up-to-date: /home/a/uav/install/my_uav/lib/my_uav/ray_listener
[28.757s] -- Up-to-date: /home/a/uav/install/my_uav/share/ament_index/resource_index/package_run_dependencies/my_uav
[28.760s] -- Up-to-date: /home/a/uav/install/my_uav/share/ament_index/resource_index/parent_prefix_path/my_uav
[28.761s] -- Up-to-date: /home/a/uav/install/my_uav/share/my_uav/environment/ament_prefix_path.sh
[28.761s] -- Up-to-date: /home/a/uav/install/my_uav/share/my_uav/environment/ament_prefix_path.dsv
[28.762s] -- Up-to-date: /home/a/uav/install/my_uav/share/my_uav/environment/path.sh
[28.763s] -- Up-to-date: /home/a/uav/install/my_uav/share/my_uav/environment/path.dsv
[28.763s] -- Up-to-date: /home/a/uav/install/my_uav/share/my_uav/local_setup.bash
[28.763s] -- Up-to-date: /home/a/uav/install/my_uav/share/my_uav/local_setup.sh
[28.763s] -- Up-to-date: /home/a/uav/install/my_uav/share/my_uav/local_setup.zsh
[28.763s] -- Up-to-date: /home/a/uav/install/my_uav/share/my_uav/local_setup.dsv
[28.763s] -- Installing: /home/a/uav/install/my_uav/share/my_uav/package.dsv
[28.767s] -- Up-to-date: /home/a/uav/install/my_uav/share/ament_index/resource_index/packages/my_uav
[28.767s] -- Up-to-date: /home/a/uav/install/my_uav/share/my_uav/cmake/my_uavConfig.cmake
[28.768s] -- Up-to-date: /home/a/uav/install/my_uav/share/my_uav/cmake/my_uavConfig-version.cmake
[28.768s] -- Up-to-date: /home/a/uav/install/my_uav/share/my_uav/package.xml
[28.768s] Invoked command in '/home/a/uav/build/my_uav' returned '0': /usr/bin/cmake --install /home/a/uav/build/my_uav
