[0.014s] Invoking command in '/home/a/ros2_ws/build/px4_ros_com': CMAKE_PREFIX_PATH=/home/a/ros2_ws/install/px4_msgs:/home/a/ros2_ws/install/px4_ros_com:/home/a/ros2_ws/install/my_uav:/opt/ros/galactic LD_LIBRARY_PATH=/home/a/ros2_ws/install/px4_msgs/lib:/home/a/ros2_ws/install/px4_ros_com/lib:/usr/lib/x86_64-linux-gnu/gazebo-11/plugins:/opt/ros/galactic/opt/yaml_cpp_vendor/lib:/opt/ros/galactic/opt/rviz_ogre_vendor/lib:/opt/ros/galactic/lib/x86_64-linux-gnu:/opt/ros/galactic/lib:/home/a/PX4-Autopilot/build/px4_sitl_default/build_gazebo-classic /usr/bin/cmake --build /home/a/ros2_ws/build/px4_ros_com -- -j2 -l2
[0.073s] [  9%] Built target frame_transforms
[0.077s] [ 18%] Built target offboard_control
[0.084s] [35m[1mScanning dependencies of target arm[0m
[0.108s] [ 27%] Built target sensor_combined_listener
[0.115s] [ 31%] [32mBuilding CXX object CMakeFiles/arm.dir/src/examples/offboard/arm.cpp.o[0m
[0.139s] [ 40%] Built target my_uav_node
[0.173s] [ 50%] Built target vehicle_gps_position_listener
[0.207s] [ 59%] Built target debug_vect_advertiser
[0.240s] [ 68%] Built target trajectory_setpoint
[0.275s] [ 77%] Built target vel_yaw
[0.306s] [ 86%] Built target vehicle_attitude_listener
[0.339s] [ 95%] Built target offboard_position_control
[1.930s] [01m[K/home/a/ros2_ws/src/px4_ros_com/src/examples/offboard/arm.cpp:57:6:[m[K [01;31m[Kerror: [m[Kdefault argument given for parameter 2 of ‘[01m[Kvoid arm::publish_vehicle_command(uint16_t, float)[m[K’ [[01;31m[K-fpermissive[m[K]
[1.930s]    57 | void [01;31m[Karm[m[K::publish_vehicle_command(uint16_t command, float param1=0.0)
[1.930s]       |      [01;31m[K^~~[m[K
[1.930s] [01m[K/home/a/ros2_ws/src/px4_ros_com/src/examples/offboard/arm.cpp:35:7:[m[K [01;36m[Knote: [m[Kprevious specification in ‘[01m[Kvoid arm::publish_vehicle_command(uint16_t, float)[m[K’ here
[1.930s]    35 |  void [01;36m[Kpublish_vehicle_command[m[K(uint16_t command, float param1 = 0.0);
[1.930s]       |       [01;36m[K^~~~~~~~~~~~~~~~~~~~~~~[m[K
[2.640s] make[2]: *** [CMakeFiles/arm.dir/build.make:63：CMakeFiles/arm.dir/src/examples/offboard/arm.cpp.o] 错误 1
[2.641s] make[1]: *** [CMakeFiles/Makefile2:206：CMakeFiles/arm.dir/all] 错误 2
[2.641s] make: *** [Makefile:141：all] 错误 2
[2.642s] Invoked command in '/home/a/ros2_ws/build/px4_ros_com' returned '2': CMAKE_PREFIX_PATH=/home/a/ros2_ws/install/px4_msgs:/home/a/ros2_ws/install/px4_ros_com:/home/a/ros2_ws/install/my_uav:/opt/ros/galactic LD_LIBRARY_PATH=/home/a/ros2_ws/install/px4_msgs/lib:/home/a/ros2_ws/install/px4_ros_com/lib:/usr/lib/x86_64-linux-gnu/gazebo-11/plugins:/opt/ros/galactic/opt/yaml_cpp_vendor/lib:/opt/ros/galactic/opt/rviz_ogre_vendor/lib:/opt/ros/galactic/lib/x86_64-linux-gnu:/opt/ros/galactic/lib:/home/a/PX4-Autopilot/build/px4_sitl_default/build_gazebo-classic /usr/bin/cmake --build /home/a/ros2_ws/build/px4_ros_com -- -j2 -l2
