[0.132s] DEBUG:colcon:Command line arguments: ['/usr/bin/colcon', 'build']
[0.132s] DEBUG:colcon:Parsed command line arguments: Namespace(allow_overriding=[], ament_cmake_args=None, base_paths=['.'], build_base='build', catkin_cmake_args=None, catkin_skip_building_tests=False, cmake_args=None, cmake_clean_cache=False, cmake_clean_first=False, cmake_force_configure=False, cmake_target=None, cmake_target_skip_unavailable=False, continue_on_error=False, event_handlers=None, executor='parallel', ignore_user_meta=False, install_base='install', log_base=None, log_level=None, main=<bound method BuildVerb.main of <colcon_core.verb.build.BuildVerb object at 0x7f32d65034c0>>, merge_install=False, metas=['./colcon.meta'], packages_above=None, packages_above_and_dependencies=None, packages_above_depth=None, packages_end=None, packages_ignore=None, packages_ignore_regex=None, packages_select=None, packages_select_build_failed=False, packages_select_by_dep=None, packages_select_regex=None, packages_select_test_failures=False, packages_skip=None, packages_skip_build_finished=False, packages_skip_by_dep=None, packages_skip_regex=None, packages_skip_test_passed=False, packages_skip_up_to=None, packages_start=None, packages_up_to=None, packages_up_to_regex=None, parallel_workers=2, paths=None, symlink_install=False, test_result_base=None, verb_extension=<colcon_core.verb.build.BuildVerb object at 0x7f32d65034c0>, verb_name='build', verb_parser=<colcon_defaults.argument_parser.defaults.DefaultArgumentsDecorator object at 0x7f32d6516130>)
[0.237s] Level 1:colcon.colcon_core.package_discovery:discover_packages(colcon_meta) check parameters
[0.238s] Level 1:colcon.colcon_core.package_discovery:discover_packages(recursive) check parameters
[0.238s] Level 1:colcon.colcon_core.package_discovery:discover_packages(ignore) check parameters
[0.238s] Level 1:colcon.colcon_core.package_discovery:discover_packages(path) check parameters
[0.238s] Level 1:colcon.colcon_core.package_discovery:discover_packages(colcon_meta) discover
[0.238s] Level 1:colcon.colcon_core.package_discovery:discover_packages(recursive) discover
[0.238s] INFO:colcon.colcon_core.package_discovery:Crawling recursively for packages in '/home/a/uav'
[0.238s] Level 1:colcon.colcon_core.package_identification:_identify(.) by extensions ['ignore', 'ignore_ament_install']
[0.238s] Level 1:colcon.colcon_core.package_identification:_identify(.) by extension 'ignore'
[0.238s] Level 1:colcon.colcon_core.package_identification:_identify(.) by extension 'ignore_ament_install'
[0.238s] Level 1:colcon.colcon_core.package_identification:_identify(.) by extensions ['colcon_pkg']
[0.238s] Level 1:colcon.colcon_core.package_identification:_identify(.) by extension 'colcon_pkg'
[0.238s] Level 1:colcon.colcon_core.package_identification:_identify(.) by extensions ['colcon_meta']
[0.238s] Level 1:colcon.colcon_core.package_identification:_identify(.) by extension 'colcon_meta'
[0.238s] Level 1:colcon.colcon_core.package_identification:_identify(.) by extensions ['ros']
[0.238s] Level 1:colcon.colcon_core.package_identification:_identify(.) by extension 'ros'
[0.247s] Level 1:colcon.colcon_core.package_identification:_identify(.) by extensions ['cmake', 'python']
[0.247s] Level 1:colcon.colcon_core.package_identification:_identify(.) by extension 'cmake'
[0.247s] Level 1:colcon.colcon_core.package_identification:_identify(.) by extension 'python'
[0.247s] Level 1:colcon.colcon_core.package_identification:_identify(.) by extensions ['python_setup_py']
[0.247s] Level 1:colcon.colcon_core.package_identification:_identify(.) by extension 'python_setup_py'
[0.247s] Level 1:colcon.colcon_core.package_identification:_identify(build) by extensions ['ignore', 'ignore_ament_install']
[0.247s] Level 1:colcon.colcon_core.package_identification:_identify(build) by extension 'ignore'
[0.247s] Level 1:colcon.colcon_core.package_identification:_identify(build) ignored
[0.247s] Level 1:colcon.colcon_core.package_identification:_identify(install) by extensions ['ignore', 'ignore_ament_install']
[0.248s] Level 1:colcon.colcon_core.package_identification:_identify(install) by extension 'ignore'
[0.248s] Level 1:colcon.colcon_core.package_identification:_identify(install) ignored
[0.248s] Level 1:colcon.colcon_core.package_identification:_identify(log) by extensions ['ignore', 'ignore_ament_install']
[0.248s] Level 1:colcon.colcon_core.package_identification:_identify(log) by extension 'ignore'
[0.248s] Level 1:colcon.colcon_core.package_identification:_identify(log) ignored
[0.248s] Level 1:colcon.colcon_core.package_identification:_identify(logs) by extensions ['ignore', 'ignore_ament_install']
[0.248s] Level 1:colcon.colcon_core.package_identification:_identify(logs) by extension 'ignore'
[0.248s] Level 1:colcon.colcon_core.package_identification:_identify(logs) by extension 'ignore_ament_install'
[0.248s] Level 1:colcon.colcon_core.package_identification:_identify(logs) by extensions ['colcon_pkg']
[0.248s] Level 1:colcon.colcon_core.package_identification:_identify(logs) by extension 'colcon_pkg'
[0.248s] Level 1:colcon.colcon_core.package_identification:_identify(logs) by extensions ['colcon_meta']
[0.248s] Level 1:colcon.colcon_core.package_identification:_identify(logs) by extension 'colcon_meta'
[0.248s] Level 1:colcon.colcon_core.package_identification:_identify(logs) by extensions ['ros']
[0.248s] Level 1:colcon.colcon_core.package_identification:_identify(logs) by extension 'ros'
[0.248s] Level 1:colcon.colcon_core.package_identification:_identify(logs) by extensions ['cmake', 'python']
[0.248s] Level 1:colcon.colcon_core.package_identification:_identify(logs) by extension 'cmake'
[0.248s] Level 1:colcon.colcon_core.package_identification:_identify(logs) by extension 'python'
[0.248s] Level 1:colcon.colcon_core.package_identification:_identify(logs) by extensions ['python_setup_py']
[0.248s] Level 1:colcon.colcon_core.package_identification:_identify(logs) by extension 'python_setup_py'
[0.248s] Level 1:colcon.colcon_core.package_identification:_identify(src) by extensions ['ignore', 'ignore_ament_install']
[0.249s] Level 1:colcon.colcon_core.package_identification:_identify(src) by extension 'ignore'
[0.249s] Level 1:colcon.colcon_core.package_identification:_identify(src) by extension 'ignore_ament_install'
[0.249s] Level 1:colcon.colcon_core.package_identification:_identify(src) by extensions ['colcon_pkg']
[0.249s] Level 1:colcon.colcon_core.package_identification:_identify(src) by extension 'colcon_pkg'
[0.249s] Level 1:colcon.colcon_core.package_identification:_identify(src) by extensions ['colcon_meta']
[0.249s] Level 1:colcon.colcon_core.package_identification:_identify(src) by extension 'colcon_meta'
[0.249s] Level 1:colcon.colcon_core.package_identification:_identify(src) by extensions ['ros']
[0.249s] Level 1:colcon.colcon_core.package_identification:_identify(src) by extension 'ros'
[0.249s] Level 1:colcon.colcon_core.package_identification:_identify(src) by extensions ['cmake', 'python']
[0.249s] Level 1:colcon.colcon_core.package_identification:_identify(src) by extension 'cmake'
[0.249s] Level 1:colcon.colcon_core.package_identification:_identify(src) by extension 'python'
[0.249s] Level 1:colcon.colcon_core.package_identification:_identify(src) by extensions ['python_setup_py']
[0.249s] Level 1:colcon.colcon_core.package_identification:_identify(src) by extension 'python_setup_py'
[0.249s] Level 1:colcon.colcon_core.package_identification:_identify(src/my_uav) by extensions ['ignore', 'ignore_ament_install']
[0.249s] Level 1:colcon.colcon_core.package_identification:_identify(src/my_uav) by extension 'ignore'
[0.249s] Level 1:colcon.colcon_core.package_identification:_identify(src/my_uav) by extension 'ignore_ament_install'
[0.249s] Level 1:colcon.colcon_core.package_identification:_identify(src/my_uav) by extensions ['colcon_pkg']
[0.249s] Level 1:colcon.colcon_core.package_identification:_identify(src/my_uav) by extension 'colcon_pkg'
[0.249s] Level 1:colcon.colcon_core.package_identification:_identify(src/my_uav) by extensions ['colcon_meta']
[0.249s] Level 1:colcon.colcon_core.package_identification:_identify(src/my_uav) by extension 'colcon_meta'
[0.249s] Level 1:colcon.colcon_core.package_identification:_identify(src/my_uav) by extensions ['ros']
[0.249s] Level 1:colcon.colcon_core.package_identification:_identify(src/my_uav) by extension 'ros'
[0.252s] DEBUG:colcon.colcon_core.package_identification:Package 'src/my_uav' with type 'ros.ament_cmake' and name 'my_uav'
[0.252s] Level 1:colcon.colcon_core.package_discovery:discover_packages(recursive) using defaults
[0.252s] Level 1:colcon.colcon_core.package_discovery:discover_packages(ignore) discover
[0.252s] Level 1:colcon.colcon_core.package_discovery:discover_packages(ignore) using defaults
[0.252s] Level 1:colcon.colcon_core.package_discovery:discover_packages(path) discover
[0.252s] Level 1:colcon.colcon_core.package_discovery:discover_packages(path) using defaults
[0.267s] Level 1:colcon.colcon_core.package_discovery:discover_packages(prefix_path) check parameters
[0.267s] Level 1:colcon.colcon_core.package_discovery:discover_packages(prefix_path) discover
[0.268s] Level 1:colcon.colcon_core.package_discovery:discover_packages(prefix_path) using defaults
[0.268s] Level 5:colcon.colcon_core.verb:set package 'my_uav' build argument 'cmake_args' from command line to 'None'
[0.268s] Level 5:colcon.colcon_core.verb:set package 'my_uav' build argument 'cmake_target' from command line to 'None'
[0.268s] Level 5:colcon.colcon_core.verb:set package 'my_uav' build argument 'cmake_target_skip_unavailable' from command line to 'False'
[0.268s] Level 5:colcon.colcon_core.verb:set package 'my_uav' build argument 'cmake_clean_cache' from command line to 'False'
[0.268s] Level 5:colcon.colcon_core.verb:set package 'my_uav' build argument 'cmake_clean_first' from command line to 'False'
[0.269s] Level 5:colcon.colcon_core.verb:set package 'my_uav' build argument 'cmake_force_configure' from command line to 'False'
[0.269s] Level 5:colcon.colcon_core.verb:set package 'my_uav' build argument 'ament_cmake_args' from command line to 'None'
[0.269s] Level 5:colcon.colcon_core.verb:set package 'my_uav' build argument 'catkin_cmake_args' from command line to 'None'
[0.269s] Level 5:colcon.colcon_core.verb:set package 'my_uav' build argument 'catkin_skip_building_tests' from command line to 'False'
[0.269s] DEBUG:colcon.colcon_core.verb:Building package 'my_uav' with the following arguments: {'ament_cmake_args': None, 'build_base': '/home/a/uav/build/my_uav', 'catkin_cmake_args': None, 'catkin_skip_building_tests': False, 'cmake_args': None, 'cmake_clean_cache': False, 'cmake_clean_first': False, 'cmake_force_configure': False, 'cmake_target': None, 'cmake_target_skip_unavailable': False, 'install_base': '/home/a/uav/install/my_uav', 'merge_install': False, 'path': '/home/a/uav/src/my_uav', 'symlink_install': False, 'test_result_base': None}
[0.269s] INFO:colcon.colcon_core.executor:Executing jobs using 'parallel' executor
[0.270s] DEBUG:colcon.colcon_parallel_executor.executor.parallel:run_until_complete
[0.270s] INFO:colcon.colcon_ros.task.ament_cmake.build:Building ROS package in '/home/a/uav/src/my_uav' with build type 'ament_cmake'
[0.270s] INFO:colcon.colcon_cmake.task.cmake.build:Building CMake package in '/home/a/uav/src/my_uav'
[0.272s] INFO:colcon.colcon_core.plugin_system:Skipping extension 'colcon_core.shell.bat': Not used on non-Windows systems
[0.272s] INFO:colcon.colcon_core.shell:Skip shell extension 'powershell' for command environment: Not usable outside of PowerShell
[0.272s] DEBUG:colcon.colcon_core.shell:Skip shell extension 'dsv' for command environment
[0.283s] DEBUG:colcon.colcon_core.event_handler.log_command:Invoking command in '/home/a/uav/build/my_uav': /usr/bin/cmake --build /home/a/uav/build/my_uav -- -j2 -l2
[17.642s] DEBUG:colcon.colcon_core.event_handler.log_command:Invoked command in '/home/a/uav/build/my_uav' returned '0': /usr/bin/cmake --build /home/a/uav/build/my_uav -- -j2 -l2
[17.654s] DEBUG:colcon.colcon_core.event_handler.log_command:Invoking command in '/home/a/uav/build/my_uav': /usr/bin/cmake --install /home/a/uav/build/my_uav
[17.688s] Level 1:colcon.colcon_core.environment:create_environment_scripts_only(my_uav)
[17.690s] Level 1:colcon.colcon_core.environment:checking '/home/a/uav/install/my_uav' for CMake module files
[17.691s] Level 1:colcon.colcon_core.environment:checking '/home/a/uav/install/my_uav' for CMake config files
[17.691s] Level 1:colcon.colcon_core.shell:create_environment_hook('my_uav', 'cmake_prefix_path')
[17.691s] INFO:colcon.colcon_core.shell:Creating environment hook '/home/a/uav/install/my_uav/share/my_uav/hook/cmake_prefix_path.ps1'
[17.692s] DEBUG:colcon.colcon_core.event_handler.log_command:Invoked command in '/home/a/uav/build/my_uav' returned '0': /usr/bin/cmake --install /home/a/uav/build/my_uav
[17.692s] INFO:colcon.colcon_core.shell:Creating environment descriptor '/home/a/uav/install/my_uav/share/my_uav/hook/cmake_prefix_path.dsv'
[17.693s] INFO:colcon.colcon_core.shell:Creating environment hook '/home/a/uav/install/my_uav/share/my_uav/hook/cmake_prefix_path.sh'
[17.694s] Level 1:colcon.colcon_core.environment:checking '/home/a/uav/install/my_uav/lib'
[17.694s] Level 1:colcon.colcon_core.environment:checking '/home/a/uav/install/my_uav/bin'
[17.694s] Level 1:colcon.colcon_core.environment:checking '/home/a/uav/install/my_uav/lib/pkgconfig/my_uav.pc'
[17.695s] Level 1:colcon.colcon_core.environment:checking '/home/a/uav/install/my_uav/lib/python3.8/site-packages'
[17.695s] Level 1:colcon.colcon_core.environment:checking '/home/a/uav/install/my_uav/bin'
[17.695s] INFO:colcon.colcon_core.shell:Creating package script '/home/a/uav/install/my_uav/share/my_uav/package.ps1'
[17.696s] INFO:colcon.colcon_core.shell:Creating package descriptor '/home/a/uav/install/my_uav/share/my_uav/package.dsv'
[17.697s] INFO:colcon.colcon_core.shell:Creating package script '/home/a/uav/install/my_uav/share/my_uav/package.sh'
[17.698s] INFO:colcon.colcon_core.shell:Creating package script '/home/a/uav/install/my_uav/share/my_uav/package.bash'
[17.698s] INFO:colcon.colcon_core.shell:Creating package script '/home/a/uav/install/my_uav/share/my_uav/package.zsh'
[17.699s] Level 1:colcon.colcon_core.environment:create_file_with_runtime_dependencies(/home/a/uav/install/my_uav/share/colcon-core/packages/my_uav)
[17.699s] Level 1:colcon.colcon_core.environment:create_environment_scripts_only(my_uav)
[17.700s] Level 1:colcon.colcon_core.environment:checking '/home/a/uav/install/my_uav' for CMake module files
[17.700s] Level 1:colcon.colcon_core.environment:checking '/home/a/uav/install/my_uav' for CMake config files
[17.700s] Level 1:colcon.colcon_core.shell:create_environment_hook('my_uav', 'cmake_prefix_path')
[17.700s] INFO:colcon.colcon_core.shell:Creating environment hook '/home/a/uav/install/my_uav/share/my_uav/hook/cmake_prefix_path.ps1'
[17.701s] INFO:colcon.colcon_core.shell:Creating environment descriptor '/home/a/uav/install/my_uav/share/my_uav/hook/cmake_prefix_path.dsv'
[17.701s] INFO:colcon.colcon_core.shell:Creating environment hook '/home/a/uav/install/my_uav/share/my_uav/hook/cmake_prefix_path.sh'
[17.702s] Level 1:colcon.colcon_core.environment:checking '/home/a/uav/install/my_uav/lib'
[17.702s] Level 1:colcon.colcon_core.environment:checking '/home/a/uav/install/my_uav/bin'
[17.702s] Level 1:colcon.colcon_core.environment:checking '/home/a/uav/install/my_uav/lib/pkgconfig/my_uav.pc'
[17.702s] Level 1:colcon.colcon_core.environment:checking '/home/a/uav/install/my_uav/lib/python3.8/site-packages'
[17.702s] Level 1:colcon.colcon_core.environment:checking '/home/a/uav/install/my_uav/bin'
[17.702s] INFO:colcon.colcon_core.shell:Creating package script '/home/a/uav/install/my_uav/share/my_uav/package.ps1'
[17.703s] INFO:colcon.colcon_core.shell:Creating package descriptor '/home/a/uav/install/my_uav/share/my_uav/package.dsv'
[17.703s] INFO:colcon.colcon_core.shell:Creating package script '/home/a/uav/install/my_uav/share/my_uav/package.sh'
[17.703s] INFO:colcon.colcon_core.shell:Creating package script '/home/a/uav/install/my_uav/share/my_uav/package.bash'
[17.704s] INFO:colcon.colcon_core.shell:Creating package script '/home/a/uav/install/my_uav/share/my_uav/package.zsh'
[17.704s] Level 1:colcon.colcon_core.environment:create_file_with_runtime_dependencies(/home/a/uav/install/my_uav/share/colcon-core/packages/my_uav)
[17.705s] DEBUG:colcon.colcon_parallel_executor.executor.parallel:closing loop
[17.705s] DEBUG:colcon.colcon_parallel_executor.executor.parallel:loop closed
[17.705s] DEBUG:colcon.colcon_parallel_executor.executor.parallel:run_until_complete finished with '0'
[17.705s] DEBUG:colcon.colcon_core.event_reactor:joining thread
[17.710s] INFO:colcon.colcon_core.plugin_system:Skipping extension 'colcon_notification.desktop_notification.terminal_notifier': Not used on non-Darwin systems
[17.710s] INFO:colcon.colcon_core.plugin_system:Skipping extension 'colcon_notification.desktop_notification.win32': Not used on non-Windows systems
[17.710s] INFO:colcon.colcon_notification.desktop_notification:Sending desktop notification using 'notify2'
[17.715s] DEBUG:colcon.colcon_notification.desktop_notification.notify2:Failed to initialize notify2: org.freedesktop.DBus.Error.ServiceUnknown: The name org.freedesktop.Notifications was not provided by any .service files
[17.715s] DEBUG:colcon.colcon_core.event_reactor:joined thread
[17.715s] INFO:colcon.colcon_core.shell:Creating prefix script '/home/a/uav/install/local_setup.ps1'
[17.717s] INFO:colcon.colcon_core.shell:Creating prefix util module '/home/a/uav/install/_local_setup_util_ps1.py'
[17.718s] INFO:colcon.colcon_core.shell:Creating prefix chain script '/home/a/uav/install/setup.ps1'
[17.719s] INFO:colcon.colcon_core.shell:Creating prefix script '/home/a/uav/install/local_setup.sh'
[17.720s] INFO:colcon.colcon_core.shell:Creating prefix util module '/home/a/uav/install/_local_setup_util_sh.py'
[17.720s] INFO:colcon.colcon_core.shell:Creating prefix chain script '/home/a/uav/install/setup.sh'
[17.721s] INFO:colcon.colcon_core.shell:Creating prefix script '/home/a/uav/install/local_setup.bash'
[17.721s] INFO:colcon.colcon_core.shell:Creating prefix chain script '/home/a/uav/install/setup.bash'
[17.722s] INFO:colcon.colcon_core.shell:Creating prefix script '/home/a/uav/install/local_setup.zsh'
[17.723s] INFO:colcon.colcon_core.shell:Creating prefix chain script '/home/a/uav/install/setup.zsh'
