[  9%] Built target uav_control_node
[ 18%] Built target image_sub
[ 27%] Built target internlm_m_node
[ 36%] Built target internvl
[35m[1mScanning dependencies of target internvl_p[0m
[ 45%] Built target internlm_m_listener
[ 50%] [32mBuilding CXX object CMakeFiles/internvl_p.dir/src/internvl_p.cpp.o[0m
[ 59%] Built target internvl_listener
[ 68%] Built target gps_sub
[ 77%] Built target ray_sub
[ 86%] Built target camera_listener
[ 95%] Built target ray_listener
[100%] [32m[1mLinking CXX executable internvl_p[0m
[100%] Built target internvl_p
-- Install configuration: ""
-- Up-to-date: /home/a/uav/install/my_uav/share/my_uav/launch
-- Up-to-date: /home/a/uav/install/my_uav/share/my_uav/launch/sitl.launch
-- Up-to-date: /home/a/uav/install/my_uav/share/my_uav/launch/p450.py
-- Up-to-date: /home/a/uav/install/my_uav/share/my_uav/launch/gz_launch.py
-- Up-to-date: /home/a/uav/install/my_uav/share/my_uav/launch/cam_sub.launch.py
-- Up-to-date: /home/a/uav/install/my_uav/share/my_uav/models
-- Up-to-date: /home/a/uav/install/my_uav/share/my_uav/models/p450_2Dlidar_depth
-- Up-to-date: /home/a/uav/install/my_uav/share/my_uav/models/p450_2Dlidar_depth/p450_2Dlidar_depth_3.sdf.last_generated
-- Up-to-date: /home/a/uav/install/my_uav/share/my_uav/models/p450_2Dlidar_depth/p450_2Dlidar_depth_2.sdf.last_generated
-- Up-to-date: /home/a/uav/install/my_uav/share/my_uav/models/p450_2Dlidar_depth/p450_2Dlidar_depth_1.sdf.last_generated
-- Up-to-date: /home/a/uav/install/my_uav/share/my_uav/models/p450_2Dlidar_depth/p450_2Dlidar_depth_0.sdf
-- Up-to-date: /home/a/uav/install/my_uav/share/my_uav/models/p450_2Dlidar_depth/p450_2Dlidar_depth_0.sdf.last_generated
-- Up-to-date: /home/a/uav/install/my_uav/share/my_uav/models/p450_2Dlidar_depth/p450_2Dlidar_depth_1.sdf
-- Up-to-date: /home/a/uav/install/my_uav/share/my_uav/models/p450_2Dlidar_depth/model.config
-- Up-to-date: /home/a/uav/install/my_uav/share/my_uav/models/p450_2Dlidar_depth/p450_2Dlidar_depth.sdf
-- Up-to-date: /home/a/uav/install/my_uav/share/my_uav/models/p450_2Dlidar_depth/p450_2Dlidar_depth_3.sdf
-- Up-to-date: /home/a/uav/install/my_uav/share/my_uav/models/p450_2Dlidar_depth/p450_2Dlidar_depth_-m.sdf
-- Up-to-date: /home/a/uav/install/my_uav/share/my_uav/models/p450_2Dlidar_depth/p450_2Dlidar_depth_2.sdf
-- Up-to-date: /home/a/uav/install/my_uav/share/my_uav/models/p450_2Dlidar_depth/p450_2Dlidar_depth_-m.sdf.last_generated
-- Up-to-date: /home/a/uav/install/my_uav/share/my_uav/models/p450
-- Up-to-date: /home/a/uav/install/my_uav/share/my_uav/models/p450/p450_1.sdf
-- Up-to-date: /home/a/uav/install/my_uav/share/my_uav/models/p450/p450_2.sdf.last_generated
-- Up-to-date: /home/a/uav/install/my_uav/share/my_uav/models/p450/p450.sdf.jinja
-- Up-to-date: /home/a/uav/install/my_uav/share/my_uav/models/p450/p450_1.sdf.last_generated
-- Up-to-date: /home/a/uav/install/my_uav/share/my_uav/models/p450/model.config
-- Up-to-date: /home/a/uav/install/my_uav/share/my_uav/models/p450/p450_2.sdf
-- Up-to-date: /home/a/uav/install/my_uav/share/my_uav/models/p450/meshes
-- Up-to-date: /home/a/uav/install/my_uav/share/my_uav/models/p450/meshes/p450_ccw.stl
-- Up-to-date: /home/a/uav/install/my_uav/share/my_uav/models/p450/meshes/p450.stl
-- Up-to-date: /home/a/uav/install/my_uav/share/my_uav/models/p450/meshes/p450_cw.stl
-- Up-to-date: /home/a/uav/install/my_uav/share/my_uav/models/p450/p450.sdf
-- Up-to-date: /home/a/uav/install/my_uav/share/my_uav/models/hokuyo_ust_20lx
-- Up-to-date: /home/a/uav/install/my_uav/share/my_uav/models/hokuyo_ust_20lx/hokuyo_ust_20lx.sdf
-- Up-to-date: /home/a/uav/install/my_uav/share/my_uav/models/hokuyo_ust_20lx/hokuyo_ust_20lx_2.sdf.last_generated
-- Up-to-date: /home/a/uav/install/my_uav/share/my_uav/models/hokuyo_ust_20lx/model.config
-- Up-to-date: /home/a/uav/install/my_uav/share/my_uav/models/hokuyo_ust_20lx/hokuyo_ust_20lx_2.sdf
-- Up-to-date: /home/a/uav/install/my_uav/share/my_uav/models/hokuyo_ust_20lx/hokuyo_ust_20lx_1.sdf
-- Up-to-date: /home/a/uav/install/my_uav/share/my_uav/models/hokuyo_ust_20lx/hokuyo_ust_20lx_1.sdf.last_generated
-- Up-to-date: /home/a/uav/install/my_uav/share/my_uav/models/p450_hokuyo_2Dlidar
-- Up-to-date: /home/a/uav/install/my_uav/share/my_uav/models/p450_hokuyo_2Dlidar/p450_hokuyo_2Dlidar.sdf
-- Up-to-date: /home/a/uav/install/my_uav/share/my_uav/models/p450_hokuyo_2Dlidar/model.config
-- Up-to-date: /home/a/uav/install/my_uav/share/my_uav/models/depth
-- Up-to-date: /home/a/uav/install/my_uav/share/my_uav/models/depth/model.config
-- Up-to-date: /home/a/uav/install/my_uav/share/my_uav/models/depth/depth.sdf
-- Up-to-date: /home/a/uav/install/my_uav/share/my_uav/models/D435i
-- Up-to-date: /home/a/uav/install/my_uav/share/my_uav/models/D435i/materials
-- Up-to-date: /home/a/uav/install/my_uav/share/my_uav/models/D435i/materials/textures
-- Up-to-date: /home/a/uav/install/my_uav/share/my_uav/models/D435i/materials/textures/realsense_diffuse.png
-- Up-to-date: /home/a/uav/install/my_uav/share/my_uav/models/D435i/model.config
-- Up-to-date: /home/a/uav/install/my_uav/share/my_uav/models/D435i/D435i.sdf
-- Up-to-date: /home/a/uav/install/my_uav/share/my_uav/models/D435i/meshes
-- Up-to-date: /home/a/uav/install/my_uav/share/my_uav/models/D435i/meshes/realsense_d435.stl
-- Up-to-date: /home/a/uav/install/my_uav/share/my_uav/models/D435i/meshes/D435i.dae
-- Up-to-date: /home/a/uav/install/my_uav/share/my_uav/models/p450_depth
-- Up-to-date: /home/a/uav/install/my_uav/share/my_uav/models/p450_depth/model.config
-- Up-to-date: /home/a/uav/install/my_uav/share/my_uav/models/p450_depth/p450_depth.sdf
-- Up-to-date: /home/a/uav/install/my_uav/share/my_uav/worlds
-- Up-to-date: /home/a/uav/install/my_uav/share/my_uav/worlds/leida.world
-- Up-to-date: /home/a/uav/install/my_uav/share/my_uav/worlds/my.world
-- Up-to-date: /home/a/uav/install/my_uav/share/my_uav/worlds/baylands.world
-- Up-to-date: /home/a/uav/install/my_uav/share/my_uav/worlds/safe_landing.world
-- Up-to-date: /home/a/uav/install/my_uav/share/my_uav/worlds/yosemite.world
-- Up-to-date: /home/a/uav/install/my_uav/share/my_uav/worlds/mcmillan_airfield.world
-- Up-to-date: /home/a/uav/install/my_uav/share/my_uav/worlds/cam.world
-- Up-to-date: /home/a/uav/install/my_uav/share/my_uav/worlds/sonoma_raceway.world
-- Up-to-date: /home/a/uav/install/my_uav/share/my_uav/worlds/empty_world.world
-- Up-to-date: /home/a/uav/install/my_uav/lib/my_uav/my_python_node.py
-- Up-to-date: /home/a/uav/install/my_uav/lib/my_uav/uav_control_node
-- Up-to-date: /home/a/uav/install/my_uav/lib/my_uav/internlm_m_node
-- Up-to-date: /home/a/uav/install/my_uav/lib/my_uav/internvl
-- Up-to-date: /home/a/uav/install/my_uav/lib/my_uav/internlm_m_listener
-- Up-to-date: /home/a/uav/install/my_uav/lib/my_uav/internvl_listener
-- Installing: /home/a/uav/install/my_uav/lib/my_uav/internvl_p
-- Set runtime path of "/home/a/uav/install/my_uav/lib/my_uav/internvl_p" to ""
-- Up-to-date: /home/a/uav/install/my_uav/lib/my_uav/image_sub
-- Up-to-date: /home/a/uav/install/my_uav/lib/my_uav/gps_sub
-- Up-to-date: /home/a/uav/install/my_uav/lib/my_uav/ray_sub
-- Up-to-date: /home/a/uav/install/my_uav/lib/my_uav/camera_listener
-- Up-to-date: /home/a/uav/install/my_uav/lib/my_uav/ray_listener
-- Up-to-date: /home/a/uav/install/my_uav/share/ament_index/resource_index/package_run_dependencies/my_uav
-- Up-to-date: /home/a/uav/install/my_uav/share/ament_index/resource_index/parent_prefix_path/my_uav
-- Up-to-date: /home/a/uav/install/my_uav/share/my_uav/environment/ament_prefix_path.sh
-- Up-to-date: /home/a/uav/install/my_uav/share/my_uav/environment/ament_prefix_path.dsv
-- Up-to-date: /home/a/uav/install/my_uav/share/my_uav/environment/path.sh
-- Up-to-date: /home/a/uav/install/my_uav/share/my_uav/environment/path.dsv
-- Up-to-date: /home/a/uav/install/my_uav/share/my_uav/local_setup.bash
-- Up-to-date: /home/a/uav/install/my_uav/share/my_uav/local_setup.sh
-- Up-to-date: /home/a/uav/install/my_uav/share/my_uav/local_setup.zsh
-- Up-to-date: /home/a/uav/install/my_uav/share/my_uav/local_setup.dsv
-- Installing: /home/a/uav/install/my_uav/share/my_uav/package.dsv
-- Up-to-date: /home/a/uav/install/my_uav/share/ament_index/resource_index/packages/my_uav
-- Up-to-date: /home/a/uav/install/my_uav/share/my_uav/cmake/my_uavConfig.cmake
-- Up-to-date: /home/a/uav/install/my_uav/share/my_uav/cmake/my_uavConfig-version.cmake
-- Up-to-date: /home/a/uav/install/my_uav/share/my_uav/package.xml
