[0.020s] Invoking command in '/home/a/ros2_ws/build/px4_ros_com': CMAKE_PREFIX_PATH=/home/a/ros2_ws/install/px4_msgs:/home/a/ros2_ws/install/px4_ros_com:/home/a/ros2_ws/install/my_uav:/opt/ros/galactic LD_LIBRARY_PATH=/home/a/ros2_ws/install/px4_msgs/lib:/home/a/ros2_ws/install/px4_ros_com/lib:/usr/lib/x86_64-linux-gnu/gazebo-11/plugins:/opt/ros/galactic/opt/yaml_cpp_vendor/lib:/opt/ros/galactic/opt/rviz_ogre_vendor/lib:/opt/ros/galactic/lib/x86_64-linux-gnu:/opt/ros/galactic/lib:/home/a/PX4-Autopilot/build/px4_sitl_default/build_gazebo-classic /usr/bin/cmake --build /home/a/ros2_ws/build/px4_ros_com -- -j2 -l2
[0.129s] [  7%] Built target my_uav_node
[0.149s] [ 14%] Built target offboard_control_mode
[0.179s] [ 21%] Built target commander
[0.203s] [35m[1mScanning dependencies of target offboard_control[0m
[0.214s] [ 28%] Built target frame_transforms
[0.260s] [ 32%] [32mBuilding CXX object CMakeFiles/offboard_control.dir/src/examples/offboard/offboard_control.cpp.o[0m
[0.277s] [ 39%] Built target arm
[0.338s] [ 46%] Built target sensor_combined_listener
[0.405s] [ 53%] Built target vehicle_gps_position_listener
[0.453s] [ 60%] Built target debug_vect_advertiser
[0.514s] [ 67%] Built target trajectory_setpoint
[0.571s] [ 75%] Built target vel_yaw
[0.663s] [ 82%] Built target vehicle_attitude_listener
[0.749s] [ 89%] Built target rates_setpoint
[0.827s] [ 96%] Built target offboard_position_control
[3.384s] [01m[K/home/a/ros2_ws/src/px4_ros_com/src/examples/offboard/offboard_control.cpp:[m[K In constructor ‘[01m[KOffboardControl::OffboardControl()[m[K’:
[3.384s] [01m[K/home/a/ros2_ws/src/px4_ros_com/src/examples/offboard/offboard_control.cpp:31:2:[m[K [01;31m[Kerror: [m[Kuninitialized const member in ‘[01m[Kconst int[m[K’ [[01;31m[K-fpermissive[m[K]
[3.384s]    31 |  [01;31m[KOffboardControl[m[K() : Node("offboard_control")
[3.384s]       |  [01;31m[K^~~~~~~~~~~~~~~[m[K
[3.384s] [01m[K/home/a/ros2_ws/src/px4_ros_com/src/examples/offboard/offboard_control.cpp:79:12:[m[K [01;36m[Knote: [m[K‘[01m[Kconst int OffboardControl::uav_id[m[K’ should be initialized
[3.384s]    79 |  const int [01;36m[Kuav_id[m[K;
[3.384s]       |            [01;36m[K^~~~~~[m[K
[3.384s] [01m[K/home/a/ros2_ws/src/px4_ros_com/src/examples/offboard/offboard_control.cpp:33:10:[m[K [01;31m[Kerror: [m[Kassignment of read-only member ‘[01m[KOffboardControl::uav_id[m[K’
[3.384s]    33 |   [01;31m[Kuav_id = std::getenv("Uav_id")[m[K; // 获取环境变量 PATH
[3.385s]       |   [01;31m[K~~~~~~~^~~~~~~~~~~~~~~~~~~~~~~[m[K
[6.909s] make[2]: *** [CMakeFiles/offboard_control.dir/build.make:63：CMakeFiles/offboard_control.dir/src/examples/offboard/offboard_control.cpp.o] 错误 1
[6.909s] make[1]: *** [CMakeFiles/Makefile2:266：CMakeFiles/offboard_control.dir/all] 错误 2
[6.914s] make: *** [Makefile:141：all] 错误 2
[6.914s] Invoked command in '/home/a/ros2_ws/build/px4_ros_com' returned '2': CMAKE_PREFIX_PATH=/home/a/ros2_ws/install/px4_msgs:/home/a/ros2_ws/install/px4_ros_com:/home/a/ros2_ws/install/my_uav:/opt/ros/galactic LD_LIBRARY_PATH=/home/a/ros2_ws/install/px4_msgs/lib:/home/a/ros2_ws/install/px4_ros_com/lib:/usr/lib/x86_64-linux-gnu/gazebo-11/plugins:/opt/ros/galactic/opt/yaml_cpp_vendor/lib:/opt/ros/galactic/opt/rviz_ogre_vendor/lib:/opt/ros/galactic/lib/x86_64-linux-gnu:/opt/ros/galactic/lib:/home/a/PX4-Autopilot/build/px4_sitl_default/build_gazebo-classic /usr/bin/cmake --build /home/a/ros2_ws/build/px4_ros_com -- -j2 -l2
