[  6%] Built target my_uav_node
[ 12%] Built target offboard_control_mode
[ 18%] Built target commander
[ 25%] Built target arm
[ 31%] Built target offboard_position_control
[ 37%] Built target frame_transforms
[ 43%] Built target offboard_control
[ 50%] Built target sensor_combined_listener
[ 56%] Built target vehicle_gps_position_listener
[ 62%] Built target debug_vect_advertiser
[35m[1mScanning dependencies of target point[0m
[ 68%] Built target trajectory_setpoint
[ 71%] [32mBuilding CXX object CMakeFiles/point.dir/src/examples/offboard/point.cpp.o[0m
[ 78%] Built target vel_yaw
[ 84%] Built target vehicle_attitude_listener
[ 90%] Built target vehicle_status
[ 96%] Built target rates_setpoint
[01m[K/home/a/ros2_ws/src/px4_ros_com/src/examples/offboard/point.cpp:51:6:[m[K [01;31m[Kerror: [m[Kno declaration matches ‘[01m[Kvoid OffboardControl::publish_trajectory_setpoint2(float, float, float)[m[K’
   51 | void [01;31m[KOffboardControl[m[K::publish_trajectory_setpoint2(float x,float y,float z)
      |      [01;31m[K^~~~~~~~~~~~~~~[m[K
[01m[K/home/a/ros2_ws/src/px4_ros_com/src/examples/offboard/point.cpp:51:6:[m[K [01;36m[Knote: [m[Kno functions named ‘[01m[Kvoid OffboardControl::publish_trajectory_setpoint2(float, float, float)[m[K’
[01m[K/home/a/ros2_ws/src/px4_ros_com/src/examples/offboard/point.cpp:13:7:[m[K [01;36m[Knote: [m[K‘[01m[Kclass OffboardControl[m[K’ defined here
   13 | class [01;36m[KOffboardControl[m[K : public rclcpp::Node
      |       [01;36m[K^~~~~~~~~~~~~~~[m[K
make[2]: *** [CMakeFiles/point.dir/build.make:63：CMakeFiles/point.dir/src/examples/offboard/point.cpp.o] 错误 1
make[1]: *** [CMakeFiles/Makefile2:432：CMakeFiles/point.dir/all] 错误 2
make: *** [Makefile:141：all] 错误 2
