[0.021s] Invoking command in '/home/a/ros2_ws/build/px4_ros_com': CMAKE_PREFIX_PATH=/home/a/ros2_ws/install/px4_msgs:/home/a/ros2_ws/install/px4_ros_com:/home/a/ros2_ws/install/my_uav:/opt/ros/galactic LD_LIBRARY_PATH=/home/a/ros2_ws/install/px4_msgs/lib:/home/a/ros2_ws/install/px4_ros_com/lib:/usr/lib/x86_64-linux-gnu/gazebo-11/plugins:/opt/ros/galactic/opt/yaml_cpp_vendor/lib:/opt/ros/galactic/opt/rviz_ogre_vendor/lib:/opt/ros/galactic/lib/x86_64-linux-gnu:/opt/ros/galactic/lib:/home/a/PX4-Autopilot/build/px4_sitl_default/build_gazebo-classic /usr/bin/cmake --build /home/a/ros2_ws/build/px4_ros_com -- -j2 -l2
[0.079s] [  6%] Built target my_uav_node
[0.084s] [ 12%] Built target offboard_control_mode
[0.108s] [ 18%] Built target commander
[0.121s] [ 25%] Built target arm
[0.145s] [ 31%] Built target offboard_position_control
[0.151s] [ 37%] Built target frame_transforms
[0.179s] [ 43%] Built target offboard_control
[0.179s] [ 50%] Built target sensor_combined_listener
[0.212s] [ 56%] Built target vehicle_gps_position_listener
[0.213s] [ 62%] Built target debug_vect_advertiser
[0.228s] [35m[1mScanning dependencies of target point[0m
[0.249s] [ 68%] Built target trajectory_setpoint
[0.260s] [ 71%] [32mBuilding CXX object CMakeFiles/point.dir/src/examples/offboard/point.cpp.o[0m
[0.283s] [ 78%] Built target vel_yaw
[0.313s] [ 84%] Built target vehicle_attitude_listener
[0.346s] [ 90%] Built target vehicle_status
[0.378s] [ 96%] Built target rates_setpoint
[2.214s] [01m[K/home/a/ros2_ws/src/px4_ros_com/src/examples/offboard/point.cpp:51:6:[m[K [01;31m[Kerror: [m[Kno declaration matches ‘[01m[Kvoid OffboardControl::publish_trajectory_setpoint2(float, float, float)[m[K’
[2.214s]    51 | void [01;31m[KOffboardControl[m[K::publish_trajectory_setpoint2(float x,float y,float z)
[2.214s]       |      [01;31m[K^~~~~~~~~~~~~~~[m[K
[2.214s] [01m[K/home/a/ros2_ws/src/px4_ros_com/src/examples/offboard/point.cpp:51:6:[m[K [01;36m[Knote: [m[Kno functions named ‘[01m[Kvoid OffboardControl::publish_trajectory_setpoint2(float, float, float)[m[K’
[2.214s] [01m[K/home/a/ros2_ws/src/px4_ros_com/src/examples/offboard/point.cpp:13:7:[m[K [01;36m[Knote: [m[K‘[01m[Kclass OffboardControl[m[K’ defined here
[2.214s]    13 | class [01;36m[KOffboardControl[m[K : public rclcpp::Node
[2.214s]       |       [01;36m[K^~~~~~~~~~~~~~~[m[K
[2.960s] make[2]: *** [CMakeFiles/point.dir/build.make:63：CMakeFiles/point.dir/src/examples/offboard/point.cpp.o] 错误 1
[2.960s] make[1]: *** [CMakeFiles/Makefile2:432：CMakeFiles/point.dir/all] 错误 2
[2.960s] make: *** [Makefile:141：all] 错误 2
[2.962s] Invoked command in '/home/a/ros2_ws/build/px4_ros_com' returned '2': CMAKE_PREFIX_PATH=/home/a/ros2_ws/install/px4_msgs:/home/a/ros2_ws/install/px4_ros_com:/home/a/ros2_ws/install/my_uav:/opt/ros/galactic LD_LIBRARY_PATH=/home/a/ros2_ws/install/px4_msgs/lib:/home/a/ros2_ws/install/px4_ros_com/lib:/usr/lib/x86_64-linux-gnu/gazebo-11/plugins:/opt/ros/galactic/opt/yaml_cpp_vendor/lib:/opt/ros/galactic/opt/rviz_ogre_vendor/lib:/opt/ros/galactic/lib/x86_64-linux-gnu:/opt/ros/galactic/lib:/home/a/PX4-Autopilot/build/px4_sitl_default/build_gazebo-classic /usr/bin/cmake --build /home/a/ros2_ws/build/px4_ros_com -- -j2 -l2
