[0.019s] Invoking command in '/home/a/ros2_ws/build/px4_ros_com': CMAKE_PREFIX_PATH=/home/a/ros2_ws/install/px4_msgs:/home/a/ros2_ws/install/px4_ros_com:/home/a/ros2_ws/install/my_uav:/opt/ros/galactic LD_LIBRARY_PATH=/home/a/ros2_ws/install/px4_msgs/lib:/home/a/ros2_ws/install/px4_ros_com/lib:/usr/lib/x86_64-linux-gnu/gazebo-11/plugins:/opt/ros/galactic/opt/yaml_cpp_vendor/lib:/opt/ros/galactic/opt/rviz_ogre_vendor/lib:/opt/ros/galactic/lib/x86_64-linux-gnu:/opt/ros/galactic/lib:/home/a/PX4-Autopilot/build/px4_sitl_default/build_gazebo-classic /usr/bin/cmake --build /home/a/ros2_ws/build/px4_ros_com -- -j2 -l2
[0.078s] [  9%] Built target frame_transforms
[0.080s] [ 18%] Built target offboard_control
[0.089s] [35m[1mScanning dependencies of target arm[0m
[0.113s] [ 27%] Built target sensor_combined_listener
[0.122s] [ 31%] [32mBuilding CXX object CMakeFiles/arm.dir/src/examples/offboard/arm.cpp.o[0m
[0.147s] [ 40%] Built target my_uav_node
[0.178s] [ 50%] Built target vehicle_gps_position_listener
[0.211s] [ 59%] Built target debug_vect_advertiser
[0.245s] [ 68%] Built target trajectory_setpoint
[0.276s] [ 77%] Built target vel_yaw
[0.306s] [ 86%] Built target vehicle_attitude_listener
[0.337s] [ 95%] Built target offboard_position_control
[1.828s] [01m[K/home/a/ros2_ws/src/px4_ros_com/src/examples/offboard/arm.cpp:34:11:[m[K [01;31m[Kerror: [m[Kreturn type specification for constructor invalid
[1.828s]    34 |  void arm([01;31m[K)[m[K;
[1.828s]       |           [01;31m[K^[m[K
[1.828s] [01m[K/home/a/ros2_ws/src/px4_ros_com/src/examples/offboard/arm.cpp:34:7:[m[K [01;31m[Kerror: [m[K‘[01m[Karm::arm()[m[K’ cannot be overloaded with ‘[01m[Karm::arm()[m[K’
[1.828s]    34 |  void [01;31m[Karm[m[K();
[1.828s]       |       [01;31m[K^~~[m[K
[1.828s] [01m[K/home/a/ros2_ws/src/px4_ros_com/src/examples/offboard/arm.cpp:18:5:[m[K [01;36m[Knote: [m[Kprevious declaration ‘[01m[Karm::arm()[m[K’
[1.828s]    18 |     [01;36m[Karm[m[K() : Node("arm")
[1.828s]       |     [01;36m[K^~~[m[K
[1.836s] [01m[K/home/a/ros2_ws/src/px4_ros_com/src/examples/offboard/arm.cpp:42:15:[m[K [01;31m[Kerror: [m[Kreturn type specification for constructor invalid
[1.836s]    42 | void arm::arm([01;31m[K)[m[K
[1.836s]       |               [01;31m[K^[m[K
[1.836s] [01m[K/home/a/ros2_ws/src/px4_ros_com/src/examples/offboard/arm.cpp:42:6:[m[K [01;31m[Kerror: [m[Kredefinition of ‘[01m[Karm::arm()[m[K’
[1.836s]    42 | void [01;31m[Karm[m[K::arm()
[1.836s]       |      [01;31m[K^~~[m[K
[1.836s] [01m[K/home/a/ros2_ws/src/px4_ros_com/src/examples/offboard/arm.cpp:18:5:[m[K [01;36m[Knote: [m[K‘[01m[Karm::arm()[m[K’ previously defined here
[1.836s]    18 |     [01;36m[Karm[m[K() : Node("arm")
[1.836s]       |     [01;36m[K^~~[m[K
[1.836s] [01m[K/home/a/ros2_ws/src/px4_ros_com/src/examples/offboard/arm.cpp:57:6:[m[K [01;31m[Kerror: [m[Kdefault argument given for parameter 2 of ‘[01m[Kvoid arm::publish_vehicle_command(uint16_t, float)[m[K’ [[01;31m[K-fpermissive[m[K]
[1.836s]    57 | void [01;31m[Karm[m[K::publish_vehicle_command(uint16_t command, float param1=0.0)
[1.836s]       |      [01;31m[K^~~[m[K
[1.836s] [01m[K/home/a/ros2_ws/src/px4_ros_com/src/examples/offboard/arm.cpp:35:7:[m[K [01;36m[Knote: [m[Kprevious specification in ‘[01m[Kvoid arm::publish_vehicle_command(uint16_t, float)[m[K’ here
[1.836s]    35 |  void [01;36m[Kpublish_vehicle_command[m[K(uint16_t command, float param1 = 0.0);
[1.836s]       |       [01;36m[K^~~~~~~~~~~~~~~~~~~~~~~[m[K
[2.526s] make[2]: *** [CMakeFiles/arm.dir/build.make:63：CMakeFiles/arm.dir/src/examples/offboard/arm.cpp.o] 错误 1
[2.526s] make[1]: *** [CMakeFiles/Makefile2:206：CMakeFiles/arm.dir/all] 错误 2
[2.526s] make: *** [Makefile:141：all] 错误 2
[2.531s] Invoked command in '/home/a/ros2_ws/build/px4_ros_com' returned '2': CMAKE_PREFIX_PATH=/home/a/ros2_ws/install/px4_msgs:/home/a/ros2_ws/install/px4_ros_com:/home/a/ros2_ws/install/my_uav:/opt/ros/galactic LD_LIBRARY_PATH=/home/a/ros2_ws/install/px4_msgs/lib:/home/a/ros2_ws/install/px4_ros_com/lib:/usr/lib/x86_64-linux-gnu/gazebo-11/plugins:/opt/ros/galactic/opt/yaml_cpp_vendor/lib:/opt/ros/galactic/opt/rviz_ogre_vendor/lib:/opt/ros/galactic/lib/x86_64-linux-gnu:/opt/ros/galactic/lib:/home/a/PX4-Autopilot/build/px4_sitl_default/build_gazebo-classic /usr/bin/cmake --build /home/a/ros2_ws/build/px4_ros_com -- -j2 -l2
