[0.016s] Invoking command in '/home/a/uav/build/my_uav': CMAKE_PREFIX_PATH=${CMAKE_PREFIX_PATH}:/opt/ros/galactic /usr/bin/cmake --build /home/a/uav/build/my_uav -- -j2 -l2
[0.076s] [ 14%] Built target uav_control_node
[0.083s] [ 28%] Built target internlm_m_node
[0.107s] [ 42%] Built target internvl
[0.121s] [ 57%] Built target internlm_m_listener
[0.125s] [35m[1mScanning dependencies of target internvl_listener[0m
[0.154s] [ 71%] Built target camera_listener
[0.169s] [ 78%] [32mBuilding CXX object CMakeFiles/internvl_listener.dir/src/internvl_listener.cpp.o[0m
[0.185s] [ 92%] Built target ray_listener
[14.669s] [100%] [32m[1mLinking CXX executable internvl_listener[0m
[16.031s] [100%] Built target internvl_listener
[16.044s] Invoked command in '/home/a/uav/build/my_uav' returned '0': CMAKE_PREFIX_PATH=${CMAKE_PREFIX_PATH}:/opt/ros/galactic /usr/bin/cmake --build /home/a/uav/build/my_uav -- -j2 -l2
[16.058s] Invoking command in '/home/a/uav/build/my_uav': CMAKE_PREFIX_PATH=${CMAKE_PREFIX_PATH}:/opt/ros/galactic /usr/bin/cmake --install /home/a/uav/build/my_uav
[16.067s] -- Install configuration: ""
[16.067s] -- Up-to-date: /home/a/uav/install/my_uav/share/my_uav/launch
[16.068s] -- Up-to-date: /home/a/uav/install/my_uav/share/my_uav/launch/sitl.launch
[16.068s] -- Up-to-date: /home/a/uav/install/my_uav/share/my_uav/launch/p450.py
[16.068s] -- Up-to-date: /home/a/uav/install/my_uav/share/my_uav/launch/gz_launch.py
[16.068s] -- Up-to-date: /home/a/uav/install/my_uav/share/my_uav/launch/cam_sub.launch.py
[16.068s] -- Up-to-date: /home/a/uav/install/my_uav/share/my_uav/models
[16.068s] -- Up-to-date: /home/a/uav/install/my_uav/share/my_uav/models/p450_2Dlidar_depth
[16.069s] -- Up-to-date: /home/a/uav/install/my_uav/share/my_uav/models/p450_2Dlidar_depth/model.config
[16.069s] -- Up-to-date: /home/a/uav/install/my_uav/share/my_uav/models/p450_2Dlidar_depth/p450_2Dlidar_depth.sdf
[16.069s] -- Up-to-date: /home/a/uav/install/my_uav/share/my_uav/models/p450
[16.069s] -- Up-to-date: /home/a/uav/install/my_uav/share/my_uav/models/p450/model.config
[16.069s] -- Up-to-date: /home/a/uav/install/my_uav/share/my_uav/models/p450/meshes
[16.069s] -- Up-to-date: /home/a/uav/install/my_uav/share/my_uav/models/p450/meshes/p450_ccw.stl
[16.069s] -- Up-to-date: /home/a/uav/install/my_uav/share/my_uav/models/p450/meshes/p450.stl
[16.069s] -- Up-to-date: /home/a/uav/install/my_uav/share/my_uav/models/p450/meshes/p450_cw.stl
[16.069s] -- Up-to-date: /home/a/uav/install/my_uav/share/my_uav/models/p450/p450.sdf
[16.069s] -- Up-to-date: /home/a/uav/install/my_uav/share/my_uav/models/hokuyo_ust_20lx
[16.070s] -- Up-to-date: /home/a/uav/install/my_uav/share/my_uav/models/hokuyo_ust_20lx/hokuyo_ust_20lx.sdf
[16.070s] -- Up-to-date: /home/a/uav/install/my_uav/share/my_uav/models/hokuyo_ust_20lx/model.config
[16.070s] -- Up-to-date: /home/a/uav/install/my_uav/share/my_uav/models/p450_hokuyo_2Dlidar
[16.070s] -- Up-to-date: /home/a/uav/install/my_uav/share/my_uav/models/p450_hokuyo_2Dlidar/p450_hokuyo_2Dlidar.sdf
[16.070s] -- Up-to-date: /home/a/uav/install/my_uav/share/my_uav/models/p450_hokuyo_2Dlidar/model.config
[16.070s] -- Up-to-date: /home/a/uav/install/my_uav/share/my_uav/models/depth
[16.070s] -- Up-to-date: /home/a/uav/install/my_uav/share/my_uav/models/depth/model.config
[16.070s] -- Up-to-date: /home/a/uav/install/my_uav/share/my_uav/models/depth/depth.sdf
[16.071s] -- Up-to-date: /home/a/uav/install/my_uav/share/my_uav/models/D435i
[16.071s] -- Up-to-date: /home/a/uav/install/my_uav/share/my_uav/models/D435i/materials
[16.071s] -- Up-to-date: /home/a/uav/install/my_uav/share/my_uav/models/D435i/materials/textures
[16.071s] -- Up-to-date: /home/a/uav/install/my_uav/share/my_uav/models/D435i/materials/textures/realsense_diffuse.png
[16.071s] -- Up-to-date: /home/a/uav/install/my_uav/share/my_uav/models/D435i/model.config
[16.071s] -- Up-to-date: /home/a/uav/install/my_uav/share/my_uav/models/D435i/D435i.sdf
[16.071s] -- Up-to-date: /home/a/uav/install/my_uav/share/my_uav/models/D435i/meshes
[16.072s] -- Up-to-date: /home/a/uav/install/my_uav/share/my_uav/models/D435i/meshes/realsense_d435.stl
[16.072s] -- Up-to-date: /home/a/uav/install/my_uav/share/my_uav/models/D435i/meshes/D435i.dae
[16.072s] -- Up-to-date: /home/a/uav/install/my_uav/share/my_uav/models/p450_depth
[16.072s] -- Up-to-date: /home/a/uav/install/my_uav/share/my_uav/models/p450_depth/model.config
[16.072s] -- Up-to-date: /home/a/uav/install/my_uav/share/my_uav/models/p450_depth/p450_depth.sdf
[16.072s] -- Up-to-date: /home/a/uav/install/my_uav/share/my_uav/worlds
[16.072s] -- Up-to-date: /home/a/uav/install/my_uav/share/my_uav/worlds/leida.world
[16.072s] -- Up-to-date: /home/a/uav/install/my_uav/share/my_uav/worlds/my.world
[16.072s] -- Up-to-date: /home/a/uav/install/my_uav/share/my_uav/worlds/baylands.world
[16.072s] -- Up-to-date: /home/a/uav/install/my_uav/share/my_uav/worlds/safe_landing.world
[16.072s] -- Up-to-date: /home/a/uav/install/my_uav/share/my_uav/worlds/yosemite.world
[16.072s] -- Up-to-date: /home/a/uav/install/my_uav/share/my_uav/worlds/mcmillan_airfield.world
[16.072s] -- Up-to-date: /home/a/uav/install/my_uav/share/my_uav/worlds/cam.world
[16.072s] -- Up-to-date: /home/a/uav/install/my_uav/share/my_uav/worlds/sonoma_raceway.world
[16.072s] -- Up-to-date: /home/a/uav/install/my_uav/share/my_uav/worlds/empty_world.world
[16.072s] -- Up-to-date: /home/a/uav/install/my_uav/lib/my_uav/my_python_node.py
[16.073s] -- Up-to-date: /home/a/uav/install/my_uav/lib/my_uav/uav_control_node
[16.073s] -- Up-to-date: /home/a/uav/install/my_uav/lib/my_uav/internlm_m_node
[16.073s] -- Up-to-date: /home/a/uav/install/my_uav/lib/my_uav/internvl
[16.073s] -- Up-to-date: /home/a/uav/install/my_uav/lib/my_uav/internlm_m_listener
[16.073s] -- Installing: /home/a/uav/install/my_uav/lib/my_uav/internvl_listener
[16.081s] -- Set runtime path of "/home/a/uav/install/my_uav/lib/my_uav/internvl_listener" to ""
[16.081s] -- Up-to-date: /home/a/uav/install/my_uav/lib/my_uav/camera_listener
[16.081s] -- Up-to-date: /home/a/uav/install/my_uav/lib/my_uav/ray_listener
[16.081s] -- Up-to-date: /home/a/uav/install/my_uav/share/ament_index/resource_index/package_run_dependencies/my_uav
[16.082s] -- Up-to-date: /home/a/uav/install/my_uav/share/ament_index/resource_index/parent_prefix_path/my_uav
[16.082s] -- Up-to-date: /home/a/uav/install/my_uav/share/my_uav/environment/ament_prefix_path.sh
[16.082s] -- Up-to-date: /home/a/uav/install/my_uav/share/my_uav/environment/ament_prefix_path.dsv
[16.082s] -- Up-to-date: /home/a/uav/install/my_uav/share/my_uav/environment/path.sh
[16.083s] -- Up-to-date: /home/a/uav/install/my_uav/share/my_uav/environment/path.dsv
[16.083s] -- Up-to-date: /home/a/uav/install/my_uav/share/my_uav/local_setup.bash
[16.083s] -- Up-to-date: /home/a/uav/install/my_uav/share/my_uav/local_setup.sh
[16.083s] -- Up-to-date: /home/a/uav/install/my_uav/share/my_uav/local_setup.zsh
[16.083s] -- Up-to-date: /home/a/uav/install/my_uav/share/my_uav/local_setup.dsv
[16.083s] -- Installing: /home/a/uav/install/my_uav/share/my_uav/package.dsv
[16.083s] -- Up-to-date: /home/a/uav/install/my_uav/share/ament_index/resource_index/packages/my_uav
[16.083s] -- Up-to-date: /home/a/uav/install/my_uav/share/my_uav/cmake/my_uavConfig.cmake
[16.083s] -- Up-to-date: /home/a/uav/install/my_uav/share/my_uav/cmake/my_uavConfig-version.cmake
[16.083s] -- Up-to-date: /home/a/uav/install/my_uav/share/my_uav/package.xml
[16.085s] Invoked command in '/home/a/uav/build/my_uav' returned '0': CMAKE_PREFIX_PATH=${CMAKE_PREFIX_PATH}:/opt/ros/galactic /usr/bin/cmake --install /home/a/uav/build/my_uav
