[  2%] Built target frame_transforms
[  4%] Built target offboard_control
[35m[1mScanning dependencies of target vehicle_gps_position_listener[0m
[  5%] [34m[1mGenerating micro-RTPS agent code...[0m
[  6%] [32mBuilding CXX object CMakeFiles/vehicle_gps_position_listener.dir/src/examples/listeners/vehicle_gps_position_listener.cpp.o[0m
Traceback (most recent call last):
  File "/home/a/ros2_ws/src/px4_ros_com/scripts/generate_microRTPS_bridge.py", line 189, in <module>
    raise Exception(
Exception: FastRTPSGen not found. Specify the location of fastrtpsgen with the -f flag
[  6%] [34m[1mGenerating micro-RTPS agent code...[0m
Traceback (most recent call last):
  File "/home/a/ros2_ws/src/px4_ros_com/scripts/generate_microRTPS_bridge.py", line 189, in <module>
    raise Exception(
Exception: FastRTPSGen not found. Specify the location of fastrtpsgen with the -f flag
[  7%] [32mBuilding CXX object CMakeFiles/micrortps_agent.dir/src/micrortps_agent/microRTPS_agent.cpp.o[0m
[01m[Kc++:[m[K [01;31m[Kerror: [m[K/home/a/ros2_ws/build/px4_ros_com/src/micrortps_agent/microRTPS_agent.cpp: æ²¡æœ‰é‚£ä¸ªæ–‡ä»¶æˆ–ç›®å½•
[01m[Kc++:[m[K [01;31m[Kfatal error: [m[Kno input files
compilation terminated.
make[2]: *** [CMakeFiles/micrortps_agent.dir/build.make:496ï¼šCMakeFiles/micrortps_agent.dir/src/micrortps_agent/microRTPS_agent.cpp.o] é”™è¯¯ 1
make[1]: *** [CMakeFiles/Makefile2:142ï¼šCMakeFiles/micrortps_agent.dir/all] é”™è¯¯ 2
make[1]: *** æ­£åœ¨ç­‰å¾…æœªå®Œæˆçš„ä»»åŠ¡....
[  8%] [32m[1mLinking CXX executable vehicle_gps_position_listener[0m
[  8%] Built target vehicle_gps_position_listener
make: *** [Makefile:141ï¼šall] é”™è¯¯ 2
