running egg_info
creating ../../build/spoofing_attack/spoofing_attack.egg-info
writing ../../build/spoofing_attack/spoofing_attack.egg-info/PKG-INFO
writing dependency_links to ../../build/spoofing_attack/spoofing_attack.egg-info/dependency_links.txt
writing entry points to ../../build/spoofing_attack/spoofing_attack.egg-info/entry_points.txt
writing requirements to ../../build/spoofing_attack/spoofing_attack.egg-info/requires.txt
writing top-level names to ../../build/spoofing_attack/spoofing_attack.egg-info/top_level.txt
writing manifest file '../../build/spoofing_attack/spoofing_attack.egg-info/SOURCES.txt'
reading manifest file '../../build/spoofing_attack/spoofing_attack.egg-info/SOURCES.txt'
writing manifest file '../../build/spoofing_attack/spoofing_attack.egg-info/SOURCES.txt'
running build
running build_py
creating /home/a/attack/build/spoofing_attack/build
creating /home/a/attack/build/spoofing_attack/build/lib
creating /home/a/attack/build/spoofing_attack/build/lib/spoofing_attack
copying spoofing_attack/gps_attack.py -> /home/a/attack/build/spoofing_attack/build/lib/spoofing_attack
copying spoofing_attack/__init__.py -> /home/a/attack/build/spoofing_attack/build/lib/spoofing_attack
running install
running install_lib
creating /home/a/attack/install/spoofing_attack/lib/python3.8/site-packages/spoofing_attack
copying /home/a/attack/build/spoofing_attack/build/lib/spoofing_attack/gps_attack.py -> /home/a/attack/install/spoofing_attack/lib/python3.8/site-packages/spoofing_attack
copying /home/a/attack/build/spoofing_attack/build/lib/spoofing_attack/__init__.py -> /home/a/attack/install/spoofing_attack/lib/python3.8/site-packages/spoofing_attack
byte-compiling /home/a/attack/install/spoofing_attack/lib/python3.8/site-packages/spoofing_attack/gps_attack.py to gps_attack.cpython-38.pyc
byte-compiling /home/a/attack/install/spoofing_attack/lib/python3.8/site-packages/spoofing_attack/__init__.py to __init__.cpython-38.pyc
running install_data
creating /home/a/attack/install/spoofing_attack/share/ament_index
creating /home/a/attack/install/spoofing_attack/share/ament_index/resource_index
creating /home/a/attack/install/spoofing_attack/share/ament_index/resource_index/packages
copying resource/spoofing_attack -> /home/a/attack/install/spoofing_attack/share/ament_index/resource_index/packages
copying package.xml -> /home/a/attack/install/spoofing_attack/share/spoofing_attack
running install_egg_info
Copying ../../build/spoofing_attack/spoofing_attack.egg-info to /home/a/attack/install/spoofing_attack/lib/python3.8/site-packages/spoofing_attack-0.0.0-py3.8.egg-info
running install_scripts
writing list of installed files to '/home/a/attack/build/spoofing_attack/install.log'
