[0.517s] Invoking command in '/home/a/attack/src/spoofing_attack': PYTHONPATH=/home/a/attack/build/spoofing_attack/prefix_override:/usr/lib/python3/dist-packages/colcon_core/task/python/colcon_distutils_commands:/home/a/attack/install/spoofing_attack/lib/python3.8/site-packages:${PYTHONPATH} /usr/bin/python3 -W ignore:setup.py install is deprecated -W ignore:easy_install command is deprecated setup.py egg_info --egg-base ../../build/spoofing_attack build --build-base /home/a/attack/build/spoofing_attack/build install --record /home/a/attack/build/spoofing_attack/install.log --single-version-externally-managed install_data
[0.679s] running egg_info
[0.679s] creating ../../build/spoofing_attack/spoofing_attack.egg-info
[0.680s] writing ../../build/spoofing_attack/spoofing_attack.egg-info/PKG-INFO
[0.680s] writing dependency_links to ../../build/spoofing_attack/spoofing_attack.egg-info/dependency_links.txt
[0.680s] writing entry points to ../../build/spoofing_attack/spoofing_attack.egg-info/entry_points.txt
[0.680s] writing requirements to ../../build/spoofing_attack/spoofing_attack.egg-info/requires.txt
[0.680s] writing top-level names to ../../build/spoofing_attack/spoofing_attack.egg-info/top_level.txt
[0.681s] writing manifest file '../../build/spoofing_attack/spoofing_attack.egg-info/SOURCES.txt'
[0.707s] reading manifest file '../../build/spoofing_attack/spoofing_attack.egg-info/SOURCES.txt'
[0.708s] writing manifest file '../../build/spoofing_attack/spoofing_attack.egg-info/SOURCES.txt'
[0.708s] running build
[0.709s] running build_py
[0.709s] creating /home/a/attack/build/spoofing_attack/build
[0.709s] creating /home/a/attack/build/spoofing_attack/build/lib
[0.709s] creating /home/a/attack/build/spoofing_attack/build/lib/spoofing_attack
[0.709s] copying spoofing_attack/gps_attack.py -> /home/a/attack/build/spoofing_attack/build/lib/spoofing_attack
[0.709s] copying spoofing_attack/__init__.py -> /home/a/attack/build/spoofing_attack/build/lib/spoofing_attack
[0.710s] running install
[0.710s] running install_lib
[0.711s] creating /home/a/attack/install/spoofing_attack/lib/python3.8/site-packages/spoofing_attack
[0.711s] copying /home/a/attack/build/spoofing_attack/build/lib/spoofing_attack/gps_attack.py -> /home/a/attack/install/spoofing_attack/lib/python3.8/site-packages/spoofing_attack
[0.712s] copying /home/a/attack/build/spoofing_attack/build/lib/spoofing_attack/__init__.py -> /home/a/attack/install/spoofing_attack/lib/python3.8/site-packages/spoofing_attack
[0.712s] byte-compiling /home/a/attack/install/spoofing_attack/lib/python3.8/site-packages/spoofing_attack/gps_attack.py to gps_attack.cpython-38.pyc
[0.713s] byte-compiling /home/a/attack/install/spoofing_attack/lib/python3.8/site-packages/spoofing_attack/__init__.py to __init__.cpython-38.pyc
[0.713s] running install_data
[0.714s] creating /home/a/attack/install/spoofing_attack/share/ament_index
[0.714s] creating /home/a/attack/install/spoofing_attack/share/ament_index/resource_index
[0.714s] creating /home/a/attack/install/spoofing_attack/share/ament_index/resource_index/packages
[0.714s] copying resource/spoofing_attack -> /home/a/attack/install/spoofing_attack/share/ament_index/resource_index/packages
[0.714s] copying package.xml -> /home/a/attack/install/spoofing_attack/share/spoofing_attack
[0.715s] running install_egg_info
[0.716s] Copying ../../build/spoofing_attack/spoofing_attack.egg-info to /home/a/attack/install/spoofing_attack/lib/python3.8/site-packages/spoofing_attack-0.0.0-py3.8.egg-info
[0.717s] running install_scripts
[0.730s] writing list of installed files to '/home/a/attack/build/spoofing_attack/install.log'
[0.750s] Invoked command in '/home/a/attack/src/spoofing_attack' returned '0': PYTHONPATH=/home/a/attack/build/spoofing_attack/prefix_override:/usr/lib/python3/dist-packages/colcon_core/task/python/colcon_distutils_commands:/home/a/attack/install/spoofing_attack/lib/python3.8/site-packages:${PYTHONPATH} /usr/bin/python3 -W ignore:setup.py install is deprecated -W ignore:easy_install command is deprecated setup.py egg_info --egg-base ../../build/spoofing_attack build --build-base /home/a/attack/build/spoofing_attack/build install --record /home/a/attack/build/spoofing_attack/install.log --single-version-externally-managed install_data
