[  7%] Built target my_uav_node
[ 14%] Built target offboard_control_mode
[35m[1mScanning dependencies of target commander[0m
[ 21%] Built target frame_transforms
[ 25%] [32mBuilding CXX object CMakeFiles/commander.dir/src/examples/offboard/commander.cpp.o[0m
[ 32%] Built target offboard_control
[ 39%] Built target arm
[ 46%] Built target sensor_combined_listener
[ 53%] Built target vehicle_gps_position_listener
[ 60%] Built target debug_vect_advertiser
[ 67%] Built target trajectory_setpoint
[ 75%] Built target vel_yaw
[ 82%] Built target vehicle_attitude_listener
[ 89%] Built target rates_setpoint
[ 96%] Built target offboard_position_control
[01m[K/home/a/ros2_ws/src/px4_ros_com/src/examples/offboard/commander.cpp:141:42:[m[K [01;31m[Kerror: [m[Kexpected ‘[01m[K,[m[K’ or ‘[01m[K...[m[K’ before ‘[01m[Kconst[m[K’
  141 |  const float param3,  const float param4 [01;31m[Kconst[m[K double param5,
      |                                          [01;31m[K^~~~~[m[K
[01m[K/home/a/ros2_ws/src/px4_ros_com/src/examples/offboard/commander.cpp:140:6:[m[K [01;31m[Kerror: [m[Kno declaration matches ‘[01m[Kvoid commander::send_vehicle_command(uint32_t, float, float, float, float)[m[K’
  140 | void [01;31m[Kcommander[m[K::send_vehicle_command(const uint32_t cmd, const float param1, const float param2,
      |      [01;31m[K^~~~~~~~~[m[K
[01m[K/home/a/ros2_ws/src/px4_ros_com/src/examples/offboard/commander.cpp:123:7:[m[K [01;36m[Knote: [m[Kcandidate is: ‘[01m[Kvoid commander::send_vehicle_command(uint32_t, float, float, float, float, double, double, float)[m[K’
  123 |  void [01;36m[Ksend_vehicle_command[m[K(const uint32_t cmd, const float param1 = NAN, const float param2 = NAN,
      |       [01;36m[K^~~~~~~~~~~~~~~~~~~~[m[K
[01m[K/home/a/ros2_ws/src/px4_ros_com/src/examples/offboard/commander.cpp:46:7:[m[K [01;36m[Knote: [m[K‘[01m[Kclass commander[m[K’ defined here
   46 | class [01;36m[Kcommander[m[K : public rclcpp::Node
      |       [01;36m[K^~~~~~~~~[m[K
make[2]: *** [CMakeFiles/commander.dir/build.make:63：CMakeFiles/commander.dir/src/examples/offboard/commander.cpp.o] 错误 1
make[1]: *** [CMakeFiles/Makefile2:158：CMakeFiles/commander.dir/all] 错误 2
make: *** [Makefile:141：all] 错误 2
