[0.053s] Invoking command in '/home/a/ros2_ws/build/px4_ros_com': CMAKE_PREFIX_PATH=/home/a/ros2_ws/install/px4_msgs:/home/a/ros2_ws/install/px4_ros_com:/home/a/ros2_ws/install/my_uav:/opt/ros/galactic LD_LIBRARY_PATH=/home/a/ros2_ws/install/px4_msgs/lib:/home/a/ros2_ws/install/px4_ros_com/lib:/usr/lib/x86_64-linux-gnu/gazebo-11/plugins:/opt/ros/galactic/opt/yaml_cpp_vendor/lib:/opt/ros/galactic/opt/rviz_ogre_vendor/lib:/opt/ros/galactic/lib/x86_64-linux-gnu:/opt/ros/galactic/lib:/home/a/PX4-Autopilot/build/px4_sitl_default/build_gazebo-classic /usr/bin/cmake --build /home/a/ros2_ws/build/px4_ros_com -- -j2 -l2
[0.281s] [  6%] Built target my_uav_node
[0.368s] [ 13%] Built target offboard_control_mode
[0.409s] [35m[1mScanning dependencies of target commander[0m
[0.519s] [ 16%] [32mBuilding CXX object CMakeFiles/commander.dir/src/examples/offboard/commander.cpp.o[0m
[6.668s] [01m[K/home/a/ros2_ws/src/px4_ros_com/src/examples/offboard/commander.cpp:[m[K In member function ‘[01m[Kvoid commander::send_vehicle_command(uint32_t, float, float, float, float, double, double, float)[m[K’:
[6.668s] [01m[K/home/a/ros2_ws/src/px4_ros_com/src/examples/offboard/commander.cpp:223:2:[m[K [01;31m[Kerror: [m[K‘[01m[Kmsg[m[K’ was not declared in this scope
[6.668s]   223 |  [01;31m[Kmsg[m[K.from_external = true;
[6.668s]       |  [01;31m[K^~~[m[K
[6.669s] [01m[K/home/a/ros2_ws/src/px4_ros_com/src/examples/offboard/commander.cpp:223:2:[m[K [01;36m[Knote: [m[Ksuggested alternatives:
[6.669s] In file included from [01m[K/opt/ros/galactic/include/builtin_interfaces/msg/duration.hpp:7[m[K,
[6.669s]                  from [01m[K/opt/ros/galactic/include/rclcpp/duration.hpp:20[m[K,
[6.669s]                  from [01m[K/opt/ros/galactic/include/rclcpp/qos.hpp:20[m[K,
[6.669s]                  from [01m[K/opt/ros/galactic/include/rclcpp/node_interfaces/node_graph_interface.hpp:31[m[K,
[6.669s]                  from [01m[K/opt/ros/galactic/include/rclcpp/client.hpp:34[m[K,
[6.669s]                  from [01m[K/opt/ros/galactic/include/rclcpp/callback_group.hpp:23[m[K,
[6.670s]                  from [01m[K/opt/ros/galactic/include/rclcpp/any_executable.hpp:20[m[K,
[6.670s]                  from [01m[K/opt/ros/galactic/include/rclcpp/memory_strategy.hpp:25[m[K,
[6.670s]                  from [01m[K/opt/ros/galactic/include/rclcpp/memory_strategies.hpp:18[m[K,
[6.670s]                  from [01m[K/opt/ros/galactic/include/rclcpp/executor_options.hpp:20[m[K,
[6.670s]                  from [01m[K/opt/ros/galactic/include/rclcpp/executor.hpp:36[m[K,
[6.670s]                  from [01m[K/opt/ros/galactic/include/rclcpp/executors/multi_threaded_executor.hpp:26[m[K,
[6.670s]                  from [01m[K/opt/ros/galactic/include/rclcpp/executors.hpp:21[m[K,
[6.670s]                  from [01m[K/opt/ros/galactic/include/rclcpp/rclcpp.hpp:156[m[K,
[6.671s]                  from [01m[K/home/a/ros2_ws/src/px4_ros_com/src/examples/offboard/commander.cpp:38[m[K:
[6.671s] [01m[K/opt/ros/galactic/include/builtin_interfaces/msg/detail/duration__struct.hpp:26:11:[m[K [01;36m[Knote: [m[K  ‘[01m[Kbuiltin_interfaces::msg[m[K’
[6.671s]    26 | namespace [01;36m[Kmsg[m[K
[6.671s]       |           [01;36m[K^~~[m[K
[6.671s] In file included from [01m[K/opt/ros/galactic/include/rcl_interfaces/msg/set_parameters_result.hpp:7[m[K,
[6.671s]                  from [01m[K/opt/ros/galactic/include/rclcpp/qos_overriding_options.hpp:28[m[K,
[6.671s]                  from [01m[K/opt/ros/galactic/include/rclcpp/subscription_options.hpp:29[m[K,
[6.672s]                  from [01m[K/opt/ros/galactic/include/rclcpp/subscription.hpp:45[m[K,
[6.672s]                  from [01m[K/opt/ros/galactic/include/rclcpp/any_executable.hpp:25[m[K,
[6.672s]                  from [01m[K/opt/ros/galactic/include/rclcpp/memory_strategy.hpp:25[m[K,
[6.672s]                  from [01m[K/opt/ros/galactic/include/rclcpp/memory_strategies.hpp:18[m[K,
[6.672s]                  from [01m[K/opt/ros/galactic/include/rclcpp/executor_options.hpp:20[m[K,
[6.672s]                  from [01m[K/opt/ros/galactic/include/rclcpp/executor.hpp:36[m[K,
[6.673s]                  from [01m[K/opt/ros/galactic/include/rclcpp/executors/multi_threaded_executor.hpp:26[m[K,
[6.673s]                  from [01m[K/opt/ros/galactic/include/rclcpp/executors.hpp:21[m[K,
[6.673s]                  from [01m[K/opt/ros/galactic/include/rclcpp/rclcpp.hpp:156[m[K,
[6.673s]                  from [01m[K/home/a/ros2_ws/src/px4_ros_com/src/examples/offboard/commander.cpp:38[m[K:
[6.673s] [01m[K/opt/ros/galactic/include/rcl_interfaces/msg/detail/set_parameters_result__struct.hpp:26:11:[m[K [01;36m[Knote: [m[K  ‘[01m[Krcl_interfaces::msg[m[K’
[6.673s]    26 | namespace [01;36m[Kmsg[m[K
[6.673s]       |           [01;36m[K^~~[m[K
[6.674s] In file included from [01m[K/opt/ros/galactic/include/statistics_msgs/msg/detail/metrics_message__struct.hpp:22[m[K,
[6.674s]                  from [01m[K/opt/ros/galactic/include/statistics_msgs/msg/metrics_message.hpp:7[m[K,
[6.674s]                  from [01m[K/opt/ros/galactic/include/libstatistics_collector/collector/generate_statistics_message.hpp:21[m[K,
[6.674s]                  from [01m[K/opt/ros/galactic/include/rclcpp/topic_statistics/subscription_topic_statistics.hpp:23[m[K,
[6.674s]                  from [01m[K/opt/ros/galactic/include/rclcpp/subscription.hpp:50[m[K,
[6.674s]                  from [01m[K/opt/ros/galactic/include/rclcpp/any_executable.hpp:25[m[K,
[6.674s]                  from [01m[K/opt/ros/galactic/include/rclcpp/memory_strategy.hpp:25[m[K,
[6.675s]                  from [01m[K/opt/ros/galactic/include/rclcpp/memory_strategies.hpp:18[m[K,
[6.675s]                  from [01m[K/opt/ros/galactic/include/rclcpp/executor_options.hpp:20[m[K,
[6.675s]                  from [01m[K/opt/ros/galactic/include/rclcpp/executor.hpp:36[m[K,
[6.675s]                  from [01m[K/opt/ros/galactic/include/rclcpp/executors/multi_threaded_executor.hpp:26[m[K,
[6.675s]                  from [01m[K/opt/ros/galactic/include/rclcpp/executors.hpp:21[m[K,
[6.675s]                  from [01m[K/opt/ros/galactic/include/rclcpp/rclcpp.hpp:156[m[K,
[6.676s]                  from [01m[K/home/a/ros2_ws/src/px4_ros_com/src/examples/offboard/commander.cpp:38[m[K:
[6.676s] [01m[K/opt/ros/galactic/include/statistics_msgs/msg/detail/statistic_data_point__struct.hpp:26:11:[m[K [01;36m[Knote: [m[K  ‘[01m[Kstatistics_msgs::msg[m[K’
[6.676s]    26 | namespace [01;36m[Kmsg[m[K
[6.676s]       |           [01;36m[K^~~[m[K
[6.677s] In file included from [01m[K/home/a/ros2_ws/install/px4_msgs/include/px4_msgs/msg/vehicle_command.hpp:7[m[K,
[6.677s]                  from [01m[K/home/a/ros2_ws/src/px4_ros_com/src/examples/offboard/commander.cpp:39[m[K:
[6.677s] [01m[K/home/a/ros2_ws/install/px4_msgs/include/px4_msgs/msg/detail/vehicle_command__struct.hpp:26:11:[m[K [01;36m[Knote: [m[K  ‘[01m[Kpx4_msgs::msg[m[K’
[6.677s]    26 | namespace [01;36m[Kmsg[m[K
[6.678s]       |           [01;36m[K^~~[m[K
[11.790s] make[2]: *** [CMakeFiles/commander.dir/build.make:63：CMakeFiles/commander.dir/src/examples/offboard/commander.cpp.o] 错误 1
[11.790s] make[1]: *** [CMakeFiles/Makefile2:160：CMakeFiles/commander.dir/all] 错误 2
[11.800s] make: *** [Makefile:141：all] 错误 2
[11.801s] Invoked command in '/home/a/ros2_ws/build/px4_ros_com' returned '2': CMAKE_PREFIX_PATH=/home/a/ros2_ws/install/px4_msgs:/home/a/ros2_ws/install/px4_ros_com:/home/a/ros2_ws/install/my_uav:/opt/ros/galactic LD_LIBRARY_PATH=/home/a/ros2_ws/install/px4_msgs/lib:/home/a/ros2_ws/install/px4_ros_com/lib:/usr/lib/x86_64-linux-gnu/gazebo-11/plugins:/opt/ros/galactic/opt/yaml_cpp_vendor/lib:/opt/ros/galactic/opt/rviz_ogre_vendor/lib:/opt/ros/galactic/lib/x86_64-linux-gnu:/opt/ros/galactic/lib:/home/a/PX4-Autopilot/build/px4_sitl_default/build_gazebo-classic /usr/bin/cmake --build /home/a/ros2_ws/build/px4_ros_com -- -j2 -l2
