[0.014s] Invoking command in '/home/a/uav/build/my_uav': CMAKE_PREFIX_PATH=${CMAKE_PREFIX_PATH}:/opt/ros/galactic /usr/bin/cmake --build /home/a/uav/build/my_uav -- -j2 -l2
[0.077s] [ 25%] Built target internvl
[0.080s] [ 50%] Built target internlm_m_listener
[0.106s] [ 75%] Built target internlm_m_node
[0.107s] [100%] Built target uav_control_node
[0.122s] Invoked command in '/home/a/uav/build/my_uav' returned '0': CMAKE_PREFIX_PATH=${CMAKE_PREFIX_PATH}:/opt/ros/galactic /usr/bin/cmake --build /home/a/uav/build/my_uav -- -j2 -l2
[0.137s] Invoking command in '/home/a/uav/build/my_uav': CMAKE_PREFIX_PATH=${CMAKE_PREFIX_PATH}:/opt/ros/galactic /usr/bin/cmake --install /home/a/uav/build/my_uav
[0.146s] -- Install configuration: ""
[0.146s] -- Up-to-date: /home/a/uav/install/my_uav/share/my_uav/launch
[0.146s] -- Up-to-date: /home/a/uav/install/my_uav/share/my_uav/launch/sitl.launch
[0.146s] -- Up-to-date: /home/a/uav/install/my_uav/share/my_uav/launch/p450.py
[0.146s] -- Installing: /home/a/uav/install/my_uav/share/my_uav/launch/gz_launch.py
[0.147s] -- Up-to-date: /home/a/uav/install/my_uav/share/my_uav/models
[0.147s] -- Up-to-date: /home/a/uav/install/my_uav/share/my_uav/models/p450_2Dlidar_depth
[0.147s] -- Up-to-date: /home/a/uav/install/my_uav/share/my_uav/models/p450_2Dlidar_depth/model.config
[0.147s] -- Up-to-date: /home/a/uav/install/my_uav/share/my_uav/models/p450_2Dlidar_depth/p450_2Dlidar_depth.sdf
[0.147s] -- Up-to-date: /home/a/uav/install/my_uav/share/my_uav/models/p450
[0.147s] -- Up-to-date: /home/a/uav/install/my_uav/share/my_uav/models/p450/model.config
[0.147s] -- Up-to-date: /home/a/uav/install/my_uav/share/my_uav/models/p450/meshes
[0.147s] -- Up-to-date: /home/a/uav/install/my_uav/share/my_uav/models/p450/meshes/p450_ccw.stl
[0.147s] -- Up-to-date: /home/a/uav/install/my_uav/share/my_uav/models/p450/meshes/p450.stl
[0.147s] -- Up-to-date: /home/a/uav/install/my_uav/share/my_uav/models/p450/meshes/p450_cw.stl
[0.147s] -- Up-to-date: /home/a/uav/install/my_uav/share/my_uav/models/p450/p450.sdf
[0.148s] -- Up-to-date: /home/a/uav/install/my_uav/share/my_uav/models/hokuyo_ust_20lx
[0.148s] -- Up-to-date: /home/a/uav/install/my_uav/share/my_uav/models/hokuyo_ust_20lx/hokuyo_ust_20lx.sdf
[0.148s] -- Up-to-date: /home/a/uav/install/my_uav/share/my_uav/models/hokuyo_ust_20lx/model.config
[0.148s] -- Up-to-date: /home/a/uav/install/my_uav/share/my_uav/models/p450_hokuyo_2Dlidar
[0.148s] -- Up-to-date: /home/a/uav/install/my_uav/share/my_uav/models/p450_hokuyo_2Dlidar/p450_hokuyo_2Dlidar.sdf
[0.148s] -- Up-to-date: /home/a/uav/install/my_uav/share/my_uav/models/p450_hokuyo_2Dlidar/model.config
[0.148s] -- Up-to-date: /home/a/uav/install/my_uav/share/my_uav/models/depth
[0.148s] -- Installing: /home/a/uav/install/my_uav/share/my_uav/models/depth/model.config
[0.148s] -- Installing: /home/a/uav/install/my_uav/share/my_uav/models/depth/depth.sdf
[0.149s] -- Up-to-date: /home/a/uav/install/my_uav/share/my_uav/models/D435i
[0.149s] -- Up-to-date: /home/a/uav/install/my_uav/share/my_uav/models/D435i/materials
[0.149s] -- Up-to-date: /home/a/uav/install/my_uav/share/my_uav/models/D435i/materials/textures
[0.150s] -- Up-to-date: /home/a/uav/install/my_uav/share/my_uav/models/D435i/materials/textures/realsense_diffuse.png
[0.150s] -- Up-to-date: /home/a/uav/install/my_uav/share/my_uav/models/D435i/model.config
[0.150s] -- Up-to-date: /home/a/uav/install/my_uav/share/my_uav/models/D435i/D435i.sdf
[0.150s] -- Up-to-date: /home/a/uav/install/my_uav/share/my_uav/models/D435i/meshes
[0.150s] -- Up-to-date: /home/a/uav/install/my_uav/share/my_uav/models/D435i/meshes/realsense_d435.stl
[0.150s] -- Up-to-date: /home/a/uav/install/my_uav/share/my_uav/models/D435i/meshes/D435i.dae
[0.150s] -- Up-to-date: /home/a/uav/install/my_uav/share/my_uav/models/p450_depth
[0.150s] -- Up-to-date: /home/a/uav/install/my_uav/share/my_uav/models/p450_depth/model.config
[0.150s] -- Installing: /home/a/uav/install/my_uav/share/my_uav/models/p450_depth/p450_depth.sdf
[0.151s] -- Up-to-date: /home/a/uav/install/my_uav/share/my_uav/worlds
[0.151s] -- Up-to-date: /home/a/uav/install/my_uav/share/my_uav/worlds/leida.world
[0.151s] -- Up-to-date: /home/a/uav/install/my_uav/share/my_uav/worlds/my.world
[0.151s] -- Up-to-date: /home/a/uav/install/my_uav/share/my_uav/worlds/baylands.world
[0.151s] -- Up-to-date: /home/a/uav/install/my_uav/share/my_uav/worlds/safe_landing.world
[0.151s] -- Up-to-date: /home/a/uav/install/my_uav/share/my_uav/worlds/yosemite.world
[0.151s] -- Up-to-date: /home/a/uav/install/my_uav/share/my_uav/worlds/mcmillan_airfield.world
[0.151s] -- Up-to-date: /home/a/uav/install/my_uav/share/my_uav/worlds/cam.world
[0.152s] -- Up-to-date: /home/a/uav/install/my_uav/share/my_uav/worlds/sonoma_raceway.world
[0.152s] -- Up-to-date: /home/a/uav/install/my_uav/share/my_uav/worlds/empty_world.world
[0.152s] -- Up-to-date: /home/a/uav/install/my_uav/lib/my_uav/my_python_node.py
[0.152s] -- Up-to-date: /home/a/uav/install/my_uav/lib/my_uav/uav_control_node
[0.153s] -- Up-to-date: /home/a/uav/install/my_uav/lib/my_uav/internlm_m_node
[0.153s] -- Up-to-date: /home/a/uav/install/my_uav/lib/my_uav/internvl
[0.153s] -- Up-to-date: /home/a/uav/install/my_uav/lib/my_uav/internlm_m_listener
[0.153s] -- Up-to-date: /home/a/uav/install/my_uav/share/ament_index/resource_index/package_run_dependencies/my_uav
[0.153s] -- Up-to-date: /home/a/uav/install/my_uav/share/ament_index/resource_index/parent_prefix_path/my_uav
[0.153s] -- Up-to-date: /home/a/uav/install/my_uav/share/my_uav/environment/ament_prefix_path.sh
[0.153s] -- Up-to-date: /home/a/uav/install/my_uav/share/my_uav/environment/ament_prefix_path.dsv
[0.153s] -- Up-to-date: /home/a/uav/install/my_uav/share/my_uav/environment/path.sh
[0.153s] -- Up-to-date: /home/a/uav/install/my_uav/share/my_uav/environment/path.dsv
[0.154s] -- Up-to-date: /home/a/uav/install/my_uav/share/my_uav/local_setup.bash
[0.154s] -- Up-to-date: /home/a/uav/install/my_uav/share/my_uav/local_setup.sh
[0.154s] -- Up-to-date: /home/a/uav/install/my_uav/share/my_uav/local_setup.zsh
[0.154s] -- Up-to-date: /home/a/uav/install/my_uav/share/my_uav/local_setup.dsv
[0.154s] -- Installing: /home/a/uav/install/my_uav/share/my_uav/package.dsv
[0.154s] -- Up-to-date: /home/a/uav/install/my_uav/share/ament_index/resource_index/packages/my_uav
[0.154s] -- Up-to-date: /home/a/uav/install/my_uav/share/my_uav/cmake/my_uavConfig.cmake
[0.154s] -- Up-to-date: /home/a/uav/install/my_uav/share/my_uav/cmake/my_uavConfig-version.cmake
[0.154s] -- Up-to-date: /home/a/uav/install/my_uav/share/my_uav/package.xml
[0.157s] Invoked command in '/home/a/uav/build/my_uav' returned '0': CMAKE_PREFIX_PATH=${CMAKE_PREFIX_PATH}:/opt/ros/galactic /usr/bin/cmake --install /home/a/uav/build/my_uav
