[0.016s] Invoking command in '/home/a/uav/build/my_uav': CMAKE_PREFIX_PATH=${CMAKE_PREFIX_PATH}:/opt/ros/galactic /usr/bin/cmake --build /home/a/uav/build/my_uav -- -j2 -l2
[0.079s] [ 14%] Built target uav_control_node
[0.083s] [ 28%] Built target internlm_m_node
[0.115s] [ 42%] Built target internvl
[0.117s] [ 57%] Built target internlm_m_listener
[0.131s] [35m[1mScanning dependencies of target internvl_listener[0m
[0.147s] [ 71%] Built target camera_listener
[0.170s] [ 78%] [32mBuilding CXX object CMakeFiles/internvl_listener.dir/src/internvl_listener.cpp.o[0m
[0.184s] [ 92%] Built target ray_listener
[3.548s] In file included from [01m[K/opt/ros/galactic/include/rclcpp/client.hpp:40[m[K,
[3.548s]                  from [01m[K/opt/ros/galactic/include/rclcpp/callback_group.hpp:23[m[K,
[3.548s]                  from [01m[K/opt/ros/galactic/include/rclcpp/any_executable.hpp:20[m[K,
[3.549s]                  from [01m[K/opt/ros/galactic/include/rclcpp/memory_strategy.hpp:25[m[K,
[3.549s]                  from [01m[K/opt/ros/galactic/include/rclcpp/memory_strategies.hpp:18[m[K,
[3.549s]                  from [01m[K/opt/ros/galactic/include/rclcpp/executor_options.hpp:20[m[K,
[3.549s]                  from [01m[K/opt/ros/galactic/include/rclcpp/executor.hpp:36[m[K,
[3.549s]                  from [01m[K/opt/ros/galactic/include/rclcpp/executors/multi_threaded_executor.hpp:26[m[K,
[3.549s]                  from [01m[K/opt/ros/galactic/include/rclcpp/executors.hpp:21[m[K,
[3.549s]                  from [01m[K/opt/ros/galactic/include/rclcpp/rclcpp.hpp:156[m[K,
[3.549s]                  from [01m[K/home/a/uav/src/my_uav/src/internvl_listener.cpp:20[m[K:
[3.549s] [01m[K/home/a/uav/src/my_uav/src/internvl_listener.cpp:[m[K In member function ‘[01m[Kvoid InternvlNode::send_to_ai()[m[K’:
[3.549s] [01m[K/home/a/uav/src/my_uav/src/internvl_listener.cpp:110:37:[m[K [01;35m[Kwarning: [m[Kformat ‘[01m[K%d[m[K’ expects argument of type ‘[01m[Kint[m[K’, but argument 5 has type ‘[01m[Klong int[m[K’ [[01;35m[K-Wformat=[m[K]
[3.549s]   110 |    RCLCPP_ERROR(this->get_logger(), [01;35m[K"请求失败，状态码: %d, 错误信息: %s"[m[K, [32m[Kresponse.status_code[m[K, response.text.c_str());
[3.549s]       |                                     [01;35m[K^~~~~~~~~~~~~~~~~~~~~~~~~~~~~~~~~~~~~~~~~~~~~~~~[m[K  [32m[K~~~~~~~~~~~~~~~~~~~~[m[K
[3.549s]       |                                                                                                [32m[K|[m[K
[3.549s]       |                                                                                                [32m[Klong int[m[K
[3.549s] [01m[K/home/a/uav/src/my_uav/src/internvl_listener.cpp:110:65:[m[K [01;36m[Knote: [m[Kformat string is defined here
[3.549s]   110 |    RCLCPP_ERROR(this->get_logger(), "请求失败，状态码: [01;36m[K%d[m[K, 错误信息: %s", response.status_code, response.text.c_str());
[3.549s]       |                                                                [01;36m[K~^[m[K
[3.549s]       |                                                                 [01;36m[K|[m[K
[3.549s]       |                                                                 [01;36m[Kint[m[K
[3.549s]       |                                                                [32m[K%ld[m[K
[15.191s] [100%] [32m[1mLinking CXX executable internvl_listener[0m
[16.584s] [100%] Built target internvl_listener
[16.599s] Invoked command in '/home/a/uav/build/my_uav' returned '0': CMAKE_PREFIX_PATH=${CMAKE_PREFIX_PATH}:/opt/ros/galactic /usr/bin/cmake --build /home/a/uav/build/my_uav -- -j2 -l2
[16.612s] Invoking command in '/home/a/uav/build/my_uav': CMAKE_PREFIX_PATH=${CMAKE_PREFIX_PATH}:/opt/ros/galactic /usr/bin/cmake --install /home/a/uav/build/my_uav
[16.624s] -- Install configuration: ""
[16.625s] -- Up-to-date: /home/a/uav/install/my_uav/share/my_uav/launch
[16.625s] -- Up-to-date: /home/a/uav/install/my_uav/share/my_uav/launch/sitl.launch
[16.625s] -- Up-to-date: /home/a/uav/install/my_uav/share/my_uav/launch/p450.py
[16.625s] -- Up-to-date: /home/a/uav/install/my_uav/share/my_uav/launch/gz_launch.py
[16.625s] -- Up-to-date: /home/a/uav/install/my_uav/share/my_uav/launch/cam_sub.launch.py
[16.625s] -- Up-to-date: /home/a/uav/install/my_uav/share/my_uav/models
[16.626s] -- Up-to-date: /home/a/uav/install/my_uav/share/my_uav/models/p450_2Dlidar_depth
[16.626s] -- Up-to-date: /home/a/uav/install/my_uav/share/my_uav/models/p450_2Dlidar_depth/model.config
[16.626s] -- Up-to-date: /home/a/uav/install/my_uav/share/my_uav/models/p450_2Dlidar_depth/p450_2Dlidar_depth.sdf
[16.626s] -- Up-to-date: /home/a/uav/install/my_uav/share/my_uav/models/p450
[16.626s] -- Up-to-date: /home/a/uav/install/my_uav/share/my_uav/models/p450/model.config
[16.626s] -- Up-to-date: /home/a/uav/install/my_uav/share/my_uav/models/p450/meshes
[16.626s] -- Up-to-date: /home/a/uav/install/my_uav/share/my_uav/models/p450/meshes/p450_ccw.stl
[16.626s] -- Up-to-date: /home/a/uav/install/my_uav/share/my_uav/models/p450/meshes/p450.stl
[16.626s] -- Up-to-date: /home/a/uav/install/my_uav/share/my_uav/models/p450/meshes/p450_cw.stl
[16.626s] -- Up-to-date: /home/a/uav/install/my_uav/share/my_uav/models/p450/p450.sdf
[16.626s] -- Up-to-date: /home/a/uav/install/my_uav/share/my_uav/models/hokuyo_ust_20lx
[16.626s] -- Up-to-date: /home/a/uav/install/my_uav/share/my_uav/models/hokuyo_ust_20lx/hokuyo_ust_20lx.sdf
[16.626s] -- Up-to-date: /home/a/uav/install/my_uav/share/my_uav/models/hokuyo_ust_20lx/model.config
[16.626s] -- Up-to-date: /home/a/uav/install/my_uav/share/my_uav/models/p450_hokuyo_2Dlidar
[16.626s] -- Up-to-date: /home/a/uav/install/my_uav/share/my_uav/models/p450_hokuyo_2Dlidar/p450_hokuyo_2Dlidar.sdf
[16.626s] -- Up-to-date: /home/a/uav/install/my_uav/share/my_uav/models/p450_hokuyo_2Dlidar/model.config
[16.626s] -- Up-to-date: /home/a/uav/install/my_uav/share/my_uav/models/depth
[16.626s] -- Up-to-date: /home/a/uav/install/my_uav/share/my_uav/models/depth/model.config
[16.626s] -- Up-to-date: /home/a/uav/install/my_uav/share/my_uav/models/depth/depth.sdf
[16.626s] -- Up-to-date: /home/a/uav/install/my_uav/share/my_uav/models/D435i
[16.626s] -- Up-to-date: /home/a/uav/install/my_uav/share/my_uav/models/D435i/materials
[16.626s] -- Up-to-date: /home/a/uav/install/my_uav/share/my_uav/models/D435i/materials/textures
[16.626s] -- Up-to-date: /home/a/uav/install/my_uav/share/my_uav/models/D435i/materials/textures/realsense_diffuse.png
[16.627s] -- Up-to-date: /home/a/uav/install/my_uav/share/my_uav/models/D435i/model.config
[16.627s] -- Up-to-date: /home/a/uav/install/my_uav/share/my_uav/models/D435i/D435i.sdf
[16.627s] -- Up-to-date: /home/a/uav/install/my_uav/share/my_uav/models/D435i/meshes
[16.627s] -- Up-to-date: /home/a/uav/install/my_uav/share/my_uav/models/D435i/meshes/realsense_d435.stl
[16.627s] -- Up-to-date: /home/a/uav/install/my_uav/share/my_uav/models/D435i/meshes/D435i.dae
[16.627s] -- Up-to-date: /home/a/uav/install/my_uav/share/my_uav/models/p450_depth
[16.627s] -- Up-to-date: /home/a/uav/install/my_uav/share/my_uav/models/p450_depth/model.config
[16.627s] -- Up-to-date: /home/a/uav/install/my_uav/share/my_uav/models/p450_depth/p450_depth.sdf
[16.627s] -- Up-to-date: /home/a/uav/install/my_uav/share/my_uav/worlds
[16.627s] -- Up-to-date: /home/a/uav/install/my_uav/share/my_uav/worlds/leida.world
[16.627s] -- Up-to-date: /home/a/uav/install/my_uav/share/my_uav/worlds/my.world
[16.627s] -- Up-to-date: /home/a/uav/install/my_uav/share/my_uav/worlds/baylands.world
[16.627s] -- Up-to-date: /home/a/uav/install/my_uav/share/my_uav/worlds/safe_landing.world
[16.627s] -- Up-to-date: /home/a/uav/install/my_uav/share/my_uav/worlds/yosemite.world
[16.627s] -- Up-to-date: /home/a/uav/install/my_uav/share/my_uav/worlds/mcmillan_airfield.world
[16.627s] -- Up-to-date: /home/a/uav/install/my_uav/share/my_uav/worlds/cam.world
[16.627s] -- Up-to-date: /home/a/uav/install/my_uav/share/my_uav/worlds/sonoma_raceway.world
[16.627s] -- Up-to-date: /home/a/uav/install/my_uav/share/my_uav/worlds/empty_world.world
[16.627s] -- Up-to-date: /home/a/uav/install/my_uav/lib/my_uav/my_python_node.py
[16.627s] -- Up-to-date: /home/a/uav/install/my_uav/lib/my_uav/uav_control_node
[16.634s] -- Up-to-date: /home/a/uav/install/my_uav/lib/my_uav/internlm_m_node
[16.635s] -- Up-to-date: /home/a/uav/install/my_uav/lib/my_uav/internvl
[16.636s] -- Up-to-date: /home/a/uav/install/my_uav/lib/my_uav/internlm_m_listener
[16.637s] -- Installing: /home/a/uav/install/my_uav/lib/my_uav/internvl_listener
[16.642s] -- Set runtime path of "/home/a/uav/install/my_uav/lib/my_uav/internvl_listener" to ""
[16.644s] -- Up-to-date: /home/a/uav/install/my_uav/lib/my_uav/camera_listener
[16.645s] -- Up-to-date: /home/a/uav/install/my_uav/lib/my_uav/ray_listener
[16.645s] -- Up-to-date: /home/a/uav/install/my_uav/share/ament_index/resource_index/package_run_dependencies/my_uav
[16.646s] -- Up-to-date: /home/a/uav/install/my_uav/share/ament_index/resource_index/parent_prefix_path/my_uav
[16.646s] -- Up-to-date: /home/a/uav/install/my_uav/share/my_uav/environment/ament_prefix_path.sh
[16.646s] -- Installing: /home/a/uav/install/my_uav/share/my_uav/environment/ament_prefix_path.dsv
[16.646s] -- Up-to-date: /home/a/uav/install/my_uav/share/my_uav/environment/path.sh
[16.646s] -- Installing: /home/a/uav/install/my_uav/share/my_uav/environment/path.dsv
[16.646s] -- Up-to-date: /home/a/uav/install/my_uav/share/my_uav/local_setup.bash
[16.646s] -- Up-to-date: /home/a/uav/install/my_uav/share/my_uav/local_setup.sh
[16.646s] -- Up-to-date: /home/a/uav/install/my_uav/share/my_uav/local_setup.zsh
[16.646s] -- Installing: /home/a/uav/install/my_uav/share/my_uav/local_setup.dsv
[16.646s] -- Installing: /home/a/uav/install/my_uav/share/my_uav/package.dsv
[16.646s] -- Up-to-date: /home/a/uav/install/my_uav/share/ament_index/resource_index/packages/my_uav
[16.646s] -- Up-to-date: /home/a/uav/install/my_uav/share/my_uav/cmake/my_uavConfig.cmake
[16.646s] -- Up-to-date: /home/a/uav/install/my_uav/share/my_uav/cmake/my_uavConfig-version.cmake
[16.647s] -- Up-to-date: /home/a/uav/install/my_uav/share/my_uav/package.xml
[16.648s] Invoked command in '/home/a/uav/build/my_uav' returned '0': CMAKE_PREFIX_PATH=${CMAKE_PREFIX_PATH}:/opt/ros/galactic /usr/bin/cmake --install /home/a/uav/build/my_uav
