[0.015s] Invoking command in '/home/a/uav/build/my_uav': CMAKE_PREFIX_PATH=${CMAKE_PREFIX_PATH}:/opt/ros/galactic /usr/bin/cmake /home/a/uav/src/my_uav -DCMAKE_INSTALL_PREFIX=/home/a/uav/install/my_uav
[0.045s] -- Found ament_cmake: 1.1.6 (/opt/ros/galactic/share/ament_cmake/cmake)
[0.066s] -- Using PYTHON_EXECUTABLE: /usr/bin/python3
[0.124s] -- Found ament_lint_auto: 0.10.7 (/opt/ros/galactic/share/ament_lint_auto/cmake)
[0.212s] -- Found rclcpp: 9.2.2 (/opt/ros/galactic/share/rclcpp/cmake)
[0.249s] -- Using all available rosidl_typesupport_c: rosidl_typesupport_fastrtps_c;rosidl_typesupport_introspection_c
[0.257s] -- Found rosidl_adapter: 2.2.3 (/opt/ros/galactic/share/rosidl_adapter/cmake)
[0.353s] -- Found OpenSSL: /usr/lib/x86_64-linux-gnu/libcrypto.so (found version "1.1.1f")  
[0.376s] -- Found FastRTPS: /opt/ros/galactic/include  
[0.450s] -- Using all available rosidl_typesupport_cpp: rosidl_typesupport_fastrtps_cpp;rosidl_typesupport_introspection_cpp
[0.500s] -- Found rmw_implementation_cmake: 3.3.1 (/opt/ros/galactic/share/rmw_implementation_cmake/cmake)
[0.503s] -- Found rmw_cyclonedds_cpp: 0.22.6 (/opt/ros/galactic/share/rmw_cyclonedds_cpp/cmake)
[0.520s] -- Using RMW implementation 'rmw_cyclonedds_cpp' as default
[0.522s] -- Looking for pthread.h
[0.639s] -- Looking for pthread.h - found
[0.640s] -- Performing Test CMAKE_HAVE_LIBC_PTHREAD
[0.730s] -- Performing Test CMAKE_HAVE_LIBC_PTHREAD - Failed
[0.731s] -- Looking for pthread_create in pthreads
[0.796s] -- Looking for pthread_create in pthreads - not found
[0.796s] -- Looking for pthread_create in pthread
[0.861s] -- Looking for pthread_create in pthread - found
[0.861s] -- Found Threads: TRUE  
[0.996s] -- Found sensor_msgs: 2.2.4 (/opt/ros/galactic/share/sensor_msgs/cmake)
[1.093s] CMake Error at CMakeLists.txt:69 (target_link_libraries):
[1.093s]   Cannot specify link libraries for target "my_uav" which is not built by
[1.093s]   this project.
[1.093s] 
[1.093s] 
[1.095s] -- Configuring incomplete, errors occurred!
[1.095s] See also "/home/a/uav/build/my_uav/CMakeFiles/CMakeOutput.log".
[1.095s] See also "/home/a/uav/build/my_uav/CMakeFiles/CMakeError.log".
[1.104s] Invoked command in '/home/a/uav/build/my_uav' returned '1': CMAKE_PREFIX_PATH=${CMAKE_PREFIX_PATH}:/opt/ros/galactic /usr/bin/cmake /home/a/uav/src/my_uav -DCMAKE_INSTALL_PREFIX=/home/a/uav/install/my_uav
