[0.017s] Invoking command in '/home/a/ros2_ws/build/px4_ros_com': CMAKE_PREFIX_PATH=/home/a/ros2_ws/install/px4_msgs:/home/a/ros2_ws/install/px4_ros_com:/home/a/ros2_ws/install/my_uav:/opt/ros/galactic LD_LIBRARY_PATH=/home/a/ros2_ws/install/px4_msgs/lib:/home/a/ros2_ws/install/px4_ros_com/lib:/usr/lib/x86_64-linux-gnu/gazebo-11/plugins:/opt/ros/galactic/opt/yaml_cpp_vendor/lib:/opt/ros/galactic/opt/rviz_ogre_vendor/lib:/opt/ros/galactic/lib/x86_64-linux-gnu:/opt/ros/galactic/lib:/home/a/PX4-Autopilot/build/px4_sitl_default/build_gazebo-classic:/home/a/PX4-Autopilot/build/px4_sitl_default/build_gazebo-classic /usr/bin/cmake --build /home/a/ros2_ws/build/px4_ros_com -- -j2 -l2
[0.099s] -- Found ament_cmake: 1.1.6 (/opt/ros/galactic/share/ament_cmake/cmake)
[0.156s] -- Using PYTHON_EXECUTABLE: /usr/bin/python3
[0.340s] -- Override CMake install command with custom implementation using symlinks instead of copying resources
[0.382s] -- Found builtin_interfaces: 1.0.3 (/opt/ros/galactic/share/builtin_interfaces/cmake)
[0.461s] -- Using all available rosidl_typesupport_c: rosidl_typesupport_fastrtps_c;rosidl_typesupport_introspection_c
[0.472s] -- Found rosidl_adapter: 2.2.3 (/opt/ros/galactic/share/rosidl_adapter/cmake)
[0.809s] -- Using all available rosidl_typesupport_cpp: rosidl_typesupport_fastrtps_cpp;rosidl_typesupport_introspection_cpp
[0.904s] -- Found eigen3_cmake_module: 0.1.1 (/opt/ros/galactic/share/eigen3_cmake_module/cmake)
[0.912s] -- Found geometry_msgs: 2.2.4 (/opt/ros/galactic/share/geometry_msgs/cmake)
[1.088s] -- Found px4_msgs: 2.0.1 (/home/a/ros2_ws/install/px4_msgs/share/px4_msgs/cmake)
[1.149s] -- Found rclcpp: 9.2.2 (/opt/ros/galactic/share/rclcpp/cmake)
[1.296s] -- Found rmw_implementation_cmake: 3.3.1 (/opt/ros/galactic/share/rmw_implementation_cmake/cmake)
[1.306s] -- Found rmw_cyclonedds_cpp: 0.22.6 (/opt/ros/galactic/share/rmw_cyclonedds_cpp/cmake)
[1.350s] -- Using RMW implementation 'rmw_cyclonedds_cpp' as default
[1.667s] -- Found sensor_msgs: 2.2.4 (/opt/ros/galactic/share/sensor_msgs/cmake)
[1.898s] -- Found ament_lint_auto: 0.10.7 (/opt/ros/galactic/share/ament_lint_auto/cmake)
[2.124s] -- Added test 'copyright' to check source files copyright and LICENSE
[2.143s] -- Added test 'cppcheck' to perform static code analysis on C / C++ code
[2.144s] -- Configured cppcheck include dirs: /home/a/ros2_ws/src/px4_ros_com/include;$<BUILD_INTERFACE:/home/a/ros2_ws/src/px4_ros_com/include/px4_ros_com>
[2.145s] -- Configured cppcheck exclude dirs and/or files: 
[2.153s] -- Added test 'cpplint' to check C / C++ code against the Google style
[2.153s] -- Configured cpplint exclude dirs and/or files: 
[2.155s] -- Added test 'flake8' to check Python code syntax and style conventions
[2.159s] -- Added test 'lint_cmake' to check CMake code style
[2.161s] -- Added test 'pep257' to check Python code against some of the style conventions in PEP 257
[2.167s] -- Added test 'uncrustify' to check C / C++ code style
[2.167s] -- Configured uncrustify additional arguments: 
[2.169s] -- Added test 'xmllint' to check XML markup files
[2.188s] -- Configuring done
[2.292s] -- Generating done
[2.324s] -- Build files have been written to: /home/a/ros2_ws/build/px4_ros_com
[2.438s] [ 12%] Built target frame_transforms
[2.500s] [ 25%] Built target offboard_control
[2.565s] [ 37%] Built target sensor_combined_listener
[2.626s] [ 50%] Built target my_uav_node
[2.699s] [ 62%] Built target vehicle_gps_position_listener
[2.771s] [ 75%] Built target debug_vect_advertiser
[2.771s] [35m[1mScanning dependencies of target offboard_position_control[0m
[2.979s] [ 81%] [32mBuilding CXX object CMakeFiles/offboard_position_control.dir/src/examples/offboard/offboard_position_control.cpp.o[0m
[8.189s] [01m[K/home/a/ros2_ws/src/px4_ros_com/src/examples/offboard/offboard_position_control.cpp:64:36:[m[K [01;31m[Kerror: [m[Kexpected ‘[01m[K;[m[K’ at end of member declaration
[8.190s]    64 |  void publish_trajectory_setpoints([01;31m[K)[m[K
[8.190s]       |                                    [01;31m[K^[m[K
[8.190s]       |                                     [32m[K;[m[K
[10.697s] make[2]: *** [CMakeFiles/offboard_position_control.dir/build.make:63：CMakeFiles/offboard_position_control.dir/src/examples/offboard/offboard_position_control.cpp.o] 错误 1
[10.698s] make[1]: *** [CMakeFiles/Makefile2:254：CMakeFiles/offboard_position_control.dir/all] 错误 2
[10.698s] make: *** [Makefile:141：all] 错误 2
[10.709s] Invoked command in '/home/a/ros2_ws/build/px4_ros_com' returned '2': CMAKE_PREFIX_PATH=/home/a/ros2_ws/install/px4_msgs:/home/a/ros2_ws/install/px4_ros_com:/home/a/ros2_ws/install/my_uav:/opt/ros/galactic LD_LIBRARY_PATH=/home/a/ros2_ws/install/px4_msgs/lib:/home/a/ros2_ws/install/px4_ros_com/lib:/usr/lib/x86_64-linux-gnu/gazebo-11/plugins:/opt/ros/galactic/opt/yaml_cpp_vendor/lib:/opt/ros/galactic/opt/rviz_ogre_vendor/lib:/opt/ros/galactic/lib/x86_64-linux-gnu:/opt/ros/galactic/lib:/home/a/PX4-Autopilot/build/px4_sitl_default/build_gazebo-classic:/home/a/PX4-Autopilot/build/px4_sitl_default/build_gazebo-classic /usr/bin/cmake --build /home/a/ros2_ws/build/px4_ros_com -- -j2 -l2
