[0.016s] Invoking command in '/home/a/ros2_ws/build/px4_ros_com': CMAKE_PREFIX_PATH=/home/a/ros2_ws/install/px4_msgs:/home/a/ros2_ws/install/px4_ros_com:/home/a/ros2_ws/install/my_uav:/opt/ros/galactic LD_LIBRARY_PATH=/home/a/ros2_ws/install/px4_msgs/lib:/home/a/ros2_ws/install/px4_ros_com/lib:/usr/lib/x86_64-linux-gnu/gazebo-11/plugins:/opt/ros/galactic/opt/yaml_cpp_vendor/lib:/opt/ros/galactic/opt/rviz_ogre_vendor/lib:/opt/ros/galactic/lib/x86_64-linux-gnu:/opt/ros/galactic/lib:/home/a/PX4-Autopilot/build/px4_sitl_default/build_gazebo-classic /usr/bin/cmake --build /home/a/ros2_ws/build/px4_ros_com -- -j2 -l2
[0.091s] [  8%] Built target frame_transforms
[0.093s] [ 16%] Built target my_uav_node
[0.132s] [ 25%] Built target offboard_control
[0.141s] [ 33%] Built target arm
[0.171s] [ 41%] Built target sensor_combined_listener
[0.184s] [ 50%] Built target vehicle_gps_position_listener
[0.218s] [ 58%] Built target debug_vect_advertiser
[0.229s] [ 66%] Built target trajectory_setpoint
[0.259s] [ 75%] Built target vel_yaw
[0.271s] [ 83%] Built target vehicle_attitude_listener
[0.295s] [ 91%] Built target offboard_position_control
[0.295s] [35m[1mScanning dependencies of target offboard_control_mode[0m
[0.328s] [ 95%] [32mBuilding CXX object CMakeFiles/offboard_control_mode.dir/src/examples/offboard/offboard_control_mode.cpp.o[0m
[2.208s] [01m[K/home/a/ros2_ws/src/px4_ros_com/src/examples/offboard/offboard_control_mode.cpp:[m[K In member function ‘[01m[Kvoid Offboardmode::publish_offboard_control_mode(bool, bool, bool, bool, bool, bool)[m[K’:
[2.208s] [01m[K/home/a/ros2_ws/src/px4_ros_com/src/examples/offboard/offboard_control_mode.cpp:123:135:[m[K [01;35m[Kwarning: [m[Kunused parameter ‘[01m[Kactuator[m[K’ [[01;35m[K-Wunused-parameter[m[K]
[2.209s]   123 | ion, bool velocity, bool acceleration, bool attitude, bool body_rate, [01;35m[Kbool actuator[m[K)
[2.209s]       |                                                                       [01;35m[K~~~~~^~~~~~~~[m[K
[2.209s] 
[7.567s] [100%] [32m[1mLinking CXX executable offboard_control_mode[0m
[7.720s] [100%] Built target offboard_control_mode
[7.733s] Invoked command in '/home/a/ros2_ws/build/px4_ros_com' returned '0': CMAKE_PREFIX_PATH=/home/a/ros2_ws/install/px4_msgs:/home/a/ros2_ws/install/px4_ros_com:/home/a/ros2_ws/install/my_uav:/opt/ros/galactic LD_LIBRARY_PATH=/home/a/ros2_ws/install/px4_msgs/lib:/home/a/ros2_ws/install/px4_ros_com/lib:/usr/lib/x86_64-linux-gnu/gazebo-11/plugins:/opt/ros/galactic/opt/yaml_cpp_vendor/lib:/opt/ros/galactic/opt/rviz_ogre_vendor/lib:/opt/ros/galactic/lib/x86_64-linux-gnu:/opt/ros/galactic/lib:/home/a/PX4-Autopilot/build/px4_sitl_default/build_gazebo-classic /usr/bin/cmake --build /home/a/ros2_ws/build/px4_ros_com -- -j2 -l2
[7.748s] Invoking command in '/home/a/ros2_ws/build/px4_ros_com': CMAKE_PREFIX_PATH=/home/a/ros2_ws/install/px4_msgs:/home/a/ros2_ws/install/px4_ros_com:/home/a/ros2_ws/install/my_uav:/opt/ros/galactic LD_LIBRARY_PATH=/home/a/ros2_ws/install/px4_msgs/lib:/home/a/ros2_ws/install/px4_ros_com/lib:/usr/lib/x86_64-linux-gnu/gazebo-11/plugins:/opt/ros/galactic/opt/yaml_cpp_vendor/lib:/opt/ros/galactic/opt/rviz_ogre_vendor/lib:/opt/ros/galactic/lib/x86_64-linux-gnu:/opt/ros/galactic/lib:/home/a/PX4-Autopilot/build/px4_sitl_default/build_gazebo-classic /usr/bin/cmake --install /home/a/ros2_ws/build/px4_ros_com
[7.757s] -- Install configuration: "RELWITHDEBINFO"
[7.758s] -- Execute custom install script
[7.758s] -- Up-to-date symlink: /home/a/ros2_ws/install/px4_ros_com/lib/px4_ros_com/sensor_combined_listener
[7.761s] -- Up-to-date symlink: /home/a/ros2_ws/install/px4_ros_com/lib/px4_ros_com/vehicle_gps_position_listener
[7.761s] -- Up-to-date symlink: /home/a/ros2_ws/install/px4_ros_com/lib/px4_ros_com/vehicle_attitude_listener
[7.761s] -- Up-to-date symlink: /home/a/ros2_ws/install/px4_ros_com/lib/px4_ros_com/debug_vect_advertiser
[7.761s] -- Up-to-date symlink: /home/a/ros2_ws/install/px4_ros_com/lib/px4_ros_com/offboard_control
[7.761s] -- Up-to-date symlink: /home/a/ros2_ws/install/px4_ros_com/lib/px4_ros_com/trajectory_setpoint
[7.762s] -- Up-to-date symlink: /home/a/ros2_ws/install/px4_ros_com/lib/px4_ros_com/vel_yaw
[7.762s] -- Up-to-date symlink: /home/a/ros2_ws/install/px4_ros_com/lib/px4_ros_com/offboard_position_control
[7.762s] -- Up-to-date symlink: /home/a/ros2_ws/install/px4_ros_com/lib/px4_ros_com/arm
[7.762s] -- Symlinking: /home/a/ros2_ws/install/px4_ros_com/lib/px4_ros_com/offboard_control_mode
[7.772s] -- Up-to-date symlink: /home/a/ros2_ws/install/px4_ros_com/lib/px4_ros_com/my_uav_node
[7.772s] -- Up-to-date symlink: /home/a/ros2_ws/install/px4_ros_com/share/px4_ros_com/environment/library_path.sh
[7.772s] -- Up-to-date symlink: /home/a/ros2_ws/install/px4_ros_com/share/px4_ros_com/environment/library_path.dsv
[7.773s] -- Up-to-date symlink: /home/a/ros2_ws/install/px4_ros_com/include/px4_ros_com/frame_transforms.h
[7.773s] -- Up-to-date symlink: /home/a/ros2_ws/install/px4_ros_com/share/px4_ros_com//launch/offboard_control_launch.yaml
[7.774s] -- Up-to-date symlink: /home/a/ros2_ws/install/px4_ros_com/share/px4_ros_com//launch/sensor_combined_listener.launch.py
[7.774s] -- Up-to-date symlink: /home/a/ros2_ws/install/px4_ros_com/share/px4_ros_com//launch/vehicle_attitude_listener.launch.py
[7.774s] -- Up-to-date symlink: /home/a/ros2_ws/install/px4_ros_com/share/px4_ros_com//test/__init__.py
[7.774s] -- Up-to-date symlink: /home/a/ros2_ws/install/px4_ros_com/share/px4_ros_com//test/pipeline_io_test.py
[7.774s] -- Up-to-date symlink: /home/a/ros2_ws/install/px4_ros_com/share/px4_ros_com//test/test_input.py
[7.775s] -- Up-to-date symlink: /home/a/ros2_ws/install/px4_ros_com/share/px4_ros_com//test/test_output.py
[7.775s] -- Up-to-date symlink: /home/a/ros2_ws/install/px4_ros_com/share/ament_index/resource_index/package_run_dependencies/px4_ros_com
[7.775s] -- Up-to-date symlink: /home/a/ros2_ws/install/px4_ros_com/share/ament_index/resource_index/parent_prefix_path/px4_ros_com
[7.775s] -- Up-to-date symlink: /home/a/ros2_ws/install/px4_ros_com/share/px4_ros_com/environment/ament_prefix_path.sh
[7.776s] -- Up-to-date symlink: /home/a/ros2_ws/install/px4_ros_com/share/px4_ros_com/environment/ament_prefix_path.dsv
[7.776s] -- Up-to-date symlink: /home/a/ros2_ws/install/px4_ros_com/share/px4_ros_com/environment/path.sh
[7.776s] -- Up-to-date symlink: /home/a/ros2_ws/install/px4_ros_com/share/px4_ros_com/environment/path.dsv
[7.776s] -- Up-to-date symlink: /home/a/ros2_ws/install/px4_ros_com/share/px4_ros_com/local_setup.bash
[7.777s] -- Up-to-date symlink: /home/a/ros2_ws/install/px4_ros_com/share/px4_ros_com/local_setup.sh
[7.777s] -- Up-to-date symlink: /home/a/ros2_ws/install/px4_ros_com/share/px4_ros_com/local_setup.zsh
[7.777s] -- Up-to-date symlink: /home/a/ros2_ws/install/px4_ros_com/share/px4_ros_com/local_setup.dsv
[7.777s] -- Symlinking: /home/a/ros2_ws/install/px4_ros_com/share/px4_ros_com/package.dsv
[7.788s] -- Up-to-date symlink: /home/a/ros2_ws/install/px4_ros_com/share/ament_index/resource_index/packages/px4_ros_com
[7.788s] -- Up-to-date symlink: /home/a/ros2_ws/install/px4_ros_com/share/px4_ros_com/cmake/ament_cmake_export_dependencies-extras.cmake
[7.789s] -- Up-to-date symlink: /home/a/ros2_ws/install/px4_ros_com/share/px4_ros_com/cmake/ament_cmake_export_targets-extras.cmake
[7.789s] -- Up-to-date symlink: /home/a/ros2_ws/install/px4_ros_com/share/px4_ros_com/cmake/ament_cmake_export_include_directories-extras.cmake
[7.789s] -- Up-to-date symlink: /home/a/ros2_ws/install/px4_ros_com/share/px4_ros_com/cmake/ament_cmake_export_libraries-extras.cmake
[7.789s] -- Up-to-date symlink: /home/a/ros2_ws/install/px4_ros_com/share/px4_ros_com/cmake/px4_ros_comConfig.cmake
[7.790s] -- Up-to-date symlink: /home/a/ros2_ws/install/px4_ros_com/share/px4_ros_com/cmake/px4_ros_comConfig-version.cmake
[7.790s] -- Up-to-date symlink: /home/a/ros2_ws/install/px4_ros_com/share/px4_ros_com/package.xml
[7.791s] -- Up-to-date: /home/a/ros2_ws/install/px4_ros_com/lib/libframe_transforms.so
[7.791s] -- Up-to-date: /home/a/ros2_ws/install/px4_ros_com/share/px4_ros_com/cmake/export_frame_transformsExport.cmake
[7.791s] -- Installing: /home/a/ros2_ws/install/px4_ros_com/share/px4_ros_com/cmake/export_frame_transformsExport-relwithdebinfo.cmake
[7.793s] Invoked command in '/home/a/ros2_ws/build/px4_ros_com' returned '0': CMAKE_PREFIX_PATH=/home/a/ros2_ws/install/px4_msgs:/home/a/ros2_ws/install/px4_ros_com:/home/a/ros2_ws/install/my_uav:/opt/ros/galactic LD_LIBRARY_PATH=/home/a/ros2_ws/install/px4_msgs/lib:/home/a/ros2_ws/install/px4_ros_com/lib:/usr/lib/x86_64-linux-gnu/gazebo-11/plugins:/opt/ros/galactic/opt/yaml_cpp_vendor/lib:/opt/ros/galactic/opt/rviz_ogre_vendor/lib:/opt/ros/galactic/lib/x86_64-linux-gnu:/opt/ros/galactic/lib:/home/a/PX4-Autopilot/build/px4_sitl_default/build_gazebo-classic /usr/bin/cmake --install /home/a/ros2_ws/build/px4_ros_com
