[0.019s] Invoking command in '/home/a/uav/build/my_uav': CMAKE_PREFIX_PATH=${CMAKE_PREFIX_PATH}:/opt/ros/galactic /usr/bin/cmake --build /home/a/uav/build/my_uav -- -j2 -l2
[0.108s] [  4%] [32mBuilding CXX object CMakeFiles/uav_control_node.dir/src/uav_control_node.cpp.o[0m
[0.145s] [ 13%] Built target image_sub
[0.185s] [ 22%] Built target internlm_m_node
[0.225s] [ 31%] Built target internvl
[0.273s] [ 40%] Built target internlm_m_listener
[0.293s] [35m[1mScanning dependencies of target internvl_p[0m
[0.349s] [ 45%] [32mBuilding CXX object CMakeFiles/internvl_p.dir/src/internvl_p.cpp.o[0m
[3.426s] [ 50%] [32m[1mLinking CXX executable uav_control_node[0m
[3.570s] [ 50%] Built target uav_control_node
[3.623s] [ 59%] Built target internvl_listener
[3.676s] [ 68%] Built target gps_sub
[3.718s] [ 77%] Built target ray_sub
[3.772s] [ 86%] Built target camera_listener
[3.814s] [ 95%] Built target ray_listener
[4.889s] [01m[K/home/a/uav/src/my_uav/src/internvl_p.cpp:244:41:[m[K [01;31m[Kerror: [m[K‘[01m[Kstring[m[K’ does not name a type; did you mean ‘[01m[Kstdin[m[K’?
[4.889s]   244 |  void append_new_messages_to_file(const [01;31m[Kstring[m[K& m, const std::string& filename = "conversation_history.txt") {
[4.889s]       |                                         [01;31m[K^~~~~~[m[K
[4.889s]       |                                         [32m[Kstdin[m[K
[9.594s] make[2]: *** [CMakeFiles/internvl_p.dir/build.make:63：CMakeFiles/internvl_p.dir/src/internvl_p.cpp.o] 错误 1
[9.594s] make[1]: *** [CMakeFiles/Makefile2:287：CMakeFiles/internvl_p.dir/all] 错误 2
[9.594s] make: *** [Makefile:141：all] 错误 2
[9.595s] Invoked command in '/home/a/uav/build/my_uav' returned '2': CMAKE_PREFIX_PATH=${CMAKE_PREFIX_PATH}:/opt/ros/galactic /usr/bin/cmake --build /home/a/uav/build/my_uav -- -j2 -l2
