[0.014s] Invoking command in '/home/a/uav/build/my_uav': CMAKE_PREFIX_PATH=${CMAKE_PREFIX_PATH}:/opt/ros/galactic /usr/bin/cmake --build /home/a/uav/build/my_uav -- -j2 -l2
[0.083s] [ 10%] Built target uav_control_node
[0.098s] [ 20%] Built target image_sub
[0.115s] [ 30%] Built target internlm_m_node
[0.137s] [ 40%] Built target internvl
[0.160s] [ 50%] Built target internlm_m_listener
[0.184s] [ 60%] Built target internvl_listener
[0.196s] [ 70%] Built target gps_sub
[0.220s] [ 80%] Built target ray_sub
[0.226s] [ 90%] Built target camera_listener
[0.248s] [100%] Built target ray_listener
[0.258s] Invoked command in '/home/a/uav/build/my_uav' returned '0': CMAKE_PREFIX_PATH=${CMAKE_PREFIX_PATH}:/opt/ros/galactic /usr/bin/cmake --build /home/a/uav/build/my_uav -- -j2 -l2
[0.271s] Invoking command in '/home/a/uav/build/my_uav': CMAKE_PREFIX_PATH=${CMAKE_PREFIX_PATH}:/opt/ros/galactic /usr/bin/cmake --install /home/a/uav/build/my_uav
[0.280s] -- Install configuration: ""
[0.281s] -- Up-to-date: /home/a/uav/install/my_uav/share/my_uav/launch
[0.284s] CMake Error at cmake_install.cmake:41 (file):
[0.284s]   file INSTALL cannot set permissions on
[0.284s]   "/home/a/uav/install/my_uav/share/my_uav/launch/gz_launch.py": Operation
[0.284s]   not permitted.
[0.284s] 
[0.284s] 
[0.284s] -- Up-to-date: /home/a/uav/install/my_uav/share/my_uav/launch/sitl.launch
[0.284s] -- Up-to-date: /home/a/uav/install/my_uav/share/my_uav/launch/p450.py
[0.284s] -- Up-to-date: /home/a/uav/install/my_uav/share/my_uav/launch/gz_launch.py
[0.288s] Invoked command in '/home/a/uav/build/my_uav' returned '1': CMAKE_PREFIX_PATH=${CMAKE_PREFIX_PATH}:/opt/ros/galactic /usr/bin/cmake --install /home/a/uav/build/my_uav
