[0.007s] Invoking command in '/home/a/uav/build/my_uav': CMAKE_PREFIX_PATH=${CMAKE_PREFIX_PATH}:/opt/ros/galactic /usr/bin/cmake --build /home/a/uav/build/my_uav -- -j2 -l2
[0.114s] [  9%] Built target image_sub
[0.150s] [ 18%] Built target uav_control_node
[0.214s] [ 27%] Built target internlm_m_node
[0.273s] [ 36%] Built target internvl
[0.341s] [ 45%] Built target internlm_m_listener
[0.364s] [35m[1mScanning dependencies of target internvl_p[0m
[0.437s] [ 50%] [32mBuilding CXX object CMakeFiles/internvl_p.dir/src/internvl_p.cpp.o[0m
[22.065s] [ 54%] [32m[1mLinking CXX executable internvl_p[0m
[24.124s] [ 54%] Built target internvl_p
[24.182s] [ 63%] Built target internvl_listener
[24.247s] [ 72%] Built target gps_sub
[24.292s] [ 81%] Built target ray_sub
[24.352s] [ 90%] Built target camera_listener
[24.392s] [100%] Built target ray_listener
[24.409s] Invoked command in '/home/a/uav/build/my_uav' returned '0': CMAKE_PREFIX_PATH=${CMAKE_PREFIX_PATH}:/opt/ros/galactic /usr/bin/cmake --build /home/a/uav/build/my_uav -- -j2 -l2
[24.436s] Invoking command in '/home/a/uav/build/my_uav': CMAKE_PREFIX_PATH=${CMAKE_PREFIX_PATH}:/opt/ros/galactic /usr/bin/cmake --install /home/a/uav/build/my_uav
[24.453s] -- Install configuration: ""
[24.453s] -- Up-to-date: /home/a/uav/install/my_uav/share/my_uav/launch
[24.455s] -- Up-to-date: /home/a/uav/install/my_uav/share/my_uav/launch/sitl.launch
[24.455s] -- Up-to-date: /home/a/uav/install/my_uav/share/my_uav/launch/p450.py
[24.455s] -- Up-to-date: /home/a/uav/install/my_uav/share/my_uav/launch/gz_launch.py
[24.456s] CMake Error at cmake_install.cmake:41 (file):
[24.456s]   file INSTALL cannot set permissions on
[24.456s]   "/home/a/uav/install/my_uav/share/my_uav/launch/gz_launch.py": Operation
[24.456s]   not permitted.
[24.456s] 
[24.456s] 
[24.459s] Invoked command in '/home/a/uav/build/my_uav' returned '1': CMAKE_PREFIX_PATH=${CMAKE_PREFIX_PATH}:/opt/ros/galactic /usr/bin/cmake --install /home/a/uav/build/my_uav
