[0.012s] Invoking command in '/home/a/uav/build/my_uav': /usr/bin/cmake --build /home/a/uav/build/my_uav -- -j2 -l2
[0.133s] [  9%] Built target image_sub
[0.163s] [ 18%] Built target uav_control_node
[0.202s] [ 27%] Built target internlm_m_node
[0.239s] [ 36%] Built target internvl
[0.287s] [ 45%] Built target internlm_m_listener
[0.308s] [35m[1mScanning dependencies of target internvl_p[0m
[0.366s] [ 50%] [32mBuilding CXX object CMakeFiles/internvl_p.dir/src/internvl_p.cpp.o[0m
[24.455s] [ 54%] [32m[1mLinking CXX executable internvl_p[0m
[26.850s] [ 54%] Built target internvl_p
[26.964s] [ 63%] Built target internvl_listener
[27.063s] [ 72%] Built target gps_sub
[27.133s] [ 81%] Built target ray_sub
[27.203s] [ 90%] Built target camera_listener
[27.266s] [100%] Built target ray_listener
[27.293s] Invoked command in '/home/a/uav/build/my_uav' returned '0': /usr/bin/cmake --build /home/a/uav/build/my_uav -- -j2 -l2
[27.311s] Invoking command in '/home/a/uav/build/my_uav': /usr/bin/cmake --install /home/a/uav/build/my_uav
[27.336s] -- Install configuration: ""
[27.336s] -- Up-to-date: /home/a/uav/install/my_uav/share/my_uav/launch
[27.336s] -- Up-to-date: /home/a/uav/install/my_uav/share/my_uav/launch/sitl.launch
[27.336s] -- Up-to-date: /home/a/uav/install/my_uav/share/my_uav/launch/p450.py
[27.336s] -- Up-to-date: /home/a/uav/install/my_uav/share/my_uav/launch/gz_launch.py
[27.337s] -- Up-to-date: /home/a/uav/install/my_uav/share/my_uav/launch/cam_sub.launch.py
[27.337s] -- Up-to-date: /home/a/uav/install/my_uav/share/my_uav/models
[27.337s] -- Up-to-date: /home/a/uav/install/my_uav/share/my_uav/models/p450_2Dlidar_depth
[27.337s] -- Up-to-date: /home/a/uav/install/my_uav/share/my_uav/models/p450_2Dlidar_depth/p450_2Dlidar_depth_3.sdf.last_generated
[27.337s] -- Up-to-date: /home/a/uav/install/my_uav/share/my_uav/models/p450_2Dlidar_depth/p450_2Dlidar_depth_2.sdf.last_generated
[27.337s] -- Up-to-date: /home/a/uav/install/my_uav/share/my_uav/models/p450_2Dlidar_depth/p450_2Dlidar_depth_1.sdf.last_generated
[27.337s] -- Up-to-date: /home/a/uav/install/my_uav/share/my_uav/models/p450_2Dlidar_depth/p450_2Dlidar_depth_1.sdf
[27.337s] -- Up-to-date: /home/a/uav/install/my_uav/share/my_uav/models/p450_2Dlidar_depth/model.config
[27.340s] -- Up-to-date: /home/a/uav/install/my_uav/share/my_uav/models/p450_2Dlidar_depth/p450_2Dlidar_depth.sdf
[27.340s] -- Up-to-date: /home/a/uav/install/my_uav/share/my_uav/models/p450_2Dlidar_depth/p450_2Dlidar_depth_3.sdf
[27.340s] -- Up-to-date: /home/a/uav/install/my_uav/share/my_uav/models/p450_2Dlidar_depth/p450_2Dlidar_depth_-m.sdf
[27.340s] -- Up-to-date: /home/a/uav/install/my_uav/share/my_uav/models/p450_2Dlidar_depth/p450_2Dlidar_depth_2.sdf
[27.340s] -- Up-to-date: /home/a/uav/install/my_uav/share/my_uav/models/p450_2Dlidar_depth/p450_2Dlidar_depth_-m.sdf.last_generated
[27.340s] -- Up-to-date: /home/a/uav/install/my_uav/share/my_uav/models/p450
[27.340s] -- Up-to-date: /home/a/uav/install/my_uav/share/my_uav/models/p450/p450_1.sdf
[27.340s] -- Up-to-date: /home/a/uav/install/my_uav/share/my_uav/models/p450/p450_2.sdf.last_generated
[27.340s] -- Up-to-date: /home/a/uav/install/my_uav/share/my_uav/models/p450/p450.sdf.jinja
[27.341s] -- Up-to-date: /home/a/uav/install/my_uav/share/my_uav/models/p450/p450_1.sdf.last_generated
[27.341s] -- Up-to-date: /home/a/uav/install/my_uav/share/my_uav/models/p450/model.config
[27.341s] -- Up-to-date: /home/a/uav/install/my_uav/share/my_uav/models/p450/p450_2.sdf
[27.341s] -- Up-to-date: /home/a/uav/install/my_uav/share/my_uav/models/p450/meshes
[27.341s] -- Up-to-date: /home/a/uav/install/my_uav/share/my_uav/models/p450/meshes/p450_ccw.stl
[27.341s] -- Up-to-date: /home/a/uav/install/my_uav/share/my_uav/models/p450/meshes/p450.stl
[27.341s] -- Up-to-date: /home/a/uav/install/my_uav/share/my_uav/models/p450/meshes/p450_cw.stl
[27.341s] -- Up-to-date: /home/a/uav/install/my_uav/share/my_uav/models/p450/p450.sdf
[27.341s] -- Up-to-date: /home/a/uav/install/my_uav/share/my_uav/models/hokuyo_ust_20lx
[27.341s] -- Up-to-date: /home/a/uav/install/my_uav/share/my_uav/models/hokuyo_ust_20lx/hokuyo_ust_20lx.sdf
[27.341s] -- Up-to-date: /home/a/uav/install/my_uav/share/my_uav/models/hokuyo_ust_20lx/hokuyo_ust_20lx_2.sdf.last_generated
[27.341s] -- Up-to-date: /home/a/uav/install/my_uav/share/my_uav/models/hokuyo_ust_20lx/model.config
[27.341s] -- Up-to-date: /home/a/uav/install/my_uav/share/my_uav/models/hokuyo_ust_20lx/hokuyo_ust_20lx_2.sdf
[27.341s] -- Up-to-date: /home/a/uav/install/my_uav/share/my_uav/models/hokuyo_ust_20lx/hokuyo_ust_20lx_1.sdf
[27.341s] -- Up-to-date: /home/a/uav/install/my_uav/share/my_uav/models/hokuyo_ust_20lx/hokuyo_ust_20lx_1.sdf.last_generated
[27.342s] -- Up-to-date: /home/a/uav/install/my_uav/share/my_uav/models/p450_hokuyo_2Dlidar
[27.342s] -- Up-to-date: /home/a/uav/install/my_uav/share/my_uav/models/p450_hokuyo_2Dlidar/p450_hokuyo_2Dlidar.sdf
[27.342s] -- Up-to-date: /home/a/uav/install/my_uav/share/my_uav/models/p450_hokuyo_2Dlidar/model.config
[27.343s] -- Up-to-date: /home/a/uav/install/my_uav/share/my_uav/models/depth
[27.344s] -- Up-to-date: /home/a/uav/install/my_uav/share/my_uav/models/depth/model.config
[27.344s] -- Up-to-date: /home/a/uav/install/my_uav/share/my_uav/models/depth/depth.sdf
[27.344s] -- Up-to-date: /home/a/uav/install/my_uav/share/my_uav/models/D435i
[27.344s] -- Up-to-date: /home/a/uav/install/my_uav/share/my_uav/models/D435i/materials
[27.344s] -- Up-to-date: /home/a/uav/install/my_uav/share/my_uav/models/D435i/materials/textures
[27.345s] -- Up-to-date: /home/a/uav/install/my_uav/share/my_uav/models/D435i/materials/textures/realsense_diffuse.png
[27.345s] -- Up-to-date: /home/a/uav/install/my_uav/share/my_uav/models/D435i/model.config
[27.345s] -- Up-to-date: /home/a/uav/install/my_uav/share/my_uav/models/D435i/D435i.sdf
[27.345s] -- Up-to-date: /home/a/uav/install/my_uav/share/my_uav/models/D435i/meshes
[27.345s] -- Up-to-date: /home/a/uav/install/my_uav/share/my_uav/models/D435i/meshes/realsense_d435.stl
[27.345s] -- Up-to-date: /home/a/uav/install/my_uav/share/my_uav/models/D435i/meshes/D435i.dae
[27.347s] -- Up-to-date: /home/a/uav/install/my_uav/share/my_uav/models/p450_depth
[27.348s] -- Up-to-date: /home/a/uav/install/my_uav/share/my_uav/models/p450_depth/model.config
[27.348s] -- Up-to-date: /home/a/uav/install/my_uav/share/my_uav/models/p450_depth/p450_depth.sdf
[27.349s] -- Up-to-date: /home/a/uav/install/my_uav/share/my_uav/worlds
[27.349s] -- Up-to-date: /home/a/uav/install/my_uav/share/my_uav/worlds/leida.world
[27.349s] -- Up-to-date: /home/a/uav/install/my_uav/share/my_uav/worlds/my.world
[27.349s] -- Up-to-date: /home/a/uav/install/my_uav/share/my_uav/worlds/baylands.world
[27.349s] -- Up-to-date: /home/a/uav/install/my_uav/share/my_uav/worlds/safe_landing.world
[27.349s] -- Up-to-date: /home/a/uav/install/my_uav/share/my_uav/worlds/yosemite.world
[27.349s] -- Up-to-date: /home/a/uav/install/my_uav/share/my_uav/worlds/mcmillan_airfield.world
[27.349s] -- Up-to-date: /home/a/uav/install/my_uav/share/my_uav/worlds/cam.world
[27.349s] -- Up-to-date: /home/a/uav/install/my_uav/share/my_uav/worlds/sonoma_raceway.world
[27.356s] -- Up-to-date: /home/a/uav/install/my_uav/share/my_uav/worlds/empty_world.world
[27.356s] -- Up-to-date: /home/a/uav/install/my_uav/lib/my_uav/my_python_node.py
[27.356s] -- Up-to-date: /home/a/uav/install/my_uav/lib/my_uav/uav_control_node
[27.356s] -- Up-to-date: /home/a/uav/install/my_uav/lib/my_uav/internlm_m_node
[27.356s] -- Up-to-date: /home/a/uav/install/my_uav/lib/my_uav/internvl
[27.356s] -- Up-to-date: /home/a/uav/install/my_uav/lib/my_uav/internlm_m_listener
[27.356s] -- Up-to-date: /home/a/uav/install/my_uav/lib/my_uav/internvl_listener
[27.356s] -- Installing: /home/a/uav/install/my_uav/lib/my_uav/internvl_p
[27.360s] -- Set runtime path of "/home/a/uav/install/my_uav/lib/my_uav/internvl_p" to ""
[27.360s] -- Up-to-date: /home/a/uav/install/my_uav/lib/my_uav/image_sub
[27.362s] -- Up-to-date: /home/a/uav/install/my_uav/lib/my_uav/gps_sub
[27.362s] -- Up-to-date: /home/a/uav/install/my_uav/lib/my_uav/ray_sub
[27.363s] -- Up-to-date: /home/a/uav/install/my_uav/lib/my_uav/camera_listener
[27.363s] -- Up-to-date: /home/a/uav/install/my_uav/lib/my_uav/ray_listener
[27.363s] -- Up-to-date: /home/a/uav/install/my_uav/share/ament_index/resource_index/package_run_dependencies/my_uav
[27.363s] -- Up-to-date: /home/a/uav/install/my_uav/share/ament_index/resource_index/parent_prefix_path/my_uav
[27.363s] -- Up-to-date: /home/a/uav/install/my_uav/share/my_uav/environment/ament_prefix_path.sh
[27.363s] -- Up-to-date: /home/a/uav/install/my_uav/share/my_uav/environment/ament_prefix_path.dsv
[27.363s] -- Up-to-date: /home/a/uav/install/my_uav/share/my_uav/environment/path.sh
[27.364s] -- Up-to-date: /home/a/uav/install/my_uav/share/my_uav/environment/path.dsv
[27.364s] -- Up-to-date: /home/a/uav/install/my_uav/share/my_uav/local_setup.bash
[27.364s] -- Up-to-date: /home/a/uav/install/my_uav/share/my_uav/local_setup.sh
[27.367s] -- Up-to-date: /home/a/uav/install/my_uav/share/my_uav/local_setup.zsh
[27.367s] -- Up-to-date: /home/a/uav/install/my_uav/share/my_uav/local_setup.dsv
[27.367s] -- Installing: /home/a/uav/install/my_uav/share/my_uav/package.dsv
[27.367s] -- Up-to-date: /home/a/uav/install/my_uav/share/ament_index/resource_index/packages/my_uav
[27.367s] -- Up-to-date: /home/a/uav/install/my_uav/share/my_uav/cmake/my_uavConfig.cmake
[27.367s] -- Up-to-date: /home/a/uav/install/my_uav/share/my_uav/cmake/my_uavConfig-version.cmake
[27.367s] -- Up-to-date: /home/a/uav/install/my_uav/share/my_uav/package.xml
[27.376s] Invoked command in '/home/a/uav/build/my_uav' returned '0': /usr/bin/cmake --install /home/a/uav/build/my_uav
