[0.016s] Invoking command in '/home/a/uav/build/my_uav': CMAKE_PREFIX_PATH=${CMAKE_PREFIX_PATH}:/opt/ros/galactic /usr/bin/cmake --build /home/a/uav/build/my_uav -- -j2 -l2
[0.047s] -- Found ament_cmake: 1.1.6 (/opt/ros/galactic/share/ament_cmake/cmake)
[0.067s] -- Using PYTHON_EXECUTABLE: /usr/bin/python3
[0.123s] -- Found ament_lint_auto: 0.10.7 (/opt/ros/galactic/share/ament_lint_auto/cmake)
[0.174s] -- Found rclcpp: 9.2.2 (/opt/ros/galactic/share/rclcpp/cmake)
[0.205s] -- Using all available rosidl_typesupport_c: rosidl_typesupport_fastrtps_c;rosidl_typesupport_introspection_c
[0.208s] -- Found rosidl_adapter: 2.2.3 (/opt/ros/galactic/share/rosidl_adapter/cmake)
[0.310s] -- Using all available rosidl_typesupport_cpp: rosidl_typesupport_fastrtps_cpp;rosidl_typesupport_introspection_cpp
[0.353s] -- Found rmw_implementation_cmake: 3.3.1 (/opt/ros/galactic/share/rmw_implementation_cmake/cmake)
[0.354s] -- Found rmw_cyclonedds_cpp: 0.22.6 (/opt/ros/galactic/share/rmw_cyclonedds_cpp/cmake)
[0.370s] -- Using RMW implementation 'rmw_cyclonedds_cpp' as default
[0.482s] -- Found sensor_msgs: 2.2.4 (/opt/ros/galactic/share/sensor_msgs/cmake)
[0.591s] -- Found px4_msgs: 2.0.1 (/home/a/ros2_ws/install/px4_msgs/share/px4_msgs/cmake)
[0.610s] -- Added test 'copyright' to check source files copyright and LICENSE
[0.612s] -- Added test 'cppcheck' to perform static code analysis on C / C++ code
[0.612s] -- Configured cppcheck include dirs: 
[0.612s] -- Configured cppcheck exclude dirs and/or files: 
[0.615s] -- Added test 'cpplint' to check C / C++ code against the Google style
[0.615s] -- Configured cpplint exclude dirs and/or files: 
[0.616s] -- Added test 'flake8' to check Python code syntax and style conventions
[0.616s] -- Added test 'lint_cmake' to check CMake code style
[0.616s] -- Added test 'pep257' to check Python code against some of the style conventions in PEP 257
[0.618s] -- Added test 'uncrustify' to check C / C++ code style
[0.618s] -- Configured uncrustify additional arguments: 
[0.619s] -- Added test 'xmllint' to check XML markup files
[0.621s] -- Configuring done
[0.643s] -- Generating done
[0.654s] -- Build files have been written to: /home/a/uav/build/my_uav
[0.700s] [ 25%] Built target internvl
[0.703s] [ 50%] Built target internlm_m_listener
[0.734s] [ 75%] Built target internlm_m_node
[0.735s] [100%] Built target uav_control_node
[0.752s] Invoked command in '/home/a/uav/build/my_uav' returned '0': CMAKE_PREFIX_PATH=${CMAKE_PREFIX_PATH}:/opt/ros/galactic /usr/bin/cmake --build /home/a/uav/build/my_uav -- -j2 -l2
[0.766s] Invoking command in '/home/a/uav/build/my_uav': CMAKE_PREFIX_PATH=${CMAKE_PREFIX_PATH}:/opt/ros/galactic /usr/bin/cmake --install /home/a/uav/build/my_uav
[0.780s] -- Install configuration: ""
[0.780s] -- Up-to-date: /home/a/uav/install/my_uav/share/my_uav/launch
[0.780s] -- Up-to-date: /home/a/uav/install/my_uav/share/my_uav/launch/sitl.launch
[0.780s] -- Up-to-date: /home/a/uav/install/my_uav/share/my_uav/launch/p450.py
[0.780s] -- Up-to-date: /home/a/uav/install/my_uav/share/my_uav/launch/gz_launch.py
[0.780s] -- Up-to-date: /home/a/uav/install/my_uav/share/my_uav/models
[0.780s] -- Up-to-date: /home/a/uav/install/my_uav/share/my_uav/models/p450_2Dlidar_depth
[0.780s] -- Up-to-date: /home/a/uav/install/my_uav/share/my_uav/models/p450_2Dlidar_depth/model.config
[0.780s] -- Up-to-date: /home/a/uav/install/my_uav/share/my_uav/models/p450_2Dlidar_depth/p450_2Dlidar_depth.sdf
[0.780s] -- Up-to-date: /home/a/uav/install/my_uav/share/my_uav/models/p450
[0.780s] -- Up-to-date: /home/a/uav/install/my_uav/share/my_uav/models/p450/model.config
[0.780s] -- Up-to-date: /home/a/uav/install/my_uav/share/my_uav/models/p450/meshes
[0.780s] -- Up-to-date: /home/a/uav/install/my_uav/share/my_uav/models/p450/meshes/p450_ccw.stl
[0.780s] -- Up-to-date: /home/a/uav/install/my_uav/share/my_uav/models/p450/meshes/p450.stl
[0.780s] -- Up-to-date: /home/a/uav/install/my_uav/share/my_uav/models/p450/meshes/p450_cw.stl
[0.780s] -- Up-to-date: /home/a/uav/install/my_uav/share/my_uav/models/p450/p450.sdf
[0.781s] -- Up-to-date: /home/a/uav/install/my_uav/share/my_uav/models/hokuyo_ust_20lx
[0.781s] -- Up-to-date: /home/a/uav/install/my_uav/share/my_uav/models/hokuyo_ust_20lx/hokuyo_ust_20lx.sdf
[0.781s] -- Up-to-date: /home/a/uav/install/my_uav/share/my_uav/models/hokuyo_ust_20lx/model.config
[0.781s] -- Up-to-date: /home/a/uav/install/my_uav/share/my_uav/models/p450_hokuyo_2Dlidar
[0.781s] -- Up-to-date: /home/a/uav/install/my_uav/share/my_uav/models/p450_hokuyo_2Dlidar/p450_hokuyo_2Dlidar.sdf
[0.781s] -- Up-to-date: /home/a/uav/install/my_uav/share/my_uav/models/p450_hokuyo_2Dlidar/model.config
[0.781s] -- Up-to-date: /home/a/uav/install/my_uav/share/my_uav/models/depth
[0.781s] -- Up-to-date: /home/a/uav/install/my_uav/share/my_uav/models/depth/model.config
[0.781s] -- Up-to-date: /home/a/uav/install/my_uav/share/my_uav/models/depth/depth.sdf
[0.781s] -- Up-to-date: /home/a/uav/install/my_uav/share/my_uav/models/D435i
[0.781s] -- Up-to-date: /home/a/uav/install/my_uav/share/my_uav/models/D435i/materials
[0.781s] -- Up-to-date: /home/a/uav/install/my_uav/share/my_uav/models/D435i/materials/textures
[0.781s] -- Up-to-date: /home/a/uav/install/my_uav/share/my_uav/models/D435i/materials/textures/realsense_diffuse.png
[0.781s] -- Up-to-date: /home/a/uav/install/my_uav/share/my_uav/models/D435i/model.config
[0.781s] -- Up-to-date: /home/a/uav/install/my_uav/share/my_uav/models/D435i/D435i.sdf
[0.781s] -- Up-to-date: /home/a/uav/install/my_uav/share/my_uav/models/D435i/meshes
[0.781s] -- Up-to-date: /home/a/uav/install/my_uav/share/my_uav/models/D435i/meshes/realsense_d435.stl
[0.781s] -- Up-to-date: /home/a/uav/install/my_uav/share/my_uav/models/D435i/meshes/D435i.dae
[0.781s] -- Up-to-date: /home/a/uav/install/my_uav/share/my_uav/models/p450_depth
[0.781s] -- Up-to-date: /home/a/uav/install/my_uav/share/my_uav/models/p450_depth/model.config
[0.781s] -- Up-to-date: /home/a/uav/install/my_uav/share/my_uav/models/p450_depth/p450_depth.sdf
[0.782s] -- Up-to-date: /home/a/uav/install/my_uav/share/my_uav/worlds
[0.782s] -- Up-to-date: /home/a/uav/install/my_uav/share/my_uav/worlds/leida.world
[0.782s] -- Up-to-date: /home/a/uav/install/my_uav/share/my_uav/worlds/my.world
[0.782s] -- Up-to-date: /home/a/uav/install/my_uav/share/my_uav/worlds/cam.world
[0.782s] -- Up-to-date: /home/a/uav/install/my_uav/share/my_uav/worlds/empty_world.world
[0.782s] -- Up-to-date: /home/a/uav/install/my_uav/lib/my_uav/my_python_node.py
[0.782s] -- Up-to-date: /home/a/uav/install/my_uav/lib/my_uav/uav_control_node
[0.782s] -- Up-to-date: /home/a/uav/install/my_uav/lib/my_uav/internlm_m_node
[0.782s] -- Up-to-date: /home/a/uav/install/my_uav/lib/my_uav/internvl
[0.782s] -- Up-to-date: /home/a/uav/install/my_uav/lib/my_uav/internlm_m_listener
[0.782s] -- Up-to-date: /home/a/uav/install/my_uav/share/ament_index/resource_index/package_run_dependencies/my_uav
[0.782s] -- Up-to-date: /home/a/uav/install/my_uav/share/ament_index/resource_index/parent_prefix_path/my_uav
[0.782s] -- Up-to-date: /home/a/uav/install/my_uav/share/my_uav/environment/ament_prefix_path.sh
[0.782s] -- Installing: /home/a/uav/install/my_uav/share/my_uav/environment/ament_prefix_path.dsv
[0.782s] -- Up-to-date: /home/a/uav/install/my_uav/share/my_uav/environment/path.sh
[0.782s] -- Installing: /home/a/uav/install/my_uav/share/my_uav/environment/path.dsv
[0.782s] -- Up-to-date: /home/a/uav/install/my_uav/share/my_uav/local_setup.bash
[0.782s] -- Up-to-date: /home/a/uav/install/my_uav/share/my_uav/local_setup.sh
[0.782s] -- Up-to-date: /home/a/uav/install/my_uav/share/my_uav/local_setup.zsh
[0.782s] -- Installing: /home/a/uav/install/my_uav/share/my_uav/local_setup.dsv
[0.783s] -- Installing: /home/a/uav/install/my_uav/share/my_uav/package.dsv
[0.783s] -- Up-to-date: /home/a/uav/install/my_uav/share/ament_index/resource_index/packages/my_uav
[0.783s] -- Up-to-date: /home/a/uav/install/my_uav/share/my_uav/cmake/my_uavConfig.cmake
[0.783s] -- Up-to-date: /home/a/uav/install/my_uav/share/my_uav/cmake/my_uavConfig-version.cmake
[0.783s] -- Installing: /home/a/uav/install/my_uav/share/my_uav/package.xml
[0.794s] Invoked command in '/home/a/uav/build/my_uav' returned '0': CMAKE_PREFIX_PATH=${CMAKE_PREFIX_PATH}:/opt/ros/galactic /usr/bin/cmake --install /home/a/uav/build/my_uav
