[0.018s] Invoking command in '/home/a/ros2_ws/build/px4_ros_com': CMAKE_PREFIX_PATH=/home/a/ros2_ws/install/px4_msgs:/home/a/ros2_ws/install/px4_ros_com:/home/a/ros2_ws/install/my_uav:/opt/ros/galactic LD_LIBRARY_PATH=/home/a/ros2_ws/install/px4_msgs/lib:/home/a/ros2_ws/install/px4_ros_com/lib:/usr/lib/x86_64-linux-gnu/gazebo-11/plugins:/opt/ros/galactic/opt/yaml_cpp_vendor/lib:/opt/ros/galactic/opt/rviz_ogre_vendor/lib:/opt/ros/galactic/lib/x86_64-linux-gnu:/opt/ros/galactic/lib:/home/a/PX4-Autopilot/build/px4_sitl_default/build_gazebo-classic /usr/bin/cmake --build /home/a/ros2_ws/build/px4_ros_com -- -j2 -l2
[0.062s] [35m[1mScanning dependencies of target offboard_control_mode[0m
[0.075s] [  7%] Built target my_uav_node
[0.088s] [ 10%] [32mBuilding CXX object CMakeFiles/offboard_control_mode.dir/src/examples/offboard/offboard_control_mode.cpp.o[0m
[0.106s] [ 17%] Built target commander
[0.136s] [ 25%] Built target frame_transforms
[0.152s] [35m[1mScanning dependencies of target offboard_control[0m
[0.184s] [ 28%] [32mBuilding CXX object CMakeFiles/offboard_control.dir/src/examples/offboard/offboard_control.cpp.o[0m
[9.207s] [ 32%] [32m[1mLinking CXX executable offboard_control_mode[0m
[9.385s] [ 32%] Built target offboard_control_mode
[9.400s] [35m[1mScanning dependencies of target arm[0m
[9.449s] [ 35%] [32mBuilding CXX object CMakeFiles/arm.dir/src/examples/offboard/arm.cpp.o[0m
[11.633s] [01m[K/home/a/ros2_ws/src/px4_ros_com/src/examples/offboard/arm.cpp:[m[K In member function ‘[01m[Kvoid arm::publish_vehicle_command(uint16_t, float)[m[K’:
[11.633s] [01m[K/home/a/ros2_ws/src/px4_ros_com/src/examples/offboard/arm.cpp:73:38:[m[K [01;31m[Kerror: [m[K‘[01m[KVehicleStatus[m[K’ is not a member of ‘[01m[Kpx4_msgs::msg[m[K’
[11.633s]    73 |  rclcpp::Subscription<px4_msgs::msg::[01;31m[KVehicleStatus[m[K>::SharedPtr subscription_;
[11.633s]       |                                      [01;31m[K^~~~~~~~~~~~~[m[K
[11.633s] [01m[K/home/a/ros2_ws/src/px4_ros_com/src/examples/offboard/arm.cpp:73:51:[m[K [01;31m[Kerror: [m[Ktemplate argument 1 is invalid
[11.633s]    73 |  rclcpp::Subscription<px4_msgs::msg::VehicleStatus[01;31m[K>[m[K::SharedPtr subscription_;
[11.633s]       |                                                   [01;31m[K^[m[K
[11.633s] [01m[K/home/a/ros2_ws/src/px4_ros_com/src/examples/offboard/arm.cpp:73:51:[m[K [01;31m[Kerror: [m[Ktemplate argument 3 is invalid
[11.633s] [01m[K/home/a/ros2_ws/src/px4_ros_com/src/examples/offboard/arm.cpp:73:64:[m[K [01;31m[Kerror: [m[Kexpected initializer before ‘[01m[Ksubscription_[m[K’
[11.634s]    73 |  rclcpp::Subscription<px4_msgs::msg::VehicleStatus>::SharedPtr [01;31m[Ksubscription_[m[K;
[11.634s]       |                                                                [01;31m[K^~~~~~~~~~~~~[m[K
[11.638s] [01m[K/home/a/ros2_ws/src/px4_ros_com/src/examples/offboard/arm.cpp:77:2:[m[K [01;31m[Kerror: [m[K‘[01m[Ksubscription_[m[K’ was not declared in this scope; did you mean ‘[01m[Krcl_subscription_t[m[K’?
[11.638s]    77 |  [01;31m[Ksubscription_[m[K = this->create_subscription<px4_msgs::msg::VehicleStatus>(VehicleStatus_topic, qos,
[11.638s]       |  [01;31m[K^~~~~~~~~~~~~[m[K
[11.638s]       |  [32m[Krcl_subscription_t[m[K
[11.639s] [01m[K/home/a/ros2_ws/src/px4_ros_com/src/examples/offboard/arm.cpp:77:59:[m[K [01;31m[Kerror: [m[K‘[01m[KVehicleStatus[m[K’ is not a member of ‘[01m[Kpx4_msgs::msg[m[K’
[11.639s]    77 |  subscription_ = this->create_subscription<px4_msgs::msg::[01;31m[KVehicleStatus[m[K>(VehicleStatus_topic, qos,
[11.639s]       |                                                           [01;31m[K^~~~~~~~~~~~~[m[K
[11.640s] [01m[K/home/a/ros2_ws/src/px4_ros_com/src/examples/offboard/arm.cpp:78:36:[m[K [01;31m[Kerror: [m[K‘[01m[KVehicleStatus[m[K’ in namespace ‘[01m[Kpx4_msgs::msg[m[K’ does not name a type
[11.640s]    78 |  [this, &msg](const px4_msgs::msg::[01;31m[KVehicleStatus[m[K::UniquePtr msg2) {
[11.640s]       |                                    [01;31m[K^~~~~~~~~~~~~[m[K
[11.641s] [01m[K/home/a/ros2_ws/src/px4_ros_com/src/examples/offboard/arm.cpp:[m[K In lambda function:
[11.641s] [01m[K/home/a/ros2_ws/src/px4_ros_com/src/examples/offboard/arm.cpp:83:4:[m[K [01;31m[Kerror: [m[Kexpected ‘[01m[K{[m[K’ before ‘[01m[K;[m[K’ token
[11.641s]    83 |  })[01;31m[K;[m[K
[11.641s]       |    [01;31m[K^[m[K
[11.641s] [01m[K/home/a/ros2_ws/src/px4_ros_com/src/examples/offboard/arm.cpp:[m[K In member function ‘[01m[Kvoid arm::publish_vehicle_command(uint16_t, float)[m[K’:
[11.641s] [01m[K/home/a/ros2_ws/src/px4_ros_com/src/examples/offboard/arm.cpp:83:4:[m[K [01;31m[Kerror: [m[Kexpected ‘[01m[K)[m[K’ before ‘[01m[K;[m[K’ token
[11.641s]    83 |  })[01;31m[K;[m[K
[11.641s]       |    [01;31m[K^[m[K
[11.642s]       |    [32m[K)[m[K
[11.642s] [01m[K/home/a/ros2_ws/src/px4_ros_com/src/examples/offboard/arm.cpp:77:73:[m[K [01;36m[Knote: [m[Kto match this ‘[01m[K([m[K’
[11.642s]    77 |  subscription_ = this->create_subscription<px4_msgs::msg::VehicleStatus>[01;36m[K([m[KVehicleStatus_topic, qos,
[11.642s]       |                                                                         [01;36m[K^[m[K
[12.862s] make[2]: *** [CMakeFiles/arm.dir/build.make:63：CMakeFiles/arm.dir/src/examples/offboard/arm.cpp.o] 错误 1
[12.862s] make[1]: *** [CMakeFiles/Makefile2:293：CMakeFiles/arm.dir/all] 错误 2
[12.863s] make[1]: *** 正在等待未完成的任务....
[19.102s] [ 39%] [32m[1mLinking CXX executable offboard_control[0m
[19.355s] [ 39%] Built target offboard_control
[19.358s] make: *** [Makefile:141：all] 错误 2
[19.363s] Invoked command in '/home/a/ros2_ws/build/px4_ros_com' returned '2': CMAKE_PREFIX_PATH=/home/a/ros2_ws/install/px4_msgs:/home/a/ros2_ws/install/px4_ros_com:/home/a/ros2_ws/install/my_uav:/opt/ros/galactic LD_LIBRARY_PATH=/home/a/ros2_ws/install/px4_msgs/lib:/home/a/ros2_ws/install/px4_ros_com/lib:/usr/lib/x86_64-linux-gnu/gazebo-11/plugins:/opt/ros/galactic/opt/yaml_cpp_vendor/lib:/opt/ros/galactic/opt/rviz_ogre_vendor/lib:/opt/ros/galactic/lib/x86_64-linux-gnu:/opt/ros/galactic/lib:/home/a/PX4-Autopilot/build/px4_sitl_default/build_gazebo-classic /usr/bin/cmake --build /home/a/ros2_ws/build/px4_ros_com -- -j2 -l2
