-- The C compiler identification is GNU 9.4.0
-- The CXX compiler identification is GNU 9.4.0
-- Check for working C compiler: /usr/bin/cc
-- Check for working C compiler: /usr/bin/cc -- works
-- Detecting C compiler ABI info
-- Detecting C compiler ABI info - done
-- Detecting C compile features
-- Detecting C compile features - done
-- Check for working CXX compiler: /usr/bin/c++
-- Check for working CXX compiler: /usr/bin/c++ -- works
-- Detecting CXX compiler ABI info
-- Detecting CXX compiler ABI info - done
-- Detecting CXX compile features
-- Detecting CXX compile features - done
-- Found ament_cmake: 1.1.6 (/opt/ros/galactic/share/ament_cmake/cmake)
-- Found PythonInterp: /usr/bin/python3 (found suitable version "3.8.10", minimum required is "3") 
-- Using PYTHON_EXECUTABLE: /usr/bin/python3
-- Found rclcpp: 9.2.2 (/opt/ros/galactic/share/rclcpp/cmake)
-- Using all available rosidl_typesupport_c: rosidl_typesupport_fastrtps_c;rosidl_typesupport_introspection_c
-- Found rosidl_adapter: 2.2.3 (/opt/ros/galactic/share/rosidl_adapter/cmake)
-- Found OpenSSL: /usr/lib/x86_64-linux-gnu/libcrypto.so (found version "1.1.1f")  
-- Found FastRTPS: /opt/ros/galactic/include  
-- Using all available rosidl_typesupport_cpp: rosidl_typesupport_fastrtps_cpp;rosidl_typesupport_introspection_cpp
-- Found rmw_implementation_cmake: 3.3.1 (/opt/ros/galactic/share/rmw_implementation_cmake/cmake)
-- Found rmw_cyclonedds_cpp: 0.22.6 (/opt/ros/galactic/share/rmw_cyclonedds_cpp/cmake)
-- Using RMW implementation 'rmw_cyclonedds_cpp' as default
-- Looking for pthread.h
-- Looking for pthread.h - found
-- Performing Test CMAKE_HAVE_LIBC_PTHREAD
-- Performing Test CMAKE_HAVE_LIBC_PTHREAD - Failed
-- Looking for pthread_create in pthreads
-- Looking for pthread_create in pthreads - not found
-- Looking for pthread_create in pthread
-- Looking for pthread_create in pthread - found
-- Found Threads: TRUE  
-- Found sensor_msgs: 2.2.4 (/opt/ros/galactic/share/sensor_msgs/cmake)
-- Configuring done
-- Generating done
-- Build files have been written to: /home/a/attack/build/spoofing_attack
[35m[1mScanning dependencies of target fake_gps_node[0m
[ 50%] [32mBuilding CXX object CMakeFiles/fake_gps_node.dir/src/fake_gps_node.cpp.o[0m
[100%] [32m[1mLinking CXX executable fake_gps_node[0m
[100%] Built target fake_gps_node
-- Install configuration: ""
-- Installing: /home/a/attack/install/spoofing_attack/lib/spoofing_attack/fake_gps_node
-- Set runtime path of "/home/a/attack/install/spoofing_attack/lib/spoofing_attack/fake_gps_node" to ""
-- Installing: /home/a/attack/install/spoofing_attack/share/ament_index/resource_index/package_run_dependencies/spoofing_attack
-- Installing: /home/a/attack/install/spoofing_attack/share/ament_index/resource_index/parent_prefix_path/spoofing_attack
-- Installing: /home/a/attack/install/spoofing_attack/share/spoofing_attack/environment/ament_prefix_path.sh
-- Installing: /home/a/attack/install/spoofing_attack/share/spoofing_attack/environment/ament_prefix_path.dsv
-- Installing: /home/a/attack/install/spoofing_attack/share/spoofing_attack/environment/path.sh
-- Installing: /home/a/attack/install/spoofing_attack/share/spoofing_attack/environment/path.dsv
-- Installing: /home/a/attack/install/spoofing_attack/share/spoofing_attack/local_setup.bash
-- Installing: /home/a/attack/install/spoofing_attack/share/spoofing_attack/local_setup.sh
-- Installing: /home/a/attack/install/spoofing_attack/share/spoofing_attack/local_setup.zsh
-- Installing: /home/a/attack/install/spoofing_attack/share/spoofing_attack/local_setup.dsv
-- Installing: /home/a/attack/install/spoofing_attack/share/spoofing_attack/package.dsv
-- Installing: /home/a/attack/install/spoofing_attack/share/ament_index/resource_index/packages/spoofing_attack
-- Installing: /home/a/attack/install/spoofing_attack/share/spoofing_attack/cmake/spoofing_attackConfig.cmake
-- Installing: /home/a/attack/install/spoofing_attack/share/spoofing_attack/cmake/spoofing_attackConfig-version.cmake
-- Installing: /home/a/attack/install/spoofing_attack/share/spoofing_attack/package.xml
