-- Found ament_cmake: 1.1.6 (/opt/ros/galactic/share/ament_cmake/cmake)
-- Found PythonInterp: /usr/bin/python3 (found suitable version "3.8.10", minimum required is "3") 
-- Using PYTHON_EXECUTABLE: /usr/bin/python3
-- Found ament_lint_auto: 0.10.7 (/opt/ros/galactic/share/ament_lint_auto/cmake)
-- Found rosidl_default_generators: 1.1.1 (/opt/ros/galactic/share/rosidl_default_generators/cmake)
-- Using all available rosidl_typesupport_c: rosidl_typesupport_fastrtps_c;rosidl_typesupport_introspection_c
-- Found rosidl_adapter: 2.2.3 (/opt/ros/galactic/share/rosidl_adapter/cmake)
-- Using all available rosidl_typesupport_cpp: rosidl_typesupport_fastrtps_cpp;rosidl_typesupport_introspection_cpp
-- Found PythonInterp: /usr/bin/python3 (found version "3.8.10") 
-- Found ament_cmake_ros: 0.9.2 (/opt/ros/galactic/share/ament_cmake_ros/cmake)
-- Using all available rosidl_typesupport_c: rosidl_typesupport_fastrtps_c;rosidl_typesupport_introspection_c
-- Using all available rosidl_typesupport_cpp: rosidl_typesupport_fastrtps_cpp;rosidl_typesupport_introspection_cpp
-- Found PythonInterp: /usr/bin/python3 (found suitable version "3.8.10", minimum required is "3.5") 
-- Found python_cmake_module: 0.8.1 (/opt/ros/galactic/share/python_cmake_module/cmake)
-- Found PythonLibs: /usr/lib/x86_64-linux-gnu/libpython3.8.so (found suitable version "3.8.10", minimum required is "3.5") 
-- Using PYTHON_EXECUTABLE: /usr/bin/python3
-- Using PYTHON_INCLUDE_DIRS: /usr/include/python3.8
-- Using PYTHON_LIBRARIES: /usr/lib/x86_64-linux-gnu/libpython3.8.so
-- Found PythonExtra: .so  
-- Added test 'copyright' to check source files copyright and LICENSE
-- Added test 'lint_cmake' to check CMake code style
-- Added test 'xmllint' to check XML markup files
-- Configuring done
-- Generating done
-- Build files have been written to: /home/a/ros2_ws/build/my_msg
[  3%] [34m[1mGenerating C code for ROS interfaces[0m
[35m[1mScanning dependencies of target my_msg__cpp[0m
[  6%] [34m[1mGenerating C++ code for ROS interfaces[0m
[  6%] Built target my_msg__cpp
[35m[1mScanning dependencies of target my_msg__rosidl_generator_c[0m
[  9%] [34m[1mGenerating C++ introspection for ROS interfaces[0m
[ 12%] [32mBuilding C object CMakeFiles/my_msg__rosidl_generator_c.dir/rosidl_generator_c/my_msg/msg/detail/position__functions.c.o[0m
[ 16%] [32m[1mLinking C shared library libmy_msg__rosidl_generator_c.so[0m
[ 16%] Built target my_msg__rosidl_generator_c
[ 19%] [34m[1mGenerating C++ type support for eProsima Fast-RTPS[0m
[35m[1mScanning dependencies of target my_msg__rosidl_typesupport_introspection_cpp[0m
[ 22%] [32mBuilding CXX object CMakeFiles/my_msg__rosidl_typesupport_introspection_cpp.dir/rosidl_typesupport_introspection_cpp/my_msg/msg/detail/position__type_support.cpp.o[0m
[35m[1mScanning dependencies of target my_msg__rosidl_typesupport_fastrtps_cpp[0m
[ 25%] [32mBuilding CXX object CMakeFiles/my_msg__rosidl_typesupport_fastrtps_cpp.dir/rosidl_typesupport_fastrtps_cpp/my_msg/msg/detail/dds_fastrtps/position__type_support.cpp.o[0m
[ 29%] [32m[1mLinking CXX shared library libmy_msg__rosidl_typesupport_introspection_cpp.so[0m
[ 29%] Built target my_msg__rosidl_typesupport_introspection_cpp
[ 32%] [34m[1mGenerating C++ type support dispatch for ROS interfaces[0m
[35m[1mScanning dependencies of target my_msg__rosidl_typesupport_cpp[0m
[ 35%] [32m[1mLinking CXX shared library libmy_msg__rosidl_typesupport_fastrtps_cpp.so[0m
[ 38%] [32mBuilding CXX object CMakeFiles/my_msg__rosidl_typesupport_cpp.dir/rosidl_typesupport_cpp/my_msg/msg/position__type_support.cpp.o[0m
[ 38%] Built target my_msg__rosidl_typesupport_fastrtps_cpp
[ 41%] [34m[1mGenerating C type support dispatch for ROS interfaces[0m
[ 45%] [32m[1mLinking CXX shared library libmy_msg__rosidl_typesupport_cpp.so[0m
[35m[1mScanning dependencies of target my_msg__rosidl_typesupport_c[0m
[ 48%] [32mBuilding CXX object CMakeFiles/my_msg__rosidl_typesupport_c.dir/rosidl_typesupport_c/my_msg/msg/position__type_support.cpp.o[0m
[ 48%] Built target my_msg__rosidl_typesupport_cpp
[ 51%] [34m[1mGenerating C introspection for ROS interfaces[0m
[ 54%] [32m[1mLinking CXX shared library libmy_msg__rosidl_typesupport_c.so[0m
[ 54%] Built target my_msg__rosidl_typesupport_c
[ 58%] [34m[1mGenerating C type support for eProsima Fast-RTPS[0m
[35m[1mScanning dependencies of target my_msg__rosidl_typesupport_introspection_c[0m
[ 61%] [32mBuilding C object CMakeFiles/my_msg__rosidl_typesupport_introspection_c.dir/rosidl_typesupport_introspection_c/my_msg/msg/detail/position__type_support.c.o[0m
[ 64%] [32m[1mLinking C shared library libmy_msg__rosidl_typesupport_introspection_c.so[0m
[ 64%] Built target my_msg__rosidl_typesupport_introspection_c
[35m[1mScanning dependencies of target my_msg__rosidl_typesupport_fastrtps_c[0m
[ 67%] [32mBuilding CXX object CMakeFiles/my_msg__rosidl_typesupport_fastrtps_c.dir/rosidl_typesupport_fastrtps_c/my_msg/msg/detail/position__type_support_c.cpp.o[0m
[ 70%] [32m[1mLinking CXX shared library libmy_msg__rosidl_typesupport_fastrtps_c.so[0m
[ 70%] Built target my_msg__rosidl_typesupport_fastrtps_c
[35m[1mScanning dependencies of target my_msg[0m
[ 70%] Built target my_msg
[35m[1mScanning dependencies of target my_msg__py[0m
[ 74%] [34m[1mGenerating Python code for ROS interfaces[0m
[ 74%] Built target my_msg__py
[35m[1mScanning dependencies of target my_msg__python[0m
[ 77%] [32mBuilding C object CMakeFiles/my_msg__python.dir/rosidl_generator_py/my_msg/msg/_position_s.c.o[0m
[ 80%] [32m[1mLinking C shared library rosidl_generator_py/my_msg/libmy_msg__python.so[0m
[ 80%] Built target my_msg__python
[35m[1mScanning dependencies of target my_msg__rosidl_typesupport_c__pyext[0m
[35m[1mScanning dependencies of target my_msg__rosidl_typesupport_fastrtps_c__pyext[0m
[ 83%] [32mBuilding C object CMakeFiles/my_msg__rosidl_typesupport_fastrtps_c__pyext.dir/rosidl_generator_py/my_msg/_my_msg_s.ep.rosidl_typesupport_fastrtps_c.c.o[0m
[ 87%] [32mBuilding C object CMakeFiles/my_msg__rosidl_typesupport_c__pyext.dir/rosidl_generator_py/my_msg/_my_msg_s.ep.rosidl_typesupport_c.c.o[0m
[ 90%] [32m[1mLinking CXX shared library rosidl_generator_py/my_msg/my_msg_s__rosidl_typesupport_fastrtps_c.cpython-38-x86_64-linux-gnu.so[0m
[ 93%] [32m[1mLinking C shared library rosidl_generator_py/my_msg/my_msg_s__rosidl_typesupport_c.cpython-38-x86_64-linux-gnu.so[0m
[ 93%] Built target my_msg__rosidl_typesupport_c__pyext
[35m[1mScanning dependencies of target my_msg__rosidl_typesupport_introspection_c__pyext[0m
[ 93%] Built target my_msg__rosidl_typesupport_fastrtps_c__pyext
[ 96%] [32mBuilding C object CMakeFiles/my_msg__rosidl_typesupport_introspection_c__pyext.dir/rosidl_generator_py/my_msg/_my_msg_s.ep.rosidl_typesupport_introspection_c.c.o[0m
[100%] [32m[1mLinking C shared library rosidl_generator_py/my_msg/my_msg_s__rosidl_typesupport_introspection_c.cpython-38-x86_64-linux-gnu.so[0m
[100%] Built target my_msg__rosidl_typesupport_introspection_c__pyext
-- Install configuration: ""
-- Installing: /home/a/ros2_ws/install/my_msg/share/ament_index/resource_index/rosidl_interfaces/my_msg
-- Installing: /home/a/ros2_ws/install/my_msg/include/my_msg
-- Installing: /home/a/ros2_ws/install/my_msg/include/my_msg/msg
-- Installing: /home/a/ros2_ws/install/my_msg/include/my_msg/msg/position.h
-- Installing: /home/a/ros2_ws/install/my_msg/include/my_msg/msg/rosidl_generator_c__visibility_control.h
-- Installing: /home/a/ros2_ws/install/my_msg/include/my_msg/msg/detail
-- Installing: /home/a/ros2_ws/install/my_msg/include/my_msg/msg/detail/position__type_support.h
-- Installing: /home/a/ros2_ws/install/my_msg/include/my_msg/msg/detail/position__functions.h
-- Installing: /home/a/ros2_ws/install/my_msg/include/my_msg/msg/detail/position__functions.c
-- Installing: /home/a/ros2_ws/install/my_msg/include/my_msg/msg/detail/position__struct.h
-- Installing: /home/a/ros2_ws/install/my_msg/share/my_msg/environment/library_path.sh
-- Installing: /home/a/ros2_ws/install/my_msg/share/my_msg/environment/library_path.dsv
-- Installing: /home/a/ros2_ws/install/my_msg/lib/libmy_msg__rosidl_generator_c.so
-- Set runtime path of "/home/a/ros2_ws/install/my_msg/lib/libmy_msg__rosidl_generator_c.so" to ""
-- Up-to-date: /home/a/ros2_ws/install/my_msg/include/my_msg
-- Up-to-date: /home/a/ros2_ws/install/my_msg/include/my_msg/msg
-- Installing: /home/a/ros2_ws/install/my_msg/include/my_msg/msg/rosidl_typesupport_fastrtps_c__visibility_control.h
-- Up-to-date: /home/a/ros2_ws/install/my_msg/include/my_msg/msg/detail
-- Installing: /home/a/ros2_ws/install/my_msg/include/my_msg/msg/detail/position__rosidl_typesupport_fastrtps_c.h
-- Installing: /home/a/ros2_ws/install/my_msg/lib/libmy_msg__rosidl_typesupport_fastrtps_c.so
-- Set runtime path of "/home/a/ros2_ws/install/my_msg/lib/libmy_msg__rosidl_typesupport_fastrtps_c.so" to ""
-- Up-to-date: /home/a/ros2_ws/install/my_msg/include/my_msg
-- Up-to-date: /home/a/ros2_ws/install/my_msg/include/my_msg/msg
-- Installing: /home/a/ros2_ws/install/my_msg/include/my_msg/msg/rosidl_typesupport_fastrtps_cpp__visibility_control.h
-- Up-to-date: /home/a/ros2_ws/install/my_msg/include/my_msg/msg/detail
-- Installing: /home/a/ros2_ws/install/my_msg/include/my_msg/msg/detail/position__rosidl_typesupport_fastrtps_cpp.hpp
-- Installing: /home/a/ros2_ws/install/my_msg/include/my_msg/msg/detail/dds_fastrtps
-- Installing: /home/a/ros2_ws/install/my_msg/lib/libmy_msg__rosidl_typesupport_fastrtps_cpp.so
-- Set runtime path of "/home/a/ros2_ws/install/my_msg/lib/libmy_msg__rosidl_typesupport_fastrtps_cpp.so" to ""
-- Up-to-date: /home/a/ros2_ws/install/my_msg/include/my_msg
-- Up-to-date: /home/a/ros2_ws/install/my_msg/include/my_msg/msg
-- Installing: /home/a/ros2_ws/install/my_msg/include/my_msg/msg/rosidl_typesupport_introspection_c__visibility_control.h
-- Up-to-date: /home/a/ros2_ws/install/my_msg/include/my_msg/msg/detail
-- Installing: /home/a/ros2_ws/install/my_msg/include/my_msg/msg/detail/position__type_support.c
-- Installing: /home/a/ros2_ws/install/my_msg/include/my_msg/msg/detail/position__rosidl_typesupport_introspection_c.h
-- Installing: /home/a/ros2_ws/install/my_msg/lib/libmy_msg__rosidl_typesupport_introspection_c.so
-- Set runtime path of "/home/a/ros2_ws/install/my_msg/lib/libmy_msg__rosidl_typesupport_introspection_c.so" to ""
-- Installing: /home/a/ros2_ws/install/my_msg/lib/libmy_msg__rosidl_typesupport_c.so
-- Set runtime path of "/home/a/ros2_ws/install/my_msg/lib/libmy_msg__rosidl_typesupport_c.so" to ""
-- Up-to-date: /home/a/ros2_ws/install/my_msg/include/my_msg
-- Up-to-date: /home/a/ros2_ws/install/my_msg/include/my_msg/msg
-- Installing: /home/a/ros2_ws/install/my_msg/include/my_msg/msg/position.hpp
-- Up-to-date: /home/a/ros2_ws/install/my_msg/include/my_msg/msg/detail
-- Installing: /home/a/ros2_ws/install/my_msg/include/my_msg/msg/detail/position__struct.hpp
-- Installing: /home/a/ros2_ws/install/my_msg/include/my_msg/msg/detail/position__traits.hpp
-- Installing: /home/a/ros2_ws/install/my_msg/include/my_msg/msg/detail/position__builder.hpp
-- Up-to-date: /home/a/ros2_ws/install/my_msg/include/my_msg
-- Up-to-date: /home/a/ros2_ws/install/my_msg/include/my_msg/msg
-- Up-to-date: /home/a/ros2_ws/install/my_msg/include/my_msg/msg/detail
-- Installing: /home/a/ros2_ws/install/my_msg/include/my_msg/msg/detail/position__type_support.cpp
-- Installing: /home/a/ros2_ws/install/my_msg/include/my_msg/msg/detail/position__rosidl_typesupport_introspection_cpp.hpp
-- Installing: /home/a/ros2_ws/install/my_msg/lib/libmy_msg__rosidl_typesupport_introspection_cpp.so
-- Set runtime path of "/home/a/ros2_ws/install/my_msg/lib/libmy_msg__rosidl_typesupport_introspection_cpp.so" to ""
-- Installing: /home/a/ros2_ws/install/my_msg/lib/libmy_msg__rosidl_typesupport_cpp.so
-- Set runtime path of "/home/a/ros2_ws/install/my_msg/lib/libmy_msg__rosidl_typesupport_cpp.so" to ""
-- Installing: /home/a/ros2_ws/install/my_msg/share/my_msg/environment/pythonpath.sh
-- Installing: /home/a/ros2_ws/install/my_msg/share/my_msg/environment/pythonpath.dsv
-- Installing: /home/a/ros2_ws/install/my_msg/lib/python3.8/site-packages/my_msg/__init__.py
Compiling '/home/a/ros2_ws/install/my_msg/lib/python3.8/site-packages/my_msg/__init__.py'...
-- Installing: /home/a/ros2_ws/install/my_msg/lib/python3.8/site-packages/my_msg/msg
-- Installing: /home/a/ros2_ws/install/my_msg/lib/python3.8/site-packages/my_msg/msg/_position_s.c
-- Installing: /home/a/ros2_ws/install/my_msg/lib/python3.8/site-packages/my_msg/msg/__init__.py
-- Installing: /home/a/ros2_ws/install/my_msg/lib/python3.8/site-packages/my_msg/msg/_position.py
-- Installing: /home/a/ros2_ws/install/my_msg/lib/python3.8/site-packages/my_msg/my_msg_s__rosidl_typesupport_fastrtps_c.cpython-38-x86_64-linux-gnu.so
-- Set runtime path of "/home/a/ros2_ws/install/my_msg/lib/python3.8/site-packages/my_msg/my_msg_s__rosidl_typesupport_fastrtps_c.cpython-38-x86_64-linux-gnu.so" to ""
-- Installing: /home/a/ros2_ws/install/my_msg/lib/python3.8/site-packages/my_msg/my_msg_s__rosidl_typesupport_introspection_c.cpython-38-x86_64-linux-gnu.so
-- Set runtime path of "/home/a/ros2_ws/install/my_msg/lib/python3.8/site-packages/my_msg/my_msg_s__rosidl_typesupport_introspection_c.cpython-38-x86_64-linux-gnu.so" to ""
-- Installing: /home/a/ros2_ws/install/my_msg/lib/python3.8/site-packages/my_msg/my_msg_s__rosidl_typesupport_c.cpython-38-x86_64-linux-gnu.so
-- Set runtime path of "/home/a/ros2_ws/install/my_msg/lib/python3.8/site-packages/my_msg/my_msg_s__rosidl_typesupport_c.cpython-38-x86_64-linux-gnu.so" to ""
-- Installing: /home/a/ros2_ws/install/my_msg/lib/libmy_msg__python.so
-- Set runtime path of "/home/a/ros2_ws/install/my_msg/lib/libmy_msg__python.so" to ""
-- Installing: /home/a/ros2_ws/install/my_msg/share/my_msg/msg/Position.idl
-- Installing: /home/a/ros2_ws/install/my_msg/share/my_msg/msg/Position.msg
-- Installing: /home/a/ros2_ws/install/my_msg/share/ament_index/resource_index/package_run_dependencies/my_msg
-- Installing: /home/a/ros2_ws/install/my_msg/share/ament_index/resource_index/parent_prefix_path/my_msg
-- Installing: /home/a/ros2_ws/install/my_msg/share/my_msg/environment/ament_prefix_path.sh
-- Installing: /home/a/ros2_ws/install/my_msg/share/my_msg/environment/ament_prefix_path.dsv
-- Installing: /home/a/ros2_ws/install/my_msg/share/my_msg/environment/path.sh
-- Installing: /home/a/ros2_ws/install/my_msg/share/my_msg/environment/path.dsv
-- Installing: /home/a/ros2_ws/install/my_msg/share/my_msg/local_setup.bash
-- Installing: /home/a/ros2_ws/install/my_msg/share/my_msg/local_setup.sh
-- Installing: /home/a/ros2_ws/install/my_msg/share/my_msg/local_setup.zsh
-- Installing: /home/a/ros2_ws/install/my_msg/share/my_msg/local_setup.dsv
-- Installing: /home/a/ros2_ws/install/my_msg/share/my_msg/package.dsv
-- Installing: /home/a/ros2_ws/install/my_msg/share/ament_index/resource_index/packages/my_msg
-- Installing: /home/a/ros2_ws/install/my_msg/share/my_msg/cmake/my_msg__rosidl_generator_cExport.cmake
-- Installing: /home/a/ros2_ws/install/my_msg/share/my_msg/cmake/my_msg__rosidl_generator_cExport-noconfig.cmake
-- Installing: /home/a/ros2_ws/install/my_msg/share/my_msg/cmake/my_msg__rosidl_typesupport_introspection_cExport.cmake
-- Installing: /home/a/ros2_ws/install/my_msg/share/my_msg/cmake/my_msg__rosidl_typesupport_introspection_cExport-noconfig.cmake
-- Installing: /home/a/ros2_ws/install/my_msg/share/my_msg/cmake/my_msg__rosidl_typesupport_cExport.cmake
-- Installing: /home/a/ros2_ws/install/my_msg/share/my_msg/cmake/my_msg__rosidl_typesupport_cExport-noconfig.cmake
-- Installing: /home/a/ros2_ws/install/my_msg/share/my_msg/cmake/my_msg__rosidl_generator_cppExport.cmake
-- Installing: /home/a/ros2_ws/install/my_msg/share/my_msg/cmake/my_msg__rosidl_typesupport_introspection_cppExport.cmake
-- Installing: /home/a/ros2_ws/install/my_msg/share/my_msg/cmake/my_msg__rosidl_typesupport_introspection_cppExport-noconfig.cmake
-- Installing: /home/a/ros2_ws/install/my_msg/share/my_msg/cmake/my_msg__rosidl_typesupport_cppExport.cmake
-- Installing: /home/a/ros2_ws/install/my_msg/share/my_msg/cmake/my_msg__rosidl_typesupport_cppExport-noconfig.cmake
-- Installing: /home/a/ros2_ws/install/my_msg/share/my_msg/cmake/rosidl_cmake-extras.cmake
-- Installing: /home/a/ros2_ws/install/my_msg/share/my_msg/cmake/ament_cmake_export_dependencies-extras.cmake
-- Installing: /home/a/ros2_ws/install/my_msg/share/my_msg/cmake/ament_cmake_export_libraries-extras.cmake
-- Installing: /home/a/ros2_ws/install/my_msg/share/my_msg/cmake/ament_cmake_export_targets-extras.cmake
-- Installing: /home/a/ros2_ws/install/my_msg/share/my_msg/cmake/ament_cmake_export_include_directories-extras.cmake
-- Installing: /home/a/ros2_ws/install/my_msg/share/my_msg/cmake/rosidl_cmake_export_typesupport_libraries-extras.cmake
-- Installing: /home/a/ros2_ws/install/my_msg/share/my_msg/cmake/rosidl_cmake_export_typesupport_targets-extras.cmake
-- Installing: /home/a/ros2_ws/install/my_msg/share/my_msg/cmake/my_msgConfig.cmake
-- Installing: /home/a/ros2_ws/install/my_msg/share/my_msg/cmake/my_msgConfig-version.cmake
-- Installing: /home/a/ros2_ws/install/my_msg/share/my_msg/package.xml
