[0.069s] Invoking command in '/home/a/ros2_ws/build/px4_ros_com': CMAKE_PREFIX_PATH=/home/a/ros2_ws/install/px4_msgs:/home/a/ros2_ws/install/px4_ros_com:/home/a/ros2_ws/install/my_uav:/opt/ros/galactic LD_LIBRARY_PATH=/home/a/ros2_ws/install/px4_msgs/lib:/home/a/ros2_ws/install/px4_ros_com/lib:/usr/lib/x86_64-linux-gnu/gazebo-11/plugins:/opt/ros/galactic/opt/yaml_cpp_vendor/lib:/opt/ros/galactic/opt/rviz_ogre_vendor/lib:/opt/ros/galactic/lib/x86_64-linux-gnu:/opt/ros/galactic/lib:/home/a/PX4-Autopilot/build/px4_sitl_default/build_gazebo-classic /usr/bin/cmake --build /home/a/ros2_ws/build/px4_ros_com -- -j2 -l2
[0.269s] [  6%] Built target my_uav_node
[0.316s] [35m[1mScanning dependencies of target offboard_control_mode[0m
[0.438s] [ 10%] [32mBuilding CXX object CMakeFiles/offboard_control_mode.dir/src/examples/offboard/offboard_control_mode.cpp.o[0m
[51.443s] [ 13%] [32m[1mLinking CXX executable offboard_control_mode[0m
[52.284s] [ 13%] Built target offboard_control_mode
[52.331s] [35m[1mScanning dependencies of target commander[0m
[52.388s] [ 16%] [32mBuilding CXX object CMakeFiles/commander.dir/src/examples/offboard/commander.cpp.o[0m
[89.150s] [ 20%] [32m[1mLinking CXX executable commander[0m
[90.195s] [ 20%] Built target commander
[90.319s] [ 26%] Built target arm
[90.516s] [ 33%] Built target frame_transforms
[90.669s] [ 40%] Built target offboard_control
[90.794s] [ 46%] Built target sensor_combined_listener
[90.883s] [ 53%] Built target vehicle_gps_position_listener
[91.060s] [ 60%] Built target debug_vect_advertiser
[91.187s] [ 66%] Built target trajectory_setpoint
[91.297s] [ 73%] Built target vel_yaw
[91.382s] [ 80%] Built target vehicle_attitude_listener
[91.468s] [ 86%] Built target vehicle_status
[91.585s] [ 93%] Built target rates_setpoint
[91.670s] [100%] Built target offboard_position_control
[91.701s] Invoked command in '/home/a/ros2_ws/build/px4_ros_com' returned '0': CMAKE_PREFIX_PATH=/home/a/ros2_ws/install/px4_msgs:/home/a/ros2_ws/install/px4_ros_com:/home/a/ros2_ws/install/my_uav:/opt/ros/galactic LD_LIBRARY_PATH=/home/a/ros2_ws/install/px4_msgs/lib:/home/a/ros2_ws/install/px4_ros_com/lib:/usr/lib/x86_64-linux-gnu/gazebo-11/plugins:/opt/ros/galactic/opt/yaml_cpp_vendor/lib:/opt/ros/galactic/opt/rviz_ogre_vendor/lib:/opt/ros/galactic/lib/x86_64-linux-gnu:/opt/ros/galactic/lib:/home/a/PX4-Autopilot/build/px4_sitl_default/build_gazebo-classic /usr/bin/cmake --build /home/a/ros2_ws/build/px4_ros_com -- -j2 -l2
[91.748s] Invoking command in '/home/a/ros2_ws/build/px4_ros_com': CMAKE_PREFIX_PATH=/home/a/ros2_ws/install/px4_msgs:/home/a/ros2_ws/install/px4_ros_com:/home/a/ros2_ws/install/my_uav:/opt/ros/galactic LD_LIBRARY_PATH=/home/a/ros2_ws/install/px4_msgs/lib:/home/a/ros2_ws/install/px4_ros_com/lib:/usr/lib/x86_64-linux-gnu/gazebo-11/plugins:/opt/ros/galactic/opt/yaml_cpp_vendor/lib:/opt/ros/galactic/opt/rviz_ogre_vendor/lib:/opt/ros/galactic/lib/x86_64-linux-gnu:/opt/ros/galactic/lib:/home/a/PX4-Autopilot/build/px4_sitl_default/build_gazebo-classic /usr/bin/cmake --install /home/a/ros2_ws/build/px4_ros_com
[91.783s] -- Install configuration: "RELWITHDEBINFO"
[91.788s] -- Execute custom install script
[91.792s] -- Up-to-date symlink: /home/a/ros2_ws/install/px4_ros_com/lib/px4_ros_com/sensor_combined_listener
[91.796s] -- Up-to-date symlink: /home/a/ros2_ws/install/px4_ros_com/lib/px4_ros_com/vehicle_gps_position_listener
[91.798s] -- Up-to-date symlink: /home/a/ros2_ws/install/px4_ros_com/lib/px4_ros_com/vehicle_attitude_listener
[91.801s] -- Up-to-date symlink: /home/a/ros2_ws/install/px4_ros_com/lib/px4_ros_com/vehicle_status
[91.802s] -- Up-to-date symlink: /home/a/ros2_ws/install/px4_ros_com/lib/px4_ros_com/debug_vect_advertiser
[91.804s] -- Up-to-date symlink: /home/a/ros2_ws/install/px4_ros_com/lib/px4_ros_com/offboard_control
[91.810s] -- Up-to-date symlink: /home/a/ros2_ws/install/px4_ros_com/lib/px4_ros_com/trajectory_setpoint
[91.812s] -- Up-to-date symlink: /home/a/ros2_ws/install/px4_ros_com/lib/px4_ros_com/vel_yaw
[91.813s] -- Up-to-date symlink: /home/a/ros2_ws/install/px4_ros_com/lib/px4_ros_com/rates_setpoint
[91.814s] -- Up-to-date symlink: /home/a/ros2_ws/install/px4_ros_com/lib/px4_ros_com/offboard_position_control
[91.816s] -- Up-to-date symlink: /home/a/ros2_ws/install/px4_ros_com/lib/px4_ros_com/arm
[91.819s] -- Up-to-date symlink: /home/a/ros2_ws/install/px4_ros_com/lib/px4_ros_com/commander
[91.821s] -- Up-to-date symlink: /home/a/ros2_ws/install/px4_ros_com/lib/px4_ros_com/offboard_control_mode
[91.823s] -- Up-to-date symlink: /home/a/ros2_ws/install/px4_ros_com/lib/px4_ros_com/my_uav_node
[91.827s] -- Up-to-date symlink: /home/a/ros2_ws/install/px4_ros_com/share/px4_ros_com/environment/library_path.sh
[91.828s] -- Up-to-date symlink: /home/a/ros2_ws/install/px4_ros_com/share/px4_ros_com/environment/library_path.dsv
[91.835s] -- Up-to-date symlink: /home/a/ros2_ws/install/px4_ros_com/include/px4_ros_com/frame_transforms.h
[91.839s] -- Up-to-date symlink: /home/a/ros2_ws/install/px4_ros_com/share/px4_ros_com//launch/offboard_control_launch.yaml
[91.839s] -- Up-to-date symlink: /home/a/ros2_ws/install/px4_ros_com/share/px4_ros_com//launch/sensor_combined_listener.launch.py
[91.841s] -- Up-to-date symlink: /home/a/ros2_ws/install/px4_ros_com/share/px4_ros_com//launch/vehicle_attitude_listener.launch.py
[91.843s] -- Up-to-date symlink: /home/a/ros2_ws/install/px4_ros_com/share/px4_ros_com//test/__init__.py
[91.843s] -- Up-to-date symlink: /home/a/ros2_ws/install/px4_ros_com/share/px4_ros_com//test/pipeline_io_test.py
[91.844s] -- Up-to-date symlink: /home/a/ros2_ws/install/px4_ros_com/share/px4_ros_com//test/test_input.py
[91.844s] -- Up-to-date symlink: /home/a/ros2_ws/install/px4_ros_com/share/px4_ros_com//test/test_output.py
[91.846s] -- Up-to-date symlink: /home/a/ros2_ws/install/px4_ros_com/share/ament_index/resource_index/package_run_dependencies/px4_ros_com
[91.848s] -- Up-to-date symlink: /home/a/ros2_ws/install/px4_ros_com/share/ament_index/resource_index/parent_prefix_path/px4_ros_com
[91.848s] -- Up-to-date symlink: /home/a/ros2_ws/install/px4_ros_com/share/px4_ros_com/environment/ament_prefix_path.sh
[91.848s] -- Up-to-date symlink: /home/a/ros2_ws/install/px4_ros_com/share/px4_ros_com/environment/ament_prefix_path.dsv
[91.851s] -- Up-to-date symlink: /home/a/ros2_ws/install/px4_ros_com/share/px4_ros_com/environment/path.sh
[91.851s] -- Up-to-date symlink: /home/a/ros2_ws/install/px4_ros_com/share/px4_ros_com/environment/path.dsv
[91.851s] -- Up-to-date symlink: /home/a/ros2_ws/install/px4_ros_com/share/px4_ros_com/local_setup.bash
[91.851s] -- Up-to-date symlink: /home/a/ros2_ws/install/px4_ros_com/share/px4_ros_com/local_setup.sh
[91.851s] -- Up-to-date symlink: /home/a/ros2_ws/install/px4_ros_com/share/px4_ros_com/local_setup.zsh
[91.852s] -- Up-to-date symlink: /home/a/ros2_ws/install/px4_ros_com/share/px4_ros_com/local_setup.dsv
[91.853s] -- Symlinking: /home/a/ros2_ws/install/px4_ros_com/share/px4_ros_com/package.dsv
[91.871s] -- Up-to-date symlink: /home/a/ros2_ws/install/px4_ros_com/share/ament_index/resource_index/packages/px4_ros_com
[91.875s] -- Up-to-date symlink: /home/a/ros2_ws/install/px4_ros_com/share/px4_ros_com/cmake/ament_cmake_export_dependencies-extras.cmake
[91.877s] -- Up-to-date symlink: /home/a/ros2_ws/install/px4_ros_com/share/px4_ros_com/cmake/ament_cmake_export_targets-extras.cmake
[91.880s] -- Up-to-date symlink: /home/a/ros2_ws/install/px4_ros_com/share/px4_ros_com/cmake/ament_cmake_export_include_directories-extras.cmake
[91.883s] -- Up-to-date symlink: /home/a/ros2_ws/install/px4_ros_com/share/px4_ros_com/cmake/ament_cmake_export_libraries-extras.cmake
[91.886s] -- Up-to-date symlink: /home/a/ros2_ws/install/px4_ros_com/share/px4_ros_com/cmake/px4_ros_comConfig.cmake
[91.887s] -- Up-to-date symlink: /home/a/ros2_ws/install/px4_ros_com/share/px4_ros_com/cmake/px4_ros_comConfig-version.cmake
[91.888s] -- Up-to-date symlink: /home/a/ros2_ws/install/px4_ros_com/share/px4_ros_com/package.xml
[91.897s] -- Up-to-date: /home/a/ros2_ws/install/px4_ros_com/lib/libframe_transforms.so
[91.902s] -- Up-to-date: /home/a/ros2_ws/install/px4_ros_com/share/px4_ros_com/cmake/export_frame_transformsExport.cmake
[91.903s] -- Up-to-date: /home/a/ros2_ws/install/px4_ros_com/share/px4_ros_com/cmake/export_frame_transformsExport-relwithdebinfo.cmake
[91.907s] Invoked command in '/home/a/ros2_ws/build/px4_ros_com' returned '0': CMAKE_PREFIX_PATH=/home/a/ros2_ws/install/px4_msgs:/home/a/ros2_ws/install/px4_ros_com:/home/a/ros2_ws/install/my_uav:/opt/ros/galactic LD_LIBRARY_PATH=/home/a/ros2_ws/install/px4_msgs/lib:/home/a/ros2_ws/install/px4_ros_com/lib:/usr/lib/x86_64-linux-gnu/gazebo-11/plugins:/opt/ros/galactic/opt/yaml_cpp_vendor/lib:/opt/ros/galactic/opt/rviz_ogre_vendor/lib:/opt/ros/galactic/lib/x86_64-linux-gnu:/opt/ros/galactic/lib:/home/a/PX4-Autopilot/build/px4_sitl_default/build_gazebo-classic /usr/bin/cmake --install /home/a/ros2_ws/build/px4_ros_com
