[  7%] Built target my_uav_node
[ 14%] Built target offboard_control_mode
[ 21%] Built target commander
[ 28%] Built target frame_transforms
[35m[1mScanning dependencies of target offboard_control[0m
[ 35%] Built target arm
[ 39%] [32mBuilding CXX object CMakeFiles/offboard_control.dir/src/examples/offboard/offboard_control.cpp.o[0m
[ 46%] Built target sensor_combined_listener
[ 53%] Built target vehicle_gps_position_listener
[ 60%] Built target debug_vect_advertiser
[ 67%] Built target trajectory_setpoint
[ 75%] Built target vel_yaw
[ 82%] Built target vehicle_attitude_listener
[ 89%] Built target rates_setpoint
[ 96%] Built target offboard_position_control
[01m[K/home/a/ros2_ws/src/px4_ros_com/src/examples/offboard/offboard_control.cpp:[m[K In lambda function:
[01m[K/home/a/ros2_ws/src/px4_ros_com/src/examples/offboard/offboard_control.cpp:162:61:[m[K [01;31m[Kerror: [m[Klambda parameter ‘[01m[Kmsg[m[K’ previously declared as a capture
  162 |  [this, &msg]([01;31m[Kconst px4_msgs::msg::VehicleStatus::UniquePtr msg[m[K) {
      |               [01;31m[K~~~~~~~~~~~~~~~~~~~~~~~~~~~~~~~~~~~~~~~~~~~~~~^~~[m[K
[01m[K/home/a/ros2_ws/src/px4_ros_com/src/examples/offboard/offboard_control.cpp:163:7:[m[K [01;31m[Kerror: [m[K‘[01m[Kconst UniquePtr[m[K’ {aka ‘[01m[Kconst class std::unique_ptr<px4_msgs::msg::VehicleStatus_<std::allocator<void> >, std::default_delete<px4_msgs::msg::VehicleStatus_<std::allocator<void> > > >[m[K’} has no member named ‘[01m[Ksource_system[m[K’
  163 |   msg.[01;31m[Ksource_system[m[K = msg->system_id;
      |       [01;31m[K^~~~~~~~~~~~~[m[K
[01m[K/home/a/ros2_ws/src/px4_ros_com/src/examples/offboard/offboard_control.cpp:164:7:[m[K [01;31m[Kerror: [m[K‘[01m[Kconst UniquePtr[m[K’ {aka ‘[01m[Kconst class std::unique_ptr<px4_msgs::msg::VehicleStatus_<std::allocator<void> >, std::default_delete<px4_msgs::msg::VehicleStatus_<std::allocator<void> > > >[m[K’} has no member named ‘[01m[Ktarget_system[m[K’
  164 |   msg.[01;31m[Ktarget_system[m[K = msg->system_id;
      |       [01;31m[K^~~~~~~~~~~~~[m[K
[01m[K/home/a/ros2_ws/src/px4_ros_com/src/examples/offboard/offboard_control.cpp:165:7:[m[K [01;31m[Kerror: [m[K‘[01m[Kconst UniquePtr[m[K’ {aka ‘[01m[Kconst class std::unique_ptr<px4_msgs::msg::VehicleStatus_<std::allocator<void> >, std::default_delete<px4_msgs::msg::VehicleStatus_<std::allocator<void> > > >[m[K’} has no member named ‘[01m[Ksource_component[m[K’
  165 |   msg.[01;31m[Ksource_component[m[K = msg->component_id;
      |       [01;31m[K^~~~~~~~~~~~~~~~[m[K
[01m[K/home/a/ros2_ws/src/px4_ros_com/src/examples/offboard/offboard_control.cpp:166:7:[m[K [01;31m[Kerror: [m[K‘[01m[Kconst UniquePtr[m[K’ {aka ‘[01m[Kconst class std::unique_ptr<px4_msgs::msg::VehicleStatus_<std::allocator<void> >, std::default_delete<px4_msgs::msg::VehicleStatus_<std::allocator<void> > > >[m[K’} has no member named ‘[01m[Ktarget_component[m[K’
  166 |   msg.[01;31m[Ktarget_component[m[K = msg->component_id;
      |       [01;31m[K^~~~~~~~~~~~~~~~[m[K
make[2]: *** [CMakeFiles/offboard_control.dir/build.make:63：CMakeFiles/offboard_control.dir/src/examples/offboard/offboard_control.cpp.o] 错误 1
make[1]: *** [CMakeFiles/Makefile2:266：CMakeFiles/offboard_control.dir/all] 错误 2
make: *** [Makefile:141：all] 错误 2
