[0.016s] Invoking command in '/home/a/ros2_ws/build/px4_ros_com': CMAKE_PREFIX_PATH=/home/a/ros2_ws/install/px4_msgs:/home/a/ros2_ws/install/px4_ros_com:/home/a/ros2_ws/install/my_uav:/opt/ros/galactic LD_LIBRARY_PATH=/home/a/ros2_ws/install/px4_msgs/lib:/home/a/ros2_ws/install/px4_ros_com/lib:/usr/lib/x86_64-linux-gnu/gazebo-11/plugins:/opt/ros/galactic/opt/yaml_cpp_vendor/lib:/opt/ros/galactic/opt/rviz_ogre_vendor/lib:/opt/ros/galactic/lib/x86_64-linux-gnu:/opt/ros/galactic/lib:/home/a/PX4-Autopilot/build/px4_sitl_default/build_gazebo-classic /usr/bin/cmake --build /home/a/ros2_ws/build/px4_ros_com -- -j2 -l2
[0.072s] [  7%] Built target my_uav_node
[0.078s] [ 14%] Built target offboard_control_mode
[0.102s] [ 21%] Built target commander
[0.104s] [ 28%] Built target frame_transforms
[0.118s] [35m[1mScanning dependencies of target offboard_control[0m
[0.145s] [ 35%] Built target arm
[0.151s] [ 39%] [32mBuilding CXX object CMakeFiles/offboard_control.dir/src/examples/offboard/offboard_control.cpp.o[0m
[0.177s] [ 46%] Built target sensor_combined_listener
[0.209s] [ 53%] Built target vehicle_gps_position_listener
[0.246s] [ 60%] Built target debug_vect_advertiser
[0.278s] [ 67%] Built target trajectory_setpoint
[0.311s] [ 75%] Built target vel_yaw
[0.348s] [ 82%] Built target vehicle_attitude_listener
[0.391s] [ 89%] Built target rates_setpoint
[0.425s] [ 96%] Built target offboard_position_control
[2.035s] [01m[K/home/a/ros2_ws/src/px4_ros_com/src/examples/offboard/offboard_control.cpp:[m[K In lambda function:
[2.036s] [01m[K/home/a/ros2_ws/src/px4_ros_com/src/examples/offboard/offboard_control.cpp:162:61:[m[K [01;31m[Kerror: [m[Klambda parameter ‘[01m[Kmsg[m[K’ previously declared as a capture
[2.036s]   162 |  [this, &msg]([01;31m[Kconst px4_msgs::msg::VehicleStatus::UniquePtr msg[m[K) {
[2.036s]       |               [01;31m[K~~~~~~~~~~~~~~~~~~~~~~~~~~~~~~~~~~~~~~~~~~~~~~^~~[m[K
[2.036s] [01m[K/home/a/ros2_ws/src/px4_ros_com/src/examples/offboard/offboard_control.cpp:163:7:[m[K [01;31m[Kerror: [m[K‘[01m[Kconst UniquePtr[m[K’ {aka ‘[01m[Kconst class std::unique_ptr<px4_msgs::msg::VehicleStatus_<std::allocator<void> >, std::default_delete<px4_msgs::msg::VehicleStatus_<std::allocator<void> > > >[m[K’} has no member named ‘[01m[Ksource_system[m[K’
[2.036s]   163 |   msg.[01;31m[Ksource_system[m[K = msg->system_id;
[2.036s]       |       [01;31m[K^~~~~~~~~~~~~[m[K
[2.036s] [01m[K/home/a/ros2_ws/src/px4_ros_com/src/examples/offboard/offboard_control.cpp:164:7:[m[K [01;31m[Kerror: [m[K‘[01m[Kconst UniquePtr[m[K’ {aka ‘[01m[Kconst class std::unique_ptr<px4_msgs::msg::VehicleStatus_<std::allocator<void> >, std::default_delete<px4_msgs::msg::VehicleStatus_<std::allocator<void> > > >[m[K’} has no member named ‘[01m[Ktarget_system[m[K’
[2.036s]   164 |   msg.[01;31m[Ktarget_system[m[K = msg->system_id;
[2.036s]       |       [01;31m[K^~~~~~~~~~~~~[m[K
[2.036s] [01m[K/home/a/ros2_ws/src/px4_ros_com/src/examples/offboard/offboard_control.cpp:165:7:[m[K [01;31m[Kerror: [m[K‘[01m[Kconst UniquePtr[m[K’ {aka ‘[01m[Kconst class std::unique_ptr<px4_msgs::msg::VehicleStatus_<std::allocator<void> >, std::default_delete<px4_msgs::msg::VehicleStatus_<std::allocator<void> > > >[m[K’} has no member named ‘[01m[Ksource_component[m[K’
[2.036s]   165 |   msg.[01;31m[Ksource_component[m[K = msg->component_id;
[2.036s]       |       [01;31m[K^~~~~~~~~~~~~~~~[m[K
[2.036s] [01m[K/home/a/ros2_ws/src/px4_ros_com/src/examples/offboard/offboard_control.cpp:166:7:[m[K [01;31m[Kerror: [m[K‘[01m[Kconst UniquePtr[m[K’ {aka ‘[01m[Kconst class std::unique_ptr<px4_msgs::msg::VehicleStatus_<std::allocator<void> >, std::default_delete<px4_msgs::msg::VehicleStatus_<std::allocator<void> > > >[m[K’} has no member named ‘[01m[Ktarget_component[m[K’
[2.036s]   166 |   msg.[01;31m[Ktarget_component[m[K = msg->component_id;
[2.036s]       |       [01;31m[K^~~~~~~~~~~~~~~~[m[K
[4.294s] make[2]: *** [CMakeFiles/offboard_control.dir/build.make:63：CMakeFiles/offboard_control.dir/src/examples/offboard/offboard_control.cpp.o] 错误 1
[4.296s] make[1]: *** [CMakeFiles/Makefile2:266：CMakeFiles/offboard_control.dir/all] 错误 2
[4.297s] make: *** [Makefile:141：all] 错误 2
[4.298s] Invoked command in '/home/a/ros2_ws/build/px4_ros_com' returned '2': CMAKE_PREFIX_PATH=/home/a/ros2_ws/install/px4_msgs:/home/a/ros2_ws/install/px4_ros_com:/home/a/ros2_ws/install/my_uav:/opt/ros/galactic LD_LIBRARY_PATH=/home/a/ros2_ws/install/px4_msgs/lib:/home/a/ros2_ws/install/px4_ros_com/lib:/usr/lib/x86_64-linux-gnu/gazebo-11/plugins:/opt/ros/galactic/opt/yaml_cpp_vendor/lib:/opt/ros/galactic/opt/rviz_ogre_vendor/lib:/opt/ros/galactic/lib/x86_64-linux-gnu:/opt/ros/galactic/lib:/home/a/PX4-Autopilot/build/px4_sitl_default/build_gazebo-classic /usr/bin/cmake --build /home/a/ros2_ws/build/px4_ros_com -- -j2 -l2
