[0.019s] Invoking command in '/home/a/uav/build/my_uav': CMAKE_PREFIX_PATH=${CMAKE_PREFIX_PATH}:/opt/ros/galactic /usr/bin/cmake --build /home/a/uav/build/my_uav -- -j2 -l2
[0.061s] -- Found ament_cmake: 1.1.6 (/opt/ros/galactic/share/ament_cmake/cmake)
[0.082s] -- Using PYTHON_EXECUTABLE: /usr/bin/python3
[0.160s] -- Found ament_lint_auto: 0.10.7 (/opt/ros/galactic/share/ament_lint_auto/cmake)
[0.220s] -- Found rclcpp: 9.2.2 (/opt/ros/galactic/share/rclcpp/cmake)
[0.265s] -- Using all available rosidl_typesupport_c: rosidl_typesupport_fastrtps_c;rosidl_typesupport_introspection_c
[0.270s] -- Found rosidl_adapter: 2.2.3 (/opt/ros/galactic/share/rosidl_adapter/cmake)
[0.385s] -- Using all available rosidl_typesupport_cpp: rosidl_typesupport_fastrtps_cpp;rosidl_typesupport_introspection_cpp
[0.438s] -- Found rmw_implementation_cmake: 3.3.1 (/opt/ros/galactic/share/rmw_implementation_cmake/cmake)
[0.440s] -- Found rmw_cyclonedds_cpp: 0.22.6 (/opt/ros/galactic/share/rmw_cyclonedds_cpp/cmake)
[0.458s] -- Using RMW implementation 'rmw_cyclonedds_cpp' as default
[0.586s] -- Found sensor_msgs: 2.2.4 (/opt/ros/galactic/share/sensor_msgs/cmake)
[0.724s] -- Found px4_msgs: 2.0.1 (/home/a/ros2_ws/install/px4_msgs/share/px4_msgs/cmake)
[0.753s] -- Added test 'copyright' to check source files copyright and LICENSE
[0.761s] -- Added test 'cppcheck' to perform static code analysis on C / C++ code
[0.762s] -- Configured cppcheck include dirs: 
[0.762s] -- Configured cppcheck exclude dirs and/or files: 
[0.764s] -- Added test 'cpplint' to check C / C++ code against the Google style
[0.764s] -- Configured cpplint exclude dirs and/or files: 
[0.765s] -- Added test 'flake8' to check Python code syntax and style conventions
[0.766s] -- Added test 'lint_cmake' to check CMake code style
[0.766s] -- Added test 'pep257' to check Python code against some of the style conventions in PEP 257
[0.768s] -- Added test 'uncrustify' to check C / C++ code style
[0.769s] -- Configured uncrustify additional arguments: 
[0.770s] -- Added test 'xmllint' to check XML markup files
[0.773s] -- Configuring done
[0.817s] -- Generating done
[0.833s] -- Build files have been written to: /home/a/uav/build/my_uav
[0.873s] [ 14%] Built target uav_control_node
[0.876s] [ 28%] Built target internlm_m_node
[0.905s] [ 42%] Built target internvl
[0.912s] [ 57%] Built target internlm_m_listener
[0.916s] [35m[1mScanning dependencies of target internvl_listener[0m
[0.942s] [ 71%] Built target camera_listener
[0.968s] [ 78%] [32mBuilding CXX object CMakeFiles/internvl_listener.dir/src/internvl_listener.cpp.o[0m
[0.971s] [ 92%] Built target ray_listener
[1.173s] In file included from [01m[K/home/a/uav/src/my_uav/src/internvl_listener.cpp:24[m[K:
[1.173s] [01m[K/opt/ros/galactic/include/cv_bridge/cv_bridge.h:43:10:[m[K [01;31m[Kfatal error: [m[Kopencv2/core/core.hpp: 没有那个文件或目录
[1.173s]    43 | #include [01;31m[K<opencv2/core/core.hpp>[m[K
[1.173s]       |          [01;31m[K^~~~~~~~~~~~~~~~~~~~~~~[m[K
[1.173s] compilation terminated.
[1.176s] make[2]: *** [CMakeFiles/internvl_listener.dir/build.make:63：CMakeFiles/internvl_listener.dir/src/internvl_listener.cpp.o] 错误 1
[1.176s] make[1]: *** [CMakeFiles/Makefile2:252：CMakeFiles/internvl_listener.dir/all] 错误 2
[1.177s] make: *** [Makefile:141：all] 错误 2
[1.180s] Invoked command in '/home/a/uav/build/my_uav' returned '2': CMAKE_PREFIX_PATH=${CMAKE_PREFIX_PATH}:/opt/ros/galactic /usr/bin/cmake --build /home/a/uav/build/my_uav -- -j2 -l2
