[0.161s] DEBUG:colcon:Command line arguments: ['/usr/bin/colcon', 'build', '--packages-select', 'spoofing_attack']
[0.161s] DEBUG:colcon:Parsed command line arguments: Namespace(allow_overriding=[], ament_cmake_args=None, base_paths=['.'], build_base='build', catkin_cmake_args=None, catkin_skip_building_tests=False, cmake_args=None, cmake_clean_cache=False, cmake_clean_first=False, cmake_force_configure=False, cmake_target=None, cmake_target_skip_unavailable=False, continue_on_error=False, event_handlers=None, executor='parallel', ignore_user_meta=False, install_base='install', log_base=None, log_level=None, main=<bound method BuildVerb.main of <colcon_core.verb.build.BuildVerb object at 0x7f2165b0c490>>, merge_install=False, metas=['./colcon.meta'], packages_above=None, packages_above_and_dependencies=None, packages_above_depth=None, packages_end=None, packages_ignore=None, packages_ignore_regex=None, packages_select=['spoofing_attack'], packages_select_build_failed=False, packages_select_by_dep=None, packages_select_regex=None, packages_select_test_failures=False, packages_skip=None, packages_skip_build_finished=False, packages_skip_by_dep=None, packages_skip_regex=None, packages_skip_test_passed=False, packages_skip_up_to=None, packages_start=None, packages_up_to=None, packages_up_to_regex=None, parallel_workers=2, paths=None, symlink_install=False, test_result_base=None, verb_extension=<colcon_core.verb.build.BuildVerb object at 0x7f2165b0c490>, verb_name='build', verb_parser=<colcon_defaults.argument_parser.defaults.DefaultArgumentsDecorator object at 0x7f2165b0c9a0>)
[0.282s] Level 1:colcon.colcon_core.package_discovery:discover_packages(colcon_meta) check parameters
[0.283s] Level 1:colcon.colcon_core.package_discovery:discover_packages(recursive) check parameters
[0.283s] Level 1:colcon.colcon_core.package_discovery:discover_packages(ignore) check parameters
[0.283s] Level 1:colcon.colcon_core.package_discovery:discover_packages(path) check parameters
[0.283s] Level 1:colcon.colcon_core.package_discovery:discover_packages(colcon_meta) discover
[0.283s] Level 1:colcon.colcon_core.package_discovery:discover_packages(recursive) discover
[0.283s] INFO:colcon.colcon_core.package_discovery:Crawling recursively for packages in '/home/a/attack'
[0.283s] Level 1:colcon.colcon_core.package_identification:_identify(.) by extensions ['ignore', 'ignore_ament_install']
[0.283s] Level 1:colcon.colcon_core.package_identification:_identify(.) by extension 'ignore'
[0.283s] Level 1:colcon.colcon_core.package_identification:_identify(.) by extension 'ignore_ament_install'
[0.283s] Level 1:colcon.colcon_core.package_identification:_identify(.) by extensions ['colcon_pkg']
[0.283s] Level 1:colcon.colcon_core.package_identification:_identify(.) by extension 'colcon_pkg'
[0.283s] Level 1:colcon.colcon_core.package_identification:_identify(.) by extensions ['colcon_meta']
[0.283s] Level 1:colcon.colcon_core.package_identification:_identify(.) by extension 'colcon_meta'
[0.283s] Level 1:colcon.colcon_core.package_identification:_identify(.) by extensions ['ros']
[0.283s] Level 1:colcon.colcon_core.package_identification:_identify(.) by extension 'ros'
[0.291s] Level 1:colcon.colcon_core.package_identification:_identify(.) by extensions ['cmake', 'python']
[0.292s] Level 1:colcon.colcon_core.package_identification:_identify(.) by extension 'cmake'
[0.292s] Level 1:colcon.colcon_core.package_identification:_identify(.) by extension 'python'
[0.292s] Level 1:colcon.colcon_core.package_identification:_identify(.) by extensions ['python_setup_py']
[0.292s] Level 1:colcon.colcon_core.package_identification:_identify(.) by extension 'python_setup_py'
[0.292s] Level 1:colcon.colcon_core.package_identification:_identify(build) by extensions ['ignore', 'ignore_ament_install']
[0.292s] Level 1:colcon.colcon_core.package_identification:_identify(build) by extension 'ignore'
[0.292s] Level 1:colcon.colcon_core.package_identification:_identify(build) ignored
[0.292s] Level 1:colcon.colcon_core.package_identification:_identify(install) by extensions ['ignore', 'ignore_ament_install']
[0.292s] Level 1:colcon.colcon_core.package_identification:_identify(install) by extension 'ignore'
[0.292s] Level 1:colcon.colcon_core.package_identification:_identify(install) ignored
[0.292s] Level 1:colcon.colcon_core.package_identification:_identify(log) by extensions ['ignore', 'ignore_ament_install']
[0.292s] Level 1:colcon.colcon_core.package_identification:_identify(log) by extension 'ignore'
[0.292s] Level 1:colcon.colcon_core.package_identification:_identify(log) ignored
[0.292s] Level 1:colcon.colcon_core.package_identification:_identify(src) by extensions ['ignore', 'ignore_ament_install']
[0.292s] Level 1:colcon.colcon_core.package_identification:_identify(src) by extension 'ignore'
[0.292s] Level 1:colcon.colcon_core.package_identification:_identify(src) by extension 'ignore_ament_install'
[0.292s] Level 1:colcon.colcon_core.package_identification:_identify(src) by extensions ['colcon_pkg']
[0.292s] Level 1:colcon.colcon_core.package_identification:_identify(src) by extension 'colcon_pkg'
[0.292s] Level 1:colcon.colcon_core.package_identification:_identify(src) by extensions ['colcon_meta']
[0.292s] Level 1:colcon.colcon_core.package_identification:_identify(src) by extension 'colcon_meta'
[0.292s] Level 1:colcon.colcon_core.package_identification:_identify(src) by extensions ['ros']
[0.292s] Level 1:colcon.colcon_core.package_identification:_identify(src) by extension 'ros'
[0.293s] Level 1:colcon.colcon_core.package_identification:_identify(src) by extensions ['cmake', 'python']
[0.293s] Level 1:colcon.colcon_core.package_identification:_identify(src) by extension 'cmake'
[0.293s] Level 1:colcon.colcon_core.package_identification:_identify(src) by extension 'python'
[0.293s] Level 1:colcon.colcon_core.package_identification:_identify(src) by extensions ['python_setup_py']
[0.293s] Level 1:colcon.colcon_core.package_identification:_identify(src) by extension 'python_setup_py'
[0.293s] Level 1:colcon.colcon_core.package_identification:_identify(src/ddos_attack) by extensions ['ignore', 'ignore_ament_install']
[0.293s] Level 1:colcon.colcon_core.package_identification:_identify(src/ddos_attack) by extension 'ignore'
[0.293s] Level 1:colcon.colcon_core.package_identification:_identify(src/ddos_attack) by extension 'ignore_ament_install'
[0.293s] Level 1:colcon.colcon_core.package_identification:_identify(src/ddos_attack) by extensions ['colcon_pkg']
[0.293s] Level 1:colcon.colcon_core.package_identification:_identify(src/ddos_attack) by extension 'colcon_pkg'
[0.293s] Level 1:colcon.colcon_core.package_identification:_identify(src/ddos_attack) by extensions ['colcon_meta']
[0.293s] Level 1:colcon.colcon_core.package_identification:_identify(src/ddos_attack) by extension 'colcon_meta'
[0.293s] Level 1:colcon.colcon_core.package_identification:_identify(src/ddos_attack) by extensions ['ros']
[0.293s] Level 1:colcon.colcon_core.package_identification:_identify(src/ddos_attack) by extension 'ros'
[0.295s] DEBUG:colcon.colcon_core.package_identification:Package 'src/ddos_attack' with type 'ros.ament_python' and name 'ddos_attack'
[0.295s] Level 1:colcon.colcon_core.package_identification:_identify(src/replay_attack) by extensions ['ignore', 'ignore_ament_install']
[0.295s] Level 1:colcon.colcon_core.package_identification:_identify(src/replay_attack) by extension 'ignore'
[0.295s] Level 1:colcon.colcon_core.package_identification:_identify(src/replay_attack) by extension 'ignore_ament_install'
[0.295s] Level 1:colcon.colcon_core.package_identification:_identify(src/replay_attack) by extensions ['colcon_pkg']
[0.295s] Level 1:colcon.colcon_core.package_identification:_identify(src/replay_attack) by extension 'colcon_pkg'
[0.295s] Level 1:colcon.colcon_core.package_identification:_identify(src/replay_attack) by extensions ['colcon_meta']
[0.295s] Level 1:colcon.colcon_core.package_identification:_identify(src/replay_attack) by extension 'colcon_meta'
[0.295s] Level 1:colcon.colcon_core.package_identification:_identify(src/replay_attack) by extensions ['ros']
[0.295s] Level 1:colcon.colcon_core.package_identification:_identify(src/replay_attack) by extension 'ros'
[0.295s] DEBUG:colcon.colcon_core.package_identification:Package 'src/replay_attack' with type 'ros.ament_python' and name 'replay_attack'
[0.296s] Level 1:colcon.colcon_core.package_identification:_identify(src/route_attack) by extensions ['ignore', 'ignore_ament_install']
[0.296s] Level 1:colcon.colcon_core.package_identification:_identify(src/route_attack) by extension 'ignore'
[0.296s] Level 1:colcon.colcon_core.package_identification:_identify(src/route_attack) by extension 'ignore_ament_install'
[0.296s] Level 1:colcon.colcon_core.package_identification:_identify(src/route_attack) by extensions ['colcon_pkg']
[0.296s] Level 1:colcon.colcon_core.package_identification:_identify(src/route_attack) by extension 'colcon_pkg'
[0.296s] Level 1:colcon.colcon_core.package_identification:_identify(src/route_attack) by extensions ['colcon_meta']
[0.296s] Level 1:colcon.colcon_core.package_identification:_identify(src/route_attack) by extension 'colcon_meta'
[0.296s] Level 1:colcon.colcon_core.package_identification:_identify(src/route_attack) by extensions ['ros']
[0.296s] Level 1:colcon.colcon_core.package_identification:_identify(src/route_attack) by extension 'ros'
[0.296s] DEBUG:colcon.colcon_core.package_identification:Package 'src/route_attack' with type 'ros.ament_python' and name 'route_attack'
[0.296s] Level 1:colcon.colcon_core.package_identification:_identify(src/spoofing_attack) by extensions ['ignore', 'ignore_ament_install']
[0.296s] Level 1:colcon.colcon_core.package_identification:_identify(src/spoofing_attack) by extension 'ignore'
[0.296s] Level 1:colcon.colcon_core.package_identification:_identify(src/spoofing_attack) by extension 'ignore_ament_install'
[0.296s] Level 1:colcon.colcon_core.package_identification:_identify(src/spoofing_attack) by extensions ['colcon_pkg']
[0.296s] Level 1:colcon.colcon_core.package_identification:_identify(src/spoofing_attack) by extension 'colcon_pkg'
[0.297s] Level 1:colcon.colcon_core.package_identification:_identify(src/spoofing_attack) by extensions ['colcon_meta']
[0.297s] Level 1:colcon.colcon_core.package_identification:_identify(src/spoofing_attack) by extension 'colcon_meta'
[0.297s] Level 1:colcon.colcon_core.package_identification:_identify(src/spoofing_attack) by extensions ['ros']
[0.297s] Level 1:colcon.colcon_core.package_identification:_identify(src/spoofing_attack) by extension 'ros'
[0.297s] DEBUG:colcon.colcon_core.package_identification:Package 'src/spoofing_attack' with type 'ros.ament_cmake' and name 'spoofing_attack'
[0.297s] Level 1:colcon.colcon_core.package_discovery:discover_packages(recursive) using defaults
[0.297s] Level 1:colcon.colcon_core.package_discovery:discover_packages(ignore) discover
[0.297s] Level 1:colcon.colcon_core.package_discovery:discover_packages(ignore) using defaults
[0.297s] Level 1:colcon.colcon_core.package_discovery:discover_packages(path) discover
[0.297s] Level 1:colcon.colcon_core.package_discovery:discover_packages(path) using defaults
[0.311s] INFO:colcon.colcon_core.package_selection:Skipping not selected package 'ddos_attack' in 'src/ddos_attack'
[0.311s] INFO:colcon.colcon_core.package_selection:Skipping not selected package 'replay_attack' in 'src/replay_attack'
[0.311s] INFO:colcon.colcon_core.package_selection:Skipping not selected package 'route_attack' in 'src/route_attack'
[0.311s] Level 1:colcon.colcon_core.package_discovery:discover_packages(prefix_path) check parameters
[0.311s] Level 1:colcon.colcon_core.package_discovery:discover_packages(prefix_path) discover
[0.313s] DEBUG:colcon.colcon_installed_package_information.package_discovery:Found 5 installed packages in /home/a/attack/install
[0.314s] DEBUG:colcon.colcon_installed_package_information.package_discovery:Found 4 installed packages in /home/a/ros2_ws/install
[0.315s] DEBUG:colcon.colcon_installed_package_information.package_discovery:Found 275 installed packages in /opt/ros/galactic
[0.325s] Level 1:colcon.colcon_core.package_discovery:discover_packages(prefix_path) using defaults
[0.372s] Level 5:colcon.colcon_core.verb:set package 'spoofing_attack' build argument 'cmake_args' from command line to 'None'
[0.372s] Level 5:colcon.colcon_core.verb:set package 'spoofing_attack' build argument 'cmake_target' from command line to 'None'
[0.372s] Level 5:colcon.colcon_core.verb:set package 'spoofing_attack' build argument 'cmake_target_skip_unavailable' from command line to 'False'
[0.372s] Level 5:colcon.colcon_core.verb:set package 'spoofing_attack' build argument 'cmake_clean_cache' from command line to 'False'
[0.372s] Level 5:colcon.colcon_core.verb:set package 'spoofing_attack' build argument 'cmake_clean_first' from command line to 'False'
[0.372s] Level 5:colcon.colcon_core.verb:set package 'spoofing_attack' build argument 'cmake_force_configure' from command line to 'False'
[0.372s] Level 5:colcon.colcon_core.verb:set package 'spoofing_attack' build argument 'ament_cmake_args' from command line to 'None'
[0.372s] Level 5:colcon.colcon_core.verb:set package 'spoofing_attack' build argument 'catkin_cmake_args' from command line to 'None'
[0.372s] Level 5:colcon.colcon_core.verb:set package 'spoofing_attack' build argument 'catkin_skip_building_tests' from command line to 'False'
[0.373s] DEBUG:colcon.colcon_core.verb:Building package 'spoofing_attack' with the following arguments: {'ament_cmake_args': None, 'build_base': '/home/a/attack/build/spoofing_attack', 'catkin_cmake_args': None, 'catkin_skip_building_tests': False, 'cmake_args': None, 'cmake_clean_cache': False, 'cmake_clean_first': False, 'cmake_force_configure': False, 'cmake_target': None, 'cmake_target_skip_unavailable': False, 'install_base': '/home/a/attack/install/spoofing_attack', 'merge_install': False, 'path': '/home/a/attack/src/spoofing_attack', 'symlink_install': False, 'test_result_base': None}
[0.373s] INFO:colcon.colcon_core.executor:Executing jobs using 'parallel' executor
[0.375s] DEBUG:colcon.colcon_parallel_executor.executor.parallel:run_until_complete
[0.375s] INFO:colcon.colcon_ros.task.ament_cmake.build:Building ROS package in '/home/a/attack/src/spoofing_attack' with build type 'ament_cmake'
[0.375s] INFO:colcon.colcon_cmake.task.cmake.build:Building CMake package in '/home/a/attack/src/spoofing_attack'
[0.377s] INFO:colcon.colcon_core.plugin_system:Skipping extension 'colcon_core.shell.bat': Not used on non-Windows systems
[0.377s] INFO:colcon.colcon_core.shell:Skip shell extension 'powershell' for command environment: Not usable outside of PowerShell
[0.377s] DEBUG:colcon.colcon_core.shell:Skip shell extension 'dsv' for command environment
[0.387s] DEBUG:colcon.colcon_core.event_handler.log_command:Invoking command in '/home/a/attack/build/spoofing_attack': CMAKE_PREFIX_PATH=${CMAKE_PREFIX_PATH}:/home/a/attack/install/spoofing_attack:/home/a/attack/install/route_attack:/home/a/attack/install/replay_attack:/home/a/attack/install/gps_attack_pkg:/home/a/attack/install/ddos_attack:/opt/ros/galactic /usr/bin/cmake --build /home/a/attack/build/spoofing_attack -- -j2 -l2
[0.556s] Level 1:colcon.colcon_core.environment:create_environment_scripts_only(spoofing_attack)
[0.557s] DEBUG:colcon.colcon_core.event_handler.log_command:Invoked command in '/home/a/attack/build/spoofing_attack' returned '2': CMAKE_PREFIX_PATH=${CMAKE_PREFIX_PATH}:/home/a/attack/install/spoofing_attack:/home/a/attack/install/route_attack:/home/a/attack/install/replay_attack:/home/a/attack/install/gps_attack_pkg:/home/a/attack/install/ddos_attack:/opt/ros/galactic /usr/bin/cmake --build /home/a/attack/build/spoofing_attack -- -j2 -l2
[0.559s] Level 1:colcon.colcon_core.environment:checking '/home/a/attack/install/spoofing_attack' for CMake module files
[0.559s] Level 1:colcon.colcon_core.environment:checking '/home/a/attack/install/spoofing_attack' for CMake config files
[0.560s] Level 1:colcon.colcon_core.shell:create_environment_hook('spoofing_attack', 'cmake_prefix_path')
[0.560s] INFO:colcon.colcon_core.shell:Creating environment hook '/home/a/attack/install/spoofing_attack/share/spoofing_attack/hook/cmake_prefix_path.ps1'
[0.561s] INFO:colcon.colcon_core.shell:Creating environment descriptor '/home/a/attack/install/spoofing_attack/share/spoofing_attack/hook/cmake_prefix_path.dsv'
[0.561s] INFO:colcon.colcon_core.shell:Creating environment hook '/home/a/attack/install/spoofing_attack/share/spoofing_attack/hook/cmake_prefix_path.sh'
[0.563s] Level 1:colcon.colcon_core.environment:checking '/home/a/attack/install/spoofing_attack/lib'
[0.563s] Level 1:colcon.colcon_core.environment:checking '/home/a/attack/install/spoofing_attack/bin'
[0.563s] Level 1:colcon.colcon_core.environment:checking '/home/a/attack/install/spoofing_attack/lib/pkgconfig/spoofing_attack.pc'
[0.563s] Level 1:colcon.colcon_core.environment:checking '/home/a/attack/install/spoofing_attack/lib/python3.8/site-packages'
[0.563s] Level 1:colcon.colcon_core.shell:create_environment_hook('spoofing_attack', 'pythonpath')
[0.563s] INFO:colcon.colcon_core.shell:Creating environment hook '/home/a/attack/install/spoofing_attack/share/spoofing_attack/hook/pythonpath.ps1'
[0.564s] INFO:colcon.colcon_core.shell:Creating environment descriptor '/home/a/attack/install/spoofing_attack/share/spoofing_attack/hook/pythonpath.dsv'
[0.564s] INFO:colcon.colcon_core.shell:Creating environment hook '/home/a/attack/install/spoofing_attack/share/spoofing_attack/hook/pythonpath.sh'
[0.565s] Level 1:colcon.colcon_core.environment:checking '/home/a/attack/install/spoofing_attack/bin'
[0.565s] INFO:colcon.colcon_core.shell:Creating package script '/home/a/attack/install/spoofing_attack/share/spoofing_attack/package.ps1'
[0.566s] INFO:colcon.colcon_core.shell:Creating package descriptor '/home/a/attack/install/spoofing_attack/share/spoofing_attack/package.dsv'
[0.566s] INFO:colcon.colcon_core.shell:Creating package script '/home/a/attack/install/spoofing_attack/share/spoofing_attack/package.sh'
[0.567s] INFO:colcon.colcon_core.shell:Creating package script '/home/a/attack/install/spoofing_attack/share/spoofing_attack/package.bash'
[0.567s] INFO:colcon.colcon_core.shell:Creating package script '/home/a/attack/install/spoofing_attack/share/spoofing_attack/package.zsh'
[0.568s] Level 1:colcon.colcon_core.environment:create_file_with_runtime_dependencies(/home/a/attack/install/spoofing_attack/share/colcon-core/packages/spoofing_attack)
[0.580s] DEBUG:colcon.colcon_parallel_executor.executor.parallel:closing loop
[0.580s] DEBUG:colcon.colcon_parallel_executor.executor.parallel:loop closed
[0.580s] DEBUG:colcon.colcon_parallel_executor.executor.parallel:run_until_complete finished with '2'
[0.580s] DEBUG:colcon.colcon_core.event_reactor:joining thread
[0.587s] INFO:colcon.colcon_core.plugin_system:Skipping extension 'colcon_notification.desktop_notification.terminal_notifier': Not used on non-Darwin systems
[0.587s] INFO:colcon.colcon_core.plugin_system:Skipping extension 'colcon_notification.desktop_notification.win32': Not used on non-Windows systems
[0.587s] INFO:colcon.colcon_notification.desktop_notification:Sending desktop notification using 'notify2'
[0.602s] DEBUG:colcon.colcon_core.event_reactor:joined thread
[0.602s] INFO:colcon.colcon_core.shell:Creating prefix script '/home/a/attack/install/local_setup.ps1'
[0.603s] INFO:colcon.colcon_core.shell:Creating prefix util module '/home/a/attack/install/_local_setup_util_ps1.py'
[0.604s] INFO:colcon.colcon_core.shell:Creating prefix chain script '/home/a/attack/install/setup.ps1'
[0.605s] INFO:colcon.colcon_core.shell:Creating prefix script '/home/a/attack/install/local_setup.sh'
[0.606s] INFO:colcon.colcon_core.shell:Creating prefix util module '/home/a/attack/install/_local_setup_util_sh.py'
[0.608s] INFO:colcon.colcon_core.shell:Creating prefix chain script '/home/a/attack/install/setup.sh'
[0.609s] INFO:colcon.colcon_core.shell:Creating prefix script '/home/a/attack/install/local_setup.bash'
[0.611s] INFO:colcon.colcon_core.shell:Creating prefix chain script '/home/a/attack/install/setup.bash'
[0.613s] INFO:colcon.colcon_core.shell:Creating prefix script '/home/a/attack/install/local_setup.zsh'
[0.614s] INFO:colcon.colcon_core.shell:Creating prefix chain script '/home/a/attack/install/setup.zsh'
