[0.015s] Invoking command in '/home/a/ros2_ws/build/px4_ros_com': AMENT_PREFIX_PATH=/home/a/ros2_ws/install/px4_msgs:${AMENT_PREFIX_PATH} CMAKE_PREFIX_PATH=/home/a/ros2_ws/install/px4_msgs:/opt/ros/galactic LD_LIBRARY_PATH=/home/a/ros2_ws/install/px4_msgs/lib:${LD_LIBRARY_PATH} PYTHONPATH=/home/a/ros2_ws/install/px4_msgs/lib/python3.8/site-packages:${PYTHONPATH} /usr/bin/cmake --build /home/a/ros2_ws/build/px4_ros_com -- -j2 -l2
[0.040s] -- Found ament_cmake: 1.1.6 (/opt/ros/galactic/share/ament_cmake/cmake)
[0.059s] -- Using PYTHON_EXECUTABLE: /usr/bin/python3
[0.113s] -- Found builtin_interfaces: 1.0.3 (/opt/ros/galactic/share/builtin_interfaces/cmake)
[0.130s] -- Using all available rosidl_typesupport_c: rosidl_typesupport_fastrtps_c;rosidl_typesupport_introspection_c
[0.133s] -- Found rosidl_adapter: 2.2.3 (/opt/ros/galactic/share/rosidl_adapter/cmake)
[0.228s] -- Using all available rosidl_typesupport_cpp: rosidl_typesupport_fastrtps_cpp;rosidl_typesupport_introspection_cpp
[0.246s] -- Found eigen3_cmake_module: 0.1.1 (/opt/ros/galactic/share/eigen3_cmake_module/cmake)
[0.247s] -- Found geometry_msgs: 2.2.4 (/opt/ros/galactic/share/geometry_msgs/cmake)
[0.287s] -- Found px4_msgs: 2.0.1 (/home/a/ros2_ws/install/px4_msgs/share/px4_msgs/cmake)
[0.301s] -- Found rclcpp: 9.2.2 (/opt/ros/galactic/share/rclcpp/cmake)
[0.332s] -- Found rmw_implementation_cmake: 3.3.1 (/opt/ros/galactic/share/rmw_implementation_cmake/cmake)
[0.333s] -- Found rmw_cyclonedds_cpp: 0.22.6 (/opt/ros/galactic/share/rmw_cyclonedds_cpp/cmake)
[0.347s] -- Using RMW implementation 'rmw_cyclonedds_cpp' as default
[0.445s] -- Found sensor_msgs: 2.2.4 (/opt/ros/galactic/share/sensor_msgs/cmake)
[0.500s] -- Found ament_lint_auto: 0.10.7 (/opt/ros/galactic/share/ament_lint_auto/cmake)
[0.554s] -- Added test 'copyright' to check source files copyright and LICENSE
[0.556s] -- Added test 'cppcheck' to perform static code analysis on C / C++ code
[0.557s] -- Configured cppcheck include dirs: /home/a/ros2_ws/src/px4_ros_com/include;$<BUILD_INTERFACE:/home/a/ros2_ws/src/px4_ros_com/include/px4_ros_com>
[0.557s] -- Configured cppcheck exclude dirs and/or files: 
[0.559s] -- Added test 'cpplint' to check C / C++ code against the Google style
[0.559s] -- Configured cpplint exclude dirs and/or files: 
[0.560s] -- Added test 'flake8' to check Python code syntax and style conventions
[0.560s] -- Added test 'lint_cmake' to check CMake code style
[0.561s] -- Added test 'pep257' to check Python code against some of the style conventions in PEP 257
[0.563s] -- Added test 'uncrustify' to check C / C++ code style
[0.563s] -- Configured uncrustify additional arguments: 
[0.563s] -- Added test 'xmllint' to check XML markup files
[0.566s] -- Configuring done
[0.583s] -- Generating done
[0.591s] -- Build files have been written to: /home/a/ros2_ws/build/px4_ros_com
[0.617s] [35m[1mScanning dependencies of target offboard_control[0m
[0.629s] [ 20%] Built target frame_transforms
[0.641s] [35m[1mScanning dependencies of target vehicle_gps_position_listener[0m
[0.646s] [ 30%] [32mBuilding CXX object CMakeFiles/offboard_control.dir/src/examples/offboard/offboard_control.cpp.o[0m
[0.673s] [ 40%] [32mBuilding CXX object CMakeFiles/vehicle_gps_position_listener.dir/src/examples/listeners/vehicle_gps_position_listener.cpp.o[0m
[2.514s] [01m[K/home/a/ros2_ws/src/px4_ros_com/src/examples/offboard/offboard_control.cpp:[m[K In member function ‘[01m[Kvoid OffboardControl::publish_trajectory_setpoint()[m[K’:
[2.514s] [01m[K/home/a/ros2_ws/src/px4_ros_com/src/examples/offboard/offboard_control.cpp:152:6:[m[K [01;31m[Kerror: [m[K‘[01m[Kusing TrajectorySetpoint = struct px4_msgs::msg::TrajectorySetpoint_<std::allocator<void> >[m[K’ {aka ‘[01m[Kstruct px4_msgs::msg::TrajectorySetpoint_<std::allocator<void> >[m[K’} has no member named ‘[01m[Kposition[m[K’
[2.514s]   152 |  msg.[01;31m[Kposition[m[K = {0.0, 0.0, -5.0};
[2.514s]       |      [01;31m[K^~~~~~~~[m[K
[3.846s] make[2]: *** [CMakeFiles/offboard_control.dir/build.make:63：CMakeFiles/offboard_control.dir/src/examples/offboard/offboard_control.cpp.o] 错误 1
[3.846s] make[1]: *** [CMakeFiles/Makefile2:113：CMakeFiles/offboard_control.dir/all] 错误 2
[3.846s] make[1]: *** 正在等待未完成的任务....
[7.305s] [ 50%] [32m[1mLinking CXX executable vehicle_gps_position_listener[0m
[7.576s] [ 50%] Built target vehicle_gps_position_listener
[7.577s] make: *** [Makefile:141：all] 错误 2
[7.580s] Invoked command in '/home/a/ros2_ws/build/px4_ros_com' returned '2': AMENT_PREFIX_PATH=/home/a/ros2_ws/install/px4_msgs:${AMENT_PREFIX_PATH} CMAKE_PREFIX_PATH=/home/a/ros2_ws/install/px4_msgs:/opt/ros/galactic LD_LIBRARY_PATH=/home/a/ros2_ws/install/px4_msgs/lib:${LD_LIBRARY_PATH} PYTHONPATH=/home/a/ros2_ws/install/px4_msgs/lib/python3.8/site-packages:${PYTHONPATH} /usr/bin/cmake --build /home/a/ros2_ws/build/px4_ros_com -- -j2 -l2
