[0.011s] Invoking command in '/home/a/uav/build/my_uav': /usr/bin/cmake --build /home/a/uav/build/my_uav -- -j2 -l2
[0.064s] [  4%] [32mBuilding CXX object CMakeFiles/uav_control_node.dir/src/uav_control_node.cpp.o[0m
[0.075s] [ 13%] Built target image_sub
[0.103s] [ 22%] Built target internlm_m_node
[0.136s] [ 31%] Built target internvl
[0.176s] [ 40%] Built target internlm_m_listener
[0.212s] [ 50%] Built target internvl_p
[0.254s] [ 59%] Built target internvl_listener
[0.288s] [ 68%] Built target gps_sub
[0.319s] [ 77%] Built target ray_sub
[0.350s] [ 86%] Built target camera_listener
[0.383s] [ 95%] Built target ray_listener
[3.454s] [100%] [32m[1mLinking CXX executable uav_control_node[0m
[3.589s] [100%] Built target uav_control_node
[3.601s] Invoked command in '/home/a/uav/build/my_uav' returned '0': /usr/bin/cmake --build /home/a/uav/build/my_uav -- -j2 -l2
[3.612s] Invoking command in '/home/a/uav/build/my_uav': /usr/bin/cmake --install /home/a/uav/build/my_uav
[3.621s] -- Install configuration: ""
[3.621s] -- Up-to-date: /home/a/uav/install/my_uav/share/my_uav/launch
[3.621s] -- Up-to-date: /home/a/uav/install/my_uav/share/my_uav/launch/sitl.launch
[3.621s] -- Up-to-date: /home/a/uav/install/my_uav/share/my_uav/launch/p450.py
[3.621s] -- Up-to-date: /home/a/uav/install/my_uav/share/my_uav/launch/gz_launch.py
[3.621s] -- Up-to-date: /home/a/uav/install/my_uav/share/my_uav/launch/cam_sub.launch.py
[3.622s] -- Up-to-date: /home/a/uav/install/my_uav/share/my_uav/models
[3.622s] -- Up-to-date: /home/a/uav/install/my_uav/share/my_uav/models/p450_2Dlidar_depth
[3.622s] -- Up-to-date: /home/a/uav/install/my_uav/share/my_uav/models/p450_2Dlidar_depth/p450_2Dlidar_depth_3.sdf.last_generated
[3.622s] -- Up-to-date: /home/a/uav/install/my_uav/share/my_uav/models/p450_2Dlidar_depth/p450_2Dlidar_depth_2.sdf.last_generated
[3.622s] -- Up-to-date: /home/a/uav/install/my_uav/share/my_uav/models/p450_2Dlidar_depth/p450_2Dlidar_depth_1.sdf.last_generated
[3.622s] -- Up-to-date: /home/a/uav/install/my_uav/share/my_uav/models/p450_2Dlidar_depth/p450_2Dlidar_depth_0.sdf
[3.622s] -- Up-to-date: /home/a/uav/install/my_uav/share/my_uav/models/p450_2Dlidar_depth/p450_2Dlidar_depth_0.sdf.last_generated
[3.622s] -- Up-to-date: /home/a/uav/install/my_uav/share/my_uav/models/p450_2Dlidar_depth/p450_2Dlidar_depth_1.sdf
[3.622s] -- Up-to-date: /home/a/uav/install/my_uav/share/my_uav/models/p450_2Dlidar_depth/model.config
[3.622s] -- Up-to-date: /home/a/uav/install/my_uav/share/my_uav/models/p450_2Dlidar_depth/p450_2Dlidar_depth.sdf
[3.623s] -- Up-to-date: /home/a/uav/install/my_uav/share/my_uav/models/p450_2Dlidar_depth/p450_2Dlidar_depth_3.sdf
[3.623s] -- Up-to-date: /home/a/uav/install/my_uav/share/my_uav/models/p450_2Dlidar_depth/p450_2Dlidar_depth_-m.sdf
[3.623s] -- Up-to-date: /home/a/uav/install/my_uav/share/my_uav/models/p450_2Dlidar_depth/p450_2Dlidar_depth_2.sdf
[3.623s] -- Up-to-date: /home/a/uav/install/my_uav/share/my_uav/models/p450_2Dlidar_depth/p450_2Dlidar_depth_-m.sdf.last_generated
[3.623s] -- Up-to-date: /home/a/uav/install/my_uav/share/my_uav/models/p450
[3.623s] -- Up-to-date: /home/a/uav/install/my_uav/share/my_uav/models/p450/p450_1.sdf
[3.623s] -- Up-to-date: /home/a/uav/install/my_uav/share/my_uav/models/p450/p450_2.sdf.last_generated
[3.623s] -- Up-to-date: /home/a/uav/install/my_uav/share/my_uav/models/p450/p450.sdf.jinja
[3.623s] -- Up-to-date: /home/a/uav/install/my_uav/share/my_uav/models/p450/p450_1.sdf.last_generated
[3.623s] -- Up-to-date: /home/a/uav/install/my_uav/share/my_uav/models/p450/model.config
[3.623s] -- Up-to-date: /home/a/uav/install/my_uav/share/my_uav/models/p450/p450_2.sdf
[3.623s] -- Up-to-date: /home/a/uav/install/my_uav/share/my_uav/models/p450/meshes
[3.623s] -- Up-to-date: /home/a/uav/install/my_uav/share/my_uav/models/p450/meshes/p450_ccw.stl
[3.624s] -- Up-to-date: /home/a/uav/install/my_uav/share/my_uav/models/p450/meshes/p450.stl
[3.624s] -- Up-to-date: /home/a/uav/install/my_uav/share/my_uav/models/p450/meshes/p450_cw.stl
[3.624s] -- Up-to-date: /home/a/uav/install/my_uav/share/my_uav/models/p450/p450.sdf
[3.624s] -- Up-to-date: /home/a/uav/install/my_uav/share/my_uav/models/hokuyo_ust_20lx
[3.624s] -- Up-to-date: /home/a/uav/install/my_uav/share/my_uav/models/hokuyo_ust_20lx/hokuyo_ust_20lx.sdf
[3.624s] -- Up-to-date: /home/a/uav/install/my_uav/share/my_uav/models/hokuyo_ust_20lx/hokuyo_ust_20lx_2.sdf.last_generated
[3.624s] -- Up-to-date: /home/a/uav/install/my_uav/share/my_uav/models/hokuyo_ust_20lx/model.config
[3.624s] -- Up-to-date: /home/a/uav/install/my_uav/share/my_uav/models/hokuyo_ust_20lx/hokuyo_ust_20lx_2.sdf
[3.624s] -- Up-to-date: /home/a/uav/install/my_uav/share/my_uav/models/hokuyo_ust_20lx/hokuyo_ust_20lx_1.sdf
[3.624s] -- Up-to-date: /home/a/uav/install/my_uav/share/my_uav/models/hokuyo_ust_20lx/hokuyo_ust_20lx_1.sdf.last_generated
[3.624s] -- Up-to-date: /home/a/uav/install/my_uav/share/my_uav/models/p450_hokuyo_2Dlidar
[3.625s] -- Up-to-date: /home/a/uav/install/my_uav/share/my_uav/models/p450_hokuyo_2Dlidar/p450_hokuyo_2Dlidar.sdf
[3.625s] -- Up-to-date: /home/a/uav/install/my_uav/share/my_uav/models/p450_hokuyo_2Dlidar/model.config
[3.625s] -- Up-to-date: /home/a/uav/install/my_uav/share/my_uav/models/depth
[3.625s] -- Up-to-date: /home/a/uav/install/my_uav/share/my_uav/models/depth/model.config
[3.625s] -- Up-to-date: /home/a/uav/install/my_uav/share/my_uav/models/depth/depth.sdf
[3.625s] -- Up-to-date: /home/a/uav/install/my_uav/share/my_uav/models/D435i
[3.625s] -- Up-to-date: /home/a/uav/install/my_uav/share/my_uav/models/D435i/materials
[3.625s] -- Up-to-date: /home/a/uav/install/my_uav/share/my_uav/models/D435i/materials/textures
[3.625s] -- Up-to-date: /home/a/uav/install/my_uav/share/my_uav/models/D435i/materials/textures/realsense_diffuse.png
[3.625s] -- Up-to-date: /home/a/uav/install/my_uav/share/my_uav/models/D435i/model.config
[3.625s] -- Up-to-date: /home/a/uav/install/my_uav/share/my_uav/models/D435i/D435i.sdf
[3.625s] -- Up-to-date: /home/a/uav/install/my_uav/share/my_uav/models/D435i/meshes
[3.626s] -- Up-to-date: /home/a/uav/install/my_uav/share/my_uav/models/D435i/meshes/realsense_d435.stl
[3.626s] -- Up-to-date: /home/a/uav/install/my_uav/share/my_uav/models/D435i/meshes/D435i.dae
[3.626s] -- Up-to-date: /home/a/uav/install/my_uav/share/my_uav/models/p450_depth
[3.626s] -- Up-to-date: /home/a/uav/install/my_uav/share/my_uav/models/p450_depth/model.config
[3.626s] -- Up-to-date: /home/a/uav/install/my_uav/share/my_uav/models/p450_depth/p450_depth.sdf
[3.626s] -- Up-to-date: /home/a/uav/install/my_uav/share/my_uav/worlds
[3.626s] -- Up-to-date: /home/a/uav/install/my_uav/share/my_uav/worlds/leida.world
[3.626s] -- Up-to-date: /home/a/uav/install/my_uav/share/my_uav/worlds/my.world
[3.626s] -- Up-to-date: /home/a/uav/install/my_uav/share/my_uav/worlds/baylands.world
[3.626s] -- Up-to-date: /home/a/uav/install/my_uav/share/my_uav/worlds/safe_landing.world
[3.626s] -- Up-to-date: /home/a/uav/install/my_uav/share/my_uav/worlds/yosemite.world
[3.627s] -- Up-to-date: /home/a/uav/install/my_uav/share/my_uav/worlds/mcmillan_airfield.world
[3.627s] -- Up-to-date: /home/a/uav/install/my_uav/share/my_uav/worlds/cam.world
[3.627s] -- Up-to-date: /home/a/uav/install/my_uav/share/my_uav/worlds/sonoma_raceway.world
[3.627s] -- Up-to-date: /home/a/uav/install/my_uav/share/my_uav/worlds/empty_world.world
[3.627s] -- Up-to-date: /home/a/uav/install/my_uav/lib/my_uav/my_python_node.py
[3.627s] -- Installing: /home/a/uav/install/my_uav/lib/my_uav/uav_control_node
[3.628s] -- Set runtime path of "/home/a/uav/install/my_uav/lib/my_uav/uav_control_node" to ""
[3.628s] -- Up-to-date: /home/a/uav/install/my_uav/lib/my_uav/internlm_m_node
[3.628s] -- Up-to-date: /home/a/uav/install/my_uav/lib/my_uav/internvl
[3.629s] -- Up-to-date: /home/a/uav/install/my_uav/lib/my_uav/internlm_m_listener
[3.629s] -- Up-to-date: /home/a/uav/install/my_uav/lib/my_uav/internvl_listener
[3.629s] -- Installing: /home/a/uav/install/my_uav/lib/my_uav/internvl_p
[3.636s] -- Set runtime path of "/home/a/uav/install/my_uav/lib/my_uav/internvl_p" to ""
[3.637s] -- Up-to-date: /home/a/uav/install/my_uav/lib/my_uav/image_sub
[3.637s] -- Up-to-date: /home/a/uav/install/my_uav/lib/my_uav/gps_sub
[3.637s] -- Up-to-date: /home/a/uav/install/my_uav/lib/my_uav/ray_sub
[3.638s] -- Up-to-date: /home/a/uav/install/my_uav/lib/my_uav/camera_listener
[3.638s] -- Up-to-date: /home/a/uav/install/my_uav/lib/my_uav/ray_listener
[3.638s] -- Up-to-date: /home/a/uav/install/my_uav/share/ament_index/resource_index/package_run_dependencies/my_uav
[3.638s] -- Up-to-date: /home/a/uav/install/my_uav/share/ament_index/resource_index/parent_prefix_path/my_uav
[3.638s] -- Up-to-date: /home/a/uav/install/my_uav/share/my_uav/environment/ament_prefix_path.sh
[3.639s] -- Up-to-date: /home/a/uav/install/my_uav/share/my_uav/environment/ament_prefix_path.dsv
[3.639s] -- Up-to-date: /home/a/uav/install/my_uav/share/my_uav/environment/path.sh
[3.639s] -- Up-to-date: /home/a/uav/install/my_uav/share/my_uav/environment/path.dsv
[3.639s] -- Up-to-date: /home/a/uav/install/my_uav/share/my_uav/local_setup.bash
[3.639s] -- Up-to-date: /home/a/uav/install/my_uav/share/my_uav/local_setup.sh
[3.639s] -- Up-to-date: /home/a/uav/install/my_uav/share/my_uav/local_setup.zsh
[3.639s] -- Up-to-date: /home/a/uav/install/my_uav/share/my_uav/local_setup.dsv
[3.640s] -- Installing: /home/a/uav/install/my_uav/share/my_uav/package.dsv
[3.640s] -- Up-to-date: /home/a/uav/install/my_uav/share/ament_index/resource_index/packages/my_uav
[3.640s] -- Up-to-date: /home/a/uav/install/my_uav/share/my_uav/cmake/my_uavConfig.cmake
[3.640s] -- Up-to-date: /home/a/uav/install/my_uav/share/my_uav/cmake/my_uavConfig-version.cmake
[3.641s] -- Up-to-date: /home/a/uav/install/my_uav/share/my_uav/package.xml
[3.644s] Invoked command in '/home/a/uav/build/my_uav' returned '0': /usr/bin/cmake --install /home/a/uav/build/my_uav
