-- Found ament_cmake: 1.1.6 (/opt/ros/galactic/share/ament_cmake/cmake)
-- Using PYTHON_EXECUTABLE: /usr/bin/python3
-- Override CMake install command with custom implementation using symlinks instead of copying resources
-- Found ament_lint_auto: 0.10.7 (/opt/ros/galactic/share/ament_lint_auto/cmake)
-- Found rclcpp: 9.2.2 (/opt/ros/galactic/share/rclcpp/cmake)
-- Using all available rosidl_typesupport_c: rosidl_typesupport_fastrtps_c;rosidl_typesupport_introspection_c
-- Found rosidl_adapter: 2.2.3 (/opt/ros/galactic/share/rosidl_adapter/cmake)
-- Using all available rosidl_typesupport_cpp: rosidl_typesupport_fastrtps_cpp;rosidl_typesupport_introspection_cpp
-- Found rmw_implementation_cmake: 3.3.1 (/opt/ros/galactic/share/rmw_implementation_cmake/cmake)
-- Found rmw_cyclonedds_cpp: 0.22.6 (/opt/ros/galactic/share/rmw_cyclonedds_cpp/cmake)
-- Using RMW implementation 'rmw_cyclonedds_cpp' as default
-- Found sensor_msgs: 2.2.4 (/opt/ros/galactic/share/sensor_msgs/cmake)
-- Added test 'copyright' to check source files copyright and LICENSE
-- Added test 'cppcheck' to perform static code analysis on C / C++ code
-- Configured cppcheck include dirs: 
-- Configured cppcheck exclude dirs and/or files: 
-- Added test 'cpplint' to check C / C++ code against the Google style
-- Configured cpplint exclude dirs and/or files: 
-- Added test 'flake8' to check Python code syntax and style conventions
-- Added test 'lint_cmake' to check CMake code style
-- Added test 'pep257' to check Python code against some of the style conventions in PEP 257
-- Added test 'uncrustify' to check C / C++ code style
-- Configured uncrustify additional arguments: 
-- Added test 'xmllint' to check XML markup files
-- Configuring done
-- Generating done
-- Build files have been written to: /home/a/ros2_ws/build/my_uav
[ 50%] [32mBuilding CXX object CMakeFiles/uav_control_node.dir/src/uav_control_node.cpp.o[0m
[100%] [32m[1mLinking CXX executable uav_control_node[0m
[100%] Built target uav_control_node
-- Install configuration: "RELWITHDEBINFO"
-- Execute custom install script
-- Symlinking: /home/a/ros2_ws/install/my_uav/share/my_uav/launch/gz_launch.py
-- Symlinking: /home/a/ros2_ws/install/my_uav/share/my_uav/worlds/empty_world.world
-- Symlinking: /home/a/ros2_ws/install/my_uav/lib/my_uav/uav_control_node
-- Symlinking: /home/a/ros2_ws/install/my_uav/share/ament_index/resource_index/package_run_dependencies/my_uav
-- Symlinking: /home/a/ros2_ws/install/my_uav/share/ament_index/resource_index/parent_prefix_path/my_uav
-- Symlinking: /home/a/ros2_ws/install/my_uav/share/my_uav/environment/ament_prefix_path.sh
-- Symlinking: /home/a/ros2_ws/install/my_uav/share/my_uav/environment/ament_prefix_path.dsv
-- Symlinking: /home/a/ros2_ws/install/my_uav/share/my_uav/environment/path.sh
-- Symlinking: /home/a/ros2_ws/install/my_uav/share/my_uav/environment/path.dsv
-- Symlinking: /home/a/ros2_ws/install/my_uav/share/my_uav/local_setup.bash
-- Symlinking: /home/a/ros2_ws/install/my_uav/share/my_uav/local_setup.sh
-- Symlinking: /home/a/ros2_ws/install/my_uav/share/my_uav/local_setup.zsh
-- Symlinking: /home/a/ros2_ws/install/my_uav/share/my_uav/local_setup.dsv
-- Symlinking: /home/a/ros2_ws/install/my_uav/share/my_uav/package.dsv
-- Symlinking: /home/a/ros2_ws/install/my_uav/share/ament_index/resource_index/packages/my_uav
-- Symlinking: /home/a/ros2_ws/install/my_uav/share/my_uav/cmake/my_uavConfig.cmake
-- Symlinking: /home/a/ros2_ws/install/my_uav/share/my_uav/cmake/my_uavConfig-version.cmake
-- Symlinking: /home/a/ros2_ws/install/my_uav/share/my_uav/package.xml
