[  6%] Built target my_uav_node
[ 13%] Built target offboard_control_mode
[ 20%] Built target commander
[35m[1mScanning dependencies of target arm[0m
[ 23%] [32mBuilding CXX object CMakeFiles/arm.dir/src/examples/offboard/arm.cpp.o[0m
[01m[K/home/a/ros2_ws/src/px4_ros_com/src/examples/offboard/arm.cpp:[m[K In member function ‘[01m[Kvoid arm::arm_disaim()[m[K’:
[01m[K/home/a/ros2_ws/src/px4_ros_com/src/examples/offboard/arm.cpp:133:55:[m[K [01;31m[Kerror: [m[Kno matching function for call to ‘[01m[Kstd::chrono::duration<long int>::duration(double)[m[K’
  133 |   std::this_thread::sleep_for(std::chrono::seconds(0.1[01;31m[K)[m[K); // 休眠10秒
      |                                                       [01;31m[K^[m[K
In file included from [01m[K/usr/include/c++/9/mutex:39[m[K,
                 from [01m[K/usr/include/c++/9/future:38[m[K,
                 from [01m[K/opt/ros/galactic/include/rclcpp/executors.hpp:18[m[K,
                 from [01m[K/opt/ros/galactic/include/rclcpp/rclcpp.hpp:156[m[K,
                 from [01m[K/home/a/ros2_ws/src/px4_ros_com/src/examples/offboard/arm.cpp:7[m[K:
[01m[K/usr/include/c++/9/chrono:338:14:[m[K [01;36m[Knote: [m[Kcandidate: ‘[01m[Ktemplate<class _Rep2, class _Period2, class> constexpr std::chrono::duration<_Rep, _Period>::duration(const std::chrono::duration<_Rep, _Period>&)[m[K’
  338 |    constexpr [01;36m[Kduration[m[K(const duration<_Rep2, _Period2>& __d)
      |              [01;36m[K^~~~~~~~[m[K
[01m[K/usr/include/c++/9/chrono:338:14:[m[K [01;36m[Knote: [m[K  template argument deduction/substitution failed:
[01m[K/home/a/ros2_ws/src/px4_ros_com/src/examples/offboard/arm.cpp:133:55:[m[K [01;36m[Knote: [m[K  mismatched types ‘[01m[Kconst std::chrono::duration<_Rep1, _Period1>[m[K’ and ‘[01m[Kdouble[m[K’
  133 |   std::this_thread::sleep_for(std::chrono::seconds(0.1[01;36m[K)[m[K); // 休眠10秒
      |                                                       [01;36m[K^[m[K
In file included from [01m[K/usr/include/c++/9/mutex:39[m[K,
                 from [01m[K/usr/include/c++/9/future:38[m[K,
                 from [01m[K/opt/ros/galactic/include/rclcpp/executors.hpp:18[m[K,
                 from [01m[K/opt/ros/galactic/include/rclcpp/rclcpp.hpp:156[m[K,
                 from [01m[K/home/a/ros2_ws/src/px4_ros_com/src/examples/offboard/arm.cpp:7[m[K:
[01m[K/usr/include/c++/9/chrono:331:23:[m[K [01;36m[Knote: [m[Kcandidate: ‘[01m[Ktemplate<class _Rep2, class> constexpr std::chrono::duration<_Rep, _Period>::duration(const _Rep2&)[m[K’
  331 |    constexpr explicit [01;36m[Kduration[m[K(const _Rep2& __rep)
      |                       [01;36m[K^~~~~~~~[m[K
[01m[K/usr/include/c++/9/chrono:331:23:[m[K [01;36m[Knote: [m[K  template argument deduction/substitution failed:
In file included from [01m[K/usr/include/c++/9/bits/move.h:55[m[K,
                 from [01m[K/usr/include/c++/9/bits/stl_pair.h:59[m[K,
                 from [01m[K/usr/include/c++/9/bits/stl_algobase.h:64[m[K,
                 from [01m[K/usr/include/c++/9/memory:62[m[K,
                 from [01m[K/opt/ros/galactic/include/rclcpp/rclcpp.hpp:154[m[K,
                 from [01m[K/home/a/ros2_ws/src/px4_ros_com/src/examples/offboard/arm.cpp:7[m[K:
/usr/include/c++/9/type_traits: In substitution of ‘[01m[Ktemplate<class ... _Cond> using _Require = typename std::enable_if<std::__and_< <template-parameter-1-1> >::value>::type [with _Cond = {std::is_convertible<const double&, long int>, std::__or_<std::chrono::treat_as_floating_point<long int>, std::__not_<std::chrono::treat_as_floating_point<double> > >}][m[K’:
[01m[K/usr/include/c++/9/chrono:328:27:[m[K   required from here
[01m[K/usr/include/c++/9/type_traits:2048:11:[m[K [01;31m[Kerror: [m[Kno type named ‘[01m[Ktype[m[K’ in ‘[01m[Kstruct std::enable_if<false, void>[m[K’
 2048 |     using [01;31m[K_Require[m[K = typename enable_if<__and_<_Cond...>::value>::type;
      |           [01;31m[K^~~~~~~~[m[K
In file included from [01m[K/usr/include/c++/9/mutex:39[m[K,
                 from [01m[K/usr/include/c++/9/future:38[m[K,
                 from [01m[K/opt/ros/galactic/include/rclcpp/executors.hpp:18[m[K,
                 from [01m[K/opt/ros/galactic/include/rclcpp/rclcpp.hpp:156[m[K,
                 from [01m[K/home/a/ros2_ws/src/px4_ros_com/src/examples/offboard/arm.cpp:7[m[K:
[01m[K/usr/include/c++/9/chrono:324:2:[m[K [01;36m[Knote: [m[Kcandidate: ‘[01m[Kconstexpr std::chrono::duration<_Rep, _Period>::duration(const std::chrono::duration<_Rep, _Period>&) [with _Rep = long int; _Period = std::ratio<1>][m[K’
  324 |  [01;36m[Kduration[m[K(const duration&) = default;
      |  [01;36m[K^~~~~~~~[m[K
[01m[K/usr/include/c++/9/chrono:324:11:[m[K [01;36m[Knote: [m[K  no known conversion for argument 1 from ‘[01m[Kdouble[m[K’ to ‘[01m[Kconst std::chrono::duration<long int>&[m[K’
  324 |  duration([01;36m[Kconst duration&[m[K) = default;
      |           [01;36m[K^~~~~~~~~~~~~~~[m[K
[01m[K/usr/include/c++/9/chrono:322:12:[m[K [01;36m[Knote: [m[Kcandidate: ‘[01m[Kstd::chrono::duration<_Rep, _Period>::duration() [with _Rep = long int; _Period = std::ratio<1>][m[K’
  322 |  constexpr [01;36m[Kduration[m[K() = default;
      |            [01;36m[K^~~~~~~~[m[K
[01m[K/usr/include/c++/9/chrono:322:12:[m[K [01;36m[Knote: [m[K  candidate expects 0 arguments, 1 provided
[01m[K/home/a/ros2_ws/src/px4_ros_com/src/examples/offboard/arm.cpp:135:55:[m[K [01;31m[Kerror: [m[Kno matching function for call to ‘[01m[Kstd::chrono::duration<long int>::duration(double)[m[K’
  135 |   std::this_thread::sleep_for(std::chrono::seconds(0.1[01;31m[K)[m[K); // 休眠10秒
      |                                                       [01;31m[K^[m[K
In file included from [01m[K/usr/include/c++/9/mutex:39[m[K,
                 from [01m[K/usr/include/c++/9/future:38[m[K,
                 from [01m[K/opt/ros/galactic/include/rclcpp/executors.hpp:18[m[K,
                 from [01m[K/opt/ros/galactic/include/rclcpp/rclcpp.hpp:156[m[K,
                 from [01m[K/home/a/ros2_ws/src/px4_ros_com/src/examples/offboard/arm.cpp:7[m[K:
[01m[K/usr/include/c++/9/chrono:338:14:[m[K [01;36m[Knote: [m[Kcandidate: ‘[01m[Ktemplate<class _Rep2, class _Period2, class> constexpr std::chrono::duration<_Rep, _Period>::duration(const std::chrono::duration<_Rep, _Period>&)[m[K’
  338 |    constexpr [01;36m[Kduration[m[K(const duration<_Rep2, _Period2>& __d)
      |              [01;36m[K^~~~~~~~[m[K
[01m[K/usr/include/c++/9/chrono:338:14:[m[K [01;36m[Knote: [m[K  template argument deduction/substitution failed:
[01m[K/home/a/ros2_ws/src/px4_ros_com/src/examples/offboard/arm.cpp:135:55:[m[K [01;36m[Knote: [m[K  mismatched types ‘[01m[Kconst std::chrono::duration<_Rep1, _Period1>[m[K’ and ‘[01m[Kdouble[m[K’
  135 |   std::this_thread::sleep_for(std::chrono::seconds(0.1[01;36m[K)[m[K); // 休眠10秒
      |                                                       [01;36m[K^[m[K
In file included from [01m[K/usr/include/c++/9/mutex:39[m[K,
                 from [01m[K/usr/include/c++/9/future:38[m[K,
                 from [01m[K/opt/ros/galactic/include/rclcpp/executors.hpp:18[m[K,
                 from [01m[K/opt/ros/galactic/include/rclcpp/rclcpp.hpp:156[m[K,
                 from [01m[K/home/a/ros2_ws/src/px4_ros_com/src/examples/offboard/arm.cpp:7[m[K:
[01m[K/usr/include/c++/9/chrono:331:23:[m[K [01;36m[Knote: [m[Kcandidate: ‘[01m[Ktemplate<class _Rep2, class> constexpr std::chrono::duration<_Rep, _Period>::duration(const _Rep2&)[m[K’
  331 |    constexpr explicit [01;36m[Kduration[m[K(const _Rep2& __rep)
      |                       [01;36m[K^~~~~~~~[m[K
[01m[K/usr/include/c++/9/chrono:331:23:[m[K [01;36m[Knote: [m[K  template argument deduction/substitution failed:
[01m[K/usr/include/c++/9/chrono:324:2:[m[K [01;36m[Knote: [m[Kcandidate: ‘[01m[Kconstexpr std::chrono::duration<_Rep, _Period>::duration(const std::chrono::duration<_Rep, _Period>&) [with _Rep = long int; _Period = std::ratio<1>][m[K’
  324 |  [01;36m[Kduration[m[K(const duration&) = default;
      |  [01;36m[K^~~~~~~~[m[K
[01m[K/usr/include/c++/9/chrono:324:11:[m[K [01;36m[Knote: [m[K  no known conversion for argument 1 from ‘[01m[Kdouble[m[K’ to ‘[01m[Kconst std::chrono::duration<long int>&[m[K’
  324 |  duration([01;36m[Kconst duration&[m[K) = default;
      |           [01;36m[K^~~~~~~~~~~~~~~[m[K
[01m[K/usr/include/c++/9/chrono:322:12:[m[K [01;36m[Knote: [m[Kcandidate: ‘[01m[Kstd::chrono::duration<_Rep, _Period>::duration() [with _Rep = long int; _Period = std::ratio<1>][m[K’
  322 |  constexpr [01;36m[Kduration[m[K() = default;
      |            [01;36m[K^~~~~~~~[m[K
[01m[K/usr/include/c++/9/chrono:322:12:[m[K [01;36m[Knote: [m[K  candidate expects 0 arguments, 1 provided
[01m[K/home/a/ros2_ws/src/px4_ros_com/src/examples/offboard/arm.cpp:139:55:[m[K [01;31m[Kerror: [m[Kno matching function for call to ‘[01m[Kstd::chrono::duration<long int>::duration(double)[m[K’
  139 |   std::this_thread::sleep_for(std::chrono::seconds(0.1[01;31m[K)[m[K); // 休眠10秒
      |                                                       [01;31m[K^[m[K
In file included from [01m[K/usr/include/c++/9/mutex:39[m[K,
                 from [01m[K/usr/include/c++/9/future:38[m[K,
                 from [01m[K/opt/ros/galactic/include/rclcpp/executors.hpp:18[m[K,
                 from [01m[K/opt/ros/galactic/include/rclcpp/rclcpp.hpp:156[m[K,
                 from [01m[K/home/a/ros2_ws/src/px4_ros_com/src/examples/offboard/arm.cpp:7[m[K:
[01m[K/usr/include/c++/9/chrono:338:14:[m[K [01;36m[Knote: [m[Kcandidate: ‘[01m[Ktemplate<class _Rep2, class _Period2, class> constexpr std::chrono::duration<_Rep, _Period>::duration(const std::chrono::duration<_Rep, _Period>&)[m[K’
  338 |    constexpr [01;36m[Kduration[m[K(const duration<_Rep2, _Period2>& __d)
      |              [01;36m[K^~~~~~~~[m[K
[01m[K/usr/include/c++/9/chrono:338:14:[m[K [01;36m[Knote: [m[K  template argument deduction/substitution failed:
[01m[K/home/a/ros2_ws/src/px4_ros_com/src/examples/offboard/arm.cpp:139:55:[m[K [01;36m[Knote: [m[K  mismatched types ‘[01m[Kconst std::chrono::duration<_Rep1, _Period1>[m[K’ and ‘[01m[Kdouble[m[K’
  139 |   std::this_thread::sleep_for(std::chrono::seconds(0.1[01;36m[K)[m[K); // 休眠10秒
      |                                                       [01;36m[K^[m[K
In file included from [01m[K/usr/include/c++/9/mutex:39[m[K,
                 from [01m[K/usr/include/c++/9/future:38[m[K,
                 from [01m[K/opt/ros/galactic/include/rclcpp/executors.hpp:18[m[K,
                 from [01m[K/opt/ros/galactic/include/rclcpp/rclcpp.hpp:156[m[K,
                 from [01m[K/home/a/ros2_ws/src/px4_ros_com/src/examples/offboard/arm.cpp:7[m[K:
[01m[K/usr/include/c++/9/chrono:331:23:[m[K [01;36m[Knote: [m[Kcandidate: ‘[01m[Ktemplate<class _Rep2, class> constexpr std::chrono::duration<_Rep, _Period>::duration(const _Rep2&)[m[K’
  331 |    constexpr explicit [01;36m[Kduration[m[K(const _Rep2& __rep)
      |                       [01;36m[K^~~~~~~~[m[K
[01m[K/usr/include/c++/9/chrono:331:23:[m[K [01;36m[Knote: [m[K  template argument deduction/substitution failed:
[01m[K/usr/include/c++/9/chrono:324:2:[m[K [01;36m[Knote: [m[Kcandidate: ‘[01m[Kconstexpr std::chrono::duration<_Rep, _Period>::duration(const std::chrono::duration<_Rep, _Period>&) [with _Rep = long int; _Period = std::ratio<1>][m[K’
  324 |  [01;36m[Kduration[m[K(const duration&) = default;
      |  [01;36m[K^~~~~~~~[m[K
[01m[K/usr/include/c++/9/chrono:324:11:[m[K [01;36m[Knote: [m[K  no known conversion for argument 1 from ‘[01m[Kdouble[m[K’ to ‘[01m[Kconst std::chrono::duration<long int>&[m[K’
  324 |  duration([01;36m[Kconst duration&[m[K) = default;
      |           [01;36m[K^~~~~~~~~~~~~~~[m[K
[01m[K/usr/include/c++/9/chrono:322:12:[m[K [01;36m[Knote: [m[Kcandidate: ‘[01m[Kstd::chrono::duration<_Rep, _Period>::duration() [with _Rep = long int; _Period = std::ratio<1>][m[K’
  322 |  constexpr [01;36m[Kduration[m[K() = default;
      |            [01;36m[K^~~~~~~~[m[K
[01m[K/usr/include/c++/9/chrono:322:12:[m[K [01;36m[Knote: [m[K  candidate expects 0 arguments, 1 provided
[01m[K/home/a/ros2_ws/src/px4_ros_com/src/examples/offboard/arm.cpp:142:55:[m[K [01;31m[Kerror: [m[Kno matching function for call to ‘[01m[Kstd::chrono::duration<long int>::duration(double)[m[K’
  142 |   std::this_thread::sleep_for(std::chrono::seconds(0.1[01;31m[K)[m[K); // 休眠10秒
      |                                                       [01;31m[K^[m[K
In file included from [01m[K/usr/include/c++/9/mutex:39[m[K,
                 from [01m[K/usr/include/c++/9/future:38[m[K,
                 from [01m[K/opt/ros/galactic/include/rclcpp/executors.hpp:18[m[K,
                 from [01m[K/opt/ros/galactic/include/rclcpp/rclcpp.hpp:156[m[K,
                 from [01m[K/home/a/ros2_ws/src/px4_ros_com/src/examples/offboard/arm.cpp:7[m[K:
[01m[K/usr/include/c++/9/chrono:338:14:[m[K [01;36m[Knote: [m[Kcandidate: ‘[01m[Ktemplate<class _Rep2, class _Period2, class> constexpr std::chrono::duration<_Rep, _Period>::duration(const std::chrono::duration<_Rep, _Period>&)[m[K’
  338 |    constexpr [01;36m[Kduration[m[K(const duration<_Rep2, _Period2>& __d)
      |              [01;36m[K^~~~~~~~[m[K
[01m[K/usr/include/c++/9/chrono:338:14:[m[K [01;36m[Knote: [m[K  template argument deduction/substitution failed:
[01m[K/home/a/ros2_ws/src/px4_ros_com/src/examples/offboard/arm.cpp:142:55:[m[K [01;36m[Knote: [m[K  mismatched types ‘[01m[Kconst std::chrono::duration<_Rep1, _Period1>[m[K’ and ‘[01m[Kdouble[m[K’
  142 |   std::this_thread::sleep_for(std::chrono::seconds(0.1[01;36m[K)[m[K); // 休眠10秒
      |                                                       [01;36m[K^[m[K
In file included from [01m[K/usr/include/c++/9/mutex:39[m[K,
                 from [01m[K/usr/include/c++/9/future:38[m[K,
                 from [01m[K/opt/ros/galactic/include/rclcpp/executors.hpp:18[m[K,
                 from [01m[K/opt/ros/galactic/include/rclcpp/rclcpp.hpp:156[m[K,
                 from [01m[K/home/a/ros2_ws/src/px4_ros_com/src/examples/offboard/arm.cpp:7[m[K:
[01m[K/usr/include/c++/9/chrono:331:23:[m[K [01;36m[Knote: [m[Kcandidate: ‘[01m[Ktemplate<class _Rep2, class> constexpr std::chrono::duration<_Rep, _Period>::duration(const _Rep2&)[m[K’
  331 |    constexpr explicit [01;36m[Kduration[m[K(const _Rep2& __rep)
      |                       [01;36m[K^~~~~~~~[m[K
[01m[K/usr/include/c++/9/chrono:331:23:[m[K [01;36m[Knote: [m[K  template argument deduction/substitution failed:
[01m[K/usr/include/c++/9/chrono:324:2:[m[K [01;36m[Knote: [m[Kcandidate: ‘[01m[Kconstexpr std::chrono::duration<_Rep, _Period>::duration(const std::chrono::duration<_Rep, _Period>&) [with _Rep = long int; _Period = std::ratio<1>][m[K’
  324 |  [01;36m[Kduration[m[K(const duration&) = default;
      |  [01;36m[K^~~~~~~~[m[K
[01m[K/usr/include/c++/9/chrono:324:11:[m[K [01;36m[Knote: [m[K  no known conversion for argument 1 from ‘[01m[Kdouble[m[K’ to ‘[01m[Kconst std::chrono::duration<long int>&[m[K’
  324 |  duration([01;36m[Kconst duration&[m[K) = default;
      |           [01;36m[K^~~~~~~~~~~~~~~[m[K
[01m[K/usr/include/c++/9/chrono:322:12:[m[K [01;36m[Knote: [m[Kcandidate: ‘[01m[Kstd::chrono::duration<_Rep, _Period>::duration() [with _Rep = long int; _Period = std::ratio<1>][m[K’
  322 |  constexpr [01;36m[Kduration[m[K() = default;
      |            [01;36m[K^~~~~~~~[m[K
[01m[K/usr/include/c++/9/chrono:322:12:[m[K [01;36m[Knote: [m[K  candidate expects 0 arguments, 1 provided
make[2]: *** [CMakeFiles/arm.dir/build.make:63：CMakeFiles/arm.dir/src/examples/offboard/arm.cpp.o] 错误 1
make[1]: *** [CMakeFiles/Makefile2:187：CMakeFiles/arm.dir/all] 错误 2
make: *** [Makefile:141：all] 错误 2
