[0.044s] Invoking command in '/home/a/ros2_ws/build/px4_ros_com': CMAKE_PREFIX_PATH=/home/a/ros2_ws/install/px4_msgs:/home/a/ros2_ws/install/px4_ros_com:/home/a/ros2_ws/install/my_uav:/opt/ros/galactic LD_LIBRARY_PATH=/home/a/ros2_ws/install/px4_msgs/lib:/home/a/ros2_ws/install/px4_ros_com/lib:/usr/lib/x86_64-linux-gnu/gazebo-11/plugins:/opt/ros/galactic/opt/yaml_cpp_vendor/lib:/opt/ros/galactic/opt/rviz_ogre_vendor/lib:/opt/ros/galactic/lib/x86_64-linux-gnu:/opt/ros/galactic/lib:/home/a/PX4-Autopilot/build/px4_sitl_default/build_gazebo-classic /usr/bin/cmake --build /home/a/ros2_ws/build/px4_ros_com -- -j2 -l2
[0.227s] [  6%] Built target my_uav_node
[0.279s] [ 13%] Built target offboard_control_mode
[0.329s] [ 20%] Built target commander
[0.361s] [35m[1mScanning dependencies of target arm[0m
[0.424s] [ 23%] [32mBuilding CXX object CMakeFiles/arm.dir/src/examples/offboard/arm.cpp.o[0m
[4.791s] [01m[K/home/a/ros2_ws/src/px4_ros_com/src/examples/offboard/arm.cpp:[m[K In member function ‘[01m[Kvoid arm::arm_disaim()[m[K’:
[4.791s] [01m[K/home/a/ros2_ws/src/px4_ros_com/src/examples/offboard/arm.cpp:133:55:[m[K [01;31m[Kerror: [m[Kno matching function for call to ‘[01m[Kstd::chrono::duration<long int>::duration(double)[m[K’
[4.798s]   133 |   std::this_thread::sleep_for(std::chrono::seconds(0.1[01;31m[K)[m[K); // 休眠10秒
[4.798s]       |                                                       [01;31m[K^[m[K
[4.798s] In file included from [01m[K/usr/include/c++/9/mutex:39[m[K,
[4.798s]                  from [01m[K/usr/include/c++/9/future:38[m[K,
[4.798s]                  from [01m[K/opt/ros/galactic/include/rclcpp/executors.hpp:18[m[K,
[4.798s]                  from [01m[K/opt/ros/galactic/include/rclcpp/rclcpp.hpp:156[m[K,
[4.799s]                  from [01m[K/home/a/ros2_ws/src/px4_ros_com/src/examples/offboard/arm.cpp:7[m[K:
[4.799s] [01m[K/usr/include/c++/9/chrono:338:14:[m[K [01;36m[Knote: [m[Kcandidate: ‘[01m[Ktemplate<class _Rep2, class _Period2, class> constexpr std::chrono::duration<_Rep, _Period>::duration(const std::chrono::duration<_Rep, _Period>&)[m[K’
[4.799s]   338 |    constexpr [01;36m[Kduration[m[K(const duration<_Rep2, _Period2>& __d)
[4.799s]       |              [01;36m[K^~~~~~~~[m[K
[4.799s] [01m[K/usr/include/c++/9/chrono:338:14:[m[K [01;36m[Knote: [m[K  template argument deduction/substitution failed:
[4.799s] [01m[K/home/a/ros2_ws/src/px4_ros_com/src/examples/offboard/arm.cpp:133:55:[m[K [01;36m[Knote: [m[K  mismatched types ‘[01m[Kconst std::chrono::duration<_Rep1, _Period1>[m[K’ and ‘[01m[Kdouble[m[K’
[4.799s]   133 |   std::this_thread::sleep_for(std::chrono::seconds(0.1[01;36m[K)[m[K); // 休眠10秒
[4.799s]       |                                                       [01;36m[K^[m[K
[4.799s] In file included from [01m[K/usr/include/c++/9/mutex:39[m[K,
[4.799s]                  from [01m[K/usr/include/c++/9/future:38[m[K,
[4.799s]                  from [01m[K/opt/ros/galactic/include/rclcpp/executors.hpp:18[m[K,
[4.799s]                  from [01m[K/opt/ros/galactic/include/rclcpp/rclcpp.hpp:156[m[K,
[4.799s]                  from [01m[K/home/a/ros2_ws/src/px4_ros_com/src/examples/offboard/arm.cpp:7[m[K:
[4.799s] [01m[K/usr/include/c++/9/chrono:331:23:[m[K [01;36m[Knote: [m[Kcandidate: ‘[01m[Ktemplate<class _Rep2, class> constexpr std::chrono::duration<_Rep, _Period>::duration(const _Rep2&)[m[K’
[4.799s]   331 |    constexpr explicit [01;36m[Kduration[m[K(const _Rep2& __rep)
[4.799s]       |                       [01;36m[K^~~~~~~~[m[K
[4.799s] [01m[K/usr/include/c++/9/chrono:331:23:[m[K [01;36m[Knote: [m[K  template argument deduction/substitution failed:
[4.800s] In file included from [01m[K/usr/include/c++/9/bits/move.h:55[m[K,
[4.800s]                  from [01m[K/usr/include/c++/9/bits/stl_pair.h:59[m[K,
[4.800s]                  from [01m[K/usr/include/c++/9/bits/stl_algobase.h:64[m[K,
[4.800s]                  from [01m[K/usr/include/c++/9/memory:62[m[K,
[4.800s]                  from [01m[K/opt/ros/galactic/include/rclcpp/rclcpp.hpp:154[m[K,
[4.800s]                  from [01m[K/home/a/ros2_ws/src/px4_ros_com/src/examples/offboard/arm.cpp:7[m[K:
[4.800s] /usr/include/c++/9/type_traits: In substitution of ‘[01m[Ktemplate<class ... _Cond> using _Require = typename std::enable_if<std::__and_< <template-parameter-1-1> >::value>::type [with _Cond = {std::is_convertible<const double&, long int>, std::__or_<std::chrono::treat_as_floating_point<long int>, std::__not_<std::chrono::treat_as_floating_point<double> > >}][m[K’:
[4.800s] [01m[K/usr/include/c++/9/chrono:328:27:[m[K   required from here
[4.800s] [01m[K/usr/include/c++/9/type_traits:2048:11:[m[K [01;31m[Kerror: [m[Kno type named ‘[01m[Ktype[m[K’ in ‘[01m[Kstruct std::enable_if<false, void>[m[K’
[4.800s]  2048 |     using [01;31m[K_Require[m[K = typename enable_if<__and_<_Cond...>::value>::type;
[4.800s]       |           [01;31m[K^~~~~~~~[m[K
[4.800s] In file included from [01m[K/usr/include/c++/9/mutex:39[m[K,
[4.800s]                  from [01m[K/usr/include/c++/9/future:38[m[K,
[4.800s]                  from [01m[K/opt/ros/galactic/include/rclcpp/executors.hpp:18[m[K,
[4.800s]                  from [01m[K/opt/ros/galactic/include/rclcpp/rclcpp.hpp:156[m[K,
[4.800s]                  from [01m[K/home/a/ros2_ws/src/px4_ros_com/src/examples/offboard/arm.cpp:7[m[K:
[4.800s] [01m[K/usr/include/c++/9/chrono:324:2:[m[K [01;36m[Knote: [m[Kcandidate: ‘[01m[Kconstexpr std::chrono::duration<_Rep, _Period>::duration(const std::chrono::duration<_Rep, _Period>&) [with _Rep = long int; _Period = std::ratio<1>][m[K’
[4.807s]   324 |  [01;36m[Kduration[m[K(const duration&) = default;
[4.807s]       |  [01;36m[K^~~~~~~~[m[K
[4.807s] [01m[K/usr/include/c++/9/chrono:324:11:[m[K [01;36m[Knote: [m[K  no known conversion for argument 1 from ‘[01m[Kdouble[m[K’ to ‘[01m[Kconst std::chrono::duration<long int>&[m[K’
[4.807s]   324 |  duration([01;36m[Kconst duration&[m[K) = default;
[4.807s]       |           [01;36m[K^~~~~~~~~~~~~~~[m[K
[4.807s] [01m[K/usr/include/c++/9/chrono:322:12:[m[K [01;36m[Knote: [m[Kcandidate: ‘[01m[Kstd::chrono::duration<_Rep, _Period>::duration() [with _Rep = long int; _Period = std::ratio<1>][m[K’
[4.807s]   322 |  constexpr [01;36m[Kduration[m[K() = default;
[4.808s]       |            [01;36m[K^~~~~~~~[m[K
[4.808s] [01m[K/usr/include/c++/9/chrono:322:12:[m[K [01;36m[Knote: [m[K  candidate expects 0 arguments, 1 provided
[4.808s] [01m[K/home/a/ros2_ws/src/px4_ros_com/src/examples/offboard/arm.cpp:135:55:[m[K [01;31m[Kerror: [m[Kno matching function for call to ‘[01m[Kstd::chrono::duration<long int>::duration(double)[m[K’
[4.808s]   135 |   std::this_thread::sleep_for(std::chrono::seconds(0.1[01;31m[K)[m[K); // 休眠10秒
[4.808s]       |                                                       [01;31m[K^[m[K
[4.808s] In file included from [01m[K/usr/include/c++/9/mutex:39[m[K,
[4.808s]                  from [01m[K/usr/include/c++/9/future:38[m[K,
[4.808s]                  from [01m[K/opt/ros/galactic/include/rclcpp/executors.hpp:18[m[K,
[4.808s]                  from [01m[K/opt/ros/galactic/include/rclcpp/rclcpp.hpp:156[m[K,
[4.808s]                  from [01m[K/home/a/ros2_ws/src/px4_ros_com/src/examples/offboard/arm.cpp:7[m[K:
[4.808s] [01m[K/usr/include/c++/9/chrono:338:14:[m[K [01;36m[Knote: [m[Kcandidate: ‘[01m[Ktemplate<class _Rep2, class _Period2, class> constexpr std::chrono::duration<_Rep, _Period>::duration(const std::chrono::duration<_Rep, _Period>&)[m[K’
[4.808s]   338 |    constexpr [01;36m[Kduration[m[K(const duration<_Rep2, _Period2>& __d)
[4.808s]       |              [01;36m[K^~~~~~~~[m[K
[4.808s] [01m[K/usr/include/c++/9/chrono:338:14:[m[K [01;36m[Knote: [m[K  template argument deduction/substitution failed:
[4.808s] [01m[K/home/a/ros2_ws/src/px4_ros_com/src/examples/offboard/arm.cpp:135:55:[m[K [01;36m[Knote: [m[K  mismatched types ‘[01m[Kconst std::chrono::duration<_Rep1, _Period1>[m[K’ and ‘[01m[Kdouble[m[K’
[4.808s]   135 |   std::this_thread::sleep_for(std::chrono::seconds(0.1[01;36m[K)[m[K); // 休眠10秒
[4.808s]       |                                                       [01;36m[K^[m[K
[4.809s] In file included from [01m[K/usr/include/c++/9/mutex:39[m[K,
[4.809s]                  from [01m[K/usr/include/c++/9/future:38[m[K,
[4.809s]                  from [01m[K/opt/ros/galactic/include/rclcpp/executors.hpp:18[m[K,
[4.809s]                  from [01m[K/opt/ros/galactic/include/rclcpp/rclcpp.hpp:156[m[K,
[4.809s]                  from [01m[K/home/a/ros2_ws/src/px4_ros_com/src/examples/offboard/arm.cpp:7[m[K:
[4.809s] [01m[K/usr/include/c++/9/chrono:331:23:[m[K [01;36m[Knote: [m[Kcandidate: ‘[01m[Ktemplate<class _Rep2, class> constexpr std::chrono::duration<_Rep, _Period>::duration(const _Rep2&)[m[K’
[4.809s]   331 |    constexpr explicit [01;36m[Kduration[m[K(const _Rep2& __rep)
[4.809s]       |                       [01;36m[K^~~~~~~~[m[K
[4.809s] [01m[K/usr/include/c++/9/chrono:331:23:[m[K [01;36m[Knote: [m[K  template argument deduction/substitution failed:
[4.809s] [01m[K/usr/include/c++/9/chrono:324:2:[m[K [01;36m[Knote: [m[Kcandidate: ‘[01m[Kconstexpr std::chrono::duration<_Rep, _Period>::duration(const std::chrono::duration<_Rep, _Period>&) [with _Rep = long int; _Period = std::ratio<1>][m[K’
[4.809s]   324 |  [01;36m[Kduration[m[K(const duration&) = default;
[4.809s]       |  [01;36m[K^~~~~~~~[m[K
[4.809s] [01m[K/usr/include/c++/9/chrono:324:11:[m[K [01;36m[Knote: [m[K  no known conversion for argument 1 from ‘[01m[Kdouble[m[K’ to ‘[01m[Kconst std::chrono::duration<long int>&[m[K’
[4.809s]   324 |  duration([01;36m[Kconst duration&[m[K) = default;
[4.809s]       |           [01;36m[K^~~~~~~~~~~~~~~[m[K
[4.809s] [01m[K/usr/include/c++/9/chrono:322:12:[m[K [01;36m[Knote: [m[Kcandidate: ‘[01m[Kstd::chrono::duration<_Rep, _Period>::duration() [with _Rep = long int; _Period = std::ratio<1>][m[K’
[4.815s]   322 |  constexpr [01;36m[Kduration[m[K() = default;
[4.815s]       |            [01;36m[K^~~~~~~~[m[K
[4.815s] [01m[K/usr/include/c++/9/chrono:322:12:[m[K [01;36m[Knote: [m[K  candidate expects 0 arguments, 1 provided
[4.815s] [01m[K/home/a/ros2_ws/src/px4_ros_com/src/examples/offboard/arm.cpp:139:55:[m[K [01;31m[Kerror: [m[Kno matching function for call to ‘[01m[Kstd::chrono::duration<long int>::duration(double)[m[K’
[4.815s]   139 |   std::this_thread::sleep_for(std::chrono::seconds(0.1[01;31m[K)[m[K); // 休眠10秒
[4.815s]       |                                                       [01;31m[K^[m[K
[4.815s] In file included from [01m[K/usr/include/c++/9/mutex:39[m[K,
[4.815s]                  from [01m[K/usr/include/c++/9/future:38[m[K,
[4.815s]                  from [01m[K/opt/ros/galactic/include/rclcpp/executors.hpp:18[m[K,
[4.815s]                  from [01m[K/opt/ros/galactic/include/rclcpp/rclcpp.hpp:156[m[K,
[4.815s]                  from [01m[K/home/a/ros2_ws/src/px4_ros_com/src/examples/offboard/arm.cpp:7[m[K:
[4.815s] [01m[K/usr/include/c++/9/chrono:338:14:[m[K [01;36m[Knote: [m[Kcandidate: ‘[01m[Ktemplate<class _Rep2, class _Period2, class> constexpr std::chrono::duration<_Rep, _Period>::duration(const std::chrono::duration<_Rep, _Period>&)[m[K’
[4.815s]   338 |    constexpr [01;36m[Kduration[m[K(const duration<_Rep2, _Period2>& __d)
[4.815s]       |              [01;36m[K^~~~~~~~[m[K
[4.816s] [01m[K/usr/include/c++/9/chrono:338:14:[m[K [01;36m[Knote: [m[K  template argument deduction/substitution failed:
[4.816s] [01m[K/home/a/ros2_ws/src/px4_ros_com/src/examples/offboard/arm.cpp:139:55:[m[K [01;36m[Knote: [m[K  mismatched types ‘[01m[Kconst std::chrono::duration<_Rep1, _Period1>[m[K’ and ‘[01m[Kdouble[m[K’
[4.816s]   139 |   std::this_thread::sleep_for(std::chrono::seconds(0.1[01;36m[K)[m[K); // 休眠10秒
[4.816s]       |                                                       [01;36m[K^[m[K
[4.816s] In file included from [01m[K/usr/include/c++/9/mutex:39[m[K,
[4.816s]                  from [01m[K/usr/include/c++/9/future:38[m[K,
[4.816s]                  from [01m[K/opt/ros/galactic/include/rclcpp/executors.hpp:18[m[K,
[4.816s]                  from [01m[K/opt/ros/galactic/include/rclcpp/rclcpp.hpp:156[m[K,
[4.816s]                  from [01m[K/home/a/ros2_ws/src/px4_ros_com/src/examples/offboard/arm.cpp:7[m[K:
[4.816s] [01m[K/usr/include/c++/9/chrono:331:23:[m[K [01;36m[Knote: [m[Kcandidate: ‘[01m[Ktemplate<class _Rep2, class> constexpr std::chrono::duration<_Rep, _Period>::duration(const _Rep2&)[m[K’
[4.816s]   331 |    constexpr explicit [01;36m[Kduration[m[K(const _Rep2& __rep)
[4.816s]       |                       [01;36m[K^~~~~~~~[m[K
[4.816s] [01m[K/usr/include/c++/9/chrono:331:23:[m[K [01;36m[Knote: [m[K  template argument deduction/substitution failed:
[4.816s] [01m[K/usr/include/c++/9/chrono:324:2:[m[K [01;36m[Knote: [m[Kcandidate: ‘[01m[Kconstexpr std::chrono::duration<_Rep, _Period>::duration(const std::chrono::duration<_Rep, _Period>&) [with _Rep = long int; _Period = std::ratio<1>][m[K’
[4.816s]   324 |  [01;36m[Kduration[m[K(const duration&) = default;
[4.816s]       |  [01;36m[K^~~~~~~~[m[K
[4.816s] [01m[K/usr/include/c++/9/chrono:324:11:[m[K [01;36m[Knote: [m[K  no known conversion for argument 1 from ‘[01m[Kdouble[m[K’ to ‘[01m[Kconst std::chrono::duration<long int>&[m[K’
[4.817s]   324 |  duration([01;36m[Kconst duration&[m[K) = default;
[4.817s]       |           [01;36m[K^~~~~~~~~~~~~~~[m[K
[4.817s] [01m[K/usr/include/c++/9/chrono:322:12:[m[K [01;36m[Knote: [m[Kcandidate: ‘[01m[Kstd::chrono::duration<_Rep, _Period>::duration() [with _Rep = long int; _Period = std::ratio<1>][m[K’
[4.817s]   322 |  constexpr [01;36m[Kduration[m[K() = default;
[4.817s]       |            [01;36m[K^~~~~~~~[m[K
[4.817s] [01m[K/usr/include/c++/9/chrono:322:12:[m[K [01;36m[Knote: [m[K  candidate expects 0 arguments, 1 provided
[4.817s] [01m[K/home/a/ros2_ws/src/px4_ros_com/src/examples/offboard/arm.cpp:142:55:[m[K [01;31m[Kerror: [m[Kno matching function for call to ‘[01m[Kstd::chrono::duration<long int>::duration(double)[m[K’
[4.817s]   142 |   std::this_thread::sleep_for(std::chrono::seconds(0.1[01;31m[K)[m[K); // 休眠10秒
[4.817s]       |                                                       [01;31m[K^[m[K
[4.817s] In file included from [01m[K/usr/include/c++/9/mutex:39[m[K,
[4.817s]                  from [01m[K/usr/include/c++/9/future:38[m[K,
[4.817s]                  from [01m[K/opt/ros/galactic/include/rclcpp/executors.hpp:18[m[K,
[4.817s]                  from [01m[K/opt/ros/galactic/include/rclcpp/rclcpp.hpp:156[m[K,
[4.817s]                  from [01m[K/home/a/ros2_ws/src/px4_ros_com/src/examples/offboard/arm.cpp:7[m[K:
[4.817s] [01m[K/usr/include/c++/9/chrono:338:14:[m[K [01;36m[Knote: [m[Kcandidate: ‘[01m[Ktemplate<class _Rep2, class _Period2, class> constexpr std::chrono::duration<_Rep, _Period>::duration(const std::chrono::duration<_Rep, _Period>&)[m[K’
[4.817s]   338 |    constexpr [01;36m[Kduration[m[K(const duration<_Rep2, _Period2>& __d)
[4.817s]       |              [01;36m[K^~~~~~~~[m[K
[4.820s] [01m[K/usr/include/c++/9/chrono:338:14:[m[K [01;36m[Knote: [m[K  template argument deduction/substitution failed:
[4.820s] [01m[K/home/a/ros2_ws/src/px4_ros_com/src/examples/offboard/arm.cpp:142:55:[m[K [01;36m[Knote: [m[K  mismatched types ‘[01m[Kconst std::chrono::duration<_Rep1, _Period1>[m[K’ and ‘[01m[Kdouble[m[K’
[4.820s]   142 |   std::this_thread::sleep_for(std::chrono::seconds(0.1[01;36m[K)[m[K); // 休眠10秒
[4.820s]       |                                                       [01;36m[K^[m[K
[4.821s] In file included from [01m[K/usr/include/c++/9/mutex:39[m[K,
[4.821s]                  from [01m[K/usr/include/c++/9/future:38[m[K,
[4.821s]                  from [01m[K/opt/ros/galactic/include/rclcpp/executors.hpp:18[m[K,
[4.821s]                  from [01m[K/opt/ros/galactic/include/rclcpp/rclcpp.hpp:156[m[K,
[4.821s]                  from [01m[K/home/a/ros2_ws/src/px4_ros_com/src/examples/offboard/arm.cpp:7[m[K:
[4.821s] [01m[K/usr/include/c++/9/chrono:331:23:[m[K [01;36m[Knote: [m[Kcandidate: ‘[01m[Ktemplate<class _Rep2, class> constexpr std::chrono::duration<_Rep, _Period>::duration(const _Rep2&)[m[K’
[4.821s]   331 |    constexpr explicit [01;36m[Kduration[m[K(const _Rep2& __rep)
[4.821s]       |                       [01;36m[K^~~~~~~~[m[K
[4.826s] [01m[K/usr/include/c++/9/chrono:331:23:[m[K [01;36m[Knote: [m[K  template argument deduction/substitution failed:
[4.826s] [01m[K/usr/include/c++/9/chrono:324:2:[m[K [01;36m[Knote: [m[Kcandidate: ‘[01m[Kconstexpr std::chrono::duration<_Rep, _Period>::duration(const std::chrono::duration<_Rep, _Period>&) [with _Rep = long int; _Period = std::ratio<1>][m[K’
[4.827s]   324 |  [01;36m[Kduration[m[K(const duration&) = default;
[4.827s]       |  [01;36m[K^~~~~~~~[m[K
[4.827s] [01m[K/usr/include/c++/9/chrono:324:11:[m[K [01;36m[Knote: [m[K  no known conversion for argument 1 from ‘[01m[Kdouble[m[K’ to ‘[01m[Kconst std::chrono::duration<long int>&[m[K’
[4.827s]   324 |  duration([01;36m[Kconst duration&[m[K) = default;
[4.827s]       |           [01;36m[K^~~~~~~~~~~~~~~[m[K
[4.827s] [01m[K/usr/include/c++/9/chrono:322:12:[m[K [01;36m[Knote: [m[Kcandidate: ‘[01m[Kstd::chrono::duration<_Rep, _Period>::duration() [with _Rep = long int; _Period = std::ratio<1>][m[K’
[4.827s]   322 |  constexpr [01;36m[Kduration[m[K() = default;
[4.827s]       |            [01;36m[K^~~~~~~~[m[K
[4.827s] [01m[K/usr/include/c++/9/chrono:322:12:[m[K [01;36m[Knote: [m[K  candidate expects 0 arguments, 1 provided
[8.516s] make[2]: *** [CMakeFiles/arm.dir/build.make:63：CMakeFiles/arm.dir/src/examples/offboard/arm.cpp.o] 错误 1
[8.517s] make[1]: *** [CMakeFiles/Makefile2:187：CMakeFiles/arm.dir/all] 错误 2
[8.518s] make: *** [Makefile:141：all] 错误 2
[8.524s] Invoked command in '/home/a/ros2_ws/build/px4_ros_com' returned '2': CMAKE_PREFIX_PATH=/home/a/ros2_ws/install/px4_msgs:/home/a/ros2_ws/install/px4_ros_com:/home/a/ros2_ws/install/my_uav:/opt/ros/galactic LD_LIBRARY_PATH=/home/a/ros2_ws/install/px4_msgs/lib:/home/a/ros2_ws/install/px4_ros_com/lib:/usr/lib/x86_64-linux-gnu/gazebo-11/plugins:/opt/ros/galactic/opt/yaml_cpp_vendor/lib:/opt/ros/galactic/opt/rviz_ogre_vendor/lib:/opt/ros/galactic/lib/x86_64-linux-gnu:/opt/ros/galactic/lib:/home/a/PX4-Autopilot/build/px4_sitl_default/build_gazebo-classic /usr/bin/cmake --build /home/a/ros2_ws/build/px4_ros_com -- -j2 -l2
