[0.162s] DEBUG:colcon:Command line arguments: ['/usr/bin/colcon', 'build']
[0.163s] DEBUG:colcon:Parsed command line arguments: Namespace(allow_overriding=[], ament_cmake_args=None, base_paths=['.'], build_base='build', catkin_cmake_args=None, catkin_skip_building_tests=False, cmake_args=None, cmake_clean_cache=False, cmake_clean_first=False, cmake_force_configure=False, cmake_target=None, cmake_target_skip_unavailable=False, continue_on_error=False, event_handlers=None, executor='parallel', ignore_user_meta=False, install_base='install', log_base=None, log_level=None, main=<bound method BuildVerb.main of <colcon_core.verb.build.BuildVerb object at 0x7f563fabe640>>, merge_install=False, metas=['./colcon.meta'], packages_above=None, packages_above_and_dependencies=None, packages_above_depth=None, packages_end=None, packages_ignore=None, packages_ignore_regex=None, packages_select=None, packages_select_build_failed=False, packages_select_by_dep=None, packages_select_regex=None, packages_select_test_failures=False, packages_skip=None, packages_skip_build_finished=False, packages_skip_by_dep=None, packages_skip_regex=None, packages_skip_test_passed=False, packages_skip_up_to=None, packages_start=None, packages_up_to=None, packages_up_to_regex=None, parallel_workers=2, paths=None, symlink_install=False, test_result_base=None, verb_extension=<colcon_core.verb.build.BuildVerb object at 0x7f563fabe640>, verb_name='build', verb_parser=<colcon_defaults.argument_parser.defaults.DefaultArgumentsDecorator object at 0x7f563fabeb50>)
[0.287s] Level 1:colcon.colcon_core.package_discovery:discover_packages(colcon_meta) check parameters
[0.287s] Level 1:colcon.colcon_core.package_discovery:discover_packages(recursive) check parameters
[0.287s] Level 1:colcon.colcon_core.package_discovery:discover_packages(ignore) check parameters
[0.287s] Level 1:colcon.colcon_core.package_discovery:discover_packages(path) check parameters
[0.287s] Level 1:colcon.colcon_core.package_discovery:discover_packages(colcon_meta) discover
[0.287s] Level 1:colcon.colcon_core.package_discovery:discover_packages(recursive) discover
[0.287s] INFO:colcon.colcon_core.package_discovery:Crawling recursively for packages in '/home/a/ros2_ws'
[0.287s] Level 1:colcon.colcon_core.package_identification:_identify(.) by extensions ['ignore', 'ignore_ament_install']
[0.288s] Level 1:colcon.colcon_core.package_identification:_identify(.) by extension 'ignore'
[0.288s] Level 1:colcon.colcon_core.package_identification:_identify(.) by extension 'ignore_ament_install'
[0.288s] Level 1:colcon.colcon_core.package_identification:_identify(.) by extensions ['colcon_pkg']
[0.288s] Level 1:colcon.colcon_core.package_identification:_identify(.) by extension 'colcon_pkg'
[0.288s] Level 1:colcon.colcon_core.package_identification:_identify(.) by extensions ['colcon_meta']
[0.288s] Level 1:colcon.colcon_core.package_identification:_identify(.) by extension 'colcon_meta'
[0.288s] Level 1:colcon.colcon_core.package_identification:_identify(.) by extensions ['ros']
[0.288s] Level 1:colcon.colcon_core.package_identification:_identify(.) by extension 'ros'
[0.297s] Level 1:colcon.colcon_core.package_identification:_identify(.) by extensions ['cmake', 'python']
[0.297s] Level 1:colcon.colcon_core.package_identification:_identify(.) by extension 'cmake'
[0.297s] Level 1:colcon.colcon_core.package_identification:_identify(.) by extension 'python'
[0.297s] Level 1:colcon.colcon_core.package_identification:_identify(.) by extensions ['python_setup_py']
[0.297s] Level 1:colcon.colcon_core.package_identification:_identify(.) by extension 'python_setup_py'
[0.297s] Level 1:colcon.colcon_core.package_identification:_identify(build) by extensions ['ignore', 'ignore_ament_install']
[0.298s] Level 1:colcon.colcon_core.package_identification:_identify(build) by extension 'ignore'
[0.298s] Level 1:colcon.colcon_core.package_identification:_identify(build) ignored
[0.298s] Level 1:colcon.colcon_core.package_identification:_identify(install) by extensions ['ignore', 'ignore_ament_install']
[0.298s] Level 1:colcon.colcon_core.package_identification:_identify(install) by extension 'ignore'
[0.298s] Level 1:colcon.colcon_core.package_identification:_identify(install) ignored
[0.298s] Level 1:colcon.colcon_core.package_identification:_identify(log) by extensions ['ignore', 'ignore_ament_install']
[0.298s] Level 1:colcon.colcon_core.package_identification:_identify(log) by extension 'ignore'
[0.298s] Level 1:colcon.colcon_core.package_identification:_identify(log) ignored
[0.298s] Level 1:colcon.colcon_core.package_identification:_identify(src) by extensions ['ignore', 'ignore_ament_install']
[0.298s] Level 1:colcon.colcon_core.package_identification:_identify(src) by extension 'ignore'
[0.298s] Level 1:colcon.colcon_core.package_identification:_identify(src) by extension 'ignore_ament_install'
[0.298s] Level 1:colcon.colcon_core.package_identification:_identify(src) by extensions ['colcon_pkg']
[0.298s] Level 1:colcon.colcon_core.package_identification:_identify(src) by extension 'colcon_pkg'
[0.298s] Level 1:colcon.colcon_core.package_identification:_identify(src) by extensions ['colcon_meta']
[0.298s] Level 1:colcon.colcon_core.package_identification:_identify(src) by extension 'colcon_meta'
[0.298s] Level 1:colcon.colcon_core.package_identification:_identify(src) by extensions ['ros']
[0.298s] Level 1:colcon.colcon_core.package_identification:_identify(src) by extension 'ros'
[0.298s] Level 1:colcon.colcon_core.package_identification:_identify(src) by extensions ['cmake', 'python']
[0.298s] Level 1:colcon.colcon_core.package_identification:_identify(src) by extension 'cmake'
[0.298s] Level 1:colcon.colcon_core.package_identification:_identify(src) by extension 'python'
[0.298s] Level 1:colcon.colcon_core.package_identification:_identify(src) by extensions ['python_setup_py']
[0.298s] Level 1:colcon.colcon_core.package_identification:_identify(src) by extension 'python_setup_py'
[0.298s] Level 1:colcon.colcon_core.package_identification:_identify(src/my_uav) by extensions ['ignore', 'ignore_ament_install']
[0.299s] Level 1:colcon.colcon_core.package_identification:_identify(src/my_uav) by extension 'ignore'
[0.299s] Level 1:colcon.colcon_core.package_identification:_identify(src/my_uav) by extension 'ignore_ament_install'
[0.299s] Level 1:colcon.colcon_core.package_identification:_identify(src/my_uav) by extensions ['colcon_pkg']
[0.299s] Level 1:colcon.colcon_core.package_identification:_identify(src/my_uav) by extension 'colcon_pkg'
[0.299s] Level 1:colcon.colcon_core.package_identification:_identify(src/my_uav) by extensions ['colcon_meta']
[0.299s] Level 1:colcon.colcon_core.package_identification:_identify(src/my_uav) by extension 'colcon_meta'
[0.299s] Level 1:colcon.colcon_core.package_identification:_identify(src/my_uav) by extensions ['ros']
[0.299s] Level 1:colcon.colcon_core.package_identification:_identify(src/my_uav) by extension 'ros'
[0.301s] DEBUG:colcon.colcon_core.package_identification:Package 'src/my_uav' with type 'ros.ament_cmake' and name 'my_uav'
[0.301s] Level 1:colcon.colcon_core.package_identification:_identify(src/px4_msgs) by extensions ['ignore', 'ignore_ament_install']
[0.301s] Level 1:colcon.colcon_core.package_identification:_identify(src/px4_msgs) by extension 'ignore'
[0.301s] Level 1:colcon.colcon_core.package_identification:_identify(src/px4_msgs) by extension 'ignore_ament_install'
[0.301s] Level 1:colcon.colcon_core.package_identification:_identify(src/px4_msgs) by extensions ['colcon_pkg']
[0.301s] Level 1:colcon.colcon_core.package_identification:_identify(src/px4_msgs) by extension 'colcon_pkg'
[0.301s] Level 1:colcon.colcon_core.package_identification:_identify(src/px4_msgs) by extensions ['colcon_meta']
[0.301s] Level 1:colcon.colcon_core.package_identification:_identify(src/px4_msgs) by extension 'colcon_meta'
[0.301s] Level 1:colcon.colcon_core.package_identification:_identify(src/px4_msgs) by extensions ['ros']
[0.301s] Level 1:colcon.colcon_core.package_identification:_identify(src/px4_msgs) by extension 'ros'
[0.302s] DEBUG:colcon.colcon_core.package_identification:Package 'src/px4_msgs' with type 'ros.ament_cmake' and name 'px4_msgs'
[0.302s] Level 1:colcon.colcon_core.package_identification:_identify(src/px4_ros_com) by extensions ['ignore', 'ignore_ament_install']
[0.302s] Level 1:colcon.colcon_core.package_identification:_identify(src/px4_ros_com) by extension 'ignore'
[0.302s] Level 1:colcon.colcon_core.package_identification:_identify(src/px4_ros_com) by extension 'ignore_ament_install'
[0.302s] Level 1:colcon.colcon_core.package_identification:_identify(src/px4_ros_com) by extensions ['colcon_pkg']
[0.302s] Level 1:colcon.colcon_core.package_identification:_identify(src/px4_ros_com) by extension 'colcon_pkg'
[0.302s] Level 1:colcon.colcon_core.package_identification:_identify(src/px4_ros_com) by extensions ['colcon_meta']
[0.302s] Level 1:colcon.colcon_core.package_identification:_identify(src/px4_ros_com) by extension 'colcon_meta'
[0.302s] Level 1:colcon.colcon_core.package_identification:_identify(src/px4_ros_com) by extensions ['ros']
[0.302s] Level 1:colcon.colcon_core.package_identification:_identify(src/px4_ros_com) by extension 'ros'
[0.303s] DEBUG:colcon.colcon_core.package_identification:Package 'src/px4_ros_com' with type 'ros.ament_cmake' and name 'px4_ros_com'
[0.303s] Level 1:colcon.colcon_core.package_discovery:discover_packages(recursive) using defaults
[0.304s] Level 1:colcon.colcon_core.package_discovery:discover_packages(ignore) discover
[0.304s] Level 1:colcon.colcon_core.package_discovery:discover_packages(ignore) using defaults
[0.304s] Level 1:colcon.colcon_core.package_discovery:discover_packages(path) discover
[0.304s] Level 1:colcon.colcon_core.package_discovery:discover_packages(path) using defaults
[0.317s] Level 1:colcon.colcon_core.package_discovery:discover_packages(prefix_path) check parameters
[0.317s] Level 1:colcon.colcon_core.package_discovery:discover_packages(prefix_path) discover
[0.318s] WARNING:colcon.colcon_ros.prefix_path.ament:The path '/home/a/ros2_ws/install/px4_ros_com' in the environment variable AMENT_PREFIX_PATH doesn't exist
[0.318s] WARNING:colcon.colcon_ros.prefix_path.ament:The path '/home/a/ros2_ws/install/px4_msgs' in the environment variable AMENT_PREFIX_PATH doesn't exist
[0.318s] WARNING:colcon.colcon_ros.prefix_path.ament:The path '/home/a/ros2_ws/install/my_uav' in the environment variable AMENT_PREFIX_PATH doesn't exist
[0.318s] WARNING:colcon.colcon_ros.prefix_path.catkin:The path '/home/a/ros2_ws/install/px4_ros_com' in the environment variable CMAKE_PREFIX_PATH doesn't exist
[0.319s] WARNING:colcon.colcon_ros.prefix_path.catkin:The path '/home/a/ros2_ws/install/px4_msgs' in the environment variable CMAKE_PREFIX_PATH doesn't exist
[0.319s] WARNING:colcon.colcon_ros.prefix_path.catkin:The path '/home/a/ros2_ws/install/my_uav' in the environment variable CMAKE_PREFIX_PATH doesn't exist
[0.319s] DEBUG:colcon.colcon_installed_package_information.package_discovery:Found 0 installed packages in /home/a/ros2_ws/install
[0.319s] DEBUG:colcon.colcon_installed_package_information.package_discovery:Found 1 installed packages in /home/a/px4_ros_uxrce_dds_ws/install
[0.320s] DEBUG:colcon.colcon_installed_package_information.package_discovery:Found 275 installed packages in /opt/ros/galactic
[0.332s] Level 1:colcon.colcon_core.package_discovery:discover_packages(prefix_path) using defaults
[0.382s] Level 5:colcon.colcon_core.verb:set package 'my_uav' build argument 'cmake_args' from command line to 'None'
[0.382s] Level 5:colcon.colcon_core.verb:set package 'my_uav' build argument 'cmake_target' from command line to 'None'
[0.382s] Level 5:colcon.colcon_core.verb:set package 'my_uav' build argument 'cmake_target_skip_unavailable' from command line to 'False'
[0.382s] Level 5:colcon.colcon_core.verb:set package 'my_uav' build argument 'cmake_clean_cache' from command line to 'False'
[0.382s] Level 5:colcon.colcon_core.verb:set package 'my_uav' build argument 'cmake_clean_first' from command line to 'False'
[0.382s] Level 5:colcon.colcon_core.verb:set package 'my_uav' build argument 'cmake_force_configure' from command line to 'False'
[0.382s] Level 5:colcon.colcon_core.verb:set package 'my_uav' build argument 'ament_cmake_args' from command line to 'None'
[0.383s] Level 5:colcon.colcon_core.verb:set package 'my_uav' build argument 'catkin_cmake_args' from command line to 'None'
[0.383s] Level 5:colcon.colcon_core.verb:set package 'my_uav' build argument 'catkin_skip_building_tests' from command line to 'False'
[0.383s] DEBUG:colcon.colcon_core.verb:Building package 'my_uav' with the following arguments: {'ament_cmake_args': None, 'build_base': '/home/a/ros2_ws/build/my_uav', 'catkin_cmake_args': None, 'catkin_skip_building_tests': False, 'cmake_args': None, 'cmake_clean_cache': False, 'cmake_clean_first': False, 'cmake_force_configure': False, 'cmake_target': None, 'cmake_target_skip_unavailable': False, 'install_base': '/home/a/ros2_ws/install/my_uav', 'merge_install': False, 'path': '/home/a/ros2_ws/src/my_uav', 'symlink_install': False, 'test_result_base': None}
[0.383s] Level 5:colcon.colcon_core.verb:set package 'px4_msgs' build argument 'cmake_args' from command line to 'None'
[0.383s] Level 5:colcon.colcon_core.verb:set package 'px4_msgs' build argument 'cmake_target' from command line to 'None'
[0.383s] Level 5:colcon.colcon_core.verb:set package 'px4_msgs' build argument 'cmake_target_skip_unavailable' from command line to 'False'
[0.383s] Level 5:colcon.colcon_core.verb:set package 'px4_msgs' build argument 'cmake_clean_cache' from command line to 'False'
[0.383s] Level 5:colcon.colcon_core.verb:set package 'px4_msgs' build argument 'cmake_clean_first' from command line to 'False'
[0.383s] Level 5:colcon.colcon_core.verb:set package 'px4_msgs' build argument 'cmake_force_configure' from command line to 'False'
[0.383s] Level 5:colcon.colcon_core.verb:set package 'px4_msgs' build argument 'ament_cmake_args' from command line to 'None'
[0.383s] Level 5:colcon.colcon_core.verb:set package 'px4_msgs' build argument 'catkin_cmake_args' from command line to 'None'
[0.383s] Level 5:colcon.colcon_core.verb:set package 'px4_msgs' build argument 'catkin_skip_building_tests' from command line to 'False'
[0.383s] DEBUG:colcon.colcon_core.verb:Building package 'px4_msgs' with the following arguments: {'ament_cmake_args': None, 'build_base': '/home/a/ros2_ws/build/px4_msgs', 'catkin_cmake_args': None, 'catkin_skip_building_tests': False, 'cmake_args': None, 'cmake_clean_cache': False, 'cmake_clean_first': False, 'cmake_force_configure': False, 'cmake_target': None, 'cmake_target_skip_unavailable': False, 'install_base': '/home/a/ros2_ws/install/px4_msgs', 'merge_install': False, 'path': '/home/a/ros2_ws/src/px4_msgs', 'symlink_install': False, 'test_result_base': None}
[0.383s] Level 5:colcon.colcon_core.verb:set package 'px4_ros_com' build argument 'cmake_args' from command line to 'None'
[0.383s] Level 5:colcon.colcon_core.verb:set package 'px4_ros_com' build argument 'cmake_target' from command line to 'None'
[0.383s] Level 5:colcon.colcon_core.verb:set package 'px4_ros_com' build argument 'cmake_target_skip_unavailable' from command line to 'False'
[0.383s] Level 5:colcon.colcon_core.verb:set package 'px4_ros_com' build argument 'cmake_clean_cache' from command line to 'False'
[0.383s] Level 5:colcon.colcon_core.verb:set package 'px4_ros_com' build argument 'cmake_clean_first' from command line to 'False'
[0.383s] Level 5:colcon.colcon_core.verb:set package 'px4_ros_com' build argument 'cmake_force_configure' from command line to 'False'
[0.383s] Level 5:colcon.colcon_core.verb:set package 'px4_ros_com' build argument 'ament_cmake_args' from command line to 'None'
[0.383s] Level 5:colcon.colcon_core.verb:set package 'px4_ros_com' build argument 'catkin_cmake_args' from command line to 'None'
[0.383s] Level 5:colcon.colcon_core.verb:set package 'px4_ros_com' build argument 'catkin_skip_building_tests' from command line to 'False'
[0.383s] DEBUG:colcon.colcon_core.verb:Building package 'px4_ros_com' with the following arguments: {'ament_cmake_args': None, 'build_base': '/home/a/ros2_ws/build/px4_ros_com', 'catkin_cmake_args': None, 'catkin_skip_building_tests': False, 'cmake_args': None, 'cmake_clean_cache': False, 'cmake_clean_first': False, 'cmake_force_configure': False, 'cmake_target': None, 'cmake_target_skip_unavailable': False, 'install_base': '/home/a/ros2_ws/install/px4_ros_com', 'merge_install': False, 'path': '/home/a/ros2_ws/src/px4_ros_com', 'symlink_install': False, 'test_result_base': None}
[0.383s] INFO:colcon.colcon_core.executor:Executing jobs using 'parallel' executor
[0.385s] DEBUG:colcon.colcon_parallel_executor.executor.parallel:run_until_complete
[0.385s] INFO:colcon.colcon_ros.task.ament_cmake.build:Building ROS package in '/home/a/ros2_ws/src/px4_msgs' with build type 'ament_cmake'
[0.385s] INFO:colcon.colcon_cmake.task.cmake.build:Building CMake package in '/home/a/ros2_ws/src/px4_msgs'
[0.387s] INFO:colcon.colcon_core.plugin_system:Skipping extension 'colcon_core.shell.bat': Not used on non-Windows systems
[0.387s] INFO:colcon.colcon_core.shell:Skip shell extension 'powershell' for command environment: Not usable outside of PowerShell
[0.387s] DEBUG:colcon.colcon_core.shell:Skip shell extension 'dsv' for command environment
[0.392s] INFO:colcon.colcon_ros.task.ament_cmake.build:Building ROS package in '/home/a/ros2_ws/src/my_uav' with build type 'ament_cmake'
[0.393s] INFO:colcon.colcon_cmake.task.cmake.build:Building CMake package in '/home/a/ros2_ws/src/my_uav'
[0.393s] INFO:colcon.colcon_core.shell:Skip shell extension 'powershell' for command environment: Not usable outside of PowerShell
[0.393s] DEBUG:colcon.colcon_core.shell:Skip shell extension 'dsv' for command environment
[0.406s] DEBUG:colcon.colcon_core.event_handler.log_command:Invoking command in '/home/a/ros2_ws/build/px4_msgs': CMAKE_PREFIX_PATH=${CMAKE_PREFIX_PATH}:/opt/ros/galactic /usr/bin/cmake /home/a/ros2_ws/src/px4_msgs -DCMAKE_INSTALL_PREFIX=/home/a/ros2_ws/install/px4_msgs
[0.417s] DEBUG:colcon.colcon_core.event_handler.log_command:Invoking command in '/home/a/ros2_ws/build/my_uav': CMAKE_PREFIX_PATH=${CMAKE_PREFIX_PATH}:/opt/ros/galactic /usr/bin/cmake /home/a/ros2_ws/src/my_uav -DCMAKE_INSTALL_PREFIX=/home/a/ros2_ws/install/my_uav
[2.620s] DEBUG:colcon.colcon_core.event_handler.log_command:Invoked command in '/home/a/ros2_ws/build/my_uav' returned '0': CMAKE_PREFIX_PATH=${CMAKE_PREFIX_PATH}:/opt/ros/galactic /usr/bin/cmake /home/a/ros2_ws/src/my_uav -DCMAKE_INSTALL_PREFIX=/home/a/ros2_ws/install/my_uav
[2.621s] DEBUG:colcon.colcon_core.event_handler.log_command:Invoking command in '/home/a/ros2_ws/build/my_uav': CMAKE_PREFIX_PATH=${CMAKE_PREFIX_PATH}:/opt/ros/galactic /usr/bin/cmake --build /home/a/ros2_ws/build/my_uav -- -j2 -l2
[4.673s] DEBUG:colcon.colcon_core.event_handler.log_command:Invoked command in '/home/a/ros2_ws/build/px4_msgs' returned '0': CMAKE_PREFIX_PATH=${CMAKE_PREFIX_PATH}:/opt/ros/galactic /usr/bin/cmake /home/a/ros2_ws/src/px4_msgs -DCMAKE_INSTALL_PREFIX=/home/a/ros2_ws/install/px4_msgs
[4.673s] DEBUG:colcon.colcon_core.event_handler.log_command:Invoking command in '/home/a/ros2_ws/build/px4_msgs': CMAKE_PREFIX_PATH=${CMAKE_PREFIX_PATH}:/opt/ros/galactic /usr/bin/cmake --build /home/a/ros2_ws/build/px4_msgs -- -j2 -l2
[7.703s] DEBUG:colcon.colcon_core.event_handler.log_command:Invoked command in '/home/a/ros2_ws/build/my_uav' returned '0': CMAKE_PREFIX_PATH=${CMAKE_PREFIX_PATH}:/opt/ros/galactic /usr/bin/cmake --build /home/a/ros2_ws/build/my_uav -- -j2 -l2
[7.721s] DEBUG:colcon.colcon_core.event_handler.log_command:Invoking command in '/home/a/ros2_ws/build/my_uav': CMAKE_PREFIX_PATH=${CMAKE_PREFIX_PATH}:/opt/ros/galactic /usr/bin/cmake --install /home/a/ros2_ws/build/my_uav
[7.745s] Level 1:colcon.colcon_core.environment:create_environment_scripts_only(my_uav)
[7.747s] DEBUG:colcon.colcon_core.event_handler.log_command:Invoked command in '/home/a/ros2_ws/build/my_uav' returned '0': CMAKE_PREFIX_PATH=${CMAKE_PREFIX_PATH}:/opt/ros/galactic /usr/bin/cmake --install /home/a/ros2_ws/build/my_uav
[7.749s] Level 1:colcon.colcon_core.environment:checking '/home/a/ros2_ws/install/my_uav' for CMake module files
[7.749s] Level 1:colcon.colcon_core.environment:checking '/home/a/ros2_ws/install/my_uav' for CMake config files
[7.749s] Level 1:colcon.colcon_core.shell:create_environment_hook('my_uav', 'cmake_prefix_path')
[7.750s] INFO:colcon.colcon_core.shell:Creating environment hook '/home/a/ros2_ws/install/my_uav/share/my_uav/hook/cmake_prefix_path.ps1'
[7.750s] INFO:colcon.colcon_core.shell:Creating environment descriptor '/home/a/ros2_ws/install/my_uav/share/my_uav/hook/cmake_prefix_path.dsv'
[7.751s] INFO:colcon.colcon_core.shell:Creating environment hook '/home/a/ros2_ws/install/my_uav/share/my_uav/hook/cmake_prefix_path.sh'
[7.752s] Level 1:colcon.colcon_core.environment:checking '/home/a/ros2_ws/install/my_uav/lib'
[7.752s] Level 1:colcon.colcon_core.environment:checking '/home/a/ros2_ws/install/my_uav/bin'
[7.752s] Level 1:colcon.colcon_core.environment:checking '/home/a/ros2_ws/install/my_uav/lib/pkgconfig/my_uav.pc'
[7.752s] Level 1:colcon.colcon_core.environment:checking '/home/a/ros2_ws/install/my_uav/lib/python3.8/site-packages'
[7.752s] Level 1:colcon.colcon_core.environment:checking '/home/a/ros2_ws/install/my_uav/bin'
[7.752s] INFO:colcon.colcon_core.shell:Creating package script '/home/a/ros2_ws/install/my_uav/share/my_uav/package.ps1'
[7.753s] INFO:colcon.colcon_core.shell:Creating package descriptor '/home/a/ros2_ws/install/my_uav/share/my_uav/package.dsv'
[7.758s] INFO:colcon.colcon_core.shell:Creating package script '/home/a/ros2_ws/install/my_uav/share/my_uav/package.sh'
[7.760s] INFO:colcon.colcon_core.shell:Creating package script '/home/a/ros2_ws/install/my_uav/share/my_uav/package.bash'
[7.762s] INFO:colcon.colcon_core.shell:Creating package script '/home/a/ros2_ws/install/my_uav/share/my_uav/package.zsh'
[7.763s] Level 1:colcon.colcon_core.environment:create_file_with_runtime_dependencies(/home/a/ros2_ws/install/my_uav/share/colcon-core/packages/my_uav)
[7.766s] Level 1:colcon.colcon_core.environment:create_environment_scripts_only(my_uav)
[7.766s] Level 1:colcon.colcon_core.environment:checking '/home/a/ros2_ws/install/my_uav' for CMake module files
[7.767s] Level 1:colcon.colcon_core.environment:checking '/home/a/ros2_ws/install/my_uav' for CMake config files
[7.767s] Level 1:colcon.colcon_core.shell:create_environment_hook('my_uav', 'cmake_prefix_path')
[7.767s] INFO:colcon.colcon_core.shell:Creating environment hook '/home/a/ros2_ws/install/my_uav/share/my_uav/hook/cmake_prefix_path.ps1'
[7.768s] INFO:colcon.colcon_core.shell:Creating environment descriptor '/home/a/ros2_ws/install/my_uav/share/my_uav/hook/cmake_prefix_path.dsv'
[7.768s] INFO:colcon.colcon_core.shell:Creating environment hook '/home/a/ros2_ws/install/my_uav/share/my_uav/hook/cmake_prefix_path.sh'
[7.773s] Level 1:colcon.colcon_core.environment:checking '/home/a/ros2_ws/install/my_uav/lib'
[7.773s] Level 1:colcon.colcon_core.environment:checking '/home/a/ros2_ws/install/my_uav/bin'
[7.774s] Level 1:colcon.colcon_core.environment:checking '/home/a/ros2_ws/install/my_uav/lib/pkgconfig/my_uav.pc'
[7.774s] Level 1:colcon.colcon_core.environment:checking '/home/a/ros2_ws/install/my_uav/lib/python3.8/site-packages'
[7.774s] Level 1:colcon.colcon_core.environment:checking '/home/a/ros2_ws/install/my_uav/bin'
[7.777s] INFO:colcon.colcon_core.shell:Creating package script '/home/a/ros2_ws/install/my_uav/share/my_uav/package.ps1'
[7.779s] INFO:colcon.colcon_core.shell:Creating package descriptor '/home/a/ros2_ws/install/my_uav/share/my_uav/package.dsv'
[7.779s] INFO:colcon.colcon_core.shell:Creating package script '/home/a/ros2_ws/install/my_uav/share/my_uav/package.sh'
[7.780s] INFO:colcon.colcon_core.shell:Creating package script '/home/a/ros2_ws/install/my_uav/share/my_uav/package.bash'
[7.780s] INFO:colcon.colcon_core.shell:Creating package script '/home/a/ros2_ws/install/my_uav/share/my_uav/package.zsh'
[7.781s] Level 1:colcon.colcon_core.environment:create_file_with_runtime_dependencies(/home/a/ros2_ws/install/my_uav/share/colcon-core/packages/my_uav)
[616.934s] DEBUG:colcon.colcon_core.event_handler.log_command:Invoked command in '/home/a/ros2_ws/build/px4_msgs' returned '0': CMAKE_PREFIX_PATH=${CMAKE_PREFIX_PATH}:/opt/ros/galactic /usr/bin/cmake --build /home/a/ros2_ws/build/px4_msgs -- -j2 -l2
[616.940s] DEBUG:colcon.colcon_core.event_handler.log_command:Invoking command in '/home/a/ros2_ws/build/px4_msgs': CMAKE_PREFIX_PATH=${CMAKE_PREFIX_PATH}:/opt/ros/galactic /usr/bin/cmake --install /home/a/ros2_ws/build/px4_msgs
[617.703s] Level 1:colcon.colcon_core.environment:create_environment_scripts_only(px4_msgs)
[617.704s] Level 1:colcon.colcon_core.environment:checking '/home/a/ros2_ws/install/px4_msgs' for CMake module files
[617.704s] DEBUG:colcon.colcon_core.event_handler.log_command:Invoked command in '/home/a/ros2_ws/build/px4_msgs' returned '0': CMAKE_PREFIX_PATH=${CMAKE_PREFIX_PATH}:/opt/ros/galactic /usr/bin/cmake --install /home/a/ros2_ws/build/px4_msgs
[617.705s] Level 1:colcon.colcon_core.environment:checking '/home/a/ros2_ws/install/px4_msgs' for CMake config files
[617.706s] Level 1:colcon.colcon_core.shell:create_environment_hook('px4_msgs', 'cmake_prefix_path')
[617.706s] INFO:colcon.colcon_core.shell:Creating environment hook '/home/a/ros2_ws/install/px4_msgs/share/px4_msgs/hook/cmake_prefix_path.ps1'
[617.707s] INFO:colcon.colcon_core.shell:Creating environment descriptor '/home/a/ros2_ws/install/px4_msgs/share/px4_msgs/hook/cmake_prefix_path.dsv'
[617.707s] INFO:colcon.colcon_core.shell:Creating environment hook '/home/a/ros2_ws/install/px4_msgs/share/px4_msgs/hook/cmake_prefix_path.sh'
[617.708s] Level 1:colcon.colcon_core.environment:checking '/home/a/ros2_ws/install/px4_msgs/lib'
[617.708s] Level 1:colcon.colcon_core.shell:create_environment_hook('px4_msgs', 'ld_library_path_lib')
[617.708s] INFO:colcon.colcon_core.shell:Creating environment hook '/home/a/ros2_ws/install/px4_msgs/share/px4_msgs/hook/ld_library_path_lib.ps1'
[617.709s] INFO:colcon.colcon_core.shell:Creating environment descriptor '/home/a/ros2_ws/install/px4_msgs/share/px4_msgs/hook/ld_library_path_lib.dsv'
[617.709s] INFO:colcon.colcon_core.shell:Creating environment hook '/home/a/ros2_ws/install/px4_msgs/share/px4_msgs/hook/ld_library_path_lib.sh'
[617.709s] Level 1:colcon.colcon_core.environment:checking '/home/a/ros2_ws/install/px4_msgs/bin'
[617.709s] Level 1:colcon.colcon_core.environment:checking '/home/a/ros2_ws/install/px4_msgs/lib/pkgconfig/px4_msgs.pc'
[617.709s] Level 1:colcon.colcon_core.environment:checking '/home/a/ros2_ws/install/px4_msgs/lib/python3.8/site-packages'
[617.709s] Level 1:colcon.colcon_core.shell:create_environment_hook('px4_msgs', 'pythonpath')
[617.710s] INFO:colcon.colcon_core.shell:Creating environment hook '/home/a/ros2_ws/install/px4_msgs/share/px4_msgs/hook/pythonpath.ps1'
[617.710s] INFO:colcon.colcon_core.shell:Creating environment descriptor '/home/a/ros2_ws/install/px4_msgs/share/px4_msgs/hook/pythonpath.dsv'
[617.710s] INFO:colcon.colcon_core.shell:Creating environment hook '/home/a/ros2_ws/install/px4_msgs/share/px4_msgs/hook/pythonpath.sh'
[617.711s] Level 1:colcon.colcon_core.environment:checking '/home/a/ros2_ws/install/px4_msgs/bin'
[617.711s] INFO:colcon.colcon_core.shell:Creating package script '/home/a/ros2_ws/install/px4_msgs/share/px4_msgs/package.ps1'
[617.712s] INFO:colcon.colcon_core.shell:Creating package descriptor '/home/a/ros2_ws/install/px4_msgs/share/px4_msgs/package.dsv'
[617.712s] INFO:colcon.colcon_core.shell:Creating package script '/home/a/ros2_ws/install/px4_msgs/share/px4_msgs/package.sh'
[617.713s] INFO:colcon.colcon_core.shell:Creating package script '/home/a/ros2_ws/install/px4_msgs/share/px4_msgs/package.bash'
[617.713s] INFO:colcon.colcon_core.shell:Creating package script '/home/a/ros2_ws/install/px4_msgs/share/px4_msgs/package.zsh'
[617.713s] Level 1:colcon.colcon_core.environment:create_file_with_runtime_dependencies(/home/a/ros2_ws/install/px4_msgs/share/colcon-core/packages/px4_msgs)
[617.714s] Level 1:colcon.colcon_core.environment:create_environment_scripts_only(px4_msgs)
[617.714s] Level 1:colcon.colcon_core.environment:checking '/home/a/ros2_ws/install/px4_msgs' for CMake module files
[617.715s] Level 1:colcon.colcon_core.environment:checking '/home/a/ros2_ws/install/px4_msgs' for CMake config files
[617.716s] Level 1:colcon.colcon_core.shell:create_environment_hook('px4_msgs', 'cmake_prefix_path')
[617.716s] INFO:colcon.colcon_core.shell:Creating environment hook '/home/a/ros2_ws/install/px4_msgs/share/px4_msgs/hook/cmake_prefix_path.ps1'
[617.717s] INFO:colcon.colcon_core.shell:Creating environment descriptor '/home/a/ros2_ws/install/px4_msgs/share/px4_msgs/hook/cmake_prefix_path.dsv'
[617.717s] INFO:colcon.colcon_core.shell:Creating environment hook '/home/a/ros2_ws/install/px4_msgs/share/px4_msgs/hook/cmake_prefix_path.sh'
[617.718s] Level 1:colcon.colcon_core.environment:checking '/home/a/ros2_ws/install/px4_msgs/lib'
[617.719s] Level 1:colcon.colcon_core.shell:create_environment_hook('px4_msgs', 'ld_library_path_lib')
[617.719s] INFO:colcon.colcon_core.shell:Creating environment hook '/home/a/ros2_ws/install/px4_msgs/share/px4_msgs/hook/ld_library_path_lib.ps1'
[617.719s] INFO:colcon.colcon_core.shell:Creating environment descriptor '/home/a/ros2_ws/install/px4_msgs/share/px4_msgs/hook/ld_library_path_lib.dsv'
[617.720s] INFO:colcon.colcon_core.shell:Creating environment hook '/home/a/ros2_ws/install/px4_msgs/share/px4_msgs/hook/ld_library_path_lib.sh'
[617.720s] Level 1:colcon.colcon_core.environment:checking '/home/a/ros2_ws/install/px4_msgs/bin'
[617.720s] Level 1:colcon.colcon_core.environment:checking '/home/a/ros2_ws/install/px4_msgs/lib/pkgconfig/px4_msgs.pc'
[617.720s] Level 1:colcon.colcon_core.environment:checking '/home/a/ros2_ws/install/px4_msgs/lib/python3.8/site-packages'
[617.720s] Level 1:colcon.colcon_core.shell:create_environment_hook('px4_msgs', 'pythonpath')
[617.720s] INFO:colcon.colcon_core.shell:Creating environment hook '/home/a/ros2_ws/install/px4_msgs/share/px4_msgs/hook/pythonpath.ps1'
[617.721s] INFO:colcon.colcon_core.shell:Creating environment descriptor '/home/a/ros2_ws/install/px4_msgs/share/px4_msgs/hook/pythonpath.dsv'
[617.722s] INFO:colcon.colcon_core.shell:Creating environment hook '/home/a/ros2_ws/install/px4_msgs/share/px4_msgs/hook/pythonpath.sh'
[617.723s] Level 1:colcon.colcon_core.environment:checking '/home/a/ros2_ws/install/px4_msgs/bin'
[617.723s] INFO:colcon.colcon_core.shell:Creating package script '/home/a/ros2_ws/install/px4_msgs/share/px4_msgs/package.ps1'
[617.724s] INFO:colcon.colcon_core.shell:Creating package descriptor '/home/a/ros2_ws/install/px4_msgs/share/px4_msgs/package.dsv'
[617.724s] INFO:colcon.colcon_core.shell:Creating package script '/home/a/ros2_ws/install/px4_msgs/share/px4_msgs/package.sh'
[617.725s] INFO:colcon.colcon_core.shell:Creating package script '/home/a/ros2_ws/install/px4_msgs/share/px4_msgs/package.bash'
[617.725s] INFO:colcon.colcon_core.shell:Creating package script '/home/a/ros2_ws/install/px4_msgs/share/px4_msgs/package.zsh'
[617.726s] Level 1:colcon.colcon_core.environment:create_file_with_runtime_dependencies(/home/a/ros2_ws/install/px4_msgs/share/colcon-core/packages/px4_msgs)
[617.727s] INFO:colcon.colcon_ros.task.ament_cmake.build:Building ROS package in '/home/a/ros2_ws/src/px4_ros_com' with build type 'ament_cmake'
[617.727s] INFO:colcon.colcon_cmake.task.cmake.build:Building CMake package in '/home/a/ros2_ws/src/px4_ros_com'
[617.727s] INFO:colcon.colcon_core.shell:Skip shell extension 'powershell' for command environment: Not usable outside of PowerShell
[617.727s] DEBUG:colcon.colcon_core.shell:Skip shell extension 'dsv' for command environment
[617.742s] DEBUG:colcon.colcon_core.event_handler.log_command:Invoking command in '/home/a/ros2_ws/build/px4_ros_com': CMAKE_PREFIX_PATH=/home/a/ros2_ws/install/px4_msgs:/home/a/ros2_ws/install/px4_ros_com:/home/a/ros2_ws/install/my_uav:/home/a/px4_ros_uxrce_dds_ws/install/microxrcedds_agent:/opt/ros/galactic LD_LIBRARY_PATH=/home/a/ros2_ws/install/px4_msgs/lib:/home/a/ros2_ws/install/px4_ros_com/lib:/home/a/px4_ros_uxrce_dds_ws/install/microxrcedds_agent/lib:/usr/lib/x86_64-linux-gnu/gazebo-11/plugins:/opt/ros/galactic/opt/yaml_cpp_vendor/lib:/opt/ros/galactic/opt/rviz_ogre_vendor/lib:/opt/ros/galactic/lib/x86_64-linux-gnu:/opt/ros/galactic/lib /usr/bin/cmake /home/a/ros2_ws/src/px4_ros_com -DCMAKE_INSTALL_PREFIX=/home/a/ros2_ws/install/px4_ros_com
[620.128s] DEBUG:colcon.colcon_core.event_handler.log_command:Invoked command in '/home/a/ros2_ws/build/px4_ros_com' returned '0': CMAKE_PREFIX_PATH=/home/a/ros2_ws/install/px4_msgs:/home/a/ros2_ws/install/px4_ros_com:/home/a/ros2_ws/install/my_uav:/home/a/px4_ros_uxrce_dds_ws/install/microxrcedds_agent:/opt/ros/galactic LD_LIBRARY_PATH=/home/a/ros2_ws/install/px4_msgs/lib:/home/a/ros2_ws/install/px4_ros_com/lib:/home/a/px4_ros_uxrce_dds_ws/install/microxrcedds_agent/lib:/usr/lib/x86_64-linux-gnu/gazebo-11/plugins:/opt/ros/galactic/opt/yaml_cpp_vendor/lib:/opt/ros/galactic/opt/rviz_ogre_vendor/lib:/opt/ros/galactic/lib/x86_64-linux-gnu:/opt/ros/galactic/lib /usr/bin/cmake /home/a/ros2_ws/src/px4_ros_com -DCMAKE_INSTALL_PREFIX=/home/a/ros2_ws/install/px4_ros_com
[620.130s] DEBUG:colcon.colcon_core.event_handler.log_command:Invoking command in '/home/a/ros2_ws/build/px4_ros_com': CMAKE_PREFIX_PATH=/home/a/ros2_ws/install/px4_msgs:/home/a/ros2_ws/install/px4_ros_com:/home/a/ros2_ws/install/my_uav:/home/a/px4_ros_uxrce_dds_ws/install/microxrcedds_agent:/opt/ros/galactic LD_LIBRARY_PATH=/home/a/ros2_ws/install/px4_msgs/lib:/home/a/ros2_ws/install/px4_ros_com/lib:/home/a/px4_ros_uxrce_dds_ws/install/microxrcedds_agent/lib:/usr/lib/x86_64-linux-gnu/gazebo-11/plugins:/opt/ros/galactic/opt/yaml_cpp_vendor/lib:/opt/ros/galactic/opt/rviz_ogre_vendor/lib:/opt/ros/galactic/lib/x86_64-linux-gnu:/opt/ros/galactic/lib /usr/bin/cmake --build /home/a/ros2_ws/build/px4_ros_com -- -j2 -l2
[676.649s] Level 1:colcon.colcon_core.environment:create_environment_scripts_only(px4_ros_com)
[676.649s] Level 1:colcon.colcon_core.environment:checking '/home/a/ros2_ws/install/px4_ros_com' for CMake module files
[676.650s] Level 1:colcon.colcon_core.environment:checking '/home/a/ros2_ws/install/px4_ros_com' for CMake config files
[676.650s] Level 1:colcon.colcon_core.environment:checking '/home/a/ros2_ws/install/px4_ros_com/bin'
[676.650s] DEBUG:colcon.colcon_core.event_handler.log_command:Invoked command in '/home/a/ros2_ws/build/px4_ros_com' returned '2': CMAKE_PREFIX_PATH=/home/a/ros2_ws/install/px4_msgs:/home/a/ros2_ws/install/px4_ros_com:/home/a/ros2_ws/install/my_uav:/home/a/px4_ros_uxrce_dds_ws/install/microxrcedds_agent:/opt/ros/galactic LD_LIBRARY_PATH=/home/a/ros2_ws/install/px4_msgs/lib:/home/a/ros2_ws/install/px4_ros_com/lib:/home/a/px4_ros_uxrce_dds_ws/install/microxrcedds_agent/lib:/usr/lib/x86_64-linux-gnu/gazebo-11/plugins:/opt/ros/galactic/opt/yaml_cpp_vendor/lib:/opt/ros/galactic/opt/rviz_ogre_vendor/lib:/opt/ros/galactic/lib/x86_64-linux-gnu:/opt/ros/galactic/lib /usr/bin/cmake --build /home/a/ros2_ws/build/px4_ros_com -- -j2 -l2
[676.650s] Level 1:colcon.colcon_core.environment:checking '/home/a/ros2_ws/install/px4_ros_com/lib/pkgconfig/px4_ros_com.pc'
[676.651s] Level 1:colcon.colcon_core.environment:checking '/home/a/ros2_ws/install/px4_ros_com/lib/python3.8/site-packages'
[676.651s] Level 1:colcon.colcon_core.environment:checking '/home/a/ros2_ws/install/px4_ros_com/bin'
[676.651s] INFO:colcon.colcon_core.shell:Creating package script '/home/a/ros2_ws/install/px4_ros_com/share/px4_ros_com/package.ps1'
[676.652s] INFO:colcon.colcon_core.shell:Creating package descriptor '/home/a/ros2_ws/install/px4_ros_com/share/px4_ros_com/package.dsv'
[676.652s] INFO:colcon.colcon_core.shell:Creating package script '/home/a/ros2_ws/install/px4_ros_com/share/px4_ros_com/package.sh'
[676.653s] INFO:colcon.colcon_core.shell:Creating package script '/home/a/ros2_ws/install/px4_ros_com/share/px4_ros_com/package.bash'
[676.653s] INFO:colcon.colcon_core.shell:Creating package script '/home/a/ros2_ws/install/px4_ros_com/share/px4_ros_com/package.zsh'
[676.653s] Level 1:colcon.colcon_core.environment:create_file_with_runtime_dependencies(/home/a/ros2_ws/install/px4_ros_com/share/colcon-core/packages/px4_ros_com)
[676.664s] DEBUG:colcon.colcon_parallel_executor.executor.parallel:closing loop
[676.665s] DEBUG:colcon.colcon_parallel_executor.executor.parallel:loop closed
[676.665s] DEBUG:colcon.colcon_parallel_executor.executor.parallel:run_until_complete finished with '2'
[676.665s] DEBUG:colcon.colcon_core.event_reactor:joining thread
[676.675s] INFO:colcon.colcon_core.plugin_system:Skipping extension 'colcon_notification.desktop_notification.terminal_notifier': Not used on non-Darwin systems
[676.676s] INFO:colcon.colcon_core.plugin_system:Skipping extension 'colcon_notification.desktop_notification.win32': Not used on non-Windows systems
[676.676s] INFO:colcon.colcon_notification.desktop_notification:Sending desktop notification using 'notify2'
[676.690s] DEBUG:colcon.colcon_core.event_reactor:joined thread
[676.690s] INFO:colcon.colcon_core.shell:Creating prefix script '/home/a/ros2_ws/install/local_setup.ps1'
[676.691s] INFO:colcon.colcon_core.shell:Creating prefix util module '/home/a/ros2_ws/install/_local_setup_util_ps1.py'
[676.697s] INFO:colcon.colcon_core.shell:Creating prefix chain script '/home/a/ros2_ws/install/setup.ps1'
[676.698s] INFO:colcon.colcon_core.shell:Creating prefix script '/home/a/ros2_ws/install/local_setup.sh'
[676.698s] INFO:colcon.colcon_core.shell:Creating prefix util module '/home/a/ros2_ws/install/_local_setup_util_sh.py'
[676.699s] INFO:colcon.colcon_core.shell:Creating prefix chain script '/home/a/ros2_ws/install/setup.sh'
[676.700s] INFO:colcon.colcon_core.shell:Creating prefix script '/home/a/ros2_ws/install/local_setup.bash'
[676.700s] INFO:colcon.colcon_core.shell:Creating prefix chain script '/home/a/ros2_ws/install/setup.bash'
[676.702s] INFO:colcon.colcon_core.shell:Creating prefix script '/home/a/ros2_ws/install/local_setup.zsh'
[676.702s] INFO:colcon.colcon_core.shell:Creating prefix chain script '/home/a/ros2_ws/install/setup.zsh'
