[0.011s] Invoking command in '/home/a/uav/build/my_uav': /usr/bin/cmake --build /home/a/uav/build/my_uav -- -j2 -l2
[0.077s] [  4%] [32mBuilding CXX object CMakeFiles/uav_control_node.dir/src/uav_control_node.cpp.o[0m
[0.095s] [ 13%] Built target image_sub
[0.133s] [ 22%] Built target internlm_m_node
[0.163s] [ 31%] Built target internvl
[0.198s] [ 40%] Built target internlm_m_listener
[0.244s] [ 50%] Built target internvl_p
[0.285s] [ 59%] Built target internvl_listener
[0.323s] [ 68%] Built target gps_sub
[0.358s] [ 77%] Built target ray_sub
[0.387s] [ 86%] Built target camera_listener
[0.419s] [ 95%] Built target ray_listener
[2.011s] [01m[K/home/a/uav/src/my_uav/src/uav_control_node.cpp:[m[K In constructor ‘[01m[KUAVControlNode::UAVControlNode()[m[K’:
[2.011s] [01m[K/home/a/uav/src/my_uav/src/uav_control_node.cpp:17:36:[m[K [01;31m[Kerror: [m[Kno match for ‘[01m[Koperator<<[m[K’ (operand types are ‘[01m[Kstd::basic_ostream<char>[m[K’ and ‘[01m[Kstd::vector<std::__cxx11::basic_string<char> >[m[K’)
[2.012s]    17 |      [32m[Kstd::cout << "指令个数: "[m[K [01;31m[K<<[m[K [34m[Kcommands[m[K << std::endl;
[2.012s]       |      [32m[K~~~~~~~~~~~~~~~~~~~~~~~~~~~~~[m[K [01;31m[K^~[m[K [34m[K~~~~~~~~[m[K
[2.012s]       |                [32m[K|[m[K                      [34m[K|[m[K
[2.012s]       |                [32m[K|[m[K                      [34m[Kstd::vector<std::__cxx11::basic_string<char> >[m[K
[2.012s]       |                [32m[Kstd::basic_ostream<char>[m[K
[2.013s] In file included from [01m[K/usr/include/c++/9/iostream:39[m[K,
[2.013s]                  from [01m[K/opt/ros/galactic/include/rclcpp/executor.hpp:22[m[K,
[2.013s]                  from [01m[K/opt/ros/galactic/include/rclcpp/executors/multi_threaded_executor.hpp:26[m[K,
[2.013s]                  from [01m[K/opt/ros/galactic/include/rclcpp/executors.hpp:21[m[K,
[2.013s]                  from [01m[K/opt/ros/galactic/include/rclcpp/rclcpp.hpp:156[m[K,
[2.013s]                  from [01m[K/home/a/uav/src/my_uav/src/uav_control_node.cpp:1[m[K:
[2.014s] [01m[K/usr/include/c++/9/ostream:108:7:[m[K [01;36m[Knote: [m[Kcandidate: ‘[01m[Kstd::basic_ostream<_CharT, _Traits>::__ostream_type& std::basic_ostream<_CharT, _Traits>::operator<<(std::basic_ostream<_CharT, _Traits>::__ostream_type& (*)(std::basic_ostream<_CharT, _Traits>::__ostream_type&)) [with _CharT = char; _Traits = std::char_traits<char>; std::basic_ostream<_CharT, _Traits>::__ostream_type = std::basic_ostream<char>][m[K’
[2.014s]   108 |       [01;36m[Koperator[m[K<<(__ostream_type& (*__pf)(__ostream_type&))
[2.014s]       |       [01;36m[K^~~~~~~~[m[K
[2.014s] [01m[K/usr/include/c++/9/ostream:108:36:[m[K [01;36m[Knote: [m[K  no known conversion for argument 1 from ‘[01m[Kstd::vector<std::__cxx11::basic_string<char> >[m[K’ to ‘[01m[Kstd::basic_ostream<char>::__ostream_type& (*)(std::basic_ostream<char>::__ostream_type&)[m[K’ {aka ‘[01m[Kstd::basic_ostream<char>& (*)(std::basic_ostream<char>&)[m[K’}
[2.014s]   108 |       operator<<([01;36m[K__ostream_type& (*__pf)(__ostream_type&)[m[K)
[2.014s]       |                  [01;36m[K~~~~~~~~~~~~~~~~~~^~~~~~~~~~~~~~~~~~~~~~[m[K
[2.014s] [01m[K/usr/include/c++/9/ostream:117:7:[m[K [01;36m[Knote: [m[Kcandidate: ‘[01m[Kstd::basic_ostream<_CharT, _Traits>::__ostream_type& std::basic_ostream<_CharT, _Traits>::operator<<(std::basic_ostream<_CharT, _Traits>::__ios_type& (*)(std::basic_ostream<_CharT, _Traits>::__ios_type&)) [with _CharT = char; _Traits = std::char_traits<char>; std::basic_ostream<_CharT, _Traits>::__ostream_type = std::basic_ostream<char>; std::basic_ostream<_CharT, _Traits>::__ios_type = std::basic_ios<char>][m[K’
[2.015s]   117 |       [01;36m[Koperator[m[K<<(__ios_type& (*__pf)(__ios_type&))
[2.015s]       |       [01;36m[K^~~~~~~~[m[K
[2.015s] [01m[K/usr/include/c++/9/ostream:117:32:[m[K [01;36m[Knote: [m[K  no known conversion for argument 1 from ‘[01m[Kstd::vector<std::__cxx11::basic_string<char> >[m[K’ to ‘[01m[Kstd::basic_ostream<char>::__ios_type& (*)(std::basic_ostream<char>::__ios_type&)[m[K’ {aka ‘[01m[Kstd::basic_ios<char>& (*)(std::basic_ios<char>&)[m[K’}
[2.015s]   117 |       operator<<([01;36m[K__ios_type& (*__pf)(__ios_type&)[m[K)
[2.015s]       |                  [01;36m[K~~~~~~~~~~~~~~^~~~~~~~~~~~~~~~~~[m[K
[2.016s] [01m[K/usr/include/c++/9/ostream:127:7:[m[K [01;36m[Knote: [m[Kcandidate: ‘[01m[Kstd::basic_ostream<_CharT, _Traits>::__ostream_type& std::basic_ostream<_CharT, _Traits>::operator<<(std::ios_base& (*)(std::ios_base&)) [with _CharT = char; _Traits = std::char_traits<char>; std::basic_ostream<_CharT, _Traits>::__ostream_type = std::basic_ostream<char>][m[K’
[2.016s]   127 |       [01;36m[Koperator[m[K<<(ios_base& (*__pf) (ios_base&))
[2.016s]       |       [01;36m[K^~~~~~~~[m[K
[2.016s] [01m[K/usr/include/c++/9/ostream:127:30:[m[K [01;36m[Knote: [m[K  no known conversion for argument 1 from ‘[01m[Kstd::vector<std::__cxx11::basic_string<char> >[m[K’ to ‘[01m[Kstd::ios_base& (*)(std::ios_base&)[m[K’
[2.016s]   127 |       operator<<([01;36m[Kios_base& (*__pf) (ios_base&)[m[K)
[2.016s]       |                  [01;36m[K~~~~~~~~~~~~^~~~~~~~~~~~~~~~~[m[K
[2.016s] [01m[K/usr/include/c++/9/ostream:166:7:[m[K [01;36m[Knote: [m[Kcandidate: ‘[01m[Kstd::basic_ostream<_CharT, _Traits>::__ostream_type& std::basic_ostream<_CharT, _Traits>::operator<<(long int) [with _CharT = char; _Traits = std::char_traits<char>; std::basic_ostream<_CharT, _Traits>::__ostream_type = std::basic_ostream<char>][m[K’
[2.016s]   166 |       [01;36m[Koperator[m[K<<(long __n)
[2.016s]       |       [01;36m[K^~~~~~~~[m[K
[2.016s] [01m[K/usr/include/c++/9/ostream:166:23:[m[K [01;36m[Knote: [m[K  no known conversion for argument 1 from ‘[01m[Kstd::vector<std::__cxx11::basic_string<char> >[m[K’ to ‘[01m[Klong int[m[K’
[2.016s]   166 |       operator<<([01;36m[Klong __n[m[K)
[2.016s]       |                  [01;36m[K~~~~~^~~[m[K
[2.017s] [01m[K/usr/include/c++/9/ostream:170:7:[m[K [01;36m[Knote: [m[Kcandidate: ‘[01m[Kstd::basic_ostream<_CharT, _Traits>::__ostream_type& std::basic_ostream<_CharT, _Traits>::operator<<(long unsigned int) [with _CharT = char; _Traits = std::char_traits<char>; std::basic_ostream<_CharT, _Traits>::__ostream_type = std::basic_ostream<char>][m[K’
[2.017s]   170 |       [01;36m[Koperator[m[K<<(unsigned long __n)
[2.017s]       |       [01;36m[K^~~~~~~~[m[K
[2.017s] [01m[K/usr/include/c++/9/ostream:170:32:[m[K [01;36m[Knote: [m[K  no known conversion for argument 1 from ‘[01m[Kstd::vector<std::__cxx11::basic_string<char> >[m[K’ to ‘[01m[Klong unsigned int[m[K’
[2.017s]   170 |       operator<<([01;36m[Kunsigned long __n[m[K)
[2.017s]       |                  [01;36m[K~~~~~~~~~~~~~~^~~[m[K
[2.017s] [01m[K/usr/include/c++/9/ostream:174:7:[m[K [01;36m[Knote: [m[Kcandidate: ‘[01m[Kstd::basic_ostream<_CharT, _Traits>::__ostream_type& std::basic_ostream<_CharT, _Traits>::operator<<(bool) [with _CharT = char; _Traits = std::char_traits<char>; std::basic_ostream<_CharT, _Traits>::__ostream_type = std::basic_ostream<char>][m[K’
[2.018s]   174 |       [01;36m[Koperator[m[K<<(bool __n)
[2.018s]       |       [01;36m[K^~~~~~~~[m[K
[2.018s] [01m[K/usr/include/c++/9/ostream:174:23:[m[K [01;36m[Knote: [m[K  no known conversion for argument 1 from ‘[01m[Kstd::vector<std::__cxx11::basic_string<char> >[m[K’ to ‘[01m[Kbool[m[K’
[2.018s]   174 |       operator<<([01;36m[Kbool __n[m[K)
[2.018s]       |                  [01;36m[K~~~~~^~~[m[K
[2.018s] In file included from [01m[K/usr/include/c++/9/ostream:702[m[K,
[2.018s]                  from [01m[K/usr/include/c++/9/iostream:39[m[K,
[2.018s]                  from [01m[K/opt/ros/galactic/include/rclcpp/executor.hpp:22[m[K,
[2.019s]                  from [01m[K/opt/ros/galactic/include/rclcpp/executors/multi_threaded_executor.hpp:26[m[K,
[2.019s]                  from [01m[K/opt/ros/galactic/include/rclcpp/executors.hpp:21[m[K,
[2.019s]                  from [01m[K/opt/ros/galactic/include/rclcpp/rclcpp.hpp:156[m[K,
[2.019s]                  from [01m[K/home/a/uav/src/my_uav/src/uav_control_node.cpp:1[m[K:
[2.019s] [01m[K/usr/include/c++/9/bits/ostream.tcc:91:5:[m[K [01;36m[Knote: [m[Kcandidate: ‘[01m[Kstd::basic_ostream<_CharT, _Traits>& std::basic_ostream<_CharT, _Traits>::operator<<(short int) [with _CharT = char; _Traits = std::char_traits<char>][m[K’
[2.020s]    91 |     [01;36m[Kbasic_ostream<_CharT, _Traits>[m[K::
[2.020s]       |     [01;36m[K^~~~~~~~~~~~~~~~~~~~~~~~~~~~~~[m[K
[2.020s] [01m[K/usr/include/c++/9/bits/ostream.tcc:92:22:[m[K [01;36m[Knote: [m[K  no known conversion for argument 1 from ‘[01m[Kstd::vector<std::__cxx11::basic_string<char> >[m[K’ to ‘[01m[Kshort int[m[K’
[2.020s]    92 |     operator<<([01;36m[Kshort __n[m[K)
[2.020s]       |                [01;36m[K~~~~~~^~~[m[K
[2.020s] In file included from [01m[K/usr/include/c++/9/iostream:39[m[K,
[2.020s]                  from [01m[K/opt/ros/galactic/include/rclcpp/executor.hpp:22[m[K,
[2.021s]                  from [01m[K/opt/ros/galactic/include/rclcpp/executors/multi_threaded_executor.hpp:26[m[K,
[2.021s]                  from [01m[K/opt/ros/galactic/include/rclcpp/executors.hpp:21[m[K,
[2.021s]                  from [01m[K/opt/ros/galactic/include/rclcpp/rclcpp.hpp:156[m[K,
[2.022s]                  from [01m[K/home/a/uav/src/my_uav/src/uav_control_node.cpp:1[m[K:
[2.022s] [01m[K/usr/include/c++/9/ostream:181:7:[m[K [01;36m[Knote: [m[Kcandidate: ‘[01m[Kstd::basic_ostream<_CharT, _Traits>::__ostream_type& std::basic_ostream<_CharT, _Traits>::operator<<(short unsigned int) [with _CharT = char; _Traits = std::char_traits<char>; std::basic_ostream<_CharT, _Traits>::__ostream_type = std::basic_ostream<char>][m[K’
[2.022s]   181 |       [01;36m[Koperator[m[K<<(unsigned short __n)
[2.022s]       |       [01;36m[K^~~~~~~~[m[K
[2.022s] [01m[K/usr/include/c++/9/ostream:181:33:[m[K [01;36m[Knote: [m[K  no known conversion for argument 1 from ‘[01m[Kstd::vector<std::__cxx11::basic_string<char> >[m[K’ to ‘[01m[Kshort unsigned int[m[K’
[2.023s]   181 |       operator<<([01;36m[Kunsigned short __n[m[K)
[2.023s]       |                  [01;36m[K~~~~~~~~~~~~~~~^~~[m[K
[2.023s] In file included from [01m[K/usr/include/c++/9/ostream:702[m[K,
[2.023s]                  from [01m[K/usr/include/c++/9/iostream:39[m[K,
[2.023s]                  from [01m[K/opt/ros/galactic/include/rclcpp/executor.hpp:22[m[K,
[2.023s]                  from [01m[K/opt/ros/galactic/include/rclcpp/executors/multi_threaded_executor.hpp:26[m[K,
[2.024s]                  from [01m[K/opt/ros/galactic/include/rclcpp/executors.hpp:21[m[K,
[2.024s]                  from [01m[K/opt/ros/galactic/include/rclcpp/rclcpp.hpp:156[m[K,
[2.024s]                  from [01m[K/home/a/uav/src/my_uav/src/uav_control_node.cpp:1[m[K:
[2.024s] [01m[K/usr/include/c++/9/bits/ostream.tcc:105:5:[m[K [01;36m[Knote: [m[Kcandidate: ‘[01m[Kstd::basic_ostream<_CharT, _Traits>& std::basic_ostream<_CharT, _Traits>::operator<<(int) [with _CharT = char; _Traits = std::char_traits<char>][m[K’
[2.024s]   105 |     [01;36m[Kbasic_ostream<_CharT, _Traits>[m[K::
[2.024s]       |     [01;36m[K^~~~~~~~~~~~~~~~~~~~~~~~~~~~~~[m[K
[2.024s] [01m[K/usr/include/c++/9/bits/ostream.tcc:106:20:[m[K [01;36m[Knote: [m[K  no known conversion for argument 1 from ‘[01m[Kstd::vector<std::__cxx11::basic_string<char> >[m[K’ to ‘[01m[Kint[m[K’
[2.024s]   106 |     operator<<([01;36m[Kint __n[m[K)
[2.025s]       |                [01;36m[K~~~~^~~[m[K
[2.025s] In file included from [01m[K/usr/include/c++/9/iostream:39[m[K,
[2.025s]                  from [01m[K/opt/ros/galactic/include/rclcpp/executor.hpp:22[m[K,
[2.025s]                  from [01m[K/opt/ros/galactic/include/rclcpp/executors/multi_threaded_executor.hpp:26[m[K,
[2.025s]                  from [01m[K/opt/ros/galactic/include/rclcpp/executors.hpp:21[m[K,
[2.025s]                  from [01m[K/opt/ros/galactic/include/rclcpp/rclcpp.hpp:156[m[K,
[2.026s]                  from [01m[K/home/a/uav/src/my_uav/src/uav_control_node.cpp:1[m[K:
[2.026s] [01m[K/usr/include/c++/9/ostream:192:7:[m[K [01;36m[Knote: [m[Kcandidate: ‘[01m[Kstd::basic_ostream<_CharT, _Traits>::__ostream_type& std::basic_ostream<_CharT, _Traits>::operator<<(unsigned int) [with _CharT = char; _Traits = std::char_traits<char>; std::basic_ostream<_CharT, _Traits>::__ostream_type = std::basic_ostream<char>][m[K’
[2.026s]   192 |       [01;36m[Koperator[m[K<<(unsigned int __n)
[2.026s]       |       [01;36m[K^~~~~~~~[m[K
[2.026s] [01m[K/usr/include/c++/9/ostream:192:31:[m[K [01;36m[Knote: [m[K  no known conversion for argument 1 from ‘[01m[Kstd::vector<std::__cxx11::basic_string<char> >[m[K’ to ‘[01m[Kunsigned int[m[K’
[2.026s]   192 |       operator<<([01;36m[Kunsigned int __n[m[K)
[2.026s]       |                  [01;36m[K~~~~~~~~~~~~~^~~[m[K
[2.026s] [01m[K/usr/include/c++/9/ostream:201:7:[m[K [01;36m[Knote: [m[Kcandidate: ‘[01m[Kstd::basic_ostream<_CharT, _Traits>::__ostream_type& std::basic_ostream<_CharT, _Traits>::operator<<(long long int) [with _CharT = char; _Traits = std::char_traits<char>; std::basic_ostream<_CharT, _Traits>::__ostream_type = std::basic_ostream<char>][m[K’
[2.026s]   201 |       [01;36m[Koperator[m[K<<(long long __n)
[2.026s]       |       [01;36m[K^~~~~~~~[m[K
[2.026s] [01m[K/usr/include/c++/9/ostream:201:28:[m[K [01;36m[Knote: [m[K  no known conversion for argument 1 from ‘[01m[Kstd::vector<std::__cxx11::basic_string<char> >[m[K’ to ‘[01m[Klong long int[m[K’
[2.026s]   201 |       operator<<([01;36m[Klong long __n[m[K)
[2.027s]       |                  [01;36m[K~~~~~~~~~~^~~[m[K
[2.027s] [01m[K/usr/include/c++/9/ostream:205:7:[m[K [01;36m[Knote: [m[Kcandidate: ‘[01m[Kstd::basic_ostream<_CharT, _Traits>::__ostream_type& std::basic_ostream<_CharT, _Traits>::operator<<(long long unsigned int) [with _CharT = char; _Traits = std::char_traits<char>; std::basic_ostream<_CharT, _Traits>::__ostream_type = std::basic_ostream<char>][m[K’
[2.027s]   205 |       [01;36m[Koperator[m[K<<(unsigned long long __n)
[2.027s]       |       [01;36m[K^~~~~~~~[m[K
[2.027s] [01m[K/usr/include/c++/9/ostream:205:37:[m[K [01;36m[Knote: [m[K  no known conversion for argument 1 from ‘[01m[Kstd::vector<std::__cxx11::basic_string<char> >[m[K’ to ‘[01m[Klong long unsigned int[m[K’
[2.027s]   205 |       operator<<([01;36m[Kunsigned long long __n[m[K)
[2.027s]       |                  [01;36m[K~~~~~~~~~~~~~~~~~~~^~~[m[K
[2.027s] [01m[K/usr/include/c++/9/ostream:220:7:[m[K [01;36m[Knote: [m[Kcandidate: ‘[01m[Kstd::basic_ostream<_CharT, _Traits>::__ostream_type& std::basic_ostream<_CharT, _Traits>::operator<<(double) [with _CharT = char; _Traits = std::char_traits<char>; std::basic_ostream<_CharT, _Traits>::__ostream_type = std::basic_ostream<char>][m[K’
[2.027s]   220 |       [01;36m[Koperator[m[K<<(double __f)
[2.028s]       |       [01;36m[K^~~~~~~~[m[K
[2.028s] [01m[K/usr/include/c++/9/ostream:220:25:[m[K [01;36m[Knote: [m[K  no known conversion for argument 1 from ‘[01m[Kstd::vector<std::__cxx11::basic_string<char> >[m[K’ to ‘[01m[Kdouble[m[K’
[2.028s]   220 |       operator<<([01;36m[Kdouble __f[m[K)
[2.028s]       |                  [01;36m[K~~~~~~~^~~[m[K
[2.028s] [01m[K/usr/include/c++/9/ostream:224:7:[m[K [01;36m[Knote: [m[Kcandidate: ‘[01m[Kstd::basic_ostream<_CharT, _Traits>::__ostream_type& std::basic_ostream<_CharT, _Traits>::operator<<(float) [with _CharT = char; _Traits = std::char_traits<char>; std::basic_ostream<_CharT, _Traits>::__ostream_type = std::basic_ostream<char>][m[K’
[2.028s]   224 |       [01;36m[Koperator[m[K<<(float __f)
[2.028s]       |       [01;36m[K^~~~~~~~[m[K
[2.028s] [01m[K/usr/include/c++/9/ostream:224:24:[m[K [01;36m[Knote: [m[K  no known conversion for argument 1 from ‘[01m[Kstd::vector<std::__cxx11::basic_string<char> >[m[K’ to ‘[01m[Kfloat[m[K’
[2.028s]   224 |       operator<<([01;36m[Kfloat __f[m[K)
[2.029s]       |                  [01;36m[K~~~~~~^~~[m[K
[2.029s] [01m[K/usr/include/c++/9/ostream:232:7:[m[K [01;36m[Knote: [m[Kcandidate: ‘[01m[Kstd::basic_ostream<_CharT, _Traits>::__ostream_type& std::basic_ostream<_CharT, _Traits>::operator<<(long double) [with _CharT = char; _Traits = std::char_traits<char>; std::basic_ostream<_CharT, _Traits>::__ostream_type = std::basic_ostream<char>][m[K’
[2.029s]   232 |       [01;36m[Koperator[m[K<<(long double __f)
[2.029s]       |       [01;36m[K^~~~~~~~[m[K
[2.029s] [01m[K/usr/include/c++/9/ostream:232:30:[m[K [01;36m[Knote: [m[K  no known conversion for argument 1 from ‘[01m[Kstd::vector<std::__cxx11::basic_string<char> >[m[K’ to ‘[01m[Klong double[m[K’
[2.029s]   232 |       operator<<([01;36m[Klong double __f[m[K)
[2.029s]       |                  [01;36m[K~~~~~~~~~~~~^~~[m[K
[2.029s] [01m[K/usr/include/c++/9/ostream:245:7:[m[K [01;36m[Knote: [m[Kcandidate: ‘[01m[Kstd::basic_ostream<_CharT, _Traits>::__ostream_type& std::basic_ostream<_CharT, _Traits>::operator<<(const void*) [with _CharT = char; _Traits = std::char_traits<char>; std::basic_ostream<_CharT, _Traits>::__ostream_type = std::basic_ostream<char>][m[K’
[2.029s]   245 |       [01;36m[Koperator[m[K<<(const void* __p)
[2.030s]       |       [01;36m[K^~~~~~~~[m[K
[2.030s] [01m[K/usr/include/c++/9/ostream:245:30:[m[K [01;36m[Knote: [m[K  no known conversion for argument 1 from ‘[01m[Kstd::vector<std::__cxx11::basic_string<char> >[m[K’ to ‘[01m[Kconst void*[m[K’
[2.030s]   245 |       operator<<([01;36m[Kconst void* __p[m[K)
[2.030s]       |                  [01;36m[K~~~~~~~~~~~~^~~[m[K
[2.030s] [01m[K/usr/include/c++/9/ostream:250:7:[m[K [01;36m[Knote: [m[Kcandidate: ‘[01m[Kstd::basic_ostream<_CharT, _Traits>::__ostream_type& std::basic_ostream<_CharT, _Traits>::operator<<(std::nullptr_t) [with _CharT = char; _Traits = std::char_traits<char>; std::basic_ostream<_CharT, _Traits>::__ostream_type = std::basic_ostream<char>; std::nullptr_t = std::nullptr_t][m[K’
[2.030s]   250 |       [01;36m[Koperator[m[K<<(nullptr_t)
[2.030s]       |       [01;36m[K^~~~~~~~[m[K
[2.030s] [01m[K/usr/include/c++/9/ostream:250:18:[m[K [01;36m[Knote: [m[K  no known conversion for argument 1 from ‘[01m[Kstd::vector<std::__cxx11::basic_string<char> >[m[K’ to ‘[01m[Kstd::nullptr_t[m[K’
[2.031s]   250 |       operator<<([01;36m[Knullptr_t[m[K)
[2.031s]       |                  [01;36m[K^~~~~~~~~[m[K
[2.031s] In file included from [01m[K/usr/include/c++/9/ostream:702[m[K,
[2.031s]                  from [01m[K/usr/include/c++/9/iostream:39[m[K,
[2.031s]                  from [01m[K/opt/ros/galactic/include/rclcpp/executor.hpp:22[m[K,
[2.031s]                  from [01m[K/opt/ros/galactic/include/rclcpp/executors/multi_threaded_executor.hpp:26[m[K,
[2.031s]                  from [01m[K/opt/ros/galactic/include/rclcpp/executors.hpp:21[m[K,
[2.031s]                  from [01m[K/opt/ros/galactic/include/rclcpp/rclcpp.hpp:156[m[K,
[2.031s]                  from [01m[K/home/a/uav/src/my_uav/src/uav_control_node.cpp:1[m[K:
[2.031s] [01m[K/usr/include/c++/9/bits/ostream.tcc:119:5:[m[K [01;36m[Knote: [m[Kcandidate: ‘[01m[Kstd::basic_ostream<_CharT, _Traits>& std::basic_ostream<_CharT, _Traits>::operator<<(std::basic_ostream<_CharT, _Traits>::__streambuf_type*) [with _CharT = char; _Traits = std::char_traits<char>; std::basic_ostream<_CharT, _Traits>::__streambuf_type = std::basic_streambuf<char>][m[K’
[2.031s]   119 |     [01;36m[Kbasic_ostream<_CharT, _Traits>[m[K::
[2.031s]       |     [01;36m[K^~~~~~~~~~~~~~~~~~~~~~~~~~~~~~[m[K
[2.031s] [01m[K/usr/include/c++/9/bits/ostream.tcc:120:34:[m[K [01;36m[Knote: [m[K  no known conversion for argument 1 from ‘[01m[Kstd::vector<std::__cxx11::basic_string<char> >[m[K’ to ‘[01m[Kstd::basic_ostream<char>::__streambuf_type*[m[K’ {aka ‘[01m[Kstd::basic_streambuf<char>*[m[K’}
[2.031s]   120 |     operator<<([01;36m[K__streambuf_type* __sbin[m[K)
[2.031s]       |                [01;36m[K~~~~~~~~~~~~~~~~~~^~~~~~[m[K
[2.031s] In file included from [01m[K/usr/include/c++/9/bits/basic_string.h:48[m[K,
[2.031s]                  from [01m[K/usr/include/c++/9/string:55[m[K,
[2.031s]                  from [01m[K/usr/include/c++/9/stdexcept:39[m[K,
[2.031s]                  from [01m[K/usr/include/c++/9/array:39[m[K,
[2.031s]                  from [01m[K/usr/include/c++/9/tuple:39[m[K,
[2.032s]                  from [01m[K/usr/include/c++/9/bits/unique_ptr.h:37[m[K,
[2.032s]                  from [01m[K/usr/include/c++/9/memory:80[m[K,
[2.032s]                  from [01m[K/opt/ros/galactic/include/rclcpp/rclcpp.hpp:154[m[K,
[2.032s]                  from [01m[K/home/a/uav/src/my_uav/src/uav_control_node.cpp:1[m[K:
[2.032s] [01m[K/usr/include/c++/9/string_view:580:5:[m[K [01;36m[Knote: [m[Kcandidate: ‘[01m[Ktemplate<class _CharT, class _Traits> std::basic_ostream<_CharT, _Traits>& std::operator<<(std::basic_ostream<_CharT, _Traits>&, std::basic_string_view<_CharT, _Traits>)[m[K’
[2.032s]   580 |     [01;36m[Koperator[m[K<<(basic_ostream<_CharT, _Traits>& __os,
[2.032s]       |     [01;36m[K^~~~~~~~[m[K
[2.032s] [01m[K/usr/include/c++/9/string_view:580:5:[m[K [01;36m[Knote: [m[K  template argument deduction/substitution failed:
[2.032s] [01m[K/home/a/uav/src/my_uav/src/uav_control_node.cpp:17:39:[m[K [01;36m[Knote: [m[K  ‘[01m[Kstd::vector<std::__cxx11::basic_string<char> >[m[K’ is not derived from ‘[01m[Kstd::basic_string_view<_CharT, _Traits>[m[K’
[2.032s]    17 |      std::cout << "指令个数: " << [01;36m[Kcommands[m[K << std::endl;
[2.032s]       |                                       [01;36m[K^~~~~~~~[m[K
[2.032s] In file included from [01m[K/usr/include/c++/9/string:55[m[K,
[2.032s]                  from [01m[K/usr/include/c++/9/stdexcept:39[m[K,
[2.032s]                  from [01m[K/usr/include/c++/9/array:39[m[K,
[2.032s]                  from [01m[K/usr/include/c++/9/tuple:39[m[K,
[2.032s]                  from [01m[K/usr/include/c++/9/bits/unique_ptr.h:37[m[K,
[2.032s]                  from [01m[K/usr/include/c++/9/memory:80[m[K,
[2.033s]                  from [01m[K/opt/ros/galactic/include/rclcpp/rclcpp.hpp:154[m[K,
[2.033s]                  from [01m[K/home/a/uav/src/my_uav/src/uav_control_node.cpp:1[m[K:
[2.033s] [01m[K/usr/include/c++/9/bits/basic_string.h:6419:5:[m[K [01;36m[Knote: [m[Kcandidate: ‘[01m[Ktemplate<class _CharT, class _Traits, class _Alloc> std::basic_ostream<_CharT, _Traits>& std::operator<<(std::basic_ostream<_CharT, _Traits>&, const std::__cxx11::basic_string<_CharT, _Traits, _Allocator>&)[m[K’
[2.033s]  6419 |     [01;36m[Koperator[m[K<<(basic_ostream<_CharT, _Traits>& __os,
[2.033s]       |     [01;36m[K^~~~~~~~[m[K
[2.033s] [01m[K/usr/include/c++/9/bits/basic_string.h:6419:5:[m[K [01;36m[Knote: [m[K  template argument deduction/substitution failed:
[2.033s] [01m[K/home/a/uav/src/my_uav/src/uav_control_node.cpp:17:39:[m[K [01;36m[Knote: [m[K  ‘[01m[Kstd::vector<std::__cxx11::basic_string<char> >[m[K’ is not derived from ‘[01m[Kconst std::__cxx11::basic_string<_CharT, _Traits, _Allocator>[m[K’
[2.033s]    17 |      std::cout << "指令个数: " << [01;36m[Kcommands[m[K << std::endl;
[2.033s]       |                                       [01;36m[K^~~~~~~~[m[K
[2.033s] In file included from [01m[K/usr/include/c++/9/memory:81[m[K,
[2.033s]                  from [01m[K/opt/ros/galactic/include/rclcpp/rclcpp.hpp:154[m[K,
[2.033s]                  from [01m[K/home/a/uav/src/my_uav/src/uav_control_node.cpp:1[m[K:
[2.033s] [01m[K/usr/include/c++/9/bits/shared_ptr.h:66:5:[m[K [01;36m[Knote: [m[Kcandidate: ‘[01m[Ktemplate<class _Ch, class _Tr, class _Tp, __gnu_cxx::_Lock_policy _Lp> std::basic_ostream<_CharT, _Traits>& std::operator<<(std::basic_ostream<_CharT, _Traits>&, const std::__shared_ptr<_Tp, _Lp>&)[m[K’
[2.033s]    66 |     [01;36m[Koperator[m[K<<(std::basic_ostream<_Ch, _Tr>& __os,
[2.033s]       |     [01;36m[K^~~~~~~~[m[K
[2.033s] [01m[K/usr/include/c++/9/bits/shared_ptr.h:66:5:[m[K [01;36m[Knote: [m[K  template argument deduction/substitution failed:
[2.033s] [01m[K/home/a/uav/src/my_uav/src/uav_control_node.cpp:17:39:[m[K [01;36m[Knote: [m[K  ‘[01m[Kstd::vector<std::__cxx11::basic_string<char> >[m[K’ is not derived from ‘[01m[Kconst std::__shared_ptr<_Tp, _Lp>[m[K’
[2.034s]    17 |      std::cout << "指令个数: " << [01;36m[Kcommands[m[K << std::endl;
[2.034s]       |                                       [01;36m[K^~~~~~~~[m[K
[2.034s] In file included from [01m[K/usr/include/c++/9/mutex:42[m[K,
[2.034s]                  from [01m[K/usr/include/c++/9/future:38[m[K,
[2.034s]                  from [01m[K/opt/ros/galactic/include/rclcpp/executors.hpp:18[m[K,
[2.034s]                  from [01m[K/opt/ros/galactic/include/rclcpp/rclcpp.hpp:156[m[K,
[2.034s]                  from [01m[K/home/a/uav/src/my_uav/src/uav_control_node.cpp:1[m[K:
[2.034s] [01m[K/usr/include/c++/9/system_error:217:5:[m[K [01;36m[Knote: [m[Kcandidate: ‘[01m[Ktemplate<class _CharT, class _Traits> std::basic_ostream<_CharT, _Traits>& std::operator<<(std::basic_ostream<_CharT, _Traits>&, const std::error_code&)[m[K’
[2.034s]   217 |     [01;36m[Koperator[m[K<<(basic_ostream<_CharT, _Traits>& __os, const error_code& __e)
[2.034s]       |     [01;36m[K^~~~~~~~[m[K
[2.034s] [01m[K/usr/include/c++/9/system_error:217:5:[m[K [01;36m[Knote: [m[K  template argument deduction/substitution failed:
[2.034s] [01m[K/home/a/uav/src/my_uav/src/uav_control_node.cpp:17:39:[m[K [01;36m[Knote: [m[K  cannot convert ‘[01m[Kcommands[m[K’ (type ‘[01m[Kstd::vector<std::__cxx11::basic_string<char> >[m[K’) to type ‘[01m[Kconst std::error_code&[m[K’
[2.034s]    17 |      std::cout << "指令个数: " << [01;36m[Kcommands[m[K << std::endl;
[2.034s]       |                                       [01;36m[K^~~~~~~~[m[K
[2.034s] In file included from [01m[K/usr/include/c++/9/future:39[m[K,
[2.034s]                  from [01m[K/opt/ros/galactic/include/rclcpp/executors.hpp:18[m[K,
[2.034s]                  from [01m[K/opt/ros/galactic/include/rclcpp/rclcpp.hpp:156[m[K,
[2.034s]                  from [01m[K/home/a/uav/src/my_uav/src/uav_control_node.cpp:1[m[K:
[2.034s] [01m[K/usr/include/c++/9/thread:322:5:[m[K [01;36m[Knote: [m[Kcandidate: ‘[01m[Ktemplate<class _CharT, class _Traits> std::basic_ostream<_CharT, _Traits>& std::operator<<(std::basic_ostream<_CharT, _Traits>&, std::thread::id)[m[K’
[2.034s]   322 |     [01;36m[Koperator[m[K<<(basic_ostream<_CharT, _Traits>& __out, thread::id __id)
[2.035s]       |     [01;36m[K^~~~~~~~[m[K
[2.035s] [01m[K/usr/include/c++/9/thread:322:5:[m[K [01;36m[Knote: [m[K  template argument deduction/substitution failed:
[2.035s] [01m[K/home/a/uav/src/my_uav/src/uav_control_node.cpp:17:39:[m[K [01;36m[Knote: [m[K  cannot convert ‘[01m[Kcommands[m[K’ (type ‘[01m[Kstd::vector<std::__cxx11::basic_string<char> >[m[K’) to type ‘[01m[Kstd::thread::id[m[K’
[2.035s]    17 |      std::cout << "指令个数: " << [01;36m[Kcommands[m[K << std::endl;
[2.035s]       |                                       [01;36m[K^~~~~~~~[m[K
[2.035s] In file included from [01m[K/usr/include/c++/9/iostream:39[m[K,
[2.035s]                  from [01m[K/opt/ros/galactic/include/rclcpp/executor.hpp:22[m[K,
[2.035s]                  from [01m[K/opt/ros/galactic/include/rclcpp/executors/multi_threaded_executor.hpp:26[m[K,
[2.035s]                  from [01m[K/opt/ros/galactic/include/rclcpp/executors.hpp:21[m[K,
[2.035s]                  from [01m[K/opt/ros/galactic/include/rclcpp/rclcpp.hpp:156[m[K,
[2.035s]                  from [01m[K/home/a/uav/src/my_uav/src/uav_control_node.cpp:1[m[K:
[2.035s] [01m[K/usr/include/c++/9/ostream:506:5:[m[K [01;36m[Knote: [m[Kcandidate: ‘[01m[Ktemplate<class _CharT, class _Traits> std::basic_ostream<_CharT, _Traits>& std::operator<<(std::basic_ostream<_CharT, _Traits>&, _CharT)[m[K’
[2.035s]   506 |     [01;36m[Koperator[m[K<<(basic_ostream<_CharT, _Traits>& __out, _CharT __c)
[2.035s]       |     [01;36m[K^~~~~~~~[m[K
[2.035s] [01m[K/usr/include/c++/9/ostream:506:5:[m[K [01;36m[Knote: [m[K  template argument deduction/substitution failed:
[2.035s] [01m[K/home/a/uav/src/my_uav/src/uav_control_node.cpp:17:39:[m[K [01;36m[Knote: [m[K  deduced conflicting types for parameter ‘[01m[K_CharT[m[K’ (‘[01m[Kchar[m[K’ and ‘[01m[Kstd::vector<std::__cxx11::basic_string<char> >[m[K’)
[2.035s]    17 |      std::cout << "指令个数: " << [01;36m[Kcommands[m[K << std::endl;
[2.035s]       |                                       [01;36m[K^~~~~~~~[m[K
[2.035s] In file included from [01m[K/usr/include/c++/9/iostream:39[m[K,
[2.035s]                  from [01m[K/opt/ros/galactic/include/rclcpp/executor.hpp:22[m[K,
[2.035s]                  from [01m[K/opt/ros/galactic/include/rclcpp/executors/multi_threaded_executor.hpp:26[m[K,
[2.036s]                  from [01m[K/opt/ros/galactic/include/rclcpp/executors.hpp:21[m[K,
[2.036s]                  from [01m[K/opt/ros/galactic/include/rclcpp/rclcpp.hpp:156[m[K,
[2.036s]                  from [01m[K/home/a/uav/src/my_uav/src/uav_control_node.cpp:1[m[K:
[2.036s] [01m[K/usr/include/c++/9/ostream:511:5:[m[K [01;36m[Knote: [m[Kcandidate: ‘[01m[Ktemplate<class _CharT, class _Traits> std::basic_ostream<_CharT, _Traits>& std::operator<<(std::basic_ostream<_CharT, _Traits>&, char)[m[K’
[2.036s]   511 |     [01;36m[Koperator[m[K<<(basic_ostream<_CharT, _Traits>& __out, char __c)
[2.036s]       |     [01;36m[K^~~~~~~~[m[K
[2.036s] [01m[K/usr/include/c++/9/ostream:511:5:[m[K [01;36m[Knote: [m[K  template argument deduction/substitution failed:
[2.036s] [01m[K/home/a/uav/src/my_uav/src/uav_control_node.cpp:17:39:[m[K [01;36m[Knote: [m[K  cannot convert ‘[01m[Kcommands[m[K’ (type ‘[01m[Kstd::vector<std::__cxx11::basic_string<char> >[m[K’) to type ‘[01m[Kchar[m[K’
[2.036s]    17 |      std::cout << "指令个数: " << [01;36m[Kcommands[m[K << std::endl;
[2.036s]       |                                       [01;36m[K^~~~~~~~[m[K
[2.036s] In file included from [01m[K/usr/include/c++/9/iostream:39[m[K,
[2.036s]                  from [01m[K/opt/ros/galactic/include/rclcpp/executor.hpp:22[m[K,
[2.036s]                  from [01m[K/opt/ros/galactic/include/rclcpp/executors/multi_threaded_executor.hpp:26[m[K,
[2.036s]                  from [01m[K/opt/ros/galactic/include/rclcpp/executors.hpp:21[m[K,
[2.036s]                  from [01m[K/opt/ros/galactic/include/rclcpp/rclcpp.hpp:156[m[K,
[2.036s]                  from [01m[K/home/a/uav/src/my_uav/src/uav_control_node.cpp:1[m[K:
[2.036s] [01m[K/usr/include/c++/9/ostream:517:5:[m[K [01;36m[Knote: [m[Kcandidate: ‘[01m[Ktemplate<class _Traits> std::basic_ostream<char, _Traits>& std::operator<<(std::basic_ostream<char, _Traits>&, char)[m[K’
[2.036s]   517 |     [01;36m[Koperator[m[K<<(basic_ostream<char, _Traits>& __out, char __c)
[2.036s]       |     [01;36m[K^~~~~~~~[m[K
[2.036s] [01m[K/usr/include/c++/9/ostream:517:5:[m[K [01;36m[Knote: [m[K  template argument deduction/substitution failed:
[2.036s] [01m[K/home/a/uav/src/my_uav/src/uav_control_node.cpp:17:39:[m[K [01;36m[Knote: [m[K  cannot convert ‘[01m[Kcommands[m[K’ (type ‘[01m[Kstd::vector<std::__cxx11::basic_string<char> >[m[K’) to type ‘[01m[Kchar[m[K’
[2.036s]    17 |      std::cout << "指令个数: " << [01;36m[Kcommands[m[K << std::endl;
[2.037s]       |                                       [01;36m[K^~~~~~~~[m[K
[2.037s] In file included from [01m[K/usr/include/c++/9/iostream:39[m[K,
[2.037s]                  from [01m[K/opt/ros/galactic/include/rclcpp/executor.hpp:22[m[K,
[2.037s]                  from [01m[K/opt/ros/galactic/include/rclcpp/executors/multi_threaded_executor.hpp:26[m[K,
[2.037s]                  from [01m[K/opt/ros/galactic/include/rclcpp/executors.hpp:21[m[K,
[2.037s]                  from [01m[K/opt/ros/galactic/include/rclcpp/rclcpp.hpp:156[m[K,
[2.037s]                  from [01m[K/home/a/uav/src/my_uav/src/uav_control_node.cpp:1[m[K:
[2.037s] [01m[K/usr/include/c++/9/ostream:523:5:[m[K [01;36m[Knote: [m[Kcandidate: ‘[01m[Ktemplate<class _Traits> std::basic_ostream<char, _Traits>& std::operator<<(std::basic_ostream<char, _Traits>&, signed char)[m[K’
[2.037s]   523 |     [01;36m[Koperator[m[K<<(basic_ostream<char, _Traits>& __out, signed char __c)
[2.037s]       |     [01;36m[K^~~~~~~~[m[K
[2.037s] [01m[K/usr/include/c++/9/ostream:523:5:[m[K [01;36m[Knote: [m[K  template argument deduction/substitution failed:
[2.037s] [01m[K/home/a/uav/src/my_uav/src/uav_control_node.cpp:17:39:[m[K [01;36m[Knote: [m[K  cannot convert ‘[01m[Kcommands[m[K’ (type ‘[01m[Kstd::vector<std::__cxx11::basic_string<char> >[m[K’) to type ‘[01m[Ksigned char[m[K’
[2.037s]    17 |      std::cout << "指令个数: " << [01;36m[Kcommands[m[K << std::endl;
[2.037s]       |                                       [01;36m[K^~~~~~~~[m[K
[2.037s] In file included from [01m[K/usr/include/c++/9/iostream:39[m[K,
[2.037s]                  from [01m[K/opt/ros/galactic/include/rclcpp/executor.hpp:22[m[K,
[2.037s]                  from [01m[K/opt/ros/galactic/include/rclcpp/executors/multi_threaded_executor.hpp:26[m[K,
[2.037s]                  from [01m[K/opt/ros/galactic/include/rclcpp/executors.hpp:21[m[K,
[2.037s]                  from [01m[K/opt/ros/galactic/include/rclcpp/rclcpp.hpp:156[m[K,
[2.038s]                  from [01m[K/home/a/uav/src/my_uav/src/uav_control_node.cpp:1[m[K:
[2.038s] [01m[K/usr/include/c++/9/ostream:528:5:[m[K [01;36m[Knote: [m[Kcandidate: ‘[01m[Ktemplate<class _Traits> std::basic_ostream<char, _Traits>& std::operator<<(std::basic_ostream<char, _Traits>&, unsigned char)[m[K’
[2.038s]   528 |     [01;36m[Koperator[m[K<<(basic_ostream<char, _Traits>& __out, unsigned char __c)
[2.038s]       |     [01;36m[K^~~~~~~~[m[K
[2.038s] [01m[K/usr/include/c++/9/ostream:528:5:[m[K [01;36m[Knote: [m[K  template argument deduction/substitution failed:
[2.038s] [01m[K/home/a/uav/src/my_uav/src/uav_control_node.cpp:17:39:[m[K [01;36m[Knote: [m[K  cannot convert ‘[01m[Kcommands[m[K’ (type ‘[01m[Kstd::vector<std::__cxx11::basic_string<char> >[m[K’) to type ‘[01m[Kunsigned char[m[K’
[2.038s]    17 |      std::cout << "指令个数: " << [01;36m[Kcommands[m[K << std::endl;
[2.038s]       |                                       [01;36m[K^~~~~~~~[m[K
[2.038s] In file included from [01m[K/usr/include/c++/9/iostream:39[m[K,
[2.038s]                  from [01m[K/opt/ros/galactic/include/rclcpp/executor.hpp:22[m[K,
[2.038s]                  from [01m[K/opt/ros/galactic/include/rclcpp/executors/multi_threaded_executor.hpp:26[m[K,
[2.038s]                  from [01m[K/opt/ros/galactic/include/rclcpp/executors.hpp:21[m[K,
[2.038s]                  from [01m[K/opt/ros/galactic/include/rclcpp/rclcpp.hpp:156[m[K,
[2.038s]                  from [01m[K/home/a/uav/src/my_uav/src/uav_control_node.cpp:1[m[K:
[2.038s] [01m[K/usr/include/c++/9/ostream:548:5:[m[K [01;36m[Knote: [m[Kcandidate: ‘[01m[Ktemplate<class _CharT, class _Traits> std::basic_ostream<_CharT, _Traits>& std::operator<<(std::basic_ostream<_CharT, _Traits>&, const _CharT*)[m[K’
[2.038s]   548 |     [01;36m[Koperator[m[K<<(basic_ostream<_CharT, _Traits>& __out, const _CharT* __s)
[2.038s]       |     [01;36m[K^~~~~~~~[m[K
[2.038s] [01m[K/usr/include/c++/9/ostream:548:5:[m[K [01;36m[Knote: [m[K  template argument deduction/substitution failed:
[2.038s] [01m[K/home/a/uav/src/my_uav/src/uav_control_node.cpp:17:39:[m[K [01;36m[Knote: [m[K  mismatched types ‘[01m[Kconst _CharT*[m[K’ and ‘[01m[Kstd::vector<std::__cxx11::basic_string<char> >[m[K’
[2.038s]    17 |      std::cout << "指令个数: " << [01;36m[Kcommands[m[K << std::endl;
[2.039s]       |                                       [01;36m[K^~~~~~~~[m[K
[2.039s] In file included from [01m[K/usr/include/c++/9/ostream:702[m[K,
[2.039s]                  from [01m[K/usr/include/c++/9/iostream:39[m[K,
[2.039s]                  from [01m[K/opt/ros/galactic/include/rclcpp/executor.hpp:22[m[K,
[2.039s]                  from [01m[K/opt/ros/galactic/include/rclcpp/executors/multi_threaded_executor.hpp:26[m[K,
[2.039s]                  from [01m[K/opt/ros/galactic/include/rclcpp/executors.hpp:21[m[K,
[2.039s]                  from [01m[K/opt/ros/galactic/include/rclcpp/rclcpp.hpp:156[m[K,
[2.039s]                  from [01m[K/home/a/uav/src/my_uav/src/uav_control_node.cpp:1[m[K:
[2.039s] [01m[K/usr/include/c++/9/bits/ostream.tcc:321:5:[m[K [01;36m[Knote: [m[Kcandidate: ‘[01m[Ktemplate<class _CharT, class _Traits> std::basic_ostream<_CharT, _Traits>& std::operator<<(std::basic_ostream<_CharT, _Traits>&, const char*)[m[K’
[2.039s]   321 |     [01;36m[Koperator[m[K<<(basic_ostream<_CharT, _Traits>& __out, const char* __s)
[2.039s]       |     [01;36m[K^~~~~~~~[m[K
[2.039s] [01m[K/usr/include/c++/9/bits/ostream.tcc:321:5:[m[K [01;36m[Knote: [m[K  template argument deduction/substitution failed:
[2.039s] [01m[K/home/a/uav/src/my_uav/src/uav_control_node.cpp:17:39:[m[K [01;36m[Knote: [m[K  cannot convert ‘[01m[Kcommands[m[K’ (type ‘[01m[Kstd::vector<std::__cxx11::basic_string<char> >[m[K’) to type ‘[01m[Kconst char*[m[K’
[2.039s]    17 |      std::cout << "指令个数: " << [01;36m[Kcommands[m[K << std::endl;
[2.039s]       |                                       [01;36m[K^~~~~~~~[m[K
[2.039s] In file included from [01m[K/usr/include/c++/9/iostream:39[m[K,
[2.039s]                  from [01m[K/opt/ros/galactic/include/rclcpp/executor.hpp:22[m[K,
[2.039s]                  from [01m[K/opt/ros/galactic/include/rclcpp/executors/multi_threaded_executor.hpp:26[m[K,
[2.039s]                  from [01m[K/opt/ros/galactic/include/rclcpp/executors.hpp:21[m[K,
[2.039s]                  from [01m[K/opt/ros/galactic/include/rclcpp/rclcpp.hpp:156[m[K,
[2.039s]                  from [01m[K/home/a/uav/src/my_uav/src/uav_control_node.cpp:1[m[K:
[2.040s] [01m[K/usr/include/c++/9/ostream:565:5:[m[K [01;36m[Knote: [m[Kcandidate: ‘[01m[Ktemplate<class _Traits> std::basic_ostream<char, _Traits>& std::operator<<(std::basic_ostream<char, _Traits>&, const char*)[m[K’
[2.040s]   565 |     [01;36m[Koperator[m[K<<(basic_ostream<char, _Traits>& __out, const char* __s)
[2.040s]       |     [01;36m[K^~~~~~~~[m[K
[2.040s] [01m[K/usr/include/c++/9/ostream:565:5:[m[K [01;36m[Knote: [m[K  template argument deduction/substitution failed:
[2.040s] [01m[K/home/a/uav/src/my_uav/src/uav_control_node.cpp:17:39:[m[K [01;36m[Knote: [m[K  cannot convert ‘[01m[Kcommands[m[K’ (type ‘[01m[Kstd::vector<std::__cxx11::basic_string<char> >[m[K’) to type ‘[01m[Kconst char*[m[K’
[2.040s]    17 |      std::cout << "指令个数: " << [01;36m[Kcommands[m[K << std::endl;
[2.040s]       |                                       [01;36m[K^~~~~~~~[m[K
[2.040s] In file included from [01m[K/usr/include/c++/9/iostream:39[m[K,
[2.040s]                  from [01m[K/opt/ros/galactic/include/rclcpp/executor.hpp:22[m[K,
[2.040s]                  from [01m[K/opt/ros/galactic/include/rclcpp/executors/multi_threaded_executor.hpp:26[m[K,
[2.040s]                  from [01m[K/opt/ros/galactic/include/rclcpp/executors.hpp:21[m[K,
[2.040s]                  from [01m[K/opt/ros/galactic/include/rclcpp/rclcpp.hpp:156[m[K,
[2.040s]                  from [01m[K/home/a/uav/src/my_uav/src/uav_control_node.cpp:1[m[K:
[2.040s] [01m[K/usr/include/c++/9/ostream:578:5:[m[K [01;36m[Knote: [m[Kcandidate: ‘[01m[Ktemplate<class _Traits> std::basic_ostream<char, _Traits>& std::operator<<(std::basic_ostream<char, _Traits>&, const signed char*)[m[K’
[2.040s]   578 |     [01;36m[Koperator[m[K<<(basic_ostream<char, _Traits>& __out, const signed char* __s)
[2.040s]       |     [01;36m[K^~~~~~~~[m[K
[2.040s] [01m[K/usr/include/c++/9/ostream:578:5:[m[K [01;36m[Knote: [m[K  template argument deduction/substitution failed:
[2.040s] [01m[K/home/a/uav/src/my_uav/src/uav_control_node.cpp:17:39:[m[K [01;36m[Knote: [m[K  cannot convert ‘[01m[Kcommands[m[K’ (type ‘[01m[Kstd::vector<std::__cxx11::basic_string<char> >[m[K’) to type ‘[01m[Kconst signed char*[m[K’
[2.040s]    17 |      std::cout << "指令个数: " << [01;36m[Kcommands[m[K << std::endl;
[2.040s]       |                                       [01;36m[K^~~~~~~~[m[K
[2.041s] In file included from [01m[K/usr/include/c++/9/iostream:39[m[K,
[2.041s]                  from [01m[K/opt/ros/galactic/include/rclcpp/executor.hpp:22[m[K,
[2.041s]                  from [01m[K/opt/ros/galactic/include/rclcpp/executors/multi_threaded_executor.hpp:26[m[K,
[2.041s]                  from [01m[K/opt/ros/galactic/include/rclcpp/executors.hpp:21[m[K,
[2.041s]                  from [01m[K/opt/ros/galactic/include/rclcpp/rclcpp.hpp:156[m[K,
[2.041s]                  from [01m[K/home/a/uav/src/my_uav/src/uav_control_node.cpp:1[m[K:
[2.041s] [01m[K/usr/include/c++/9/ostream:583:5:[m[K [01;36m[Knote: [m[Kcandidate: ‘[01m[Ktemplate<class _Traits> std::basic_ostream<char, _Traits>& std::operator<<(std::basic_ostream<char, _Traits>&, const unsigned char*)[m[K’
[2.041s]   583 |     [01;36m[Koperator[m[K<<(basic_ostream<char, _Traits>& __out, const unsigned char* __s)
[2.041s]       |     [01;36m[K^~~~~~~~[m[K
[2.041s] [01m[K/usr/include/c++/9/ostream:583:5:[m[K [01;36m[Knote: [m[K  template argument deduction/substitution failed:
[2.041s] [01m[K/home/a/uav/src/my_uav/src/uav_control_node.cpp:17:39:[m[K [01;36m[Knote: [m[K  cannot convert ‘[01m[Kcommands[m[K’ (type ‘[01m[Kstd::vector<std::__cxx11::basic_string<char> >[m[K’) to type ‘[01m[Kconst unsigned char*[m[K’
[2.041s]    17 |      std::cout << "指令个数: " << [01;36m[Kcommands[m[K << std::endl;
[2.041s]       |                                       [01;36m[K^~~~~~~~[m[K
[2.041s] In file included from [01m[K/usr/include/c++/9/iostream:39[m[K,
[2.041s]                  from [01m[K/opt/ros/galactic/include/rclcpp/executor.hpp:22[m[K,
[2.041s]                  from [01m[K/opt/ros/galactic/include/rclcpp/executors/multi_threaded_executor.hpp:26[m[K,
[2.041s]                  from [01m[K/opt/ros/galactic/include/rclcpp/executors.hpp:21[m[K,
[2.041s]                  from [01m[K/opt/ros/galactic/include/rclcpp/rclcpp.hpp:156[m[K,
[2.041s]                  from [01m[K/home/a/uav/src/my_uav/src/uav_control_node.cpp:1[m[K:
[2.041s] [01m[K/usr/include/c++/9/ostream:691:5:[m[K [01;36m[Knote: [m[Kcandidate: ‘[01m[Ktemplate<class _Ostream, class _Tp> typename std::enable_if<std::__and_<std::__not_<std::is_lvalue_reference<_Tp> >, std::__is_convertible_to_basic_ostream<_Ostream>, std::__is_insertable<typename std::__is_convertible_to_basic_ostream<_Tp>::__ostream_type, const _Tp&, void> >::value, typename std::__is_convertible_to_basic_ostream<_Tp>::__ostream_type>::type std::operator<<(_Ostream&&, const _Tp&)[m[K’
[2.042s]   691 |     [01;36m[Koperator[m[K<<(_Ostream&& __os, const _Tp& __x)
[2.042s]       |     [01;36m[K^~~~~~~~[m[K
[2.042s] [01m[K/usr/include/c++/9/ostream:691:5:[m[K [01;36m[Knote: [m[K  template argument deduction/substitution failed:
[2.042s] /usr/include/c++/9/ostream: In substitution of ‘[01m[Ktemplate<class _Ostream, class _Tp> typename std::enable_if<std::__and_<std::__not_<std::is_lvalue_reference<_Tp> >, std::__is_convertible_to_basic_ostream<_Ostream>, std::__is_insertable<typename std::__is_convertible_to_basic_ostream<_Tp>::__ostream_type, const _Tp&, void> >::value, typename std::__is_convertible_to_basic_ostream<_Tp>::__ostream_type>::type std::operator<<(_Ostream&&, const _Tp&) [with _Ostream = std::basic_ostream<char>&; _Tp = std::vector<std::__cxx11::basic_string<char> >][m[K’:
[2.042s] [01m[K/home/a/uav/src/my_uav/src/uav_control_node.cpp:17:39:[m[K   required from here
[2.042s] [01m[K/usr/include/c++/9/ostream:691:5:[m[K [01;31m[Kerror: [m[Kno type named ‘[01m[Ktype[m[K’ in ‘[01m[Kstruct std::enable_if<false, std::basic_ostream<char>&>[m[K’
[2.042s] In file included from [01m[K/opt/ros/galactic/include/rosidl_runtime_cpp/traits.hpp:19[m[K,
[2.042s]                  from [01m[K/opt/ros/galactic/include/builtin_interfaces/msg/detail/duration__traits.hpp:10[m[K,
[2.042s]                  from [01m[K/opt/ros/galactic/include/builtin_interfaces/msg/duration.hpp:9[m[K,
[2.042s]                  from [01m[K/opt/ros/galactic/include/rclcpp/duration.hpp:20[m[K,
[2.042s]                  from [01m[K/opt/ros/galactic/include/rclcpp/qos.hpp:20[m[K,
[2.042s]                  from [01m[K/opt/ros/galactic/include/rclcpp/node_interfaces/node_graph_interface.hpp:31[m[K,
[2.042s]                  from [01m[K/opt/ros/galactic/include/rclcpp/client.hpp:34[m[K,
[2.042s]                  from [01m[K/opt/ros/galactic/include/rclcpp/callback_group.hpp:23[m[K,
[2.042s]                  from [01m[K/opt/ros/galactic/include/rclcpp/any_executable.hpp:20[m[K,
[2.042s]                  from [01m[K/opt/ros/galactic/include/rclcpp/memory_strategy.hpp:25[m[K,
[2.043s]                  from [01m[K/opt/ros/galactic/include/rclcpp/memory_strategies.hpp:18[m[K,
[2.043s]                  from [01m[K/opt/ros/galactic/include/rclcpp/executor_options.hpp:20[m[K,
[2.043s]                  from [01m[K/opt/ros/galactic/include/rclcpp/executor.hpp:36[m[K,
[2.043s]                  from [01m[K/opt/ros/galactic/include/rclcpp/executors/multi_threaded_executor.hpp:26[m[K,
[2.044s]                  from [01m[K/opt/ros/galactic/include/rclcpp/executors.hpp:21[m[K,
[2.044s]                  from [01m[K/opt/ros/galactic/include/rclcpp/rclcpp.hpp:156[m[K,
[2.044s]                  from [01m[K/home/a/uav/src/my_uav/src/uav_control_node.cpp:1[m[K:
[2.044s] [01m[K/usr/include/c++/9/iomanip:79:5:[m[K [01;36m[Knote: [m[Kcandidate: ‘[01m[Ktemplate<class _CharT, class _Traits> std::basic_ostream<_CharT, _Traits>& std::operator<<(std::basic_ostream<_CharT, _Traits>&, std::_Resetiosflags)[m[K’
[2.044s]    79 |     [01;36m[Koperator[m[K<<(basic_ostream<_CharT, _Traits>& __os, _Resetiosflags __f)
[2.044s]       |     [01;36m[K^~~~~~~~[m[K
[2.044s] [01m[K/usr/include/c++/9/iomanip:79:5:[m[K [01;36m[Knote: [m[K  template argument deduction/substitution failed:
[2.044s] [01m[K/home/a/uav/src/my_uav/src/uav_control_node.cpp:17:39:[m[K [01;36m[Knote: [m[K  cannot convert ‘[01m[Kcommands[m[K’ (type ‘[01m[Kstd::vector<std::__cxx11::basic_string<char> >[m[K’) to type ‘[01m[Kstd::_Resetiosflags[m[K’
[2.045s]    17 |      std::cout << "指令个数: " << [01;36m[Kcommands[m[K << std::endl;
[2.045s]       |                                       [01;36m[K^~~~~~~~[m[K
[2.045s] In file included from [01m[K/opt/ros/galactic/include/rosidl_runtime_cpp/traits.hpp:19[m[K,
[2.045s]                  from [01m[K/opt/ros/galactic/include/builtin_interfaces/msg/detail/duration__traits.hpp:10[m[K,
[2.045s]                  from [01m[K/opt/ros/galactic/include/builtin_interfaces/msg/duration.hpp:9[m[K,
[2.045s]                  from [01m[K/opt/ros/galactic/include/rclcpp/duration.hpp:20[m[K,
[2.045s]                  from [01m[K/opt/ros/galactic/include/rclcpp/qos.hpp:20[m[K,
[2.045s]                  from [01m[K/opt/ros/galactic/include/rclcpp/node_interfaces/node_graph_interface.hpp:31[m[K,
[2.045s]                  from [01m[K/opt/ros/galactic/include/rclcpp/client.hpp:34[m[K,
[2.045s]                  from [01m[K/opt/ros/galactic/include/rclcpp/callback_group.hpp:23[m[K,
[2.045s]                  from [01m[K/opt/ros/galactic/include/rclcpp/any_executable.hpp:20[m[K,
[2.045s]                  from [01m[K/opt/ros/galactic/include/rclcpp/memory_strategy.hpp:25[m[K,
[2.045s]                  from [01m[K/opt/ros/galactic/include/rclcpp/memory_strategies.hpp:18[m[K,
[2.045s]                  from [01m[K/opt/ros/galactic/include/rclcpp/executor_options.hpp:20[m[K,
[2.045s]                  from [01m[K/opt/ros/galactic/include/rclcpp/executor.hpp:36[m[K,
[2.046s]                  from [01m[K/opt/ros/galactic/include/rclcpp/executors/multi_threaded_executor.hpp:26[m[K,
[2.046s]                  from [01m[K/opt/ros/galactic/include/rclcpp/executors.hpp:21[m[K,
[2.046s]                  from [01m[K/opt/ros/galactic/include/rclcpp/rclcpp.hpp:156[m[K,
[2.046s]                  from [01m[K/home/a/uav/src/my_uav/src/uav_control_node.cpp:1[m[K:
[2.046s] [01m[K/usr/include/c++/9/iomanip:109:5:[m[K [01;36m[Knote: [m[Kcandidate: ‘[01m[Ktemplate<class _CharT, class _Traits> std::basic_ostream<_CharT, _Traits>& std::operator<<(std::basic_ostream<_CharT, _Traits>&, std::_Setiosflags)[m[K’
[2.046s]   109 |     [01;36m[Koperator[m[K<<(basic_ostream<_CharT, _Traits>& __os, _Setiosflags __f)
[2.046s]       |     [01;36m[K^~~~~~~~[m[K
[2.046s] [01m[K/usr/include/c++/9/iomanip:109:5:[m[K [01;36m[Knote: [m[K  template argument deduction/substitution failed:
[2.046s] [01m[K/home/a/uav/src/my_uav/src/uav_control_node.cpp:17:39:[m[K [01;36m[Knote: [m[K  cannot convert ‘[01m[Kcommands[m[K’ (type ‘[01m[Kstd::vector<std::__cxx11::basic_string<char> >[m[K’) to type ‘[01m[Kstd::_Setiosflags[m[K’
[2.046s]    17 |      std::cout << "指令个数: " << [01;36m[Kcommands[m[K << std::endl;
[2.046s]       |                                       [01;36m[K^~~~~~~~[m[K
[2.046s] In file included from [01m[K/opt/ros/galactic/include/rosidl_runtime_cpp/traits.hpp:19[m[K,
[2.046s]                  from [01m[K/opt/ros/galactic/include/builtin_interfaces/msg/detail/duration__traits.hpp:10[m[K,
[2.046s]                  from [01m[K/opt/ros/galactic/include/builtin_interfaces/msg/duration.hpp:9[m[K,
[2.046s]                  from [01m[K/opt/ros/galactic/include/rclcpp/duration.hpp:20[m[K,
[2.046s]                  from [01m[K/opt/ros/galactic/include/rclcpp/qos.hpp:20[m[K,
[2.046s]                  from [01m[K/opt/ros/galactic/include/rclcpp/node_interfaces/node_graph_interface.hpp:31[m[K,
[2.046s]                  from [01m[K/opt/ros/galactic/include/rclcpp/client.hpp:34[m[K,
[2.046s]                  from [01m[K/opt/ros/galactic/include/rclcpp/callback_group.hpp:23[m[K,
[2.046s]                  from [01m[K/opt/ros/galactic/include/rclcpp/any_executable.hpp:20[m[K,
[2.047s]                  from [01m[K/opt/ros/galactic/include/rclcpp/memory_strategy.hpp:25[m[K,
[2.047s]                  from [01m[K/opt/ros/galactic/include/rclcpp/memory_strategies.hpp:18[m[K,
[2.047s]                  from [01m[K/opt/ros/galactic/include/rclcpp/executor_options.hpp:20[m[K,
[2.047s]                  from [01m[K/opt/ros/galactic/include/rclcpp/executor.hpp:36[m[K,
[2.047s]                  from [01m[K/opt/ros/galactic/include/rclcpp/executors/multi_threaded_executor.hpp:26[m[K,
[2.047s]                  from [01m[K/opt/ros/galactic/include/rclcpp/executors.hpp:21[m[K,
[2.047s]                  from [01m[K/opt/ros/galactic/include/rclcpp/rclcpp.hpp:156[m[K,
[2.047s]                  from [01m[K/home/a/uav/src/my_uav/src/uav_control_node.cpp:1[m[K:
[2.047s] [01m[K/usr/include/c++/9/iomanip:143:5:[m[K [01;36m[Knote: [m[Kcandidate: ‘[01m[Ktemplate<class _CharT, class _Traits> std::basic_ostream<_CharT, _Traits>& std::operator<<(std::basic_ostream<_CharT, _Traits>&, std::_Setbase)[m[K’
[2.047s]   143 |     [01;36m[Koperator[m[K<<(basic_ostream<_CharT, _Traits>& __os, _Setbase __f)
[2.047s]       |     [01;36m[K^~~~~~~~[m[K
[2.047s] [01m[K/usr/include/c++/9/iomanip:143:5:[m[K [01;36m[Knote: [m[K  template argument deduction/substitution failed:
[2.047s] [01m[K/home/a/uav/src/my_uav/src/uav_control_node.cpp:17:39:[m[K [01;36m[Knote: [m[K  cannot convert ‘[01m[Kcommands[m[K’ (type ‘[01m[Kstd::vector<std::__cxx11::basic_string<char> >[m[K’) to type ‘[01m[Kstd::_Setbase[m[K’
[2.047s]    17 |      std::cout << "指令个数: " << [01;36m[Kcommands[m[K << std::endl;
[2.047s]       |                                       [01;36m[K^~~~~~~~[m[K
[2.047s] In file included from [01m[K/opt/ros/galactic/include/rosidl_runtime_cpp/traits.hpp:19[m[K,
[2.047s]                  from [01m[K/opt/ros/galactic/include/builtin_interfaces/msg/detail/duration__traits.hpp:10[m[K,
[2.047s]                  from [01m[K/opt/ros/galactic/include/builtin_interfaces/msg/duration.hpp:9[m[K,
[2.047s]                  from [01m[K/opt/ros/galactic/include/rclcpp/duration.hpp:20[m[K,
[2.047s]                  from [01m[K/opt/ros/galactic/include/rclcpp/qos.hpp:20[m[K,
[2.047s]                  from [01m[K/opt/ros/galactic/include/rclcpp/node_interfaces/node_graph_interface.hpp:31[m[K,
[2.047s]                  from [01m[K/opt/ros/galactic/include/rclcpp/client.hpp:34[m[K,
[2.048s]                  from [01m[K/opt/ros/galactic/include/rclcpp/callback_group.hpp:23[m[K,
[2.048s]                  from [01m[K/opt/ros/galactic/include/rclcpp/any_executable.hpp:20[m[K,
[2.048s]                  from [01m[K/opt/ros/galactic/include/rclcpp/memory_strategy.hpp:25[m[K,
[2.048s]                  from [01m[K/opt/ros/galactic/include/rclcpp/memory_strategies.hpp:18[m[K,
[2.048s]                  from [01m[K/opt/ros/galactic/include/rclcpp/executor_options.hpp:20[m[K,
[2.048s]                  from [01m[K/opt/ros/galactic/include/rclcpp/executor.hpp:36[m[K,
[2.048s]                  from [01m[K/opt/ros/galactic/include/rclcpp/executors/multi_threaded_executor.hpp:26[m[K,
[2.048s]                  from [01m[K/opt/ros/galactic/include/rclcpp/executors.hpp:21[m[K,
[2.048s]                  from [01m[K/opt/ros/galactic/include/rclcpp/rclcpp.hpp:156[m[K,
[2.048s]                  from [01m[K/home/a/uav/src/my_uav/src/uav_control_node.cpp:1[m[K:
[2.048s] [01m[K/usr/include/c++/9/iomanip:178:5:[m[K [01;36m[Knote: [m[Kcandidate: ‘[01m[Ktemplate<class _CharT, class _Traits> std::basic_ostream<_CharT, _Traits>& std::operator<<(std::basic_ostream<_CharT, _Traits>&, std::_Setfill<_CharT>)[m[K’
[2.048s]   178 |     [01;36m[Koperator[m[K<<(basic_ostream<_CharT, _Traits>& __os, _Setfill<_CharT> __f)
[2.048s]       |     [01;36m[K^~~~~~~~[m[K
[2.048s] [01m[K/usr/include/c++/9/iomanip:178:5:[m[K [01;36m[Knote: [m[K  template argument deduction/substitution failed:
[2.048s] [01m[K/home/a/uav/src/my_uav/src/uav_control_node.cpp:17:39:[m[K [01;36m[Knote: [m[K  ‘[01m[Kstd::vector<std::__cxx11::basic_string<char> >[m[K’ is not derived from ‘[01m[Kstd::_Setfill<_CharT>[m[K’
[2.048s]    17 |      std::cout << "指令个数: " << [01;36m[Kcommands[m[K << std::endl;
[2.048s]       |                                       [01;36m[K^~~~~~~~[m[K
[2.048s] In file included from [01m[K/opt/ros/galactic/include/rosidl_runtime_cpp/traits.hpp:19[m[K,
[2.048s]                  from [01m[K/opt/ros/galactic/include/builtin_interfaces/msg/detail/duration__traits.hpp:10[m[K,
[2.048s]                  from [01m[K/opt/ros/galactic/include/builtin_interfaces/msg/duration.hpp:9[m[K,
[2.048s]                  from [01m[K/opt/ros/galactic/include/rclcpp/duration.hpp:20[m[K,
[2.049s]                  from [01m[K/opt/ros/galactic/include/rclcpp/qos.hpp:20[m[K,
[2.049s]                  from [01m[K/opt/ros/galactic/include/rclcpp/node_interfaces/node_graph_interface.hpp:31[m[K,
[2.049s]                  from [01m[K/opt/ros/galactic/include/rclcpp/client.hpp:34[m[K,
[2.049s]                  from [01m[K/opt/ros/galactic/include/rclcpp/callback_group.hpp:23[m[K,
[2.049s]                  from [01m[K/opt/ros/galactic/include/rclcpp/any_executable.hpp:20[m[K,
[2.049s]                  from [01m[K/opt/ros/galactic/include/rclcpp/memory_strategy.hpp:25[m[K,
[2.049s]                  from [01m[K/opt/ros/galactic/include/rclcpp/memory_strategies.hpp:18[m[K,
[2.049s]                  from [01m[K/opt/ros/galactic/include/rclcpp/executor_options.hpp:20[m[K,
[2.049s]                  from [01m[K/opt/ros/galactic/include/rclcpp/executor.hpp:36[m[K,
[2.049s]                  from [01m[K/opt/ros/galactic/include/rclcpp/executors/multi_threaded_executor.hpp:26[m[K,
[2.049s]                  from [01m[K/opt/ros/galactic/include/rclcpp/executors.hpp:21[m[K,
[2.049s]                  from [01m[K/opt/ros/galactic/include/rclcpp/rclcpp.hpp:156[m[K,
[2.049s]                  from [01m[K/home/a/uav/src/my_uav/src/uav_control_node.cpp:1[m[K:
[2.049s] [01m[K/usr/include/c++/9/iomanip:208:5:[m[K [01;36m[Knote: [m[Kcandidate: ‘[01m[Ktemplate<class _CharT, class _Traits> std::basic_ostream<_CharT, _Traits>& std::operator<<(std::basic_ostream<_CharT, _Traits>&, std::_Setprecision)[m[K’
[2.049s]   208 |     [01;36m[Koperator[m[K<<(basic_ostream<_CharT, _Traits>& __os, _Setprecision __f)
[2.049s]       |     [01;36m[K^~~~~~~~[m[K
[2.049s] [01m[K/usr/include/c++/9/iomanip:208:5:[m[K [01;36m[Knote: [m[K  template argument deduction/substitution failed:
[2.049s] [01m[K/home/a/uav/src/my_uav/src/uav_control_node.cpp:17:39:[m[K [01;36m[Knote: [m[K  cannot convert ‘[01m[Kcommands[m[K’ (type ‘[01m[Kstd::vector<std::__cxx11::basic_string<char> >[m[K’) to type ‘[01m[Kstd::_Setprecision[m[K’
[2.049s]    17 |      std::cout << "指令个数: " << [01;36m[Kcommands[m[K << std::endl;
[2.049s]       |                                       [01;36m[K^~~~~~~~[m[K
[2.049s] In file included from [01m[K/opt/ros/galactic/include/rosidl_runtime_cpp/traits.hpp:19[m[K,
[2.050s]                  from [01m[K/opt/ros/galactic/include/builtin_interfaces/msg/detail/duration__traits.hpp:10[m[K,
[2.050s]                  from [01m[K/opt/ros/galactic/include/builtin_interfaces/msg/duration.hpp:9[m[K,
[2.050s]                  from [01m[K/opt/ros/galactic/include/rclcpp/duration.hpp:20[m[K,
[2.050s]                  from [01m[K/opt/ros/galactic/include/rclcpp/qos.hpp:20[m[K,
[2.050s]                  from [01m[K/opt/ros/galactic/include/rclcpp/node_interfaces/node_graph_interface.hpp:31[m[K,
[2.050s]                  from [01m[K/opt/ros/galactic/include/rclcpp/client.hpp:34[m[K,
[2.050s]                  from [01m[K/opt/ros/galactic/include/rclcpp/callback_group.hpp:23[m[K,
[2.050s]                  from [01m[K/opt/ros/galactic/include/rclcpp/any_executable.hpp:20[m[K,
[2.050s]                  from [01m[K/opt/ros/galactic/include/rclcpp/memory_strategy.hpp:25[m[K,
[2.050s]                  from [01m[K/opt/ros/galactic/include/rclcpp/memory_strategies.hpp:18[m[K,
[2.050s]                  from [01m[K/opt/ros/galactic/include/rclcpp/executor_options.hpp:20[m[K,
[2.050s]                  from [01m[K/opt/ros/galactic/include/rclcpp/executor.hpp:36[m[K,
[2.050s]                  from [01m[K/opt/ros/galactic/include/rclcpp/executors/multi_threaded_executor.hpp:26[m[K,
[2.050s]                  from [01m[K/opt/ros/galactic/include/rclcpp/executors.hpp:21[m[K,
[2.050s]                  from [01m[K/opt/ros/galactic/include/rclcpp/rclcpp.hpp:156[m[K,
[2.050s]                  from [01m[K/home/a/uav/src/my_uav/src/uav_control_node.cpp:1[m[K:
[2.050s] [01m[K/usr/include/c++/9/iomanip:238:5:[m[K [01;36m[Knote: [m[Kcandidate: ‘[01m[Ktemplate<class _CharT, class _Traits> std::basic_ostream<_CharT, _Traits>& std::operator<<(std::basic_ostream<_CharT, _Traits>&, std::_Setw)[m[K’
[2.050s]   238 |     [01;36m[Koperator[m[K<<(basic_ostream<_CharT, _Traits>& __os, _Setw __f)
[2.050s]       |     [01;36m[K^~~~~~~~[m[K
[2.050s] [01m[K/usr/include/c++/9/iomanip:238:5:[m[K [01;36m[Knote: [m[K  template argument deduction/substitution failed:
[2.050s] [01m[K/home/a/uav/src/my_uav/src/uav_control_node.cpp:17:39:[m[K [01;36m[Knote: [m[K  cannot convert ‘[01m[Kcommands[m[K’ (type ‘[01m[Kstd::vector<std::__cxx11::basic_string<char> >[m[K’) to type ‘[01m[Kstd::_Setw[m[K’
[2.050s]    17 |      std::cout << "指令个数: " << [01;36m[Kcommands[m[K << std::endl;
[2.051s]       |                                       [01;36m[K^~~~~~~~[m[K
[2.051s] In file included from [01m[K/opt/ros/galactic/include/rosidl_runtime_cpp/traits.hpp:19[m[K,
[2.051s]                  from [01m[K/opt/ros/galactic/include/builtin_interfaces/msg/detail/duration__traits.hpp:10[m[K,
[2.051s]                  from [01m[K/opt/ros/galactic/include/builtin_interfaces/msg/duration.hpp:9[m[K,
[2.051s]                  from [01m[K/opt/ros/galactic/include/rclcpp/duration.hpp:20[m[K,
[2.051s]                  from [01m[K/opt/ros/galactic/include/rclcpp/qos.hpp:20[m[K,
[2.051s]                  from [01m[K/opt/ros/galactic/include/rclcpp/node_interfaces/node_graph_interface.hpp:31[m[K,
[2.051s]                  from [01m[K/opt/ros/galactic/include/rclcpp/client.hpp:34[m[K,
[2.051s]                  from [01m[K/opt/ros/galactic/include/rclcpp/callback_group.hpp:23[m[K,
[2.051s]                  from [01m[K/opt/ros/galactic/include/rclcpp/any_executable.hpp:20[m[K,
[2.051s]                  from [01m[K/opt/ros/galactic/include/rclcpp/memory_strategy.hpp:25[m[K,
[2.051s]                  from [01m[K/opt/ros/galactic/include/rclcpp/memory_strategies.hpp:18[m[K,
[2.051s]                  from [01m[K/opt/ros/galactic/include/rclcpp/executor_options.hpp:20[m[K,
[2.051s]                  from [01m[K/opt/ros/galactic/include/rclcpp/executor.hpp:36[m[K,
[2.051s]                  from [01m[K/opt/ros/galactic/include/rclcpp/executors/multi_threaded_executor.hpp:26[m[K,
[2.051s]                  from [01m[K/opt/ros/galactic/include/rclcpp/executors.hpp:21[m[K,
[2.051s]                  from [01m[K/opt/ros/galactic/include/rclcpp/rclcpp.hpp:156[m[K,
[2.051s]                  from [01m[K/home/a/uav/src/my_uav/src/uav_control_node.cpp:1[m[K:
[2.051s] [01m[K/usr/include/c++/9/iomanip:311:5:[m[K [01;36m[Knote: [m[Kcandidate: ‘[01m[Ktemplate<class _CharT, class _Traits, class _MoneyT> std::basic_ostream<_CharT, _Traits>& std::operator<<(std::basic_ostream<_CharT, _Traits>&, std::_Put_money<_MoneyT>)[m[K’
[2.051s]   311 |     [01;36m[Koperator[m[K<<(basic_ostream<_CharT, _Traits>& __os, _Put_money<_MoneyT> __f)
[2.052s]       |     [01;36m[K^~~~~~~~[m[K
[2.052s] [01m[K/usr/include/c++/9/iomanip:311:5:[m[K [01;36m[Knote: [m[K  template argument deduction/substitution failed:
[2.052s] [01m[K/home/a/uav/src/my_uav/src/uav_control_node.cpp:17:39:[m[K [01;36m[Knote: [m[K  ‘[01m[Kstd::vector<std::__cxx11::basic_string<char> >[m[K’ is not derived from ‘[01m[Kstd::_Put_money<_MoneyT>[m[K’
[2.052s]    17 |      std::cout << "指令个数: " << [01;36m[Kcommands[m[K << std::endl;
[2.052s]       |                                       [01;36m[K^~~~~~~~[m[K
[2.052s] In file included from [01m[K/opt/ros/galactic/include/rosidl_runtime_cpp/traits.hpp:19[m[K,
[2.052s]                  from [01m[K/opt/ros/galactic/include/builtin_interfaces/msg/detail/duration__traits.hpp:10[m[K,
[2.052s]                  from [01m[K/opt/ros/galactic/include/builtin_interfaces/msg/duration.hpp:9[m[K,
[2.052s]                  from [01m[K/opt/ros/galactic/include/rclcpp/duration.hpp:20[m[K,
[2.052s]                  from [01m[K/opt/ros/galactic/include/rclcpp/qos.hpp:20[m[K,
[2.052s]                  from [01m[K/opt/ros/galactic/include/rclcpp/node_interfaces/node_graph_interface.hpp:31[m[K,
[2.052s]                  from [01m[K/opt/ros/galactic/include/rclcpp/client.hpp:34[m[K,
[2.052s]                  from [01m[K/opt/ros/galactic/include/rclcpp/callback_group.hpp:23[m[K,
[2.052s]                  from [01m[K/opt/ros/galactic/include/rclcpp/any_executable.hpp:20[m[K,
[2.052s]                  from [01m[K/opt/ros/galactic/include/rclcpp/memory_strategy.hpp:25[m[K,
[2.052s]                  from [01m[K/opt/ros/galactic/include/rclcpp/memory_strategies.hpp:18[m[K,
[2.052s]                  from [01m[K/opt/ros/galactic/include/rclcpp/executor_options.hpp:20[m[K,
[2.052s]                  from [01m[K/opt/ros/galactic/include/rclcpp/executor.hpp:36[m[K,
[2.052s]                  from [01m[K/opt/ros/galactic/include/rclcpp/executors/multi_threaded_executor.hpp:26[m[K,
[2.053s]                  from [01m[K/opt/ros/galactic/include/rclcpp/executors.hpp:21[m[K,
[2.053s]                  from [01m[K/opt/ros/galactic/include/rclcpp/rclcpp.hpp:156[m[K,
[2.053s]                  from [01m[K/home/a/uav/src/my_uav/src/uav_control_node.cpp:1[m[K:
[2.053s] [01m[K/usr/include/c++/9/iomanip:363:5:[m[K [01;36m[Knote: [m[Kcandidate: ‘[01m[Ktemplate<class _CharT, class _Traits> std::basic_ostream<_CharT, _Traits>& std::operator<<(std::basic_ostream<_CharT, _Traits>&, std::_Put_time<_CharT>)[m[K’
[2.053s]   363 |     [01;36m[Koperator[m[K<<(basic_ostream<_CharT, _Traits>& __os, _Put_time<_CharT> __f)
[2.053s]       |     [01;36m[K^~~~~~~~[m[K
[2.053s] [01m[K/usr/include/c++/9/iomanip:363:5:[m[K [01;36m[Knote: [m[K  template argument deduction/substitution failed:
[2.053s] [01m[K/home/a/uav/src/my_uav/src/uav_control_node.cpp:17:39:[m[K [01;36m[Knote: [m[K  ‘[01m[Kstd::vector<std::__cxx11::basic_string<char> >[m[K’ is not derived from ‘[01m[Kstd::_Put_time<_CharT>[m[K’
[2.053s]    17 |      std::cout << "指令个数: " << [01;36m[Kcommands[m[K << std::endl;
[2.054s]       |                                       [01;36m[K^~~~~~~~[m[K
[2.054s] In file included from [01m[K/opt/ros/galactic/include/rclcpp/experimental/buffers/ring_buffer_implementation.hpp:19[m[K,
[2.054s]                  from [01m[K/opt/ros/galactic/include/rclcpp/experimental/create_intra_process_buffer.hpp:25[m[K,
[2.054s]                  from [01m[K/opt/ros/galactic/include/rclcpp/experimental/subscription_intra_process.hpp:31[m[K,
[2.054s]                  from [01m[K/opt/ros/galactic/include/rclcpp/experimental/intra_process_manager.hpp:34[m[K,
[2.054s]                  from [01m[K/opt/ros/galactic/include/rclcpp/subscription_base.hpp:30[m[K,
[2.054s]                  from [01m[K/opt/ros/galactic/include/rclcpp/callback_group.hpp:26[m[K,
[2.054s]                  from [01m[K/opt/ros/galactic/include/rclcpp/any_executable.hpp:20[m[K,
[2.054s]                  from [01m[K/opt/ros/galactic/include/rclcpp/memory_strategy.hpp:25[m[K,
[2.054s]                  from [01m[K/opt/ros/galactic/include/rclcpp/memory_strategies.hpp:18[m[K,
[2.055s]                  from [01m[K/opt/ros/galactic/include/rclcpp/executor_options.hpp:20[m[K,
[2.055s]                  from [01m[K/opt/ros/galactic/include/rclcpp/executor.hpp:36[m[K,
[2.055s]                  from [01m[K/opt/ros/galactic/include/rclcpp/executors/multi_threaded_executor.hpp:26[m[K,
[2.055s]                  from [01m[K/opt/ros/galactic/include/rclcpp/executors.hpp:21[m[K,
[2.055s]                  from [01m[K/opt/ros/galactic/include/rclcpp/rclcpp.hpp:156[m[K,
[2.055s]                  from [01m[K/home/a/uav/src/my_uav/src/uav_control_node.cpp:1[m[K:
[2.055s] [01m[K/usr/include/c++/9/cstddef:130:5:[m[K [01;36m[Knote: [m[Kcandidate: ‘[01m[Ktemplate<class _IntegerType> constexpr std::__byte_op_t<_IntegerType> std::operator<<(std::byte, _IntegerType)[m[K’
[2.055s]   130 |     [01;36m[Koperator[m[K<<(byte __b, _IntegerType __shift) noexcept
[2.055s]       |     [01;36m[K^~~~~~~~[m[K
[2.055s] [01m[K/usr/include/c++/9/cstddef:130:5:[m[K [01;36m[Knote: [m[K  template argument deduction/substitution failed:
[2.056s] [01m[K/home/a/uav/src/my_uav/src/uav_control_node.cpp:17:16:[m[K [01;36m[Knote: [m[K  cannot convert ‘[01m[Kstd::operator<< <std::char_traits<char> >(std::cout, ((const char*)"\37777777746\37777777614\37777777607\37777777744\37777777673\37777777644\37777777744\37777777670\37777777652\37777777746\37777777625\37777777660: "))[m[K’ (type ‘[01m[Kstd::basic_ostream<char>[m[K’) to type ‘[01m[Kstd::byte[m[K’
[2.056s]    17 |      [01;36m[Kstd::cout << "指令个数: "[m[K << commands << std::endl;
[2.056s]       |      [01;36m[K~~~~~~~~~~^~~~~~~~~~~~~~~~~~~[m[K
[2.809s] make[2]: *** [CMakeFiles/uav_control_node.dir/build.make:63：CMakeFiles/uav_control_node.dir/src/uav_control_node.cpp.o] 错误 1
[2.809s] make[1]: *** [CMakeFiles/Makefile2:152：CMakeFiles/uav_control_node.dir/all] 错误 2
[2.813s] make: *** [Makefile:141：all] 错误 2
[2.813s] Invoked command in '/home/a/uav/build/my_uav' returned '2': /usr/bin/cmake --build /home/a/uav/build/my_uav -- -j2 -l2
