[0.009s] Invoking command in '/home/a/uav/build/my_uav': /usr/bin/cmake --build /home/a/uav/build/my_uav -- -j2 -l2
[0.061s] [  9%] Built target uav_control_node
[0.074s] [ 18%] Built target image_sub
[0.086s] [ 27%] Built target internlm_m_node
[0.104s] [ 36%] Built target internvl
[0.117s] [35m[1mScanning dependencies of target internvl_p[0m
[0.122s] [ 45%] Built target internlm_m_listener
[0.161s] [ 59%] Built target internvl_listener
[0.161s] [ 59%] [32mBuilding CXX object CMakeFiles/internvl_p.dir/src/internvl_p.cpp.o[0m
[0.192s] [ 68%] Built target gps_sub
[0.221s] [ 77%] Built target ray_sub
[0.249s] [ 86%] Built target camera_listener
[0.278s] [ 95%] Built target ray_listener
[14.804s] [100%] [32m[1mLinking CXX executable internvl_p[0m
[16.020s] [100%] Built target internvl_p
[16.031s] Invoked command in '/home/a/uav/build/my_uav' returned '0': /usr/bin/cmake --build /home/a/uav/build/my_uav -- -j2 -l2
[16.044s] Invoking command in '/home/a/uav/build/my_uav': /usr/bin/cmake --install /home/a/uav/build/my_uav
[16.052s] -- Install configuration: ""
[16.052s] -- Up-to-date: /home/a/uav/install/my_uav/share/my_uav/launch
[16.053s] -- Up-to-date: /home/a/uav/install/my_uav/share/my_uav/launch/sitl.launch
[16.053s] -- Up-to-date: /home/a/uav/install/my_uav/share/my_uav/launch/p450.py
[16.053s] -- Up-to-date: /home/a/uav/install/my_uav/share/my_uav/launch/gz_launch.py
[16.053s] -- Up-to-date: /home/a/uav/install/my_uav/share/my_uav/launch/cam_sub.launch.py
[16.053s] -- Up-to-date: /home/a/uav/install/my_uav/share/my_uav/models
[16.053s] -- Up-to-date: /home/a/uav/install/my_uav/share/my_uav/models/p450_2Dlidar_depth
[16.053s] -- Up-to-date: /home/a/uav/install/my_uav/share/my_uav/models/p450_2Dlidar_depth/p450_2Dlidar_depth_3.sdf.last_generated
[16.053s] -- Up-to-date: /home/a/uav/install/my_uav/share/my_uav/models/p450_2Dlidar_depth/p450_2Dlidar_depth_2.sdf.last_generated
[16.053s] -- Up-to-date: /home/a/uav/install/my_uav/share/my_uav/models/p450_2Dlidar_depth/p450_2Dlidar_depth_1.sdf.last_generated
[16.054s] -- Up-to-date: /home/a/uav/install/my_uav/share/my_uav/models/p450_2Dlidar_depth/p450_2Dlidar_depth_0.sdf
[16.054s] -- Up-to-date: /home/a/uav/install/my_uav/share/my_uav/models/p450_2Dlidar_depth/p450_2Dlidar_depth_0.sdf.last_generated
[16.054s] -- Up-to-date: /home/a/uav/install/my_uav/share/my_uav/models/p450_2Dlidar_depth/p450_2Dlidar_depth_1.sdf
[16.054s] -- Up-to-date: /home/a/uav/install/my_uav/share/my_uav/models/p450_2Dlidar_depth/model.config
[16.054s] -- Up-to-date: /home/a/uav/install/my_uav/share/my_uav/models/p450_2Dlidar_depth/p450_2Dlidar_depth.sdf
[16.054s] -- Up-to-date: /home/a/uav/install/my_uav/share/my_uav/models/p450_2Dlidar_depth/p450_2Dlidar_depth_3.sdf
[16.054s] -- Up-to-date: /home/a/uav/install/my_uav/share/my_uav/models/p450_2Dlidar_depth/p450_2Dlidar_depth_-m.sdf
[16.054s] -- Up-to-date: /home/a/uav/install/my_uav/share/my_uav/models/p450_2Dlidar_depth/p450_2Dlidar_depth_2.sdf
[16.054s] -- Up-to-date: /home/a/uav/install/my_uav/share/my_uav/models/p450_2Dlidar_depth/p450_2Dlidar_depth_-m.sdf.last_generated
[16.054s] -- Up-to-date: /home/a/uav/install/my_uav/share/my_uav/models/p450
[16.054s] -- Up-to-date: /home/a/uav/install/my_uav/share/my_uav/models/p450/p450_1.sdf
[16.054s] -- Up-to-date: /home/a/uav/install/my_uav/share/my_uav/models/p450/p450_2.sdf.last_generated
[16.054s] -- Up-to-date: /home/a/uav/install/my_uav/share/my_uav/models/p450/p450.sdf.jinja
[16.054s] -- Up-to-date: /home/a/uav/install/my_uav/share/my_uav/models/p450/p450_1.sdf.last_generated
[16.054s] -- Up-to-date: /home/a/uav/install/my_uav/share/my_uav/models/p450/model.config
[16.054s] -- Up-to-date: /home/a/uav/install/my_uav/share/my_uav/models/p450/p450_2.sdf
[16.054s] -- Up-to-date: /home/a/uav/install/my_uav/share/my_uav/models/p450/meshes
[16.054s] -- Up-to-date: /home/a/uav/install/my_uav/share/my_uav/models/p450/meshes/p450_ccw.stl
[16.054s] -- Up-to-date: /home/a/uav/install/my_uav/share/my_uav/models/p450/meshes/p450.stl
[16.054s] -- Up-to-date: /home/a/uav/install/my_uav/share/my_uav/models/p450/meshes/p450_cw.stl
[16.054s] -- Up-to-date: /home/a/uav/install/my_uav/share/my_uav/models/p450/p450.sdf
[16.054s] -- Up-to-date: /home/a/uav/install/my_uav/share/my_uav/models/hokuyo_ust_20lx
[16.054s] -- Up-to-date: /home/a/uav/install/my_uav/share/my_uav/models/hokuyo_ust_20lx/hokuyo_ust_20lx.sdf
[16.055s] -- Up-to-date: /home/a/uav/install/my_uav/share/my_uav/models/hokuyo_ust_20lx/hokuyo_ust_20lx_2.sdf.last_generated
[16.055s] -- Up-to-date: /home/a/uav/install/my_uav/share/my_uav/models/hokuyo_ust_20lx/model.config
[16.055s] -- Up-to-date: /home/a/uav/install/my_uav/share/my_uav/models/hokuyo_ust_20lx/hokuyo_ust_20lx_2.sdf
[16.055s] -- Up-to-date: /home/a/uav/install/my_uav/share/my_uav/models/hokuyo_ust_20lx/hokuyo_ust_20lx_1.sdf
[16.055s] -- Up-to-date: /home/a/uav/install/my_uav/share/my_uav/models/hokuyo_ust_20lx/hokuyo_ust_20lx_1.sdf.last_generated
[16.055s] -- Up-to-date: /home/a/uav/install/my_uav/share/my_uav/models/p450_hokuyo_2Dlidar
[16.055s] -- Up-to-date: /home/a/uav/install/my_uav/share/my_uav/models/p450_hokuyo_2Dlidar/p450_hokuyo_2Dlidar.sdf
[16.055s] -- Up-to-date: /home/a/uav/install/my_uav/share/my_uav/models/p450_hokuyo_2Dlidar/model.config
[16.055s] -- Up-to-date: /home/a/uav/install/my_uav/share/my_uav/models/depth
[16.055s] -- Up-to-date: /home/a/uav/install/my_uav/share/my_uav/models/depth/model.config
[16.055s] -- Up-to-date: /home/a/uav/install/my_uav/share/my_uav/models/depth/depth.sdf
[16.055s] -- Up-to-date: /home/a/uav/install/my_uav/share/my_uav/models/D435i
[16.055s] -- Up-to-date: /home/a/uav/install/my_uav/share/my_uav/models/D435i/materials
[16.055s] -- Up-to-date: /home/a/uav/install/my_uav/share/my_uav/models/D435i/materials/textures
[16.055s] -- Up-to-date: /home/a/uav/install/my_uav/share/my_uav/models/D435i/materials/textures/realsense_diffuse.png
[16.055s] -- Up-to-date: /home/a/uav/install/my_uav/share/my_uav/models/D435i/model.config
[16.055s] -- Up-to-date: /home/a/uav/install/my_uav/share/my_uav/models/D435i/D435i.sdf
[16.055s] -- Up-to-date: /home/a/uav/install/my_uav/share/my_uav/models/D435i/meshes
[16.055s] -- Up-to-date: /home/a/uav/install/my_uav/share/my_uav/models/D435i/meshes/realsense_d435.stl
[16.055s] -- Up-to-date: /home/a/uav/install/my_uav/share/my_uav/models/D435i/meshes/D435i.dae
[16.055s] -- Up-to-date: /home/a/uav/install/my_uav/share/my_uav/models/p450_depth
[16.055s] -- Up-to-date: /home/a/uav/install/my_uav/share/my_uav/models/p450_depth/model.config
[16.055s] -- Up-to-date: /home/a/uav/install/my_uav/share/my_uav/models/p450_depth/p450_depth.sdf
[16.055s] -- Up-to-date: /home/a/uav/install/my_uav/share/my_uav/worlds
[16.056s] -- Up-to-date: /home/a/uav/install/my_uav/share/my_uav/worlds/leida.world
[16.056s] -- Up-to-date: /home/a/uav/install/my_uav/share/my_uav/worlds/my.world
[16.056s] -- Up-to-date: /home/a/uav/install/my_uav/share/my_uav/worlds/baylands.world
[16.056s] -- Up-to-date: /home/a/uav/install/my_uav/share/my_uav/worlds/safe_landing.world
[16.056s] -- Up-to-date: /home/a/uav/install/my_uav/share/my_uav/worlds/yosemite.world
[16.056s] -- Up-to-date: /home/a/uav/install/my_uav/share/my_uav/worlds/mcmillan_airfield.world
[16.056s] -- Up-to-date: /home/a/uav/install/my_uav/share/my_uav/worlds/cam.world
[16.056s] -- Up-to-date: /home/a/uav/install/my_uav/share/my_uav/worlds/sonoma_raceway.world
[16.056s] -- Up-to-date: /home/a/uav/install/my_uav/share/my_uav/worlds/empty_world.world
[16.056s] -- Up-to-date: /home/a/uav/install/my_uav/lib/my_uav/my_python_node.py
[16.056s] -- Up-to-date: /home/a/uav/install/my_uav/lib/my_uav/uav_control_node
[16.056s] -- Up-to-date: /home/a/uav/install/my_uav/lib/my_uav/internlm_m_node
[16.056s] -- Up-to-date: /home/a/uav/install/my_uav/lib/my_uav/internvl
[16.056s] -- Up-to-date: /home/a/uav/install/my_uav/lib/my_uav/internlm_m_listener
[16.056s] -- Up-to-date: /home/a/uav/install/my_uav/lib/my_uav/internvl_listener
[16.056s] -- Installing: /home/a/uav/install/my_uav/lib/my_uav/internvl_p
[16.063s] -- Set runtime path of "/home/a/uav/install/my_uav/lib/my_uav/internvl_p" to ""
[16.063s] -- Up-to-date: /home/a/uav/install/my_uav/lib/my_uav/image_sub
[16.064s] -- Up-to-date: /home/a/uav/install/my_uav/lib/my_uav/gps_sub
[16.064s] -- Up-to-date: /home/a/uav/install/my_uav/lib/my_uav/ray_sub
[16.064s] -- Up-to-date: /home/a/uav/install/my_uav/lib/my_uav/camera_listener
[16.065s] -- Up-to-date: /home/a/uav/install/my_uav/lib/my_uav/ray_listener
[16.065s] -- Up-to-date: /home/a/uav/install/my_uav/share/ament_index/resource_index/package_run_dependencies/my_uav
[16.065s] -- Up-to-date: /home/a/uav/install/my_uav/share/ament_index/resource_index/parent_prefix_path/my_uav
[16.065s] -- Up-to-date: /home/a/uav/install/my_uav/share/my_uav/environment/ament_prefix_path.sh
[16.066s] -- Up-to-date: /home/a/uav/install/my_uav/share/my_uav/environment/ament_prefix_path.dsv
[16.066s] -- Up-to-date: /home/a/uav/install/my_uav/share/my_uav/environment/path.sh
[16.066s] -- Up-to-date: /home/a/uav/install/my_uav/share/my_uav/environment/path.dsv
[16.066s] -- Up-to-date: /home/a/uav/install/my_uav/share/my_uav/local_setup.bash
[16.066s] -- Up-to-date: /home/a/uav/install/my_uav/share/my_uav/local_setup.sh
[16.066s] -- Up-to-date: /home/a/uav/install/my_uav/share/my_uav/local_setup.zsh
[16.066s] -- Up-to-date: /home/a/uav/install/my_uav/share/my_uav/local_setup.dsv
[16.066s] -- Installing: /home/a/uav/install/my_uav/share/my_uav/package.dsv
[16.066s] -- Up-to-date: /home/a/uav/install/my_uav/share/ament_index/resource_index/packages/my_uav
[16.066s] -- Up-to-date: /home/a/uav/install/my_uav/share/my_uav/cmake/my_uavConfig.cmake
[16.066s] -- Up-to-date: /home/a/uav/install/my_uav/share/my_uav/cmake/my_uavConfig-version.cmake
[16.066s] -- Up-to-date: /home/a/uav/install/my_uav/share/my_uav/package.xml
[16.068s] Invoked command in '/home/a/uav/build/my_uav' returned '0': /usr/bin/cmake --install /home/a/uav/build/my_uav
