[0.135s] DEBUG:colcon:Command line arguments: ['/usr/bin/colcon', 'build']
[0.135s] DEBUG:colcon:Parsed command line arguments: Namespace(allow_overriding=[], ament_cmake_args=None, base_paths=['.'], build_base='build', catkin_cmake_args=None, catkin_skip_building_tests=False, cmake_args=None, cmake_clean_cache=False, cmake_clean_first=False, cmake_force_configure=False, cmake_target=None, cmake_target_skip_unavailable=False, continue_on_error=False, event_handlers=None, executor='parallel', ignore_user_meta=False, install_base='install', log_base=None, log_level=None, main=<bound method BuildVerb.main of <colcon_core.verb.build.BuildVerb object at 0x7fa2ac7234c0>>, merge_install=False, metas=['./colcon.meta'], packages_above=None, packages_above_and_dependencies=None, packages_above_depth=None, packages_end=None, packages_ignore=None, packages_ignore_regex=None, packages_select=None, packages_select_build_failed=False, packages_select_by_dep=None, packages_select_regex=None, packages_select_test_failures=False, packages_skip=None, packages_skip_build_finished=False, packages_skip_by_dep=None, packages_skip_regex=None, packages_skip_test_passed=False, packages_skip_up_to=None, packages_start=None, packages_up_to=None, packages_up_to_regex=None, parallel_workers=2, paths=None, symlink_install=False, test_result_base=None, verb_extension=<colcon_core.verb.build.BuildVerb object at 0x7fa2ac7234c0>, verb_name='build', verb_parser=<colcon_defaults.argument_parser.defaults.DefaultArgumentsDecorator object at 0x7fa2ac736130>)
[0.246s] Level 1:colcon.colcon_core.package_discovery:discover_packages(colcon_meta) check parameters
[0.246s] Level 1:colcon.colcon_core.package_discovery:discover_packages(recursive) check parameters
[0.246s] Level 1:colcon.colcon_core.package_discovery:discover_packages(ignore) check parameters
[0.246s] Level 1:colcon.colcon_core.package_discovery:discover_packages(path) check parameters
[0.246s] Level 1:colcon.colcon_core.package_discovery:discover_packages(colcon_meta) discover
[0.246s] Level 1:colcon.colcon_core.package_discovery:discover_packages(recursive) discover
[0.246s] INFO:colcon.colcon_core.package_discovery:Crawling recursively for packages in '/home/a/uav'
[0.246s] Level 1:colcon.colcon_core.package_identification:_identify(.) by extensions ['ignore', 'ignore_ament_install']
[0.246s] Level 1:colcon.colcon_core.package_identification:_identify(.) by extension 'ignore'
[0.246s] Level 1:colcon.colcon_core.package_identification:_identify(.) by extension 'ignore_ament_install'
[0.246s] Level 1:colcon.colcon_core.package_identification:_identify(.) by extensions ['colcon_pkg']
[0.246s] Level 1:colcon.colcon_core.package_identification:_identify(.) by extension 'colcon_pkg'
[0.246s] Level 1:colcon.colcon_core.package_identification:_identify(.) by extensions ['colcon_meta']
[0.246s] Level 1:colcon.colcon_core.package_identification:_identify(.) by extension 'colcon_meta'
[0.246s] Level 1:colcon.colcon_core.package_identification:_identify(.) by extensions ['ros']
[0.246s] Level 1:colcon.colcon_core.package_identification:_identify(.) by extension 'ros'
[0.255s] Level 1:colcon.colcon_core.package_identification:_identify(.) by extensions ['cmake', 'python']
[0.255s] Level 1:colcon.colcon_core.package_identification:_identify(.) by extension 'cmake'
[0.255s] Level 1:colcon.colcon_core.package_identification:_identify(.) by extension 'python'
[0.255s] Level 1:colcon.colcon_core.package_identification:_identify(.) by extensions ['python_setup_py']
[0.256s] Level 1:colcon.colcon_core.package_identification:_identify(.) by extension 'python_setup_py'
[0.256s] Level 1:colcon.colcon_core.package_identification:_identify(build) by extensions ['ignore', 'ignore_ament_install']
[0.256s] Level 1:colcon.colcon_core.package_identification:_identify(build) by extension 'ignore'
[0.256s] Level 1:colcon.colcon_core.package_identification:_identify(build) ignored
[0.256s] Level 1:colcon.colcon_core.package_identification:_identify(install) by extensions ['ignore', 'ignore_ament_install']
[0.256s] Level 1:colcon.colcon_core.package_identification:_identify(install) by extension 'ignore'
[0.256s] Level 1:colcon.colcon_core.package_identification:_identify(install) ignored
[0.256s] Level 1:colcon.colcon_core.package_identification:_identify(log) by extensions ['ignore', 'ignore_ament_install']
[0.256s] Level 1:colcon.colcon_core.package_identification:_identify(log) by extension 'ignore'
[0.256s] Level 1:colcon.colcon_core.package_identification:_identify(log) ignored
[0.256s] Level 1:colcon.colcon_core.package_identification:_identify(src) by extensions ['ignore', 'ignore_ament_install']
[0.256s] Level 1:colcon.colcon_core.package_identification:_identify(src) by extension 'ignore'
[0.256s] Level 1:colcon.colcon_core.package_identification:_identify(src) by extension 'ignore_ament_install'
[0.256s] Level 1:colcon.colcon_core.package_identification:_identify(src) by extensions ['colcon_pkg']
[0.256s] Level 1:colcon.colcon_core.package_identification:_identify(src) by extension 'colcon_pkg'
[0.256s] Level 1:colcon.colcon_core.package_identification:_identify(src) by extensions ['colcon_meta']
[0.256s] Level 1:colcon.colcon_core.package_identification:_identify(src) by extension 'colcon_meta'
[0.256s] Level 1:colcon.colcon_core.package_identification:_identify(src) by extensions ['ros']
[0.256s] Level 1:colcon.colcon_core.package_identification:_identify(src) by extension 'ros'
[0.257s] Level 1:colcon.colcon_core.package_identification:_identify(src) by extensions ['cmake', 'python']
[0.257s] Level 1:colcon.colcon_core.package_identification:_identify(src) by extension 'cmake'
[0.257s] Level 1:colcon.colcon_core.package_identification:_identify(src) by extension 'python'
[0.257s] Level 1:colcon.colcon_core.package_identification:_identify(src) by extensions ['python_setup_py']
[0.257s] Level 1:colcon.colcon_core.package_identification:_identify(src) by extension 'python_setup_py'
[0.257s] Level 1:colcon.colcon_core.package_identification:_identify(src/my_uav) by extensions ['ignore', 'ignore_ament_install']
[0.257s] Level 1:colcon.colcon_core.package_identification:_identify(src/my_uav) by extension 'ignore'
[0.257s] Level 1:colcon.colcon_core.package_identification:_identify(src/my_uav) by extension 'ignore_ament_install'
[0.257s] Level 1:colcon.colcon_core.package_identification:_identify(src/my_uav) by extensions ['colcon_pkg']
[0.257s] Level 1:colcon.colcon_core.package_identification:_identify(src/my_uav) by extension 'colcon_pkg'
[0.257s] Level 1:colcon.colcon_core.package_identification:_identify(src/my_uav) by extensions ['colcon_meta']
[0.257s] Level 1:colcon.colcon_core.package_identification:_identify(src/my_uav) by extension 'colcon_meta'
[0.257s] Level 1:colcon.colcon_core.package_identification:_identify(src/my_uav) by extensions ['ros']
[0.257s] Level 1:colcon.colcon_core.package_identification:_identify(src/my_uav) by extension 'ros'
[0.259s] DEBUG:colcon.colcon_core.package_identification:Package 'src/my_uav' with type 'ros.ament_cmake' and name 'my_uav'
[0.259s] Level 1:colcon.colcon_core.package_discovery:discover_packages(recursive) using defaults
[0.259s] Level 1:colcon.colcon_core.package_discovery:discover_packages(ignore) discover
[0.259s] Level 1:colcon.colcon_core.package_discovery:discover_packages(ignore) using defaults
[0.259s] Level 1:colcon.colcon_core.package_discovery:discover_packages(path) discover
[0.259s] Level 1:colcon.colcon_core.package_discovery:discover_packages(path) using defaults
[0.272s] Level 1:colcon.colcon_core.package_discovery:discover_packages(prefix_path) check parameters
[0.272s] Level 1:colcon.colcon_core.package_discovery:discover_packages(prefix_path) discover
[0.273s] Level 1:colcon.colcon_core.package_discovery:discover_packages(prefix_path) using defaults
[0.273s] Level 5:colcon.colcon_core.verb:set package 'my_uav' build argument 'cmake_args' from command line to 'None'
[0.273s] Level 5:colcon.colcon_core.verb:set package 'my_uav' build argument 'cmake_target' from command line to 'None'
[0.273s] Level 5:colcon.colcon_core.verb:set package 'my_uav' build argument 'cmake_target_skip_unavailable' from command line to 'False'
[0.273s] Level 5:colcon.colcon_core.verb:set package 'my_uav' build argument 'cmake_clean_cache' from command line to 'False'
[0.273s] Level 5:colcon.colcon_core.verb:set package 'my_uav' build argument 'cmake_clean_first' from command line to 'False'
[0.274s] Level 5:colcon.colcon_core.verb:set package 'my_uav' build argument 'cmake_force_configure' from command line to 'False'
[0.274s] Level 5:colcon.colcon_core.verb:set package 'my_uav' build argument 'ament_cmake_args' from command line to 'None'
[0.274s] Level 5:colcon.colcon_core.verb:set package 'my_uav' build argument 'catkin_cmake_args' from command line to 'None'
[0.274s] Level 5:colcon.colcon_core.verb:set package 'my_uav' build argument 'catkin_skip_building_tests' from command line to 'False'
[0.274s] DEBUG:colcon.colcon_core.verb:Building package 'my_uav' with the following arguments: {'ament_cmake_args': None, 'build_base': '/home/a/uav/build/my_uav', 'catkin_cmake_args': None, 'catkin_skip_building_tests': False, 'cmake_args': None, 'cmake_clean_cache': False, 'cmake_clean_first': False, 'cmake_force_configure': False, 'cmake_target': None, 'cmake_target_skip_unavailable': False, 'install_base': '/home/a/uav/install/my_uav', 'merge_install': False, 'path': '/home/a/uav/src/my_uav', 'symlink_install': False, 'test_result_base': None}
[0.274s] INFO:colcon.colcon_core.executor:Executing jobs using 'parallel' executor
[0.275s] DEBUG:colcon.colcon_parallel_executor.executor.parallel:run_until_complete
[0.275s] INFO:colcon.colcon_ros.task.ament_cmake.build:Building ROS package in '/home/a/uav/src/my_uav' with build type 'ament_cmake'
[0.275s] INFO:colcon.colcon_cmake.task.cmake.build:Building CMake package in '/home/a/uav/src/my_uav'
[0.277s] INFO:colcon.colcon_core.plugin_system:Skipping extension 'colcon_core.shell.bat': Not used on non-Windows systems
[0.277s] INFO:colcon.colcon_core.shell:Skip shell extension 'powershell' for command environment: Not usable outside of PowerShell
[0.277s] DEBUG:colcon.colcon_core.shell:Skip shell extension 'dsv' for command environment
[0.289s] DEBUG:colcon.colcon_core.event_handler.log_command:Invoking command in '/home/a/uav/build/my_uav': /usr/bin/cmake --build /home/a/uav/build/my_uav -- -j2 -l2
[0.508s] DEBUG:colcon.colcon_core.event_handler.log_command:Invoked command in '/home/a/uav/build/my_uav' returned '0': /usr/bin/cmake --build /home/a/uav/build/my_uav -- -j2 -l2
[0.517s] DEBUG:colcon.colcon_core.event_handler.log_command:Invoking command in '/home/a/uav/build/my_uav': /usr/bin/cmake --install /home/a/uav/build/my_uav
[0.545s] Level 1:colcon.colcon_core.environment:create_environment_scripts_only(my_uav)
[0.545s] DEBUG:colcon.colcon_core.event_handler.log_command:Invoked command in '/home/a/uav/build/my_uav' returned '0': /usr/bin/cmake --install /home/a/uav/build/my_uav
[0.547s] Level 1:colcon.colcon_core.environment:checking '/home/a/uav/install/my_uav' for CMake module files
[0.547s] Level 1:colcon.colcon_core.environment:checking '/home/a/uav/install/my_uav' for CMake config files
[0.548s] Level 1:colcon.colcon_core.shell:create_environment_hook('my_uav', 'cmake_prefix_path')
[0.548s] INFO:colcon.colcon_core.shell:Creating environment hook '/home/a/uav/install/my_uav/share/my_uav/hook/cmake_prefix_path.ps1'
[0.548s] INFO:colcon.colcon_core.shell:Creating environment descriptor '/home/a/uav/install/my_uav/share/my_uav/hook/cmake_prefix_path.dsv'
[0.549s] INFO:colcon.colcon_core.shell:Creating environment hook '/home/a/uav/install/my_uav/share/my_uav/hook/cmake_prefix_path.sh'
[0.550s] Level 1:colcon.colcon_core.environment:checking '/home/a/uav/install/my_uav/lib'
[0.550s] Level 1:colcon.colcon_core.environment:checking '/home/a/uav/install/my_uav/bin'
[0.550s] Level 1:colcon.colcon_core.environment:checking '/home/a/uav/install/my_uav/lib/pkgconfig/my_uav.pc'
[0.551s] Level 1:colcon.colcon_core.environment:checking '/home/a/uav/install/my_uav/lib/python3.8/site-packages'
[0.551s] Level 1:colcon.colcon_core.environment:checking '/home/a/uav/install/my_uav/bin'
[0.552s] INFO:colcon.colcon_core.shell:Creating package script '/home/a/uav/install/my_uav/share/my_uav/package.ps1'
[0.553s] INFO:colcon.colcon_core.shell:Creating package descriptor '/home/a/uav/install/my_uav/share/my_uav/package.dsv'
[0.553s] INFO:colcon.colcon_core.shell:Creating package script '/home/a/uav/install/my_uav/share/my_uav/package.sh'
[0.554s] INFO:colcon.colcon_core.shell:Creating package script '/home/a/uav/install/my_uav/share/my_uav/package.bash'
[0.555s] INFO:colcon.colcon_core.shell:Creating package script '/home/a/uav/install/my_uav/share/my_uav/package.zsh'
[0.555s] Level 1:colcon.colcon_core.environment:create_file_with_runtime_dependencies(/home/a/uav/install/my_uav/share/colcon-core/packages/my_uav)
[0.556s] Level 1:colcon.colcon_core.environment:create_environment_scripts_only(my_uav)
[0.556s] Level 1:colcon.colcon_core.environment:checking '/home/a/uav/install/my_uav' for CMake module files
[0.557s] Level 1:colcon.colcon_core.environment:checking '/home/a/uav/install/my_uav' for CMake config files
[0.557s] Level 1:colcon.colcon_core.shell:create_environment_hook('my_uav', 'cmake_prefix_path')
[0.557s] INFO:colcon.colcon_core.shell:Creating environment hook '/home/a/uav/install/my_uav/share/my_uav/hook/cmake_prefix_path.ps1'
[0.557s] INFO:colcon.colcon_core.shell:Creating environment descriptor '/home/a/uav/install/my_uav/share/my_uav/hook/cmake_prefix_path.dsv'
[0.557s] INFO:colcon.colcon_core.shell:Creating environment hook '/home/a/uav/install/my_uav/share/my_uav/hook/cmake_prefix_path.sh'
[0.558s] Level 1:colcon.colcon_core.environment:checking '/home/a/uav/install/my_uav/lib'
[0.558s] Level 1:colcon.colcon_core.environment:checking '/home/a/uav/install/my_uav/bin'
[0.558s] Level 1:colcon.colcon_core.environment:checking '/home/a/uav/install/my_uav/lib/pkgconfig/my_uav.pc'
[0.558s] Level 1:colcon.colcon_core.environment:checking '/home/a/uav/install/my_uav/lib/python3.8/site-packages'
[0.559s] Level 1:colcon.colcon_core.environment:checking '/home/a/uav/install/my_uav/bin'
[0.559s] INFO:colcon.colcon_core.shell:Creating package script '/home/a/uav/install/my_uav/share/my_uav/package.ps1'
[0.560s] INFO:colcon.colcon_core.shell:Creating package descriptor '/home/a/uav/install/my_uav/share/my_uav/package.dsv'
[0.561s] INFO:colcon.colcon_core.shell:Creating package script '/home/a/uav/install/my_uav/share/my_uav/package.sh'
[0.561s] INFO:colcon.colcon_core.shell:Creating package script '/home/a/uav/install/my_uav/share/my_uav/package.bash'
[0.562s] INFO:colcon.colcon_core.shell:Creating package script '/home/a/uav/install/my_uav/share/my_uav/package.zsh'
[0.563s] Level 1:colcon.colcon_core.environment:create_file_with_runtime_dependencies(/home/a/uav/install/my_uav/share/colcon-core/packages/my_uav)
[0.564s] DEBUG:colcon.colcon_parallel_executor.executor.parallel:closing loop
[0.564s] DEBUG:colcon.colcon_parallel_executor.executor.parallel:loop closed
[0.564s] DEBUG:colcon.colcon_parallel_executor.executor.parallel:run_until_complete finished with '0'
[0.565s] DEBUG:colcon.colcon_core.event_reactor:joining thread
[0.573s] INFO:colcon.colcon_core.plugin_system:Skipping extension 'colcon_notification.desktop_notification.terminal_notifier': Not used on non-Darwin systems
[0.573s] INFO:colcon.colcon_core.plugin_system:Skipping extension 'colcon_notification.desktop_notification.win32': Not used on non-Windows systems
[0.574s] INFO:colcon.colcon_notification.desktop_notification:Sending desktop notification using 'notify2'
[0.585s] DEBUG:colcon.colcon_notification.desktop_notification.notify2:Failed to initialize notify2: org.freedesktop.DBus.Error.ServiceUnknown: The name org.freedesktop.Notifications was not provided by any .service files
[0.585s] DEBUG:colcon.colcon_core.event_reactor:joined thread
[0.586s] INFO:colcon.colcon_core.shell:Creating prefix script '/home/a/uav/install/local_setup.ps1'
[0.588s] INFO:colcon.colcon_core.shell:Creating prefix util module '/home/a/uav/install/_local_setup_util_ps1.py'
[0.590s] INFO:colcon.colcon_core.shell:Creating prefix chain script '/home/a/uav/install/setup.ps1'
[0.591s] INFO:colcon.colcon_core.shell:Creating prefix script '/home/a/uav/install/local_setup.sh'
[0.592s] INFO:colcon.colcon_core.shell:Creating prefix util module '/home/a/uav/install/_local_setup_util_sh.py'
[0.593s] INFO:colcon.colcon_core.shell:Creating prefix chain script '/home/a/uav/install/setup.sh'
[0.595s] INFO:colcon.colcon_core.shell:Creating prefix script '/home/a/uav/install/local_setup.bash'
[0.596s] INFO:colcon.colcon_core.shell:Creating prefix chain script '/home/a/uav/install/setup.bash'
[0.597s] INFO:colcon.colcon_core.shell:Creating prefix script '/home/a/uav/install/local_setup.zsh'
[0.598s] INFO:colcon.colcon_core.shell:Creating prefix chain script '/home/a/uav/install/setup.zsh'
