[01m[K/home/a/ros2_ws/src/px4_ros_com/src/examples/offboard/offboard_control_mode.cpp:87:20:[m[K [01;31m[Kerror: [m[K‘[01m[KVehicleCommand[m[K’ was not declared in this scope
   87 |  rclcpp::Publisher<[01;31m[KVehicleCommand[m[K>::SharedPtr vehicle_command_publisher_;
      |                    [01;31m[K^~~~~~~~~~~~~~[m[K
[01m[K/home/a/ros2_ws/src/px4_ros_com/src/examples/offboard/offboard_control_mode.cpp:87:34:[m[K [01;31m[Kerror: [m[Ktemplate argument 1 is invalid
   87 |  rclcpp::Publisher<VehicleCommand[01;31m[K>[m[K::SharedPtr vehicle_command_publisher_;
      |                                  [01;31m[K^[m[K
[01m[K/home/a/ros2_ws/src/px4_ros_com/src/examples/offboard/offboard_control_mode.cpp:87:37:[m[K [01;31m[Kerror: [m[Kexpected ‘[01m[K;[m[K’ at end of member declaration
   87 |  rclcpp::Publisher<VehicleCommand>::[01;31m[KSharedPtr[m[K vehicle_command_publisher_;
      |                                     [01;31m[K^~~~~~~~~[m[K
      |                                              [32m[K;[m[K
[01m[K/home/a/ros2_ws/src/px4_ros_com/src/examples/offboard/offboard_control_mode.cpp:87:47:[m[K [01;31m[Kerror: [m[K‘[01m[Kvehicle_command_publisher_[m[K’ does not name a type
   87 |  rclcpp::Publisher<VehicleCommand>::SharedPtr [01;31m[Kvehicle_command_publisher_[m[K;
      |                                               [01;31m[K^~~~~~~~~~~~~~~~~~~~~~~~~~[m[K
[01m[K/home/a/ros2_ws/src/px4_ros_com/src/examples/offboard/offboard_control_mode.cpp:[m[K In constructor ‘[01m[KOffboardmode::Offboardmode()[m[K’:
[01m[K/home/a/ros2_ws/src/px4_ros_com/src/examples/offboard/offboard_control_mode.cpp:25:3:[m[K [01;31m[Kerror: [m[K‘[01m[Kvehicle_command_publisher_[m[K’ was not declared in this scope
   25 |   [01;31m[Kvehicle_command_publisher_[m[K = this->create_publisher<VehicleCommand>("/fmu/in/vehicle_command", 10);
      |   [01;31m[K^~~~~~~~~~~~~~~~~~~~~~~~~~[m[K
[01m[K/home/a/ros2_ws/src/px4_ros_com/src/examples/offboard/offboard_control_mode.cpp:25:55:[m[K [01;31m[Kerror: [m[K‘[01m[KVehicleCommand[m[K’ was not declared in this scope
   25 |   vehicle_command_publisher_ = this->create_publisher<[01;31m[KVehicleCommand[m[K>("/fmu/in/vehicle_command", 10);
      |                                                       [01;31m[K^~~~~~~~~~~~~~[m[K
[01m[K/home/a/ros2_ws/src/px4_ros_com/src/examples/offboard/offboard_control_mode.cpp:25:100:[m[K [01;31m[Kerror: [m[Kno matching function for call to ‘[01m[KOffboardmode::create_publisher<<expression error> >(const char [24], int)[m[K’
   25 | is->create_publisher<VehicleCommand>("/fmu/in/vehicle_command", 10[01;31m[K)[m[K;
      |                                                                   [01;31m[K^[m[K

In file included from [01m[K/opt/ros/galactic/include/rclcpp/executors/single_threaded_executor.hpp:28[m[K,
                 from [01m[K/opt/ros/galactic/include/rclcpp/executors.hpp:22[m[K,
                 from [01m[K/opt/ros/galactic/include/rclcpp/rclcpp.hpp:156[m[K,
                 from [01m[K/home/a/ros2_ws/src/px4_ros_com/src/examples/offboard/offboard_control_mode.cpp:14[m[K:
[01m[K/opt/ros/galactic/include/rclcpp/node.hpp:200:3:[m[K [01;36m[Knote: [m[Kcandidate: ‘[01m[Ktemplate<class MessageT, class AllocatorT, class PublisherT> std::shared_ptr<PublisherT> rclcpp::Node::create_publisher(const string&, const rclcpp::QoS&, const rclcpp::PublisherOptionsWithAllocator<AllocatorT>&)[m[K’
  200 |   [01;36m[Kcreate_publisher[m[K(
      |   [01;36m[K^~~~~~~~~~~~~~~~[m[K
[01m[K/opt/ros/galactic/include/rclcpp/node.hpp:200:3:[m[K [01;36m[Knote: [m[K  template argument deduction/substitution failed:
[01m[K/home/a/ros2_ws/src/px4_ros_com/src/examples/offboard/offboard_control_mode.cpp:25:100:[m[K [01;31m[Kerror: [m[Ktemplate argument 1 is invalid
   25 | is->create_publisher<VehicleCommand>("/fmu/in/vehicle_command", 10[01;31m[K)[m[K;
      |                                                                   [01;31m[K^[m[K

[01m[K/home/a/ros2_ws/src/px4_ros_com/src/examples/offboard/offboard_control_mode.cpp:[m[K In lambda function:
[01m[K/home/a/ros2_ws/src/px4_ros_com/src/examples/offboard/offboard_control_mode.cpp:60:35:[m[K [01;31m[Kerror: [m[K‘[01m[KVehicleCommand[m[K’ is not a class, namespace, or enumeration
   60 |     this->publish_vehicle_command([01;31m[KVehicleCommand[m[K::VEHICLE_CMD_DO_SET_MODE, 1, 6);
      |                                   [01;31m[K^~~~~~~~~~~~~~[m[K
[01m[K/home/a/ros2_ws/src/px4_ros_com/src/examples/offboard/offboard_control_mode.cpp:[m[K In constructor ‘[01m[KOffboardmode::Offboardmode()[m[K’:
[01m[K/home/a/ros2_ws/src/px4_ros_com/src/examples/offboard/offboard_control_mode.cpp:71:36:[m[K [01;31m[Kerror: [m[Kunable to find numeric literal operator ‘[01m[Koperator""ms[m[K’
   71 |   timer_ = this->create_wall_timer([01;31m[K100ms[m[K, timer_callback);
      |                                    [01;31m[K^~~~~[m[K
[01m[K/home/a/ros2_ws/src/px4_ros_com/src/examples/offboard/offboard_control_mode.cpp:[m[K At global scope:
[01m[K/home/a/ros2_ws/src/px4_ros_com/src/examples/offboard/offboard_control_mode.cpp:99:6:[m[K [01;31m[Kerror: [m[K‘[01m[KOffboardControl[m[K’ has not been declared
   99 | void [01;31m[KOffboardControl[m[K::arm()
      |      [01;31m[K^~~~~~~~~~~~~~~[m[K
[01m[K/home/a/ros2_ws/src/px4_ros_com/src/examples/offboard/offboard_control_mode.cpp:[m[K In function ‘[01m[Kvoid arm()[m[K’:
[01m[K/home/a/ros2_ws/src/px4_ros_com/src/examples/offboard/offboard_control_mode.cpp:101:26:[m[K [01;31m[Kerror: [m[K‘[01m[KVehicleCommand[m[K’ has not been declared
  101 |  publish_vehicle_command([01;31m[KVehicleCommand[m[K::VEHICLE_CMD_COMPONENT_ARM_DISARM, 1.0);
      |                          [01;31m[K^~~~~~~~~~~~~~[m[K
[01m[K/home/a/ros2_ws/src/px4_ros_com/src/examples/offboard/offboard_control_mode.cpp:101:2:[m[K [01;31m[Kerror: [m[K‘[01m[Kpublish_vehicle_command[m[K’ was not declared in this scope
  101 |  [01;31m[Kpublish_vehicle_command[m[K(VehicleCommand::VEHICLE_CMD_COMPONENT_ARM_DISARM, 1.0);
      |  [01;31m[K^~~~~~~~~~~~~~~~~~~~~~~[m[K
In file included from [01m[K/opt/ros/galactic/include/rclcpp/service.hpp:34[m[K,
                 from [01m[K/opt/ros/galactic/include/rclcpp/callback_group.hpp:25[m[K,
                 from [01m[K/opt/ros/galactic/include/rclcpp/any_executable.hpp:20[m[K,
                 from [01m[K/opt/ros/galactic/include/rclcpp/memory_strategy.hpp:25[m[K,
                 from [01m[K/opt/ros/galactic/include/rclcpp/memory_strategies.hpp:18[m[K,
                 from [01m[K/opt/ros/galactic/include/rclcpp/executor_options.hpp:20[m[K,
                 from [01m[K/opt/ros/galactic/include/rclcpp/executor.hpp:36[m[K,
                 from [01m[K/opt/ros/galactic/include/rclcpp/executors/multi_threaded_executor.hpp:26[m[K,
                 from [01m[K/opt/ros/galactic/include/rclcpp/executors.hpp:21[m[K,
                 from [01m[K/opt/ros/galactic/include/rclcpp/rclcpp.hpp:156[m[K,
                 from [01m[K/home/a/ros2_ws/src/px4_ros_com/src/examples/offboard/offboard_control_mode.cpp:14[m[K:
[01m[K/home/a/ros2_ws/src/px4_ros_com/src/examples/offboard/offboard_control_mode.cpp:103:14:[m[K [01;31m[Kerror: [m[Kinvalid use of ‘[01m[Kthis[m[K’ in non-member function
  103 |  RCLCPP_INFO([01;31m[Kthis[m[K->get_logger(), "Arm command send");
      |              [01;31m[K^~~~[m[K
[01m[K/home/a/ros2_ws/src/px4_ros_com/src/examples/offboard/offboard_control_mode.cpp:103:14:[m[K [01;31m[Kerror: [m[Kinvalid use of ‘[01m[Kthis[m[K’ in non-member function
[01m[K/home/a/ros2_ws/src/px4_ros_com/src/examples/offboard/offboard_control_mode.cpp:103:2:[m[K [01;31m[Kerror: [m[Ktemplate argument 1 is invalid
  103 |  [01;31m[KRCLCPP_INFO[m[K(this->get_logger(), "Arm command send");
      |  [01;31m[K^~~~~~~~~~~[m[K
[01m[K/home/a/ros2_ws/src/px4_ros_com/src/examples/offboard/offboard_control_mode.cpp:103:2:[m[K [01;31m[Kerror: [m[Ktemplate argument 1 is invalid
  103 |  [01;31m[KRCLCPP_INFO[m[K(this->get_logger(), "Arm command send");
      |  [01;31m[K^~~~~~~~~~~[m[K
[01m[K/home/a/ros2_ws/src/px4_ros_com/src/examples/offboard/offboard_control_mode.cpp:103:2:[m[K [01;31m[Kerror: [m[Ktemplate argument 1 is invalid
  103 |  [01;31m[KRCLCPP_INFO[m[K(this->get_logger(), "Arm command send");
      |  [01;31m[K^~~~~~~~~~~[m[K
In file included from [01m[K/opt/ros/galactic/include/rclcpp/client.hpp:40[m[K,
                 from [01m[K/opt/ros/galactic/include/rclcpp/callback_group.hpp:23[m[K,
                 from [01m[K/opt/ros/galactic/include/rclcpp/any_executable.hpp:20[m[K,
                 from [01m[K/opt/ros/galactic/include/rclcpp/memory_strategy.hpp:25[m[K,
                 from [01m[K/opt/ros/galactic/include/rclcpp/memory_strategies.hpp:18[m[K,
                 from [01m[K/opt/ros/galactic/include/rclcpp/executor_options.hpp:20[m[K,
                 from [01m[K/opt/ros/galactic/include/rclcpp/executor.hpp:36[m[K,
                 from [01m[K/opt/ros/galactic/include/rclcpp/executors/multi_threaded_executor.hpp:26[m[K,
                 from [01m[K/opt/ros/galactic/include/rclcpp/executors.hpp:21[m[K,
                 from [01m[K/opt/ros/galactic/include/rclcpp/rclcpp.hpp:156[m[K,
                 from [01m[K/home/a/ros2_ws/src/px4_ros_com/src/examples/offboard/offboard_control_mode.cpp:14[m[K:
[01m[K/home/a/ros2_ws/src/px4_ros_com/src/examples/offboard/offboard_control_mode.cpp:103:14:[m[K [01;31m[Kerror: [m[Kinvalid use of ‘[01m[Kthis[m[K’ in non-member function
  103 |  RCLCPP_INFO([01;31m[Kthis[m[K->get_logger(), "Arm command send");
      |              [01;31m[K^~~~[m[K
[01m[K/home/a/ros2_ws/src/px4_ros_com/src/examples/offboard/offboard_control_mode.cpp:103:14:[m[K [01;31m[Kerror: [m[Kinvalid use of ‘[01m[Kthis[m[K’ in non-member function
  103 |  RCLCPP_INFO([01;31m[Kthis[m[K->get_logger(), "Arm command send");
      |              [01;31m[K^~~~[m[K
[01m[K/home/a/ros2_ws/src/px4_ros_com/src/examples/offboard/offboard_control_mode.cpp:[m[K At global scope:
[01m[K/home/a/ros2_ws/src/px4_ros_com/src/examples/offboard/offboard_control_mode.cpp:109:6:[m[K [01;31m[Kerror: [m[K‘[01m[KOffboardControl[m[K’ has not been declared
  109 | void [01;31m[KOffboardControl[m[K::disarm()
      |      [01;31m[K^~~~~~~~~~~~~~~[m[K
[01m[K/home/a/ros2_ws/src/px4_ros_com/src/examples/offboard/offboard_control_mode.cpp:[m[K In function ‘[01m[Kvoid disarm()[m[K’:
[01m[K/home/a/ros2_ws/src/px4_ros_com/src/examples/offboard/offboard_control_mode.cpp:111:26:[m[K [01;31m[Kerror: [m[K‘[01m[KVehicleCommand[m[K’ has not been declared
  111 |  publish_vehicle_command([01;31m[KVehicleCommand[m[K::VEHICLE_CMD_COMPONENT_ARM_DISARM, 0.0);
      |                          [01;31m[K^~~~~~~~~~~~~~[m[K
[01m[K/home/a/ros2_ws/src/px4_ros_com/src/examples/offboard/offboard_control_mode.cpp:111:2:[m[K [01;31m[Kerror: [m[K‘[01m[Kpublish_vehicle_command[m[K’ was not declared in this scope
  111 |  [01;31m[Kpublish_vehicle_command[m[K(VehicleCommand::VEHICLE_CMD_COMPONENT_ARM_DISARM, 0.0);
      |  [01;31m[K^~~~~~~~~~~~~~~~~~~~~~~[m[K
In file included from [01m[K/opt/ros/galactic/include/rclcpp/service.hpp:34[m[K,
                 from [01m[K/opt/ros/galactic/include/rclcpp/callback_group.hpp:25[m[K,
                 from [01m[K/opt/ros/galactic/include/rclcpp/any_executable.hpp:20[m[K,
                 from [01m[K/opt/ros/galactic/include/rclcpp/memory_strategy.hpp:25[m[K,
                 from [01m[K/opt/ros/galactic/include/rclcpp/memory_strategies.hpp:18[m[K,
                 from [01m[K/opt/ros/galactic/include/rclcpp/executor_options.hpp:20[m[K,
                 from [01m[K/opt/ros/galactic/include/rclcpp/executor.hpp:36[m[K,
                 from [01m[K/opt/ros/galactic/include/rclcpp/executors/multi_threaded_executor.hpp:26[m[K,
                 from [01m[K/opt/ros/galactic/include/rclcpp/executors.hpp:21[m[K,
                 from [01m[K/opt/ros/galactic/include/rclcpp/rclcpp.hpp:156[m[K,
                 from [01m[K/home/a/ros2_ws/src/px4_ros_com/src/examples/offboard/offboard_control_mode.cpp:14[m[K:
[01m[K/home/a/ros2_ws/src/px4_ros_com/src/examples/offboard/offboard_control_mode.cpp:113:14:[m[K [01;31m[Kerror: [m[Kinvalid use of ‘[01m[Kthis[m[K’ in non-member function
  113 |  RCLCPP_INFO([01;31m[Kthis[m[K->get_logger(), "Disarm command send");
      |              [01;31m[K^~~~[m[K
[01m[K/home/a/ros2_ws/src/px4_ros_com/src/examples/offboard/offboard_control_mode.cpp:113:14:[m[K [01;31m[Kerror: [m[Kinvalid use of ‘[01m[Kthis[m[K’ in non-member function
[01m[K/home/a/ros2_ws/src/px4_ros_com/src/examples/offboard/offboard_control_mode.cpp:113:2:[m[K [01;31m[Kerror: [m[Ktemplate argument 1 is invalid
  113 |  [01;31m[KRCLCPP_INFO[m[K(this->get_logger(), "Disarm command send");
      |  [01;31m[K^~~~~~~~~~~[m[K
[01m[K/home/a/ros2_ws/src/px4_ros_com/src/examples/offboard/offboard_control_mode.cpp:113:2:[m[K [01;31m[Kerror: [m[Ktemplate argument 1 is invalid
  113 |  [01;31m[KRCLCPP_INFO[m[K(this->get_logger(), "Disarm command send");
      |  [01;31m[K^~~~~~~~~~~[m[K
[01m[K/home/a/ros2_ws/src/px4_ros_com/src/examples/offboard/offboard_control_mode.cpp:113:2:[m[K [01;31m[Kerror: [m[Ktemplate argument 1 is invalid
  113 |  [01;31m[KRCLCPP_INFO[m[K(this->get_logger(), "Disarm command send");
      |  [01;31m[K^~~~~~~~~~~[m[K
In file included from [01m[K/opt/ros/galactic/include/rclcpp/client.hpp:40[m[K,
                 from [01m[K/opt/ros/galactic/include/rclcpp/callback_group.hpp:23[m[K,
                 from [01m[K/opt/ros/galactic/include/rclcpp/any_executable.hpp:20[m[K,
                 from [01m[K/opt/ros/galactic/include/rclcpp/memory_strategy.hpp:25[m[K,
                 from [01m[K/opt/ros/galactic/include/rclcpp/memory_strategies.hpp:18[m[K,
                 from [01m[K/opt/ros/galactic/include/rclcpp/executor_options.hpp:20[m[K,
                 from [01m[K/opt/ros/galactic/include/rclcpp/executor.hpp:36[m[K,
                 from [01m[K/opt/ros/galactic/include/rclcpp/executors/multi_threaded_executor.hpp:26[m[K,
                 from [01m[K/opt/ros/galactic/include/rclcpp/executors.hpp:21[m[K,
                 from [01m[K/opt/ros/galactic/include/rclcpp/rclcpp.hpp:156[m[K,
                 from [01m[K/home/a/ros2_ws/src/px4_ros_com/src/examples/offboard/offboard_control_mode.cpp:14[m[K:
[01m[K/home/a/ros2_ws/src/px4_ros_com/src/examples/offboard/offboard_control_mode.cpp:113:14:[m[K [01;31m[Kerror: [m[Kinvalid use of ‘[01m[Kthis[m[K’ in non-member function
  113 |  RCLCPP_INFO([01;31m[Kthis[m[K->get_logger(), "Disarm command send");
      |              [01;31m[K^~~~[m[K
[01m[K/home/a/ros2_ws/src/px4_ros_com/src/examples/offboard/offboard_control_mode.cpp:113:14:[m[K [01;31m[Kerror: [m[Kinvalid use of ‘[01m[Kthis[m[K’ in non-member function
  113 |  RCLCPP_INFO([01;31m[Kthis[m[K->get_logger(), "Disarm command send");
      |              [01;31m[K^~~~[m[K
[01m[K/home/a/ros2_ws/src/px4_ros_com/src/examples/offboard/offboard_control_mode.cpp:[m[K At global scope:
[01m[K/home/a/ros2_ws/src/px4_ros_com/src/examples/offboard/offboard_control_mode.cpp:119:6:[m[K [01;31m[Kerror: [m[K‘[01m[KOffboardControl[m[K’ has not been declared
  119 | void [01;31m[KOffboardControl[m[K::publish_offboard_control_mode(bool position, bool velocity, bool acceleration, bool attitude, bool body_rate, bool actuator)
      |      [01;31m[K^~~~~~~~~~~~~~~[m[K
[01m[K/home/a/ros2_ws/src/px4_ros_com/src/examples/offboard/offboard_control_mode.cpp:[m[K In function ‘[01m[Kvoid publish_offboard_control_mode(bool, bool, bool, bool, bool, bool)[m[K’:
[01m[K/home/a/ros2_ws/src/px4_ros_com/src/examples/offboard/offboard_control_mode.cpp:127:18:[m[K [01;31m[Kerror: [m[Kinvalid use of ‘[01m[Kthis[m[K’ in non-member function
  127 |  msg.timestamp = [01;31m[Kthis[m[K->get_clock()->now().nanoseconds() / 1000;
      |                  [01;31m[K^~~~[m[K
[01m[K/home/a/ros2_ws/src/px4_ros_com/src/examples/offboard/offboard_control_mode.cpp:128:2:[m[K [01;31m[Kerror: [m[K‘[01m[Koffboard_control_mode_publisher_[m[K’ was not declared in this scope
  128 |  [01;31m[Koffboard_control_mode_publisher_[m[K->publish(msg);
      |  [01;31m[K^~~~~~~~~~~~~~~~~~~~~~~~~~~~~~~~[m[K
[01m[K/home/a/ros2_ws/src/px4_ros_com/src/examples/offboard/offboard_control_mode.cpp:119:138:[m[K [01;35m[Kwarning: [m[Kunused parameter ‘[01m[Kactuator[m[K’ [[01;35m[K-Wunused-parameter[m[K]
  119 | ion, bool velocity, bool acceleration, bool attitude, bool body_rate, [01;35m[Kbool actuator[m[K)
      |                                                                       [01;35m[K~~~~~^~~~~~~~[m[K

[01m[K/home/a/ros2_ws/src/px4_ros_com/src/examples/offboard/offboard_control_mode.cpp:[m[K At global scope:
[01m[K/home/a/ros2_ws/src/px4_ros_com/src/examples/offboard/offboard_control_mode.cpp:132:1:[m[K [01;31m[Kerror: [m[K‘[01m[KboardControl[m[K’ does not name a type
  132 | [01;31m[KboardControl[m[K::publish_vehicle_command(uint16_t command, float param1, float param2)
      | [01;31m[K^~~~~~~~~~~~[m[K
[01m[K/home/a/ros2_ws/src/px4_ros_com/src/examples/offboard/offboard_control_mode.cpp:[m[K In function ‘[01m[Kint main(int, char**)[m[K’:
[01m[K/home/a/ros2_ws/src/px4_ros_com/src/examples/offboard/offboard_control_mode.cpp:152:32:[m[K [01;31m[Kerror: [m[K‘[01m[KOffboardControl[m[K’ was not declared in this scope
  152 |  rclcpp::spin(std::make_shared<[01;31m[KOffboardControl[m[K>());
      |                                [01;31m[K^~~~~~~~~~~~~~~[m[K
[01m[K/home/a/ros2_ws/src/px4_ros_com/src/examples/offboard/offboard_control_mode.cpp:152:49:[m[K [01;31m[Kerror: [m[Kno matching function for call to ‘[01m[Kmake_shared<<expression error> >()[m[K’
  152 |  rclcpp::spin(std::make_shared<OffboardControl>([01;31m[K)[m[K);
      |                                                 [01;31m[K^[m[K
In file included from [01m[K/usr/include/c++/9/memory:81[m[K,
                 from [01m[K/opt/ros/galactic/include/rosidl_runtime_cpp/bounded_vector.hpp:19[m[K,
                 from [01m[K/home/a/ros2_ws/install/px4_msgs/include/px4_msgs/msg/detail/offboard_control_mode__struct.hpp:8[m[K,
                 from [01m[K/home/a/ros2_ws/install/px4_msgs/include/px4_msgs/msg/offboard_control_mode.hpp:7[m[K,
                 from [01m[K/home/a/ros2_ws/src/px4_ros_com/src/examples/offboard/offboard_control_mode.cpp:13[m[K:
[01m[K/usr/include/c++/9/bits/shared_ptr.h:714:5:[m[K [01;36m[Knote: [m[Kcandidate: ‘[01m[Ktemplate<class _Tp, class ... _Args> std::shared_ptr<_Tp> std::make_shared(_Args&& ...)[m[K’
  714 |     [01;36m[Kmake_shared[m[K(_Args&&... __args)
      |     [01;36m[K^~~~~~~~~~~[m[K
[01m[K/usr/include/c++/9/bits/shared_ptr.h:714:5:[m[K [01;36m[Knote: [m[K  template argument deduction/substitution failed:
[01m[K/home/a/ros2_ws/src/px4_ros_com/src/examples/offboard/offboard_control_mode.cpp:152:49:[m[K [01;31m[Kerror: [m[Ktemplate argument 1 is invalid
  152 |  rclcpp::spin(std::make_shared<OffboardControl>([01;31m[K)[m[K);
      |                                                 [01;31m[K^[m[K
make[2]: *** [CMakeFiles/offboard_control_mode.dir/build.make:63：CMakeFiles/offboard_control_mode.dir/src/examples/offboard/offboard_control_mode.cpp.o] 错误 1
make[1]: *** [CMakeFiles/Makefile2:451：CMakeFiles/offboard_control_mode.dir/all] 错误 2
make: *** [Makefile:141：all] 错误 2
