[0.020s] Invoking command in '/home/a/uav/build/my_uav': CMAKE_PREFIX_PATH=${CMAKE_PREFIX_PATH}:/opt/ros/galactic /usr/bin/cmake --build /home/a/uav/build/my_uav -- -j2 -l2
[0.094s] [ 14%] Built target uav_control_node
[0.131s] [ 28%] Built target internlm_m_node
[0.168s] [ 42%] Built target internvl
[0.208s] [ 57%] Built target internlm_m_listener
[0.252s] [ 71%] Built target internvl_listener
[0.282s] [ 85%] Built target camera_listener
[0.313s] [100%] Built target ray_listener
[0.329s] Invoked command in '/home/a/uav/build/my_uav' returned '0': CMAKE_PREFIX_PATH=${CMAKE_PREFIX_PATH}:/opt/ros/galactic /usr/bin/cmake --build /home/a/uav/build/my_uav -- -j2 -l2
[0.343s] Invoking command in '/home/a/uav/build/my_uav': CMAKE_PREFIX_PATH=${CMAKE_PREFIX_PATH}:/opt/ros/galactic /usr/bin/cmake --install /home/a/uav/build/my_uav
[0.354s] -- Install configuration: ""
[0.355s] -- Up-to-date: /home/a/uav/install/my_uav/share/my_uav/launch
[0.355s] -- Up-to-date: /home/a/uav/install/my_uav/share/my_uav/launch/sitl.launch
[0.355s] -- Up-to-date: /home/a/uav/install/my_uav/share/my_uav/launch/p450.py
[0.355s] -- Up-to-date: /home/a/uav/install/my_uav/share/my_uav/launch/gz_launch.py
[0.356s] -- Up-to-date: /home/a/uav/install/my_uav/share/my_uav/launch/cam_sub.launch.py
[0.356s] -- Up-to-date: /home/a/uav/install/my_uav/share/my_uav/models
[0.356s] -- Up-to-date: /home/a/uav/install/my_uav/share/my_uav/models/p450_2Dlidar_depth
[0.356s] -- Up-to-date: /home/a/uav/install/my_uav/share/my_uav/models/p450_2Dlidar_depth/model.config
[0.356s] -- Up-to-date: /home/a/uav/install/my_uav/share/my_uav/models/p450_2Dlidar_depth/p450_2Dlidar_depth.sdf
[0.356s] -- Up-to-date: /home/a/uav/install/my_uav/share/my_uav/models/p450
[0.356s] -- Up-to-date: /home/a/uav/install/my_uav/share/my_uav/models/p450/model.config
[0.356s] -- Up-to-date: /home/a/uav/install/my_uav/share/my_uav/models/p450/meshes
[0.356s] -- Up-to-date: /home/a/uav/install/my_uav/share/my_uav/models/p450/meshes/p450_ccw.stl
[0.357s] -- Up-to-date: /home/a/uav/install/my_uav/share/my_uav/models/p450/meshes/p450.stl
[0.357s] -- Up-to-date: /home/a/uav/install/my_uav/share/my_uav/models/p450/meshes/p450_cw.stl
[0.357s] -- Up-to-date: /home/a/uav/install/my_uav/share/my_uav/models/p450/p450.sdf
[0.357s] -- Up-to-date: /home/a/uav/install/my_uav/share/my_uav/models/hokuyo_ust_20lx
[0.357s] -- Up-to-date: /home/a/uav/install/my_uav/share/my_uav/models/hokuyo_ust_20lx/hokuyo_ust_20lx.sdf
[0.357s] -- Up-to-date: /home/a/uav/install/my_uav/share/my_uav/models/hokuyo_ust_20lx/model.config
[0.357s] -- Up-to-date: /home/a/uav/install/my_uav/share/my_uav/models/p450_hokuyo_2Dlidar
[0.357s] -- Up-to-date: /home/a/uav/install/my_uav/share/my_uav/models/p450_hokuyo_2Dlidar/p450_hokuyo_2Dlidar.sdf
[0.357s] -- Up-to-date: /home/a/uav/install/my_uav/share/my_uav/models/p450_hokuyo_2Dlidar/model.config
[0.357s] -- Up-to-date: /home/a/uav/install/my_uav/share/my_uav/models/depth
[0.357s] -- Up-to-date: /home/a/uav/install/my_uav/share/my_uav/models/depth/model.config
[0.357s] -- Installing: /home/a/uav/install/my_uav/share/my_uav/models/depth/depth.sdf
[0.357s] -- Up-to-date: /home/a/uav/install/my_uav/share/my_uav/models/D435i
[0.357s] -- Up-to-date: /home/a/uav/install/my_uav/share/my_uav/models/D435i/materials
[0.357s] -- Up-to-date: /home/a/uav/install/my_uav/share/my_uav/models/D435i/materials/textures
[0.357s] -- Up-to-date: /home/a/uav/install/my_uav/share/my_uav/models/D435i/materials/textures/realsense_diffuse.png
[0.358s] -- Up-to-date: /home/a/uav/install/my_uav/share/my_uav/models/D435i/model.config
[0.358s] -- Up-to-date: /home/a/uav/install/my_uav/share/my_uav/models/D435i/D435i.sdf
[0.358s] -- Up-to-date: /home/a/uav/install/my_uav/share/my_uav/models/D435i/meshes
[0.358s] -- Up-to-date: /home/a/uav/install/my_uav/share/my_uav/models/D435i/meshes/realsense_d435.stl
[0.358s] -- Up-to-date: /home/a/uav/install/my_uav/share/my_uav/models/D435i/meshes/D435i.dae
[0.358s] -- Up-to-date: /home/a/uav/install/my_uav/share/my_uav/models/p450_depth
[0.358s] -- Up-to-date: /home/a/uav/install/my_uav/share/my_uav/models/p450_depth/model.config
[0.358s] -- Up-to-date: /home/a/uav/install/my_uav/share/my_uav/models/p450_depth/p450_depth.sdf
[0.358s] -- Up-to-date: /home/a/uav/install/my_uav/share/my_uav/worlds
[0.358s] -- Up-to-date: /home/a/uav/install/my_uav/share/my_uav/worlds/leida.world
[0.358s] -- Up-to-date: /home/a/uav/install/my_uav/share/my_uav/worlds/my.world
[0.358s] -- Up-to-date: /home/a/uav/install/my_uav/share/my_uav/worlds/baylands.world
[0.359s] -- Up-to-date: /home/a/uav/install/my_uav/share/my_uav/worlds/safe_landing.world
[0.359s] -- Up-to-date: /home/a/uav/install/my_uav/share/my_uav/worlds/yosemite.world
[0.359s] -- Up-to-date: /home/a/uav/install/my_uav/share/my_uav/worlds/mcmillan_airfield.world
[0.359s] -- Up-to-date: /home/a/uav/install/my_uav/share/my_uav/worlds/cam.world
[0.359s] -- Up-to-date: /home/a/uav/install/my_uav/share/my_uav/worlds/sonoma_raceway.world
[0.359s] -- Up-to-date: /home/a/uav/install/my_uav/share/my_uav/worlds/empty_world.world
[0.359s] -- Up-to-date: /home/a/uav/install/my_uav/lib/my_uav/my_python_node.py
[0.359s] -- Up-to-date: /home/a/uav/install/my_uav/lib/my_uav/uav_control_node
[0.359s] -- Up-to-date: /home/a/uav/install/my_uav/lib/my_uav/internlm_m_node
[0.360s] -- Up-to-date: /home/a/uav/install/my_uav/lib/my_uav/internvl
[0.360s] -- Up-to-date: /home/a/uav/install/my_uav/lib/my_uav/internlm_m_listener
[0.360s] -- Up-to-date: /home/a/uav/install/my_uav/lib/my_uav/internvl_listener
[0.360s] -- Up-to-date: /home/a/uav/install/my_uav/lib/my_uav/camera_listener
[0.360s] -- Up-to-date: /home/a/uav/install/my_uav/lib/my_uav/ray_listener
[0.360s] -- Up-to-date: /home/a/uav/install/my_uav/share/ament_index/resource_index/package_run_dependencies/my_uav
[0.360s] -- Up-to-date: /home/a/uav/install/my_uav/share/ament_index/resource_index/parent_prefix_path/my_uav
[0.360s] -- Up-to-date: /home/a/uav/install/my_uav/share/my_uav/environment/ament_prefix_path.sh
[0.360s] -- Up-to-date: /home/a/uav/install/my_uav/share/my_uav/environment/ament_prefix_path.dsv
[0.360s] -- Up-to-date: /home/a/uav/install/my_uav/share/my_uav/environment/path.sh
[0.360s] -- Up-to-date: /home/a/uav/install/my_uav/share/my_uav/environment/path.dsv
[0.360s] -- Up-to-date: /home/a/uav/install/my_uav/share/my_uav/local_setup.bash
[0.360s] -- Up-to-date: /home/a/uav/install/my_uav/share/my_uav/local_setup.sh
[0.360s] -- Up-to-date: /home/a/uav/install/my_uav/share/my_uav/local_setup.zsh
[0.360s] -- Up-to-date: /home/a/uav/install/my_uav/share/my_uav/local_setup.dsv
[0.360s] -- Installing: /home/a/uav/install/my_uav/share/my_uav/package.dsv
[0.360s] -- Up-to-date: /home/a/uav/install/my_uav/share/ament_index/resource_index/packages/my_uav
[0.360s] -- Up-to-date: /home/a/uav/install/my_uav/share/my_uav/cmake/my_uavConfig.cmake
[0.361s] -- Up-to-date: /home/a/uav/install/my_uav/share/my_uav/cmake/my_uavConfig-version.cmake
[0.361s] -- Up-to-date: /home/a/uav/install/my_uav/share/my_uav/package.xml
[0.363s] Invoked command in '/home/a/uav/build/my_uav' returned '0': CMAKE_PREFIX_PATH=${CMAKE_PREFIX_PATH}:/opt/ros/galactic /usr/bin/cmake --install /home/a/uav/build/my_uav
