[0.014s] Invoking command in '/home/a/ros2_ws/build/px4_ros_com': CMAKE_PREFIX_PATH=/home/a/ros2_ws/install/px4_msgs:/home/a/ros2_ws/install/px4_ros_com:/home/a/ros2_ws/install/my_uav:/opt/ros/galactic LD_LIBRARY_PATH=/home/a/ros2_ws/install/px4_msgs/lib:/home/a/ros2_ws/install/px4_ros_com/lib:/usr/lib/x86_64-linux-gnu/gazebo-11/plugins:/opt/ros/galactic/opt/yaml_cpp_vendor/lib:/opt/ros/galactic/opt/rviz_ogre_vendor/lib:/opt/ros/galactic/lib/x86_64-linux-gnu:/opt/ros/galactic/lib:/home/a/PX4-Autopilot/build/px4_sitl_default/build_gazebo-classic /usr/bin/cmake --build /home/a/ros2_ws/build/px4_ros_com -- -j2 -l2
[0.085s] [35m[1mScanning dependencies of target offboard_control_mode[0m
[0.130s] [  7%] Built target my_uav_node
[0.145s] [35m[1mScanning dependencies of target commander[0m
[0.164s] [ 10%] [32mBuilding CXX object CMakeFiles/offboard_control_mode.dir/src/examples/offboard/offboard_control_mode.cpp.o[0m
[0.201s] [ 14%] [32mBuilding CXX object CMakeFiles/commander.dir/src/examples/offboard/commander.cpp.o[0m
[7.168s] [01m[K/home/a/ros2_ws/src/px4_ros_com/src/examples/offboard/commander.cpp:[m[K In constructor ‘[01m[Kcommander::commander()[m[K’:
[7.168s] [01m[K/home/a/ros2_ws/src/px4_ros_com/src/examples/offboard/commander.cpp:54:4:[m[K [01;31m[Kerror: [m[K‘[01m[Kuav_id[m[K’ was not declared in this scope; did you mean ‘[01m[Kuavid[m[K’?
[7.168s]    54 |    [01;31m[Kuav_id[m[K = std::stoi(uavid);  // 字符串转换为 int,如果uavid不是字符串会报错
[7.168s]       |    [01;31m[K^~~~~~[m[K
[7.168s]       |    [32m[Kuavid[m[K
[7.168s] [01m[K/home/a/ros2_ws/src/px4_ros_com/src/examples/offboard/commander.cpp:57:9:[m[K [01;31m[Kerror: [m[Ktoo few arguments to function ‘[01m[Kvoid exit(int)[m[K’
[7.168s]    57 |    exit([01;31m[K)[m[K;  // 程序退出
[7.168s]       |         [01;31m[K^[m[K
[7.168s] In file included from [01m[K/usr/include/c++/9/cstdlib:75[m[K,
[7.168s]                  from [01m[K/usr/include/c++/9/ext/string_conversions.h:41[m[K,
[7.168s]                  from [01m[K/usr/include/c++/9/bits/basic_string.h:6496[m[K,
[7.169s]                  from [01m[K/usr/include/c++/9/string:55[m[K,
[7.169s]                  from [01m[K/usr/include/c++/9/stdexcept:39[m[K,
[7.169s]                  from [01m[K/usr/include/c++/9/array:39[m[K,
[7.169s]                  from [01m[K/usr/include/c++/9/tuple:39[m[K,
[7.169s]                  from [01m[K/usr/include/c++/9/bits/unique_ptr.h:37[m[K,
[7.169s]                  from [01m[K/usr/include/c++/9/memory:80[m[K,
[7.169s]                  from [01m[K/opt/ros/galactic/include/rclcpp/rclcpp.hpp:154[m[K,
[7.169s]                  from [01m[K/home/a/ros2_ws/src/px4_ros_com/src/examples/offboard/commander.cpp:38[m[K:
[7.169s] [01m[K/usr/include/stdlib.h:617:13:[m[K [01;36m[Knote: [m[Kdeclared here
[7.169s]   617 | extern void [01;36m[Kexit[m[K (int __status) __THROW __attribute__ ((__noreturn__));
[7.169s]       |             [01;36m[K^~~~[m[K
[7.169s] [01m[K/home/a/ros2_ws/src/px4_ros_com/src/examples/offboard/commander.cpp:60:64:[m[K [01;31m[Kerror: [m[K‘[01m[Kuav_id[m[K’ was not declared in this scope; did you mean ‘[01m[Kuavid[m[K’?
[7.169s]    60 | string vehicle_command_topic = "/px4_" + std::to_string([01;31m[Kuav_id[m[K) + "/fmu/in/vehicle_command";
[7.169s]       |                                                         [01;31m[K^~~~~~[m[K
[7.169s]       |                                                         [32m[Kuavid[m[K
[7.362s] [01m[K/home/a/ros2_ws/src/px4_ros_com/src/examples/offboard/commander.cpp:[m[K In member function ‘[01m[Kvoid commander::send_vehicle_command(uint32_t, float, float, float, float, double, double, float)[m[K’:
[7.362s] [01m[K/home/a/ros2_ws/src/px4_ros_com/src/examples/offboard/commander.cpp:166:61:[m[K [01;31m[Kerror: [m[K‘[01m[Kuav_id[m[K’ was not declared in this scope
[7.362s]   166 | ::string VehicleStatus_topic = "/px4_" + std::to_string([01;31m[Kuav_id[m[K) + "/fmu/in/vehicle_status";
[7.362s]       |                                                         [01;31m[K^~~~~~[m[K
[7.362s] 
[7.465s] [01m[K/home/a/ros2_ws/src/px4_ros_com/src/examples/offboard/offboard_control_mode.cpp:[m[K In constructor ‘[01m[KOffboardmode::Offboardmode()[m[K’:
[7.465s] [01m[K/home/a/ros2_ws/src/px4_ros_com/src/examples/offboard/offboard_control_mode.cpp:35:9:[m[K [01;31m[Kerror: [m[Ktoo few arguments to function ‘[01m[Kvoid exit(int)[m[K’
[7.465s]    35 |    exit([01;31m[K)[m[K;  // 程序退出
[7.465s]       |         [01;31m[K^[m[K
[7.465s] In file included from [01m[K/usr/include/c++/9/cstdlib:75[m[K,
[7.465s]                  from [01m[K/usr/include/c++/9/bits/stl_algo.h:59[m[K,
[7.465s]                  from [01m[K/usr/include/c++/9/algorithm:62[m[K,
[7.465s]                  from [01m[K/opt/ros/galactic/include/rosidl_runtime_cpp/bounded_vector.hpp:18[m[K,
[7.465s]                  from [01m[K/home/a/ros2_ws/install/px4_msgs/include/px4_msgs/msg/detail/offboard_control_mode__struct.hpp:8[m[K,
[7.465s]                  from [01m[K/home/a/ros2_ws/install/px4_msgs/include/px4_msgs/msg/offboard_control_mode.hpp:7[m[K,
[7.465s]                  from [01m[K/home/a/ros2_ws/src/px4_ros_com/src/examples/offboard/offboard_control_mode.cpp:13[m[K:
[7.465s] [01m[K/usr/include/stdlib.h:617:13:[m[K [01;36m[Knote: [m[Kdeclared here
[7.465s]   617 | extern void [01;36m[Kexit[m[K (int __status) __THROW __attribute__ ((__noreturn__));
[7.465s]       |             [01;36m[K^~~~[m[K
[10.189s] make[2]: *** [CMakeFiles/offboard_control_mode.dir/build.make:63：CMakeFiles/offboard_control_mode.dir/src/examples/offboard/offboard_control_mode.cpp.o] 错误 1
[10.190s] make[1]: *** [CMakeFiles/Makefile2:131：CMakeFiles/offboard_control_mode.dir/all] 错误 2
[10.190s] make[1]: *** 正在等待未完成的任务....
[11.310s] make[2]: *** [CMakeFiles/commander.dir/build.make:63：CMakeFiles/commander.dir/src/examples/offboard/commander.cpp.o] 错误 1
[11.310s] make[1]: *** [CMakeFiles/Makefile2:158：CMakeFiles/commander.dir/all] 错误 2
[11.310s] make: *** [Makefile:141：all] 错误 2
[11.320s] Invoked command in '/home/a/ros2_ws/build/px4_ros_com' returned '2': CMAKE_PREFIX_PATH=/home/a/ros2_ws/install/px4_msgs:/home/a/ros2_ws/install/px4_ros_com:/home/a/ros2_ws/install/my_uav:/opt/ros/galactic LD_LIBRARY_PATH=/home/a/ros2_ws/install/px4_msgs/lib:/home/a/ros2_ws/install/px4_ros_com/lib:/usr/lib/x86_64-linux-gnu/gazebo-11/plugins:/opt/ros/galactic/opt/yaml_cpp_vendor/lib:/opt/ros/galactic/opt/rviz_ogre_vendor/lib:/opt/ros/galactic/lib/x86_64-linux-gnu:/opt/ros/galactic/lib:/home/a/PX4-Autopilot/build/px4_sitl_default/build_gazebo-classic /usr/bin/cmake --build /home/a/ros2_ws/build/px4_ros_com -- -j2 -l2
