[0.029s] Invoking command in '/home/a/ros2_ws/build/px4_ros_com': CMAKE_PREFIX_PATH=/home/a/ros2_ws/install/px4_msgs:/home/a/ros2_ws/install/px4_ros_com:/home/a/ros2_ws/install/my_uav:/opt/ros/galactic LD_LIBRARY_PATH=/home/a/ros2_ws/install/px4_msgs/lib:/home/a/ros2_ws/install/px4_ros_com/lib:/usr/lib/x86_64-linux-gnu/gazebo-11/plugins:/opt/ros/galactic/opt/yaml_cpp_vendor/lib:/opt/ros/galactic/opt/rviz_ogre_vendor/lib:/opt/ros/galactic/lib/x86_64-linux-gnu:/opt/ros/galactic/lib:/home/a/PX4-Autopilot/build/px4_sitl_default/build_gazebo-classic /usr/bin/cmake --build /home/a/ros2_ws/build/px4_ros_com -- -j2 -l2
[0.079s] -- Found ament_cmake: 1.1.6 (/opt/ros/galactic/share/ament_cmake/cmake)
[0.108s] -- Using PYTHON_EXECUTABLE: /usr/bin/python3
[0.181s] -- Override CMake install command with custom implementation using symlinks instead of copying resources
[0.199s] -- Found builtin_interfaces: 1.0.3 (/opt/ros/galactic/share/builtin_interfaces/cmake)
[0.231s] -- Using all available rosidl_typesupport_c: rosidl_typesupport_fastrtps_c;rosidl_typesupport_introspection_c
[0.237s] -- Found rosidl_adapter: 2.2.3 (/opt/ros/galactic/share/rosidl_adapter/cmake)
[0.386s] -- Using all available rosidl_typesupport_cpp: rosidl_typesupport_fastrtps_cpp;rosidl_typesupport_introspection_cpp
[0.423s] -- Found eigen3_cmake_module: 0.1.1 (/opt/ros/galactic/share/eigen3_cmake_module/cmake)
[0.428s] -- Found geometry_msgs: 2.2.4 (/opt/ros/galactic/share/geometry_msgs/cmake)
[0.500s] -- Found px4_msgs: 2.0.1 (/home/a/ros2_ws/install/px4_msgs/share/px4_msgs/cmake)
[0.523s] -- Found rclcpp: 9.2.2 (/opt/ros/galactic/share/rclcpp/cmake)
[0.592s] -- Found rmw_implementation_cmake: 3.3.1 (/opt/ros/galactic/share/rmw_implementation_cmake/cmake)
[0.594s] -- Found rmw_cyclonedds_cpp: 0.22.6 (/opt/ros/galactic/share/rmw_cyclonedds_cpp/cmake)
[0.619s] -- Using RMW implementation 'rmw_cyclonedds_cpp' as default
[0.766s] -- Found sensor_msgs: 2.2.4 (/opt/ros/galactic/share/sensor_msgs/cmake)
[0.858s] -- Found ament_lint_auto: 0.10.7 (/opt/ros/galactic/share/ament_lint_auto/cmake)
[0.951s] -- Added test 'copyright' to check source files copyright and LICENSE
[0.957s] -- Added test 'cppcheck' to perform static code analysis on C / C++ code
[0.958s] -- Configured cppcheck include dirs: /home/a/ros2_ws/src/px4_ros_com/include;$<BUILD_INTERFACE:/home/a/ros2_ws/src/px4_ros_com/include/px4_ros_com>
[0.958s] -- Configured cppcheck exclude dirs and/or files: 
[0.962s] -- Added test 'cpplint' to check C / C++ code against the Google style
[0.962s] -- Configured cpplint exclude dirs and/or files: 
[0.963s] -- Added test 'flake8' to check Python code syntax and style conventions
[0.965s] -- Added test 'lint_cmake' to check CMake code style
[0.966s] -- Added test 'pep257' to check Python code against some of the style conventions in PEP 257
[0.970s] -- Added test 'uncrustify' to check C / C++ code style
[0.970s] -- Configured uncrustify additional arguments: 
[0.971s] -- Added test 'xmllint' to check XML markup files
[0.979s] -- Configuring done
[1.020s] -- Generating done
[1.034s] -- Build files have been written to: /home/a/ros2_ws/build/px4_ros_com
[1.092s] [ 14%] Built target frame_transforms
[1.098s] [ 28%] Built target offboard_control
[1.136s] [ 42%] Built target my_uav_node
[1.142s] [ 57%] Built target sensor_combined_listener
[1.182s] [ 71%] Built target vehicle_gps_position_listener
[1.182s] [ 85%] Built target debug_vect_advertiser
[1.197s] [35m[1mScanning dependencies of target vehicle_attitude_listener[0m
[1.248s] [ 92%] [32mBuilding CXX object CMakeFiles/vehicle_attitude_listener.dir/src/examples/listeners/vehicle_attitude_listener.cpp.o[0m
[3.592s] [01m[K/home/a/ros2_ws/src/px4_ros_com/src/examples/listeners/vehicle_attitude_listener.cpp:[m[K In lambda function:
[3.592s] [01m[K/home/a/ros2_ws/src/px4_ros_com/src/examples/listeners/vehicle_attitude_listener.cpp:37:35:[m[K [01;31m[Kerror: [m[Kno match for ‘[01m[Koperator<<[m[K’ (operand types are ‘[01m[Kstd::basic_ostream<char>[m[K’ and ‘[01m[Kpx4_msgs::msg::VehicleAttitude_<std::allocator<void> >::_delta_q_reset_type[m[K’ {aka ‘[01m[Kstd::array<float, 4>[m[K’})
[3.592s]    37 |    [32m[Kstd::cout << "delta_q_reset: "[m[K [01;31m[K<<[m[K [34m[Kmsg->delta_q_reset[m[K << std::endl;
[3.592s]       |    [32m[K~~~~~~~~~~~~~~~~~~~~~~~~~~~~~~[m[K [01;31m[K^~[m[K [34m[K~~~~~~~~~~~~~~~~~~[m[K
[3.593s]       |              [32m[K|[m[K                            [34m[K|[m[K
[3.593s]       |              [32m[Kstd::basic_ostream<char>[m[K     [34m[Kpx4_msgs::msg::VehicleAttitude_<std::allocator<void> >::_delta_q_reset_type {aka std::array<float, 4>}[m[K
[3.593s] In file included from [01m[K/usr/include/c++/9/iostream:39[m[K,
[3.594s]                  from [01m[K/opt/ros/galactic/include/rclcpp/executor.hpp:22[m[K,
[3.594s]                  from [01m[K/opt/ros/galactic/include/rclcpp/executors/multi_threaded_executor.hpp:26[m[K,
[3.594s]                  from [01m[K/opt/ros/galactic/include/rclcpp/executors.hpp:21[m[K,
[3.594s]                  from [01m[K/opt/ros/galactic/include/rclcpp/rclcpp.hpp:156[m[K,
[3.596s]                  from [01m[K/home/a/ros2_ws/src/px4_ros_com/src/examples/listeners/vehicle_attitude_listener.cpp:13[m[K:
[3.596s] [01m[K/usr/include/c++/9/ostream:108:7:[m[K [01;36m[Knote: [m[Kcandidate: ‘[01m[Kstd::basic_ostream<_CharT, _Traits>::__ostream_type& std::basic_ostream<_CharT, _Traits>::operator<<(std::basic_ostream<_CharT, _Traits>::__ostream_type& (*)(std::basic_ostream<_CharT, _Traits>::__ostream_type&)) [with _CharT = char; _Traits = std::char_traits<char>; std::basic_ostream<_CharT, _Traits>::__ostream_type = std::basic_ostream<char>][m[K’
[3.596s]   108 |       [01;36m[Koperator[m[K<<(__ostream_type& (*__pf)(__ostream_type&))
[3.596s]       |       [01;36m[K^~~~~~~~[m[K
[3.596s] [01m[K/usr/include/c++/9/ostream:108:36:[m[K [01;36m[Knote: [m[K  no known conversion for argument 1 from ‘[01m[Kpx4_msgs::msg::VehicleAttitude_<std::allocator<void> >::_delta_q_reset_type[m[K’ {aka ‘[01m[Kstd::array<float, 4>[m[K’} to ‘[01m[Kstd::basic_ostream<char>::__ostream_type& (*)(std::basic_ostream<char>::__ostream_type&)[m[K’ {aka ‘[01m[Kstd::basic_ostream<char>& (*)(std::basic_ostream<char>&)[m[K’}
[3.596s]   108 |       operator<<([01;36m[K__ostream_type& (*__pf)(__ostream_type&)[m[K)
[3.596s]       |                  [01;36m[K~~~~~~~~~~~~~~~~~~^~~~~~~~~~~~~~~~~~~~~~[m[K
[3.596s] [01m[K/usr/include/c++/9/ostream:117:7:[m[K [01;36m[Knote: [m[Kcandidate: ‘[01m[Kstd::basic_ostream<_CharT, _Traits>::__ostream_type& std::basic_ostream<_CharT, _Traits>::operator<<(std::basic_ostream<_CharT, _Traits>::__ios_type& (*)(std::basic_ostream<_CharT, _Traits>::__ios_type&)) [with _CharT = char; _Traits = std::char_traits<char>; std::basic_ostream<_CharT, _Traits>::__ostream_type = std::basic_ostream<char>; std::basic_ostream<_CharT, _Traits>::__ios_type = std::basic_ios<char>][m[K’
[3.596s]   117 |       [01;36m[Koperator[m[K<<(__ios_type& (*__pf)(__ios_type&))
[3.596s]       |       [01;36m[K^~~~~~~~[m[K
[3.596s] [01m[K/usr/include/c++/9/ostream:117:32:[m[K [01;36m[Knote: [m[K  no known conversion for argument 1 from ‘[01m[Kpx4_msgs::msg::VehicleAttitude_<std::allocator<void> >::_delta_q_reset_type[m[K’ {aka ‘[01m[Kstd::array<float, 4>[m[K’} to ‘[01m[Kstd::basic_ostream<char>::__ios_type& (*)(std::basic_ostream<char>::__ios_type&)[m[K’ {aka ‘[01m[Kstd::basic_ios<char>& (*)(std::basic_ios<char>&)[m[K’}
[3.596s]   117 |       operator<<([01;36m[K__ios_type& (*__pf)(__ios_type&)[m[K)
[3.597s]       |                  [01;36m[K~~~~~~~~~~~~~~^~~~~~~~~~~~~~~~~~[m[K
[3.597s] [01m[K/usr/include/c++/9/ostream:127:7:[m[K [01;36m[Knote: [m[Kcandidate: ‘[01m[Kstd::basic_ostream<_CharT, _Traits>::__ostream_type& std::basic_ostream<_CharT, _Traits>::operator<<(std::ios_base& (*)(std::ios_base&)) [with _CharT = char; _Traits = std::char_traits<char>; std::basic_ostream<_CharT, _Traits>::__ostream_type = std::basic_ostream<char>][m[K’
[3.597s]   127 |       [01;36m[Koperator[m[K<<(ios_base& (*__pf) (ios_base&))
[3.597s]       |       [01;36m[K^~~~~~~~[m[K
[3.597s] [01m[K/usr/include/c++/9/ostream:127:30:[m[K [01;36m[Knote: [m[K  no known conversion for argument 1 from ‘[01m[Kpx4_msgs::msg::VehicleAttitude_<std::allocator<void> >::_delta_q_reset_type[m[K’ {aka ‘[01m[Kstd::array<float, 4>[m[K’} to ‘[01m[Kstd::ios_base& (*)(std::ios_base&)[m[K’
[3.597s]   127 |       operator<<([01;36m[Kios_base& (*__pf) (ios_base&)[m[K)
[3.597s]       |                  [01;36m[K~~~~~~~~~~~~^~~~~~~~~~~~~~~~~[m[K
[3.597s] [01m[K/usr/include/c++/9/ostream:166:7:[m[K [01;36m[Knote: [m[Kcandidate: ‘[01m[Kstd::basic_ostream<_CharT, _Traits>::__ostream_type& std::basic_ostream<_CharT, _Traits>::operator<<(long int) [with _CharT = char; _Traits = std::char_traits<char>; std::basic_ostream<_CharT, _Traits>::__ostream_type = std::basic_ostream<char>][m[K’
[3.597s]   166 |       [01;36m[Koperator[m[K<<(long __n)
[3.598s]       |       [01;36m[K^~~~~~~~[m[K
[3.598s] [01m[K/usr/include/c++/9/ostream:166:23:[m[K [01;36m[Knote: [m[K  no known conversion for argument 1 from ‘[01m[Kpx4_msgs::msg::VehicleAttitude_<std::allocator<void> >::_delta_q_reset_type[m[K’ {aka ‘[01m[Kstd::array<float, 4>[m[K’} to ‘[01m[Klong int[m[K’
[3.598s]   166 |       operator<<([01;36m[Klong __n[m[K)
[3.598s]       |                  [01;36m[K~~~~~^~~[m[K
[3.598s] [01m[K/usr/include/c++/9/ostream:170:7:[m[K [01;36m[Knote: [m[Kcandidate: ‘[01m[Kstd::basic_ostream<_CharT, _Traits>::__ostream_type& std::basic_ostream<_CharT, _Traits>::operator<<(long unsigned int) [with _CharT = char; _Traits = std::char_traits<char>; std::basic_ostream<_CharT, _Traits>::__ostream_type = std::basic_ostream<char>][m[K’
[3.598s]   170 |       [01;36m[Koperator[m[K<<(unsigned long __n)
[3.598s]       |       [01;36m[K^~~~~~~~[m[K
[3.598s] [01m[K/usr/include/c++/9/ostream:170:32:[m[K [01;36m[Knote: [m[K  no known conversion for argument 1 from ‘[01m[Kpx4_msgs::msg::VehicleAttitude_<std::allocator<void> >::_delta_q_reset_type[m[K’ {aka ‘[01m[Kstd::array<float, 4>[m[K’} to ‘[01m[Klong unsigned int[m[K’
[3.598s]   170 |       operator<<([01;36m[Kunsigned long __n[m[K)
[3.598s]       |                  [01;36m[K~~~~~~~~~~~~~~^~~[m[K
[3.599s] [01m[K/usr/include/c++/9/ostream:174:7:[m[K [01;36m[Knote: [m[Kcandidate: ‘[01m[Kstd::basic_ostream<_CharT, _Traits>::__ostream_type& std::basic_ostream<_CharT, _Traits>::operator<<(bool) [with _CharT = char; _Traits = std::char_traits<char>; std::basic_ostream<_CharT, _Traits>::__ostream_type = std::basic_ostream<char>][m[K’
[3.599s]   174 |       [01;36m[Koperator[m[K<<(bool __n)
[3.599s]       |       [01;36m[K^~~~~~~~[m[K
[3.599s] [01m[K/usr/include/c++/9/ostream:174:23:[m[K [01;36m[Knote: [m[K  no known conversion for argument 1 from ‘[01m[Kpx4_msgs::msg::VehicleAttitude_<std::allocator<void> >::_delta_q_reset_type[m[K’ {aka ‘[01m[Kstd::array<float, 4>[m[K’} to ‘[01m[Kbool[m[K’
[3.599s]   174 |       operator<<([01;36m[Kbool __n[m[K)
[3.599s]       |                  [01;36m[K~~~~~^~~[m[K
[3.599s] In file included from [01m[K/usr/include/c++/9/ostream:702[m[K,
[3.599s]                  from [01m[K/usr/include/c++/9/iostream:39[m[K,
[3.599s]                  from [01m[K/opt/ros/galactic/include/rclcpp/executor.hpp:22[m[K,
[3.599s]                  from [01m[K/opt/ros/galactic/include/rclcpp/executors/multi_threaded_executor.hpp:26[m[K,
[3.599s]                  from [01m[K/opt/ros/galactic/include/rclcpp/executors.hpp:21[m[K,
[3.599s]                  from [01m[K/opt/ros/galactic/include/rclcpp/rclcpp.hpp:156[m[K,
[3.600s]                  from [01m[K/home/a/ros2_ws/src/px4_ros_com/src/examples/listeners/vehicle_attitude_listener.cpp:13[m[K:
[3.600s] [01m[K/usr/include/c++/9/bits/ostream.tcc:91:5:[m[K [01;36m[Knote: [m[Kcandidate: ‘[01m[Kstd::basic_ostream<_CharT, _Traits>& std::basic_ostream<_CharT, _Traits>::operator<<(short int) [with _CharT = char; _Traits = std::char_traits<char>][m[K’
[3.600s]    91 |     [01;36m[Kbasic_ostream<_CharT, _Traits>[m[K::
[3.600s]       |     [01;36m[K^~~~~~~~~~~~~~~~~~~~~~~~~~~~~~[m[K
[3.600s] [01m[K/usr/include/c++/9/bits/ostream.tcc:92:22:[m[K [01;36m[Knote: [m[K  no known conversion for argument 1 from ‘[01m[Kpx4_msgs::msg::VehicleAttitude_<std::allocator<void> >::_delta_q_reset_type[m[K’ {aka ‘[01m[Kstd::array<float, 4>[m[K’} to ‘[01m[Kshort int[m[K’
[3.600s]    92 |     operator<<([01;36m[Kshort __n[m[K)
[3.600s]       |                [01;36m[K~~~~~~^~~[m[K
[3.600s] In file included from [01m[K/usr/include/c++/9/iostream:39[m[K,
[3.600s]                  from [01m[K/opt/ros/galactic/include/rclcpp/executor.hpp:22[m[K,
[3.600s]                  from [01m[K/opt/ros/galactic/include/rclcpp/executors/multi_threaded_executor.hpp:26[m[K,
[3.600s]                  from [01m[K/opt/ros/galactic/include/rclcpp/executors.hpp:21[m[K,
[3.601s]                  from [01m[K/opt/ros/galactic/include/rclcpp/rclcpp.hpp:156[m[K,
[3.601s]                  from [01m[K/home/a/ros2_ws/src/px4_ros_com/src/examples/listeners/vehicle_attitude_listener.cpp:13[m[K:
[3.601s] [01m[K/usr/include/c++/9/ostream:181:7:[m[K [01;36m[Knote: [m[Kcandidate: ‘[01m[Kstd::basic_ostream<_CharT, _Traits>::__ostream_type& std::basic_ostream<_CharT, _Traits>::operator<<(short unsigned int) [with _CharT = char; _Traits = std::char_traits<char>; std::basic_ostream<_CharT, _Traits>::__ostream_type = std::basic_ostream<char>][m[K’
[3.601s]   181 |       [01;36m[Koperator[m[K<<(unsigned short __n)
[3.601s]       |       [01;36m[K^~~~~~~~[m[K
[3.601s] [01m[K/usr/include/c++/9/ostream:181:33:[m[K [01;36m[Knote: [m[K  no known conversion for argument 1 from ‘[01m[Kpx4_msgs::msg::VehicleAttitude_<std::allocator<void> >::_delta_q_reset_type[m[K’ {aka ‘[01m[Kstd::array<float, 4>[m[K’} to ‘[01m[Kshort unsigned int[m[K’
[3.601s]   181 |       operator<<([01;36m[Kunsigned short __n[m[K)
[3.601s]       |                  [01;36m[K~~~~~~~~~~~~~~~^~~[m[K
[3.601s] In file included from [01m[K/usr/include/c++/9/ostream:702[m[K,
[3.601s]                  from [01m[K/usr/include/c++/9/iostream:39[m[K,
[3.601s]                  from [01m[K/opt/ros/galactic/include/rclcpp/executor.hpp:22[m[K,
[3.602s]                  from [01m[K/opt/ros/galactic/include/rclcpp/executors/multi_threaded_executor.hpp:26[m[K,
[3.602s]                  from [01m[K/opt/ros/galactic/include/rclcpp/executors.hpp:21[m[K,
[3.602s]                  from [01m[K/opt/ros/galactic/include/rclcpp/rclcpp.hpp:156[m[K,
[3.602s]                  from [01m[K/home/a/ros2_ws/src/px4_ros_com/src/examples/listeners/vehicle_attitude_listener.cpp:13[m[K:
[3.602s] [01m[K/usr/include/c++/9/bits/ostream.tcc:105:5:[m[K [01;36m[Knote: [m[Kcandidate: ‘[01m[Kstd::basic_ostream<_CharT, _Traits>& std::basic_ostream<_CharT, _Traits>::operator<<(int) [with _CharT = char; _Traits = std::char_traits<char>][m[K’
[3.602s]   105 |     [01;36m[Kbasic_ostream<_CharT, _Traits>[m[K::
[3.602s]       |     [01;36m[K^~~~~~~~~~~~~~~~~~~~~~~~~~~~~~[m[K
[3.602s] [01m[K/usr/include/c++/9/bits/ostream.tcc:106:20:[m[K [01;36m[Knote: [m[K  no known conversion for argument 1 from ‘[01m[Kpx4_msgs::msg::VehicleAttitude_<std::allocator<void> >::_delta_q_reset_type[m[K’ {aka ‘[01m[Kstd::array<float, 4>[m[K’} to ‘[01m[Kint[m[K’
[3.602s]   106 |     operator<<([01;36m[Kint __n[m[K)
[3.602s]       |                [01;36m[K~~~~^~~[m[K
[3.602s] In file included from [01m[K/usr/include/c++/9/iostream:39[m[K,
[3.602s]                  from [01m[K/opt/ros/galactic/include/rclcpp/executor.hpp:22[m[K,
[3.602s]                  from [01m[K/opt/ros/galactic/include/rclcpp/executors/multi_threaded_executor.hpp:26[m[K,
[3.602s]                  from [01m[K/opt/ros/galactic/include/rclcpp/executors.hpp:21[m[K,
[3.602s]                  from [01m[K/opt/ros/galactic/include/rclcpp/rclcpp.hpp:156[m[K,
[3.602s]                  from [01m[K/home/a/ros2_ws/src/px4_ros_com/src/examples/listeners/vehicle_attitude_listener.cpp:13[m[K:
[3.602s] [01m[K/usr/include/c++/9/ostream:192:7:[m[K [01;36m[Knote: [m[Kcandidate: ‘[01m[Kstd::basic_ostream<_CharT, _Traits>::__ostream_type& std::basic_ostream<_CharT, _Traits>::operator<<(unsigned int) [with _CharT = char; _Traits = std::char_traits<char>; std::basic_ostream<_CharT, _Traits>::__ostream_type = std::basic_ostream<char>][m[K’
[3.602s]   192 |       [01;36m[Koperator[m[K<<(unsigned int __n)
[3.603s]       |       [01;36m[K^~~~~~~~[m[K
[3.603s] [01m[K/usr/include/c++/9/ostream:192:31:[m[K [01;36m[Knote: [m[K  no known conversion for argument 1 from ‘[01m[Kpx4_msgs::msg::VehicleAttitude_<std::allocator<void> >::_delta_q_reset_type[m[K’ {aka ‘[01m[Kstd::array<float, 4>[m[K’} to ‘[01m[Kunsigned int[m[K’
[3.603s]   192 |       operator<<([01;36m[Kunsigned int __n[m[K)
[3.603s]       |                  [01;36m[K~~~~~~~~~~~~~^~~[m[K
[3.603s] [01m[K/usr/include/c++/9/ostream:201:7:[m[K [01;36m[Knote: [m[Kcandidate: ‘[01m[Kstd::basic_ostream<_CharT, _Traits>::__ostream_type& std::basic_ostream<_CharT, _Traits>::operator<<(long long int) [with _CharT = char; _Traits = std::char_traits<char>; std::basic_ostream<_CharT, _Traits>::__ostream_type = std::basic_ostream<char>][m[K’
[3.603s]   201 |       [01;36m[Koperator[m[K<<(long long __n)
[3.603s]       |       [01;36m[K^~~~~~~~[m[K
[3.603s] [01m[K/usr/include/c++/9/ostream:201:28:[m[K [01;36m[Knote: [m[K  no known conversion for argument 1 from ‘[01m[Kpx4_msgs::msg::VehicleAttitude_<std::allocator<void> >::_delta_q_reset_type[m[K’ {aka ‘[01m[Kstd::array<float, 4>[m[K’} to ‘[01m[Klong long int[m[K’
[3.603s]   201 |       operator<<([01;36m[Klong long __n[m[K)
[3.603s]       |                  [01;36m[K~~~~~~~~~~^~~[m[K
[3.603s] [01m[K/usr/include/c++/9/ostream:205:7:[m[K [01;36m[Knote: [m[Kcandidate: ‘[01m[Kstd::basic_ostream<_CharT, _Traits>::__ostream_type& std::basic_ostream<_CharT, _Traits>::operator<<(long long unsigned int) [with _CharT = char; _Traits = std::char_traits<char>; std::basic_ostream<_CharT, _Traits>::__ostream_type = std::basic_ostream<char>][m[K’
[3.603s]   205 |       [01;36m[Koperator[m[K<<(unsigned long long __n)
[3.603s]       |       [01;36m[K^~~~~~~~[m[K
[3.603s] [01m[K/usr/include/c++/9/ostream:205:37:[m[K [01;36m[Knote: [m[K  no known conversion for argument 1 from ‘[01m[Kpx4_msgs::msg::VehicleAttitude_<std::allocator<void> >::_delta_q_reset_type[m[K’ {aka ‘[01m[Kstd::array<float, 4>[m[K’} to ‘[01m[Klong long unsigned int[m[K’
[3.603s]   205 |       operator<<([01;36m[Kunsigned long long __n[m[K)
[3.603s]       |                  [01;36m[K~~~~~~~~~~~~~~~~~~~^~~[m[K
[3.603s] [01m[K/usr/include/c++/9/ostream:220:7:[m[K [01;36m[Knote: [m[Kcandidate: ‘[01m[Kstd::basic_ostream<_CharT, _Traits>::__ostream_type& std::basic_ostream<_CharT, _Traits>::operator<<(double) [with _CharT = char; _Traits = std::char_traits<char>; std::basic_ostream<_CharT, _Traits>::__ostream_type = std::basic_ostream<char>][m[K’
[3.603s]   220 |       [01;36m[Koperator[m[K<<(double __f)
[3.603s]       |       [01;36m[K^~~~~~~~[m[K
[3.603s] [01m[K/usr/include/c++/9/ostream:220:25:[m[K [01;36m[Knote: [m[K  no known conversion for argument 1 from ‘[01m[Kpx4_msgs::msg::VehicleAttitude_<std::allocator<void> >::_delta_q_reset_type[m[K’ {aka ‘[01m[Kstd::array<float, 4>[m[K’} to ‘[01m[Kdouble[m[K’
[3.603s]   220 |       operator<<([01;36m[Kdouble __f[m[K)
[3.604s]       |                  [01;36m[K~~~~~~~^~~[m[K
[3.604s] [01m[K/usr/include/c++/9/ostream:224:7:[m[K [01;36m[Knote: [m[Kcandidate: ‘[01m[Kstd::basic_ostream<_CharT, _Traits>::__ostream_type& std::basic_ostream<_CharT, _Traits>::operator<<(float) [with _CharT = char; _Traits = std::char_traits<char>; std::basic_ostream<_CharT, _Traits>::__ostream_type = std::basic_ostream<char>][m[K’
[3.604s]   224 |       [01;36m[Koperator[m[K<<(float __f)
[3.604s]       |       [01;36m[K^~~~~~~~[m[K
[3.604s] [01m[K/usr/include/c++/9/ostream:224:24:[m[K [01;36m[Knote: [m[K  no known conversion for argument 1 from ‘[01m[Kpx4_msgs::msg::VehicleAttitude_<std::allocator<void> >::_delta_q_reset_type[m[K’ {aka ‘[01m[Kstd::array<float, 4>[m[K’} to ‘[01m[Kfloat[m[K’
[3.604s]   224 |       operator<<([01;36m[Kfloat __f[m[K)
[3.604s]       |                  [01;36m[K~~~~~~^~~[m[K
[3.604s] [01m[K/usr/include/c++/9/ostream:232:7:[m[K [01;36m[Knote: [m[Kcandidate: ‘[01m[Kstd::basic_ostream<_CharT, _Traits>::__ostream_type& std::basic_ostream<_CharT, _Traits>::operator<<(long double) [with _CharT = char; _Traits = std::char_traits<char>; std::basic_ostream<_CharT, _Traits>::__ostream_type = std::basic_ostream<char>][m[K’
[3.604s]   232 |       [01;36m[Koperator[m[K<<(long double __f)
[3.604s]       |       [01;36m[K^~~~~~~~[m[K
[3.604s] [01m[K/usr/include/c++/9/ostream:232:30:[m[K [01;36m[Knote: [m[K  no known conversion for argument 1 from ‘[01m[Kpx4_msgs::msg::VehicleAttitude_<std::allocator<void> >::_delta_q_reset_type[m[K’ {aka ‘[01m[Kstd::array<float, 4>[m[K’} to ‘[01m[Klong double[m[K’
[3.604s]   232 |       operator<<([01;36m[Klong double __f[m[K)
[3.604s]       |                  [01;36m[K~~~~~~~~~~~~^~~[m[K
[3.604s] [01m[K/usr/include/c++/9/ostream:245:7:[m[K [01;36m[Knote: [m[Kcandidate: ‘[01m[Kstd::basic_ostream<_CharT, _Traits>::__ostream_type& std::basic_ostream<_CharT, _Traits>::operator<<(const void*) [with _CharT = char; _Traits = std::char_traits<char>; std::basic_ostream<_CharT, _Traits>::__ostream_type = std::basic_ostream<char>][m[K’
[3.604s]   245 |       [01;36m[Koperator[m[K<<(const void* __p)
[3.604s]       |       [01;36m[K^~~~~~~~[m[K
[3.604s] [01m[K/usr/include/c++/9/ostream:245:30:[m[K [01;36m[Knote: [m[K  no known conversion for argument 1 from ‘[01m[Kpx4_msgs::msg::VehicleAttitude_<std::allocator<void> >::_delta_q_reset_type[m[K’ {aka ‘[01m[Kstd::array<float, 4>[m[K’} to ‘[01m[Kconst void*[m[K’
[3.605s]   245 |       operator<<([01;36m[Kconst void* __p[m[K)
[3.605s]       |                  [01;36m[K~~~~~~~~~~~~^~~[m[K
[3.605s] [01m[K/usr/include/c++/9/ostream:250:7:[m[K [01;36m[Knote: [m[Kcandidate: ‘[01m[Kstd::basic_ostream<_CharT, _Traits>::__ostream_type& std::basic_ostream<_CharT, _Traits>::operator<<(std::nullptr_t) [with _CharT = char; _Traits = std::char_traits<char>; std::basic_ostream<_CharT, _Traits>::__ostream_type = std::basic_ostream<char>; std::nullptr_t = std::nullptr_t][m[K’
[3.605s]   250 |       [01;36m[Koperator[m[K<<(nullptr_t)
[3.605s]       |       [01;36m[K^~~~~~~~[m[K
[3.605s] [01m[K/usr/include/c++/9/ostream:250:18:[m[K [01;36m[Knote: [m[K  no known conversion for argument 1 from ‘[01m[Kpx4_msgs::msg::VehicleAttitude_<std::allocator<void> >::_delta_q_reset_type[m[K’ {aka ‘[01m[Kstd::array<float, 4>[m[K’} to ‘[01m[Kstd::nullptr_t[m[K’
[3.605s]   250 |       operator<<([01;36m[Knullptr_t[m[K)
[3.605s]       |                  [01;36m[K^~~~~~~~~[m[K
[3.605s] In file included from [01m[K/usr/include/c++/9/ostream:702[m[K,
[3.605s]                  from [01m[K/usr/include/c++/9/iostream:39[m[K,
[3.605s]                  from [01m[K/opt/ros/galactic/include/rclcpp/executor.hpp:22[m[K,
[3.605s]                  from [01m[K/opt/ros/galactic/include/rclcpp/executors/multi_threaded_executor.hpp:26[m[K,
[3.605s]                  from [01m[K/opt/ros/galactic/include/rclcpp/executors.hpp:21[m[K,
[3.605s]                  from [01m[K/opt/ros/galactic/include/rclcpp/rclcpp.hpp:156[m[K,
[3.605s]                  from [01m[K/home/a/ros2_ws/src/px4_ros_com/src/examples/listeners/vehicle_attitude_listener.cpp:13[m[K:
[3.605s] [01m[K/usr/include/c++/9/bits/ostream.tcc:119:5:[m[K [01;36m[Knote: [m[Kcandidate: ‘[01m[Kstd::basic_ostream<_CharT, _Traits>& std::basic_ostream<_CharT, _Traits>::operator<<(std::basic_ostream<_CharT, _Traits>::__streambuf_type*) [with _CharT = char; _Traits = std::char_traits<char>; std::basic_ostream<_CharT, _Traits>::__streambuf_type = std::basic_streambuf<char>][m[K’
[3.605s]   119 |     [01;36m[Kbasic_ostream<_CharT, _Traits>[m[K::
[3.606s]       |     [01;36m[K^~~~~~~~~~~~~~~~~~~~~~~~~~~~~~[m[K
[3.606s] [01m[K/usr/include/c++/9/bits/ostream.tcc:120:34:[m[K [01;36m[Knote: [m[K  no known conversion for argument 1 from ‘[01m[Kpx4_msgs::msg::VehicleAttitude_<std::allocator<void> >::_delta_q_reset_type[m[K’ {aka ‘[01m[Kstd::array<float, 4>[m[K’} to ‘[01m[Kstd::basic_ostream<char>::__streambuf_type*[m[K’ {aka ‘[01m[Kstd::basic_streambuf<char>*[m[K’}
[3.606s]   120 |     operator<<([01;36m[K__streambuf_type* __sbin[m[K)
[3.606s]       |                [01;36m[K~~~~~~~~~~~~~~~~~~^~~~~~[m[K
[3.606s] In file included from [01m[K/usr/include/c++/9/bits/basic_string.h:48[m[K,
[3.606s]                  from [01m[K/usr/include/c++/9/string:55[m[K,
[3.606s]                  from [01m[K/usr/include/c++/9/stdexcept:39[m[K,
[3.606s]                  from [01m[K/usr/include/c++/9/array:39[m[K,
[3.606s]                  from [01m[K/usr/include/c++/9/tuple:39[m[K,
[3.606s]                  from [01m[K/usr/include/c++/9/bits/unique_ptr.h:37[m[K,
[3.606s]                  from [01m[K/usr/include/c++/9/memory:80[m[K,
[3.606s]                  from [01m[K/opt/ros/galactic/include/rclcpp/rclcpp.hpp:154[m[K,
[3.606s]                  from [01m[K/home/a/ros2_ws/src/px4_ros_com/src/examples/listeners/vehicle_attitude_listener.cpp:13[m[K:
[3.606s] [01m[K/usr/include/c++/9/string_view:580:5:[m[K [01;36m[Knote: [m[Kcandidate: ‘[01m[Ktemplate<class _CharT, class _Traits> std::basic_ostream<_CharT, _Traits>& std::operator<<(std::basic_ostream<_CharT, _Traits>&, std::basic_string_view<_CharT, _Traits>)[m[K’
[3.606s]   580 |     [01;36m[Koperator[m[K<<(basic_ostream<_CharT, _Traits>& __os,
[3.606s]       |     [01;36m[K^~~~~~~~[m[K
[3.606s] [01m[K/usr/include/c++/9/string_view:580:5:[m[K [01;36m[Knote: [m[K  template argument deduction/substitution failed:
[3.606s] [01m[K/home/a/ros2_ws/src/px4_ros_com/src/examples/listeners/vehicle_attitude_listener.cpp:37:43:[m[K [01;36m[Knote: [m[K  ‘[01m[Kstd::array<float, 4>[m[K’ is not derived from ‘[01m[Kstd::basic_string_view<_CharT, _Traits>[m[K’
[3.606s]    37 |    std::cout << "delta_q_reset: " << msg->[01;36m[Kdelta_q_reset[m[K << std::endl;
[3.606s]       |                                           [01;36m[K^~~~~~~~~~~~~[m[K
[3.607s] In file included from [01m[K/usr/include/c++/9/string:55[m[K,
[3.607s]                  from [01m[K/usr/include/c++/9/stdexcept:39[m[K,
[3.607s]                  from [01m[K/usr/include/c++/9/array:39[m[K,
[3.607s]                  from [01m[K/usr/include/c++/9/tuple:39[m[K,
[3.607s]                  from [01m[K/usr/include/c++/9/bits/unique_ptr.h:37[m[K,
[3.607s]                  from [01m[K/usr/include/c++/9/memory:80[m[K,
[3.607s]                  from [01m[K/opt/ros/galactic/include/rclcpp/rclcpp.hpp:154[m[K,
[3.607s]                  from [01m[K/home/a/ros2_ws/src/px4_ros_com/src/examples/listeners/vehicle_attitude_listener.cpp:13[m[K:
[3.607s] [01m[K/usr/include/c++/9/bits/basic_string.h:6419:5:[m[K [01;36m[Knote: [m[Kcandidate: ‘[01m[Ktemplate<class _CharT, class _Traits, class _Alloc> std::basic_ostream<_CharT, _Traits>& std::operator<<(std::basic_ostream<_CharT, _Traits>&, const std::__cxx11::basic_string<_CharT, _Traits, _Allocator>&)[m[K’
[3.607s]  6419 |     [01;36m[Koperator[m[K<<(basic_ostream<_CharT, _Traits>& __os,
[3.607s]       |     [01;36m[K^~~~~~~~[m[K
[3.607s] [01m[K/usr/include/c++/9/bits/basic_string.h:6419:5:[m[K [01;36m[Knote: [m[K  template argument deduction/substitution failed:
[3.607s] [01m[K/home/a/ros2_ws/src/px4_ros_com/src/examples/listeners/vehicle_attitude_listener.cpp:37:43:[m[K [01;36m[Knote: [m[K  ‘[01m[Kpx4_msgs::msg::VehicleAttitude_<std::allocator<void> >::_delta_q_reset_type[m[K’ {aka ‘[01m[Kstd::array<float, 4>[m[K’} is not derived from ‘[01m[Kconst std::__cxx11::basic_string<_CharT, _Traits, _Allocator>[m[K’
[3.607s]    37 |    std::cout << "delta_q_reset: " << msg->[01;36m[Kdelta_q_reset[m[K << std::endl;
[3.607s]       |                                           [01;36m[K^~~~~~~~~~~~~[m[K
[3.607s] In file included from [01m[K/usr/include/c++/9/memory:81[m[K,
[3.607s]                  from [01m[K/opt/ros/galactic/include/rclcpp/rclcpp.hpp:154[m[K,
[3.607s]                  from [01m[K/home/a/ros2_ws/src/px4_ros_com/src/examples/listeners/vehicle_attitude_listener.cpp:13[m[K:
[3.608s] [01m[K/usr/include/c++/9/bits/shared_ptr.h:66:5:[m[K [01;36m[Knote: [m[Kcandidate: ‘[01m[Ktemplate<class _Ch, class _Tr, class _Tp, __gnu_cxx::_Lock_policy _Lp> std::basic_ostream<_CharT, _Traits>& std::operator<<(std::basic_ostream<_CharT, _Traits>&, const std::__shared_ptr<_Tp, _Lp>&)[m[K’
[3.608s]    66 |     [01;36m[Koperator[m[K<<(std::basic_ostream<_Ch, _Tr>& __os,
[3.608s]       |     [01;36m[K^~~~~~~~[m[K
[3.608s] [01m[K/usr/include/c++/9/bits/shared_ptr.h:66:5:[m[K [01;36m[Knote: [m[K  template argument deduction/substitution failed:
[3.608s] [01m[K/home/a/ros2_ws/src/px4_ros_com/src/examples/listeners/vehicle_attitude_listener.cpp:37:43:[m[K [01;36m[Knote: [m[K  ‘[01m[Kpx4_msgs::msg::VehicleAttitude_<std::allocator<void> >::_delta_q_reset_type[m[K’ {aka ‘[01m[Kstd::array<float, 4>[m[K’} is not derived from ‘[01m[Kconst std::__shared_ptr<_Tp, _Lp>[m[K’
[3.608s]    37 |    std::cout << "delta_q_reset: " << msg->[01;36m[Kdelta_q_reset[m[K << std::endl;
[3.608s]       |                                           [01;36m[K^~~~~~~~~~~~~[m[K
[3.608s] In file included from [01m[K/usr/include/c++/9/mutex:42[m[K,
[3.608s]                  from [01m[K/usr/include/c++/9/future:38[m[K,
[3.608s]                  from [01m[K/opt/ros/galactic/include/rclcpp/executors.hpp:18[m[K,
[3.608s]                  from [01m[K/opt/ros/galactic/include/rclcpp/rclcpp.hpp:156[m[K,
[3.608s]                  from [01m[K/home/a/ros2_ws/src/px4_ros_com/src/examples/listeners/vehicle_attitude_listener.cpp:13[m[K:
[3.608s] [01m[K/usr/include/c++/9/system_error:217:5:[m[K [01;36m[Knote: [m[Kcandidate: ‘[01m[Ktemplate<class _CharT, class _Traits> std::basic_ostream<_CharT, _Traits>& std::operator<<(std::basic_ostream<_CharT, _Traits>&, const std::error_code&)[m[K’
[3.608s]   217 |     [01;36m[Koperator[m[K<<(basic_ostream<_CharT, _Traits>& __os, const error_code& __e)
[3.608s]       |     [01;36m[K^~~~~~~~[m[K
[3.608s] [01m[K/usr/include/c++/9/system_error:217:5:[m[K [01;36m[Knote: [m[K  template argument deduction/substitution failed:
[3.608s] [01m[K/home/a/ros2_ws/src/px4_ros_com/src/examples/listeners/vehicle_attitude_listener.cpp:37:43:[m[K [01;36m[Knote: [m[K  cannot convert ‘[01m[Kmsg.std::unique_ptr<px4_msgs::msg::VehicleAttitude_<std::allocator<void> >, std::default_delete<px4_msgs::msg::VehicleAttitude_<std::allocator<void> > > >::operator->()->px4_msgs::msg::VehicleAttitude_<std::allocator<void> >::delta_q_reset[m[K’ (type ‘[01m[Kpx4_msgs::msg::VehicleAttitude_<std::allocator<void> >::_delta_q_reset_type[m[K’ {aka ‘[01m[Kstd::array<float, 4>[m[K’}) to type ‘[01m[Kconst std::error_code&[m[K’
[3.608s]    37 |    std::cout << "delta_q_reset: " << [01;36m[Kmsg->delta_q_reset[m[K << std::endl;
[3.608s]       |                                      [01;36m[K~~~~~^~~~~~~~~~~~~[m[K
[3.609s] In file included from [01m[K/usr/include/c++/9/future:39[m[K,
[3.609s]                  from [01m[K/opt/ros/galactic/include/rclcpp/executors.hpp:18[m[K,
[3.609s]                  from [01m[K/opt/ros/galactic/include/rclcpp/rclcpp.hpp:156[m[K,
[3.609s]                  from [01m[K/home/a/ros2_ws/src/px4_ros_com/src/examples/listeners/vehicle_attitude_listener.cpp:13[m[K:
[3.609s] [01m[K/usr/include/c++/9/thread:322:5:[m[K [01;36m[Knote: [m[Kcandidate: ‘[01m[Ktemplate<class _CharT, class _Traits> std::basic_ostream<_CharT, _Traits>& std::operator<<(std::basic_ostream<_CharT, _Traits>&, std::thread::id)[m[K’
[3.609s]   322 |     [01;36m[Koperator[m[K<<(basic_ostream<_CharT, _Traits>& __out, thread::id __id)
[3.609s]       |     [01;36m[K^~~~~~~~[m[K
[3.609s] [01m[K/usr/include/c++/9/thread:322:5:[m[K [01;36m[Knote: [m[K  template argument deduction/substitution failed:
[3.609s] [01m[K/home/a/ros2_ws/src/px4_ros_com/src/examples/listeners/vehicle_attitude_listener.cpp:37:43:[m[K [01;36m[Knote: [m[K  cannot convert ‘[01m[Kmsg.std::unique_ptr<px4_msgs::msg::VehicleAttitude_<std::allocator<void> >, std::default_delete<px4_msgs::msg::VehicleAttitude_<std::allocator<void> > > >::operator->()->px4_msgs::msg::VehicleAttitude_<std::allocator<void> >::delta_q_reset[m[K’ (type ‘[01m[Kpx4_msgs::msg::VehicleAttitude_<std::allocator<void> >::_delta_q_reset_type[m[K’ {aka ‘[01m[Kstd::array<float, 4>[m[K’}) to type ‘[01m[Kstd::thread::id[m[K’
[3.609s]    37 |    std::cout << "delta_q_reset: " << [01;36m[Kmsg->delta_q_reset[m[K << std::endl;
[3.609s]       |                                      [01;36m[K~~~~~^~~~~~~~~~~~~[m[K
[3.609s] In file included from [01m[K/usr/include/c++/9/iostream:39[m[K,
[3.609s]                  from [01m[K/opt/ros/galactic/include/rclcpp/executor.hpp:22[m[K,
[3.609s]                  from [01m[K/opt/ros/galactic/include/rclcpp/executors/multi_threaded_executor.hpp:26[m[K,
[3.609s]                  from [01m[K/opt/ros/galactic/include/rclcpp/executors.hpp:21[m[K,
[3.609s]                  from [01m[K/opt/ros/galactic/include/rclcpp/rclcpp.hpp:156[m[K,
[3.609s]                  from [01m[K/home/a/ros2_ws/src/px4_ros_com/src/examples/listeners/vehicle_attitude_listener.cpp:13[m[K:
[3.609s] [01m[K/usr/include/c++/9/ostream:506:5:[m[K [01;36m[Knote: [m[Kcandidate: ‘[01m[Ktemplate<class _CharT, class _Traits> std::basic_ostream<_CharT, _Traits>& std::operator<<(std::basic_ostream<_CharT, _Traits>&, _CharT)[m[K’
[3.609s]   506 |     [01;36m[Koperator[m[K<<(basic_ostream<_CharT, _Traits>& __out, _CharT __c)
[3.609s]       |     [01;36m[K^~~~~~~~[m[K
[3.609s] [01m[K/usr/include/c++/9/ostream:506:5:[m[K [01;36m[Knote: [m[K  template argument deduction/substitution failed:
[3.610s] [01m[K/home/a/ros2_ws/src/px4_ros_com/src/examples/listeners/vehicle_attitude_listener.cpp:37:43:[m[K [01;36m[Knote: [m[K  deduced conflicting types for parameter ‘[01m[K_CharT[m[K’ (‘[01m[Kchar[m[K’ and ‘[01m[Kstd::array<float, 4>[m[K’)
[3.610s]    37 |    std::cout << "delta_q_reset: " << msg->[01;36m[Kdelta_q_reset[m[K << std::endl;
[3.610s]       |                                           [01;36m[K^~~~~~~~~~~~~[m[K
[3.610s] In file included from [01m[K/usr/include/c++/9/iostream:39[m[K,
[3.610s]                  from [01m[K/opt/ros/galactic/include/rclcpp/executor.hpp:22[m[K,
[3.610s]                  from [01m[K/opt/ros/galactic/include/rclcpp/executors/multi_threaded_executor.hpp:26[m[K,
[3.610s]                  from [01m[K/opt/ros/galactic/include/rclcpp/executors.hpp:21[m[K,
[3.610s]                  from [01m[K/opt/ros/galactic/include/rclcpp/rclcpp.hpp:156[m[K,
[3.610s]                  from [01m[K/home/a/ros2_ws/src/px4_ros_com/src/examples/listeners/vehicle_attitude_listener.cpp:13[m[K:
[3.610s] [01m[K/usr/include/c++/9/ostream:511:5:[m[K [01;36m[Knote: [m[Kcandidate: ‘[01m[Ktemplate<class _CharT, class _Traits> std::basic_ostream<_CharT, _Traits>& std::operator<<(std::basic_ostream<_CharT, _Traits>&, char)[m[K’
[3.610s]   511 |     [01;36m[Koperator[m[K<<(basic_ostream<_CharT, _Traits>& __out, char __c)
[3.610s]       |     [01;36m[K^~~~~~~~[m[K
[3.610s] [01m[K/usr/include/c++/9/ostream:511:5:[m[K [01;36m[Knote: [m[K  template argument deduction/substitution failed:
[3.610s] [01m[K/home/a/ros2_ws/src/px4_ros_com/src/examples/listeners/vehicle_attitude_listener.cpp:37:43:[m[K [01;36m[Knote: [m[K  cannot convert ‘[01m[Kmsg.std::unique_ptr<px4_msgs::msg::VehicleAttitude_<std::allocator<void> >, std::default_delete<px4_msgs::msg::VehicleAttitude_<std::allocator<void> > > >::operator->()->px4_msgs::msg::VehicleAttitude_<std::allocator<void> >::delta_q_reset[m[K’ (type ‘[01m[Kpx4_msgs::msg::VehicleAttitude_<std::allocator<void> >::_delta_q_reset_type[m[K’ {aka ‘[01m[Kstd::array<float, 4>[m[K’}) to type ‘[01m[Kchar[m[K’
[3.610s]    37 |    std::cout << "delta_q_reset: " << [01;36m[Kmsg->delta_q_reset[m[K << std::endl;
[3.610s]       |                                      [01;36m[K~~~~~^~~~~~~~~~~~~[m[K
[3.610s] In file included from [01m[K/usr/include/c++/9/iostream:39[m[K,
[3.610s]                  from [01m[K/opt/ros/galactic/include/rclcpp/executor.hpp:22[m[K,
[3.610s]                  from [01m[K/opt/ros/galactic/include/rclcpp/executors/multi_threaded_executor.hpp:26[m[K,
[3.610s]                  from [01m[K/opt/ros/galactic/include/rclcpp/executors.hpp:21[m[K,
[3.610s]                  from [01m[K/opt/ros/galactic/include/rclcpp/rclcpp.hpp:156[m[K,
[3.611s]                  from [01m[K/home/a/ros2_ws/src/px4_ros_com/src/examples/listeners/vehicle_attitude_listener.cpp:13[m[K:
[3.611s] [01m[K/usr/include/c++/9/ostream:517:5:[m[K [01;36m[Knote: [m[Kcandidate: ‘[01m[Ktemplate<class _Traits> std::basic_ostream<char, _Traits>& std::operator<<(std::basic_ostream<char, _Traits>&, char)[m[K’
[3.611s]   517 |     [01;36m[Koperator[m[K<<(basic_ostream<char, _Traits>& __out, char __c)
[3.611s]       |     [01;36m[K^~~~~~~~[m[K
[3.611s] [01m[K/usr/include/c++/9/ostream:517:5:[m[K [01;36m[Knote: [m[K  template argument deduction/substitution failed:
[3.611s] [01m[K/home/a/ros2_ws/src/px4_ros_com/src/examples/listeners/vehicle_attitude_listener.cpp:37:43:[m[K [01;36m[Knote: [m[K  cannot convert ‘[01m[Kmsg.std::unique_ptr<px4_msgs::msg::VehicleAttitude_<std::allocator<void> >, std::default_delete<px4_msgs::msg::VehicleAttitude_<std::allocator<void> > > >::operator->()->px4_msgs::msg::VehicleAttitude_<std::allocator<void> >::delta_q_reset[m[K’ (type ‘[01m[Kpx4_msgs::msg::VehicleAttitude_<std::allocator<void> >::_delta_q_reset_type[m[K’ {aka ‘[01m[Kstd::array<float, 4>[m[K’}) to type ‘[01m[Kchar[m[K’
[3.611s]    37 |    std::cout << "delta_q_reset: " << [01;36m[Kmsg->delta_q_reset[m[K << std::endl;
[3.611s]       |                                      [01;36m[K~~~~~^~~~~~~~~~~~~[m[K
[3.611s] In file included from [01m[K/usr/include/c++/9/iostream:39[m[K,
[3.611s]                  from [01m[K/opt/ros/galactic/include/rclcpp/executor.hpp:22[m[K,
[3.611s]                  from [01m[K/opt/ros/galactic/include/rclcpp/executors/multi_threaded_executor.hpp:26[m[K,
[3.611s]                  from [01m[K/opt/ros/galactic/include/rclcpp/executors.hpp:21[m[K,
[3.611s]                  from [01m[K/opt/ros/galactic/include/rclcpp/rclcpp.hpp:156[m[K,
[3.611s]                  from [01m[K/home/a/ros2_ws/src/px4_ros_com/src/examples/listeners/vehicle_attitude_listener.cpp:13[m[K:
[3.611s] [01m[K/usr/include/c++/9/ostream:523:5:[m[K [01;36m[Knote: [m[Kcandidate: ‘[01m[Ktemplate<class _Traits> std::basic_ostream<char, _Traits>& std::operator<<(std::basic_ostream<char, _Traits>&, signed char)[m[K’
[3.611s]   523 |     [01;36m[Koperator[m[K<<(basic_ostream<char, _Traits>& __out, signed char __c)
[3.611s]       |     [01;36m[K^~~~~~~~[m[K
[3.611s] [01m[K/usr/include/c++/9/ostream:523:5:[m[K [01;36m[Knote: [m[K  template argument deduction/substitution failed:
[3.611s] [01m[K/home/a/ros2_ws/src/px4_ros_com/src/examples/listeners/vehicle_attitude_listener.cpp:37:43:[m[K [01;36m[Knote: [m[K  cannot convert ‘[01m[Kmsg.std::unique_ptr<px4_msgs::msg::VehicleAttitude_<std::allocator<void> >, std::default_delete<px4_msgs::msg::VehicleAttitude_<std::allocator<void> > > >::operator->()->px4_msgs::msg::VehicleAttitude_<std::allocator<void> >::delta_q_reset[m[K’ (type ‘[01m[Kpx4_msgs::msg::VehicleAttitude_<std::allocator<void> >::_delta_q_reset_type[m[K’ {aka ‘[01m[Kstd::array<float, 4>[m[K’}) to type ‘[01m[Ksigned char[m[K’
[3.611s]    37 |    std::cout << "delta_q_reset: " << [01;36m[Kmsg->delta_q_reset[m[K << std::endl;
[3.612s]       |                                      [01;36m[K~~~~~^~~~~~~~~~~~~[m[K
[3.612s] In file included from [01m[K/usr/include/c++/9/iostream:39[m[K,
[3.612s]                  from [01m[K/opt/ros/galactic/include/rclcpp/executor.hpp:22[m[K,
[3.612s]                  from [01m[K/opt/ros/galactic/include/rclcpp/executors/multi_threaded_executor.hpp:26[m[K,
[3.612s]                  from [01m[K/opt/ros/galactic/include/rclcpp/executors.hpp:21[m[K,
[3.612s]                  from [01m[K/opt/ros/galactic/include/rclcpp/rclcpp.hpp:156[m[K,
[3.612s]                  from [01m[K/home/a/ros2_ws/src/px4_ros_com/src/examples/listeners/vehicle_attitude_listener.cpp:13[m[K:
[3.612s] [01m[K/usr/include/c++/9/ostream:528:5:[m[K [01;36m[Knote: [m[Kcandidate: ‘[01m[Ktemplate<class _Traits> std::basic_ostream<char, _Traits>& std::operator<<(std::basic_ostream<char, _Traits>&, unsigned char)[m[K’
[3.612s]   528 |     [01;36m[Koperator[m[K<<(basic_ostream<char, _Traits>& __out, unsigned char __c)
[3.612s]       |     [01;36m[K^~~~~~~~[m[K
[3.612s] [01m[K/usr/include/c++/9/ostream:528:5:[m[K [01;36m[Knote: [m[K  template argument deduction/substitution failed:
[3.612s] [01m[K/home/a/ros2_ws/src/px4_ros_com/src/examples/listeners/vehicle_attitude_listener.cpp:37:43:[m[K [01;36m[Knote: [m[K  cannot convert ‘[01m[Kmsg.std::unique_ptr<px4_msgs::msg::VehicleAttitude_<std::allocator<void> >, std::default_delete<px4_msgs::msg::VehicleAttitude_<std::allocator<void> > > >::operator->()->px4_msgs::msg::VehicleAttitude_<std::allocator<void> >::delta_q_reset[m[K’ (type ‘[01m[Kpx4_msgs::msg::VehicleAttitude_<std::allocator<void> >::_delta_q_reset_type[m[K’ {aka ‘[01m[Kstd::array<float, 4>[m[K’}) to type ‘[01m[Kunsigned char[m[K’
[3.612s]    37 |    std::cout << "delta_q_reset: " << [01;36m[Kmsg->delta_q_reset[m[K << std::endl;
[3.612s]       |                                      [01;36m[K~~~~~^~~~~~~~~~~~~[m[K
[3.612s] In file included from [01m[K/usr/include/c++/9/iostream:39[m[K,
[3.612s]                  from [01m[K/opt/ros/galactic/include/rclcpp/executor.hpp:22[m[K,
[3.612s]                  from [01m[K/opt/ros/galactic/include/rclcpp/executors/multi_threaded_executor.hpp:26[m[K,
[3.612s]                  from [01m[K/opt/ros/galactic/include/rclcpp/executors.hpp:21[m[K,
[3.612s]                  from [01m[K/opt/ros/galactic/include/rclcpp/rclcpp.hpp:156[m[K,
[3.613s]                  from [01m[K/home/a/ros2_ws/src/px4_ros_com/src/examples/listeners/vehicle_attitude_listener.cpp:13[m[K:
[3.613s] [01m[K/usr/include/c++/9/ostream:548:5:[m[K [01;36m[Knote: [m[Kcandidate: ‘[01m[Ktemplate<class _CharT, class _Traits> std::basic_ostream<_CharT, _Traits>& std::operator<<(std::basic_ostream<_CharT, _Traits>&, const _CharT*)[m[K’
[3.613s]   548 |     [01;36m[Koperator[m[K<<(basic_ostream<_CharT, _Traits>& __out, const _CharT* __s)
[3.613s]       |     [01;36m[K^~~~~~~~[m[K
[3.613s] [01m[K/usr/include/c++/9/ostream:548:5:[m[K [01;36m[Knote: [m[K  template argument deduction/substitution failed:
[3.613s] [01m[K/home/a/ros2_ws/src/px4_ros_com/src/examples/listeners/vehicle_attitude_listener.cpp:37:43:[m[K [01;36m[Knote: [m[K  mismatched types ‘[01m[Kconst _CharT*[m[K’ and ‘[01m[Kstd::array<float, 4>[m[K’
[3.613s]    37 |    std::cout << "delta_q_reset: " << msg->[01;36m[Kdelta_q_reset[m[K << std::endl;
[3.613s]       |                                           [01;36m[K^~~~~~~~~~~~~[m[K
[3.613s] In file included from [01m[K/usr/include/c++/9/ostream:702[m[K,
[3.613s]                  from [01m[K/usr/include/c++/9/iostream:39[m[K,
[3.613s]                  from [01m[K/opt/ros/galactic/include/rclcpp/executor.hpp:22[m[K,
[3.613s]                  from [01m[K/opt/ros/galactic/include/rclcpp/executors/multi_threaded_executor.hpp:26[m[K,
[3.613s]                  from [01m[K/opt/ros/galactic/include/rclcpp/executors.hpp:21[m[K,
[3.613s]                  from [01m[K/opt/ros/galactic/include/rclcpp/rclcpp.hpp:156[m[K,
[3.613s]                  from [01m[K/home/a/ros2_ws/src/px4_ros_com/src/examples/listeners/vehicle_attitude_listener.cpp:13[m[K:
[3.613s] [01m[K/usr/include/c++/9/bits/ostream.tcc:321:5:[m[K [01;36m[Knote: [m[Kcandidate: ‘[01m[Ktemplate<class _CharT, class _Traits> std::basic_ostream<_CharT, _Traits>& std::operator<<(std::basic_ostream<_CharT, _Traits>&, const char*)[m[K’
[3.613s]   321 |     [01;36m[Koperator[m[K<<(basic_ostream<_CharT, _Traits>& __out, const char* __s)
[3.613s]       |     [01;36m[K^~~~~~~~[m[K
[3.613s] [01m[K/usr/include/c++/9/bits/ostream.tcc:321:5:[m[K [01;36m[Knote: [m[K  template argument deduction/substitution failed:
[3.613s] [01m[K/home/a/ros2_ws/src/px4_ros_com/src/examples/listeners/vehicle_attitude_listener.cpp:37:43:[m[K [01;36m[Knote: [m[K  cannot convert ‘[01m[Kmsg.std::unique_ptr<px4_msgs::msg::VehicleAttitude_<std::allocator<void> >, std::default_delete<px4_msgs::msg::VehicleAttitude_<std::allocator<void> > > >::operator->()->px4_msgs::msg::VehicleAttitude_<std::allocator<void> >::delta_q_reset[m[K’ (type ‘[01m[Kpx4_msgs::msg::VehicleAttitude_<std::allocator<void> >::_delta_q_reset_type[m[K’ {aka ‘[01m[Kstd::array<float, 4>[m[K’}) to type ‘[01m[Kconst char*[m[K’
[3.614s]    37 |    std::cout << "delta_q_reset: " << [01;36m[Kmsg->delta_q_reset[m[K << std::endl;
[3.614s]       |                                      [01;36m[K~~~~~^~~~~~~~~~~~~[m[K
[3.614s] In file included from [01m[K/usr/include/c++/9/iostream:39[m[K,
[3.614s]                  from [01m[K/opt/ros/galactic/include/rclcpp/executor.hpp:22[m[K,
[3.614s]                  from [01m[K/opt/ros/galactic/include/rclcpp/executors/multi_threaded_executor.hpp:26[m[K,
[3.614s]                  from [01m[K/opt/ros/galactic/include/rclcpp/executors.hpp:21[m[K,
[3.614s]                  from [01m[K/opt/ros/galactic/include/rclcpp/rclcpp.hpp:156[m[K,
[3.614s]                  from [01m[K/home/a/ros2_ws/src/px4_ros_com/src/examples/listeners/vehicle_attitude_listener.cpp:13[m[K:
[3.614s] [01m[K/usr/include/c++/9/ostream:565:5:[m[K [01;36m[Knote: [m[Kcandidate: ‘[01m[Ktemplate<class _Traits> std::basic_ostream<char, _Traits>& std::operator<<(std::basic_ostream<char, _Traits>&, const char*)[m[K’
[3.614s]   565 |     [01;36m[Koperator[m[K<<(basic_ostream<char, _Traits>& __out, const char* __s)
[3.614s]       |     [01;36m[K^~~~~~~~[m[K
[3.614s] [01m[K/usr/include/c++/9/ostream:565:5:[m[K [01;36m[Knote: [m[K  template argument deduction/substitution failed:
[3.614s] [01m[K/home/a/ros2_ws/src/px4_ros_com/src/examples/listeners/vehicle_attitude_listener.cpp:37:43:[m[K [01;36m[Knote: [m[K  cannot convert ‘[01m[Kmsg.std::unique_ptr<px4_msgs::msg::VehicleAttitude_<std::allocator<void> >, std::default_delete<px4_msgs::msg::VehicleAttitude_<std::allocator<void> > > >::operator->()->px4_msgs::msg::VehicleAttitude_<std::allocator<void> >::delta_q_reset[m[K’ (type ‘[01m[Kpx4_msgs::msg::VehicleAttitude_<std::allocator<void> >::_delta_q_reset_type[m[K’ {aka ‘[01m[Kstd::array<float, 4>[m[K’}) to type ‘[01m[Kconst char*[m[K’
[3.614s]    37 |    std::cout << "delta_q_reset: " << [01;36m[Kmsg->delta_q_reset[m[K << std::endl;
[3.614s]       |                                      [01;36m[K~~~~~^~~~~~~~~~~~~[m[K
[3.614s] In file included from [01m[K/usr/include/c++/9/iostream:39[m[K,
[3.614s]                  from [01m[K/opt/ros/galactic/include/rclcpp/executor.hpp:22[m[K,
[3.614s]                  from [01m[K/opt/ros/galactic/include/rclcpp/executors/multi_threaded_executor.hpp:26[m[K,
[3.615s]                  from [01m[K/opt/ros/galactic/include/rclcpp/executors.hpp:21[m[K,
[3.615s]                  from [01m[K/opt/ros/galactic/include/rclcpp/rclcpp.hpp:156[m[K,
[3.615s]                  from [01m[K/home/a/ros2_ws/src/px4_ros_com/src/examples/listeners/vehicle_attitude_listener.cpp:13[m[K:
[3.615s] [01m[K/usr/include/c++/9/ostream:578:5:[m[K [01;36m[Knote: [m[Kcandidate: ‘[01m[Ktemplate<class _Traits> std::basic_ostream<char, _Traits>& std::operator<<(std::basic_ostream<char, _Traits>&, const signed char*)[m[K’
[3.615s]   578 |     [01;36m[Koperator[m[K<<(basic_ostream<char, _Traits>& __out, const signed char* __s)
[3.615s]       |     [01;36m[K^~~~~~~~[m[K
[3.615s] [01m[K/usr/include/c++/9/ostream:578:5:[m[K [01;36m[Knote: [m[K  template argument deduction/substitution failed:
[3.615s] [01m[K/home/a/ros2_ws/src/px4_ros_com/src/examples/listeners/vehicle_attitude_listener.cpp:37:43:[m[K [01;36m[Knote: [m[K  cannot convert ‘[01m[Kmsg.std::unique_ptr<px4_msgs::msg::VehicleAttitude_<std::allocator<void> >, std::default_delete<px4_msgs::msg::VehicleAttitude_<std::allocator<void> > > >::operator->()->px4_msgs::msg::VehicleAttitude_<std::allocator<void> >::delta_q_reset[m[K’ (type ‘[01m[Kpx4_msgs::msg::VehicleAttitude_<std::allocator<void> >::_delta_q_reset_type[m[K’ {aka ‘[01m[Kstd::array<float, 4>[m[K’}) to type ‘[01m[Kconst signed char*[m[K’
[3.615s]    37 |    std::cout << "delta_q_reset: " << [01;36m[Kmsg->delta_q_reset[m[K << std::endl;
[3.615s]       |                                      [01;36m[K~~~~~^~~~~~~~~~~~~[m[K
[3.615s] In file included from [01m[K/usr/include/c++/9/iostream:39[m[K,
[3.615s]                  from [01m[K/opt/ros/galactic/include/rclcpp/executor.hpp:22[m[K,
[3.615s]                  from [01m[K/opt/ros/galactic/include/rclcpp/executors/multi_threaded_executor.hpp:26[m[K,
[3.615s]                  from [01m[K/opt/ros/galactic/include/rclcpp/executors.hpp:21[m[K,
[3.615s]                  from [01m[K/opt/ros/galactic/include/rclcpp/rclcpp.hpp:156[m[K,
[3.615s]                  from [01m[K/home/a/ros2_ws/src/px4_ros_com/src/examples/listeners/vehicle_attitude_listener.cpp:13[m[K:
[3.616s] [01m[K/usr/include/c++/9/ostream:583:5:[m[K [01;36m[Knote: [m[Kcandidate: ‘[01m[Ktemplate<class _Traits> std::basic_ostream<char, _Traits>& std::operator<<(std::basic_ostream<char, _Traits>&, const unsigned char*)[m[K’
[3.616s]   583 |     [01;36m[Koperator[m[K<<(basic_ostream<char, _Traits>& __out, const unsigned char* __s)
[3.616s]       |     [01;36m[K^~~~~~~~[m[K
[3.616s] [01m[K/usr/include/c++/9/ostream:583:5:[m[K [01;36m[Knote: [m[K  template argument deduction/substitution failed:
[3.616s] [01m[K/home/a/ros2_ws/src/px4_ros_com/src/examples/listeners/vehicle_attitude_listener.cpp:37:43:[m[K [01;36m[Knote: [m[K  cannot convert ‘[01m[Kmsg.std::unique_ptr<px4_msgs::msg::VehicleAttitude_<std::allocator<void> >, std::default_delete<px4_msgs::msg::VehicleAttitude_<std::allocator<void> > > >::operator->()->px4_msgs::msg::VehicleAttitude_<std::allocator<void> >::delta_q_reset[m[K’ (type ‘[01m[Kpx4_msgs::msg::VehicleAttitude_<std::allocator<void> >::_delta_q_reset_type[m[K’ {aka ‘[01m[Kstd::array<float, 4>[m[K’}) to type ‘[01m[Kconst unsigned char*[m[K’
[3.616s]    37 |    std::cout << "delta_q_reset: " << [01;36m[Kmsg->delta_q_reset[m[K << std::endl;
[3.616s]       |                                      [01;36m[K~~~~~^~~~~~~~~~~~~[m[K
[3.616s] In file included from [01m[K/usr/include/c++/9/iostream:39[m[K,
[3.616s]                  from [01m[K/opt/ros/galactic/include/rclcpp/executor.hpp:22[m[K,
[3.617s]                  from [01m[K/opt/ros/galactic/include/rclcpp/executors/multi_threaded_executor.hpp:26[m[K,
[3.617s]                  from [01m[K/opt/ros/galactic/include/rclcpp/executors.hpp:21[m[K,
[3.617s]                  from [01m[K/opt/ros/galactic/include/rclcpp/rclcpp.hpp:156[m[K,
[3.617s]                  from [01m[K/home/a/ros2_ws/src/px4_ros_com/src/examples/listeners/vehicle_attitude_listener.cpp:13[m[K:
[3.617s] [01m[K/usr/include/c++/9/ostream:691:5:[m[K [01;36m[Knote: [m[Kcandidate: ‘[01m[Ktemplate<class _Ostream, class _Tp> typename std::enable_if<std::__and_<std::__not_<std::is_lvalue_reference<_Tp> >, std::__is_convertible_to_basic_ostream<_Ostream>, std::__is_insertable<typename std::__is_convertible_to_basic_ostream<_Tp>::__ostream_type, const _Tp&, void> >::value, typename std::__is_convertible_to_basic_ostream<_Tp>::__ostream_type>::type std::operator<<(_Ostream&&, const _Tp&)[m[K’
[3.617s]   691 |     [01;36m[Koperator[m[K<<(_Ostream&& __os, const _Tp& __x)
[3.617s]       |     [01;36m[K^~~~~~~~[m[K
[3.617s] [01m[K/usr/include/c++/9/ostream:691:5:[m[K [01;36m[Knote: [m[K  template argument deduction/substitution failed:
[3.617s] /usr/include/c++/9/ostream: In substitution of ‘[01m[Ktemplate<class _Ostream, class _Tp> typename std::enable_if<std::__and_<std::__not_<std::is_lvalue_reference<_Tp> >, std::__is_convertible_to_basic_ostream<_Ostream>, std::__is_insertable<typename std::__is_convertible_to_basic_ostream<_Tp>::__ostream_type, const _Tp&, void> >::value, typename std::__is_convertible_to_basic_ostream<_Tp>::__ostream_type>::type std::operator<<(_Ostream&&, const _Tp&) [with _Ostream = std::basic_ostream<char>&; _Tp = std::array<float, 4>][m[K’:
[3.617s] [01m[K/home/a/ros2_ws/src/px4_ros_com/src/examples/listeners/vehicle_attitude_listener.cpp:37:43:[m[K   required from here
[3.617s] [01m[K/usr/include/c++/9/ostream:691:5:[m[K [01;31m[Kerror: [m[Kno type named ‘[01m[Ktype[m[K’ in ‘[01m[Kstruct std::enable_if<false, std::basic_ostream<char>&>[m[K’
[3.617s] In file included from [01m[K/opt/ros/galactic/include/rosidl_runtime_cpp/traits.hpp:19[m[K,
[3.617s]                  from [01m[K/opt/ros/galactic/include/builtin_interfaces/msg/detail/duration__traits.hpp:10[m[K,
[3.617s]                  from [01m[K/opt/ros/galactic/include/builtin_interfaces/msg/duration.hpp:9[m[K,
[3.617s]                  from [01m[K/opt/ros/galactic/include/rclcpp/duration.hpp:20[m[K,
[3.617s]                  from [01m[K/opt/ros/galactic/include/rclcpp/qos.hpp:20[m[K,
[3.618s]                  from [01m[K/opt/ros/galactic/include/rclcpp/node_interfaces/node_graph_interface.hpp:31[m[K,
[3.618s]                  from [01m[K/opt/ros/galactic/include/rclcpp/client.hpp:34[m[K,
[3.618s]                  from [01m[K/opt/ros/galactic/include/rclcpp/callback_group.hpp:23[m[K,
[3.618s]                  from [01m[K/opt/ros/galactic/include/rclcpp/any_executable.hpp:20[m[K,
[3.618s]                  from [01m[K/opt/ros/galactic/include/rclcpp/memory_strategy.hpp:25[m[K,
[3.618s]                  from [01m[K/opt/ros/galactic/include/rclcpp/memory_strategies.hpp:18[m[K,
[3.618s]                  from [01m[K/opt/ros/galactic/include/rclcpp/executor_options.hpp:20[m[K,
[3.618s]                  from [01m[K/opt/ros/galactic/include/rclcpp/executor.hpp:36[m[K,
[3.618s]                  from [01m[K/opt/ros/galactic/include/rclcpp/executors/multi_threaded_executor.hpp:26[m[K,
[3.618s]                  from [01m[K/opt/ros/galactic/include/rclcpp/executors.hpp:21[m[K,
[3.618s]                  from [01m[K/opt/ros/galactic/include/rclcpp/rclcpp.hpp:156[m[K,
[3.618s]                  from [01m[K/home/a/ros2_ws/src/px4_ros_com/src/examples/listeners/vehicle_attitude_listener.cpp:13[m[K:
[3.618s] [01m[K/usr/include/c++/9/iomanip:79:5:[m[K [01;36m[Knote: [m[Kcandidate: ‘[01m[Ktemplate<class _CharT, class _Traits> std::basic_ostream<_CharT, _Traits>& std::operator<<(std::basic_ostream<_CharT, _Traits>&, std::_Resetiosflags)[m[K’
[3.618s]    79 |     [01;36m[Koperator[m[K<<(basic_ostream<_CharT, _Traits>& __os, _Resetiosflags __f)
[3.618s]       |     [01;36m[K^~~~~~~~[m[K
[3.618s] [01m[K/usr/include/c++/9/iomanip:79:5:[m[K [01;36m[Knote: [m[K  template argument deduction/substitution failed:
[3.618s] [01m[K/home/a/ros2_ws/src/px4_ros_com/src/examples/listeners/vehicle_attitude_listener.cpp:37:43:[m[K [01;36m[Knote: [m[K  cannot convert ‘[01m[Kmsg.std::unique_ptr<px4_msgs::msg::VehicleAttitude_<std::allocator<void> >, std::default_delete<px4_msgs::msg::VehicleAttitude_<std::allocator<void> > > >::operator->()->px4_msgs::msg::VehicleAttitude_<std::allocator<void> >::delta_q_reset[m[K’ (type ‘[01m[Kpx4_msgs::msg::VehicleAttitude_<std::allocator<void> >::_delta_q_reset_type[m[K’ {aka ‘[01m[Kstd::array<float, 4>[m[K’}) to type ‘[01m[Kstd::_Resetiosflags[m[K’
[3.618s]    37 |    std::cout << "delta_q_reset: " << [01;36m[Kmsg->delta_q_reset[m[K << std::endl;
[3.619s]       |                                      [01;36m[K~~~~~^~~~~~~~~~~~~[m[K
[3.619s] In file included from [01m[K/opt/ros/galactic/include/rosidl_runtime_cpp/traits.hpp:19[m[K,
[3.619s]                  from [01m[K/opt/ros/galactic/include/builtin_interfaces/msg/detail/duration__traits.hpp:10[m[K,
[3.619s]                  from [01m[K/opt/ros/galactic/include/builtin_interfaces/msg/duration.hpp:9[m[K,
[3.619s]                  from [01m[K/opt/ros/galactic/include/rclcpp/duration.hpp:20[m[K,
[3.619s]                  from [01m[K/opt/ros/galactic/include/rclcpp/qos.hpp:20[m[K,
[3.619s]                  from [01m[K/opt/ros/galactic/include/rclcpp/node_interfaces/node_graph_interface.hpp:31[m[K,
[3.619s]                  from [01m[K/opt/ros/galactic/include/rclcpp/client.hpp:34[m[K,
[3.619s]                  from [01m[K/opt/ros/galactic/include/rclcpp/callback_group.hpp:23[m[K,
[3.619s]                  from [01m[K/opt/ros/galactic/include/rclcpp/any_executable.hpp:20[m[K,
[3.619s]                  from [01m[K/opt/ros/galactic/include/rclcpp/memory_strategy.hpp:25[m[K,
[3.619s]                  from [01m[K/opt/ros/galactic/include/rclcpp/memory_strategies.hpp:18[m[K,
[3.619s]                  from [01m[K/opt/ros/galactic/include/rclcpp/executor_options.hpp:20[m[K,
[3.619s]                  from [01m[K/opt/ros/galactic/include/rclcpp/executor.hpp:36[m[K,
[3.619s]                  from [01m[K/opt/ros/galactic/include/rclcpp/executors/multi_threaded_executor.hpp:26[m[K,
[3.619s]                  from [01m[K/opt/ros/galactic/include/rclcpp/executors.hpp:21[m[K,
[3.619s]                  from [01m[K/opt/ros/galactic/include/rclcpp/rclcpp.hpp:156[m[K,
[3.619s]                  from [01m[K/home/a/ros2_ws/src/px4_ros_com/src/examples/listeners/vehicle_attitude_listener.cpp:13[m[K:
[3.619s] [01m[K/usr/include/c++/9/iomanip:109:5:[m[K [01;36m[Knote: [m[Kcandidate: ‘[01m[Ktemplate<class _CharT, class _Traits> std::basic_ostream<_CharT, _Traits>& std::operator<<(std::basic_ostream<_CharT, _Traits>&, std::_Setiosflags)[m[K’
[3.619s]   109 |     [01;36m[Koperator[m[K<<(basic_ostream<_CharT, _Traits>& __os, _Setiosflags __f)
[3.619s]       |     [01;36m[K^~~~~~~~[m[K
[3.620s] [01m[K/usr/include/c++/9/iomanip:109:5:[m[K [01;36m[Knote: [m[K  template argument deduction/substitution failed:
[3.620s] [01m[K/home/a/ros2_ws/src/px4_ros_com/src/examples/listeners/vehicle_attitude_listener.cpp:37:43:[m[K [01;36m[Knote: [m[K  cannot convert ‘[01m[Kmsg.std::unique_ptr<px4_msgs::msg::VehicleAttitude_<std::allocator<void> >, std::default_delete<px4_msgs::msg::VehicleAttitude_<std::allocator<void> > > >::operator->()->px4_msgs::msg::VehicleAttitude_<std::allocator<void> >::delta_q_reset[m[K’ (type ‘[01m[Kpx4_msgs::msg::VehicleAttitude_<std::allocator<void> >::_delta_q_reset_type[m[K’ {aka ‘[01m[Kstd::array<float, 4>[m[K’}) to type ‘[01m[Kstd::_Setiosflags[m[K’
[3.620s]    37 |    std::cout << "delta_q_reset: " << [01;36m[Kmsg->delta_q_reset[m[K << std::endl;
[3.620s]       |                                      [01;36m[K~~~~~^~~~~~~~~~~~~[m[K
[3.620s] In file included from [01m[K/opt/ros/galactic/include/rosidl_runtime_cpp/traits.hpp:19[m[K,
[3.620s]                  from [01m[K/opt/ros/galactic/include/builtin_interfaces/msg/detail/duration__traits.hpp:10[m[K,
[3.620s]                  from [01m[K/opt/ros/galactic/include/builtin_interfaces/msg/duration.hpp:9[m[K,
[3.620s]                  from [01m[K/opt/ros/galactic/include/rclcpp/duration.hpp:20[m[K,
[3.620s]                  from [01m[K/opt/ros/galactic/include/rclcpp/qos.hpp:20[m[K,
[3.620s]                  from [01m[K/opt/ros/galactic/include/rclcpp/node_interfaces/node_graph_interface.hpp:31[m[K,
[3.620s]                  from [01m[K/opt/ros/galactic/include/rclcpp/client.hpp:34[m[K,
[3.620s]                  from [01m[K/opt/ros/galactic/include/rclcpp/callback_group.hpp:23[m[K,
[3.620s]                  from [01m[K/opt/ros/galactic/include/rclcpp/any_executable.hpp:20[m[K,
[3.620s]                  from [01m[K/opt/ros/galactic/include/rclcpp/memory_strategy.hpp:25[m[K,
[3.620s]                  from [01m[K/opt/ros/galactic/include/rclcpp/memory_strategies.hpp:18[m[K,
[3.620s]                  from [01m[K/opt/ros/galactic/include/rclcpp/executor_options.hpp:20[m[K,
[3.620s]                  from [01m[K/opt/ros/galactic/include/rclcpp/executor.hpp:36[m[K,
[3.620s]                  from [01m[K/opt/ros/galactic/include/rclcpp/executors/multi_threaded_executor.hpp:26[m[K,
[3.620s]                  from [01m[K/opt/ros/galactic/include/rclcpp/executors.hpp:21[m[K,
[3.621s]                  from [01m[K/opt/ros/galactic/include/rclcpp/rclcpp.hpp:156[m[K,
[3.621s]                  from [01m[K/home/a/ros2_ws/src/px4_ros_com/src/examples/listeners/vehicle_attitude_listener.cpp:13[m[K:
[3.621s] [01m[K/usr/include/c++/9/iomanip:143:5:[m[K [01;36m[Knote: [m[Kcandidate: ‘[01m[Ktemplate<class _CharT, class _Traits> std::basic_ostream<_CharT, _Traits>& std::operator<<(std::basic_ostream<_CharT, _Traits>&, std::_Setbase)[m[K’
[3.621s]   143 |     [01;36m[Koperator[m[K<<(basic_ostream<_CharT, _Traits>& __os, _Setbase __f)
[3.621s]       |     [01;36m[K^~~~~~~~[m[K
[3.621s] [01m[K/usr/include/c++/9/iomanip:143:5:[m[K [01;36m[Knote: [m[K  template argument deduction/substitution failed:
[3.621s] [01m[K/home/a/ros2_ws/src/px4_ros_com/src/examples/listeners/vehicle_attitude_listener.cpp:37:43:[m[K [01;36m[Knote: [m[K  cannot convert ‘[01m[Kmsg.std::unique_ptr<px4_msgs::msg::VehicleAttitude_<std::allocator<void> >, std::default_delete<px4_msgs::msg::VehicleAttitude_<std::allocator<void> > > >::operator->()->px4_msgs::msg::VehicleAttitude_<std::allocator<void> >::delta_q_reset[m[K’ (type ‘[01m[Kpx4_msgs::msg::VehicleAttitude_<std::allocator<void> >::_delta_q_reset_type[m[K’ {aka ‘[01m[Kstd::array<float, 4>[m[K’}) to type ‘[01m[Kstd::_Setbase[m[K’
[3.621s]    37 |    std::cout << "delta_q_reset: " << [01;36m[Kmsg->delta_q_reset[m[K << std::endl;
[3.621s]       |                                      [01;36m[K~~~~~^~~~~~~~~~~~~[m[K
[3.621s] In file included from [01m[K/opt/ros/galactic/include/rosidl_runtime_cpp/traits.hpp:19[m[K,
[3.621s]                  from [01m[K/opt/ros/galactic/include/builtin_interfaces/msg/detail/duration__traits.hpp:10[m[K,
[3.621s]                  from [01m[K/opt/ros/galactic/include/builtin_interfaces/msg/duration.hpp:9[m[K,
[3.621s]                  from [01m[K/opt/ros/galactic/include/rclcpp/duration.hpp:20[m[K,
[3.621s]                  from [01m[K/opt/ros/galactic/include/rclcpp/qos.hpp:20[m[K,
[3.621s]                  from [01m[K/opt/ros/galactic/include/rclcpp/node_interfaces/node_graph_interface.hpp:31[m[K,
[3.621s]                  from [01m[K/opt/ros/galactic/include/rclcpp/client.hpp:34[m[K,
[3.621s]                  from [01m[K/opt/ros/galactic/include/rclcpp/callback_group.hpp:23[m[K,
[3.621s]                  from [01m[K/opt/ros/galactic/include/rclcpp/any_executable.hpp:20[m[K,
[3.621s]                  from [01m[K/opt/ros/galactic/include/rclcpp/memory_strategy.hpp:25[m[K,
[3.622s]                  from [01m[K/opt/ros/galactic/include/rclcpp/memory_strategies.hpp:18[m[K,
[3.622s]                  from [01m[K/opt/ros/galactic/include/rclcpp/executor_options.hpp:20[m[K,
[3.622s]                  from [01m[K/opt/ros/galactic/include/rclcpp/executor.hpp:36[m[K,
[3.622s]                  from [01m[K/opt/ros/galactic/include/rclcpp/executors/multi_threaded_executor.hpp:26[m[K,
[3.622s]                  from [01m[K/opt/ros/galactic/include/rclcpp/executors.hpp:21[m[K,
[3.622s]                  from [01m[K/opt/ros/galactic/include/rclcpp/rclcpp.hpp:156[m[K,
[3.622s]                  from [01m[K/home/a/ros2_ws/src/px4_ros_com/src/examples/listeners/vehicle_attitude_listener.cpp:13[m[K:
[3.622s] [01m[K/usr/include/c++/9/iomanip:178:5:[m[K [01;36m[Knote: [m[Kcandidate: ‘[01m[Ktemplate<class _CharT, class _Traits> std::basic_ostream<_CharT, _Traits>& std::operator<<(std::basic_ostream<_CharT, _Traits>&, std::_Setfill<_CharT>)[m[K’
[3.622s]   178 |     [01;36m[Koperator[m[K<<(basic_ostream<_CharT, _Traits>& __os, _Setfill<_CharT> __f)
[3.622s]       |     [01;36m[K^~~~~~~~[m[K
[3.622s] [01m[K/usr/include/c++/9/iomanip:178:5:[m[K [01;36m[Knote: [m[K  template argument deduction/substitution failed:
[3.622s] [01m[K/home/a/ros2_ws/src/px4_ros_com/src/examples/listeners/vehicle_attitude_listener.cpp:37:43:[m[K [01;36m[Knote: [m[K  ‘[01m[Kstd::array<float, 4>[m[K’ is not derived from ‘[01m[Kstd::_Setfill<_CharT>[m[K’
[3.622s]    37 |    std::cout << "delta_q_reset: " << msg->[01;36m[Kdelta_q_reset[m[K << std::endl;
[3.622s]       |                                           [01;36m[K^~~~~~~~~~~~~[m[K
[3.622s] In file included from [01m[K/opt/ros/galactic/include/rosidl_runtime_cpp/traits.hpp:19[m[K,
[3.622s]                  from [01m[K/opt/ros/galactic/include/builtin_interfaces/msg/detail/duration__traits.hpp:10[m[K,
[3.622s]                  from [01m[K/opt/ros/galactic/include/builtin_interfaces/msg/duration.hpp:9[m[K,
[3.622s]                  from [01m[K/opt/ros/galactic/include/rclcpp/duration.hpp:20[m[K,
[3.622s]                  from [01m[K/opt/ros/galactic/include/rclcpp/qos.hpp:20[m[K,
[3.622s]                  from [01m[K/opt/ros/galactic/include/rclcpp/node_interfaces/node_graph_interface.hpp:31[m[K,
[3.622s]                  from [01m[K/opt/ros/galactic/include/rclcpp/client.hpp:34[m[K,
[3.623s]                  from [01m[K/opt/ros/galactic/include/rclcpp/callback_group.hpp:23[m[K,
[3.623s]                  from [01m[K/opt/ros/galactic/include/rclcpp/any_executable.hpp:20[m[K,
[3.623s]                  from [01m[K/opt/ros/galactic/include/rclcpp/memory_strategy.hpp:25[m[K,
[3.623s]                  from [01m[K/opt/ros/galactic/include/rclcpp/memory_strategies.hpp:18[m[K,
[3.623s]                  from [01m[K/opt/ros/galactic/include/rclcpp/executor_options.hpp:20[m[K,
[3.623s]                  from [01m[K/opt/ros/galactic/include/rclcpp/executor.hpp:36[m[K,
[3.623s]                  from [01m[K/opt/ros/galactic/include/rclcpp/executors/multi_threaded_executor.hpp:26[m[K,
[3.623s]                  from [01m[K/opt/ros/galactic/include/rclcpp/executors.hpp:21[m[K,
[3.623s]                  from [01m[K/opt/ros/galactic/include/rclcpp/rclcpp.hpp:156[m[K,
[3.623s]                  from [01m[K/home/a/ros2_ws/src/px4_ros_com/src/examples/listeners/vehicle_attitude_listener.cpp:13[m[K:
[3.623s] [01m[K/usr/include/c++/9/iomanip:208:5:[m[K [01;36m[Knote: [m[Kcandidate: ‘[01m[Ktemplate<class _CharT, class _Traits> std::basic_ostream<_CharT, _Traits>& std::operator<<(std::basic_ostream<_CharT, _Traits>&, std::_Setprecision)[m[K’
[3.623s]   208 |     [01;36m[Koperator[m[K<<(basic_ostream<_CharT, _Traits>& __os, _Setprecision __f)
[3.623s]       |     [01;36m[K^~~~~~~~[m[K
[3.623s] [01m[K/usr/include/c++/9/iomanip:208:5:[m[K [01;36m[Knote: [m[K  template argument deduction/substitution failed:
[3.623s] [01m[K/home/a/ros2_ws/src/px4_ros_com/src/examples/listeners/vehicle_attitude_listener.cpp:37:43:[m[K [01;36m[Knote: [m[K  cannot convert ‘[01m[Kmsg.std::unique_ptr<px4_msgs::msg::VehicleAttitude_<std::allocator<void> >, std::default_delete<px4_msgs::msg::VehicleAttitude_<std::allocator<void> > > >::operator->()->px4_msgs::msg::VehicleAttitude_<std::allocator<void> >::delta_q_reset[m[K’ (type ‘[01m[Kpx4_msgs::msg::VehicleAttitude_<std::allocator<void> >::_delta_q_reset_type[m[K’ {aka ‘[01m[Kstd::array<float, 4>[m[K’}) to type ‘[01m[Kstd::_Setprecision[m[K’
[3.623s]    37 |    std::cout << "delta_q_reset: " << [01;36m[Kmsg->delta_q_reset[m[K << std::endl;
[3.623s]       |                                      [01;36m[K~~~~~^~~~~~~~~~~~~[m[K
[3.623s] In file included from [01m[K/opt/ros/galactic/include/rosidl_runtime_cpp/traits.hpp:19[m[K,
[3.623s]                  from [01m[K/opt/ros/galactic/include/builtin_interfaces/msg/detail/duration__traits.hpp:10[m[K,
[3.623s]                  from [01m[K/opt/ros/galactic/include/builtin_interfaces/msg/duration.hpp:9[m[K,
[3.624s]                  from [01m[K/opt/ros/galactic/include/rclcpp/duration.hpp:20[m[K,
[3.624s]                  from [01m[K/opt/ros/galactic/include/rclcpp/qos.hpp:20[m[K,
[3.624s]                  from [01m[K/opt/ros/galactic/include/rclcpp/node_interfaces/node_graph_interface.hpp:31[m[K,
[3.624s]                  from [01m[K/opt/ros/galactic/include/rclcpp/client.hpp:34[m[K,
[3.624s]                  from [01m[K/opt/ros/galactic/include/rclcpp/callback_group.hpp:23[m[K,
[3.624s]                  from [01m[K/opt/ros/galactic/include/rclcpp/any_executable.hpp:20[m[K,
[3.624s]                  from [01m[K/opt/ros/galactic/include/rclcpp/memory_strategy.hpp:25[m[K,
[3.624s]                  from [01m[K/opt/ros/galactic/include/rclcpp/memory_strategies.hpp:18[m[K,
[3.624s]                  from [01m[K/opt/ros/galactic/include/rclcpp/executor_options.hpp:20[m[K,
[3.624s]                  from [01m[K/opt/ros/galactic/include/rclcpp/executor.hpp:36[m[K,
[3.624s]                  from [01m[K/opt/ros/galactic/include/rclcpp/executors/multi_threaded_executor.hpp:26[m[K,
[3.624s]                  from [01m[K/opt/ros/galactic/include/rclcpp/executors.hpp:21[m[K,
[3.624s]                  from [01m[K/opt/ros/galactic/include/rclcpp/rclcpp.hpp:156[m[K,
[3.624s]                  from [01m[K/home/a/ros2_ws/src/px4_ros_com/src/examples/listeners/vehicle_attitude_listener.cpp:13[m[K:
[3.624s] [01m[K/usr/include/c++/9/iomanip:238:5:[m[K [01;36m[Knote: [m[Kcandidate: ‘[01m[Ktemplate<class _CharT, class _Traits> std::basic_ostream<_CharT, _Traits>& std::operator<<(std::basic_ostream<_CharT, _Traits>&, std::_Setw)[m[K’
[3.624s]   238 |     [01;36m[Koperator[m[K<<(basic_ostream<_CharT, _Traits>& __os, _Setw __f)
[3.624s]       |     [01;36m[K^~~~~~~~[m[K
[3.624s] [01m[K/usr/include/c++/9/iomanip:238:5:[m[K [01;36m[Knote: [m[K  template argument deduction/substitution failed:
[3.624s] [01m[K/home/a/ros2_ws/src/px4_ros_com/src/examples/listeners/vehicle_attitude_listener.cpp:37:43:[m[K [01;36m[Knote: [m[K  cannot convert ‘[01m[Kmsg.std::unique_ptr<px4_msgs::msg::VehicleAttitude_<std::allocator<void> >, std::default_delete<px4_msgs::msg::VehicleAttitude_<std::allocator<void> > > >::operator->()->px4_msgs::msg::VehicleAttitude_<std::allocator<void> >::delta_q_reset[m[K’ (type ‘[01m[Kpx4_msgs::msg::VehicleAttitude_<std::allocator<void> >::_delta_q_reset_type[m[K’ {aka ‘[01m[Kstd::array<float, 4>[m[K’}) to type ‘[01m[Kstd::_Setw[m[K’
[3.624s]    37 |    std::cout << "delta_q_reset: " << [01;36m[Kmsg->delta_q_reset[m[K << std::endl;
[3.625s]       |                                      [01;36m[K~~~~~^~~~~~~~~~~~~[m[K
[3.625s] In file included from [01m[K/opt/ros/galactic/include/rosidl_runtime_cpp/traits.hpp:19[m[K,
[3.625s]                  from [01m[K/opt/ros/galactic/include/builtin_interfaces/msg/detail/duration__traits.hpp:10[m[K,
[3.625s]                  from [01m[K/opt/ros/galactic/include/builtin_interfaces/msg/duration.hpp:9[m[K,
[3.625s]                  from [01m[K/opt/ros/galactic/include/rclcpp/duration.hpp:20[m[K,
[3.625s]                  from [01m[K/opt/ros/galactic/include/rclcpp/qos.hpp:20[m[K,
[3.625s]                  from [01m[K/opt/ros/galactic/include/rclcpp/node_interfaces/node_graph_interface.hpp:31[m[K,
[3.625s]                  from [01m[K/opt/ros/galactic/include/rclcpp/client.hpp:34[m[K,
[3.625s]                  from [01m[K/opt/ros/galactic/include/rclcpp/callback_group.hpp:23[m[K,
[3.625s]                  from [01m[K/opt/ros/galactic/include/rclcpp/any_executable.hpp:20[m[K,
[3.625s]                  from [01m[K/opt/ros/galactic/include/rclcpp/memory_strategy.hpp:25[m[K,
[3.625s]                  from [01m[K/opt/ros/galactic/include/rclcpp/memory_strategies.hpp:18[m[K,
[3.625s]                  from [01m[K/opt/ros/galactic/include/rclcpp/executor_options.hpp:20[m[K,
[3.625s]                  from [01m[K/opt/ros/galactic/include/rclcpp/executor.hpp:36[m[K,
[3.625s]                  from [01m[K/opt/ros/galactic/include/rclcpp/executors/multi_threaded_executor.hpp:26[m[K,
[3.625s]                  from [01m[K/opt/ros/galactic/include/rclcpp/executors.hpp:21[m[K,
[3.625s]                  from [01m[K/opt/ros/galactic/include/rclcpp/rclcpp.hpp:156[m[K,
[3.625s]                  from [01m[K/home/a/ros2_ws/src/px4_ros_com/src/examples/listeners/vehicle_attitude_listener.cpp:13[m[K:
[3.625s] [01m[K/usr/include/c++/9/iomanip:311:5:[m[K [01;36m[Knote: [m[Kcandidate: ‘[01m[Ktemplate<class _CharT, class _Traits, class _MoneyT> std::basic_ostream<_CharT, _Traits>& std::operator<<(std::basic_ostream<_CharT, _Traits>&, std::_Put_money<_MoneyT>)[m[K’
[3.626s]   311 |     [01;36m[Koperator[m[K<<(basic_ostream<_CharT, _Traits>& __os, _Put_money<_MoneyT> __f)
[3.626s]       |     [01;36m[K^~~~~~~~[m[K
[3.626s] [01m[K/usr/include/c++/9/iomanip:311:5:[m[K [01;36m[Knote: [m[K  template argument deduction/substitution failed:
[3.626s] [01m[K/home/a/ros2_ws/src/px4_ros_com/src/examples/listeners/vehicle_attitude_listener.cpp:37:43:[m[K [01;36m[Knote: [m[K  ‘[01m[Kstd::array<float, 4>[m[K’ is not derived from ‘[01m[Kstd::_Put_money<_MoneyT>[m[K’
[3.626s]    37 |    std::cout << "delta_q_reset: " << msg->[01;36m[Kdelta_q_reset[m[K << std::endl;
[3.626s]       |                                           [01;36m[K^~~~~~~~~~~~~[m[K
[3.626s] In file included from [01m[K/opt/ros/galactic/include/rosidl_runtime_cpp/traits.hpp:19[m[K,
[3.626s]                  from [01m[K/opt/ros/galactic/include/builtin_interfaces/msg/detail/duration__traits.hpp:10[m[K,
[3.626s]                  from [01m[K/opt/ros/galactic/include/builtin_interfaces/msg/duration.hpp:9[m[K,
[3.626s]                  from [01m[K/opt/ros/galactic/include/rclcpp/duration.hpp:20[m[K,
[3.626s]                  from [01m[K/opt/ros/galactic/include/rclcpp/qos.hpp:20[m[K,
[3.626s]                  from [01m[K/opt/ros/galactic/include/rclcpp/node_interfaces/node_graph_interface.hpp:31[m[K,
[3.626s]                  from [01m[K/opt/ros/galactic/include/rclcpp/client.hpp:34[m[K,
[3.626s]                  from [01m[K/opt/ros/galactic/include/rclcpp/callback_group.hpp:23[m[K,
[3.626s]                  from [01m[K/opt/ros/galactic/include/rclcpp/any_executable.hpp:20[m[K,
[3.626s]                  from [01m[K/opt/ros/galactic/include/rclcpp/memory_strategy.hpp:25[m[K,
[3.626s]                  from [01m[K/opt/ros/galactic/include/rclcpp/memory_strategies.hpp:18[m[K,
[3.626s]                  from [01m[K/opt/ros/galactic/include/rclcpp/executor_options.hpp:20[m[K,
[3.627s]                  from [01m[K/opt/ros/galactic/include/rclcpp/executor.hpp:36[m[K,
[3.627s]                  from [01m[K/opt/ros/galactic/include/rclcpp/executors/multi_threaded_executor.hpp:26[m[K,
[3.627s]                  from [01m[K/opt/ros/galactic/include/rclcpp/executors.hpp:21[m[K,
[3.627s]                  from [01m[K/opt/ros/galactic/include/rclcpp/rclcpp.hpp:156[m[K,
[3.627s]                  from [01m[K/home/a/ros2_ws/src/px4_ros_com/src/examples/listeners/vehicle_attitude_listener.cpp:13[m[K:
[3.627s] [01m[K/usr/include/c++/9/iomanip:363:5:[m[K [01;36m[Knote: [m[Kcandidate: ‘[01m[Ktemplate<class _CharT, class _Traits> std::basic_ostream<_CharT, _Traits>& std::operator<<(std::basic_ostream<_CharT, _Traits>&, std::_Put_time<_CharT>)[m[K’
[3.627s]   363 |     [01;36m[Koperator[m[K<<(basic_ostream<_CharT, _Traits>& __os, _Put_time<_CharT> __f)
[3.627s]       |     [01;36m[K^~~~~~~~[m[K
[3.627s] [01m[K/usr/include/c++/9/iomanip:363:5:[m[K [01;36m[Knote: [m[K  template argument deduction/substitution failed:
[3.627s] [01m[K/home/a/ros2_ws/src/px4_ros_com/src/examples/listeners/vehicle_attitude_listener.cpp:37:43:[m[K [01;36m[Knote: [m[K  ‘[01m[Kstd::array<float, 4>[m[K’ is not derived from ‘[01m[Kstd::_Put_time<_CharT>[m[K’
[3.627s]    37 |    std::cout << "delta_q_reset: " << msg->[01;36m[Kdelta_q_reset[m[K << std::endl;
[3.627s]       |                                           [01;36m[K^~~~~~~~~~~~~[m[K
[3.627s] In file included from [01m[K/opt/ros/galactic/include/rclcpp/experimental/buffers/ring_buffer_implementation.hpp:19[m[K,
[3.627s]                  from [01m[K/opt/ros/galactic/include/rclcpp/experimental/create_intra_process_buffer.hpp:25[m[K,
[3.627s]                  from [01m[K/opt/ros/galactic/include/rclcpp/experimental/subscription_intra_process.hpp:31[m[K,
[3.627s]                  from [01m[K/opt/ros/galactic/include/rclcpp/experimental/intra_process_manager.hpp:34[m[K,
[3.627s]                  from [01m[K/opt/ros/galactic/include/rclcpp/subscription_base.hpp:30[m[K,
[3.627s]                  from [01m[K/opt/ros/galactic/include/rclcpp/callback_group.hpp:26[m[K,
[3.627s]                  from [01m[K/opt/ros/galactic/include/rclcpp/any_executable.hpp:20[m[K,
[3.627s]                  from [01m[K/opt/ros/galactic/include/rclcpp/memory_strategy.hpp:25[m[K,
[3.628s]                  from [01m[K/opt/ros/galactic/include/rclcpp/memory_strategies.hpp:18[m[K,
[3.628s]                  from [01m[K/opt/ros/galactic/include/rclcpp/executor_options.hpp:20[m[K,
[3.628s]                  from [01m[K/opt/ros/galactic/include/rclcpp/executor.hpp:36[m[K,
[3.628s]                  from [01m[K/opt/ros/galactic/include/rclcpp/executors/multi_threaded_executor.hpp:26[m[K,
[3.628s]                  from [01m[K/opt/ros/galactic/include/rclcpp/executors.hpp:21[m[K,
[3.628s]                  from [01m[K/opt/ros/galactic/include/rclcpp/rclcpp.hpp:156[m[K,
[3.628s]                  from [01m[K/home/a/ros2_ws/src/px4_ros_com/src/examples/listeners/vehicle_attitude_listener.cpp:13[m[K:
[3.628s] [01m[K/usr/include/c++/9/cstddef:130:5:[m[K [01;36m[Knote: [m[Kcandidate: ‘[01m[Ktemplate<class _IntegerType> constexpr std::__byte_op_t<_IntegerType> std::operator<<(std::byte, _IntegerType)[m[K’
[3.628s]   130 |     [01;36m[Koperator[m[K<<(byte __b, _IntegerType __shift) noexcept
[3.628s]       |     [01;36m[K^~~~~~~~[m[K
[3.628s] [01m[K/usr/include/c++/9/cstddef:130:5:[m[K [01;36m[Knote: [m[K  template argument deduction/substitution failed:
[3.628s] [01m[K/home/a/ros2_ws/src/px4_ros_com/src/examples/listeners/vehicle_attitude_listener.cpp:37:14:[m[K [01;36m[Knote: [m[K  cannot convert ‘[01m[Kstd::operator<< <std::char_traits<char> >(std::cout, ((const char*)"delta_q_reset: "))[m[K’ (type ‘[01m[Kstd::basic_ostream<char>[m[K’) to type ‘[01m[Kstd::byte[m[K’
[3.629s]    37 |    [01;36m[Kstd::cout << "delta_q_reset: "[m[K << msg->delta_q_reset << std::endl;
[3.629s]       |    [01;36m[K~~~~~~~~~~^~~~~~~~~~~~~~~~~~~~[m[K
[6.152s] make[2]: *** [CMakeFiles/vehicle_attitude_listener.dir/build.make:63：CMakeFiles/vehicle_attitude_listener.dir/src/examples/listeners/vehicle_attitude_listener.cpp.o] 错误 1
[6.152s] make[1]: *** [CMakeFiles/Makefile2:306：CMakeFiles/vehicle_attitude_listener.dir/all] 错误 2
[6.152s] make: *** [Makefile:141：all] 错误 2
[6.157s] Invoked command in '/home/a/ros2_ws/build/px4_ros_com' returned '2': CMAKE_PREFIX_PATH=/home/a/ros2_ws/install/px4_msgs:/home/a/ros2_ws/install/px4_ros_com:/home/a/ros2_ws/install/my_uav:/opt/ros/galactic LD_LIBRARY_PATH=/home/a/ros2_ws/install/px4_msgs/lib:/home/a/ros2_ws/install/px4_ros_com/lib:/usr/lib/x86_64-linux-gnu/gazebo-11/plugins:/opt/ros/galactic/opt/yaml_cpp_vendor/lib:/opt/ros/galactic/opt/rviz_ogre_vendor/lib:/opt/ros/galactic/lib/x86_64-linux-gnu:/opt/ros/galactic/lib:/home/a/PX4-Autopilot/build/px4_sitl_default/build_gazebo-classic /usr/bin/cmake --build /home/a/ros2_ws/build/px4_ros_com -- -j2 -l2
