[0.014s] Invoking command in '/home/a/ros2_ws/build/my_msg': CMAKE_PREFIX_PATH=${CMAKE_PREFIX_PATH}:/opt/ros/galactic /usr/bin/cmake /home/a/ros2_ws/src/my_msg -DCMAKE_INSTALL_PREFIX=/home/a/ros2_ws/install/my_msg
[0.179s] -- The C compiler identification is GNU 9.4.0
[0.242s] -- The CXX compiler identification is GNU 9.4.0
[0.250s] -- Check for working C compiler: /usr/bin/cc
[0.316s] -- Check for working C compiler: /usr/bin/cc -- works
[0.318s] -- Detecting C compiler ABI info
[0.386s] -- Detecting C compiler ABI info - done
[0.396s] -- Detecting C compile features
[0.397s] -- Detecting C compile features - done
[0.401s] -- Check for working CXX compiler: /usr/bin/c++
[0.473s] -- Check for working CXX compiler: /usr/bin/c++ -- works
[0.473s] -- Detecting CXX compiler ABI info
[0.547s] -- Detecting CXX compiler ABI info - done
[0.556s] -- Detecting CXX compile features
[0.556s] -- Detecting CXX compile features - done
[0.561s] -- Found ament_cmake: 1.1.6 (/opt/ros/galactic/share/ament_cmake/cmake)
[0.582s] -- Found PythonInterp: /usr/bin/python3 (found suitable version "3.8.10", minimum required is "3") 
[0.582s] -- Using PYTHON_EXECUTABLE: /usr/bin/python3
[0.656s] -- Found ament_lint_auto: 0.10.7 (/opt/ros/galactic/share/ament_lint_auto/cmake)
[0.724s] -- Found rosidl_default_generators: 1.1.1 (/opt/ros/galactic/share/rosidl_default_generators/cmake)
[0.731s] -- Using all available rosidl_typesupport_c: rosidl_typesupport_fastrtps_c;rosidl_typesupport_introspection_c
[0.739s] -- Found rosidl_adapter: 2.2.3 (/opt/ros/galactic/share/rosidl_adapter/cmake)
[0.850s] -- Found OpenSSL: /usr/lib/x86_64-linux-gnu/libcrypto.so (found version "1.1.1f")  
[0.876s] -- Found FastRTPS: /opt/ros/galactic/include  
[0.946s] -- Using all available rosidl_typesupport_cpp: rosidl_typesupport_fastrtps_cpp;rosidl_typesupport_introspection_cpp
[0.993s] -- Found PythonInterp: /usr/bin/python3 (found version "3.8.10") 
[1.180s] CMake Error at /opt/ros/galactic/share/rosidl_adapter/cmake/rosidl_adapt_interfaces.cmake:60 (message):
[1.180s]   execute_process(/usr/bin/python3 -m rosidl_adapter --package-name my_msg
[1.180s]   --arguments-file
[1.180s]   /home/a/ros2_ws/build/my_msg/rosidl_adapter__arguments__my_msg.json
[1.180s]   --output-dir /home/a/ros2_ws/build/my_msg/rosidl_adapter/my_msg
[1.180s]   --output-file /home/a/ros2_ws/build/my_msg/rosidl_adapter/my_msg.idls)
[1.180s]   returned error code 1:
[1.180s] 
[1.180s]   Error processing 'float x' of 'my_msg/position': ''float' is an invalid
[1.180s]   message name.  It should have the pattern '^[A-Z][A-Za-z0-9]*$''
[1.180s] 
[1.180s]   Traceback (most recent call last):
[1.180s] 
[1.180s]     File "/usr/lib/python3.8/runpy.py", line 194, in _run_module_as_main
[1.180s]       return _run_code(code, main_globals, None,
[1.180s]     File "/usr/lib/python3.8/runpy.py", line 87, in _run_code
[1.180s]       exec(code, run_globals)
[1.180s]     File "/opt/ros/galactic/lib/python3.8/site-packages/rosidl_adapter/__main__.py", line 19, in <module>
[1.180s]       sys.exit(main())
[1.181s]     File "/opt/ros/galactic/lib/python3.8/site-packages/rosidl_adapter/main.py", line 53, in main
[1.181s]       abs_idl_file = convert_to_idl(
[1.181s]     File "/opt/ros/galactic/lib/python3.8/site-packages/rosidl_adapter/__init__.py", line 19, in convert_to_idl
[1.181s]       return convert_msg_to_idl(
[1.181s]     File "/opt/ros/galactic/lib/python3.8/site-packages/rosidl_adapter/msg/__init__.py", line 28, in convert_msg_to_idl
[1.181s]       msg = parse_message_string(package_name, input_file.stem, content)
[1.181s]     File "/opt/ros/galactic/lib/python3.8/site-packages/rosidl_adapter/parser.py", line 516, in parse_message_string
[1.181s]       Type(type_string, context_package_name=pkg_name),
[1.181s]     File "/opt/ros/galactic/lib/python3.8/site-packages/rosidl_adapter/parser.py", line 276, in __init__
[1.181s]       super(Type, self).__init__(
[1.181s]     File "/opt/ros/galactic/lib/python3.8/site-packages/rosidl_adapter/parser.py", line 204, in __init__
[1.181s]       raise InvalidResourceName(
[1.181s] 
[1.181s]   rosidl_adapter.parser.InvalidResourceName: 'float' is an invalid message
[1.181s]   name.  It should have the pattern '^[A-Z][A-Za-z0-9]*$'
[1.181s] 
[1.181s] Call Stack (most recent call first):
[1.181s]   /opt/ros/galactic/share/rosidl_cmake/cmake/rosidl_generate_interfaces.cmake:130 (rosidl_adapt_interfaces)
[1.181s]   CMakeLists.txt:26 (rosidl_generate_interfaces)
[1.181s] 
[1.181s] 
[1.183s] -- Configuring incomplete, errors occurred!
[1.183s] See also "/home/a/ros2_ws/build/my_msg/CMakeFiles/CMakeOutput.log".
[1.192s] Invoked command in '/home/a/ros2_ws/build/my_msg' returned '1': CMAKE_PREFIX_PATH=${CMAKE_PREFIX_PATH}:/opt/ros/galactic /usr/bin/cmake /home/a/ros2_ws/src/my_msg -DCMAKE_INSTALL_PREFIX=/home/a/ros2_ws/install/my_msg
