[0.166s] DEBUG:colcon:Command line arguments: ['/usr/bin/colcon', 'build', '--packages-select', 'my_uav']
[0.167s] DEBUG:colcon:Parsed command line arguments: Namespace(allow_overriding=[], ament_cmake_args=None, base_paths=['.'], build_base='build', catkin_cmake_args=None, catkin_skip_building_tests=False, cmake_args=None, cmake_clean_cache=False, cmake_clean_first=False, cmake_force_configure=False, cmake_target=None, cmake_target_skip_unavailable=False, continue_on_error=False, event_handlers=None, executor='parallel', ignore_user_meta=False, install_base='install', log_base=None, log_level=None, main=<bound method BuildVerb.main of <colcon_core.verb.build.BuildVerb object at 0x7fc08b17a4f0>>, merge_install=False, metas=['./colcon.meta'], packages_above=None, packages_above_and_dependencies=None, packages_above_depth=None, packages_end=None, packages_ignore=None, packages_ignore_regex=None, packages_select=['my_uav'], packages_select_build_failed=False, packages_select_by_dep=None, packages_select_regex=None, packages_select_test_failures=False, packages_skip=None, packages_skip_build_finished=False, packages_skip_by_dep=None, packages_skip_regex=None, packages_skip_test_passed=False, packages_skip_up_to=None, packages_start=None, packages_up_to=None, packages_up_to_regex=None, parallel_workers=2, paths=None, symlink_install=False, test_result_base=None, verb_extension=<colcon_core.verb.build.BuildVerb object at 0x7fc08b17a4f0>, verb_name='build', verb_parser=<colcon_defaults.argument_parser.defaults.DefaultArgumentsDecorator object at 0x7fc08b17aa00>)
[0.291s] Level 1:colcon.colcon_core.package_discovery:discover_packages(colcon_meta) check parameters
[0.291s] Level 1:colcon.colcon_core.package_discovery:discover_packages(recursive) check parameters
[0.291s] Level 1:colcon.colcon_core.package_discovery:discover_packages(ignore) check parameters
[0.291s] Level 1:colcon.colcon_core.package_discovery:discover_packages(path) check parameters
[0.291s] Level 1:colcon.colcon_core.package_discovery:discover_packages(colcon_meta) discover
[0.291s] Level 1:colcon.colcon_core.package_discovery:discover_packages(recursive) discover
[0.291s] INFO:colcon.colcon_core.package_discovery:Crawling recursively for packages in '/home/a/uav'
[0.292s] Level 1:colcon.colcon_core.package_identification:_identify(.) by extensions ['ignore', 'ignore_ament_install']
[0.292s] Level 1:colcon.colcon_core.package_identification:_identify(.) by extension 'ignore'
[0.292s] Level 1:colcon.colcon_core.package_identification:_identify(.) by extension 'ignore_ament_install'
[0.292s] Level 1:colcon.colcon_core.package_identification:_identify(.) by extensions ['colcon_pkg']
[0.292s] Level 1:colcon.colcon_core.package_identification:_identify(.) by extension 'colcon_pkg'
[0.292s] Level 1:colcon.colcon_core.package_identification:_identify(.) by extensions ['colcon_meta']
[0.292s] Level 1:colcon.colcon_core.package_identification:_identify(.) by extension 'colcon_meta'
[0.292s] Level 1:colcon.colcon_core.package_identification:_identify(.) by extensions ['ros']
[0.292s] Level 1:colcon.colcon_core.package_identification:_identify(.) by extension 'ros'
[0.302s] Level 1:colcon.colcon_core.package_identification:_identify(.) by extensions ['cmake', 'python']
[0.303s] Level 1:colcon.colcon_core.package_identification:_identify(.) by extension 'cmake'
[0.303s] Level 1:colcon.colcon_core.package_identification:_identify(.) by extension 'python'
[0.303s] Level 1:colcon.colcon_core.package_identification:_identify(.) by extensions ['python_setup_py']
[0.303s] Level 1:colcon.colcon_core.package_identification:_identify(.) by extension 'python_setup_py'
[0.303s] Level 1:colcon.colcon_core.package_identification:_identify(build) by extensions ['ignore', 'ignore_ament_install']
[0.303s] Level 1:colcon.colcon_core.package_identification:_identify(build) by extension 'ignore'
[0.303s] Level 1:colcon.colcon_core.package_identification:_identify(build) ignored
[0.304s] Level 1:colcon.colcon_core.package_identification:_identify(install) by extensions ['ignore', 'ignore_ament_install']
[0.304s] Level 1:colcon.colcon_core.package_identification:_identify(install) by extension 'ignore'
[0.304s] Level 1:colcon.colcon_core.package_identification:_identify(install) ignored
[0.304s] Level 1:colcon.colcon_core.package_identification:_identify(log) by extensions ['ignore', 'ignore_ament_install']
[0.304s] Level 1:colcon.colcon_core.package_identification:_identify(log) by extension 'ignore'
[0.304s] Level 1:colcon.colcon_core.package_identification:_identify(log) ignored
[0.304s] Level 1:colcon.colcon_core.package_identification:_identify(src) by extensions ['ignore', 'ignore_ament_install']
[0.304s] Level 1:colcon.colcon_core.package_identification:_identify(src) by extension 'ignore'
[0.305s] Level 1:colcon.colcon_core.package_identification:_identify(src) by extension 'ignore_ament_install'
[0.305s] Level 1:colcon.colcon_core.package_identification:_identify(src) by extensions ['colcon_pkg']
[0.305s] Level 1:colcon.colcon_core.package_identification:_identify(src) by extension 'colcon_pkg'
[0.305s] Level 1:colcon.colcon_core.package_identification:_identify(src) by extensions ['colcon_meta']
[0.305s] Level 1:colcon.colcon_core.package_identification:_identify(src) by extension 'colcon_meta'
[0.305s] Level 1:colcon.colcon_core.package_identification:_identify(src) by extensions ['ros']
[0.305s] Level 1:colcon.colcon_core.package_identification:_identify(src) by extension 'ros'
[0.305s] Level 1:colcon.colcon_core.package_identification:_identify(src) by extensions ['cmake', 'python']
[0.305s] Level 1:colcon.colcon_core.package_identification:_identify(src) by extension 'cmake'
[0.305s] Level 1:colcon.colcon_core.package_identification:_identify(src) by extension 'python'
[0.306s] Level 1:colcon.colcon_core.package_identification:_identify(src) by extensions ['python_setup_py']
[0.306s] Level 1:colcon.colcon_core.package_identification:_identify(src) by extension 'python_setup_py'
[0.306s] Level 1:colcon.colcon_core.package_identification:_identify(src/my_uav) by extensions ['ignore', 'ignore_ament_install']
[0.306s] Level 1:colcon.colcon_core.package_identification:_identify(src/my_uav) by extension 'ignore'
[0.306s] Level 1:colcon.colcon_core.package_identification:_identify(src/my_uav) by extension 'ignore_ament_install'
[0.306s] Level 1:colcon.colcon_core.package_identification:_identify(src/my_uav) by extensions ['colcon_pkg']
[0.306s] Level 1:colcon.colcon_core.package_identification:_identify(src/my_uav) by extension 'colcon_pkg'
[0.306s] Level 1:colcon.colcon_core.package_identification:_identify(src/my_uav) by extensions ['colcon_meta']
[0.306s] Level 1:colcon.colcon_core.package_identification:_identify(src/my_uav) by extension 'colcon_meta'
[0.306s] Level 1:colcon.colcon_core.package_identification:_identify(src/my_uav) by extensions ['ros']
[0.307s] Level 1:colcon.colcon_core.package_identification:_identify(src/my_uav) by extension 'ros'
[0.311s] DEBUG:colcon.colcon_core.package_identification:Package 'src/my_uav' with type 'ros.ament_cmake' and name 'my_uav'
[0.311s] Level 1:colcon.colcon_core.package_discovery:discover_packages(recursive) using defaults
[0.311s] Level 1:colcon.colcon_core.package_discovery:discover_packages(ignore) discover
[0.311s] Level 1:colcon.colcon_core.package_discovery:discover_packages(ignore) using defaults
[0.312s] Level 1:colcon.colcon_core.package_discovery:discover_packages(path) discover
[0.312s] Level 1:colcon.colcon_core.package_discovery:discover_packages(path) using defaults
[0.325s] Level 1:colcon.colcon_core.package_discovery:discover_packages(prefix_path) check parameters
[0.325s] Level 1:colcon.colcon_core.package_discovery:discover_packages(prefix_path) discover
[0.326s] DEBUG:colcon.colcon_installed_package_information.package_discovery:Found 1 installed packages in /home/a/uav/install
[0.327s] DEBUG:colcon.colcon_installed_package_information.package_discovery:Found 275 installed packages in /opt/ros/galactic
[0.339s] Level 1:colcon.colcon_core.package_discovery:discover_packages(prefix_path) using defaults
[0.387s] Level 5:colcon.colcon_core.verb:set package 'my_uav' build argument 'cmake_args' from command line to 'None'
[0.387s] Level 5:colcon.colcon_core.verb:set package 'my_uav' build argument 'cmake_target' from command line to 'None'
[0.387s] Level 5:colcon.colcon_core.verb:set package 'my_uav' build argument 'cmake_target_skip_unavailable' from command line to 'False'
[0.388s] Level 5:colcon.colcon_core.verb:set package 'my_uav' build argument 'cmake_clean_cache' from command line to 'False'
[0.388s] Level 5:colcon.colcon_core.verb:set package 'my_uav' build argument 'cmake_clean_first' from command line to 'False'
[0.388s] Level 5:colcon.colcon_core.verb:set package 'my_uav' build argument 'cmake_force_configure' from command line to 'False'
[0.388s] Level 5:colcon.colcon_core.verb:set package 'my_uav' build argument 'ament_cmake_args' from command line to 'None'
[0.388s] Level 5:colcon.colcon_core.verb:set package 'my_uav' build argument 'catkin_cmake_args' from command line to 'None'
[0.388s] Level 5:colcon.colcon_core.verb:set package 'my_uav' build argument 'catkin_skip_building_tests' from command line to 'False'
[0.388s] DEBUG:colcon.colcon_core.verb:Building package 'my_uav' with the following arguments: {'ament_cmake_args': None, 'build_base': '/home/a/uav/build/my_uav', 'catkin_cmake_args': None, 'catkin_skip_building_tests': False, 'cmake_args': None, 'cmake_clean_cache': False, 'cmake_clean_first': False, 'cmake_force_configure': False, 'cmake_target': None, 'cmake_target_skip_unavailable': False, 'install_base': '/home/a/uav/install/my_uav', 'merge_install': False, 'path': '/home/a/uav/src/my_uav', 'symlink_install': False, 'test_result_base': None}
[0.388s] INFO:colcon.colcon_core.executor:Executing jobs using 'parallel' executor
[0.390s] DEBUG:colcon.colcon_parallel_executor.executor.parallel:run_until_complete
[0.390s] INFO:colcon.colcon_ros.task.ament_cmake.build:Building ROS package in '/home/a/uav/src/my_uav' with build type 'ament_cmake'
[0.390s] INFO:colcon.colcon_cmake.task.cmake.build:Building CMake package in '/home/a/uav/src/my_uav'
[0.392s] INFO:colcon.colcon_core.plugin_system:Skipping extension 'colcon_core.shell.bat': Not used on non-Windows systems
[0.392s] INFO:colcon.colcon_core.shell:Skip shell extension 'powershell' for command environment: Not usable outside of PowerShell
[0.392s] DEBUG:colcon.colcon_core.shell:Skip shell extension 'dsv' for command environment
[0.408s] DEBUG:colcon.colcon_core.event_handler.log_command:Invoking command in '/home/a/uav/build/my_uav': CMAKE_PREFIX_PATH=${CMAKE_PREFIX_PATH}:/opt/ros/galactic /usr/bin/cmake --build /home/a/uav/build/my_uav -- -j2 -l2
[0.495s] DEBUG:colcon.colcon_core.event_handler.log_command:Invoked command in '/home/a/uav/build/my_uav' returned '0': CMAKE_PREFIX_PATH=${CMAKE_PREFIX_PATH}:/opt/ros/galactic /usr/bin/cmake --build /home/a/uav/build/my_uav -- -j2 -l2
[0.513s] DEBUG:colcon.colcon_core.event_handler.log_command:Invoking command in '/home/a/uav/build/my_uav': CMAKE_PREFIX_PATH=${CMAKE_PREFIX_PATH}:/opt/ros/galactic /usr/bin/cmake --install /home/a/uav/build/my_uav
[0.534s] Level 1:colcon.colcon_core.environment:create_environment_scripts_only(my_uav)
[0.537s] Level 1:colcon.colcon_core.environment:checking '/home/a/uav/install/my_uav' for CMake module files
[0.537s] DEBUG:colcon.colcon_core.event_handler.log_command:Invoked command in '/home/a/uav/build/my_uav' returned '0': CMAKE_PREFIX_PATH=${CMAKE_PREFIX_PATH}:/opt/ros/galactic /usr/bin/cmake --install /home/a/uav/build/my_uav
[0.538s] Level 1:colcon.colcon_core.environment:checking '/home/a/uav/install/my_uav' for CMake config files
[0.538s] Level 1:colcon.colcon_core.shell:create_environment_hook('my_uav', 'cmake_prefix_path')
[0.539s] INFO:colcon.colcon_core.shell:Creating environment hook '/home/a/uav/install/my_uav/share/my_uav/hook/cmake_prefix_path.ps1'
[0.540s] INFO:colcon.colcon_core.shell:Creating environment descriptor '/home/a/uav/install/my_uav/share/my_uav/hook/cmake_prefix_path.dsv'
[0.540s] INFO:colcon.colcon_core.shell:Creating environment hook '/home/a/uav/install/my_uav/share/my_uav/hook/cmake_prefix_path.sh'
[0.541s] Level 1:colcon.colcon_core.environment:checking '/home/a/uav/install/my_uav/lib'
[0.542s] Level 1:colcon.colcon_core.environment:checking '/home/a/uav/install/my_uav/bin'
[0.542s] Level 1:colcon.colcon_core.environment:checking '/home/a/uav/install/my_uav/lib/pkgconfig/my_uav.pc'
[0.542s] Level 1:colcon.colcon_core.environment:checking '/home/a/uav/install/my_uav/lib/python3.8/site-packages'
[0.542s] Level 1:colcon.colcon_core.environment:checking '/home/a/uav/install/my_uav/bin'
[0.542s] INFO:colcon.colcon_core.shell:Creating package script '/home/a/uav/install/my_uav/share/my_uav/package.ps1'
[0.545s] INFO:colcon.colcon_core.shell:Creating package descriptor '/home/a/uav/install/my_uav/share/my_uav/package.dsv'
[0.546s] INFO:colcon.colcon_core.shell:Creating package script '/home/a/uav/install/my_uav/share/my_uav/package.sh'
[0.547s] INFO:colcon.colcon_core.shell:Creating package script '/home/a/uav/install/my_uav/share/my_uav/package.bash'
[0.547s] INFO:colcon.colcon_core.shell:Creating package script '/home/a/uav/install/my_uav/share/my_uav/package.zsh'
[0.548s] Level 1:colcon.colcon_core.environment:create_file_with_runtime_dependencies(/home/a/uav/install/my_uav/share/colcon-core/packages/my_uav)
[0.549s] Level 1:colcon.colcon_core.environment:create_environment_scripts_only(my_uav)
[0.549s] Level 1:colcon.colcon_core.environment:checking '/home/a/uav/install/my_uav' for CMake module files
[0.550s] Level 1:colcon.colcon_core.environment:checking '/home/a/uav/install/my_uav' for CMake config files
[0.550s] Level 1:colcon.colcon_core.shell:create_environment_hook('my_uav', 'cmake_prefix_path')
[0.550s] INFO:colcon.colcon_core.shell:Creating environment hook '/home/a/uav/install/my_uav/share/my_uav/hook/cmake_prefix_path.ps1'
[0.550s] INFO:colcon.colcon_core.shell:Creating environment descriptor '/home/a/uav/install/my_uav/share/my_uav/hook/cmake_prefix_path.dsv'
[0.551s] INFO:colcon.colcon_core.shell:Creating environment hook '/home/a/uav/install/my_uav/share/my_uav/hook/cmake_prefix_path.sh'
[0.551s] Level 1:colcon.colcon_core.environment:checking '/home/a/uav/install/my_uav/lib'
[0.552s] Level 1:colcon.colcon_core.environment:checking '/home/a/uav/install/my_uav/bin'
[0.552s] Level 1:colcon.colcon_core.environment:checking '/home/a/uav/install/my_uav/lib/pkgconfig/my_uav.pc'
[0.552s] Level 1:colcon.colcon_core.environment:checking '/home/a/uav/install/my_uav/lib/python3.8/site-packages'
[0.552s] Level 1:colcon.colcon_core.environment:checking '/home/a/uav/install/my_uav/bin'
[0.552s] INFO:colcon.colcon_core.shell:Creating package script '/home/a/uav/install/my_uav/share/my_uav/package.ps1'
[0.553s] INFO:colcon.colcon_core.shell:Creating package descriptor '/home/a/uav/install/my_uav/share/my_uav/package.dsv'
[0.553s] INFO:colcon.colcon_core.shell:Creating package script '/home/a/uav/install/my_uav/share/my_uav/package.sh'
[0.553s] INFO:colcon.colcon_core.shell:Creating package script '/home/a/uav/install/my_uav/share/my_uav/package.bash'
[0.554s] INFO:colcon.colcon_core.shell:Creating package script '/home/a/uav/install/my_uav/share/my_uav/package.zsh'
[0.555s] Level 1:colcon.colcon_core.environment:create_file_with_runtime_dependencies(/home/a/uav/install/my_uav/share/colcon-core/packages/my_uav)
[0.555s] DEBUG:colcon.colcon_parallel_executor.executor.parallel:closing loop
[0.556s] DEBUG:colcon.colcon_parallel_executor.executor.parallel:loop closed
[0.556s] DEBUG:colcon.colcon_parallel_executor.executor.parallel:run_until_complete finished with '0'
[0.556s] DEBUG:colcon.colcon_core.event_reactor:joining thread
[0.562s] INFO:colcon.colcon_core.plugin_system:Skipping extension 'colcon_notification.desktop_notification.terminal_notifier': Not used on non-Darwin systems
[0.562s] INFO:colcon.colcon_core.plugin_system:Skipping extension 'colcon_notification.desktop_notification.win32': Not used on non-Windows systems
[0.562s] INFO:colcon.colcon_notification.desktop_notification:Sending desktop notification using 'notify2'
[0.577s] DEBUG:colcon.colcon_core.event_reactor:joined thread
[0.577s] INFO:colcon.colcon_core.shell:Creating prefix script '/home/a/uav/install/local_setup.ps1'
[0.578s] INFO:colcon.colcon_core.shell:Creating prefix util module '/home/a/uav/install/_local_setup_util_ps1.py'
[0.580s] INFO:colcon.colcon_core.shell:Creating prefix chain script '/home/a/uav/install/setup.ps1'
[0.581s] INFO:colcon.colcon_core.shell:Creating prefix script '/home/a/uav/install/local_setup.sh'
[0.581s] INFO:colcon.colcon_core.shell:Creating prefix util module '/home/a/uav/install/_local_setup_util_sh.py'
[0.582s] INFO:colcon.colcon_core.shell:Creating prefix chain script '/home/a/uav/install/setup.sh'
[0.583s] INFO:colcon.colcon_core.shell:Creating prefix script '/home/a/uav/install/local_setup.bash'
[0.584s] INFO:colcon.colcon_core.shell:Creating prefix chain script '/home/a/uav/install/setup.bash'
[0.585s] INFO:colcon.colcon_core.shell:Creating prefix script '/home/a/uav/install/local_setup.zsh'
[0.585s] INFO:colcon.colcon_core.shell:Creating prefix chain script '/home/a/uav/install/setup.zsh'
