[0.013s] Invoking command in '/home/a/uav/build/my_uav': /usr/bin/cmake --build /home/a/uav/build/my_uav -- -j2 -l2
[0.070s] [  9%] Built target uav_control_node
[0.076s] [ 18%] Built target image_sub
[0.098s] [ 27%] Built target internlm_m_node
[0.105s] [ 36%] Built target internvl
[0.127s] [ 45%] Built target internlm_m_listener
[0.149s] [ 54%] Built target internvl_p
[0.164s] [ 63%] Built target internvl_listener
[0.181s] [ 72%] Built target gps_sub
[0.195s] [ 81%] Built target ray_sub
[0.207s] [ 90%] Built target camera_listener
[0.219s] [100%] Built target ray_listener
[0.233s] Invoked command in '/home/a/uav/build/my_uav' returned '0': /usr/bin/cmake --build /home/a/uav/build/my_uav -- -j2 -l2
[0.242s] Invoking command in '/home/a/uav/build/my_uav': /usr/bin/cmake --install /home/a/uav/build/my_uav
[0.250s] -- Install configuration: ""
[0.250s] -- Up-to-date: /home/a/uav/install/my_uav/share/my_uav/launch
[0.250s] -- Up-to-date: /home/a/uav/install/my_uav/share/my_uav/launch/sitl.launch
[0.250s] -- Up-to-date: /home/a/uav/install/my_uav/share/my_uav/launch/p450.py
[0.250s] -- Up-to-date: /home/a/uav/install/my_uav/share/my_uav/launch/gz_launch.py
[0.251s] -- Up-to-date: /home/a/uav/install/my_uav/share/my_uav/launch/cam_sub.launch.py
[0.251s] -- Up-to-date: /home/a/uav/install/my_uav/share/my_uav/models
[0.251s] -- Up-to-date: /home/a/uav/install/my_uav/share/my_uav/models/p450_2Dlidar_depth
[0.251s] -- Up-to-date: /home/a/uav/install/my_uav/share/my_uav/models/p450_2Dlidar_depth/p450_2Dlidar_depth_3.sdf.last_generated
[0.251s] -- Up-to-date: /home/a/uav/install/my_uav/share/my_uav/models/p450_2Dlidar_depth/p450_2Dlidar_depth_2.sdf.last_generated
[0.251s] -- Up-to-date: /home/a/uav/install/my_uav/share/my_uav/models/p450_2Dlidar_depth/p450_2Dlidar_depth_1.sdf.last_generated
[0.251s] -- Up-to-date: /home/a/uav/install/my_uav/share/my_uav/models/p450_2Dlidar_depth/p450_2Dlidar_depth_1.sdf
[0.251s] -- Up-to-date: /home/a/uav/install/my_uav/share/my_uav/models/p450_2Dlidar_depth/model.config
[0.251s] -- Up-to-date: /home/a/uav/install/my_uav/share/my_uav/models/p450_2Dlidar_depth/p450_2Dlidar_depth.sdf
[0.251s] -- Up-to-date: /home/a/uav/install/my_uav/share/my_uav/models/p450_2Dlidar_depth/p450_2Dlidar_depth_3.sdf
[0.251s] -- Up-to-date: /home/a/uav/install/my_uav/share/my_uav/models/p450_2Dlidar_depth/p450_2Dlidar_depth_-m.sdf
[0.251s] -- Up-to-date: /home/a/uav/install/my_uav/share/my_uav/models/p450_2Dlidar_depth/p450_2Dlidar_depth_2.sdf
[0.252s] -- Up-to-date: /home/a/uav/install/my_uav/share/my_uav/models/p450_2Dlidar_depth/p450_2Dlidar_depth_-m.sdf.last_generated
[0.252s] -- Up-to-date: /home/a/uav/install/my_uav/share/my_uav/models/p450
[0.252s] -- Up-to-date: /home/a/uav/install/my_uav/share/my_uav/models/p450/p450_1.sdf
[0.252s] -- Up-to-date: /home/a/uav/install/my_uav/share/my_uav/models/p450/p450_2.sdf.last_generated
[0.252s] -- Up-to-date: /home/a/uav/install/my_uav/share/my_uav/models/p450/p450.sdf.jinja
[0.252s] -- Up-to-date: /home/a/uav/install/my_uav/share/my_uav/models/p450/p450_1.sdf.last_generated
[0.252s] -- Up-to-date: /home/a/uav/install/my_uav/share/my_uav/models/p450/model.config
[0.252s] -- Up-to-date: /home/a/uav/install/my_uav/share/my_uav/models/p450/p450_2.sdf
[0.252s] -- Up-to-date: /home/a/uav/install/my_uav/share/my_uav/models/p450/meshes
[0.252s] -- Up-to-date: /home/a/uav/install/my_uav/share/my_uav/models/p450/meshes/p450_ccw.stl
[0.252s] -- Up-to-date: /home/a/uav/install/my_uav/share/my_uav/models/p450/meshes/p450.stl
[0.252s] -- Up-to-date: /home/a/uav/install/my_uav/share/my_uav/models/p450/meshes/p450_cw.stl
[0.253s] -- Up-to-date: /home/a/uav/install/my_uav/share/my_uav/models/p450/p450.sdf
[0.253s] -- Up-to-date: /home/a/uav/install/my_uav/share/my_uav/models/hokuyo_ust_20lx
[0.253s] -- Up-to-date: /home/a/uav/install/my_uav/share/my_uav/models/hokuyo_ust_20lx/hokuyo_ust_20lx.sdf
[0.253s] -- Up-to-date: /home/a/uav/install/my_uav/share/my_uav/models/hokuyo_ust_20lx/hokuyo_ust_20lx_2.sdf.last_generated
[0.253s] -- Up-to-date: /home/a/uav/install/my_uav/share/my_uav/models/hokuyo_ust_20lx/model.config
[0.253s] -- Up-to-date: /home/a/uav/install/my_uav/share/my_uav/models/hokuyo_ust_20lx/hokuyo_ust_20lx_2.sdf
[0.253s] -- Up-to-date: /home/a/uav/install/my_uav/share/my_uav/models/hokuyo_ust_20lx/hokuyo_ust_20lx_1.sdf
[0.253s] -- Up-to-date: /home/a/uav/install/my_uav/share/my_uav/models/hokuyo_ust_20lx/hokuyo_ust_20lx_1.sdf.last_generated
[0.253s] -- Up-to-date: /home/a/uav/install/my_uav/share/my_uav/models/p450_hokuyo_2Dlidar
[0.253s] -- Up-to-date: /home/a/uav/install/my_uav/share/my_uav/models/p450_hokuyo_2Dlidar/p450_hokuyo_2Dlidar.sdf
[0.253s] -- Up-to-date: /home/a/uav/install/my_uav/share/my_uav/models/p450_hokuyo_2Dlidar/model.config
[0.253s] -- Up-to-date: /home/a/uav/install/my_uav/share/my_uav/models/depth
[0.254s] -- Up-to-date: /home/a/uav/install/my_uav/share/my_uav/models/depth/model.config
[0.254s] -- Up-to-date: /home/a/uav/install/my_uav/share/my_uav/models/depth/depth.sdf
[0.254s] -- Up-to-date: /home/a/uav/install/my_uav/share/my_uav/models/D435i
[0.254s] -- Up-to-date: /home/a/uav/install/my_uav/share/my_uav/models/D435i/materials
[0.254s] -- Up-to-date: /home/a/uav/install/my_uav/share/my_uav/models/D435i/materials/textures
[0.254s] -- Up-to-date: /home/a/uav/install/my_uav/share/my_uav/models/D435i/materials/textures/realsense_diffuse.png
[0.254s] -- Up-to-date: /home/a/uav/install/my_uav/share/my_uav/models/D435i/model.config
[0.254s] -- Up-to-date: /home/a/uav/install/my_uav/share/my_uav/models/D435i/D435i.sdf
[0.254s] -- Up-to-date: /home/a/uav/install/my_uav/share/my_uav/models/D435i/meshes
[0.254s] -- Up-to-date: /home/a/uav/install/my_uav/share/my_uav/models/D435i/meshes/realsense_d435.stl
[0.254s] -- Up-to-date: /home/a/uav/install/my_uav/share/my_uav/models/D435i/meshes/D435i.dae
[0.254s] -- Up-to-date: /home/a/uav/install/my_uav/share/my_uav/models/p450_depth
[0.255s] -- Up-to-date: /home/a/uav/install/my_uav/share/my_uav/models/p450_depth/model.config
[0.255s] -- Up-to-date: /home/a/uav/install/my_uav/share/my_uav/models/p450_depth/p450_depth.sdf
[0.255s] -- Up-to-date: /home/a/uav/install/my_uav/share/my_uav/worlds
[0.255s] -- Up-to-date: /home/a/uav/install/my_uav/share/my_uav/worlds/leida.world
[0.255s] -- Up-to-date: /home/a/uav/install/my_uav/share/my_uav/worlds/my.world
[0.255s] -- Up-to-date: /home/a/uav/install/my_uav/share/my_uav/worlds/baylands.world
[0.255s] -- Up-to-date: /home/a/uav/install/my_uav/share/my_uav/worlds/safe_landing.world
[0.255s] -- Up-to-date: /home/a/uav/install/my_uav/share/my_uav/worlds/yosemite.world
[0.255s] -- Up-to-date: /home/a/uav/install/my_uav/share/my_uav/worlds/mcmillan_airfield.world
[0.255s] -- Up-to-date: /home/a/uav/install/my_uav/share/my_uav/worlds/cam.world
[0.256s] -- Up-to-date: /home/a/uav/install/my_uav/share/my_uav/worlds/sonoma_raceway.world
[0.256s] -- Up-to-date: /home/a/uav/install/my_uav/share/my_uav/worlds/empty_world.world
[0.256s] -- Up-to-date: /home/a/uav/install/my_uav/lib/my_uav/my_python_node.py
[0.256s] -- Up-to-date: /home/a/uav/install/my_uav/lib/my_uav/uav_control_node
[0.256s] -- Up-to-date: /home/a/uav/install/my_uav/lib/my_uav/internlm_m_node
[0.257s] -- Up-to-date: /home/a/uav/install/my_uav/lib/my_uav/internvl
[0.257s] -- Up-to-date: /home/a/uav/install/my_uav/lib/my_uav/internlm_m_listener
[0.258s] -- Up-to-date: /home/a/uav/install/my_uav/lib/my_uav/internvl_listener
[0.258s] -- Installing: /home/a/uav/install/my_uav/lib/my_uav/internvl_p
[0.264s] -- Set runtime path of "/home/a/uav/install/my_uav/lib/my_uav/internvl_p" to ""
[0.264s] -- Up-to-date: /home/a/uav/install/my_uav/lib/my_uav/image_sub
[0.264s] -- Up-to-date: /home/a/uav/install/my_uav/lib/my_uav/gps_sub
[0.265s] -- Up-to-date: /home/a/uav/install/my_uav/lib/my_uav/ray_sub
[0.265s] -- Up-to-date: /home/a/uav/install/my_uav/lib/my_uav/camera_listener
[0.265s] -- Up-to-date: /home/a/uav/install/my_uav/lib/my_uav/ray_listener
[0.266s] -- Up-to-date: /home/a/uav/install/my_uav/share/ament_index/resource_index/package_run_dependencies/my_uav
[0.266s] -- Installing: /home/a/uav/install/my_uav/share/ament_index/resource_index/parent_prefix_path/my_uav
[0.266s] -- Up-to-date: /home/a/uav/install/my_uav/share/my_uav/environment/ament_prefix_path.sh
[0.266s] -- Installing: /home/a/uav/install/my_uav/share/my_uav/environment/ament_prefix_path.dsv
[0.266s] -- Up-to-date: /home/a/uav/install/my_uav/share/my_uav/environment/path.sh
[0.266s] -- Installing: /home/a/uav/install/my_uav/share/my_uav/environment/path.dsv
[0.267s] -- Up-to-date: /home/a/uav/install/my_uav/share/my_uav/local_setup.bash
[0.267s] -- Up-to-date: /home/a/uav/install/my_uav/share/my_uav/local_setup.sh
[0.267s] -- Up-to-date: /home/a/uav/install/my_uav/share/my_uav/local_setup.zsh
[0.267s] -- Installing: /home/a/uav/install/my_uav/share/my_uav/local_setup.dsv
[0.267s] -- Installing: /home/a/uav/install/my_uav/share/my_uav/package.dsv
[0.267s] -- Up-to-date: /home/a/uav/install/my_uav/share/ament_index/resource_index/packages/my_uav
[0.268s] -- Up-to-date: /home/a/uav/install/my_uav/share/my_uav/cmake/my_uavConfig.cmake
[0.268s] -- Up-to-date: /home/a/uav/install/my_uav/share/my_uav/cmake/my_uavConfig-version.cmake
[0.268s] -- Up-to-date: /home/a/uav/install/my_uav/share/my_uav/package.xml
[0.270s] Invoked command in '/home/a/uav/build/my_uav' returned '0': /usr/bin/cmake --install /home/a/uav/build/my_uav
