-- The C compiler identification is GNU 9.4.0
-- The CXX compiler identification is GNU 9.4.0
-- Check for working C compiler: /usr/bin/cc
-- Check for working C compiler: /usr/bin/cc -- works
-- Detecting C compiler ABI info
-- Detecting C compiler ABI info - done
-- Detecting C compile features
-- Detecting C compile features - done
-- Check for working CXX compiler: /usr/bin/c++
-- Check for working CXX compiler: /usr/bin/c++ -- works
-- Detecting CXX compiler ABI info
-- Detecting CXX compiler ABI info - done
-- Detecting CXX compile features
-- Detecting CXX compile features - done
-- Found ament_cmake: 1.1.6 (/opt/ros/galactic/share/ament_cmake/cmake)
-- Found PythonInterp: /usr/bin/python3 (found suitable version "3.8.10", minimum required is "3") 
-- Using PYTHON_EXECUTABLE: /usr/bin/python3
-- Found ament_lint_auto: 0.10.7 (/opt/ros/galactic/share/ament_lint_auto/cmake)
-- Found rclcpp: 9.2.2 (/opt/ros/galactic/share/rclcpp/cmake)
-- Using all available rosidl_typesupport_c: rosidl_typesupport_fastrtps_c;rosidl_typesupport_introspection_c
-- Found rosidl_adapter: 2.2.3 (/opt/ros/galactic/share/rosidl_adapter/cmake)
-- Found OpenSSL: /usr/lib/x86_64-linux-gnu/libcrypto.so (found version "1.1.1f")  
-- Found FastRTPS: /opt/ros/galactic/include  
-- Using all available rosidl_typesupport_cpp: rosidl_typesupport_fastrtps_cpp;rosidl_typesupport_introspection_cpp
-- Found rmw_implementation_cmake: 3.3.1 (/opt/ros/galactic/share/rmw_implementation_cmake/cmake)
-- Found rmw_cyclonedds_cpp: 0.22.6 (/opt/ros/galactic/share/rmw_cyclonedds_cpp/cmake)
-- Using RMW implementation 'rmw_cyclonedds_cpp' as default
-- Looking for pthread.h
-- Looking for pthread.h - found
-- Performing Test CMAKE_HAVE_LIBC_PTHREAD
-- Performing Test CMAKE_HAVE_LIBC_PTHREAD - Failed
-- Looking for pthread_create in pthreads
-- Looking for pthread_create in pthreads - not found
-- Looking for pthread_create in pthread
-- Looking for pthread_create in pthread - found
-- Found Threads: TRUE  
-- Found sensor_msgs: 2.2.4 (/opt/ros/galactic/share/sensor_msgs/cmake)
-- Added test 'copyright' to check source files copyright and LICENSE
-- Added test 'cppcheck' to perform static code analysis on C / C++ code
-- Configured cppcheck include dirs: 
-- Configured cppcheck exclude dirs and/or files: 
-- Added test 'cpplint' to check C / C++ code against the Google style
-- Configured cpplint exclude dirs and/or files: 
-- Added test 'flake8' to check Python code syntax and style conventions
-- Added test 'lint_cmake' to check CMake code style
-- Added test 'pep257' to check Python code against some of the style conventions in PEP 257
-- Added test 'uncrustify' to check C / C++ code style
-- Configured uncrustify additional arguments: 
-- Added test 'xmllint' to check XML markup files
-- Configuring done
-- Generating done
-- Build files have been written to: /home/a/ros2_ws/build/my_uav
[35m[1mScanning dependencies of target uav_control_node[0m
[ 50%] [32mBuilding CXX object CMakeFiles/uav_control_node.dir/src/uav_control_node.cpp.o[0m
[100%] [32m[1mLinking CXX executable uav_control_node[0m
[100%] Built target uav_control_node
-- Install configuration: ""
-- Installing: /home/a/ros2_ws/install/my_uav/share/my_uav/launch
-- Installing: /home/a/ros2_ws/install/my_uav/share/my_uav/launch/gz_launch.py
-- Installing: /home/a/ros2_ws/install/my_uav/share/my_uav/models
-- Installing: /home/a/ros2_ws/install/my_uav/share/my_uav/worlds
-- Installing: /home/a/ros2_ws/install/my_uav/share/my_uav/worlds/empty_world.world
-- Installing: /home/a/ros2_ws/install/my_uav/lib/my_uav/uav_control_node
-- Set runtime path of "/home/a/ros2_ws/install/my_uav/lib/my_uav/uav_control_node" to ""
-- Installing: /home/a/ros2_ws/install/my_uav/share/ament_index/resource_index/package_run_dependencies/my_uav
-- Installing: /home/a/ros2_ws/install/my_uav/share/ament_index/resource_index/parent_prefix_path/my_uav
-- Installing: /home/a/ros2_ws/install/my_uav/share/my_uav/environment/ament_prefix_path.sh
-- Installing: /home/a/ros2_ws/install/my_uav/share/my_uav/environment/ament_prefix_path.dsv
-- Installing: /home/a/ros2_ws/install/my_uav/share/my_uav/environment/path.sh
-- Installing: /home/a/ros2_ws/install/my_uav/share/my_uav/environment/path.dsv
-- Installing: /home/a/ros2_ws/install/my_uav/share/my_uav/local_setup.bash
-- Installing: /home/a/ros2_ws/install/my_uav/share/my_uav/local_setup.sh
-- Installing: /home/a/ros2_ws/install/my_uav/share/my_uav/local_setup.zsh
-- Installing: /home/a/ros2_ws/install/my_uav/share/my_uav/local_setup.dsv
-- Installing: /home/a/ros2_ws/install/my_uav/share/my_uav/package.dsv
-- Installing: /home/a/ros2_ws/install/my_uav/share/ament_index/resource_index/packages/my_uav
-- Installing: /home/a/ros2_ws/install/my_uav/share/my_uav/cmake/my_uavConfig.cmake
-- Installing: /home/a/ros2_ws/install/my_uav/share/my_uav/cmake/my_uavConfig-version.cmake
-- Installing: /home/a/ros2_ws/install/my_uav/share/my_uav/package.xml
