[  4%] [32mBuilding CXX object CMakeFiles/uav_control_node.dir/src/uav_control_node.cpp.o[0m
[ 13%] Built target image_sub
[ 22%] Built target internlm_m_node
[ 31%] Built target internvl
[ 40%] Built target internlm_m_listener
[35m[1mScanning dependencies of target internvl_p[0m
[ 45%] [32mBuilding CXX object CMakeFiles/internvl_p.dir/src/internvl_p.cpp.o[0m
[ 50%] [32m[1mLinking CXX executable uav_control_node[0m
[ 50%] Built target uav_control_node
[ 59%] Built target internvl_listener
[ 68%] Built target gps_sub
[ 77%] Built target ray_sub
[ 86%] Built target camera_listener
[ 95%] Built target ray_listener
[01m[K/home/a/uav/src/my_uav/src/internvl_p.cpp:[m[K In member function ‘[01m[Kvoid InternvlNode::send_to_ai()[m[K’:
[01m[K/home/a/uav/src/my_uav/src/internvl_p.cpp:130:9:[m[K [01;31m[Kerror: [m[K‘[01m[Kcommand[m[K’ was not declared in this scope
  130 |    if (![01;31m[Kcommand[m[K.empty()) {
      |         [01;31m[K^~~~~~~[m[K
make[2]: *** [CMakeFiles/internvl_p.dir/build.make:63：CMakeFiles/internvl_p.dir/src/internvl_p.cpp.o] 错误 1
make[1]: *** [CMakeFiles/Makefile2:287：CMakeFiles/internvl_p.dir/all] 错误 2
make: *** [Makefile:141：all] 错误 2
