[0.327s] DEBUG:colcon:Command line arguments: ['/usr/bin/colcon', 'build', '--packages-select', 'px4_ros_com']
[0.327s] DEBUG:colcon:Parsed command line arguments: Namespace(allow_overriding=[], ament_cmake_args=None, base_paths=['.'], build_base='build', catkin_cmake_args=None, catkin_skip_building_tests=False, cmake_args=None, cmake_clean_cache=False, cmake_clean_first=False, cmake_force_configure=False, cmake_target=None, cmake_target_skip_unavailable=False, continue_on_error=False, event_handlers=None, executor='parallel', ignore_user_meta=False, install_base='install', log_base=None, log_level=None, main=<bound method BuildVerb.main of <colcon_core.verb.build.BuildVerb object at 0x7fb3cb63b430>>, merge_install=False, metas=['./colcon.meta'], packages_above=None, packages_above_and_dependencies=None, packages_above_depth=None, packages_end=None, packages_ignore=None, packages_ignore_regex=None, packages_select=['px4_ros_com'], packages_select_build_failed=False, packages_select_by_dep=None, packages_select_regex=None, packages_select_test_failures=False, packages_skip=None, packages_skip_build_finished=False, packages_skip_by_dep=None, packages_skip_regex=None, packages_skip_test_passed=False, packages_skip_up_to=None, packages_start=None, packages_up_to=None, packages_up_to_regex=None, parallel_workers=2, paths=None, symlink_install=False, test_result_base=None, verb_extension=<colcon_core.verb.build.BuildVerb object at 0x7fb3cb63b430>, verb_name='build', verb_parser=<colcon_defaults.argument_parser.defaults.DefaultArgumentsDecorator object at 0x7fb3cb63b940>)
[0.610s] Level 1:colcon.colcon_core.package_discovery:discover_packages(colcon_meta) check parameters
[0.610s] Level 1:colcon.colcon_core.package_discovery:discover_packages(recursive) check parameters
[0.610s] Level 1:colcon.colcon_core.package_discovery:discover_packages(ignore) check parameters
[0.610s] Level 1:colcon.colcon_core.package_discovery:discover_packages(path) check parameters
[0.610s] Level 1:colcon.colcon_core.package_discovery:discover_packages(colcon_meta) discover
[0.610s] Level 1:colcon.colcon_core.package_discovery:discover_packages(recursive) discover
[0.611s] INFO:colcon.colcon_core.package_discovery:Crawling recursively for packages in '/home/a/ros2_ws'
[0.611s] Level 1:colcon.colcon_core.package_identification:_identify(.) by extensions ['ignore', 'ignore_ament_install']
[0.611s] Level 1:colcon.colcon_core.package_identification:_identify(.) by extension 'ignore'
[0.611s] Level 1:colcon.colcon_core.package_identification:_identify(.) by extension 'ignore_ament_install'
[0.611s] Level 1:colcon.colcon_core.package_identification:_identify(.) by extensions ['colcon_pkg']
[0.611s] Level 1:colcon.colcon_core.package_identification:_identify(.) by extension 'colcon_pkg'
[0.611s] Level 1:colcon.colcon_core.package_identification:_identify(.) by extensions ['colcon_meta']
[0.611s] Level 1:colcon.colcon_core.package_identification:_identify(.) by extension 'colcon_meta'
[0.611s] Level 1:colcon.colcon_core.package_identification:_identify(.) by extensions ['ros']
[0.611s] Level 1:colcon.colcon_core.package_identification:_identify(.) by extension 'ros'
[0.631s] Level 1:colcon.colcon_core.package_identification:_identify(.) by extensions ['cmake', 'python']
[0.631s] Level 1:colcon.colcon_core.package_identification:_identify(.) by extension 'cmake'
[0.631s] Level 1:colcon.colcon_core.package_identification:_identify(.) by extension 'python'
[0.632s] Level 1:colcon.colcon_core.package_identification:_identify(.) by extensions ['python_setup_py']
[0.633s] Level 1:colcon.colcon_core.package_identification:_identify(.) by extension 'python_setup_py'
[0.633s] Level 1:colcon.colcon_core.package_identification:_identify(build) by extensions ['ignore', 'ignore_ament_install']
[0.634s] Level 1:colcon.colcon_core.package_identification:_identify(build) by extension 'ignore'
[0.634s] Level 1:colcon.colcon_core.package_identification:_identify(build) ignored
[0.634s] Level 1:colcon.colcon_core.package_identification:_identify(install) by extensions ['ignore', 'ignore_ament_install']
[0.634s] Level 1:colcon.colcon_core.package_identification:_identify(install) by extension 'ignore'
[0.634s] Level 1:colcon.colcon_core.package_identification:_identify(install) ignored
[0.634s] Level 1:colcon.colcon_core.package_identification:_identify(log) by extensions ['ignore', 'ignore_ament_install']
[0.634s] Level 1:colcon.colcon_core.package_identification:_identify(log) by extension 'ignore'
[0.634s] Level 1:colcon.colcon_core.package_identification:_identify(log) ignored
[0.634s] Level 1:colcon.colcon_core.package_identification:_identify(src) by extensions ['ignore', 'ignore_ament_install']
[0.634s] Level 1:colcon.colcon_core.package_identification:_identify(src) by extension 'ignore'
[0.635s] Level 1:colcon.colcon_core.package_identification:_identify(src) by extension 'ignore_ament_install'
[0.635s] Level 1:colcon.colcon_core.package_identification:_identify(src) by extensions ['colcon_pkg']
[0.635s] Level 1:colcon.colcon_core.package_identification:_identify(src) by extension 'colcon_pkg'
[0.635s] Level 1:colcon.colcon_core.package_identification:_identify(src) by extensions ['colcon_meta']
[0.635s] Level 1:colcon.colcon_core.package_identification:_identify(src) by extension 'colcon_meta'
[0.635s] Level 1:colcon.colcon_core.package_identification:_identify(src) by extensions ['ros']
[0.635s] Level 1:colcon.colcon_core.package_identification:_identify(src) by extension 'ros'
[0.635s] Level 1:colcon.colcon_core.package_identification:_identify(src) by extensions ['cmake', 'python']
[0.635s] Level 1:colcon.colcon_core.package_identification:_identify(src) by extension 'cmake'
[0.635s] Level 1:colcon.colcon_core.package_identification:_identify(src) by extension 'python'
[0.635s] Level 1:colcon.colcon_core.package_identification:_identify(src) by extensions ['python_setup_py']
[0.635s] Level 1:colcon.colcon_core.package_identification:_identify(src) by extension 'python_setup_py'
[0.635s] Level 1:colcon.colcon_core.package_identification:_identify(src/my_uav) by extensions ['ignore', 'ignore_ament_install']
[0.635s] Level 1:colcon.colcon_core.package_identification:_identify(src/my_uav) by extension 'ignore'
[0.635s] Level 1:colcon.colcon_core.package_identification:_identify(src/my_uav) by extension 'ignore_ament_install'
[0.635s] Level 1:colcon.colcon_core.package_identification:_identify(src/my_uav) by extensions ['colcon_pkg']
[0.635s] Level 1:colcon.colcon_core.package_identification:_identify(src/my_uav) by extension 'colcon_pkg'
[0.635s] Level 1:colcon.colcon_core.package_identification:_identify(src/my_uav) by extensions ['colcon_meta']
[0.635s] Level 1:colcon.colcon_core.package_identification:_identify(src/my_uav) by extension 'colcon_meta'
[0.635s] Level 1:colcon.colcon_core.package_identification:_identify(src/my_uav) by extensions ['ros']
[0.635s] Level 1:colcon.colcon_core.package_identification:_identify(src/my_uav) by extension 'ros'
[0.640s] DEBUG:colcon.colcon_core.package_identification:Package 'src/my_uav' with type 'ros.ament_cmake' and name 'my_uav'
[0.641s] Level 1:colcon.colcon_core.package_identification:_identify(src/px4_msgs) by extensions ['ignore', 'ignore_ament_install']
[0.641s] Level 1:colcon.colcon_core.package_identification:_identify(src/px4_msgs) by extension 'ignore'
[0.641s] Level 1:colcon.colcon_core.package_identification:_identify(src/px4_msgs) by extension 'ignore_ament_install'
[0.641s] Level 1:colcon.colcon_core.package_identification:_identify(src/px4_msgs) by extensions ['colcon_pkg']
[0.641s] Level 1:colcon.colcon_core.package_identification:_identify(src/px4_msgs) by extension 'colcon_pkg'
[0.641s] Level 1:colcon.colcon_core.package_identification:_identify(src/px4_msgs) by extensions ['colcon_meta']
[0.641s] Level 1:colcon.colcon_core.package_identification:_identify(src/px4_msgs) by extension 'colcon_meta'
[0.641s] Level 1:colcon.colcon_core.package_identification:_identify(src/px4_msgs) by extensions ['ros']
[0.641s] Level 1:colcon.colcon_core.package_identification:_identify(src/px4_msgs) by extension 'ros'
[0.642s] DEBUG:colcon.colcon_core.package_identification:Package 'src/px4_msgs' with type 'ros.ament_cmake' and name 'px4_msgs'
[0.642s] Level 1:colcon.colcon_core.package_identification:_identify(src/px4_ros_com) by extensions ['ignore', 'ignore_ament_install']
[0.642s] Level 1:colcon.colcon_core.package_identification:_identify(src/px4_ros_com) by extension 'ignore'
[0.642s] Level 1:colcon.colcon_core.package_identification:_identify(src/px4_ros_com) by extension 'ignore_ament_install'
[0.642s] Level 1:colcon.colcon_core.package_identification:_identify(src/px4_ros_com) by extensions ['colcon_pkg']
[0.642s] Level 1:colcon.colcon_core.package_identification:_identify(src/px4_ros_com) by extension 'colcon_pkg'
[0.642s] Level 1:colcon.colcon_core.package_identification:_identify(src/px4_ros_com) by extensions ['colcon_meta']
[0.643s] Level 1:colcon.colcon_core.package_identification:_identify(src/px4_ros_com) by extension 'colcon_meta'
[0.643s] Level 1:colcon.colcon_core.package_identification:_identify(src/px4_ros_com) by extensions ['ros']
[0.643s] Level 1:colcon.colcon_core.package_identification:_identify(src/px4_ros_com) by extension 'ros'
[0.644s] DEBUG:colcon.colcon_core.package_identification:Package 'src/px4_ros_com' with type 'ros.ament_cmake' and name 'px4_ros_com'
[0.644s] Level 1:colcon.colcon_core.package_discovery:discover_packages(recursive) using defaults
[0.644s] Level 1:colcon.colcon_core.package_discovery:discover_packages(ignore) discover
[0.644s] Level 1:colcon.colcon_core.package_discovery:discover_packages(ignore) using defaults
[0.644s] Level 1:colcon.colcon_core.package_discovery:discover_packages(path) discover
[0.644s] Level 1:colcon.colcon_core.package_discovery:discover_packages(path) using defaults
[0.674s] INFO:colcon.colcon_core.package_selection:Skipping not selected package 'my_uav' in 'src/my_uav'
[0.675s] INFO:colcon.colcon_core.package_selection:Skipping not selected package 'px4_msgs' in 'src/px4_msgs'
[0.675s] Level 1:colcon.colcon_core.package_discovery:discover_packages(prefix_path) check parameters
[0.675s] Level 1:colcon.colcon_core.package_discovery:discover_packages(prefix_path) discover
[0.678s] DEBUG:colcon.colcon_installed_package_information.package_discovery:Found 3 installed packages in /home/a/ros2_ws/install
[0.680s] DEBUG:colcon.colcon_installed_package_information.package_discovery:Found 275 installed packages in /opt/ros/galactic
[0.705s] Level 1:colcon.colcon_core.package_discovery:discover_packages(prefix_path) using defaults
[0.789s] Level 5:colcon.colcon_core.verb:set package 'px4_ros_com' build argument 'cmake_args' from command line to 'None'
[0.789s] Level 5:colcon.colcon_core.verb:set package 'px4_ros_com' build argument 'cmake_target' from command line to 'None'
[0.789s] Level 5:colcon.colcon_core.verb:set package 'px4_ros_com' build argument 'cmake_target_skip_unavailable' from command line to 'False'
[0.789s] Level 5:colcon.colcon_core.verb:set package 'px4_ros_com' build argument 'cmake_clean_cache' from command line to 'False'
[0.789s] Level 5:colcon.colcon_core.verb:set package 'px4_ros_com' build argument 'cmake_clean_first' from command line to 'False'
[0.789s] Level 5:colcon.colcon_core.verb:set package 'px4_ros_com' build argument 'cmake_force_configure' from command line to 'False'
[0.789s] Level 5:colcon.colcon_core.verb:set package 'px4_ros_com' build argument 'ament_cmake_args' from command line to 'None'
[0.789s] Level 5:colcon.colcon_core.verb:set package 'px4_ros_com' build argument 'catkin_cmake_args' from command line to 'None'
[0.789s] Level 5:colcon.colcon_core.verb:set package 'px4_ros_com' build argument 'catkin_skip_building_tests' from command line to 'False'
[0.790s] DEBUG:colcon.colcon_core.verb:Building package 'px4_ros_com' with the following arguments: {'ament_cmake_args': None, 'build_base': '/home/a/ros2_ws/build/px4_ros_com', 'catkin_cmake_args': None, 'catkin_skip_building_tests': False, 'cmake_args': None, 'cmake_clean_cache': False, 'cmake_clean_first': False, 'cmake_force_configure': False, 'cmake_target': None, 'cmake_target_skip_unavailable': False, 'install_base': '/home/a/ros2_ws/install/px4_ros_com', 'merge_install': False, 'path': '/home/a/ros2_ws/src/px4_ros_com', 'symlink_install': False, 'test_result_base': None}
[0.790s] INFO:colcon.colcon_core.executor:Executing jobs using 'parallel' executor
[0.791s] DEBUG:colcon.colcon_parallel_executor.executor.parallel:run_until_complete
[0.791s] INFO:colcon.colcon_ros.task.ament_cmake.build:Building ROS package in '/home/a/ros2_ws/src/px4_ros_com' with build type 'ament_cmake'
[0.792s] INFO:colcon.colcon_cmake.task.cmake.build:Building CMake package in '/home/a/ros2_ws/src/px4_ros_com'
[0.796s] INFO:colcon.colcon_core.plugin_system:Skipping extension 'colcon_core.shell.bat': Not used on non-Windows systems
[0.796s] INFO:colcon.colcon_core.shell:Skip shell extension 'powershell' for command environment: Not usable outside of PowerShell
[0.796s] DEBUG:colcon.colcon_core.shell:Skip shell extension 'dsv' for command environment
[0.826s] DEBUG:colcon.colcon_core.event_handler.log_command:Invoking command in '/home/a/ros2_ws/build/px4_ros_com': CMAKE_PREFIX_PATH=/home/a/ros2_ws/install/px4_msgs:/home/a/ros2_ws/install/px4_ros_com:/home/a/ros2_ws/install/my_uav:/opt/ros/galactic LD_LIBRARY_PATH=/home/a/ros2_ws/install/px4_msgs/lib:/home/a/ros2_ws/install/px4_ros_com/lib:/usr/lib/x86_64-linux-gnu/gazebo-11/plugins:/opt/ros/galactic/opt/yaml_cpp_vendor/lib:/opt/ros/galactic/opt/rviz_ogre_vendor/lib:/opt/ros/galactic/lib/x86_64-linux-gnu:/opt/ros/galactic/lib:/home/a/PX4-Autopilot/build/px4_sitl_default/build_gazebo-classic /usr/bin/cmake --build /home/a/ros2_ws/build/px4_ros_com -- -j2 -l2
[27.717s] DEBUG:colcon.colcon_core.event_handler.log_command:Invoked command in '/home/a/ros2_ws/build/px4_ros_com' returned '0': CMAKE_PREFIX_PATH=/home/a/ros2_ws/install/px4_msgs:/home/a/ros2_ws/install/px4_ros_com:/home/a/ros2_ws/install/my_uav:/opt/ros/galactic LD_LIBRARY_PATH=/home/a/ros2_ws/install/px4_msgs/lib:/home/a/ros2_ws/install/px4_ros_com/lib:/usr/lib/x86_64-linux-gnu/gazebo-11/plugins:/opt/ros/galactic/opt/yaml_cpp_vendor/lib:/opt/ros/galactic/opt/rviz_ogre_vendor/lib:/opt/ros/galactic/lib/x86_64-linux-gnu:/opt/ros/galactic/lib:/home/a/PX4-Autopilot/build/px4_sitl_default/build_gazebo-classic /usr/bin/cmake --build /home/a/ros2_ws/build/px4_ros_com -- -j2 -l2
[27.737s] DEBUG:colcon.colcon_core.event_handler.log_command:Invoking command in '/home/a/ros2_ws/build/px4_ros_com': CMAKE_PREFIX_PATH=/home/a/ros2_ws/install/px4_msgs:/home/a/ros2_ws/install/px4_ros_com:/home/a/ros2_ws/install/my_uav:/opt/ros/galactic LD_LIBRARY_PATH=/home/a/ros2_ws/install/px4_msgs/lib:/home/a/ros2_ws/install/px4_ros_com/lib:/usr/lib/x86_64-linux-gnu/gazebo-11/plugins:/opt/ros/galactic/opt/yaml_cpp_vendor/lib:/opt/ros/galactic/opt/rviz_ogre_vendor/lib:/opt/ros/galactic/lib/x86_64-linux-gnu:/opt/ros/galactic/lib:/home/a/PX4-Autopilot/build/px4_sitl_default/build_gazebo-classic /usr/bin/cmake --install /home/a/ros2_ws/build/px4_ros_com
[27.841s] Level 1:colcon.colcon_core.environment:create_environment_scripts_only(px4_ros_com)
[27.846s] DEBUG:colcon.colcon_core.event_handler.log_command:Invoked command in '/home/a/ros2_ws/build/px4_ros_com' returned '0': CMAKE_PREFIX_PATH=/home/a/ros2_ws/install/px4_msgs:/home/a/ros2_ws/install/px4_ros_com:/home/a/ros2_ws/install/my_uav:/opt/ros/galactic LD_LIBRARY_PATH=/home/a/ros2_ws/install/px4_msgs/lib:/home/a/ros2_ws/install/px4_ros_com/lib:/usr/lib/x86_64-linux-gnu/gazebo-11/plugins:/opt/ros/galactic/opt/yaml_cpp_vendor/lib:/opt/ros/galactic/opt/rviz_ogre_vendor/lib:/opt/ros/galactic/lib/x86_64-linux-gnu:/opt/ros/galactic/lib:/home/a/PX4-Autopilot/build/px4_sitl_default/build_gazebo-classic /usr/bin/cmake --install /home/a/ros2_ws/build/px4_ros_com
[27.847s] Level 1:colcon.colcon_core.environment:checking '/home/a/ros2_ws/install/px4_ros_com' for CMake module files
[27.849s] Level 1:colcon.colcon_core.environment:checking '/home/a/ros2_ws/install/px4_ros_com' for CMake config files
[27.849s] Level 1:colcon.colcon_core.shell:create_environment_hook('px4_ros_com', 'cmake_prefix_path')
[27.850s] INFO:colcon.colcon_core.shell:Creating environment hook '/home/a/ros2_ws/install/px4_ros_com/share/px4_ros_com/hook/cmake_prefix_path.ps1'
[27.851s] INFO:colcon.colcon_core.shell:Creating environment descriptor '/home/a/ros2_ws/install/px4_ros_com/share/px4_ros_com/hook/cmake_prefix_path.dsv'
[27.852s] INFO:colcon.colcon_core.shell:Creating environment hook '/home/a/ros2_ws/install/px4_ros_com/share/px4_ros_com/hook/cmake_prefix_path.sh'
[27.854s] Level 1:colcon.colcon_core.environment:checking '/home/a/ros2_ws/install/px4_ros_com/lib'
[27.855s] Level 1:colcon.colcon_core.shell:create_environment_hook('px4_ros_com', 'ld_library_path_lib')
[27.855s] INFO:colcon.colcon_core.shell:Creating environment hook '/home/a/ros2_ws/install/px4_ros_com/share/px4_ros_com/hook/ld_library_path_lib.ps1'
[27.856s] INFO:colcon.colcon_core.shell:Creating environment descriptor '/home/a/ros2_ws/install/px4_ros_com/share/px4_ros_com/hook/ld_library_path_lib.dsv'
[27.859s] INFO:colcon.colcon_core.shell:Creating environment hook '/home/a/ros2_ws/install/px4_ros_com/share/px4_ros_com/hook/ld_library_path_lib.sh'
[27.863s] Level 1:colcon.colcon_core.environment:checking '/home/a/ros2_ws/install/px4_ros_com/bin'
[27.863s] Level 1:colcon.colcon_core.environment:checking '/home/a/ros2_ws/install/px4_ros_com/lib/pkgconfig/px4_ros_com.pc'
[27.863s] Level 1:colcon.colcon_core.environment:checking '/home/a/ros2_ws/install/px4_ros_com/lib/python3.8/site-packages'
[27.863s] Level 1:colcon.colcon_core.environment:checking '/home/a/ros2_ws/install/px4_ros_com/bin'
[27.864s] INFO:colcon.colcon_core.shell:Creating package script '/home/a/ros2_ws/install/px4_ros_com/share/px4_ros_com/package.ps1'
[27.866s] INFO:colcon.colcon_core.shell:Creating package descriptor '/home/a/ros2_ws/install/px4_ros_com/share/px4_ros_com/package.dsv'
[27.867s] INFO:colcon.colcon_core.shell:Creating package script '/home/a/ros2_ws/install/px4_ros_com/share/px4_ros_com/package.sh'
[27.868s] INFO:colcon.colcon_core.shell:Creating package script '/home/a/ros2_ws/install/px4_ros_com/share/px4_ros_com/package.bash'
[27.870s] INFO:colcon.colcon_core.shell:Creating package script '/home/a/ros2_ws/install/px4_ros_com/share/px4_ros_com/package.zsh'
[27.872s] Level 1:colcon.colcon_core.environment:create_file_with_runtime_dependencies(/home/a/ros2_ws/install/px4_ros_com/share/colcon-core/packages/px4_ros_com)
[27.878s] Level 1:colcon.colcon_core.environment:create_environment_scripts_only(px4_ros_com)
[27.879s] Level 1:colcon.colcon_core.environment:checking '/home/a/ros2_ws/install/px4_ros_com' for CMake module files
[27.881s] Level 1:colcon.colcon_core.environment:checking '/home/a/ros2_ws/install/px4_ros_com' for CMake config files
[27.881s] Level 1:colcon.colcon_core.shell:create_environment_hook('px4_ros_com', 'cmake_prefix_path')
[27.881s] INFO:colcon.colcon_core.shell:Creating environment hook '/home/a/ros2_ws/install/px4_ros_com/share/px4_ros_com/hook/cmake_prefix_path.ps1'
[27.882s] INFO:colcon.colcon_core.shell:Creating environment descriptor '/home/a/ros2_ws/install/px4_ros_com/share/px4_ros_com/hook/cmake_prefix_path.dsv'
[27.883s] INFO:colcon.colcon_core.shell:Creating environment hook '/home/a/ros2_ws/install/px4_ros_com/share/px4_ros_com/hook/cmake_prefix_path.sh'
[27.885s] Level 1:colcon.colcon_core.environment:checking '/home/a/ros2_ws/install/px4_ros_com/lib'
[27.886s] Level 1:colcon.colcon_core.shell:create_environment_hook('px4_ros_com', 'ld_library_path_lib')
[27.886s] INFO:colcon.colcon_core.shell:Creating environment hook '/home/a/ros2_ws/install/px4_ros_com/share/px4_ros_com/hook/ld_library_path_lib.ps1'
[27.887s] INFO:colcon.colcon_core.shell:Creating environment descriptor '/home/a/ros2_ws/install/px4_ros_com/share/px4_ros_com/hook/ld_library_path_lib.dsv'
[27.888s] INFO:colcon.colcon_core.shell:Creating environment hook '/home/a/ros2_ws/install/px4_ros_com/share/px4_ros_com/hook/ld_library_path_lib.sh'
[27.889s] Level 1:colcon.colcon_core.environment:checking '/home/a/ros2_ws/install/px4_ros_com/bin'
[27.889s] Level 1:colcon.colcon_core.environment:checking '/home/a/ros2_ws/install/px4_ros_com/lib/pkgconfig/px4_ros_com.pc'
[27.890s] Level 1:colcon.colcon_core.environment:checking '/home/a/ros2_ws/install/px4_ros_com/lib/python3.8/site-packages'
[27.890s] Level 1:colcon.colcon_core.environment:checking '/home/a/ros2_ws/install/px4_ros_com/bin'
[27.890s] INFO:colcon.colcon_core.shell:Creating package script '/home/a/ros2_ws/install/px4_ros_com/share/px4_ros_com/package.ps1'
[27.896s] INFO:colcon.colcon_core.shell:Creating package descriptor '/home/a/ros2_ws/install/px4_ros_com/share/px4_ros_com/package.dsv'
[27.897s] INFO:colcon.colcon_core.shell:Creating package script '/home/a/ros2_ws/install/px4_ros_com/share/px4_ros_com/package.sh'
[27.898s] INFO:colcon.colcon_core.shell:Creating package script '/home/a/ros2_ws/install/px4_ros_com/share/px4_ros_com/package.bash'
[27.899s] INFO:colcon.colcon_core.shell:Creating package script '/home/a/ros2_ws/install/px4_ros_com/share/px4_ros_com/package.zsh'
[27.899s] Level 1:colcon.colcon_core.environment:create_file_with_runtime_dependencies(/home/a/ros2_ws/install/px4_ros_com/share/colcon-core/packages/px4_ros_com)
[27.900s] DEBUG:colcon.colcon_parallel_executor.executor.parallel:closing loop
[27.901s] DEBUG:colcon.colcon_parallel_executor.executor.parallel:loop closed
[27.901s] DEBUG:colcon.colcon_parallel_executor.executor.parallel:run_until_complete finished with '0'
[27.901s] DEBUG:colcon.colcon_core.event_reactor:joining thread
[27.918s] INFO:colcon.colcon_core.plugin_system:Skipping extension 'colcon_notification.desktop_notification.terminal_notifier': Not used on non-Darwin systems
[27.918s] INFO:colcon.colcon_core.plugin_system:Skipping extension 'colcon_notification.desktop_notification.win32': Not used on non-Windows systems
[27.918s] INFO:colcon.colcon_notification.desktop_notification:Sending desktop notification using 'notify2'
[27.946s] DEBUG:colcon.colcon_core.event_reactor:joined thread
[27.947s] INFO:colcon.colcon_core.shell:Creating prefix script '/home/a/ros2_ws/install/local_setup.ps1'
[27.949s] INFO:colcon.colcon_core.shell:Creating prefix util module '/home/a/ros2_ws/install/_local_setup_util_ps1.py'
[27.952s] INFO:colcon.colcon_core.shell:Creating prefix chain script '/home/a/ros2_ws/install/setup.ps1'
[27.962s] INFO:colcon.colcon_core.shell:Creating prefix script '/home/a/ros2_ws/install/local_setup.sh'
[27.963s] INFO:colcon.colcon_core.shell:Creating prefix util module '/home/a/ros2_ws/install/_local_setup_util_sh.py'
[27.964s] INFO:colcon.colcon_core.shell:Creating prefix chain script '/home/a/ros2_ws/install/setup.sh'
[27.968s] INFO:colcon.colcon_core.shell:Creating prefix script '/home/a/ros2_ws/install/local_setup.bash'
[27.970s] INFO:colcon.colcon_core.shell:Creating prefix chain script '/home/a/ros2_ws/install/setup.bash'
[27.972s] INFO:colcon.colcon_core.shell:Creating prefix script '/home/a/ros2_ws/install/local_setup.zsh'
[27.973s] INFO:colcon.colcon_core.shell:Creating prefix chain script '/home/a/ros2_ws/install/setup.zsh'
