[0.017s] Invoking command in '/home/a/ros2_ws/build/px4_ros_com': CMAKE_PREFIX_PATH=/home/a/ros2_ws/install/px4_msgs:/home/a/ros2_ws/install/px4_ros_com:/home/a/ros2_ws/install/my_uav:/opt/ros/galactic LD_LIBRARY_PATH=/home/a/ros2_ws/install/px4_msgs/lib:/home/a/ros2_ws/install/px4_ros_com/lib:/usr/lib/x86_64-linux-gnu/gazebo-11/plugins:/opt/ros/galactic/opt/yaml_cpp_vendor/lib:/opt/ros/galactic/opt/rviz_ogre_vendor/lib:/opt/ros/galactic/lib/x86_64-linux-gnu:/opt/ros/galactic/lib:/home/a/PX4-Autopilot/build/px4_sitl_default/build_gazebo-classic /usr/bin/cmake --build /home/a/ros2_ws/build/px4_ros_com -- -j2 -l2
[0.077s] [  7%] Built target my_uav_node
[0.081s] [ 10%] [32mBuilding CXX object CMakeFiles/offboard_control_mode.dir/src/examples/offboard/offboard_control_mode.cpp.o[0m
[0.092s] [35m[1mScanning dependencies of target commander[0m
[0.132s] [ 14%] [32mBuilding CXX object CMakeFiles/commander.dir/src/examples/offboard/commander.cpp.o[0m
[2.197s] [01m[K/home/a/ros2_ws/src/px4_ros_com/src/examples/offboard/offboard_control_mode.cpp:[m[K In constructor ‘[01m[KOffboardmode::Offboardmode()[m[K’:
[2.197s] [01m[K/home/a/ros2_ws/src/px4_ros_com/src/examples/offboard/offboard_control_mode.cpp:35:9:[m[K [01;31m[Kerror: [m[Ktoo few arguments to function ‘[01m[Kvoid exit(int)[m[K’
[2.197s]    35 |    exit([01;31m[K)[m[K;  // 程序退出
[2.197s]       |         [01;31m[K^[m[K
[2.198s] In file included from [01m[K/usr/include/c++/9/cstdlib:75[m[K,
[2.198s]                  from [01m[K/usr/include/c++/9/bits/stl_algo.h:59[m[K,
[2.198s]                  from [01m[K/usr/include/c++/9/algorithm:62[m[K,
[2.198s]                  from [01m[K/opt/ros/galactic/include/rosidl_runtime_cpp/bounded_vector.hpp:18[m[K,
[2.198s]                  from [01m[K/home/a/ros2_ws/install/px4_msgs/include/px4_msgs/msg/detail/offboard_control_mode__struct.hpp:8[m[K,
[2.198s]                  from [01m[K/home/a/ros2_ws/install/px4_msgs/include/px4_msgs/msg/offboard_control_mode.hpp:7[m[K,
[2.198s]                  from [01m[K/home/a/ros2_ws/src/px4_ros_com/src/examples/offboard/offboard_control_mode.cpp:13[m[K:
[2.198s] [01m[K/usr/include/stdlib.h:617:13:[m[K [01;36m[Knote: [m[Kdeclared here
[2.198s]   617 | extern void [01;36m[Kexit[m[K (int __status) __THROW __attribute__ ((__noreturn__));
[2.198s]       |             [01;36m[K^~~~[m[K
[2.230s] [01m[K/home/a/ros2_ws/src/px4_ros_com/src/examples/offboard/commander.cpp:[m[K In constructor ‘[01m[Kcommander::commander()[m[K’:
[2.230s] [01m[K/home/a/ros2_ws/src/px4_ros_com/src/examples/offboard/commander.cpp:57:9:[m[K [01;31m[Kerror: [m[Ktoo few arguments to function ‘[01m[Kvoid exit(int)[m[K’
[2.230s]    57 |    exit([01;31m[K)[m[K;  // 程序退出
[2.230s]       |         [01;31m[K^[m[K
[2.230s] In file included from [01m[K/usr/include/c++/9/cstdlib:75[m[K,
[2.230s]                  from [01m[K/usr/include/c++/9/ext/string_conversions.h:41[m[K,
[2.230s]                  from [01m[K/usr/include/c++/9/bits/basic_string.h:6496[m[K,
[2.230s]                  from [01m[K/usr/include/c++/9/string:55[m[K,
[2.230s]                  from [01m[K/usr/include/c++/9/stdexcept:39[m[K,
[2.230s]                  from [01m[K/usr/include/c++/9/array:39[m[K,
[2.230s]                  from [01m[K/usr/include/c++/9/tuple:39[m[K,
[2.230s]                  from [01m[K/usr/include/c++/9/bits/unique_ptr.h:37[m[K,
[2.230s]                  from [01m[K/usr/include/c++/9/memory:80[m[K,
[2.230s]                  from [01m[K/opt/ros/galactic/include/rclcpp/rclcpp.hpp:154[m[K,
[2.230s]                  from [01m[K/home/a/ros2_ws/src/px4_ros_com/src/examples/offboard/commander.cpp:38[m[K:
[2.230s] [01m[K/usr/include/stdlib.h:617:13:[m[K [01;36m[Knote: [m[Kdeclared here
[2.231s]   617 | extern void [01;36m[Kexit[m[K (int __status) __THROW __attribute__ ((__noreturn__));
[2.231s]       |             [01;36m[K^~~~[m[K
[3.997s] make[2]: *** [CMakeFiles/offboard_control_mode.dir/build.make:63：CMakeFiles/offboard_control_mode.dir/src/examples/offboard/offboard_control_mode.cpp.o] 错误 1
[3.998s] make[1]: *** [CMakeFiles/Makefile2:131：CMakeFiles/offboard_control_mode.dir/all] 错误 2
[3.998s] make[1]: *** 正在等待未完成的任务....
[5.383s] make[2]: *** [CMakeFiles/commander.dir/build.make:63：CMakeFiles/commander.dir/src/examples/offboard/commander.cpp.o] 错误 1
[5.384s] make[1]: *** [CMakeFiles/Makefile2:158：CMakeFiles/commander.dir/all] 错误 2
[5.385s] make: *** [Makefile:141：all] 错误 2
[5.386s] Invoked command in '/home/a/ros2_ws/build/px4_ros_com' returned '2': CMAKE_PREFIX_PATH=/home/a/ros2_ws/install/px4_msgs:/home/a/ros2_ws/install/px4_ros_com:/home/a/ros2_ws/install/my_uav:/opt/ros/galactic LD_LIBRARY_PATH=/home/a/ros2_ws/install/px4_msgs/lib:/home/a/ros2_ws/install/px4_ros_com/lib:/usr/lib/x86_64-linux-gnu/gazebo-11/plugins:/opt/ros/galactic/opt/yaml_cpp_vendor/lib:/opt/ros/galactic/opt/rviz_ogre_vendor/lib:/opt/ros/galactic/lib/x86_64-linux-gnu:/opt/ros/galactic/lib:/home/a/PX4-Autopilot/build/px4_sitl_default/build_gazebo-classic /usr/bin/cmake --build /home/a/ros2_ws/build/px4_ros_com -- -j2 -l2
