[0.016s] Invoking command in '/home/a/uav/build/my_uav': CMAKE_PREFIX_PATH=${CMAKE_PREFIX_PATH}:/opt/ros/galactic /usr/bin/cmake --build /home/a/uav/build/my_uav -- -j2 -l2
[0.066s] [35m[1mScanning dependencies of target internvl[0m
[0.103s] [ 16%] [32mBuilding CXX object CMakeFiles/internvl.dir/src/internvl.cpp.o[0m
[0.115s] [ 50%] Built target internlm_m_node
[0.160s] [ 83%] Built target uav_control_node
[5.012s] [100%] [32m[1mLinking CXX executable internvl[0m
[5.462s] [100%] Built target internvl
[5.482s] Invoked command in '/home/a/uav/build/my_uav' returned '0': CMAKE_PREFIX_PATH=${CMAKE_PREFIX_PATH}:/opt/ros/galactic /usr/bin/cmake --build /home/a/uav/build/my_uav -- -j2 -l2
[5.498s] Invoking command in '/home/a/uav/build/my_uav': CMAKE_PREFIX_PATH=${CMAKE_PREFIX_PATH}:/opt/ros/galactic /usr/bin/cmake --install /home/a/uav/build/my_uav
[5.509s] -- Install configuration: ""
[5.509s] -- Up-to-date: /home/a/uav/install/my_uav/share/my_uav/launch
[5.510s] -- Up-to-date: /home/a/uav/install/my_uav/share/my_uav/launch/sitl.launch
[5.510s] -- Up-to-date: /home/a/uav/install/my_uav/share/my_uav/launch/p450.py
[5.510s] -- Up-to-date: /home/a/uav/install/my_uav/share/my_uav/launch/gz_launch.py
[5.511s] -- Up-to-date: /home/a/uav/install/my_uav/share/my_uav/models
[5.511s] -- Up-to-date: /home/a/uav/install/my_uav/share/my_uav/models/p450_2Dlidar_depth
[5.512s] -- Up-to-date: /home/a/uav/install/my_uav/share/my_uav/models/p450_2Dlidar_depth/model.config
[5.512s] -- Up-to-date: /home/a/uav/install/my_uav/share/my_uav/models/p450_2Dlidar_depth/p450_2Dlidar_depth.sdf
[5.512s] -- Up-to-date: /home/a/uav/install/my_uav/share/my_uav/models/p450
[5.513s] -- Up-to-date: /home/a/uav/install/my_uav/share/my_uav/models/p450/model.config
[5.513s] -- Up-to-date: /home/a/uav/install/my_uav/share/my_uav/models/p450/meshes
[5.514s] -- Up-to-date: /home/a/uav/install/my_uav/share/my_uav/models/p450/meshes/p450_ccw.stl
[5.514s] -- Up-to-date: /home/a/uav/install/my_uav/share/my_uav/models/p450/meshes/p450.stl
[5.514s] -- Up-to-date: /home/a/uav/install/my_uav/share/my_uav/models/p450/meshes/p450_cw.stl
[5.515s] -- Up-to-date: /home/a/uav/install/my_uav/share/my_uav/models/p450/p450.sdf
[5.515s] -- Up-to-date: /home/a/uav/install/my_uav/share/my_uav/models/hokuyo_ust_20lx
[5.515s] -- Up-to-date: /home/a/uav/install/my_uav/share/my_uav/models/hokuyo_ust_20lx/hokuyo_ust_20lx.sdf
[5.516s] -- Up-to-date: /home/a/uav/install/my_uav/share/my_uav/models/hokuyo_ust_20lx/model.config
[5.516s] -- Up-to-date: /home/a/uav/install/my_uav/share/my_uav/models/p450_hokuyo_2Dlidar
[5.517s] -- Up-to-date: /home/a/uav/install/my_uav/share/my_uav/models/p450_hokuyo_2Dlidar/p450_hokuyo_2Dlidar.sdf
[5.517s] -- Up-to-date: /home/a/uav/install/my_uav/share/my_uav/models/p450_hokuyo_2Dlidar/model.config
[5.518s] -- Up-to-date: /home/a/uav/install/my_uav/share/my_uav/models/depth
[5.518s] -- Up-to-date: /home/a/uav/install/my_uav/share/my_uav/models/depth/model.config
[5.518s] -- Up-to-date: /home/a/uav/install/my_uav/share/my_uav/models/depth/depth.sdf
[5.519s] -- Up-to-date: /home/a/uav/install/my_uav/share/my_uav/models/D435i
[5.519s] -- Up-to-date: /home/a/uav/install/my_uav/share/my_uav/models/D435i/materials
[5.520s] -- Up-to-date: /home/a/uav/install/my_uav/share/my_uav/models/D435i/materials/textures
[5.524s] -- Up-to-date: /home/a/uav/install/my_uav/share/my_uav/models/D435i/materials/textures/realsense_diffuse.png
[5.524s] -- Up-to-date: /home/a/uav/install/my_uav/share/my_uav/models/D435i/model.config
[5.524s] -- Up-to-date: /home/a/uav/install/my_uav/share/my_uav/models/D435i/D435i.sdf
[5.524s] -- Up-to-date: /home/a/uav/install/my_uav/share/my_uav/models/D435i/meshes
[5.524s] -- Up-to-date: /home/a/uav/install/my_uav/share/my_uav/models/D435i/meshes/realsense_d435.stl
[5.524s] -- Up-to-date: /home/a/uav/install/my_uav/share/my_uav/models/D435i/meshes/D435i.dae
[5.524s] -- Up-to-date: /home/a/uav/install/my_uav/share/my_uav/models/p450_depth
[5.524s] -- Up-to-date: /home/a/uav/install/my_uav/share/my_uav/models/p450_depth/model.config
[5.524s] -- Up-to-date: /home/a/uav/install/my_uav/share/my_uav/models/p450_depth/p450_depth.sdf
[5.524s] -- Up-to-date: /home/a/uav/install/my_uav/share/my_uav/worlds
[5.524s] -- Up-to-date: /home/a/uav/install/my_uav/share/my_uav/worlds/leida.world
[5.524s] -- Up-to-date: /home/a/uav/install/my_uav/share/my_uav/worlds/my.world
[5.524s] -- Up-to-date: /home/a/uav/install/my_uav/share/my_uav/worlds/cam.world
[5.524s] -- Up-to-date: /home/a/uav/install/my_uav/share/my_uav/worlds/empty_world.world
[5.524s] -- Up-to-date: /home/a/uav/install/my_uav/lib/my_uav/my_python_node.py
[5.524s] -- Up-to-date: /home/a/uav/install/my_uav/lib/my_uav/uav_control_node
[5.524s] -- Up-to-date: /home/a/uav/install/my_uav/lib/my_uav/internlm_m_node
[5.524s] -- Installing: /home/a/uav/install/my_uav/lib/my_uav/internvl
[5.525s] -- Set runtime path of "/home/a/uav/install/my_uav/lib/my_uav/internvl" to ""
[5.525s] -- Up-to-date: /home/a/uav/install/my_uav/share/ament_index/resource_index/package_run_dependencies/my_uav
[5.525s] -- Up-to-date: /home/a/uav/install/my_uav/share/ament_index/resource_index/parent_prefix_path/my_uav
[5.525s] -- Up-to-date: /home/a/uav/install/my_uav/share/my_uav/environment/ament_prefix_path.sh
[5.525s] -- Up-to-date: /home/a/uav/install/my_uav/share/my_uav/environment/ament_prefix_path.dsv
[5.525s] -- Up-to-date: /home/a/uav/install/my_uav/share/my_uav/environment/path.sh
[5.525s] -- Up-to-date: /home/a/uav/install/my_uav/share/my_uav/environment/path.dsv
[5.525s] -- Up-to-date: /home/a/uav/install/my_uav/share/my_uav/local_setup.bash
[5.525s] -- Up-to-date: /home/a/uav/install/my_uav/share/my_uav/local_setup.sh
[5.525s] -- Up-to-date: /home/a/uav/install/my_uav/share/my_uav/local_setup.zsh
[5.525s] -- Up-to-date: /home/a/uav/install/my_uav/share/my_uav/local_setup.dsv
[5.525s] -- Installing: /home/a/uav/install/my_uav/share/my_uav/package.dsv
[5.525s] -- Up-to-date: /home/a/uav/install/my_uav/share/ament_index/resource_index/packages/my_uav
[5.525s] -- Up-to-date: /home/a/uav/install/my_uav/share/my_uav/cmake/my_uavConfig.cmake
[5.525s] -- Up-to-date: /home/a/uav/install/my_uav/share/my_uav/cmake/my_uavConfig-version.cmake
[5.525s] -- Up-to-date: /home/a/uav/install/my_uav/share/my_uav/package.xml
[5.532s] Invoked command in '/home/a/uav/build/my_uav' returned '0': CMAKE_PREFIX_PATH=${CMAKE_PREFIX_PATH}:/opt/ros/galactic /usr/bin/cmake --install /home/a/uav/build/my_uav
