21:48:05: Creating resource group General
21:48:05: Creating resource group Internal
21:48:05: Creating resource group Autodetect
21:48:05: SceneManagerFactory for type 'DefaultSceneManager' registered.
21:48:05: Registering ResourceManager for type Material
21:48:05: Registering ResourceManager for type Mesh
21:48:05: Registering ResourceManager for type Skeleton
21:48:05: MovableObjectFactory for type 'ParticleSystem' registered.
21:48:05: ArchiveFactory for archive type FileSystem registered.
21:48:05: ArchiveFactory for archive type Zip registered.
21:48:05: ArchiveFactory for archive type EmbeddedZip registered.
21:48:05: DDS codec registering
21:48:05: FreeImage version: 3.18.0
21:48:05: This program uses FreeImage, a free, open source image library supporting all common bitmap formats. See http://freeimage.sourceforge.net for details
21:48:05: Supported formats: bmp,ico,jpg,jif,jpeg,jpe,jng,koa,iff,lbm,mng,pbm,pbm,pcd,pcx,pgm,pgm,png,ppm,ppm,ras,tga,targa,tif,tiff,wap,wbmp,wbm,psd,psb,cut,xbm,xpm,gif,hdr,g3,sgi,rgb,rgba,bw,exr,j2k,j2c,jp2,pfm,pct,pict,pic,3fr,arw,bay,bmq,cap,cine,cr2,crw,cs1,dc2,dcr,drf,dsc,dng,erf,fff,ia,iiq,k25,kc2,kdc,mdc,mef,mos,mrw,nef,nrw,orf,pef,ptx,pxn,qtk,raf,raw,rdc,rw2,rwl,rwz,sr2,srf,srw,sti,x3f,webp,jxr,wdp,hdp
21:48:05: PVRTC codec registering
21:48:05: ETC codec registering
21:48:05: Registering ResourceManager for type HighLevelGpuProgram
21:48:05: Registering ResourceManager for type Compositor
21:48:05: MovableObjectFactory for type 'Entity' registered.
21:48:05: MovableObjectFactory for type 'Light' registered.
21:48:05: MovableObjectFactory for type 'BillboardSet' registered.
21:48:05: MovableObjectFactory for type 'ManualObject' registered.
21:48:05: MovableObjectFactory for type 'BillboardChain' registered.
21:48:05: MovableObjectFactory for type 'RibbonTrail' registered.
21:48:05: *-*-* OGRE Initialising
21:48:05: *-*-* Version 1.9.0 (Ghadamon)
21:48:05: OverlayElementFactory for type Panel registered.
21:48:05: OverlayElementFactory for type BorderPanel registered.
21:48:05: OverlayElementFactory for type TextArea registered.
21:48:05: Registering ResourceManager for type Font
21:48:05: Loading library /usr/lib/x86_64-linux-gnu/OGRE-1.9.0/RenderSystem_GL.so
21:48:05: Installing plugin: GL RenderSystem
21:48:05: OpenGL Rendering Subsystem created.
21:48:05: Plugin successfully installed
21:48:05: Loading library /usr/lib/x86_64-linux-gnu/OGRE-1.9.0/Plugin_ParticleFX.so
21:48:05: Installing plugin: ParticleFX
21:48:05: Particle Emitter Type 'Point' registered
21:48:05: Particle Emitter Type 'Box' registered
21:48:05: Particle Emitter Type 'Ellipsoid' registered
21:48:05: Particle Emitter Type 'Cylinder' registered
21:48:05: Particle Emitter Type 'Ring' registered
21:48:05: Particle Emitter Type 'HollowEllipsoid' registered
21:48:05: Particle Affector Type 'LinearForce' registered
21:48:05: Particle Affector Type 'ColourFader' registered
21:48:05: Particle Affector Type 'ColourFader2' registered
21:48:05: Particle Affector Type 'ColourImage' registered
21:48:05: Particle Affector Type 'ColourInterpolator' registered
21:48:05: Particle Affector Type 'Scaler' registered
21:48:05: Particle Affector Type 'Rotator' registered
21:48:05: Particle Affector Type 'DirectionRandomiser' registered
21:48:05: Particle Affector Type 'DeflectorPlane' registered
21:48:05: Plugin successfully installed
21:48:05: Loading library /usr/lib/x86_64-linux-gnu/OGRE-1.9.0/Plugin_BSPSceneManager.so
21:48:05: Installing plugin: BSP Scene Manager
21:48:05: Plugin successfully installed
21:48:05: Loading library /usr/lib/x86_64-linux-gnu/OGRE-1.9.0/Plugin_OctreeSceneManager.so
21:48:05: Installing plugin: Octree Scene Manager
21:48:05: Plugin successfully installed
21:48:05: CPU Identifier & Features
21:48:05: -------------------------
21:48:05:  *   CPU ID: GenuineIntel: 11th Gen Intel(R) Core(TM) i5-1135G7 @ 2.40GHz
21:48:05:  *      SSE: yes
21:48:05:  *     SSE2: yes
21:48:05:  *     SSE3: yes
21:48:05:  *      MMX: yes
21:48:05:  *   MMXEXT: yes
21:48:05:  *    3DNOW: no
21:48:05:  * 3DNOWEXT: no
21:48:05:  *     CMOV: yes
21:48:05:  *      TSC: yes
21:48:05:  *      FPU: yes
21:48:05:  *      PRO: yes
21:48:05:  *       HT: no
21:48:05: -------------------------
21:48:05: ******************************
*** Starting GLX Subsystem ***
******************************
21:48:05: Registering ResourceManager for type Texture
21:48:05: Added resource location '/usr/share/gazebo-11/' of type 'FileSystem' to resource group 'General'
21:48:05: Added resource location '/usr/share/gazebo-11/media' of type 'FileSystem' to resource group 'General'
21:48:05: Creating resource group SkyX
21:48:05: Added resource location '/usr/share/gazebo-11/media/skyx' of type 'FileSystem' to resource group 'SkyX'
21:48:05: Added resource location '/usr/share/gazebo-11/media/rtshaderlib150' of type 'FileSystem' to resource group 'General'
21:48:05: Added resource location '/usr/share/gazebo-11/media/rtshaderlib' of type 'FileSystem' to resource group 'General'
21:48:05: Added resource location '/usr/share/gazebo-11/media/materials/programs' of type 'FileSystem' to resource group 'General'
21:48:05: Added resource location '/usr/share/gazebo-11/media/materials/scripts' of type 'FileSystem' to resource group 'General'
21:48:05: Added resource location '/usr/share/gazebo-11/media/materials/textures' of type 'FileSystem' to resource group 'General'
21:48:05: Added resource location '/usr/share/gazebo-11/media/media/models' of type 'FileSystem' to resource group 'General'
21:48:05: Creating resource group Fonts
21:48:05: Added resource location '/usr/share/gazebo-11/media/fonts' of type 'FileSystem' to resource group 'Fonts'
21:48:05: Creating resource group LookNFeel
21:48:05: Added resource location '/usr/share/gazebo-11/media/gui/looknfeel' of type 'FileSystem' to resource group 'LookNFeel'
21:48:05: Creating resource group Schemes
21:48:05: Added resource location '/usr/share/gazebo-11/media/gui/schemes' of type 'FileSystem' to resource group 'Schemes'
21:48:05: Creating resource group Imagesets
21:48:05: Added resource location '/usr/share/gazebo-11/media/gui/imagesets' of type 'FileSystem' to resource group 'Imagesets'
21:48:05: Added resource location '/usr/share/gazebo-11/media/gui/fonts' of type 'FileSystem' to resource group 'Fonts'
21:48:05: Creating resource group Layouts
21:48:05: Added resource location '/usr/share/gazebo-11/media/gui/layouts' of type 'FileSystem' to resource group 'Layouts'
21:48:05: Creating resource group Animations
21:48:05: Added resource location '/usr/share/gazebo-11/media/gui/animations' of type 'FileSystem' to resource group 'Animations'
21:48:05: GLRenderSystem::_createRenderWindow "OgreWindow(0)", 1x1 windowed  miscParams: FSAA=4 border=none contentScalingFactor=1.000000 macAPI=cocoa macAPICocoaUseNSView=true parentWindowHandle=50331649 stereoMode=Frame Sequential 
21:48:05: GLXWindow::create used FBConfigID = 193
21:48:05: GL_VERSION = 2.1 Mesa 21.2.6
21:48:05: GL_VENDOR = VMware, Inc.
21:48:05: GL_RENDERER = SVGA3D; build: RELEASE;  LLVM;
21:48:05: GL_EXTENSIONS = GL_ARB_multisample GL_EXT_abgr GL_EXT_bgra GL_EXT_blend_color GL_EXT_blend_minmax GL_EXT_blend_subtract GL_EXT_copy_texture GL_EXT_subtexture GL_EXT_texture_object GL_EXT_vertex_array GL_EXT_compiled_vertex_array GL_EXT_texture GL_EXT_texture3D GL_IBM_rasterpos_clip GL_ARB_point_parameters GL_EXT_draw_range_elements GL_EXT_packed_pixels GL_EXT_point_parameters GL_EXT_rescale_normal GL_EXT_separate_specular_color GL_EXT_texture_edge_clamp GL_SGIS_generate_mipmap GL_SGIS_texture_border_clamp GL_SGIS_texture_edge_clamp GL_SGIS_texture_lod GL_ARB_multitexture GL_IBM_multimode_draw_arrays GL_IBM_texture_mirrored_repeat GL_ARB_texture_cube_map GL_ARB_texture_env_add GL_ARB_transpose_matrix GL_EXT_blend_func_separate GL_EXT_fog_coord GL_EXT_multi_draw_arrays GL_EXT_secondary_color GL_EXT_texture_env_add GL_EXT_texture_filter_anisotropic GL_EXT_texture_lod_bias GL_INGR_blend_func_separate GL_NV_blend_square GL_NV_light_max_exponent GL_NV_texgen_reflection GL_NV_texture_env_combine4 GL_S3_s3tc GL_SUN_multi_draw_arrays GL_ARB_texture_border_clamp GL_ARB_texture_compression GL_EXT_framebuffer_object GL_EXT_texture_compression_s3tc GL_EXT_texture_env_combine GL_EXT_texture_env_dot3 GL_MESA_window_pos GL_NV_packed_depth_stencil GL_NV_texture_rectangle GL_ARB_depth_texture GL_ARB_occlusion_query GL_ARB_shadow GL_ARB_texture_env_combine GL_ARB_texture_env_crossbar GL_ARB_texture_env_dot3 GL_ARB_texture_mirrored_repeat GL_ARB_window_pos GL_ATI_fragment_shader GL_EXT_stencil_two_side GL_EXT_texture_cube_map GL_NV_fog_distance GL_NV_half_float GL_APPLE_packed_pixels GL_ARB_draw_buffers GL_ARB_fragment_program GL_ARB_fragment_shader GL_ARB_shader_objects GL_ARB_vertex_program GL_ARB_vertex_shader GL_ATI_draw_buffers GL_ATI_texture_env_combine3 GL_ATI_texture_float GL_EXT_shadow_funcs GL_EXT_stencil_wrap GL_MESA_pack_invert GL_NV_primitive_restart GL_ARB_fragment_program_shadow GL_ARB_half_float_pixel GL_ARB_occlusion_query2 GL_ARB_point_sprite GL_ARB_shading_language_100 GL_ARB_sync GL_ARB_texture_non_power_of_two GL_ARB_vertex_buffer_object GL_ATI_blend_equation_separate GL_EXT_blend_equation_separate GL_OES_read_format GL_ARB_color_buffer_float GL_ARB_pixel_buffer_object GL_ARB_texture_float GL_ARB_texture_rectangle GL_EXT_pixel_buffer_object GL_EXT_texture_compression_dxt1 GL_EXT_texture_rectangle GL_EXT_texture_sRGB GL_ARB_framebuffer_object GL_EXT_framebuffer_blit GL_EXT_packed_depth_stencil GL_ARB_vertex_array_object GL_ATI_separate_stencil GL_EXT_gpu_program_parameters GL_EXT_texture_sRGB_decode GL_OES_EGL_image GL_ARB_copy_buffer GL_ARB_half_float_vertex GL_ARB_map_buffer_range GL_ARB_texture_swizzle GL_ARB_vertex_array_bgra GL_EXT_texture_swizzle GL_EXT_vertex_array_bgra GL_ARB_ES2_compatibility GL_ARB_debug_output GL_ARB_draw_elements_base_vertex GL_ARB_explicit_attrib_location GL_ARB_fragment_coord_conventions GL_ARB_provoking_vertex GL_ARB_sampler_objects GL_ARB_shader_texture_lod GL_EXT_provoking_vertex GL_NV_copy_image GL_ARB_get_program_binary GL_ARB_robustness GL_ARB_separate_shader_objects GL_EXT_direct_state_access GL_ANGLE_texture_compression_dxt3 GL_ANGLE_texture_compression_dxt5 GL_ARB_compressed_texture_pixel_storage GL_ARB_internalformat_query GL_ARB_map_buffer_alignment GL_ARB_texture_storage GL_AMD_shader_trinary_minmax GL_ARB_clear_buffer_object GL_ARB_explicit_uniform_location GL_ARB_invalidate_subdata GL_ARB_program_interface_query GL_ARB_vertex_attrib_binding GL_KHR_debug GL_ARB_buffer_storage GL_ARB_internalformat_query2 GL_ARB_multi_bind GL_ARB_shading_language_include GL_ARB_get_texture_sub_image GL_KHR_context_flush_control GL_ARB_parallel_shader_compile GL_KHR_no_error GL_ARB_texture_filter_anisotropic GL_KHR_parallel_shader_compile GL_EXT_EGL_image_storage GL_EXT_EGL_sync 
21:48:05: Supported GLX extensions: GLX_ARB_create_context GLX_ARB_create_context_no_error GLX_ARB_create_context_profile GLX_ARB_fbconfig_float GLX_ARB_framebuffer_sRGB GLX_ARB_get_proc_address GLX_ARB_multisample GLX_EXT_buffer_age GLX_EXT_create_context_es2_profile GLX_EXT_create_context_es_profile GLX_EXT_fbconfig_packed_float GLX_EXT_framebuffer_sRGB GLX_EXT_import_context GLX_EXT_no_config_context GLX_EXT_swap_control GLX_EXT_swap_control_tear GLX_EXT_texture_from_pixmap GLX_EXT_visual_info GLX_EXT_visual_rating GLX_MESA_copy_sub_buffer GLX_MESA_query_renderer GLX_MESA_swap_control GLX_OML_swap_method GLX_OML_sync_control GLX_SGIS_multisample GLX_SGIX_fbconfig GLX_SGIX_pbuffer GLX_SGIX_visual_select_group GLX_SGI_make_current_read GLX_SGI_video_sync 
21:48:05: ***************************
21:48:05: *** GL Renderer Started ***
21:48:05: ***************************
21:48:05: Registering ResourceManager for type GpuProgram
21:48:05: GLSL support detected
21:48:05: GL: Using GL_EXT_framebuffer_object for rendering to textures (best)
21:48:05: FBO PF_UNKNOWN depth/stencil support: D0S1 D0S4 D0S8 D0S16 D16S0 D24S0 D32S0 Packed-D24S8 
21:48:05: FBO PF_L8 depth/stencil support: D0S0 D0S1 D0S4 D0S8 D0S16 D16S0 D24S0 D32S0 Packed-D24S8 
21:48:05: FBO PF_L16 depth/stencil support: D0S0 D0S1 D0S4 D0S8 D0S16 D16S0 D24S0 D32S0 Packed-D24S8 
21:48:05: FBO PF_A8 depth/stencil support: D0S0 D0S1 D0S4 D0S8 D0S16 D16S0 D24S0 D32S0 Packed-D24S8 
21:48:05: FBO PF_A4L4 depth/stencil support: D0S0 D0S1 D0S4 D0S8 D0S16 D16S0 D24S0 D32S0 Packed-D24S8 
21:48:05: FBO PF_BYTE_LA depth/stencil support: D0S0 D0S1 D0S4 D0S8 D0S16 D16S0 D24S0 D32S0 Packed-D24S8 
21:48:05: FBO PF_R5G6B5 depth/stencil support: D0S0 D0S1 D0S4 D0S8 D0S16 D16S0 D24S0 D32S0 Packed-D24S8 
21:48:05: FBO PF_B5G6R5 depth/stencil support: D0S0 D0S1 D0S4 D0S8 D0S16 D16S0 D24S0 D32S0 Packed-D24S8 
21:48:05: FBO PF_A4R4G4B4 depth/stencil support: D0S0 D0S1 D0S4 D0S8 D0S16 D16S0 D24S0 D32S0 Packed-D24S8 
21:48:05: FBO PF_A1R5G5B5 depth/stencil support: D0S0 D0S1 D0S4 D0S8 D0S16 D16S0 D24S0 D32S0 Packed-D24S8 
21:48:05: FBO PF_R8G8B8 depth/stencil support: D0S0 D0S1 D0S4 D0S8 D0S16 D16S0 D24S0 D32S0 Packed-D24S8 
21:48:05: FBO PF_B8G8R8 depth/stencil support: D0S0 D0S1 D0S4 D0S8 D0S16 D16S0 D24S0 D32S0 Packed-D24S8 
21:48:05: FBO PF_A8R8G8B8 depth/stencil support: D0S0 D0S1 D0S4 D0S8 D0S16 D16S0 D24S0 D32S0 Packed-D24S8 
21:48:05: FBO PF_B8G8R8A8 depth/stencil support: D0S0 D0S1 D0S4 D0S8 D0S16 D16S0 D24S0 D32S0 Packed-D24S8 
21:48:05: FBO PF_A2R10G10B10 depth/stencil support: D0S0 D0S1 D0S4 D0S8 D0S16 D16S0 D24S0 D32S0 Packed-D24S8 
21:48:05: FBO PF_A2B10G10R10 depth/stencil support: D0S0 D0S1 D0S4 D0S8 D0S16 D16S0 D24S0 D32S0 Packed-D24S8 
21:48:05: FBO PF_FLOAT16_RGB depth/stencil support: D0S0 D0S1 D0S4 D0S8 D0S16 D16S0 D24S0 D32S0 Packed-D24S8 
21:48:05: FBO PF_FLOAT16_RGBA depth/stencil support: D0S0 D0S1 D0S4 D0S8 D0S16 D16S0 D24S0 D32S0 Packed-D24S8 
21:48:05: FBO PF_FLOAT32_RGB depth/stencil support: D0S0 D0S1 D0S4 D0S8 D0S16 D16S0 D24S0 D32S0 Packed-D24S8 
21:48:05: FBO PF_FLOAT32_RGBA depth/stencil support: D0S0 D0S1 D0S4 D0S8 D0S16 D16S0 D24S0 D32S0 Packed-D24S8 
21:48:05: FBO PF_X8R8G8B8 depth/stencil support: D0S0 D0S1 D0S4 D0S8 D0S16 D16S0 D24S0 D32S0 Packed-D24S8 
21:48:05: FBO PF_X8B8G8R8 depth/stencil support: D0S0 D0S1 D0S4 D0S8 D0S16 D16S0 D24S0 D32S0 Packed-D24S8 
21:48:05: FBO PF_SHORT_RGBA depth/stencil support: D0S0 D0S1 D0S4 D0S8 D0S16 D16S0 D24S0 D32S0 Packed-D24S8 
21:48:05: FBO PF_R3G3B2 depth/stencil support: D0S0 D0S1 D0S4 D0S8 D0S16 D16S0 D24S0 D32S0 Packed-D24S8 
21:48:05: FBO PF_FLOAT16_R depth/stencil support: D0S0 D0S1 D0S4 D0S8 D0S16 D16S0 D24S0 D32S0 Packed-D24S8 
21:48:05: FBO PF_FLOAT32_R depth/stencil support: D0S0 D0S1 D0S4 D0S8 D0S16 D16S0 D24S0 D32S0 Packed-D24S8 
21:48:05: FBO PF_SHORT_GR depth/stencil support: D0S0 D0S1 D0S4 D0S8 D0S16 D16S0 D24S0 D32S0 Packed-D24S8 
21:48:05: FBO PF_FLOAT16_GR depth/stencil support: D0S0 D0S1 D0S4 D0S8 D0S16 D16S0 D24S0 D32S0 Packed-D24S8 
21:48:05: FBO PF_FLOAT32_GR depth/stencil support: D0S0 D0S1 D0S4 D0S8 D0S16 D16S0 D24S0 D32S0 Packed-D24S8 
21:48:05: FBO PF_SHORT_RGB depth/stencil support: D0S0 D0S1 D0S4 D0S8 D0S16 D16S0 D24S0 D32S0 Packed-D24S8 
21:48:05: [GL] : Valid FBO targets PF_UNKNOWN PF_L8 PF_L16 PF_A8 PF_A4L4 PF_BYTE_LA PF_R5G6B5 PF_B5G6R5 PF_A4R4G4B4 PF_A1R5G5B5 PF_R8G8B8 PF_B8G8R8 PF_A8R8G8B8 PF_B8G8R8A8 PF_A2R10G10B10 PF_A2B10G10R10 PF_FLOAT16_RGB PF_FLOAT16_RGBA PF_FLOAT32_RGB PF_FLOAT32_RGBA PF_X8R8G8B8 PF_X8B8G8R8 PF_SHORT_RGBA PF_R3G3B2 PF_FLOAT16_R PF_FLOAT32_R PF_SHORT_GR PF_FLOAT16_GR PF_FLOAT32_GR PF_SHORT_RGB 
21:48:05: RenderSystem capabilities
21:48:05: -------------------------
21:48:05: RenderSystem Name: OpenGL Rendering Subsystem
21:48:05: GPU Vendor: unknown
21:48:05: Device Name: SVGA3D; build: RELEASE;  LLVM;
21:48:05: Driver Version: 2.1.0.0
21:48:05:  * Fixed function pipeline: yes
21:48:05:  * Hardware generation of mipmaps: yes
21:48:05:  * Texture blending: yes
21:48:05:  * Anisotropic texture filtering: yes
21:48:05:  * Dot product texture operation: yes
21:48:05:  * Cube mapping: yes
21:48:05:  * Hardware stencil buffer: yes
21:48:05:    - Stencil depth: 8
21:48:05:    - Two sided stencil support: yes
21:48:05:    - Wrap stencil values: yes
21:48:05:  * Hardware vertex / index buffers: yes
21:48:05:  * Vertex programs: yes
21:48:05:  * Number of floating-point constants for vertex programs: 256
21:48:05:  * Number of integer constants for vertex programs: 0
21:48:05:  * Number of boolean constants for vertex programs: 0
21:48:05:  * Fragment programs: yes
21:48:05:  * Number of floating-point constants for fragment programs: 224
21:48:05:  * Number of integer constants for fragment programs: 0
21:48:05:  * Number of boolean constants for fragment programs: 0
21:48:05:  * Geometry programs: no
21:48:05:  * Number of floating-point constants for geometry programs: 0
21:48:05:  * Number of integer constants for geometry programs: 0
21:48:05:  * Number of boolean constants for geometry programs: 0
21:48:05:  * Tesselation Hull programs: no
21:48:05:  * Number of floating-point constants for tesselation hull programs: 0
21:48:05:  * Number of integer constants for tesselation hull programs: 0
21:48:05:  * Number of boolean constants for tesselation hull programs: 0
21:48:05:  * Tesselation Domain programs: no
21:48:05:  * Number of floating-point constants for tesselation domain programs: 0
21:48:05:  * Number of integer constants for tesselation domain programs: 0
21:48:05:  * Number of boolean constants for tesselation domain programs: 0
21:48:05:  * Compute programs: no
21:48:05:  * Number of floating-point constants for compute programs: 0
21:48:05:  * Number of integer constants for compute programs: 0
21:48:05:  * Number of boolean constants for compute programs: 0
21:48:05:  * Supported Shader Profiles: arbfp1 arbvp1 glsl ps_1_1 ps_1_2 ps_1_3 ps_1_4
21:48:05:  * Texture Compression: yes
21:48:05:    - DXT: yes
21:48:05:    - VTC: no
21:48:05:    - PVRTC: no
21:48:05:    - ATC: no
21:48:05:    - ETC1: no
21:48:05:    - ETC2: no
21:48:05:    - BC4/BC5: no
21:48:05:    - BC6H/BC7: no
21:48:05:  * Scissor Rectangle: yes
21:48:05:  * Hardware Occlusion Query: yes
21:48:05:  * User clip planes: yes
21:48:05:  * VET_UBYTE4 vertex element type: yes
21:48:05:  * Infinite far plane projection: yes
21:48:05:  * Hardware render-to-texture: yes
21:48:05:  * Floating point textures: yes
21:48:05:  * Non-power-of-two textures: yes
21:48:05:  * 1d textures: yes
21:48:05:  * Volume textures: yes
21:48:05:  * Multiple Render Targets: 4
21:48:05:    - With different bit depths: yes
21:48:05:  * Point Sprites: yes
21:48:05:  * Extended point parameters: yes
21:48:05:  * Max Point Size: 1
21:48:05:  * Vertex texture fetch: no
21:48:05:  * Number of world matrices: 0
21:48:05:  * Number of texture units: 16
21:48:05:  * Stencil buffer depth: 8
21:48:05:  * Number of vertex blend matrices: 0
21:48:05:  * Render to Vertex Buffer : no
21:48:05:  * Hardware Atomic Counters: no
21:48:05:  * GL 1.5 without VBO workaround: no
21:48:05:  * Frame Buffer objects: yes
21:48:05:  * Frame Buffer objects (ARB extension): no
21:48:05:  * Frame Buffer objects (ATI extension): no
21:48:05:  * PBuffer support: yes
21:48:05:  * GL 1.5 without HW-occlusion workaround: no
21:48:05:  * Vertex Array Objects: no
21:48:05:  * Separate shader objects: no
21:48:05: DefaultWorkQueue('Root') initialising on thread 7fa7a66feec0.
21:48:05: Particle Renderer Type 'billboard' registered
21:48:05: DefaultWorkQueue('Root')::WorkerFunc - thread 7fa78d530700 starting.
21:48:05: SceneManagerFactory for type 'BspSceneManager' registered.
21:48:05: Registering ResourceManager for type BspLevel
21:48:05: SceneManagerFactory for type 'OctreeSceneManager' registered.
21:48:05: Parsing scripts for resource group Animations
21:48:05: Finished parsing scripts for resource group Animations
21:48:05: Creating resources for group Animations
21:48:05: All done
21:48:05: Parsing scripts for resource group Autodetect
21:48:05: Finished parsing scripts for resource group Autodetect
21:48:05: Creating resources for group Autodetect
21:48:05: All done
21:48:05: Parsing scripts for resource group Fonts
21:48:05: Parsing script Gazebo.fontdef
21:48:05: Finished parsing scripts for resource group Fonts
21:48:05: Creating resources for group Fonts
21:48:05: All done
21:48:05: Parsing scripts for resource group General
21:48:05: Parsing script ShadowCaster.program
21:48:05: Parsing script shadow_caster_ignore_heightmap.program
21:48:05: Parsing script VPL.program
21:48:05: Parsing script deferred_post.program
21:48:05: Parsing script shadow_caster.program
21:48:05: Parsing script perpixel.program
21:48:05: Parsing script StdQuad_vp.program
21:48:05: Parsing script deform.material
21:48:05: Parsing script Modulate.material
21:48:05: Parsing script GBuffer.material
21:48:05: Parsing script blur.material
21:48:05: Parsing script picker.material
21:48:05: Parsing script point_light_shadow_demo.material
21:48:05: Parsing script grid.material
21:48:05: Parsing script deferred_post_minilight.material
21:48:05: Parsing script deferred_post.material
21:48:05: Parsing script SSAOPost.material
21:48:05: Parsing script kitchen.material
21:48:05: Parsing script oculus.material
21:48:05: Parsing script ShadowCaster.material
21:48:05: Parsing script CreaseShading.material
21:48:05: Parsing script gazebo.material
21:48:05: Parsing script ssao.material
21:48:05: Parsing script spotlight_shadow_demo.material
21:48:05: Parsing script VPL.material
21:48:05: Parsing script ssao.compositor
21:48:05: DefaultWorkQueue('Root')::WorkerFunc - thread 7fa78dd31700 starting.
21:48:05: Parsing script lens_flare.compositor
21:48:05: Parsing script noise.compositor
21:48:05: Parsing script blur.compositor
21:48:05: Parsing script distortion.compositor
21:48:05: Parsing script SSAOPost.compositor
21:48:05: Parsing script WideCameraLensMap.compositor
21:48:05: Parsing script deferred.compositor
21:48:05: Parsing script CreaseShading.compositor
21:48:05: Finished parsing scripts for resource group General
21:48:05: Creating resources for group General
21:48:05: All done
21:48:05: Parsing scripts for resource group Imagesets
21:48:05: Finished parsing scripts for resource group Imagesets
21:48:05: Creating resources for group Imagesets
21:48:05: All done
21:48:05: Parsing scripts for resource group Internal
21:48:05: Finished parsing scripts for resource group Internal
21:48:05: Creating resources for group Internal
21:48:05: All done
21:48:05: Parsing scripts for resource group Layouts
21:48:05: Finished parsing scripts for resource group Layouts
21:48:05: Creating resources for group Layouts
21:48:05: All done
21:48:05: Parsing scripts for resource group LookNFeel
21:48:05: Finished parsing scripts for resource group LookNFeel
21:48:05: Creating resources for group LookNFeel
21:48:05: All done
21:48:05: Parsing scripts for resource group Schemes
21:48:05: Finished parsing scripts for resource group Schemes
21:48:05: Creating resources for group Schemes
21:48:05: All done
21:48:05: Parsing scripts for resource group SkyX
21:48:05: Parsing script SkyX.material
21:48:05: Finished parsing scripts for resource group SkyX
21:48:05: Creating resources for group SkyX
21:48:05: All done
21:48:05: Added resource location '/usr/share/gazebo-11/media/rtshaderlib/' of type 'FileSystem' to resource group 'General'
21:48:05: Creating resource group ShaderGeneratorResourceGroup
21:48:05: Added resource location '/tmp/gazebo-root-rtshaderlibcache/' of type 'FileSystem' to resource group 'ShaderGeneratorResourceGroup'
21:48:28: Texture: SkyX_Starfield.png: Loading 1 faces(PF_A8R8G8B8,512x512x1) with 5 hardware generated mipmaps from Image. Internal format is PF_A8R8G8B8,512x512x1.
21:48:28: Texture: SkyX_Moon.png: Loading 1 faces(PF_A8R8G8B8,512x512x1) with 5 hardware generated mipmaps from Image. Internal format is PF_A8R8G8B8,512x512x1.
21:48:28: Texture: SkyX_MoonHalo.png: Loading 1 faces(PF_SHORT_RGBA,512x256x1) with 5 hardware generated mipmaps from Image. Internal format is PF_SHORT_RGBA,512x256x1.
21:48:28: Texture: Noise.jpg: Loading 1 faces(PF_R8G8B8,1024x1024x1) with 5 hardware generated mipmaps from Image. Internal format is PF_X8R8G8B8,1024x1024x1.
21:48:29: Added resource location '/home/a/PX4-Autopilot/Tools/simulation/gazebo-classic/sitl_gazebo-classic/models/asphalt_plane/materials/scripts' of type 'FileSystem' to resource group 'General' with recursive option
21:48:29: Initialising resource group General
21:48:29: Compiler error: invalid parameters in /home/a/PX4-Autopilot/Tools/simulation/gazebo-classic/sitl_gazebo-classic/models/asphalt_plane/materials/scripts/asphalt.material(14): anistropic not supported as first argument (must be "none", "bilinear", "trilinear", or "anisotropic")
21:48:29: OGRE EXCEPTION(6:FileNotFoundException): Cannot locate resource tarmac.png in resource group General or any other group. in ResourceGroupManager::openResource at /build/ogre-1.9-kiU5_5/ogre-1.9-1.9.0+dfsg1/OgreMain/src/OgreResourceGroupManager.cpp (line 753)
21:48:29: Error loading texture tarmac.png. Texture layer will be blank. Loading the texture failed with the following exception: OGRE EXCEPTION(6:FileNotFoundException): Cannot locate resource tarmac.png in resource group General or any other group. in ResourceGroupManager::openResource at /build/ogre-1.9-kiU5_5/ogre-1.9-1.9.0+dfsg1/OgreMain/src/OgreResourceGroupManager.cpp (line 753)
21:48:29: Added resource location '/home/a/.gazebo/models/oak_tree/meshes' of type 'FileSystem' to resource group 'General' with recursive option
21:48:29: Initialising resource group General
21:48:29: Added resource location '/home/a/.gazebo/models/oak_tree/materials/scripts/' of type 'FileSystem' to resource group 'General' with recursive option
21:48:29: Initialising resource group General
21:48:29: Added resource location '/home/a/.gazebo/models/oak_tree/materials/textures/' of type 'FileSystem' to resource group 'General' with recursive option
21:48:29: Initialising resource group General
21:48:29: Texture: bark_diffuse.png: Loading 1 faces(PF_A8R8G8B8,256x256x1) with 5 hardware generated mipmaps from Image. Internal format is PF_A8R8G8B8,256x256x1.
21:48:29: Texture: branch_diffuse.png: Loading 1 faces(PF_A8R8G8B8,128x128x1) with 5 hardware generated mipmaps from Image. Internal format is PF_A8R8G8B8,128x128x1.
21:48:29: Added resource location '/home/a/PX4-Autopilot/Tools/simulation/gazebo-classic/sitl_gazebo-classic/models/europallet/meshes' of type 'FileSystem' to resource group 'General' with recursive option
21:48:29: Initialising resource group General
21:48:29: Added resource location '/home/a/PX4-Autopilot/Tools/simulation/gazebo-classic/sitl_gazebo-classic/models/europallet/meshes/../materials/textures' of type 'FileSystem' to resource group 'General' with recursive option
21:48:29: Initialising resource group General
21:48:29: Texture: /home/a/PX4-Autopilot/Tools/simulation/gazebo-classic/sitl_gazebo-classic/models/europallet/meshes/../materials/textures/Wood_Grain_Dark.jpg: Loading 1 faces(PF_R8G8B8,341x256x1) with 5 hardware generated mipmaps from Image. Internal format is PF_X8R8G8B8,341x256x1.
21:48:30: Added resource location '/home/a/PX4-Autopilot/Tools/simulation/gazebo-classic/sitl_gazebo-classic/models/shelves_high/meshes' of type 'FileSystem' to resource group 'General' with recursive option
21:48:30: Initialising resource group General
21:48:31: Added resource location '/home/a/uav/src/my_uav/models/D435i/meshes' of type 'FileSystem' to resource group 'General' with recursive option
21:48:31: Initialising resource group General
21:48:32: Texture: spot_shadow_fade.png: Loading 1 faces(PF_R8G8B8,128x128x1) with 5 hardware generated mipmaps from Image. Internal format is PF_X8R8G8B8,128x128x1.
 is needed before camera destruction
21:48:08: Texture: spot_shadow_fade.png: Loading 1 faces(PF_R8G8B8,128x128x1) with 5 hardware generated mipmaps from Image. Internal format is PF_X8R8G8B8,128x128x1.
21:48:30: Added resource location '/home/a/uav/src/my_uav/models/D435i/meshes' of type 'FileSystem' to resource group 'General' with recursive option
21:48:30: Initialising resource group General
