[35m[1mScanning dependencies of target image_sub[0m
[ 10%] Built target uav_control_node
[ 15%] [32mBuilding CXX object CMakeFiles/image_sub.dir/src/image_sub.cpp.o[0m
[ 25%] Built target internlm_m_node
[ 35%] Built target internvl
[ 45%] Built target internlm_m_listener
[35m[1mScanning dependencies of target internvl_listener[0m
[ 50%] [32mBuilding CXX object CMakeFiles/internvl_listener.dir/src/internvl_listener.cpp.o[0m
[ 55%] [32m[1mLinking CXX executable image_sub[0m
[ 55%] Built target image_sub
[ 65%] Built target gps_sub
[35m[1mScanning dependencies of target ray_sub[0m
[ 70%] [32mBuilding CXX object CMakeFiles/ray_sub.dir/src/ray_sub.cpp.o[0m
[ 75%] [32m[1mLinking CXX executable internvl_listener[0m
[ 75%] Built target internvl_listener
[35m[1mScanning dependencies of target camera_listener[0m
[ 80%] [32mBuilding CXX object CMakeFiles/camera_listener.dir/src/camera_listener.cpp.o[0m
[ 85%] [32m[1mLinking CXX executable ray_sub[0m
[ 85%] Built target ray_sub
[35m[1mScanning dependencies of target ray_listener[0m
[ 90%] [32mBuilding CXX object CMakeFiles/ray_listener.dir/src/ray_listener.cpp.o[0m
[ 95%] [32m[1mLinking CXX executable camera_listener[0m
[ 95%] Built target camera_listener
[100%] [32m[1mLinking CXX executable ray_listener[0m
[100%] Built target ray_listener
-- Install configuration: ""
-- Up-to-date: /home/a/uav/install/my_uav/share/my_uav/launch
-- Up-to-date: /home/a/uav/install/my_uav/share/my_uav/launch/sitl.launch
-- Up-to-date: /home/a/uav/install/my_uav/share/my_uav/launch/p450.py
-- Installing: /home/a/uav/install/my_uav/share/my_uav/launch/gz_launch.py
-- Up-to-date: /home/a/uav/install/my_uav/share/my_uav/launch/cam_sub.launch.py
-- Up-to-date: /home/a/uav/install/my_uav/share/my_uav/models
-- Up-to-date: /home/a/uav/install/my_uav/share/my_uav/models/p450_2Dlidar_depth
-- Installing: /home/a/uav/install/my_uav/share/my_uav/models/p450_2Dlidar_depth/p450_2Dlidar_depth_3.sdf.last_generated
-- Installing: /home/a/uav/install/my_uav/share/my_uav/models/p450_2Dlidar_depth/p450_2Dlidar_depth_2.sdf.last_generated
-- Installing: /home/a/uav/install/my_uav/share/my_uav/models/p450_2Dlidar_depth/p450_2Dlidar_depth_1.sdf.last_generated
-- Installing: /home/a/uav/install/my_uav/share/my_uav/models/p450_2Dlidar_depth/p450_2Dlidar_depth_1.sdf
-- Up-to-date: /home/a/uav/install/my_uav/share/my_uav/models/p450_2Dlidar_depth/model.config
-- Up-to-date: /home/a/uav/install/my_uav/share/my_uav/models/p450_2Dlidar_depth/p450_2Dlidar_depth.sdf
-- Installing: /home/a/uav/install/my_uav/share/my_uav/models/p450_2Dlidar_depth/p450_2Dlidar_depth_3.sdf
-- Installing: /home/a/uav/install/my_uav/share/my_uav/models/p450_2Dlidar_depth/p450_2Dlidar_depth_2.sdf
-- Up-to-date: /home/a/uav/install/my_uav/share/my_uav/models/p450
-- Up-to-date: /home/a/uav/install/my_uav/share/my_uav/models/p450/p450.sdf.jinja
-- Up-to-date: /home/a/uav/install/my_uav/share/my_uav/models/p450/model.config
-- Up-to-date: /home/a/uav/install/my_uav/share/my_uav/models/p450/meshes
-- Up-to-date: /home/a/uav/install/my_uav/share/my_uav/models/p450/meshes/p450_ccw.stl
-- Up-to-date: /home/a/uav/install/my_uav/share/my_uav/models/p450/meshes/p450.stl
-- Up-to-date: /home/a/uav/install/my_uav/share/my_uav/models/p450/meshes/p450_cw.stl
-- Up-to-date: /home/a/uav/install/my_uav/share/my_uav/models/p450/p450.sdf
-- Up-to-date: /home/a/uav/install/my_uav/share/my_uav/models/hokuyo_ust_20lx
-- Up-to-date: /home/a/uav/install/my_uav/share/my_uav/models/hokuyo_ust_20lx/hokuyo_ust_20lx.sdf
-- Up-to-date: /home/a/uav/install/my_uav/share/my_uav/models/hokuyo_ust_20lx/model.config
-- Installing: /home/a/uav/install/my_uav/share/my_uav/models/hokuyo_ust_20lx/hokuyo_ust_20lx_1.sdf
-- Installing: /home/a/uav/install/my_uav/share/my_uav/models/hokuyo_ust_20lx/hokuyo_ust_20lx_1.sdf.last_generated
-- Up-to-date: /home/a/uav/install/my_uav/share/my_uav/models/p450_hokuyo_2Dlidar
-- Up-to-date: /home/a/uav/install/my_uav/share/my_uav/models/p450_hokuyo_2Dlidar/p450_hokuyo_2Dlidar.sdf
-- Up-to-date: /home/a/uav/install/my_uav/share/my_uav/models/p450_hokuyo_2Dlidar/model.config
-- Up-to-date: /home/a/uav/install/my_uav/share/my_uav/models/depth
-- Up-to-date: /home/a/uav/install/my_uav/share/my_uav/models/depth/model.config
-- Up-to-date: /home/a/uav/install/my_uav/share/my_uav/models/depth/depth.sdf
-- Up-to-date: /home/a/uav/install/my_uav/share/my_uav/models/D435i
-- Up-to-date: /home/a/uav/install/my_uav/share/my_uav/models/D435i/materials
-- Up-to-date: /home/a/uav/install/my_uav/share/my_uav/models/D435i/materials/textures
-- Up-to-date: /home/a/uav/install/my_uav/share/my_uav/models/D435i/materials/textures/realsense_diffuse.png
-- Up-to-date: /home/a/uav/install/my_uav/share/my_uav/models/D435i/model.config
-- Up-to-date: /home/a/uav/install/my_uav/share/my_uav/models/D435i/D435i.sdf
-- Up-to-date: /home/a/uav/install/my_uav/share/my_uav/models/D435i/meshes
-- Up-to-date: /home/a/uav/install/my_uav/share/my_uav/models/D435i/meshes/realsense_d435.stl
-- Up-to-date: /home/a/uav/install/my_uav/share/my_uav/models/D435i/meshes/D435i.dae
-- Up-to-date: /home/a/uav/install/my_uav/share/my_uav/models/p450_depth
-- Up-to-date: /home/a/uav/install/my_uav/share/my_uav/models/p450_depth/model.config
-- Up-to-date: /home/a/uav/install/my_uav/share/my_uav/models/p450_depth/p450_depth.sdf
-- Up-to-date: /home/a/uav/install/my_uav/share/my_uav/worlds
-- Up-to-date: /home/a/uav/install/my_uav/share/my_uav/worlds/leida.world
-- Up-to-date: /home/a/uav/install/my_uav/share/my_uav/worlds/my.world
-- Up-to-date: /home/a/uav/install/my_uav/share/my_uav/worlds/baylands.world
-- Up-to-date: /home/a/uav/install/my_uav/share/my_uav/worlds/safe_landing.world
-- Up-to-date: /home/a/uav/install/my_uav/share/my_uav/worlds/yosemite.world
-- Up-to-date: /home/a/uav/install/my_uav/share/my_uav/worlds/mcmillan_airfield.world
-- Up-to-date: /home/a/uav/install/my_uav/share/my_uav/worlds/cam.world
-- Up-to-date: /home/a/uav/install/my_uav/share/my_uav/worlds/sonoma_raceway.world
-- Up-to-date: /home/a/uav/install/my_uav/share/my_uav/worlds/empty_world.world
-- Up-to-date: /home/a/uav/install/my_uav/lib/my_uav/my_python_node.py
-- Up-to-date: /home/a/uav/install/my_uav/lib/my_uav/uav_control_node
-- Up-to-date: /home/a/uav/install/my_uav/lib/my_uav/internlm_m_node
-- Up-to-date: /home/a/uav/install/my_uav/lib/my_uav/internvl
-- Up-to-date: /home/a/uav/install/my_uav/lib/my_uav/internlm_m_listener
-- Installing: /home/a/uav/install/my_uav/lib/my_uav/internvl_listener
-- Set runtime path of "/home/a/uav/install/my_uav/lib/my_uav/internvl_listener" to ""
-- Installing: /home/a/uav/install/my_uav/lib/my_uav/image_sub
-- Set runtime path of "/home/a/uav/install/my_uav/lib/my_uav/image_sub" to ""
-- Up-to-date: /home/a/uav/install/my_uav/lib/my_uav/gps_sub
-- Installing: /home/a/uav/install/my_uav/lib/my_uav/ray_sub
-- Set runtime path of "/home/a/uav/install/my_uav/lib/my_uav/ray_sub" to ""
-- Installing: /home/a/uav/install/my_uav/lib/my_uav/camera_listener
-- Set runtime path of "/home/a/uav/install/my_uav/lib/my_uav/camera_listener" to ""
-- Installing: /home/a/uav/install/my_uav/lib/my_uav/ray_listener
-- Set runtime path of "/home/a/uav/install/my_uav/lib/my_uav/ray_listener" to ""
-- Up-to-date: /home/a/uav/install/my_uav/share/ament_index/resource_index/package_run_dependencies/my_uav
-- Up-to-date: /home/a/uav/install/my_uav/share/ament_index/resource_index/parent_prefix_path/my_uav
-- Up-to-date: /home/a/uav/install/my_uav/share/my_uav/environment/ament_prefix_path.sh
-- Up-to-date: /home/a/uav/install/my_uav/share/my_uav/environment/ament_prefix_path.dsv
-- Up-to-date: /home/a/uav/install/my_uav/share/my_uav/environment/path.sh
-- Up-to-date: /home/a/uav/install/my_uav/share/my_uav/environment/path.dsv
-- Up-to-date: /home/a/uav/install/my_uav/share/my_uav/local_setup.bash
-- Up-to-date: /home/a/uav/install/my_uav/share/my_uav/local_setup.sh
-- Up-to-date: /home/a/uav/install/my_uav/share/my_uav/local_setup.zsh
-- Up-to-date: /home/a/uav/install/my_uav/share/my_uav/local_setup.dsv
-- Installing: /home/a/uav/install/my_uav/share/my_uav/package.dsv
-- Up-to-date: /home/a/uav/install/my_uav/share/ament_index/resource_index/packages/my_uav
-- Up-to-date: /home/a/uav/install/my_uav/share/my_uav/cmake/my_uavConfig.cmake
-- Up-to-date: /home/a/uav/install/my_uav/share/my_uav/cmake/my_uavConfig-version.cmake
-- Up-to-date: /home/a/uav/install/my_uav/share/my_uav/package.xml
