[0.019s] Invoking command in '/home/a/uav/build/my_uav': CMAKE_PREFIX_PATH=${CMAKE_PREFIX_PATH}:/opt/ros/galactic PS1=\[\e]0;\u@\h: \w\a\]${debian_chroot:+($debian_chroot)}\u@\h:\w\$ /usr/bin/cmake --build /home/a/uav/build/my_uav -- -j2 -l2
[0.115s] [35m[1mScanning dependencies of target image_sub[0m
[0.129s] [ 10%] Built target uav_control_node
[0.159s] [ 15%] [32mBuilding CXX object CMakeFiles/image_sub.dir/src/image_sub.cpp.o[0m
[0.167s] [ 25%] Built target internlm_m_node
[0.211s] [ 35%] Built target internvl
[0.269s] [ 45%] Built target internlm_m_listener
[0.284s] [35m[1mScanning dependencies of target internvl_listener[0m
[0.327s] [ 50%] [32mBuilding CXX object CMakeFiles/internvl_listener.dir/src/internvl_listener.cpp.o[0m
[13.727s] [ 55%] [32m[1mLinking CXX executable image_sub[0m
[15.158s] [ 55%] Built target image_sub
[15.205s] [ 65%] Built target gps_sub
[15.227s] [35m[1mScanning dependencies of target ray_sub[0m
[15.265s] [ 70%] [32mBuilding CXX object CMakeFiles/ray_sub.dir/src/ray_sub.cpp.o[0m
[18.895s] [ 75%] [32m[1mLinking CXX executable internvl_listener[0m
[20.480s] [ 75%] Built target internvl_listener
[20.499s] [35m[1mScanning dependencies of target camera_listener[0m
[20.541s] [ 80%] [32mBuilding CXX object CMakeFiles/camera_listener.dir/src/camera_listener.cpp.o[0m
[27.184s] [ 85%] [32m[1mLinking CXX executable ray_sub[0m
[28.004s] [ 85%] Built target ray_sub
[28.022s] [35m[1mScanning dependencies of target ray_listener[0m
[28.056s] [ 90%] [32mBuilding CXX object CMakeFiles/ray_listener.dir/src/ray_listener.cpp.o[0m
[28.589s] [ 95%] [32m[1mLinking CXX executable camera_listener[0m
[28.935s] [ 95%] Built target camera_listener
[34.323s] [100%] [32m[1mLinking CXX executable ray_listener[0m
[34.603s] [100%] Built target ray_listener
[34.615s] Invoked command in '/home/a/uav/build/my_uav' returned '0': CMAKE_PREFIX_PATH=${CMAKE_PREFIX_PATH}:/opt/ros/galactic PS1=\[\e]0;\u@\h: \w\a\]${debian_chroot:+($debian_chroot)}\u@\h:\w\$ /usr/bin/cmake --build /home/a/uav/build/my_uav -- -j2 -l2
[34.634s] Invoking command in '/home/a/uav/build/my_uav': CMAKE_PREFIX_PATH=${CMAKE_PREFIX_PATH}:/opt/ros/galactic PS1=\[\e]0;\u@\h: \w\a\]${debian_chroot:+($debian_chroot)}\u@\h:\w\$ /usr/bin/cmake --install /home/a/uav/build/my_uav
[34.644s] -- Install configuration: ""
[34.645s] -- Up-to-date: /home/a/uav/install/my_uav/share/my_uav/launch
[34.645s] -- Up-to-date: /home/a/uav/install/my_uav/share/my_uav/launch/sitl.launch
[34.645s] -- Up-to-date: /home/a/uav/install/my_uav/share/my_uav/launch/p450.py
[34.646s] -- Installing: /home/a/uav/install/my_uav/share/my_uav/launch/gz_launch.py
[34.646s] -- Up-to-date: /home/a/uav/install/my_uav/share/my_uav/launch/cam_sub.launch.py
[34.646s] -- Up-to-date: /home/a/uav/install/my_uav/share/my_uav/models
[34.646s] -- Up-to-date: /home/a/uav/install/my_uav/share/my_uav/models/p450_2Dlidar_depth
[34.646s] -- Installing: /home/a/uav/install/my_uav/share/my_uav/models/p450_2Dlidar_depth/p450_2Dlidar_depth_3.sdf.last_generated
[34.647s] -- Installing: /home/a/uav/install/my_uav/share/my_uav/models/p450_2Dlidar_depth/p450_2Dlidar_depth_2.sdf.last_generated
[34.647s] -- Installing: /home/a/uav/install/my_uav/share/my_uav/models/p450_2Dlidar_depth/p450_2Dlidar_depth_1.sdf.last_generated
[34.648s] -- Installing: /home/a/uav/install/my_uav/share/my_uav/models/p450_2Dlidar_depth/p450_2Dlidar_depth_1.sdf
[34.648s] -- Up-to-date: /home/a/uav/install/my_uav/share/my_uav/models/p450_2Dlidar_depth/model.config
[34.648s] -- Up-to-date: /home/a/uav/install/my_uav/share/my_uav/models/p450_2Dlidar_depth/p450_2Dlidar_depth.sdf
[34.648s] -- Installing: /home/a/uav/install/my_uav/share/my_uav/models/p450_2Dlidar_depth/p450_2Dlidar_depth_3.sdf
[34.648s] -- Installing: /home/a/uav/install/my_uav/share/my_uav/models/p450_2Dlidar_depth/p450_2Dlidar_depth_2.sdf
[34.648s] -- Up-to-date: /home/a/uav/install/my_uav/share/my_uav/models/p450
[34.648s] -- Up-to-date: /home/a/uav/install/my_uav/share/my_uav/models/p450/p450.sdf.jinja
[34.649s] -- Up-to-date: /home/a/uav/install/my_uav/share/my_uav/models/p450/model.config
[34.650s] -- Up-to-date: /home/a/uav/install/my_uav/share/my_uav/models/p450/meshes
[34.650s] -- Up-to-date: /home/a/uav/install/my_uav/share/my_uav/models/p450/meshes/p450_ccw.stl
[34.650s] -- Up-to-date: /home/a/uav/install/my_uav/share/my_uav/models/p450/meshes/p450.stl
[34.650s] -- Up-to-date: /home/a/uav/install/my_uav/share/my_uav/models/p450/meshes/p450_cw.stl
[34.650s] -- Up-to-date: /home/a/uav/install/my_uav/share/my_uav/models/p450/p450.sdf
[34.650s] -- Up-to-date: /home/a/uav/install/my_uav/share/my_uav/models/hokuyo_ust_20lx
[34.650s] -- Up-to-date: /home/a/uav/install/my_uav/share/my_uav/models/hokuyo_ust_20lx/hokuyo_ust_20lx.sdf
[34.650s] -- Up-to-date: /home/a/uav/install/my_uav/share/my_uav/models/hokuyo_ust_20lx/model.config
[34.650s] -- Installing: /home/a/uav/install/my_uav/share/my_uav/models/hokuyo_ust_20lx/hokuyo_ust_20lx_1.sdf
[34.651s] -- Installing: /home/a/uav/install/my_uav/share/my_uav/models/hokuyo_ust_20lx/hokuyo_ust_20lx_1.sdf.last_generated
[34.651s] -- Up-to-date: /home/a/uav/install/my_uav/share/my_uav/models/p450_hokuyo_2Dlidar
[34.651s] -- Up-to-date: /home/a/uav/install/my_uav/share/my_uav/models/p450_hokuyo_2Dlidar/p450_hokuyo_2Dlidar.sdf
[34.651s] -- Up-to-date: /home/a/uav/install/my_uav/share/my_uav/models/p450_hokuyo_2Dlidar/model.config
[34.652s] -- Up-to-date: /home/a/uav/install/my_uav/share/my_uav/models/depth
[34.652s] -- Up-to-date: /home/a/uav/install/my_uav/share/my_uav/models/depth/model.config
[34.652s] -- Up-to-date: /home/a/uav/install/my_uav/share/my_uav/models/depth/depth.sdf
[34.652s] -- Up-to-date: /home/a/uav/install/my_uav/share/my_uav/models/D435i
[34.652s] -- Up-to-date: /home/a/uav/install/my_uav/share/my_uav/models/D435i/materials
[34.652s] -- Up-to-date: /home/a/uav/install/my_uav/share/my_uav/models/D435i/materials/textures
[34.652s] -- Up-to-date: /home/a/uav/install/my_uav/share/my_uav/models/D435i/materials/textures/realsense_diffuse.png
[34.653s] -- Up-to-date: /home/a/uav/install/my_uav/share/my_uav/models/D435i/model.config
[34.653s] -- Up-to-date: /home/a/uav/install/my_uav/share/my_uav/models/D435i/D435i.sdf
[34.653s] -- Up-to-date: /home/a/uav/install/my_uav/share/my_uav/models/D435i/meshes
[34.653s] -- Up-to-date: /home/a/uav/install/my_uav/share/my_uav/models/D435i/meshes/realsense_d435.stl
[34.653s] -- Up-to-date: /home/a/uav/install/my_uav/share/my_uav/models/D435i/meshes/D435i.dae
[34.653s] -- Up-to-date: /home/a/uav/install/my_uav/share/my_uav/models/p450_depth
[34.653s] -- Up-to-date: /home/a/uav/install/my_uav/share/my_uav/models/p450_depth/model.config
[34.654s] -- Up-to-date: /home/a/uav/install/my_uav/share/my_uav/models/p450_depth/p450_depth.sdf
[34.654s] -- Up-to-date: /home/a/uav/install/my_uav/share/my_uav/worlds
[34.654s] -- Up-to-date: /home/a/uav/install/my_uav/share/my_uav/worlds/leida.world
[34.654s] -- Up-to-date: /home/a/uav/install/my_uav/share/my_uav/worlds/my.world
[34.654s] -- Up-to-date: /home/a/uav/install/my_uav/share/my_uav/worlds/baylands.world
[34.654s] -- Up-to-date: /home/a/uav/install/my_uav/share/my_uav/worlds/safe_landing.world
[34.654s] -- Up-to-date: /home/a/uav/install/my_uav/share/my_uav/worlds/yosemite.world
[34.654s] -- Up-to-date: /home/a/uav/install/my_uav/share/my_uav/worlds/mcmillan_airfield.world
[34.654s] -- Up-to-date: /home/a/uav/install/my_uav/share/my_uav/worlds/cam.world
[34.654s] -- Up-to-date: /home/a/uav/install/my_uav/share/my_uav/worlds/sonoma_raceway.world
[34.654s] -- Up-to-date: /home/a/uav/install/my_uav/share/my_uav/worlds/empty_world.world
[34.654s] -- Up-to-date: /home/a/uav/install/my_uav/lib/my_uav/my_python_node.py
[34.655s] -- Up-to-date: /home/a/uav/install/my_uav/lib/my_uav/uav_control_node
[34.656s] -- Up-to-date: /home/a/uav/install/my_uav/lib/my_uav/internlm_m_node
[34.658s] -- Up-to-date: /home/a/uav/install/my_uav/lib/my_uav/internvl
[34.660s] -- Up-to-date: /home/a/uav/install/my_uav/lib/my_uav/internlm_m_listener
[34.661s] -- Installing: /home/a/uav/install/my_uav/lib/my_uav/internvl_listener
[34.668s] -- Set runtime path of "/home/a/uav/install/my_uav/lib/my_uav/internvl_listener" to ""
[34.669s] -- Installing: /home/a/uav/install/my_uav/lib/my_uav/image_sub
[34.674s] -- Set runtime path of "/home/a/uav/install/my_uav/lib/my_uav/image_sub" to ""
[34.676s] -- Up-to-date: /home/a/uav/install/my_uav/lib/my_uav/gps_sub
[34.677s] -- Installing: /home/a/uav/install/my_uav/lib/my_uav/ray_sub
[34.681s] -- Set runtime path of "/home/a/uav/install/my_uav/lib/my_uav/ray_sub" to ""
[34.682s] -- Installing: /home/a/uav/install/my_uav/lib/my_uav/camera_listener
[34.684s] -- Set runtime path of "/home/a/uav/install/my_uav/lib/my_uav/camera_listener" to ""
[34.685s] -- Installing: /home/a/uav/install/my_uav/lib/my_uav/ray_listener
[34.687s] -- Set runtime path of "/home/a/uav/install/my_uav/lib/my_uav/ray_listener" to ""
[34.688s] -- Up-to-date: /home/a/uav/install/my_uav/share/ament_index/resource_index/package_run_dependencies/my_uav
[34.689s] -- Up-to-date: /home/a/uav/install/my_uav/share/ament_index/resource_index/parent_prefix_path/my_uav
[34.689s] -- Up-to-date: /home/a/uav/install/my_uav/share/my_uav/environment/ament_prefix_path.sh
[34.689s] -- Up-to-date: /home/a/uav/install/my_uav/share/my_uav/environment/ament_prefix_path.dsv
[34.689s] -- Up-to-date: /home/a/uav/install/my_uav/share/my_uav/environment/path.sh
[34.689s] -- Up-to-date: /home/a/uav/install/my_uav/share/my_uav/environment/path.dsv
[34.689s] -- Up-to-date: /home/a/uav/install/my_uav/share/my_uav/local_setup.bash
[34.690s] -- Up-to-date: /home/a/uav/install/my_uav/share/my_uav/local_setup.sh
[34.690s] -- Up-to-date: /home/a/uav/install/my_uav/share/my_uav/local_setup.zsh
[34.690s] -- Up-to-date: /home/a/uav/install/my_uav/share/my_uav/local_setup.dsv
[34.690s] -- Installing: /home/a/uav/install/my_uav/share/my_uav/package.dsv
[34.690s] -- Up-to-date: /home/a/uav/install/my_uav/share/ament_index/resource_index/packages/my_uav
[34.690s] -- Up-to-date: /home/a/uav/install/my_uav/share/my_uav/cmake/my_uavConfig.cmake
[34.691s] -- Up-to-date: /home/a/uav/install/my_uav/share/my_uav/cmake/my_uavConfig-version.cmake
[34.691s] -- Up-to-date: /home/a/uav/install/my_uav/share/my_uav/package.xml
[34.693s] Invoked command in '/home/a/uav/build/my_uav' returned '0': CMAKE_PREFIX_PATH=${CMAKE_PREFIX_PATH}:/opt/ros/galactic PS1=\[\e]0;\u@\h: \w\a\]${debian_chroot:+($debian_chroot)}\u@\h:\w\$ /usr/bin/cmake --install /home/a/uav/build/my_uav
