[0.014s] Invoking command in '/home/a/uav/build/my_uav': CMAKE_PREFIX_PATH=${CMAKE_PREFIX_PATH}:/opt/ros/galactic /usr/bin/cmake --build /home/a/uav/build/my_uav -- -j2 -l2
[0.073s] [ 10%] Built target uav_control_node
[0.078s] [ 20%] Built target image_sub
[0.101s] [ 30%] Built target internlm_m_node
[0.106s] [ 40%] Built target internvl
[0.141s] [ 50%] Built target internlm_m_listener
[0.147s] [ 60%] Built target internvl_listener
[0.175s] [ 70%] Built target gps_sub
[0.176s] [ 80%] Built target ray_sub
[0.201s] [ 90%] Built target ray_listener
[0.202s] [100%] Built target camera_listener
[0.213s] Invoked command in '/home/a/uav/build/my_uav' returned '0': CMAKE_PREFIX_PATH=${CMAKE_PREFIX_PATH}:/opt/ros/galactic /usr/bin/cmake --build /home/a/uav/build/my_uav -- -j2 -l2
[0.226s] Invoking command in '/home/a/uav/build/my_uav': CMAKE_PREFIX_PATH=${CMAKE_PREFIX_PATH}:/opt/ros/galactic /usr/bin/cmake --install /home/a/uav/build/my_uav
[0.237s] -- Install configuration: ""
[0.237s] -- Up-to-date: /home/a/uav/install/my_uav/share/my_uav/launch
[0.237s] -- Up-to-date: /home/a/uav/install/my_uav/share/my_uav/launch/sitl.launch
[0.237s] -- Up-to-date: /home/a/uav/install/my_uav/share/my_uav/launch/p450.py
[0.237s] -- Up-to-date: /home/a/uav/install/my_uav/share/my_uav/launch/gz_launch.py
[0.237s] CMake Error at cmake_install.cmake:41 (file):
[0.237s]   file INSTALL cannot set permissions on
[0.237s]   "/home/a/uav/install/my_uav/share/my_uav/launch/gz_launch.py": Operation
[0.238s]   not permitted.
[0.238s] 
[0.238s] 
[0.240s] Invoked command in '/home/a/uav/build/my_uav' returned '1': CMAKE_PREFIX_PATH=${CMAKE_PREFIX_PATH}:/opt/ros/galactic /usr/bin/cmake --install /home/a/uav/build/my_uav
