[0.015s] Invoking command in '/home/a/uav/build/my_uav': CMAKE_PREFIX_PATH=${CMAKE_PREFIX_PATH}:/opt/ros/galactic /usr/bin/cmake --build /home/a/uav/build/my_uav -- -j2 -l2
[0.074s] [ 10%] Built target uav_control_node
[0.079s] [ 20%] Built target image_sub
[0.105s] [ 30%] Built target internlm_m_node
[0.109s] [ 40%] Built target internvl
[0.144s] [ 50%] Built target internvl_listener
[0.145s] [ 60%] Built target internlm_m_listener
[0.159s] [35m[1mScanning dependencies of target gps_sub[0m
[0.177s] [ 70%] Built target ray_sub
[0.191s] [ 75%] [32mBuilding CXX object CMakeFiles/gps_sub.dir/src/gps_sub.cpp.o[0m
[0.207s] [ 85%] Built target camera_listener
[0.236s] [ 95%] Built target ray_listener
[8.928s] [100%] [32m[1mLinking CXX executable gps_sub[0m
[9.579s] [100%] Built target gps_sub
[9.591s] Invoked command in '/home/a/uav/build/my_uav' returned '0': CMAKE_PREFIX_PATH=${CMAKE_PREFIX_PATH}:/opt/ros/galactic /usr/bin/cmake --build /home/a/uav/build/my_uav -- -j2 -l2
[9.604s] Invoking command in '/home/a/uav/build/my_uav': CMAKE_PREFIX_PATH=${CMAKE_PREFIX_PATH}:/opt/ros/galactic /usr/bin/cmake --install /home/a/uav/build/my_uav
[9.612s] -- Install configuration: ""
[9.613s] -- Up-to-date: /home/a/uav/install/my_uav/share/my_uav/launch
[9.613s] -- Up-to-date: /home/a/uav/install/my_uav/share/my_uav/launch/sitl.launch
[9.613s] -- Up-to-date: /home/a/uav/install/my_uav/share/my_uav/launch/p450.py
[9.613s] -- Up-to-date: /home/a/uav/install/my_uav/share/my_uav/launch/gz_launch.py
[9.613s] -- Up-to-date: /home/a/uav/install/my_uav/share/my_uav/launch/cam_sub.launch.py
[9.613s] -- Up-to-date: /home/a/uav/install/my_uav/share/my_uav/models
[9.613s] -- Up-to-date: /home/a/uav/install/my_uav/share/my_uav/models/p450_2Dlidar_depth
[9.613s] -- Up-to-date: /home/a/uav/install/my_uav/share/my_uav/models/p450_2Dlidar_depth/model.config
[9.613s] -- Up-to-date: /home/a/uav/install/my_uav/share/my_uav/models/p450_2Dlidar_depth/p450_2Dlidar_depth.sdf
[9.613s] -- Up-to-date: /home/a/uav/install/my_uav/share/my_uav/models/p450
[9.613s] -- Up-to-date: /home/a/uav/install/my_uav/share/my_uav/models/p450/model.config
[9.613s] -- Up-to-date: /home/a/uav/install/my_uav/share/my_uav/models/p450/meshes
[9.613s] -- Up-to-date: /home/a/uav/install/my_uav/share/my_uav/models/p450/meshes/p450_ccw.stl
[9.613s] -- Up-to-date: /home/a/uav/install/my_uav/share/my_uav/models/p450/meshes/p450.stl
[9.613s] -- Up-to-date: /home/a/uav/install/my_uav/share/my_uav/models/p450/meshes/p450_cw.stl
[9.613s] -- Up-to-date: /home/a/uav/install/my_uav/share/my_uav/models/p450/p450.sdf
[9.613s] -- Up-to-date: /home/a/uav/install/my_uav/share/my_uav/models/hokuyo_ust_20lx
[9.613s] -- Up-to-date: /home/a/uav/install/my_uav/share/my_uav/models/hokuyo_ust_20lx/hokuyo_ust_20lx.sdf
[9.614s] -- Up-to-date: /home/a/uav/install/my_uav/share/my_uav/models/hokuyo_ust_20lx/model.config
[9.614s] -- Up-to-date: /home/a/uav/install/my_uav/share/my_uav/models/p450_hokuyo_2Dlidar
[9.614s] -- Up-to-date: /home/a/uav/install/my_uav/share/my_uav/models/p450_hokuyo_2Dlidar/p450_hokuyo_2Dlidar.sdf
[9.614s] -- Up-to-date: /home/a/uav/install/my_uav/share/my_uav/models/p450_hokuyo_2Dlidar/model.config
[9.614s] -- Up-to-date: /home/a/uav/install/my_uav/share/my_uav/models/depth
[9.614s] -- Up-to-date: /home/a/uav/install/my_uav/share/my_uav/models/depth/model.config
[9.614s] -- Up-to-date: /home/a/uav/install/my_uav/share/my_uav/models/depth/depth.sdf
[9.614s] -- Up-to-date: /home/a/uav/install/my_uav/share/my_uav/models/D435i
[9.614s] -- Up-to-date: /home/a/uav/install/my_uav/share/my_uav/models/D435i/materials
[9.614s] -- Up-to-date: /home/a/uav/install/my_uav/share/my_uav/models/D435i/materials/textures
[9.614s] -- Up-to-date: /home/a/uav/install/my_uav/share/my_uav/models/D435i/materials/textures/realsense_diffuse.png
[9.614s] -- Up-to-date: /home/a/uav/install/my_uav/share/my_uav/models/D435i/model.config
[9.614s] -- Up-to-date: /home/a/uav/install/my_uav/share/my_uav/models/D435i/D435i.sdf
[9.614s] -- Up-to-date: /home/a/uav/install/my_uav/share/my_uav/models/D435i/meshes
[9.614s] -- Up-to-date: /home/a/uav/install/my_uav/share/my_uav/models/D435i/meshes/realsense_d435.stl
[9.614s] -- Up-to-date: /home/a/uav/install/my_uav/share/my_uav/models/D435i/meshes/D435i.dae
[9.614s] -- Up-to-date: /home/a/uav/install/my_uav/share/my_uav/models/p450_depth
[9.614s] -- Up-to-date: /home/a/uav/install/my_uav/share/my_uav/models/p450_depth/model.config
[9.614s] -- Up-to-date: /home/a/uav/install/my_uav/share/my_uav/models/p450_depth/p450_depth.sdf
[9.614s] -- Up-to-date: /home/a/uav/install/my_uav/share/my_uav/worlds
[9.614s] -- Up-to-date: /home/a/uav/install/my_uav/share/my_uav/worlds/leida.world
[9.614s] -- Up-to-date: /home/a/uav/install/my_uav/share/my_uav/worlds/my.world
[9.614s] -- Up-to-date: /home/a/uav/install/my_uav/share/my_uav/worlds/baylands.world
[9.614s] -- Up-to-date: /home/a/uav/install/my_uav/share/my_uav/worlds/safe_landing.world
[9.614s] -- Up-to-date: /home/a/uav/install/my_uav/share/my_uav/worlds/yosemite.world
[9.614s] -- Up-to-date: /home/a/uav/install/my_uav/share/my_uav/worlds/mcmillan_airfield.world
[9.615s] -- Up-to-date: /home/a/uav/install/my_uav/share/my_uav/worlds/cam.world
[9.615s] -- Up-to-date: /home/a/uav/install/my_uav/share/my_uav/worlds/sonoma_raceway.world
[9.615s] -- Up-to-date: /home/a/uav/install/my_uav/share/my_uav/worlds/empty_world.world
[9.615s] -- Up-to-date: /home/a/uav/install/my_uav/lib/my_uav/my_python_node.py
[9.615s] -- Up-to-date: /home/a/uav/install/my_uav/lib/my_uav/uav_control_node
[9.615s] -- Up-to-date: /home/a/uav/install/my_uav/lib/my_uav/internlm_m_node
[9.615s] -- Up-to-date: /home/a/uav/install/my_uav/lib/my_uav/internvl
[9.615s] -- Up-to-date: /home/a/uav/install/my_uav/lib/my_uav/internlm_m_listener
[9.615s] -- Up-to-date: /home/a/uav/install/my_uav/lib/my_uav/internvl_listener
[9.615s] -- Up-to-date: /home/a/uav/install/my_uav/lib/my_uav/image_sub
[9.615s] -- Installing: /home/a/uav/install/my_uav/lib/my_uav/gps_sub
[9.619s] -- Set runtime path of "/home/a/uav/install/my_uav/lib/my_uav/gps_sub" to ""
[9.619s] -- Up-to-date: /home/a/uav/install/my_uav/lib/my_uav/ray_sub
[9.619s] -- Up-to-date: /home/a/uav/install/my_uav/lib/my_uav/camera_listener
[9.619s] -- Up-to-date: /home/a/uav/install/my_uav/lib/my_uav/ray_listener
[9.619s] -- Up-to-date: /home/a/uav/install/my_uav/share/ament_index/resource_index/package_run_dependencies/my_uav
[9.619s] -- Installing: /home/a/uav/install/my_uav/share/ament_index/resource_index/parent_prefix_path/my_uav
[9.620s] -- Up-to-date: /home/a/uav/install/my_uav/share/my_uav/environment/ament_prefix_path.sh
[9.620s] -- Installing: /home/a/uav/install/my_uav/share/my_uav/environment/ament_prefix_path.dsv
[9.620s] -- Up-to-date: /home/a/uav/install/my_uav/share/my_uav/environment/path.sh
[9.620s] -- Installing: /home/a/uav/install/my_uav/share/my_uav/environment/path.dsv
[9.620s] -- Up-to-date: /home/a/uav/install/my_uav/share/my_uav/local_setup.bash
[9.620s] -- Up-to-date: /home/a/uav/install/my_uav/share/my_uav/local_setup.sh
[9.620s] -- Up-to-date: /home/a/uav/install/my_uav/share/my_uav/local_setup.zsh
[9.620s] -- Installing: /home/a/uav/install/my_uav/share/my_uav/local_setup.dsv
[9.620s] -- Installing: /home/a/uav/install/my_uav/share/my_uav/package.dsv
[9.620s] -- Up-to-date: /home/a/uav/install/my_uav/share/ament_index/resource_index/packages/my_uav
[9.620s] -- Up-to-date: /home/a/uav/install/my_uav/share/my_uav/cmake/my_uavConfig.cmake
[9.620s] -- Up-to-date: /home/a/uav/install/my_uav/share/my_uav/cmake/my_uavConfig-version.cmake
[9.620s] -- Up-to-date: /home/a/uav/install/my_uav/share/my_uav/package.xml
[9.623s] Invoked command in '/home/a/uav/build/my_uav' returned '0': CMAKE_PREFIX_PATH=${CMAKE_PREFIX_PATH}:/opt/ros/galactic /usr/bin/cmake --install /home/a/uav/build/my_uav
