[0.010s] Invoking command in '/home/a/uav/build/my_uav': /usr/bin/cmake --build /home/a/uav/build/my_uav -- -j2 -l2
[0.070s] [  9%] Built target uav_control_node
[0.079s] [ 18%] Built target image_sub
[0.097s] [ 27%] Built target internlm_m_node
[0.105s] [ 36%] Built target internvl
[0.137s] [ 45%] Built target internlm_m_listener
[0.141s] [ 54%] Built target internvl_p
[0.172s] [ 63%] Built target gps_sub
[0.175s] [ 72%] Built target internvl_listener
[0.198s] [ 81%] Built target camera_listener
[0.199s] [ 90%] Built target ray_sub
[0.223s] [100%] Built target ray_listener
[0.246s] Invoked command in '/home/a/uav/build/my_uav' returned '0': /usr/bin/cmake --build /home/a/uav/build/my_uav -- -j2 -l2
[0.258s] Invoking command in '/home/a/uav/build/my_uav': /usr/bin/cmake --install /home/a/uav/build/my_uav
[0.268s] -- Install configuration: ""
[0.268s] -- Up-to-date: /home/a/uav/install/my_uav/share/my_uav/launch
[0.268s] -- Up-to-date: /home/a/uav/install/my_uav/share/my_uav/launch/sitl.launch
[0.268s] -- Up-to-date: /home/a/uav/install/my_uav/share/my_uav/launch/p450.py
[0.268s] -- Up-to-date: /home/a/uav/install/my_uav/share/my_uav/launch/gz_launch.py
[0.268s] -- Up-to-date: /home/a/uav/install/my_uav/share/my_uav/launch/cam_sub.launch.py
[0.268s] -- Up-to-date: /home/a/uav/install/my_uav/share/my_uav/models
[0.268s] -- Up-to-date: /home/a/uav/install/my_uav/share/my_uav/models/p450_2Dlidar_depth
[0.269s] -- Up-to-date: /home/a/uav/install/my_uav/share/my_uav/models/p450_2Dlidar_depth/p450_2Dlidar_depth_3.sdf.last_generated
[0.269s] -- Up-to-date: /home/a/uav/install/my_uav/share/my_uav/models/p450_2Dlidar_depth/p450_2Dlidar_depth_2.sdf.last_generated
[0.269s] -- Installing: /home/a/uav/install/my_uav/share/my_uav/models/p450_2Dlidar_depth/p450_2Dlidar_depth_1.sdf.last_generated
[0.269s] -- Up-to-date: /home/a/uav/install/my_uav/share/my_uav/models/p450_2Dlidar_depth/p450_2Dlidar_depth_0.sdf
[0.269s] -- Up-to-date: /home/a/uav/install/my_uav/share/my_uav/models/p450_2Dlidar_depth/p450_2Dlidar_depth_0.sdf.last_generated
[0.269s] -- Installing: /home/a/uav/install/my_uav/share/my_uav/models/p450_2Dlidar_depth/p450_2Dlidar_depth_1.sdf
[0.270s] -- Up-to-date: /home/a/uav/install/my_uav/share/my_uav/models/p450_2Dlidar_depth/model.config
[0.270s] -- Up-to-date: /home/a/uav/install/my_uav/share/my_uav/models/p450_2Dlidar_depth/p450_2Dlidar_depth.sdf
[0.270s] -- Up-to-date: /home/a/uav/install/my_uav/share/my_uav/models/p450_2Dlidar_depth/p450_2Dlidar_depth_3.sdf
[0.270s] -- Up-to-date: /home/a/uav/install/my_uav/share/my_uav/models/p450_2Dlidar_depth/p450_2Dlidar_depth_-m.sdf
[0.270s] -- Up-to-date: /home/a/uav/install/my_uav/share/my_uav/models/p450_2Dlidar_depth/p450_2Dlidar_depth_2.sdf
[0.270s] -- Up-to-date: /home/a/uav/install/my_uav/share/my_uav/models/p450_2Dlidar_depth/p450_2Dlidar_depth_-m.sdf.last_generated
[0.270s] -- Up-to-date: /home/a/uav/install/my_uav/share/my_uav/models/p450
[0.271s] -- Up-to-date: /home/a/uav/install/my_uav/share/my_uav/models/p450/p450_1.sdf
[0.272s] -- Up-to-date: /home/a/uav/install/my_uav/share/my_uav/models/p450/p450_2.sdf.last_generated
[0.272s] -- Up-to-date: /home/a/uav/install/my_uav/share/my_uav/models/p450/p450.sdf.jinja
[0.272s] -- Up-to-date: /home/a/uav/install/my_uav/share/my_uav/models/p450/p450_1.sdf.last_generated
[0.272s] -- Up-to-date: /home/a/uav/install/my_uav/share/my_uav/models/p450/model.config
[0.272s] -- Up-to-date: /home/a/uav/install/my_uav/share/my_uav/models/p450/p450_2.sdf
[0.272s] -- Up-to-date: /home/a/uav/install/my_uav/share/my_uav/models/p450/meshes
[0.272s] -- Up-to-date: /home/a/uav/install/my_uav/share/my_uav/models/p450/meshes/p450_ccw.stl
[0.272s] -- Up-to-date: /home/a/uav/install/my_uav/share/my_uav/models/p450/meshes/p450.stl
[0.272s] -- Up-to-date: /home/a/uav/install/my_uav/share/my_uav/models/p450/meshes/p450_cw.stl
[0.273s] -- Up-to-date: /home/a/uav/install/my_uav/share/my_uav/models/p450/p450.sdf
[0.273s] -- Up-to-date: /home/a/uav/install/my_uav/share/my_uav/models/hokuyo_ust_20lx
[0.274s] -- Up-to-date: /home/a/uav/install/my_uav/share/my_uav/models/hokuyo_ust_20lx/hokuyo_ust_20lx.sdf
[0.274s] -- Up-to-date: /home/a/uav/install/my_uav/share/my_uav/models/hokuyo_ust_20lx/hokuyo_ust_20lx_2.sdf.last_generated
[0.274s] -- Up-to-date: /home/a/uav/install/my_uav/share/my_uav/models/hokuyo_ust_20lx/model.config
[0.274s] -- Up-to-date: /home/a/uav/install/my_uav/share/my_uav/models/hokuyo_ust_20lx/hokuyo_ust_20lx_2.sdf
[0.274s] -- Up-to-date: /home/a/uav/install/my_uav/share/my_uav/models/hokuyo_ust_20lx/hokuyo_ust_20lx_1.sdf
[0.274s] -- Up-to-date: /home/a/uav/install/my_uav/share/my_uav/models/hokuyo_ust_20lx/hokuyo_ust_20lx_1.sdf.last_generated
[0.274s] -- Up-to-date: /home/a/uav/install/my_uav/share/my_uav/models/p450_hokuyo_2Dlidar
[0.275s] -- Up-to-date: /home/a/uav/install/my_uav/share/my_uav/models/p450_hokuyo_2Dlidar/p450_hokuyo_2Dlidar.sdf
[0.275s] -- Up-to-date: /home/a/uav/install/my_uav/share/my_uav/models/p450_hokuyo_2Dlidar/model.config
[0.275s] -- Up-to-date: /home/a/uav/install/my_uav/share/my_uav/models/depth
[0.276s] -- Up-to-date: /home/a/uav/install/my_uav/share/my_uav/models/depth/model.config
[0.276s] -- Up-to-date: /home/a/uav/install/my_uav/share/my_uav/models/depth/depth.sdf
[0.277s] -- Up-to-date: /home/a/uav/install/my_uav/share/my_uav/models/D435i
[0.277s] -- Up-to-date: /home/a/uav/install/my_uav/share/my_uav/models/D435i/materials
[0.278s] -- Up-to-date: /home/a/uav/install/my_uav/share/my_uav/models/D435i/materials/textures
[0.279s] -- Up-to-date: /home/a/uav/install/my_uav/share/my_uav/models/D435i/materials/textures/realsense_diffuse.png
[0.279s] -- Up-to-date: /home/a/uav/install/my_uav/share/my_uav/models/D435i/model.config
[0.279s] -- Up-to-date: /home/a/uav/install/my_uav/share/my_uav/models/D435i/D435i.sdf
[0.279s] -- Up-to-date: /home/a/uav/install/my_uav/share/my_uav/models/D435i/meshes
[0.279s] -- Up-to-date: /home/a/uav/install/my_uav/share/my_uav/models/D435i/meshes/realsense_d435.stl
[0.279s] -- Up-to-date: /home/a/uav/install/my_uav/share/my_uav/models/D435i/meshes/D435i.dae
[0.279s] -- Up-to-date: /home/a/uav/install/my_uav/share/my_uav/models/p450_depth
[0.280s] -- Up-to-date: /home/a/uav/install/my_uav/share/my_uav/models/p450_depth/model.config
[0.280s] -- Up-to-date: /home/a/uav/install/my_uav/share/my_uav/models/p450_depth/p450_depth.sdf
[0.280s] -- Up-to-date: /home/a/uav/install/my_uav/share/my_uav/worlds
[0.280s] -- Up-to-date: /home/a/uav/install/my_uav/share/my_uav/worlds/leida.world
[0.280s] -- Up-to-date: /home/a/uav/install/my_uav/share/my_uav/worlds/my.world
[0.280s] -- Up-to-date: /home/a/uav/install/my_uav/share/my_uav/worlds/baylands.world
[0.280s] -- Up-to-date: /home/a/uav/install/my_uav/share/my_uav/worlds/safe_landing.world
[0.280s] -- Up-to-date: /home/a/uav/install/my_uav/share/my_uav/worlds/yosemite.world
[0.280s] -- Up-to-date: /home/a/uav/install/my_uav/share/my_uav/worlds/mcmillan_airfield.world
[0.280s] -- Up-to-date: /home/a/uav/install/my_uav/share/my_uav/worlds/cam.world
[0.280s] -- Up-to-date: /home/a/uav/install/my_uav/share/my_uav/worlds/sonoma_raceway.world
[0.280s] -- Up-to-date: /home/a/uav/install/my_uav/share/my_uav/worlds/empty_world.world
[0.281s] -- Up-to-date: /home/a/uav/install/my_uav/lib/my_uav/my_python_node.py
[0.281s] -- Installing: /home/a/uav/install/my_uav/lib/my_uav/uav_control_node
[0.282s] -- Set runtime path of "/home/a/uav/install/my_uav/lib/my_uav/uav_control_node" to ""
[0.283s] -- Up-to-date: /home/a/uav/install/my_uav/lib/my_uav/internlm_m_node
[0.286s] -- Up-to-date: /home/a/uav/install/my_uav/lib/my_uav/internvl
[0.288s] -- Up-to-date: /home/a/uav/install/my_uav/lib/my_uav/internlm_m_listener
[0.289s] -- Up-to-date: /home/a/uav/install/my_uav/lib/my_uav/internvl_listener
[0.290s] -- Installing: /home/a/uav/install/my_uav/lib/my_uav/internvl_p
[0.296s] -- Set runtime path of "/home/a/uav/install/my_uav/lib/my_uav/internvl_p" to ""
[0.297s] -- Up-to-date: /home/a/uav/install/my_uav/lib/my_uav/image_sub
[0.299s] -- Up-to-date: /home/a/uav/install/my_uav/lib/my_uav/gps_sub
[0.300s] -- Up-to-date: /home/a/uav/install/my_uav/lib/my_uav/ray_sub
[0.302s] -- Up-to-date: /home/a/uav/install/my_uav/lib/my_uav/camera_listener
[0.303s] -- Up-to-date: /home/a/uav/install/my_uav/lib/my_uav/ray_listener
[0.303s] -- Up-to-date: /home/a/uav/install/my_uav/share/ament_index/resource_index/package_run_dependencies/my_uav
[0.304s] -- Up-to-date: /home/a/uav/install/my_uav/share/ament_index/resource_index/parent_prefix_path/my_uav
[0.304s] -- Up-to-date: /home/a/uav/install/my_uav/share/my_uav/environment/ament_prefix_path.sh
[0.304s] -- Up-to-date: /home/a/uav/install/my_uav/share/my_uav/environment/ament_prefix_path.dsv
[0.304s] -- Up-to-date: /home/a/uav/install/my_uav/share/my_uav/environment/path.sh
[0.304s] -- Up-to-date: /home/a/uav/install/my_uav/share/my_uav/environment/path.dsv
[0.304s] -- Up-to-date: /home/a/uav/install/my_uav/share/my_uav/local_setup.bash
[0.304s] -- Up-to-date: /home/a/uav/install/my_uav/share/my_uav/local_setup.sh
[0.304s] -- Up-to-date: /home/a/uav/install/my_uav/share/my_uav/local_setup.zsh
[0.305s] -- Up-to-date: /home/a/uav/install/my_uav/share/my_uav/local_setup.dsv
[0.305s] -- Installing: /home/a/uav/install/my_uav/share/my_uav/package.dsv
[0.305s] -- Up-to-date: /home/a/uav/install/my_uav/share/ament_index/resource_index/packages/my_uav
[0.305s] -- Up-to-date: /home/a/uav/install/my_uav/share/my_uav/cmake/my_uavConfig.cmake
[0.305s] -- Up-to-date: /home/a/uav/install/my_uav/share/my_uav/cmake/my_uavConfig-version.cmake
[0.305s] -- Up-to-date: /home/a/uav/install/my_uav/share/my_uav/package.xml
[0.307s] Invoked command in '/home/a/uav/build/my_uav' returned '0': /usr/bin/cmake --install /home/a/uav/build/my_uav
