[0.018s] Invoking command in '/home/a/uav/build/my_uav': CMAKE_PREFIX_PATH=${CMAKE_PREFIX_PATH}:/opt/ros/galactic /usr/bin/cmake --build /home/a/uav/build/my_uav -- -j2 -l2
[0.095s] [ 14%] Built target uav_control_node
[0.105s] [ 28%] Built target internlm_m_node
[0.137s] [ 42%] Built target internvl
[0.154s] [ 57%] Built target internlm_m_listener
[0.161s] [35m[1mScanning dependencies of target internvl_listener[0m
[0.187s] [ 71%] Built target camera_listener
[0.201s] [ 78%] [32mBuilding CXX object CMakeFiles/internvl_listener.dir/src/internvl_listener.cpp.o[0m
[0.217s] [ 92%] Built target ray_listener
[17.025s] [100%] [32m[1mLinking CXX executable internvl_listener[0m
[18.934s] [100%] Built target internvl_listener
[18.957s] Invoked command in '/home/a/uav/build/my_uav' returned '0': CMAKE_PREFIX_PATH=${CMAKE_PREFIX_PATH}:/opt/ros/galactic /usr/bin/cmake --build /home/a/uav/build/my_uav -- -j2 -l2
[18.973s] Invoking command in '/home/a/uav/build/my_uav': CMAKE_PREFIX_PATH=${CMAKE_PREFIX_PATH}:/opt/ros/galactic /usr/bin/cmake --install /home/a/uav/build/my_uav
[18.986s] -- Install configuration: ""
[18.986s] -- Up-to-date: /home/a/uav/install/my_uav/share/my_uav/launch
[18.986s] -- Up-to-date: /home/a/uav/install/my_uav/share/my_uav/launch/sitl.launch
[18.986s] -- Up-to-date: /home/a/uav/install/my_uav/share/my_uav/launch/p450.py
[18.986s] -- Up-to-date: /home/a/uav/install/my_uav/share/my_uav/launch/gz_launch.py
[18.987s] -- Up-to-date: /home/a/uav/install/my_uav/share/my_uav/launch/cam_sub.launch.py
[18.987s] -- Up-to-date: /home/a/uav/install/my_uav/share/my_uav/models
[18.987s] -- Up-to-date: /home/a/uav/install/my_uav/share/my_uav/models/p450_2Dlidar_depth
[18.987s] -- Up-to-date: /home/a/uav/install/my_uav/share/my_uav/models/p450_2Dlidar_depth/model.config
[18.987s] -- Up-to-date: /home/a/uav/install/my_uav/share/my_uav/models/p450_2Dlidar_depth/p450_2Dlidar_depth.sdf
[18.987s] -- Up-to-date: /home/a/uav/install/my_uav/share/my_uav/models/p450
[18.987s] -- Up-to-date: /home/a/uav/install/my_uav/share/my_uav/models/p450/model.config
[18.988s] -- Up-to-date: /home/a/uav/install/my_uav/share/my_uav/models/p450/meshes
[18.988s] -- Up-to-date: /home/a/uav/install/my_uav/share/my_uav/models/p450/meshes/p450_ccw.stl
[18.988s] -- Up-to-date: /home/a/uav/install/my_uav/share/my_uav/models/p450/meshes/p450.stl
[18.988s] -- Up-to-date: /home/a/uav/install/my_uav/share/my_uav/models/p450/meshes/p450_cw.stl
[18.988s] -- Up-to-date: /home/a/uav/install/my_uav/share/my_uav/models/p450/p450.sdf
[18.988s] -- Up-to-date: /home/a/uav/install/my_uav/share/my_uav/models/hokuyo_ust_20lx
[18.988s] -- Up-to-date: /home/a/uav/install/my_uav/share/my_uav/models/hokuyo_ust_20lx/hokuyo_ust_20lx.sdf
[18.989s] -- Up-to-date: /home/a/uav/install/my_uav/share/my_uav/models/hokuyo_ust_20lx/model.config
[18.989s] -- Up-to-date: /home/a/uav/install/my_uav/share/my_uav/models/p450_hokuyo_2Dlidar
[18.989s] -- Up-to-date: /home/a/uav/install/my_uav/share/my_uav/models/p450_hokuyo_2Dlidar/p450_hokuyo_2Dlidar.sdf
[18.989s] -- Up-to-date: /home/a/uav/install/my_uav/share/my_uav/models/p450_hokuyo_2Dlidar/model.config
[18.990s] -- Up-to-date: /home/a/uav/install/my_uav/share/my_uav/models/depth
[18.990s] -- Up-to-date: /home/a/uav/install/my_uav/share/my_uav/models/depth/model.config
[18.990s] -- Up-to-date: /home/a/uav/install/my_uav/share/my_uav/models/depth/depth.sdf
[18.990s] -- Up-to-date: /home/a/uav/install/my_uav/share/my_uav/models/D435i
[18.990s] -- Up-to-date: /home/a/uav/install/my_uav/share/my_uav/models/D435i/materials
[18.990s] -- Up-to-date: /home/a/uav/install/my_uav/share/my_uav/models/D435i/materials/textures
[18.990s] -- Up-to-date: /home/a/uav/install/my_uav/share/my_uav/models/D435i/materials/textures/realsense_diffuse.png
[18.991s] -- Up-to-date: /home/a/uav/install/my_uav/share/my_uav/models/D435i/model.config
[18.991s] -- Up-to-date: /home/a/uav/install/my_uav/share/my_uav/models/D435i/D435i.sdf
[18.991s] -- Up-to-date: /home/a/uav/install/my_uav/share/my_uav/models/D435i/meshes
[18.991s] -- Up-to-date: /home/a/uav/install/my_uav/share/my_uav/models/D435i/meshes/realsense_d435.stl
[18.991s] -- Up-to-date: /home/a/uav/install/my_uav/share/my_uav/models/D435i/meshes/D435i.dae
[18.991s] -- Up-to-date: /home/a/uav/install/my_uav/share/my_uav/models/p450_depth
[18.991s] -- Up-to-date: /home/a/uav/install/my_uav/share/my_uav/models/p450_depth/model.config
[18.991s] -- Up-to-date: /home/a/uav/install/my_uav/share/my_uav/models/p450_depth/p450_depth.sdf
[18.991s] -- Up-to-date: /home/a/uav/install/my_uav/share/my_uav/worlds
[18.992s] -- Up-to-date: /home/a/uav/install/my_uav/share/my_uav/worlds/leida.world
[18.992s] -- Up-to-date: /home/a/uav/install/my_uav/share/my_uav/worlds/my.world
[18.992s] -- Up-to-date: /home/a/uav/install/my_uav/share/my_uav/worlds/baylands.world
[18.992s] -- Up-to-date: /home/a/uav/install/my_uav/share/my_uav/worlds/safe_landing.world
[18.992s] -- Up-to-date: /home/a/uav/install/my_uav/share/my_uav/worlds/yosemite.world
[18.992s] -- Up-to-date: /home/a/uav/install/my_uav/share/my_uav/worlds/mcmillan_airfield.world
[18.992s] -- Up-to-date: /home/a/uav/install/my_uav/share/my_uav/worlds/cam.world
[18.992s] -- Up-to-date: /home/a/uav/install/my_uav/share/my_uav/worlds/sonoma_raceway.world
[18.992s] -- Up-to-date: /home/a/uav/install/my_uav/share/my_uav/worlds/empty_world.world
[18.992s] -- Up-to-date: /home/a/uav/install/my_uav/lib/my_uav/my_python_node.py
[18.992s] -- Up-to-date: /home/a/uav/install/my_uav/lib/my_uav/uav_control_node
[18.992s] -- Up-to-date: /home/a/uav/install/my_uav/lib/my_uav/internlm_m_node
[18.993s] -- Up-to-date: /home/a/uav/install/my_uav/lib/my_uav/internvl
[18.993s] -- Up-to-date: /home/a/uav/install/my_uav/lib/my_uav/internlm_m_listener
[18.993s] -- Installing: /home/a/uav/install/my_uav/lib/my_uav/internvl_listener
[19.001s] -- Set runtime path of "/home/a/uav/install/my_uav/lib/my_uav/internvl_listener" to ""
[19.001s] -- Up-to-date: /home/a/uav/install/my_uav/lib/my_uav/camera_listener
[19.001s] -- Up-to-date: /home/a/uav/install/my_uav/lib/my_uav/ray_listener
[19.002s] -- Up-to-date: /home/a/uav/install/my_uav/share/ament_index/resource_index/package_run_dependencies/my_uav
[19.002s] -- Up-to-date: /home/a/uav/install/my_uav/share/ament_index/resource_index/parent_prefix_path/my_uav
[19.002s] -- Up-to-date: /home/a/uav/install/my_uav/share/my_uav/environment/ament_prefix_path.sh
[19.003s] -- Up-to-date: /home/a/uav/install/my_uav/share/my_uav/environment/ament_prefix_path.dsv
[19.003s] -- Up-to-date: /home/a/uav/install/my_uav/share/my_uav/environment/path.sh
[19.003s] -- Up-to-date: /home/a/uav/install/my_uav/share/my_uav/environment/path.dsv
[19.003s] -- Up-to-date: /home/a/uav/install/my_uav/share/my_uav/local_setup.bash
[19.003s] -- Up-to-date: /home/a/uav/install/my_uav/share/my_uav/local_setup.sh
[19.004s] -- Up-to-date: /home/a/uav/install/my_uav/share/my_uav/local_setup.zsh
[19.004s] -- Up-to-date: /home/a/uav/install/my_uav/share/my_uav/local_setup.dsv
[19.004s] -- Installing: /home/a/uav/install/my_uav/share/my_uav/package.dsv
[19.004s] -- Up-to-date: /home/a/uav/install/my_uav/share/ament_index/resource_index/packages/my_uav
[19.005s] -- Up-to-date: /home/a/uav/install/my_uav/share/my_uav/cmake/my_uavConfig.cmake
[19.005s] -- Up-to-date: /home/a/uav/install/my_uav/share/my_uav/cmake/my_uavConfig-version.cmake
[19.005s] -- Up-to-date: /home/a/uav/install/my_uav/share/my_uav/package.xml
[19.014s] Invoked command in '/home/a/uav/build/my_uav' returned '0': CMAKE_PREFIX_PATH=${CMAKE_PREFIX_PATH}:/opt/ros/galactic /usr/bin/cmake --install /home/a/uav/build/my_uav
