[0.016s] Invoking command in '/home/a/uav/build/my_uav': CMAKE_PREFIX_PATH=${CMAKE_PREFIX_PATH}:/opt/ros/galactic /usr/bin/cmake --build /home/a/uav/build/my_uav -- -j2 -l2
[0.073s] [ 10%] Built target uav_control_node
[0.078s] [ 20%] Built target image_sub
[0.102s] [ 30%] Built target internlm_m_node
[0.107s] [ 40%] Built target internvl
[0.139s] [ 50%] Built target internlm_m_listener
[0.151s] [ 60%] Built target internvl_listener
[0.153s] [35m[1mScanning dependencies of target gps_sub[0m
[0.184s] [ 70%] Built target ray_sub
[0.189s] [ 75%] [32mBuilding CXX object CMakeFiles/gps_sub.dir/src/gps_sub.cpp.o[0m
[0.215s] [ 85%] Built target camera_listener
[0.250s] [ 95%] Built target ray_listener
[10.221s] [100%] [32m[1mLinking CXX executable gps_sub[0m
[11.108s] [100%] Built target gps_sub
[11.142s] Invoked command in '/home/a/uav/build/my_uav' returned '0': CMAKE_PREFIX_PATH=${CMAKE_PREFIX_PATH}:/opt/ros/galactic /usr/bin/cmake --build /home/a/uav/build/my_uav -- -j2 -l2
[11.176s] Invoking command in '/home/a/uav/build/my_uav': CMAKE_PREFIX_PATH=${CMAKE_PREFIX_PATH}:/opt/ros/galactic /usr/bin/cmake --install /home/a/uav/build/my_uav
[11.212s] -- Install configuration: ""
[11.214s] -- Up-to-date: /home/a/uav/install/my_uav/share/my_uav/launch
[11.215s] -- Up-to-date: /home/a/uav/install/my_uav/share/my_uav/launch/sitl.launch
[11.215s] -- Up-to-date: /home/a/uav/install/my_uav/share/my_uav/launch/p450.py
[11.216s] -- Up-to-date: /home/a/uav/install/my_uav/share/my_uav/launch/gz_launch.py
[11.218s] -- Up-to-date: /home/a/uav/install/my_uav/share/my_uav/launch/cam_sub.launch.py
[11.220s] -- Up-to-date: /home/a/uav/install/my_uav/share/my_uav/models
[11.221s] -- Up-to-date: /home/a/uav/install/my_uav/share/my_uav/models/p450_2Dlidar_depth
[11.222s] -- Up-to-date: /home/a/uav/install/my_uav/share/my_uav/models/p450_2Dlidar_depth/model.config
[11.222s] -- Up-to-date: /home/a/uav/install/my_uav/share/my_uav/models/p450_2Dlidar_depth/p450_2Dlidar_depth.sdf
[11.222s] -- Up-to-date: /home/a/uav/install/my_uav/share/my_uav/models/p450
[11.223s] -- Up-to-date: /home/a/uav/install/my_uav/share/my_uav/models/p450/model.config
[11.226s] -- Up-to-date: /home/a/uav/install/my_uav/share/my_uav/models/p450/meshes
[11.236s] -- Up-to-date: /home/a/uav/install/my_uav/share/my_uav/models/p450/meshes/p450_ccw.stl
[11.236s] -- Up-to-date: /home/a/uav/install/my_uav/share/my_uav/models/p450/meshes/p450.stl
[11.237s] -- Up-to-date: /home/a/uav/install/my_uav/share/my_uav/models/p450/meshes/p450_cw.stl
[11.237s] -- Up-to-date: /home/a/uav/install/my_uav/share/my_uav/models/p450/p450.sdf
[11.237s] -- Up-to-date: /home/a/uav/install/my_uav/share/my_uav/models/hokuyo_ust_20lx
[11.237s] -- Up-to-date: /home/a/uav/install/my_uav/share/my_uav/models/hokuyo_ust_20lx/hokuyo_ust_20lx.sdf
[11.237s] -- Up-to-date: /home/a/uav/install/my_uav/share/my_uav/models/hokuyo_ust_20lx/model.config
[11.238s] -- Up-to-date: /home/a/uav/install/my_uav/share/my_uav/models/p450_hokuyo_2Dlidar
[11.238s] -- Up-to-date: /home/a/uav/install/my_uav/share/my_uav/models/p450_hokuyo_2Dlidar/p450_hokuyo_2Dlidar.sdf
[11.238s] -- Up-to-date: /home/a/uav/install/my_uav/share/my_uav/models/p450_hokuyo_2Dlidar/model.config
[11.238s] -- Up-to-date: /home/a/uav/install/my_uav/share/my_uav/models/depth
[11.238s] -- Up-to-date: /home/a/uav/install/my_uav/share/my_uav/models/depth/model.config
[11.238s] -- Up-to-date: /home/a/uav/install/my_uav/share/my_uav/models/depth/depth.sdf
[11.238s] -- Up-to-date: /home/a/uav/install/my_uav/share/my_uav/models/D435i
[11.239s] -- Up-to-date: /home/a/uav/install/my_uav/share/my_uav/models/D435i/materials
[11.239s] -- Up-to-date: /home/a/uav/install/my_uav/share/my_uav/models/D435i/materials/textures
[11.239s] -- Up-to-date: /home/a/uav/install/my_uav/share/my_uav/models/D435i/materials/textures/realsense_diffuse.png
[11.239s] -- Up-to-date: /home/a/uav/install/my_uav/share/my_uav/models/D435i/model.config
[11.239s] -- Up-to-date: /home/a/uav/install/my_uav/share/my_uav/models/D435i/D435i.sdf
[11.239s] -- Up-to-date: /home/a/uav/install/my_uav/share/my_uav/models/D435i/meshes
[11.239s] -- Up-to-date: /home/a/uav/install/my_uav/share/my_uav/models/D435i/meshes/realsense_d435.stl
[11.240s] -- Up-to-date: /home/a/uav/install/my_uav/share/my_uav/models/D435i/meshes/D435i.dae
[11.240s] -- Up-to-date: /home/a/uav/install/my_uav/share/my_uav/models/p450_depth
[11.240s] -- Up-to-date: /home/a/uav/install/my_uav/share/my_uav/models/p450_depth/model.config
[11.240s] -- Up-to-date: /home/a/uav/install/my_uav/share/my_uav/models/p450_depth/p450_depth.sdf
[11.240s] -- Up-to-date: /home/a/uav/install/my_uav/share/my_uav/worlds
[11.240s] -- Up-to-date: /home/a/uav/install/my_uav/share/my_uav/worlds/leida.world
[11.240s] -- Up-to-date: /home/a/uav/install/my_uav/share/my_uav/worlds/my.world
[11.240s] -- Up-to-date: /home/a/uav/install/my_uav/share/my_uav/worlds/baylands.world
[11.240s] -- Up-to-date: /home/a/uav/install/my_uav/share/my_uav/worlds/safe_landing.world
[11.241s] -- Up-to-date: /home/a/uav/install/my_uav/share/my_uav/worlds/yosemite.world
[11.241s] -- Up-to-date: /home/a/uav/install/my_uav/share/my_uav/worlds/mcmillan_airfield.world
[11.241s] -- Up-to-date: /home/a/uav/install/my_uav/share/my_uav/worlds/cam.world
[11.241s] -- Up-to-date: /home/a/uav/install/my_uav/share/my_uav/worlds/sonoma_raceway.world
[11.241s] -- Up-to-date: /home/a/uav/install/my_uav/share/my_uav/worlds/empty_world.world
[11.241s] -- Up-to-date: /home/a/uav/install/my_uav/lib/my_uav/my_python_node.py
[11.241s] -- Up-to-date: /home/a/uav/install/my_uav/lib/my_uav/uav_control_node
[11.241s] -- Up-to-date: /home/a/uav/install/my_uav/lib/my_uav/internlm_m_node
[11.242s] -- Up-to-date: /home/a/uav/install/my_uav/lib/my_uav/internvl
[11.242s] -- Up-to-date: /home/a/uav/install/my_uav/lib/my_uav/internlm_m_listener
[11.242s] -- Up-to-date: /home/a/uav/install/my_uav/lib/my_uav/internvl_listener
[11.242s] -- Up-to-date: /home/a/uav/install/my_uav/lib/my_uav/image_sub
[11.242s] -- Installing: /home/a/uav/install/my_uav/lib/my_uav/gps_sub
[11.243s] -- Set runtime path of "/home/a/uav/install/my_uav/lib/my_uav/gps_sub" to ""
[11.245s] -- Up-to-date: /home/a/uav/install/my_uav/lib/my_uav/ray_sub
[11.248s] -- Up-to-date: /home/a/uav/install/my_uav/lib/my_uav/camera_listener
[11.249s] -- Up-to-date: /home/a/uav/install/my_uav/lib/my_uav/ray_listener
[11.251s] -- Up-to-date: /home/a/uav/install/my_uav/share/ament_index/resource_index/package_run_dependencies/my_uav
[11.252s] -- Up-to-date: /home/a/uav/install/my_uav/share/ament_index/resource_index/parent_prefix_path/my_uav
[11.253s] -- Up-to-date: /home/a/uav/install/my_uav/share/my_uav/environment/ament_prefix_path.sh
[11.254s] -- Up-to-date: /home/a/uav/install/my_uav/share/my_uav/environment/ament_prefix_path.dsv
[11.254s] -- Up-to-date: /home/a/uav/install/my_uav/share/my_uav/environment/path.sh
[11.254s] -- Up-to-date: /home/a/uav/install/my_uav/share/my_uav/environment/path.dsv
[11.254s] -- Up-to-date: /home/a/uav/install/my_uav/share/my_uav/local_setup.bash
[11.254s] -- Up-to-date: /home/a/uav/install/my_uav/share/my_uav/local_setup.sh
[11.255s] -- Up-to-date: /home/a/uav/install/my_uav/share/my_uav/local_setup.zsh
[11.258s] -- Up-to-date: /home/a/uav/install/my_uav/share/my_uav/local_setup.dsv
[11.258s] -- Installing: /home/a/uav/install/my_uav/share/my_uav/package.dsv
[11.259s] -- Up-to-date: /home/a/uav/install/my_uav/share/ament_index/resource_index/packages/my_uav
[11.259s] -- Up-to-date: /home/a/uav/install/my_uav/share/my_uav/cmake/my_uavConfig.cmake
[11.259s] -- Up-to-date: /home/a/uav/install/my_uav/share/my_uav/cmake/my_uavConfig-version.cmake
[11.259s] -- Up-to-date: /home/a/uav/install/my_uav/share/my_uav/package.xml
[11.266s] Invoked command in '/home/a/uav/build/my_uav' returned '0': CMAKE_PREFIX_PATH=${CMAKE_PREFIX_PATH}:/opt/ros/galactic /usr/bin/cmake --install /home/a/uav/build/my_uav
