[  7%] Built target my_uav_node
[ 14%] Built target offboard_control_mode
[ 21%] Built target commander
[ 28%] Built target frame_transforms
[35m[1mScanning dependencies of target offboard_control[0m
[ 32%] [32mBuilding CXX object CMakeFiles/offboard_control.dir/src/examples/offboard/offboard_control.cpp.o[0m
[01m[K/home/a/ros2_ws/src/px4_ros_com/src/examples/offboard/offboard_control.cpp:[m[K In constructor ‘[01m[KOffboardControl::OffboardControl()[m[K’:
[01m[K/home/a/ros2_ws/src/px4_ros_com/src/examples/offboard/offboard_control.cpp:35:74:[m[K [01;31m[Kerror: [m[Kno matching function for call to ‘[01m[Kto_string(char*&)[m[K’
   35 | boardControlMode_topic = "/px4_" + std::to_string(uav_id[01;31m[K)[m[K + "/fmu/in/offboard_control_mode";
      |                                                         [01;31m[K^[m[K

In file included from [01m[K/usr/include/c++/9/string:55[m[K,
                 from [01m[K/usr/include/c++/9/stdexcept:39[m[K,
                 from [01m[K/usr/include/c++/9/array:39[m[K,
                 from [01m[K/usr/include/c++/9/tuple:39[m[K,
                 from [01m[K/usr/include/c++/9/functional:54[m[K,
                 from [01m[K/usr/include/c++/9/pstl/glue_algorithm_defs.h:13[m[K,
                 from [01m[K/usr/include/c++/9/algorithm:71[m[K,
                 from [01m[K/opt/ros/galactic/include/rosidl_runtime_cpp/bounded_vector.hpp:18[m[K,
                 from [01m[K/home/a/ros2_ws/install/px4_msgs/include/px4_msgs/msg/detail/offboard_control_mode__struct.hpp:8[m[K,
                 from [01m[K/home/a/ros2_ws/install/px4_msgs/include/px4_msgs/msg/offboard_control_mode.hpp:7[m[K,
                 from [01m[K/home/a/ros2_ws/src/px4_ros_com/src/examples/offboard/offboard_control.cpp:13[m[K:
[01m[K/usr/include/c++/9/bits/basic_string.h:6549:3:[m[K [01;36m[Knote: [m[Kcandidate: ‘[01m[Kstd::string std::__cxx11::to_string(int)[m[K’ <near match>
 6549 |   [01;36m[Kto_string[m[K(int __val)
      |   [01;36m[K^~~~~~~~~[m[K
[01m[K/usr/include/c++/9/bits/basic_string.h:6549:3:[m[K [01;36m[Knote: [m[K  conversion of argument 1 would be ill-formed:
[01m[K/home/a/ros2_ws/src/px4_ros_com/src/examples/offboard/offboard_control.cpp:35:68:[m[K [01;31m[Kerror: [m[Kinvalid conversion from ‘[01m[Kchar*[m[K’ to ‘[01m[Kint[m[K’ [[01;31m[K-fpermissive[m[K]
   35 | ng OffboardControlMode_topic = "/px4_" + std::to_string([01;31m[Kuav_id[m[K) + "/fmu/in/offboard_control_mode";
      |                                                         [01;31m[K^~~~~~[m[K
      |                                                         [01;31m[K|[m[K
      |                                                         [01;31m[Kchar*[m[K

In file included from [01m[K/usr/include/c++/9/string:55[m[K,
                 from [01m[K/usr/include/c++/9/stdexcept:39[m[K,
                 from [01m[K/usr/include/c++/9/array:39[m[K,
                 from [01m[K/usr/include/c++/9/tuple:39[m[K,
                 from [01m[K/usr/include/c++/9/functional:54[m[K,
                 from [01m[K/usr/include/c++/9/pstl/glue_algorithm_defs.h:13[m[K,
                 from [01m[K/usr/include/c++/9/algorithm:71[m[K,
                 from [01m[K/opt/ros/galactic/include/rosidl_runtime_cpp/bounded_vector.hpp:18[m[K,
                 from [01m[K/home/a/ros2_ws/install/px4_msgs/include/px4_msgs/msg/detail/offboard_control_mode__struct.hpp:8[m[K,
                 from [01m[K/home/a/ros2_ws/install/px4_msgs/include/px4_msgs/msg/offboard_control_mode.hpp:7[m[K,
                 from [01m[K/home/a/ros2_ws/src/px4_ros_com/src/examples/offboard/offboard_control.cpp:13[m[K:
[01m[K/usr/include/c++/9/bits/basic_string.h:6554:3:[m[K [01;36m[Knote: [m[Kcandidate: ‘[01m[Kstd::string std::__cxx11::to_string(unsigned int)[m[K’ <near match>
 6554 |   [01;36m[Kto_string[m[K(unsigned __val)
      |   [01;36m[K^~~~~~~~~[m[K
[01m[K/usr/include/c++/9/bits/basic_string.h:6554:3:[m[K [01;36m[Knote: [m[K  conversion of argument 1 would be ill-formed:
[01m[K/home/a/ros2_ws/src/px4_ros_com/src/examples/offboard/offboard_control.cpp:35:68:[m[K [01;31m[Kerror: [m[Kinvalid conversion from ‘[01m[Kchar*[m[K’ to ‘[01m[Kunsigned int[m[K’ [[01;31m[K-fpermissive[m[K]
   35 | ng OffboardControlMode_topic = "/px4_" + std::to_string([01;31m[Kuav_id[m[K) + "/fmu/in/offboard_control_mode";
      |                                                         [01;31m[K^~~~~~[m[K
      |                                                         [01;31m[K|[m[K
      |                                                         [01;31m[Kchar*[m[K

In file included from [01m[K/usr/include/c++/9/string:55[m[K,
                 from [01m[K/usr/include/c++/9/stdexcept:39[m[K,
                 from [01m[K/usr/include/c++/9/array:39[m[K,
                 from [01m[K/usr/include/c++/9/tuple:39[m[K,
                 from [01m[K/usr/include/c++/9/functional:54[m[K,
                 from [01m[K/usr/include/c++/9/pstl/glue_algorithm_defs.h:13[m[K,
                 from [01m[K/usr/include/c++/9/algorithm:71[m[K,
                 from [01m[K/opt/ros/galactic/include/rosidl_runtime_cpp/bounded_vector.hpp:18[m[K,
                 from [01m[K/home/a/ros2_ws/install/px4_msgs/include/px4_msgs/msg/detail/offboard_control_mode__struct.hpp:8[m[K,
                 from [01m[K/home/a/ros2_ws/install/px4_msgs/include/px4_msgs/msg/offboard_control_mode.hpp:7[m[K,
                 from [01m[K/home/a/ros2_ws/src/px4_ros_com/src/examples/offboard/offboard_control.cpp:13[m[K:
[01m[K/usr/include/c++/9/bits/basic_string.h:6560:3:[m[K [01;36m[Knote: [m[Kcandidate: ‘[01m[Kstd::string std::__cxx11::to_string(long int)[m[K’ <near match>
 6560 |   [01;36m[Kto_string[m[K(long __val)
      |   [01;36m[K^~~~~~~~~[m[K
[01m[K/usr/include/c++/9/bits/basic_string.h:6560:3:[m[K [01;36m[Knote: [m[K  conversion of argument 1 would be ill-formed:
[01m[K/home/a/ros2_ws/src/px4_ros_com/src/examples/offboard/offboard_control.cpp:35:68:[m[K [01;31m[Kerror: [m[Kinvalid conversion from ‘[01m[Kchar*[m[K’ to ‘[01m[Klong int[m[K’ [[01;31m[K-fpermissive[m[K]
   35 | ng OffboardControlMode_topic = "/px4_" + std::to_string([01;31m[Kuav_id[m[K) + "/fmu/in/offboard_control_mode";
      |                                                         [01;31m[K^~~~~~[m[K
      |                                                         [01;31m[K|[m[K
      |                                                         [01;31m[Kchar*[m[K

In file included from [01m[K/usr/include/c++/9/string:55[m[K,
                 from [01m[K/usr/include/c++/9/stdexcept:39[m[K,
                 from [01m[K/usr/include/c++/9/array:39[m[K,
                 from [01m[K/usr/include/c++/9/tuple:39[m[K,
                 from [01m[K/usr/include/c++/9/functional:54[m[K,
                 from [01m[K/usr/include/c++/9/pstl/glue_algorithm_defs.h:13[m[K,
                 from [01m[K/usr/include/c++/9/algorithm:71[m[K,
                 from [01m[K/opt/ros/galactic/include/rosidl_runtime_cpp/bounded_vector.hpp:18[m[K,
                 from [01m[K/home/a/ros2_ws/install/px4_msgs/include/px4_msgs/msg/detail/offboard_control_mode__struct.hpp:8[m[K,
                 from [01m[K/home/a/ros2_ws/install/px4_msgs/include/px4_msgs/msg/offboard_control_mode.hpp:7[m[K,
                 from [01m[K/home/a/ros2_ws/src/px4_ros_com/src/examples/offboard/offboard_control.cpp:13[m[K:
[01m[K/usr/include/c++/9/bits/basic_string.h:6565:3:[m[K [01;36m[Knote: [m[Kcandidate: ‘[01m[Kstd::string std::__cxx11::to_string(long unsigned int)[m[K’ <near match>
 6565 |   [01;36m[Kto_string[m[K(unsigned long __val)
      |   [01;36m[K^~~~~~~~~[m[K
[01m[K/usr/include/c++/9/bits/basic_string.h:6565:3:[m[K [01;36m[Knote: [m[K  conversion of argument 1 would be ill-formed:
[01m[K/home/a/ros2_ws/src/px4_ros_com/src/examples/offboard/offboard_control.cpp:35:68:[m[K [01;31m[Kerror: [m[Kinvalid conversion from ‘[01m[Kchar*[m[K’ to ‘[01m[Klong unsigned int[m[K’ [[01;31m[K-fpermissive[m[K]
   35 | ng OffboardControlMode_topic = "/px4_" + std::to_string([01;31m[Kuav_id[m[K) + "/fmu/in/offboard_control_mode";
      |                                                         [01;31m[K^~~~~~[m[K
      |                                                         [01;31m[K|[m[K
      |                                                         [01;31m[Kchar*[m[K

In file included from [01m[K/usr/include/c++/9/string:55[m[K,
                 from [01m[K/usr/include/c++/9/stdexcept:39[m[K,
                 from [01m[K/usr/include/c++/9/array:39[m[K,
                 from [01m[K/usr/include/c++/9/tuple:39[m[K,
                 from [01m[K/usr/include/c++/9/functional:54[m[K,
                 from [01m[K/usr/include/c++/9/pstl/glue_algorithm_defs.h:13[m[K,
                 from [01m[K/usr/include/c++/9/algorithm:71[m[K,
                 from [01m[K/opt/ros/galactic/include/rosidl_runtime_cpp/bounded_vector.hpp:18[m[K,
                 from [01m[K/home/a/ros2_ws/install/px4_msgs/include/px4_msgs/msg/detail/offboard_control_mode__struct.hpp:8[m[K,
                 from [01m[K/home/a/ros2_ws/install/px4_msgs/include/px4_msgs/msg/offboard_control_mode.hpp:7[m[K,
                 from [01m[K/home/a/ros2_ws/src/px4_ros_com/src/examples/offboard/offboard_control.cpp:13[m[K:
[01m[K/usr/include/c++/9/bits/basic_string.h:6571:3:[m[K [01;36m[Knote: [m[Kcandidate: ‘[01m[Kstd::string std::__cxx11::to_string(long long int)[m[K’ <near match>
 6571 |   [01;36m[Kto_string[m[K(long long __val)
      |   [01;36m[K^~~~~~~~~[m[K
[01m[K/usr/include/c++/9/bits/basic_string.h:6571:3:[m[K [01;36m[Knote: [m[K  conversion of argument 1 would be ill-formed:
[01m[K/home/a/ros2_ws/src/px4_ros_com/src/examples/offboard/offboard_control.cpp:35:68:[m[K [01;31m[Kerror: [m[Kinvalid conversion from ‘[01m[Kchar*[m[K’ to ‘[01m[Klong long int[m[K’ [[01;31m[K-fpermissive[m[K]
   35 | ng OffboardControlMode_topic = "/px4_" + std::to_string([01;31m[Kuav_id[m[K) + "/fmu/in/offboard_control_mode";
      |                                                         [01;31m[K^~~~~~[m[K
      |                                                         [01;31m[K|[m[K
      |                                                         [01;31m[Kchar*[m[K

In file included from [01m[K/usr/include/c++/9/string:55[m[K,
                 from [01m[K/usr/include/c++/9/stdexcept:39[m[K,
                 from [01m[K/usr/include/c++/9/array:39[m[K,
                 from [01m[K/usr/include/c++/9/tuple:39[m[K,
                 from [01m[K/usr/include/c++/9/functional:54[m[K,
                 from [01m[K/usr/include/c++/9/pstl/glue_algorithm_defs.h:13[m[K,
                 from [01m[K/usr/include/c++/9/algorithm:71[m[K,
                 from [01m[K/opt/ros/galactic/include/rosidl_runtime_cpp/bounded_vector.hpp:18[m[K,
                 from [01m[K/home/a/ros2_ws/install/px4_msgs/include/px4_msgs/msg/detail/offboard_control_mode__struct.hpp:8[m[K,
                 from [01m[K/home/a/ros2_ws/install/px4_msgs/include/px4_msgs/msg/offboard_control_mode.hpp:7[m[K,
                 from [01m[K/home/a/ros2_ws/src/px4_ros_com/src/examples/offboard/offboard_control.cpp:13[m[K:
[01m[K/usr/include/c++/9/bits/basic_string.h:6577:3:[m[K [01;36m[Knote: [m[Kcandidate: ‘[01m[Kstd::string std::__cxx11::to_string(long long unsigned int)[m[K’ <near match>
 6577 |   [01;36m[Kto_string[m[K(unsigned long long __val)
      |   [01;36m[K^~~~~~~~~[m[K
[01m[K/usr/include/c++/9/bits/basic_string.h:6577:3:[m[K [01;36m[Knote: [m[K  conversion of argument 1 would be ill-formed:
[01m[K/home/a/ros2_ws/src/px4_ros_com/src/examples/offboard/offboard_control.cpp:35:68:[m[K [01;31m[Kerror: [m[Kinvalid conversion from ‘[01m[Kchar*[m[K’ to ‘[01m[Klong long unsigned int[m[K’ [[01;31m[K-fpermissive[m[K]
   35 | ng OffboardControlMode_topic = "/px4_" + std::to_string([01;31m[Kuav_id[m[K) + "/fmu/in/offboard_control_mode";
      |                                                         [01;31m[K^~~~~~[m[K
      |                                                         [01;31m[K|[m[K
      |                                                         [01;31m[Kchar*[m[K

[01m[K/home/a/ros2_ws/src/px4_ros_com/src/examples/offboard/offboard_control.cpp:36:73:[m[K [01;31m[Kerror: [m[Kno matching function for call to ‘[01m[Kto_string(char*&)[m[K’
   36 | ajectorySetpoint_topic = "/px4_" + std::to_string(uav_id[01;31m[K)[m[K + "/fmu/in/trajectory_setpoint";
      |                                                         [01;31m[K^[m[K

In file included from [01m[K/usr/include/c++/9/string:55[m[K,
                 from [01m[K/usr/include/c++/9/stdexcept:39[m[K,
                 from [01m[K/usr/include/c++/9/array:39[m[K,
                 from [01m[K/usr/include/c++/9/tuple:39[m[K,
                 from [01m[K/usr/include/c++/9/functional:54[m[K,
                 from [01m[K/usr/include/c++/9/pstl/glue_algorithm_defs.h:13[m[K,
                 from [01m[K/usr/include/c++/9/algorithm:71[m[K,
                 from [01m[K/opt/ros/galactic/include/rosidl_runtime_cpp/bounded_vector.hpp:18[m[K,
                 from [01m[K/home/a/ros2_ws/install/px4_msgs/include/px4_msgs/msg/detail/offboard_control_mode__struct.hpp:8[m[K,
                 from [01m[K/home/a/ros2_ws/install/px4_msgs/include/px4_msgs/msg/offboard_control_mode.hpp:7[m[K,
                 from [01m[K/home/a/ros2_ws/src/px4_ros_com/src/examples/offboard/offboard_control.cpp:13[m[K:
[01m[K/usr/include/c++/9/bits/basic_string.h:6549:3:[m[K [01;36m[Knote: [m[Kcandidate: ‘[01m[Kstd::string std::__cxx11::to_string(int)[m[K’ <near match>
 6549 |   [01;36m[Kto_string[m[K(int __val)
      |   [01;36m[K^~~~~~~~~[m[K
[01m[K/usr/include/c++/9/bits/basic_string.h:6549:3:[m[K [01;36m[Knote: [m[K  conversion of argument 1 would be ill-formed:
[01m[K/home/a/ros2_ws/src/px4_ros_com/src/examples/offboard/offboard_control.cpp:36:67:[m[K [01;31m[Kerror: [m[Kinvalid conversion from ‘[01m[Kchar*[m[K’ to ‘[01m[Kint[m[K’ [[01;31m[K-fpermissive[m[K]
   36 | ing TrajectorySetpoint_topic = "/px4_" + std::to_string([01;31m[Kuav_id[m[K) + "/fmu/in/trajectory_setpoint";
      |                                                         [01;31m[K^~~~~~[m[K
      |                                                         [01;31m[K|[m[K
      |                                                         [01;31m[Kchar*[m[K

In file included from [01m[K/usr/include/c++/9/string:55[m[K,
                 from [01m[K/usr/include/c++/9/stdexcept:39[m[K,
                 from [01m[K/usr/include/c++/9/array:39[m[K,
                 from [01m[K/usr/include/c++/9/tuple:39[m[K,
                 from [01m[K/usr/include/c++/9/functional:54[m[K,
                 from [01m[K/usr/include/c++/9/pstl/glue_algorithm_defs.h:13[m[K,
                 from [01m[K/usr/include/c++/9/algorithm:71[m[K,
                 from [01m[K/opt/ros/galactic/include/rosidl_runtime_cpp/bounded_vector.hpp:18[m[K,
                 from [01m[K/home/a/ros2_ws/install/px4_msgs/include/px4_msgs/msg/detail/offboard_control_mode__struct.hpp:8[m[K,
                 from [01m[K/home/a/ros2_ws/install/px4_msgs/include/px4_msgs/msg/offboard_control_mode.hpp:7[m[K,
                 from [01m[K/home/a/ros2_ws/src/px4_ros_com/src/examples/offboard/offboard_control.cpp:13[m[K:
[01m[K/usr/include/c++/9/bits/basic_string.h:6554:3:[m[K [01;36m[Knote: [m[Kcandidate: ‘[01m[Kstd::string std::__cxx11::to_string(unsigned int)[m[K’ <near match>
 6554 |   [01;36m[Kto_string[m[K(unsigned __val)
      |   [01;36m[K^~~~~~~~~[m[K
[01m[K/usr/include/c++/9/bits/basic_string.h:6554:3:[m[K [01;36m[Knote: [m[K  conversion of argument 1 would be ill-formed:
[01m[K/home/a/ros2_ws/src/px4_ros_com/src/examples/offboard/offboard_control.cpp:36:67:[m[K [01;31m[Kerror: [m[Kinvalid conversion from ‘[01m[Kchar*[m[K’ to ‘[01m[Kunsigned int[m[K’ [[01;31m[K-fpermissive[m[K]
   36 | ing TrajectorySetpoint_topic = "/px4_" + std::to_string([01;31m[Kuav_id[m[K) + "/fmu/in/trajectory_setpoint";
      |                                                         [01;31m[K^~~~~~[m[K
      |                                                         [01;31m[K|[m[K
      |                                                         [01;31m[Kchar*[m[K

In file included from [01m[K/usr/include/c++/9/string:55[m[K,
                 from [01m[K/usr/include/c++/9/stdexcept:39[m[K,
                 from [01m[K/usr/include/c++/9/array:39[m[K,
                 from [01m[K/usr/include/c++/9/tuple:39[m[K,
                 from [01m[K/usr/include/c++/9/functional:54[m[K,
                 from [01m[K/usr/include/c++/9/pstl/glue_algorithm_defs.h:13[m[K,
                 from [01m[K/usr/include/c++/9/algorithm:71[m[K,
                 from [01m[K/opt/ros/galactic/include/rosidl_runtime_cpp/bounded_vector.hpp:18[m[K,
                 from [01m[K/home/a/ros2_ws/install/px4_msgs/include/px4_msgs/msg/detail/offboard_control_mode__struct.hpp:8[m[K,
                 from [01m[K/home/a/ros2_ws/install/px4_msgs/include/px4_msgs/msg/offboard_control_mode.hpp:7[m[K,
                 from [01m[K/home/a/ros2_ws/src/px4_ros_com/src/examples/offboard/offboard_control.cpp:13[m[K:
[01m[K/usr/include/c++/9/bits/basic_string.h:6560:3:[m[K [01;36m[Knote: [m[Kcandidate: ‘[01m[Kstd::string std::__cxx11::to_string(long int)[m[K’ <near match>
 6560 |   [01;36m[Kto_string[m[K(long __val)
      |   [01;36m[K^~~~~~~~~[m[K
[01m[K/usr/include/c++/9/bits/basic_string.h:6560:3:[m[K [01;36m[Knote: [m[K  conversion of argument 1 would be ill-formed:
[01m[K/home/a/ros2_ws/src/px4_ros_com/src/examples/offboard/offboard_control.cpp:36:67:[m[K [01;31m[Kerror: [m[Kinvalid conversion from ‘[01m[Kchar*[m[K’ to ‘[01m[Klong int[m[K’ [[01;31m[K-fpermissive[m[K]
   36 | ing TrajectorySetpoint_topic = "/px4_" + std::to_string([01;31m[Kuav_id[m[K) + "/fmu/in/trajectory_setpoint";
      |                                                         [01;31m[K^~~~~~[m[K
      |                                                         [01;31m[K|[m[K
      |                                                         [01;31m[Kchar*[m[K

In file included from [01m[K/usr/include/c++/9/string:55[m[K,
                 from [01m[K/usr/include/c++/9/stdexcept:39[m[K,
                 from [01m[K/usr/include/c++/9/array:39[m[K,
                 from [01m[K/usr/include/c++/9/tuple:39[m[K,
                 from [01m[K/usr/include/c++/9/functional:54[m[K,
                 from [01m[K/usr/include/c++/9/pstl/glue_algorithm_defs.h:13[m[K,
                 from [01m[K/usr/include/c++/9/algorithm:71[m[K,
                 from [01m[K/opt/ros/galactic/include/rosidl_runtime_cpp/bounded_vector.hpp:18[m[K,
                 from [01m[K/home/a/ros2_ws/install/px4_msgs/include/px4_msgs/msg/detail/offboard_control_mode__struct.hpp:8[m[K,
                 from [01m[K/home/a/ros2_ws/install/px4_msgs/include/px4_msgs/msg/offboard_control_mode.hpp:7[m[K,
                 from [01m[K/home/a/ros2_ws/src/px4_ros_com/src/examples/offboard/offboard_control.cpp:13[m[K:
[01m[K/usr/include/c++/9/bits/basic_string.h:6565:3:[m[K [01;36m[Knote: [m[Kcandidate: ‘[01m[Kstd::string std::__cxx11::to_string(long unsigned int)[m[K’ <near match>
 6565 |   [01;36m[Kto_string[m[K(unsigned long __val)
      |   [01;36m[K^~~~~~~~~[m[K
[01m[K/usr/include/c++/9/bits/basic_string.h:6565:3:[m[K [01;36m[Knote: [m[K  conversion of argument 1 would be ill-formed:
[01m[K/home/a/ros2_ws/src/px4_ros_com/src/examples/offboard/offboard_control.cpp:36:67:[m[K [01;31m[Kerror: [m[Kinvalid conversion from ‘[01m[Kchar*[m[K’ to ‘[01m[Klong unsigned int[m[K’ [[01;31m[K-fpermissive[m[K]
   36 | ing TrajectorySetpoint_topic = "/px4_" + std::to_string([01;31m[Kuav_id[m[K) + "/fmu/in/trajectory_setpoint";
      |                                                         [01;31m[K^~~~~~[m[K
      |                                                         [01;31m[K|[m[K
      |                                                         [01;31m[Kchar*[m[K

In file included from [01m[K/usr/include/c++/9/string:55[m[K,
                 from [01m[K/usr/include/c++/9/stdexcept:39[m[K,
                 from [01m[K/usr/include/c++/9/array:39[m[K,
                 from [01m[K/usr/include/c++/9/tuple:39[m[K,
                 from [01m[K/usr/include/c++/9/functional:54[m[K,
                 from [01m[K/usr/include/c++/9/pstl/glue_algorithm_defs.h:13[m[K,
                 from [01m[K/usr/include/c++/9/algorithm:71[m[K,
                 from [01m[K/opt/ros/galactic/include/rosidl_runtime_cpp/bounded_vector.hpp:18[m[K,
                 from [01m[K/home/a/ros2_ws/install/px4_msgs/include/px4_msgs/msg/detail/offboard_control_mode__struct.hpp:8[m[K,
                 from [01m[K/home/a/ros2_ws/install/px4_msgs/include/px4_msgs/msg/offboard_control_mode.hpp:7[m[K,
                 from [01m[K/home/a/ros2_ws/src/px4_ros_com/src/examples/offboard/offboard_control.cpp:13[m[K:
[01m[K/usr/include/c++/9/bits/basic_string.h:6571:3:[m[K [01;36m[Knote: [m[Kcandidate: ‘[01m[Kstd::string std::__cxx11::to_string(long long int)[m[K’ <near match>
 6571 |   [01;36m[Kto_string[m[K(long long __val)
      |   [01;36m[K^~~~~~~~~[m[K
[01m[K/usr/include/c++/9/bits/basic_string.h:6571:3:[m[K [01;36m[Knote: [m[K  conversion of argument 1 would be ill-formed:
[01m[K/home/a/ros2_ws/src/px4_ros_com/src/examples/offboard/offboard_control.cpp:36:67:[m[K [01;31m[Kerror: [m[Kinvalid conversion from ‘[01m[Kchar*[m[K’ to ‘[01m[Klong long int[m[K’ [[01;31m[K-fpermissive[m[K]
   36 | ing TrajectorySetpoint_topic = "/px4_" + std::to_string([01;31m[Kuav_id[m[K) + "/fmu/in/trajectory_setpoint";
      |                                                         [01;31m[K^~~~~~[m[K
      |                                                         [01;31m[K|[m[K
      |                                                         [01;31m[Kchar*[m[K

In file included from [01m[K/usr/include/c++/9/string:55[m[K,
                 from [01m[K/usr/include/c++/9/stdexcept:39[m[K,
                 from [01m[K/usr/include/c++/9/array:39[m[K,
                 from [01m[K/usr/include/c++/9/tuple:39[m[K,
                 from [01m[K/usr/include/c++/9/functional:54[m[K,
                 from [01m[K/usr/include/c++/9/pstl/glue_algorithm_defs.h:13[m[K,
                 from [01m[K/usr/include/c++/9/algorithm:71[m[K,
                 from [01m[K/opt/ros/galactic/include/rosidl_runtime_cpp/bounded_vector.hpp:18[m[K,
                 from [01m[K/home/a/ros2_ws/install/px4_msgs/include/px4_msgs/msg/detail/offboard_control_mode__struct.hpp:8[m[K,
                 from [01m[K/home/a/ros2_ws/install/px4_msgs/include/px4_msgs/msg/offboard_control_mode.hpp:7[m[K,
                 from [01m[K/home/a/ros2_ws/src/px4_ros_com/src/examples/offboard/offboard_control.cpp:13[m[K:
[01m[K/usr/include/c++/9/bits/basic_string.h:6577:3:[m[K [01;36m[Knote: [m[Kcandidate: ‘[01m[Kstd::string std::__cxx11::to_string(long long unsigned int)[m[K’ <near match>
 6577 |   [01;36m[Kto_string[m[K(unsigned long long __val)
      |   [01;36m[K^~~~~~~~~[m[K
[01m[K/usr/include/c++/9/bits/basic_string.h:6577:3:[m[K [01;36m[Knote: [m[K  conversion of argument 1 would be ill-formed:
[01m[K/home/a/ros2_ws/src/px4_ros_com/src/examples/offboard/offboard_control.cpp:36:67:[m[K [01;31m[Kerror: [m[Kinvalid conversion from ‘[01m[Kchar*[m[K’ to ‘[01m[Klong long unsigned int[m[K’ [[01;31m[K-fpermissive[m[K]
   36 | ing TrajectorySetpoint_topic = "/px4_" + std::to_string([01;31m[Kuav_id[m[K) + "/fmu/in/trajectory_setpoint";
      |                                                         [01;31m[K^~~~~~[m[K
      |                                                         [01;31m[K|[m[K
      |                                                         [01;31m[Kchar*[m[K

[01m[K/home/a/ros2_ws/src/px4_ros_com/src/examples/offboard/offboard_control.cpp:37:69:[m[K [01;31m[Kerror: [m[Kno matching function for call to ‘[01m[Kto_string(char*&)[m[K’
   37 | g VehicleCommand_topic = "/px4_" + std::to_string(uav_id[01;31m[K)[m[K + "/fmu/in/vehicle_command";
      |                                                         [01;31m[K^[m[K

In file included from [01m[K/usr/include/c++/9/string:55[m[K,
                 from [01m[K/usr/include/c++/9/stdexcept:39[m[K,
                 from [01m[K/usr/include/c++/9/array:39[m[K,
                 from [01m[K/usr/include/c++/9/tuple:39[m[K,
                 from [01m[K/usr/include/c++/9/functional:54[m[K,
                 from [01m[K/usr/include/c++/9/pstl/glue_algorithm_defs.h:13[m[K,
                 from [01m[K/usr/include/c++/9/algorithm:71[m[K,
                 from [01m[K/opt/ros/galactic/include/rosidl_runtime_cpp/bounded_vector.hpp:18[m[K,
                 from [01m[K/home/a/ros2_ws/install/px4_msgs/include/px4_msgs/msg/detail/offboard_control_mode__struct.hpp:8[m[K,
                 from [01m[K/home/a/ros2_ws/install/px4_msgs/include/px4_msgs/msg/offboard_control_mode.hpp:7[m[K,
                 from [01m[K/home/a/ros2_ws/src/px4_ros_com/src/examples/offboard/offboard_control.cpp:13[m[K:
[01m[K/usr/include/c++/9/bits/basic_string.h:6549:3:[m[K [01;36m[Knote: [m[Kcandidate: ‘[01m[Kstd::string std::__cxx11::to_string(int)[m[K’ <near match>
 6549 |   [01;36m[Kto_string[m[K(int __val)
      |   [01;36m[K^~~~~~~~~[m[K
[01m[K/usr/include/c++/9/bits/basic_string.h:6549:3:[m[K [01;36m[Knote: [m[K  conversion of argument 1 would be ill-formed:
[01m[K/home/a/ros2_ws/src/px4_ros_com/src/examples/offboard/offboard_control.cpp:37:63:[m[K [01;31m[Kerror: [m[Kinvalid conversion from ‘[01m[Kchar*[m[K’ to ‘[01m[Kint[m[K’ [[01;31m[K-fpermissive[m[K]
   37 | :string VehicleCommand_topic = "/px4_" + std::to_string([01;31m[Kuav_id[m[K) + "/fmu/in/vehicle_command";
      |                                                         [01;31m[K^~~~~~[m[K
      |                                                         [01;31m[K|[m[K
      |                                                         [01;31m[Kchar*[m[K

In file included from [01m[K/usr/include/c++/9/string:55[m[K,
                 from [01m[K/usr/include/c++/9/stdexcept:39[m[K,
                 from [01m[K/usr/include/c++/9/array:39[m[K,
                 from [01m[K/usr/include/c++/9/tuple:39[m[K,
                 from [01m[K/usr/include/c++/9/functional:54[m[K,
                 from [01m[K/usr/include/c++/9/pstl/glue_algorithm_defs.h:13[m[K,
                 from [01m[K/usr/include/c++/9/algorithm:71[m[K,
                 from [01m[K/opt/ros/galactic/include/rosidl_runtime_cpp/bounded_vector.hpp:18[m[K,
                 from [01m[K/home/a/ros2_ws/install/px4_msgs/include/px4_msgs/msg/detail/offboard_control_mode__struct.hpp:8[m[K,
                 from [01m[K/home/a/ros2_ws/install/px4_msgs/include/px4_msgs/msg/offboard_control_mode.hpp:7[m[K,
                 from [01m[K/home/a/ros2_ws/src/px4_ros_com/src/examples/offboard/offboard_control.cpp:13[m[K:
[01m[K/usr/include/c++/9/bits/basic_string.h:6554:3:[m[K [01;36m[Knote: [m[Kcandidate: ‘[01m[Kstd::string std::__cxx11::to_string(unsigned int)[m[K’ <near match>
 6554 |   [01;36m[Kto_string[m[K(unsigned __val)
      |   [01;36m[K^~~~~~~~~[m[K
[01m[K/usr/include/c++/9/bits/basic_string.h:6554:3:[m[K [01;36m[Knote: [m[K  conversion of argument 1 would be ill-formed:
[01m[K/home/a/ros2_ws/src/px4_ros_com/src/examples/offboard/offboard_control.cpp:37:63:[m[K [01;31m[Kerror: [m[Kinvalid conversion from ‘[01m[Kchar*[m[K’ to ‘[01m[Kunsigned int[m[K’ [[01;31m[K-fpermissive[m[K]
   37 | :string VehicleCommand_topic = "/px4_" + std::to_string([01;31m[Kuav_id[m[K) + "/fmu/in/vehicle_command";
      |                                                         [01;31m[K^~~~~~[m[K
      |                                                         [01;31m[K|[m[K
      |                                                         [01;31m[Kchar*[m[K

In file included from [01m[K/usr/include/c++/9/string:55[m[K,
                 from [01m[K/usr/include/c++/9/stdexcept:39[m[K,
                 from [01m[K/usr/include/c++/9/array:39[m[K,
                 from [01m[K/usr/include/c++/9/tuple:39[m[K,
                 from [01m[K/usr/include/c++/9/functional:54[m[K,
                 from [01m[K/usr/include/c++/9/pstl/glue_algorithm_defs.h:13[m[K,
                 from [01m[K/usr/include/c++/9/algorithm:71[m[K,
                 from [01m[K/opt/ros/galactic/include/rosidl_runtime_cpp/bounded_vector.hpp:18[m[K,
                 from [01m[K/home/a/ros2_ws/install/px4_msgs/include/px4_msgs/msg/detail/offboard_control_mode__struct.hpp:8[m[K,
                 from [01m[K/home/a/ros2_ws/install/px4_msgs/include/px4_msgs/msg/offboard_control_mode.hpp:7[m[K,
                 from [01m[K/home/a/ros2_ws/src/px4_ros_com/src/examples/offboard/offboard_control.cpp:13[m[K:
[01m[K/usr/include/c++/9/bits/basic_string.h:6560:3:[m[K [01;36m[Knote: [m[Kcandidate: ‘[01m[Kstd::string std::__cxx11::to_string(long int)[m[K’ <near match>
 6560 |   [01;36m[Kto_string[m[K(long __val)
      |   [01;36m[K^~~~~~~~~[m[K
[01m[K/usr/include/c++/9/bits/basic_string.h:6560:3:[m[K [01;36m[Knote: [m[K  conversion of argument 1 would be ill-formed:
[01m[K/home/a/ros2_ws/src/px4_ros_com/src/examples/offboard/offboard_control.cpp:37:63:[m[K [01;31m[Kerror: [m[Kinvalid conversion from ‘[01m[Kchar*[m[K’ to ‘[01m[Klong int[m[K’ [[01;31m[K-fpermissive[m[K]
   37 | :string VehicleCommand_topic = "/px4_" + std::to_string([01;31m[Kuav_id[m[K) + "/fmu/in/vehicle_command";
      |                                                         [01;31m[K^~~~~~[m[K
      |                                                         [01;31m[K|[m[K
      |                                                         [01;31m[Kchar*[m[K

In file included from [01m[K/usr/include/c++/9/string:55[m[K,
                 from [01m[K/usr/include/c++/9/stdexcept:39[m[K,
                 from [01m[K/usr/include/c++/9/array:39[m[K,
                 from [01m[K/usr/include/c++/9/tuple:39[m[K,
                 from [01m[K/usr/include/c++/9/functional:54[m[K,
                 from [01m[K/usr/include/c++/9/pstl/glue_algorithm_defs.h:13[m[K,
                 from [01m[K/usr/include/c++/9/algorithm:71[m[K,
                 from [01m[K/opt/ros/galactic/include/rosidl_runtime_cpp/bounded_vector.hpp:18[m[K,
                 from [01m[K/home/a/ros2_ws/install/px4_msgs/include/px4_msgs/msg/detail/offboard_control_mode__struct.hpp:8[m[K,
                 from [01m[K/home/a/ros2_ws/install/px4_msgs/include/px4_msgs/msg/offboard_control_mode.hpp:7[m[K,
                 from [01m[K/home/a/ros2_ws/src/px4_ros_com/src/examples/offboard/offboard_control.cpp:13[m[K:
[01m[K/usr/include/c++/9/bits/basic_string.h:6565:3:[m[K [01;36m[Knote: [m[Kcandidate: ‘[01m[Kstd::string std::__cxx11::to_string(long unsigned int)[m[K’ <near match>
 6565 |   [01;36m[Kto_string[m[K(unsigned long __val)
      |   [01;36m[K^~~~~~~~~[m[K
[01m[K/usr/include/c++/9/bits/basic_string.h:6565:3:[m[K [01;36m[Knote: [m[K  conversion of argument 1 would be ill-formed:
[01m[K/home/a/ros2_ws/src/px4_ros_com/src/examples/offboard/offboard_control.cpp:37:63:[m[K [01;31m[Kerror: [m[Kinvalid conversion from ‘[01m[Kchar*[m[K’ to ‘[01m[Klong unsigned int[m[K’ [[01;31m[K-fpermissive[m[K]
   37 | :string VehicleCommand_topic = "/px4_" + std::to_string([01;31m[Kuav_id[m[K) + "/fmu/in/vehicle_command";
      |                                                         [01;31m[K^~~~~~[m[K
      |                                                         [01;31m[K|[m[K
      |                                                         [01;31m[Kchar*[m[K

In file included from [01m[K/usr/include/c++/9/string:55[m[K,
                 from [01m[K/usr/include/c++/9/stdexcept:39[m[K,
                 from [01m[K/usr/include/c++/9/array:39[m[K,
                 from [01m[K/usr/include/c++/9/tuple:39[m[K,
                 from [01m[K/usr/include/c++/9/functional:54[m[K,
                 from [01m[K/usr/include/c++/9/pstl/glue_algorithm_defs.h:13[m[K,
                 from [01m[K/usr/include/c++/9/algorithm:71[m[K,
                 from [01m[K/opt/ros/galactic/include/rosidl_runtime_cpp/bounded_vector.hpp:18[m[K,
                 from [01m[K/home/a/ros2_ws/install/px4_msgs/include/px4_msgs/msg/detail/offboard_control_mode__struct.hpp:8[m[K,
                 from [01m[K/home/a/ros2_ws/install/px4_msgs/include/px4_msgs/msg/offboard_control_mode.hpp:7[m[K,
                 from [01m[K/home/a/ros2_ws/src/px4_ros_com/src/examples/offboard/offboard_control.cpp:13[m[K:
[01m[K/usr/include/c++/9/bits/basic_string.h:6571:3:[m[K [01;36m[Knote: [m[Kcandidate: ‘[01m[Kstd::string std::__cxx11::to_string(long long int)[m[K’ <near match>
 6571 |   [01;36m[Kto_string[m[K(long long __val)
      |   [01;36m[K^~~~~~~~~[m[K
[01m[K/usr/include/c++/9/bits/basic_string.h:6571:3:[m[K [01;36m[Knote: [m[K  conversion of argument 1 would be ill-formed:
[01m[K/home/a/ros2_ws/src/px4_ros_com/src/examples/offboard/offboard_control.cpp:37:63:[m[K [01;31m[Kerror: [m[Kinvalid conversion from ‘[01m[Kchar*[m[K’ to ‘[01m[Klong long int[m[K’ [[01;31m[K-fpermissive[m[K]
   37 | :string VehicleCommand_topic = "/px4_" + std::to_string([01;31m[Kuav_id[m[K) + "/fmu/in/vehicle_command";
      |                                                         [01;31m[K^~~~~~[m[K
      |                                                         [01;31m[K|[m[K
      |                                                         [01;31m[Kchar*[m[K

In file included from [01m[K/usr/include/c++/9/string:55[m[K,
                 from [01m[K/usr/include/c++/9/stdexcept:39[m[K,
                 from [01m[K/usr/include/c++/9/array:39[m[K,
                 from [01m[K/usr/include/c++/9/tuple:39[m[K,
                 from [01m[K/usr/include/c++/9/functional:54[m[K,
                 from [01m[K/usr/include/c++/9/pstl/glue_algorithm_defs.h:13[m[K,
                 from [01m[K/usr/include/c++/9/algorithm:71[m[K,
                 from [01m[K/opt/ros/galactic/include/rosidl_runtime_cpp/bounded_vector.hpp:18[m[K,
                 from [01m[K/home/a/ros2_ws/install/px4_msgs/include/px4_msgs/msg/detail/offboard_control_mode__struct.hpp:8[m[K,
                 from [01m[K/home/a/ros2_ws/install/px4_msgs/include/px4_msgs/msg/offboard_control_mode.hpp:7[m[K,
                 from [01m[K/home/a/ros2_ws/src/px4_ros_com/src/examples/offboard/offboard_control.cpp:13[m[K:
[01m[K/usr/include/c++/9/bits/basic_string.h:6577:3:[m[K [01;36m[Knote: [m[Kcandidate: ‘[01m[Kstd::string std::__cxx11::to_string(long long unsigned int)[m[K’ <near match>
 6577 |   [01;36m[Kto_string[m[K(unsigned long long __val)
      |   [01;36m[K^~~~~~~~~[m[K
[01m[K/usr/include/c++/9/bits/basic_string.h:6577:3:[m[K [01;36m[Knote: [m[K  conversion of argument 1 would be ill-formed:
[01m[K/home/a/ros2_ws/src/px4_ros_com/src/examples/offboard/offboard_control.cpp:37:63:[m[K [01;31m[Kerror: [m[Kinvalid conversion from ‘[01m[Kchar*[m[K’ to ‘[01m[Klong long unsigned int[m[K’ [[01;31m[K-fpermissive[m[K]
   37 | :string VehicleCommand_topic = "/px4_" + std::to_string([01;31m[Kuav_id[m[K) + "/fmu/in/vehicle_command";
      |                                                         [01;31m[K^~~~~~[m[K
      |                                                         [01;31m[K|[m[K
      |                                                         [01;31m[Kchar*[m[K

[01m[K/home/a/ros2_ws/src/px4_ros_com/src/examples/offboard/offboard_control.cpp:[m[K In member function ‘[01m[Kvoid OffboardControl::publish_vehicle_command(uint16_t, float, float)[m[K’:
[01m[K/home/a/ros2_ws/src/px4_ros_com/src/examples/offboard/offboard_control.cpp:167:67:[m[K [01;31m[Kerror: [m[Kno matching function for call to ‘[01m[Kto_string(char*&)[m[K’
  167 | ng VehicleStatus_topic = "/px4_" + std::to_string(uav_id[01;31m[K)[m[K + "/fmu/in/vehicle_status";
      |                                                         [01;31m[K^[m[K

In file included from [01m[K/usr/include/c++/9/string:55[m[K,
                 from [01m[K/usr/include/c++/9/stdexcept:39[m[K,
                 from [01m[K/usr/include/c++/9/array:39[m[K,
                 from [01m[K/usr/include/c++/9/tuple:39[m[K,
                 from [01m[K/usr/include/c++/9/functional:54[m[K,
                 from [01m[K/usr/include/c++/9/pstl/glue_algorithm_defs.h:13[m[K,
                 from [01m[K/usr/include/c++/9/algorithm:71[m[K,
                 from [01m[K/opt/ros/galactic/include/rosidl_runtime_cpp/bounded_vector.hpp:18[m[K,
                 from [01m[K/home/a/ros2_ws/install/px4_msgs/include/px4_msgs/msg/detail/offboard_control_mode__struct.hpp:8[m[K,
                 from [01m[K/home/a/ros2_ws/install/px4_msgs/include/px4_msgs/msg/offboard_control_mode.hpp:7[m[K,
                 from [01m[K/home/a/ros2_ws/src/px4_ros_com/src/examples/offboard/offboard_control.cpp:13[m[K:
[01m[K/usr/include/c++/9/bits/basic_string.h:6549:3:[m[K [01;36m[Knote: [m[Kcandidate: ‘[01m[Kstd::string std::__cxx11::to_string(int)[m[K’ <near match>
 6549 |   [01;36m[Kto_string[m[K(int __val)
      |   [01;36m[K^~~~~~~~~[m[K
[01m[K/usr/include/c++/9/bits/basic_string.h:6549:3:[m[K [01;36m[Knote: [m[K  conversion of argument 1 would be ill-formed:
[01m[K/home/a/ros2_ws/src/px4_ros_com/src/examples/offboard/offboard_control.cpp:167:61:[m[K [01;31m[Kerror: [m[Kinvalid conversion from ‘[01m[Kchar*[m[K’ to ‘[01m[Kint[m[K’ [[01;31m[K-fpermissive[m[K]
  167 | ::string VehicleStatus_topic = "/px4_" + std::to_string([01;31m[Kuav_id[m[K) + "/fmu/in/vehicle_status";
      |                                                         [01;31m[K^~~~~~[m[K
      |                                                         [01;31m[K|[m[K
      |                                                         [01;31m[Kchar*[m[K

In file included from [01m[K/usr/include/c++/9/string:55[m[K,
                 from [01m[K/usr/include/c++/9/stdexcept:39[m[K,
                 from [01m[K/usr/include/c++/9/array:39[m[K,
                 from [01m[K/usr/include/c++/9/tuple:39[m[K,
                 from [01m[K/usr/include/c++/9/functional:54[m[K,
                 from [01m[K/usr/include/c++/9/pstl/glue_algorithm_defs.h:13[m[K,
                 from [01m[K/usr/include/c++/9/algorithm:71[m[K,
                 from [01m[K/opt/ros/galactic/include/rosidl_runtime_cpp/bounded_vector.hpp:18[m[K,
                 from [01m[K/home/a/ros2_ws/install/px4_msgs/include/px4_msgs/msg/detail/offboard_control_mode__struct.hpp:8[m[K,
                 from [01m[K/home/a/ros2_ws/install/px4_msgs/include/px4_msgs/msg/offboard_control_mode.hpp:7[m[K,
                 from [01m[K/home/a/ros2_ws/src/px4_ros_com/src/examples/offboard/offboard_control.cpp:13[m[K:
[01m[K/usr/include/c++/9/bits/basic_string.h:6554:3:[m[K [01;36m[Knote: [m[Kcandidate: ‘[01m[Kstd::string std::__cxx11::to_string(unsigned int)[m[K’ <near match>
 6554 |   [01;36m[Kto_string[m[K(unsigned __val)
      |   [01;36m[K^~~~~~~~~[m[K
[01m[K/usr/include/c++/9/bits/basic_string.h:6554:3:[m[K [01;36m[Knote: [m[K  conversion of argument 1 would be ill-formed:
[01m[K/home/a/ros2_ws/src/px4_ros_com/src/examples/offboard/offboard_control.cpp:167:61:[m[K [01;31m[Kerror: [m[Kinvalid conversion from ‘[01m[Kchar*[m[K’ to ‘[01m[Kunsigned int[m[K’ [[01;31m[K-fpermissive[m[K]
  167 | ::string VehicleStatus_topic = "/px4_" + std::to_string([01;31m[Kuav_id[m[K) + "/fmu/in/vehicle_status";
      |                                                         [01;31m[K^~~~~~[m[K
      |                                                         [01;31m[K|[m[K
      |                                                         [01;31m[Kchar*[m[K

In file included from [01m[K/usr/include/c++/9/string:55[m[K,
                 from [01m[K/usr/include/c++/9/stdexcept:39[m[K,
                 from [01m[K/usr/include/c++/9/array:39[m[K,
                 from [01m[K/usr/include/c++/9/tuple:39[m[K,
                 from [01m[K/usr/include/c++/9/functional:54[m[K,
                 from [01m[K/usr/include/c++/9/pstl/glue_algorithm_defs.h:13[m[K,
                 from [01m[K/usr/include/c++/9/algorithm:71[m[K,
                 from [01m[K/opt/ros/galactic/include/rosidl_runtime_cpp/bounded_vector.hpp:18[m[K,
                 from [01m[K/home/a/ros2_ws/install/px4_msgs/include/px4_msgs/msg/detail/offboard_control_mode__struct.hpp:8[m[K,
                 from [01m[K/home/a/ros2_ws/install/px4_msgs/include/px4_msgs/msg/offboard_control_mode.hpp:7[m[K,
                 from [01m[K/home/a/ros2_ws/src/px4_ros_com/src/examples/offboard/offboard_control.cpp:13[m[K:
[01m[K/usr/include/c++/9/bits/basic_string.h:6560:3:[m[K [01;36m[Knote: [m[Kcandidate: ‘[01m[Kstd::string std::__cxx11::to_string(long int)[m[K’ <near match>
 6560 |   [01;36m[Kto_string[m[K(long __val)
      |   [01;36m[K^~~~~~~~~[m[K
[01m[K/usr/include/c++/9/bits/basic_string.h:6560:3:[m[K [01;36m[Knote: [m[K  conversion of argument 1 would be ill-formed:
[01m[K/home/a/ros2_ws/src/px4_ros_com/src/examples/offboard/offboard_control.cpp:167:61:[m[K [01;31m[Kerror: [m[Kinvalid conversion from ‘[01m[Kchar*[m[K’ to ‘[01m[Klong int[m[K’ [[01;31m[K-fpermissive[m[K]
  167 | ::string VehicleStatus_topic = "/px4_" + std::to_string([01;31m[Kuav_id[m[K) + "/fmu/in/vehicle_status";
      |                                                         [01;31m[K^~~~~~[m[K
      |                                                         [01;31m[K|[m[K
      |                                                         [01;31m[Kchar*[m[K

In file included from [01m[K/usr/include/c++/9/string:55[m[K,
                 from [01m[K/usr/include/c++/9/stdexcept:39[m[K,
                 from [01m[K/usr/include/c++/9/array:39[m[K,
                 from [01m[K/usr/include/c++/9/tuple:39[m[K,
                 from [01m[K/usr/include/c++/9/functional:54[m[K,
                 from [01m[K/usr/include/c++/9/pstl/glue_algorithm_defs.h:13[m[K,
                 from [01m[K/usr/include/c++/9/algorithm:71[m[K,
                 from [01m[K/opt/ros/galactic/include/rosidl_runtime_cpp/bounded_vector.hpp:18[m[K,
                 from [01m[K/home/a/ros2_ws/install/px4_msgs/include/px4_msgs/msg/detail/offboard_control_mode__struct.hpp:8[m[K,
                 from [01m[K/home/a/ros2_ws/install/px4_msgs/include/px4_msgs/msg/offboard_control_mode.hpp:7[m[K,
                 from [01m[K/home/a/ros2_ws/src/px4_ros_com/src/examples/offboard/offboard_control.cpp:13[m[K:
[01m[K/usr/include/c++/9/bits/basic_string.h:6565:3:[m[K [01;36m[Knote: [m[Kcandidate: ‘[01m[Kstd::string std::__cxx11::to_string(long unsigned int)[m[K’ <near match>
 6565 |   [01;36m[Kto_string[m[K(unsigned long __val)
      |   [01;36m[K^~~~~~~~~[m[K
[01m[K/usr/include/c++/9/bits/basic_string.h:6565:3:[m[K [01;36m[Knote: [m[K  conversion of argument 1 would be ill-formed:
[01m[K/home/a/ros2_ws/src/px4_ros_com/src/examples/offboard/offboard_control.cpp:167:61:[m[K [01;31m[Kerror: [m[Kinvalid conversion from ‘[01m[Kchar*[m[K’ to ‘[01m[Klong unsigned int[m[K’ [[01;31m[K-fpermissive[m[K]
  167 | ::string VehicleStatus_topic = "/px4_" + std::to_string([01;31m[Kuav_id[m[K) + "/fmu/in/vehicle_status";
      |                                                         [01;31m[K^~~~~~[m[K
      |                                                         [01;31m[K|[m[K
      |                                                         [01;31m[Kchar*[m[K

In file included from [01m[K/usr/include/c++/9/string:55[m[K,
                 from [01m[K/usr/include/c++/9/stdexcept:39[m[K,
                 from [01m[K/usr/include/c++/9/array:39[m[K,
                 from [01m[K/usr/include/c++/9/tuple:39[m[K,
                 from [01m[K/usr/include/c++/9/functional:54[m[K,
                 from [01m[K/usr/include/c++/9/pstl/glue_algorithm_defs.h:13[m[K,
                 from [01m[K/usr/include/c++/9/algorithm:71[m[K,
                 from [01m[K/opt/ros/galactic/include/rosidl_runtime_cpp/bounded_vector.hpp:18[m[K,
                 from [01m[K/home/a/ros2_ws/install/px4_msgs/include/px4_msgs/msg/detail/offboard_control_mode__struct.hpp:8[m[K,
                 from [01m[K/home/a/ros2_ws/install/px4_msgs/include/px4_msgs/msg/offboard_control_mode.hpp:7[m[K,
                 from [01m[K/home/a/ros2_ws/src/px4_ros_com/src/examples/offboard/offboard_control.cpp:13[m[K:
[01m[K/usr/include/c++/9/bits/basic_string.h:6571:3:[m[K [01;36m[Knote: [m[Kcandidate: ‘[01m[Kstd::string std::__cxx11::to_string(long long int)[m[K’ <near match>
 6571 |   [01;36m[Kto_string[m[K(long long __val)
      |   [01;36m[K^~~~~~~~~[m[K
[01m[K/usr/include/c++/9/bits/basic_string.h:6571:3:[m[K [01;36m[Knote: [m[K  conversion of argument 1 would be ill-formed:
[01m[K/home/a/ros2_ws/src/px4_ros_com/src/examples/offboard/offboard_control.cpp:167:61:[m[K [01;31m[Kerror: [m[Kinvalid conversion from ‘[01m[Kchar*[m[K’ to ‘[01m[Klong long int[m[K’ [[01;31m[K-fpermissive[m[K]
  167 | ::string VehicleStatus_topic = "/px4_" + std::to_string([01;31m[Kuav_id[m[K) + "/fmu/in/vehicle_status";
      |                                                         [01;31m[K^~~~~~[m[K
      |                                                         [01;31m[K|[m[K
      |                                                         [01;31m[Kchar*[m[K

In file included from [01m[K/usr/include/c++/9/string:55[m[K,
                 from [01m[K/usr/include/c++/9/stdexcept:39[m[K,
                 from [01m[K/usr/include/c++/9/array:39[m[K,
                 from [01m[K/usr/include/c++/9/tuple:39[m[K,
                 from [01m[K/usr/include/c++/9/functional:54[m[K,
                 from [01m[K/usr/include/c++/9/pstl/glue_algorithm_defs.h:13[m[K,
                 from [01m[K/usr/include/c++/9/algorithm:71[m[K,
                 from [01m[K/opt/ros/galactic/include/rosidl_runtime_cpp/bounded_vector.hpp:18[m[K,
                 from [01m[K/home/a/ros2_ws/install/px4_msgs/include/px4_msgs/msg/detail/offboard_control_mode__struct.hpp:8[m[K,
                 from [01m[K/home/a/ros2_ws/install/px4_msgs/include/px4_msgs/msg/offboard_control_mode.hpp:7[m[K,
                 from [01m[K/home/a/ros2_ws/src/px4_ros_com/src/examples/offboard/offboard_control.cpp:13[m[K:
[01m[K/usr/include/c++/9/bits/basic_string.h:6577:3:[m[K [01;36m[Knote: [m[Kcandidate: ‘[01m[Kstd::string std::__cxx11::to_string(long long unsigned int)[m[K’ <near match>
 6577 |   [01;36m[Kto_string[m[K(unsigned long long __val)
      |   [01;36m[K^~~~~~~~~[m[K
[01m[K/usr/include/c++/9/bits/basic_string.h:6577:3:[m[K [01;36m[Knote: [m[K  conversion of argument 1 would be ill-formed:
[01m[K/home/a/ros2_ws/src/px4_ros_com/src/examples/offboard/offboard_control.cpp:167:61:[m[K [01;31m[Kerror: [m[Kinvalid conversion from ‘[01m[Kchar*[m[K’ to ‘[01m[Klong long unsigned int[m[K’ [[01;31m[K-fpermissive[m[K]
  167 | ::string VehicleStatus_topic = "/px4_" + std::to_string([01;31m[Kuav_id[m[K) + "/fmu/in/vehicle_status";
      |                                                         [01;31m[K^~~~~~[m[K
      |                                                         [01;31m[K|[m[K
      |                                                         [01;31m[Kchar*[m[K

make[2]: *** [CMakeFiles/offboard_control.dir/build.make:63：CMakeFiles/offboard_control.dir/src/examples/offboard/offboard_control.cpp.o] 错误 1
make[1]: *** [CMakeFiles/Makefile2:266：CMakeFiles/offboard_control.dir/all] 错误 2
make: *** [Makefile:141：all] 错误 2
