[0.018s] Invoking command in '/home/a/ros2_ws/build/px4_ros_com': CMAKE_PREFIX_PATH=/home/a/ros2_ws/install/px4_msgs:/home/a/ros2_ws/install/px4_ros_com:/home/a/ros2_ws/install/my_uav:/opt/ros/galactic LD_LIBRARY_PATH=/home/a/ros2_ws/install/px4_msgs/lib:/home/a/ros2_ws/install/px4_ros_com/lib:/usr/lib/x86_64-linux-gnu/gazebo-11/plugins:/opt/ros/galactic/opt/yaml_cpp_vendor/lib:/opt/ros/galactic/opt/rviz_ogre_vendor/lib:/opt/ros/galactic/lib/x86_64-linux-gnu:/opt/ros/galactic/lib:/home/a/PX4-Autopilot/build/px4_sitl_default/build_gazebo-classic /usr/bin/cmake --build /home/a/ros2_ws/build/px4_ros_com -- -j2 -l2
[0.120s] [  7%] Built target my_uav_node
[0.173s] [ 14%] Built target offboard_control_mode
[0.221s] [ 21%] Built target commander
[0.266s] [ 28%] Built target frame_transforms
[0.287s] [35m[1mScanning dependencies of target offboard_control[0m
[0.325s] [ 32%] [32mBuilding CXX object CMakeFiles/offboard_control.dir/src/examples/offboard/offboard_control.cpp.o[0m
[3.144s] [01m[K/home/a/ros2_ws/src/px4_ros_com/src/examples/offboard/offboard_control.cpp:[m[K In constructor ‘[01m[KOffboardControl::OffboardControl()[m[K’:
[3.146s] [01m[K/home/a/ros2_ws/src/px4_ros_com/src/examples/offboard/offboard_control.cpp:35:74:[m[K [01;31m[Kerror: [m[Kno matching function for call to ‘[01m[Kto_string(char*&)[m[K’
[3.146s]    35 | boardControlMode_topic = "/px4_" + std::to_string(uav_id[01;31m[K)[m[K + "/fmu/in/offboard_control_mode";
[3.147s]       |                                                         [01;31m[K^[m[K
[3.147s] 
[3.147s] In file included from [01m[K/usr/include/c++/9/string:55[m[K,
[3.147s]                  from [01m[K/usr/include/c++/9/stdexcept:39[m[K,
[3.147s]                  from [01m[K/usr/include/c++/9/array:39[m[K,
[3.147s]                  from [01m[K/usr/include/c++/9/tuple:39[m[K,
[3.147s]                  from [01m[K/usr/include/c++/9/functional:54[m[K,
[3.147s]                  from [01m[K/usr/include/c++/9/pstl/glue_algorithm_defs.h:13[m[K,
[3.147s]                  from [01m[K/usr/include/c++/9/algorithm:71[m[K,
[3.147s]                  from [01m[K/opt/ros/galactic/include/rosidl_runtime_cpp/bounded_vector.hpp:18[m[K,
[3.147s]                  from [01m[K/home/a/ros2_ws/install/px4_msgs/include/px4_msgs/msg/detail/offboard_control_mode__struct.hpp:8[m[K,
[3.147s]                  from [01m[K/home/a/ros2_ws/install/px4_msgs/include/px4_msgs/msg/offboard_control_mode.hpp:7[m[K,
[3.147s]                  from [01m[K/home/a/ros2_ws/src/px4_ros_com/src/examples/offboard/offboard_control.cpp:13[m[K:
[3.147s] [01m[K/usr/include/c++/9/bits/basic_string.h:6549:3:[m[K [01;36m[Knote: [m[Kcandidate: ‘[01m[Kstd::string std::__cxx11::to_string(int)[m[K’ <near match>
[3.147s]  6549 |   [01;36m[Kto_string[m[K(int __val)
[3.147s]       |   [01;36m[K^~~~~~~~~[m[K
[3.148s] [01m[K/usr/include/c++/9/bits/basic_string.h:6549:3:[m[K [01;36m[Knote: [m[K  conversion of argument 1 would be ill-formed:
[3.148s] [01m[K/home/a/ros2_ws/src/px4_ros_com/src/examples/offboard/offboard_control.cpp:35:68:[m[K [01;31m[Kerror: [m[Kinvalid conversion from ‘[01m[Kchar*[m[K’ to ‘[01m[Kint[m[K’ [[01;31m[K-fpermissive[m[K]
[3.148s]    35 | ng OffboardControlMode_topic = "/px4_" + std::to_string([01;31m[Kuav_id[m[K) + "/fmu/in/offboard_control_mode";
[3.148s]       |                                                         [01;31m[K^~~~~~[m[K
[3.148s]       |                                                         [01;31m[K|[m[K
[3.148s]       |                                                         [01;31m[Kchar*[m[K
[3.148s] 
[3.148s] In file included from [01m[K/usr/include/c++/9/string:55[m[K,
[3.148s]                  from [01m[K/usr/include/c++/9/stdexcept:39[m[K,
[3.148s]                  from [01m[K/usr/include/c++/9/array:39[m[K,
[3.148s]                  from [01m[K/usr/include/c++/9/tuple:39[m[K,
[3.148s]                  from [01m[K/usr/include/c++/9/functional:54[m[K,
[3.148s]                  from [01m[K/usr/include/c++/9/pstl/glue_algorithm_defs.h:13[m[K,
[3.148s]                  from [01m[K/usr/include/c++/9/algorithm:71[m[K,
[3.148s]                  from [01m[K/opt/ros/galactic/include/rosidl_runtime_cpp/bounded_vector.hpp:18[m[K,
[3.148s]                  from [01m[K/home/a/ros2_ws/install/px4_msgs/include/px4_msgs/msg/detail/offboard_control_mode__struct.hpp:8[m[K,
[3.148s]                  from [01m[K/home/a/ros2_ws/install/px4_msgs/include/px4_msgs/msg/offboard_control_mode.hpp:7[m[K,
[3.149s]                  from [01m[K/home/a/ros2_ws/src/px4_ros_com/src/examples/offboard/offboard_control.cpp:13[m[K:
[3.149s] [01m[K/usr/include/c++/9/bits/basic_string.h:6554:3:[m[K [01;36m[Knote: [m[Kcandidate: ‘[01m[Kstd::string std::__cxx11::to_string(unsigned int)[m[K’ <near match>
[3.149s]  6554 |   [01;36m[Kto_string[m[K(unsigned __val)
[3.149s]       |   [01;36m[K^~~~~~~~~[m[K
[3.149s] [01m[K/usr/include/c++/9/bits/basic_string.h:6554:3:[m[K [01;36m[Knote: [m[K  conversion of argument 1 would be ill-formed:
[3.149s] [01m[K/home/a/ros2_ws/src/px4_ros_com/src/examples/offboard/offboard_control.cpp:35:68:[m[K [01;31m[Kerror: [m[Kinvalid conversion from ‘[01m[Kchar*[m[K’ to ‘[01m[Kunsigned int[m[K’ [[01;31m[K-fpermissive[m[K]
[3.149s]    35 | ng OffboardControlMode_topic = "/px4_" + std::to_string([01;31m[Kuav_id[m[K) + "/fmu/in/offboard_control_mode";
[3.149s]       |                                                         [01;31m[K^~~~~~[m[K
[3.152s]       |                                                         [01;31m[K|[m[K
[3.152s]       |                                                         [01;31m[Kchar*[m[K
[3.153s] 
[3.153s] In file included from [01m[K/usr/include/c++/9/string:55[m[K,
[3.153s]                  from [01m[K/usr/include/c++/9/stdexcept:39[m[K,
[3.154s]                  from [01m[K/usr/include/c++/9/array:39[m[K,
[3.154s]                  from [01m[K/usr/include/c++/9/tuple:39[m[K,
[3.154s]                  from [01m[K/usr/include/c++/9/functional:54[m[K,
[3.154s]                  from [01m[K/usr/include/c++/9/pstl/glue_algorithm_defs.h:13[m[K,
[3.154s]                  from [01m[K/usr/include/c++/9/algorithm:71[m[K,
[3.154s]                  from [01m[K/opt/ros/galactic/include/rosidl_runtime_cpp/bounded_vector.hpp:18[m[K,
[3.155s]                  from [01m[K/home/a/ros2_ws/install/px4_msgs/include/px4_msgs/msg/detail/offboard_control_mode__struct.hpp:8[m[K,
[3.155s]                  from [01m[K/home/a/ros2_ws/install/px4_msgs/include/px4_msgs/msg/offboard_control_mode.hpp:7[m[K,
[3.155s]                  from [01m[K/home/a/ros2_ws/src/px4_ros_com/src/examples/offboard/offboard_control.cpp:13[m[K:
[3.155s] [01m[K/usr/include/c++/9/bits/basic_string.h:6560:3:[m[K [01;36m[Knote: [m[Kcandidate: ‘[01m[Kstd::string std::__cxx11::to_string(long int)[m[K’ <near match>
[3.155s]  6560 |   [01;36m[Kto_string[m[K(long __val)
[3.155s]       |   [01;36m[K^~~~~~~~~[m[K
[3.155s] [01m[K/usr/include/c++/9/bits/basic_string.h:6560:3:[m[K [01;36m[Knote: [m[K  conversion of argument 1 would be ill-formed:
[3.155s] [01m[K/home/a/ros2_ws/src/px4_ros_com/src/examples/offboard/offboard_control.cpp:35:68:[m[K [01;31m[Kerror: [m[Kinvalid conversion from ‘[01m[Kchar*[m[K’ to ‘[01m[Klong int[m[K’ [[01;31m[K-fpermissive[m[K]
[3.155s]    35 | ng OffboardControlMode_topic = "/px4_" + std::to_string([01;31m[Kuav_id[m[K) + "/fmu/in/offboard_control_mode";
[3.155s]       |                                                         [01;31m[K^~~~~~[m[K
[3.155s]       |                                                         [01;31m[K|[m[K
[3.155s]       |                                                         [01;31m[Kchar*[m[K
[3.155s] 
[3.155s] In file included from [01m[K/usr/include/c++/9/string:55[m[K,
[3.155s]                  from [01m[K/usr/include/c++/9/stdexcept:39[m[K,
[3.155s]                  from [01m[K/usr/include/c++/9/array:39[m[K,
[3.155s]                  from [01m[K/usr/include/c++/9/tuple:39[m[K,
[3.156s]                  from [01m[K/usr/include/c++/9/functional:54[m[K,
[3.156s]                  from [01m[K/usr/include/c++/9/pstl/glue_algorithm_defs.h:13[m[K,
[3.156s]                  from [01m[K/usr/include/c++/9/algorithm:71[m[K,
[3.156s]                  from [01m[K/opt/ros/galactic/include/rosidl_runtime_cpp/bounded_vector.hpp:18[m[K,
[3.156s]                  from [01m[K/home/a/ros2_ws/install/px4_msgs/include/px4_msgs/msg/detail/offboard_control_mode__struct.hpp:8[m[K,
[3.156s]                  from [01m[K/home/a/ros2_ws/install/px4_msgs/include/px4_msgs/msg/offboard_control_mode.hpp:7[m[K,
[3.156s]                  from [01m[K/home/a/ros2_ws/src/px4_ros_com/src/examples/offboard/offboard_control.cpp:13[m[K:
[3.156s] [01m[K/usr/include/c++/9/bits/basic_string.h:6565:3:[m[K [01;36m[Knote: [m[Kcandidate: ‘[01m[Kstd::string std::__cxx11::to_string(long unsigned int)[m[K’ <near match>
[3.156s]  6565 |   [01;36m[Kto_string[m[K(unsigned long __val)
[3.156s]       |   [01;36m[K^~~~~~~~~[m[K
[3.156s] [01m[K/usr/include/c++/9/bits/basic_string.h:6565:3:[m[K [01;36m[Knote: [m[K  conversion of argument 1 would be ill-formed:
[3.156s] [01m[K/home/a/ros2_ws/src/px4_ros_com/src/examples/offboard/offboard_control.cpp:35:68:[m[K [01;31m[Kerror: [m[Kinvalid conversion from ‘[01m[Kchar*[m[K’ to ‘[01m[Klong unsigned int[m[K’ [[01;31m[K-fpermissive[m[K]
[3.156s]    35 | ng OffboardControlMode_topic = "/px4_" + std::to_string([01;31m[Kuav_id[m[K) + "/fmu/in/offboard_control_mode";
[3.156s]       |                                                         [01;31m[K^~~~~~[m[K
[3.156s]       |                                                         [01;31m[K|[m[K
[3.163s]       |                                                         [01;31m[Kchar*[m[K
[3.164s] 
[3.170s] In file included from [01m[K/usr/include/c++/9/string:55[m[K,
[3.171s]                  from [01m[K/usr/include/c++/9/stdexcept:39[m[K,
[3.171s]                  from [01m[K/usr/include/c++/9/array:39[m[K,
[3.171s]                  from [01m[K/usr/include/c++/9/tuple:39[m[K,
[3.171s]                  from [01m[K/usr/include/c++/9/functional:54[m[K,
[3.171s]                  from [01m[K/usr/include/c++/9/pstl/glue_algorithm_defs.h:13[m[K,
[3.171s]                  from [01m[K/usr/include/c++/9/algorithm:71[m[K,
[3.179s]                  from [01m[K/opt/ros/galactic/include/rosidl_runtime_cpp/bounded_vector.hpp:18[m[K,
[3.179s]                  from [01m[K/home/a/ros2_ws/install/px4_msgs/include/px4_msgs/msg/detail/offboard_control_mode__struct.hpp:8[m[K,
[3.179s]                  from [01m[K/home/a/ros2_ws/install/px4_msgs/include/px4_msgs/msg/offboard_control_mode.hpp:7[m[K,
[3.179s]                  from [01m[K/home/a/ros2_ws/src/px4_ros_com/src/examples/offboard/offboard_control.cpp:13[m[K:
[3.179s] [01m[K/usr/include/c++/9/bits/basic_string.h:6571:3:[m[K [01;36m[Knote: [m[Kcandidate: ‘[01m[Kstd::string std::__cxx11::to_string(long long int)[m[K’ <near match>
[3.180s]  6571 |   [01;36m[Kto_string[m[K(long long __val)
[3.181s]       |   [01;36m[K^~~~~~~~~[m[K
[3.181s] [01m[K/usr/include/c++/9/bits/basic_string.h:6571:3:[m[K [01;36m[Knote: [m[K  conversion of argument 1 would be ill-formed:
[3.181s] [01m[K/home/a/ros2_ws/src/px4_ros_com/src/examples/offboard/offboard_control.cpp:35:68:[m[K [01;31m[Kerror: [m[Kinvalid conversion from ‘[01m[Kchar*[m[K’ to ‘[01m[Klong long int[m[K’ [[01;31m[K-fpermissive[m[K]
[3.181s]    35 | ng OffboardControlMode_topic = "/px4_" + std::to_string([01;31m[Kuav_id[m[K) + "/fmu/in/offboard_control_mode";
[3.181s]       |                                                         [01;31m[K^~~~~~[m[K
[3.181s]       |                                                         [01;31m[K|[m[K
[3.181s]       |                                                         [01;31m[Kchar*[m[K
[3.181s] 
[3.181s] In file included from [01m[K/usr/include/c++/9/string:55[m[K,
[3.182s]                  from [01m[K/usr/include/c++/9/stdexcept:39[m[K,
[3.182s]                  from [01m[K/usr/include/c++/9/array:39[m[K,
[3.182s]                  from [01m[K/usr/include/c++/9/tuple:39[m[K,
[3.182s]                  from [01m[K/usr/include/c++/9/functional:54[m[K,
[3.182s]                  from [01m[K/usr/include/c++/9/pstl/glue_algorithm_defs.h:13[m[K,
[3.182s]                  from [01m[K/usr/include/c++/9/algorithm:71[m[K,
[3.182s]                  from [01m[K/opt/ros/galactic/include/rosidl_runtime_cpp/bounded_vector.hpp:18[m[K,
[3.182s]                  from [01m[K/home/a/ros2_ws/install/px4_msgs/include/px4_msgs/msg/detail/offboard_control_mode__struct.hpp:8[m[K,
[3.182s]                  from [01m[K/home/a/ros2_ws/install/px4_msgs/include/px4_msgs/msg/offboard_control_mode.hpp:7[m[K,
[3.186s]                  from [01m[K/home/a/ros2_ws/src/px4_ros_com/src/examples/offboard/offboard_control.cpp:13[m[K:
[3.186s] [01m[K/usr/include/c++/9/bits/basic_string.h:6577:3:[m[K [01;36m[Knote: [m[Kcandidate: ‘[01m[Kstd::string std::__cxx11::to_string(long long unsigned int)[m[K’ <near match>
[3.186s]  6577 |   [01;36m[Kto_string[m[K(unsigned long long __val)
[3.186s]       |   [01;36m[K^~~~~~~~~[m[K
[3.186s] [01m[K/usr/include/c++/9/bits/basic_string.h:6577:3:[m[K [01;36m[Knote: [m[K  conversion of argument 1 would be ill-formed:
[3.186s] [01m[K/home/a/ros2_ws/src/px4_ros_com/src/examples/offboard/offboard_control.cpp:35:68:[m[K [01;31m[Kerror: [m[Kinvalid conversion from ‘[01m[Kchar*[m[K’ to ‘[01m[Klong long unsigned int[m[K’ [[01;31m[K-fpermissive[m[K]
[3.186s]    35 | ng OffboardControlMode_topic = "/px4_" + std::to_string([01;31m[Kuav_id[m[K) + "/fmu/in/offboard_control_mode";
[3.187s]       |                                                         [01;31m[K^~~~~~[m[K
[3.187s]       |                                                         [01;31m[K|[m[K
[3.187s]       |                                                         [01;31m[Kchar*[m[K
[3.187s] 
[3.187s] [01m[K/home/a/ros2_ws/src/px4_ros_com/src/examples/offboard/offboard_control.cpp:36:73:[m[K [01;31m[Kerror: [m[Kno matching function for call to ‘[01m[Kto_string(char*&)[m[K’
[3.187s]    36 | ajectorySetpoint_topic = "/px4_" + std::to_string(uav_id[01;31m[K)[m[K + "/fmu/in/trajectory_setpoint";
[3.187s]       |                                                         [01;31m[K^[m[K
[3.187s] 
[3.187s] In file included from [01m[K/usr/include/c++/9/string:55[m[K,
[3.187s]                  from [01m[K/usr/include/c++/9/stdexcept:39[m[K,
[3.187s]                  from [01m[K/usr/include/c++/9/array:39[m[K,
[3.187s]                  from [01m[K/usr/include/c++/9/tuple:39[m[K,
[3.189s]                  from [01m[K/usr/include/c++/9/functional:54[m[K,
[3.189s]                  from [01m[K/usr/include/c++/9/pstl/glue_algorithm_defs.h:13[m[K,
[3.189s]                  from [01m[K/usr/include/c++/9/algorithm:71[m[K,
[3.189s]                  from [01m[K/opt/ros/galactic/include/rosidl_runtime_cpp/bounded_vector.hpp:18[m[K,
[3.189s]                  from [01m[K/home/a/ros2_ws/install/px4_msgs/include/px4_msgs/msg/detail/offboard_control_mode__struct.hpp:8[m[K,
[3.189s]                  from [01m[K/home/a/ros2_ws/install/px4_msgs/include/px4_msgs/msg/offboard_control_mode.hpp:7[m[K,
[3.189s]                  from [01m[K/home/a/ros2_ws/src/px4_ros_com/src/examples/offboard/offboard_control.cpp:13[m[K:
[3.189s] [01m[K/usr/include/c++/9/bits/basic_string.h:6549:3:[m[K [01;36m[Knote: [m[Kcandidate: ‘[01m[Kstd::string std::__cxx11::to_string(int)[m[K’ <near match>
[3.189s]  6549 |   [01;36m[Kto_string[m[K(int __val)
[3.189s]       |   [01;36m[K^~~~~~~~~[m[K
[3.189s] [01m[K/usr/include/c++/9/bits/basic_string.h:6549:3:[m[K [01;36m[Knote: [m[K  conversion of argument 1 would be ill-formed:
[3.190s] [01m[K/home/a/ros2_ws/src/px4_ros_com/src/examples/offboard/offboard_control.cpp:36:67:[m[K [01;31m[Kerror: [m[Kinvalid conversion from ‘[01m[Kchar*[m[K’ to ‘[01m[Kint[m[K’ [[01;31m[K-fpermissive[m[K]
[3.198s]    36 | ing TrajectorySetpoint_topic = "/px4_" + std::to_string([01;31m[Kuav_id[m[K) + "/fmu/in/trajectory_setpoint";
[3.198s]       |                                                         [01;31m[K^~~~~~[m[K
[3.198s]       |                                                         [01;31m[K|[m[K
[3.198s]       |                                                         [01;31m[Kchar*[m[K
[3.198s] 
[3.199s] In file included from [01m[K/usr/include/c++/9/string:55[m[K,
[3.199s]                  from [01m[K/usr/include/c++/9/stdexcept:39[m[K,
[3.199s]                  from [01m[K/usr/include/c++/9/array:39[m[K,
[3.199s]                  from [01m[K/usr/include/c++/9/tuple:39[m[K,
[3.200s]                  from [01m[K/usr/include/c++/9/functional:54[m[K,
[3.201s]                  from [01m[K/usr/include/c++/9/pstl/glue_algorithm_defs.h:13[m[K,
[3.201s]                  from [01m[K/usr/include/c++/9/algorithm:71[m[K,
[3.201s]                  from [01m[K/opt/ros/galactic/include/rosidl_runtime_cpp/bounded_vector.hpp:18[m[K,
[3.201s]                  from [01m[K/home/a/ros2_ws/install/px4_msgs/include/px4_msgs/msg/detail/offboard_control_mode__struct.hpp:8[m[K,
[3.201s]                  from [01m[K/home/a/ros2_ws/install/px4_msgs/include/px4_msgs/msg/offboard_control_mode.hpp:7[m[K,
[3.201s]                  from [01m[K/home/a/ros2_ws/src/px4_ros_com/src/examples/offboard/offboard_control.cpp:13[m[K:
[3.202s] [01m[K/usr/include/c++/9/bits/basic_string.h:6554:3:[m[K [01;36m[Knote: [m[Kcandidate: ‘[01m[Kstd::string std::__cxx11::to_string(unsigned int)[m[K’ <near match>
[3.202s]  6554 |   [01;36m[Kto_string[m[K(unsigned __val)
[3.202s]       |   [01;36m[K^~~~~~~~~[m[K
[3.202s] [01m[K/usr/include/c++/9/bits/basic_string.h:6554:3:[m[K [01;36m[Knote: [m[K  conversion of argument 1 would be ill-formed:
[3.202s] [01m[K/home/a/ros2_ws/src/px4_ros_com/src/examples/offboard/offboard_control.cpp:36:67:[m[K [01;31m[Kerror: [m[Kinvalid conversion from ‘[01m[Kchar*[m[K’ to ‘[01m[Kunsigned int[m[K’ [[01;31m[K-fpermissive[m[K]
[3.202s]    36 | ing TrajectorySetpoint_topic = "/px4_" + std::to_string([01;31m[Kuav_id[m[K) + "/fmu/in/trajectory_setpoint";
[3.202s]       |                                                         [01;31m[K^~~~~~[m[K
[3.202s]       |                                                         [01;31m[K|[m[K
[3.203s]       |                                                         [01;31m[Kchar*[m[K
[3.203s] 
[3.204s] In file included from [01m[K/usr/include/c++/9/string:55[m[K,
[3.204s]                  from [01m[K/usr/include/c++/9/stdexcept:39[m[K,
[3.204s]                  from [01m[K/usr/include/c++/9/array:39[m[K,
[3.204s]                  from [01m[K/usr/include/c++/9/tuple:39[m[K,
[3.204s]                  from [01m[K/usr/include/c++/9/functional:54[m[K,
[3.205s]                  from [01m[K/usr/include/c++/9/pstl/glue_algorithm_defs.h:13[m[K,
[3.205s]                  from [01m[K/usr/include/c++/9/algorithm:71[m[K,
[3.205s]                  from [01m[K/opt/ros/galactic/include/rosidl_runtime_cpp/bounded_vector.hpp:18[m[K,
[3.205s]                  from [01m[K/home/a/ros2_ws/install/px4_msgs/include/px4_msgs/msg/detail/offboard_control_mode__struct.hpp:8[m[K,
[3.205s]                  from [01m[K/home/a/ros2_ws/install/px4_msgs/include/px4_msgs/msg/offboard_control_mode.hpp:7[m[K,
[3.205s]                  from [01m[K/home/a/ros2_ws/src/px4_ros_com/src/examples/offboard/offboard_control.cpp:13[m[K:
[3.205s] [01m[K/usr/include/c++/9/bits/basic_string.h:6560:3:[m[K [01;36m[Knote: [m[Kcandidate: ‘[01m[Kstd::string std::__cxx11::to_string(long int)[m[K’ <near match>
[3.205s]  6560 |   [01;36m[Kto_string[m[K(long __val)
[3.205s]       |   [01;36m[K^~~~~~~~~[m[K
[3.205s] [01m[K/usr/include/c++/9/bits/basic_string.h:6560:3:[m[K [01;36m[Knote: [m[K  conversion of argument 1 would be ill-formed:
[3.206s] [01m[K/home/a/ros2_ws/src/px4_ros_com/src/examples/offboard/offboard_control.cpp:36:67:[m[K [01;31m[Kerror: [m[Kinvalid conversion from ‘[01m[Kchar*[m[K’ to ‘[01m[Klong int[m[K’ [[01;31m[K-fpermissive[m[K]
[3.206s]    36 | ing TrajectorySetpoint_topic = "/px4_" + std::to_string([01;31m[Kuav_id[m[K) + "/fmu/in/trajectory_setpoint";
[3.206s]       |                                                         [01;31m[K^~~~~~[m[K
[3.206s]       |                                                         [01;31m[K|[m[K
[3.206s]       |                                                         [01;31m[Kchar*[m[K
[3.213s] 
[3.213s] In file included from [01m[K/usr/include/c++/9/string:55[m[K,
[3.213s]                  from [01m[K/usr/include/c++/9/stdexcept:39[m[K,
[3.214s]                  from [01m[K/usr/include/c++/9/array:39[m[K,
[3.214s]                  from [01m[K/usr/include/c++/9/tuple:39[m[K,
[3.214s]                  from [01m[K/usr/include/c++/9/functional:54[m[K,
[3.215s]                  from [01m[K/usr/include/c++/9/pstl/glue_algorithm_defs.h:13[m[K,
[3.215s]                  from [01m[K/usr/include/c++/9/algorithm:71[m[K,
[3.215s]                  from [01m[K/opt/ros/galactic/include/rosidl_runtime_cpp/bounded_vector.hpp:18[m[K,
[3.215s]                  from [01m[K/home/a/ros2_ws/install/px4_msgs/include/px4_msgs/msg/detail/offboard_control_mode__struct.hpp:8[m[K,
[3.215s]                  from [01m[K/home/a/ros2_ws/install/px4_msgs/include/px4_msgs/msg/offboard_control_mode.hpp:7[m[K,
[3.216s]                  from [01m[K/home/a/ros2_ws/src/px4_ros_com/src/examples/offboard/offboard_control.cpp:13[m[K:
[3.216s] [01m[K/usr/include/c++/9/bits/basic_string.h:6565:3:[m[K [01;36m[Knote: [m[Kcandidate: ‘[01m[Kstd::string std::__cxx11::to_string(long unsigned int)[m[K’ <near match>
[3.216s]  6565 |   [01;36m[Kto_string[m[K(unsigned long __val)
[3.216s]       |   [01;36m[K^~~~~~~~~[m[K
[3.216s] [01m[K/usr/include/c++/9/bits/basic_string.h:6565:3:[m[K [01;36m[Knote: [m[K  conversion of argument 1 would be ill-formed:
[3.216s] [01m[K/home/a/ros2_ws/src/px4_ros_com/src/examples/offboard/offboard_control.cpp:36:67:[m[K [01;31m[Kerror: [m[Kinvalid conversion from ‘[01m[Kchar*[m[K’ to ‘[01m[Klong unsigned int[m[K’ [[01;31m[K-fpermissive[m[K]
[3.216s]    36 | ing TrajectorySetpoint_topic = "/px4_" + std::to_string([01;31m[Kuav_id[m[K) + "/fmu/in/trajectory_setpoint";
[3.216s]       |                                                         [01;31m[K^~~~~~[m[K
[3.216s]       |                                                         [01;31m[K|[m[K
[3.216s]       |                                                         [01;31m[Kchar*[m[K
[3.216s] 
[3.217s] In file included from [01m[K/usr/include/c++/9/string:55[m[K,
[3.217s]                  from [01m[K/usr/include/c++/9/stdexcept:39[m[K,
[3.217s]                  from [01m[K/usr/include/c++/9/array:39[m[K,
[3.217s]                  from [01m[K/usr/include/c++/9/tuple:39[m[K,
[3.217s]                  from [01m[K/usr/include/c++/9/functional:54[m[K,
[3.217s]                  from [01m[K/usr/include/c++/9/pstl/glue_algorithm_defs.h:13[m[K,
[3.217s]                  from [01m[K/usr/include/c++/9/algorithm:71[m[K,
[3.217s]                  from [01m[K/opt/ros/galactic/include/rosidl_runtime_cpp/bounded_vector.hpp:18[m[K,
[3.217s]                  from [01m[K/home/a/ros2_ws/install/px4_msgs/include/px4_msgs/msg/detail/offboard_control_mode__struct.hpp:8[m[K,
[3.217s]                  from [01m[K/home/a/ros2_ws/install/px4_msgs/include/px4_msgs/msg/offboard_control_mode.hpp:7[m[K,
[3.217s]                  from [01m[K/home/a/ros2_ws/src/px4_ros_com/src/examples/offboard/offboard_control.cpp:13[m[K:
[3.217s] [01m[K/usr/include/c++/9/bits/basic_string.h:6571:3:[m[K [01;36m[Knote: [m[Kcandidate: ‘[01m[Kstd::string std::__cxx11::to_string(long long int)[m[K’ <near match>
[3.217s]  6571 |   [01;36m[Kto_string[m[K(long long __val)
[3.217s]       |   [01;36m[K^~~~~~~~~[m[K
[3.217s] [01m[K/usr/include/c++/9/bits/basic_string.h:6571:3:[m[K [01;36m[Knote: [m[K  conversion of argument 1 would be ill-formed:
[3.217s] [01m[K/home/a/ros2_ws/src/px4_ros_com/src/examples/offboard/offboard_control.cpp:36:67:[m[K [01;31m[Kerror: [m[Kinvalid conversion from ‘[01m[Kchar*[m[K’ to ‘[01m[Klong long int[m[K’ [[01;31m[K-fpermissive[m[K]
[3.218s]    36 | ing TrajectorySetpoint_topic = "/px4_" + std::to_string([01;31m[Kuav_id[m[K) + "/fmu/in/trajectory_setpoint";
[3.218s]       |                                                         [01;31m[K^~~~~~[m[K
[3.218s]       |                                                         [01;31m[K|[m[K
[3.218s]       |                                                         [01;31m[Kchar*[m[K
[3.218s] 
[3.218s] In file included from [01m[K/usr/include/c++/9/string:55[m[K,
[3.218s]                  from [01m[K/usr/include/c++/9/stdexcept:39[m[K,
[3.218s]                  from [01m[K/usr/include/c++/9/array:39[m[K,
[3.218s]                  from [01m[K/usr/include/c++/9/tuple:39[m[K,
[3.218s]                  from [01m[K/usr/include/c++/9/functional:54[m[K,
[3.218s]                  from [01m[K/usr/include/c++/9/pstl/glue_algorithm_defs.h:13[m[K,
[3.218s]                  from [01m[K/usr/include/c++/9/algorithm:71[m[K,
[3.218s]                  from [01m[K/opt/ros/galactic/include/rosidl_runtime_cpp/bounded_vector.hpp:18[m[K,
[3.219s]                  from [01m[K/home/a/ros2_ws/install/px4_msgs/include/px4_msgs/msg/detail/offboard_control_mode__struct.hpp:8[m[K,
[3.219s]                  from [01m[K/home/a/ros2_ws/install/px4_msgs/include/px4_msgs/msg/offboard_control_mode.hpp:7[m[K,
[3.219s]                  from [01m[K/home/a/ros2_ws/src/px4_ros_com/src/examples/offboard/offboard_control.cpp:13[m[K:
[3.220s] [01m[K/usr/include/c++/9/bits/basic_string.h:6577:3:[m[K [01;36m[Knote: [m[Kcandidate: ‘[01m[Kstd::string std::__cxx11::to_string(long long unsigned int)[m[K’ <near match>
[3.221s]  6577 |   [01;36m[Kto_string[m[K(unsigned long long __val)
[3.221s]       |   [01;36m[K^~~~~~~~~[m[K
[3.221s] [01m[K/usr/include/c++/9/bits/basic_string.h:6577:3:[m[K [01;36m[Knote: [m[K  conversion of argument 1 would be ill-formed:
[3.221s] [01m[K/home/a/ros2_ws/src/px4_ros_com/src/examples/offboard/offboard_control.cpp:36:67:[m[K [01;31m[Kerror: [m[Kinvalid conversion from ‘[01m[Kchar*[m[K’ to ‘[01m[Klong long unsigned int[m[K’ [[01;31m[K-fpermissive[m[K]
[3.221s]    36 | ing TrajectorySetpoint_topic = "/px4_" + std::to_string([01;31m[Kuav_id[m[K) + "/fmu/in/trajectory_setpoint";
[3.221s]       |                                                         [01;31m[K^~~~~~[m[K
[3.221s]       |                                                         [01;31m[K|[m[K
[3.221s]       |                                                         [01;31m[Kchar*[m[K
[3.221s] 
[3.221s] [01m[K/home/a/ros2_ws/src/px4_ros_com/src/examples/offboard/offboard_control.cpp:37:69:[m[K [01;31m[Kerror: [m[Kno matching function for call to ‘[01m[Kto_string(char*&)[m[K’
[3.221s]    37 | g VehicleCommand_topic = "/px4_" + std::to_string(uav_id[01;31m[K)[m[K + "/fmu/in/vehicle_command";
[3.221s]       |                                                         [01;31m[K^[m[K
[3.221s] 
[3.221s] In file included from [01m[K/usr/include/c++/9/string:55[m[K,
[3.227s]                  from [01m[K/usr/include/c++/9/stdexcept:39[m[K,
[3.228s]                  from [01m[K/usr/include/c++/9/array:39[m[K,
[3.229s]                  from [01m[K/usr/include/c++/9/tuple:39[m[K,
[3.229s]                  from [01m[K/usr/include/c++/9/functional:54[m[K,
[3.229s]                  from [01m[K/usr/include/c++/9/pstl/glue_algorithm_defs.h:13[m[K,
[3.229s]                  from [01m[K/usr/include/c++/9/algorithm:71[m[K,
[3.229s]                  from [01m[K/opt/ros/galactic/include/rosidl_runtime_cpp/bounded_vector.hpp:18[m[K,
[3.229s]                  from [01m[K/home/a/ros2_ws/install/px4_msgs/include/px4_msgs/msg/detail/offboard_control_mode__struct.hpp:8[m[K,
[3.229s]                  from [01m[K/home/a/ros2_ws/install/px4_msgs/include/px4_msgs/msg/offboard_control_mode.hpp:7[m[K,
[3.229s]                  from [01m[K/home/a/ros2_ws/src/px4_ros_com/src/examples/offboard/offboard_control.cpp:13[m[K:
[3.230s] [01m[K/usr/include/c++/9/bits/basic_string.h:6549:3:[m[K [01;36m[Knote: [m[Kcandidate: ‘[01m[Kstd::string std::__cxx11::to_string(int)[m[K’ <near match>
[3.230s]  6549 |   [01;36m[Kto_string[m[K(int __val)
[3.230s]       |   [01;36m[K^~~~~~~~~[m[K
[3.230s] [01m[K/usr/include/c++/9/bits/basic_string.h:6549:3:[m[K [01;36m[Knote: [m[K  conversion of argument 1 would be ill-formed:
[3.230s] [01m[K/home/a/ros2_ws/src/px4_ros_com/src/examples/offboard/offboard_control.cpp:37:63:[m[K [01;31m[Kerror: [m[Kinvalid conversion from ‘[01m[Kchar*[m[K’ to ‘[01m[Kint[m[K’ [[01;31m[K-fpermissive[m[K]
[3.230s]    37 | :string VehicleCommand_topic = "/px4_" + std::to_string([01;31m[Kuav_id[m[K) + "/fmu/in/vehicle_command";
[3.230s]       |                                                         [01;31m[K^~~~~~[m[K
[3.230s]       |                                                         [01;31m[K|[m[K
[3.230s]       |                                                         [01;31m[Kchar*[m[K
[3.230s] 
[3.231s] In file included from [01m[K/usr/include/c++/9/string:55[m[K,
[3.231s]                  from [01m[K/usr/include/c++/9/stdexcept:39[m[K,
[3.231s]                  from [01m[K/usr/include/c++/9/array:39[m[K,
[3.231s]                  from [01m[K/usr/include/c++/9/tuple:39[m[K,
[3.231s]                  from [01m[K/usr/include/c++/9/functional:54[m[K,
[3.231s]                  from [01m[K/usr/include/c++/9/pstl/glue_algorithm_defs.h:13[m[K,
[3.231s]                  from [01m[K/usr/include/c++/9/algorithm:71[m[K,
[3.231s]                  from [01m[K/opt/ros/galactic/include/rosidl_runtime_cpp/bounded_vector.hpp:18[m[K,
[3.232s]                  from [01m[K/home/a/ros2_ws/install/px4_msgs/include/px4_msgs/msg/detail/offboard_control_mode__struct.hpp:8[m[K,
[3.232s]                  from [01m[K/home/a/ros2_ws/install/px4_msgs/include/px4_msgs/msg/offboard_control_mode.hpp:7[m[K,
[3.232s]                  from [01m[K/home/a/ros2_ws/src/px4_ros_com/src/examples/offboard/offboard_control.cpp:13[m[K:
[3.232s] [01m[K/usr/include/c++/9/bits/basic_string.h:6554:3:[m[K [01;36m[Knote: [m[Kcandidate: ‘[01m[Kstd::string std::__cxx11::to_string(unsigned int)[m[K’ <near match>
[3.232s]  6554 |   [01;36m[Kto_string[m[K(unsigned __val)
[3.232s]       |   [01;36m[K^~~~~~~~~[m[K
[3.232s] [01m[K/usr/include/c++/9/bits/basic_string.h:6554:3:[m[K [01;36m[Knote: [m[K  conversion of argument 1 would be ill-formed:
[3.232s] [01m[K/home/a/ros2_ws/src/px4_ros_com/src/examples/offboard/offboard_control.cpp:37:63:[m[K [01;31m[Kerror: [m[Kinvalid conversion from ‘[01m[Kchar*[m[K’ to ‘[01m[Kunsigned int[m[K’ [[01;31m[K-fpermissive[m[K]
[3.232s]    37 | :string VehicleCommand_topic = "/px4_" + std::to_string([01;31m[Kuav_id[m[K) + "/fmu/in/vehicle_command";
[3.232s]       |                                                         [01;31m[K^~~~~~[m[K
[3.232s]       |                                                         [01;31m[K|[m[K
[3.232s]       |                                                         [01;31m[Kchar*[m[K
[3.232s] 
[3.232s] In file included from [01m[K/usr/include/c++/9/string:55[m[K,
[3.232s]                  from [01m[K/usr/include/c++/9/stdexcept:39[m[K,
[3.232s]                  from [01m[K/usr/include/c++/9/array:39[m[K,
[3.234s]                  from [01m[K/usr/include/c++/9/tuple:39[m[K,
[3.234s]                  from [01m[K/usr/include/c++/9/functional:54[m[K,
[3.234s]                  from [01m[K/usr/include/c++/9/pstl/glue_algorithm_defs.h:13[m[K,
[3.234s]                  from [01m[K/usr/include/c++/9/algorithm:71[m[K,
[3.234s]                  from [01m[K/opt/ros/galactic/include/rosidl_runtime_cpp/bounded_vector.hpp:18[m[K,
[3.234s]                  from [01m[K/home/a/ros2_ws/install/px4_msgs/include/px4_msgs/msg/detail/offboard_control_mode__struct.hpp:8[m[K,
[3.234s]                  from [01m[K/home/a/ros2_ws/install/px4_msgs/include/px4_msgs/msg/offboard_control_mode.hpp:7[m[K,
[3.234s]                  from [01m[K/home/a/ros2_ws/src/px4_ros_com/src/examples/offboard/offboard_control.cpp:13[m[K:
[3.234s] [01m[K/usr/include/c++/9/bits/basic_string.h:6560:3:[m[K [01;36m[Knote: [m[Kcandidate: ‘[01m[Kstd::string std::__cxx11::to_string(long int)[m[K’ <near match>
[3.234s]  6560 |   [01;36m[Kto_string[m[K(long __val)
[3.235s]       |   [01;36m[K^~~~~~~~~[m[K
[3.235s] [01m[K/usr/include/c++/9/bits/basic_string.h:6560:3:[m[K [01;36m[Knote: [m[K  conversion of argument 1 would be ill-formed:
[3.235s] [01m[K/home/a/ros2_ws/src/px4_ros_com/src/examples/offboard/offboard_control.cpp:37:63:[m[K [01;31m[Kerror: [m[Kinvalid conversion from ‘[01m[Kchar*[m[K’ to ‘[01m[Klong int[m[K’ [[01;31m[K-fpermissive[m[K]
[3.235s]    37 | :string VehicleCommand_topic = "/px4_" + std::to_string([01;31m[Kuav_id[m[K) + "/fmu/in/vehicle_command";
[3.235s]       |                                                         [01;31m[K^~~~~~[m[K
[3.235s]       |                                                         [01;31m[K|[m[K
[3.235s]       |                                                         [01;31m[Kchar*[m[K
[3.235s] 
[3.235s] In file included from [01m[K/usr/include/c++/9/string:55[m[K,
[3.235s]                  from [01m[K/usr/include/c++/9/stdexcept:39[m[K,
[3.235s]                  from [01m[K/usr/include/c++/9/array:39[m[K,
[3.235s]                  from [01m[K/usr/include/c++/9/tuple:39[m[K,
[3.235s]                  from [01m[K/usr/include/c++/9/functional:54[m[K,
[3.235s]                  from [01m[K/usr/include/c++/9/pstl/glue_algorithm_defs.h:13[m[K,
[3.236s]                  from [01m[K/usr/include/c++/9/algorithm:71[m[K,
[3.236s]                  from [01m[K/opt/ros/galactic/include/rosidl_runtime_cpp/bounded_vector.hpp:18[m[K,
[3.236s]                  from [01m[K/home/a/ros2_ws/install/px4_msgs/include/px4_msgs/msg/detail/offboard_control_mode__struct.hpp:8[m[K,
[3.236s]                  from [01m[K/home/a/ros2_ws/install/px4_msgs/include/px4_msgs/msg/offboard_control_mode.hpp:7[m[K,
[3.236s]                  from [01m[K/home/a/ros2_ws/src/px4_ros_com/src/examples/offboard/offboard_control.cpp:13[m[K:
[3.236s] [01m[K/usr/include/c++/9/bits/basic_string.h:6565:3:[m[K [01;36m[Knote: [m[Kcandidate: ‘[01m[Kstd::string std::__cxx11::to_string(long unsigned int)[m[K’ <near match>
[3.236s]  6565 |   [01;36m[Kto_string[m[K(unsigned long __val)
[3.236s]       |   [01;36m[K^~~~~~~~~[m[K
[3.236s] [01m[K/usr/include/c++/9/bits/basic_string.h:6565:3:[m[K [01;36m[Knote: [m[K  conversion of argument 1 would be ill-formed:
[3.236s] [01m[K/home/a/ros2_ws/src/px4_ros_com/src/examples/offboard/offboard_control.cpp:37:63:[m[K [01;31m[Kerror: [m[Kinvalid conversion from ‘[01m[Kchar*[m[K’ to ‘[01m[Klong unsigned int[m[K’ [[01;31m[K-fpermissive[m[K]
[3.237s]    37 | :string VehicleCommand_topic = "/px4_" + std::to_string([01;31m[Kuav_id[m[K) + "/fmu/in/vehicle_command";
[3.237s]       |                                                         [01;31m[K^~~~~~[m[K
[3.237s]       |                                                         [01;31m[K|[m[K
[3.237s]       |                                                         [01;31m[Kchar*[m[K
[3.237s] 
[3.237s] In file included from [01m[K/usr/include/c++/9/string:55[m[K,
[3.237s]                  from [01m[K/usr/include/c++/9/stdexcept:39[m[K,
[3.237s]                  from [01m[K/usr/include/c++/9/array:39[m[K,
[3.237s]                  from [01m[K/usr/include/c++/9/tuple:39[m[K,
[3.238s]                  from [01m[K/usr/include/c++/9/functional:54[m[K,
[3.238s]                  from [01m[K/usr/include/c++/9/pstl/glue_algorithm_defs.h:13[m[K,
[3.238s]                  from [01m[K/usr/include/c++/9/algorithm:71[m[K,
[3.238s]                  from [01m[K/opt/ros/galactic/include/rosidl_runtime_cpp/bounded_vector.hpp:18[m[K,
[3.238s]                  from [01m[K/home/a/ros2_ws/install/px4_msgs/include/px4_msgs/msg/detail/offboard_control_mode__struct.hpp:8[m[K,
[3.238s]                  from [01m[K/home/a/ros2_ws/install/px4_msgs/include/px4_msgs/msg/offboard_control_mode.hpp:7[m[K,
[3.238s]                  from [01m[K/home/a/ros2_ws/src/px4_ros_com/src/examples/offboard/offboard_control.cpp:13[m[K:
[3.240s] [01m[K/usr/include/c++/9/bits/basic_string.h:6571:3:[m[K [01;36m[Knote: [m[Kcandidate: ‘[01m[Kstd::string std::__cxx11::to_string(long long int)[m[K’ <near match>
[3.247s]  6571 |   [01;36m[Kto_string[m[K(long long __val)
[3.247s]       |   [01;36m[K^~~~~~~~~[m[K
[3.248s] [01m[K/usr/include/c++/9/bits/basic_string.h:6571:3:[m[K [01;36m[Knote: [m[K  conversion of argument 1 would be ill-formed:
[3.248s] [01m[K/home/a/ros2_ws/src/px4_ros_com/src/examples/offboard/offboard_control.cpp:37:63:[m[K [01;31m[Kerror: [m[Kinvalid conversion from ‘[01m[Kchar*[m[K’ to ‘[01m[Klong long int[m[K’ [[01;31m[K-fpermissive[m[K]
[3.248s]    37 | :string VehicleCommand_topic = "/px4_" + std::to_string([01;31m[Kuav_id[m[K) + "/fmu/in/vehicle_command";
[3.248s]       |                                                         [01;31m[K^~~~~~[m[K
[3.248s]       |                                                         [01;31m[K|[m[K
[3.248s]       |                                                         [01;31m[Kchar*[m[K
[3.248s] 
[3.248s] In file included from [01m[K/usr/include/c++/9/string:55[m[K,
[3.248s]                  from [01m[K/usr/include/c++/9/stdexcept:39[m[K,
[3.248s]                  from [01m[K/usr/include/c++/9/array:39[m[K,
[3.248s]                  from [01m[K/usr/include/c++/9/tuple:39[m[K,
[3.248s]                  from [01m[K/usr/include/c++/9/functional:54[m[K,
[3.248s]                  from [01m[K/usr/include/c++/9/pstl/glue_algorithm_defs.h:13[m[K,
[3.248s]                  from [01m[K/usr/include/c++/9/algorithm:71[m[K,
[3.248s]                  from [01m[K/opt/ros/galactic/include/rosidl_runtime_cpp/bounded_vector.hpp:18[m[K,
[3.248s]                  from [01m[K/home/a/ros2_ws/install/px4_msgs/include/px4_msgs/msg/detail/offboard_control_mode__struct.hpp:8[m[K,
[3.249s]                  from [01m[K/home/a/ros2_ws/install/px4_msgs/include/px4_msgs/msg/offboard_control_mode.hpp:7[m[K,
[3.249s]                  from [01m[K/home/a/ros2_ws/src/px4_ros_com/src/examples/offboard/offboard_control.cpp:13[m[K:
[3.249s] [01m[K/usr/include/c++/9/bits/basic_string.h:6577:3:[m[K [01;36m[Knote: [m[Kcandidate: ‘[01m[Kstd::string std::__cxx11::to_string(long long unsigned int)[m[K’ <near match>
[3.249s]  6577 |   [01;36m[Kto_string[m[K(unsigned long long __val)
[3.249s]       |   [01;36m[K^~~~~~~~~[m[K
[3.249s] [01m[K/usr/include/c++/9/bits/basic_string.h:6577:3:[m[K [01;36m[Knote: [m[K  conversion of argument 1 would be ill-formed:
[3.249s] [01m[K/home/a/ros2_ws/src/px4_ros_com/src/examples/offboard/offboard_control.cpp:37:63:[m[K [01;31m[Kerror: [m[Kinvalid conversion from ‘[01m[Kchar*[m[K’ to ‘[01m[Klong long unsigned int[m[K’ [[01;31m[K-fpermissive[m[K]
[3.250s]    37 | :string VehicleCommand_topic = "/px4_" + std::to_string([01;31m[Kuav_id[m[K) + "/fmu/in/vehicle_command";
[3.250s]       |                                                         [01;31m[K^~~~~~[m[K
[3.250s]       |                                                         [01;31m[K|[m[K
[3.250s]       |                                                         [01;31m[Kchar*[m[K
[3.250s] 
[3.301s] [01m[K/home/a/ros2_ws/src/px4_ros_com/src/examples/offboard/offboard_control.cpp:[m[K In member function ‘[01m[Kvoid OffboardControl::publish_vehicle_command(uint16_t, float, float)[m[K’:
[3.301s] [01m[K/home/a/ros2_ws/src/px4_ros_com/src/examples/offboard/offboard_control.cpp:167:67:[m[K [01;31m[Kerror: [m[Kno matching function for call to ‘[01m[Kto_string(char*&)[m[K’
[3.301s]   167 | ng VehicleStatus_topic = "/px4_" + std::to_string(uav_id[01;31m[K)[m[K + "/fmu/in/vehicle_status";
[3.301s]       |                                                         [01;31m[K^[m[K
[3.301s] 
[3.301s] In file included from [01m[K/usr/include/c++/9/string:55[m[K,
[3.301s]                  from [01m[K/usr/include/c++/9/stdexcept:39[m[K,
[3.301s]                  from [01m[K/usr/include/c++/9/array:39[m[K,
[3.301s]                  from [01m[K/usr/include/c++/9/tuple:39[m[K,
[3.302s]                  from [01m[K/usr/include/c++/9/functional:54[m[K,
[3.302s]                  from [01m[K/usr/include/c++/9/pstl/glue_algorithm_defs.h:13[m[K,
[3.302s]                  from [01m[K/usr/include/c++/9/algorithm:71[m[K,
[3.302s]                  from [01m[K/opt/ros/galactic/include/rosidl_runtime_cpp/bounded_vector.hpp:18[m[K,
[3.302s]                  from [01m[K/home/a/ros2_ws/install/px4_msgs/include/px4_msgs/msg/detail/offboard_control_mode__struct.hpp:8[m[K,
[3.302s]                  from [01m[K/home/a/ros2_ws/install/px4_msgs/include/px4_msgs/msg/offboard_control_mode.hpp:7[m[K,
[3.302s]                  from [01m[K/home/a/ros2_ws/src/px4_ros_com/src/examples/offboard/offboard_control.cpp:13[m[K:
[3.303s] [01m[K/usr/include/c++/9/bits/basic_string.h:6549:3:[m[K [01;36m[Knote: [m[Kcandidate: ‘[01m[Kstd::string std::__cxx11::to_string(int)[m[K’ <near match>
[3.303s]  6549 |   [01;36m[Kto_string[m[K(int __val)
[3.303s]       |   [01;36m[K^~~~~~~~~[m[K
[3.303s] [01m[K/usr/include/c++/9/bits/basic_string.h:6549:3:[m[K [01;36m[Knote: [m[K  conversion of argument 1 would be ill-formed:
[3.303s] [01m[K/home/a/ros2_ws/src/px4_ros_com/src/examples/offboard/offboard_control.cpp:167:61:[m[K [01;31m[Kerror: [m[Kinvalid conversion from ‘[01m[Kchar*[m[K’ to ‘[01m[Kint[m[K’ [[01;31m[K-fpermissive[m[K]
[3.303s]   167 | ::string VehicleStatus_topic = "/px4_" + std::to_string([01;31m[Kuav_id[m[K) + "/fmu/in/vehicle_status";
[3.303s]       |                                                         [01;31m[K^~~~~~[m[K
[3.303s]       |                                                         [01;31m[K|[m[K
[3.303s]       |                                                         [01;31m[Kchar*[m[K
[3.303s] 
[3.303s] In file included from [01m[K/usr/include/c++/9/string:55[m[K,
[3.303s]                  from [01m[K/usr/include/c++/9/stdexcept:39[m[K,
[3.303s]                  from [01m[K/usr/include/c++/9/array:39[m[K,
[3.303s]                  from [01m[K/usr/include/c++/9/tuple:39[m[K,
[3.303s]                  from [01m[K/usr/include/c++/9/functional:54[m[K,
[3.303s]                  from [01m[K/usr/include/c++/9/pstl/glue_algorithm_defs.h:13[m[K,
[3.304s]                  from [01m[K/usr/include/c++/9/algorithm:71[m[K,
[3.304s]                  from [01m[K/opt/ros/galactic/include/rosidl_runtime_cpp/bounded_vector.hpp:18[m[K,
[3.304s]                  from [01m[K/home/a/ros2_ws/install/px4_msgs/include/px4_msgs/msg/detail/offboard_control_mode__struct.hpp:8[m[K,
[3.304s]                  from [01m[K/home/a/ros2_ws/install/px4_msgs/include/px4_msgs/msg/offboard_control_mode.hpp:7[m[K,
[3.304s]                  from [01m[K/home/a/ros2_ws/src/px4_ros_com/src/examples/offboard/offboard_control.cpp:13[m[K:
[3.304s] [01m[K/usr/include/c++/9/bits/basic_string.h:6554:3:[m[K [01;36m[Knote: [m[Kcandidate: ‘[01m[Kstd::string std::__cxx11::to_string(unsigned int)[m[K’ <near match>
[3.304s]  6554 |   [01;36m[Kto_string[m[K(unsigned __val)
[3.304s]       |   [01;36m[K^~~~~~~~~[m[K
[3.304s] [01m[K/usr/include/c++/9/bits/basic_string.h:6554:3:[m[K [01;36m[Knote: [m[K  conversion of argument 1 would be ill-formed:
[3.304s] [01m[K/home/a/ros2_ws/src/px4_ros_com/src/examples/offboard/offboard_control.cpp:167:61:[m[K [01;31m[Kerror: [m[Kinvalid conversion from ‘[01m[Kchar*[m[K’ to ‘[01m[Kunsigned int[m[K’ [[01;31m[K-fpermissive[m[K]
[3.304s]   167 | ::string VehicleStatus_topic = "/px4_" + std::to_string([01;31m[Kuav_id[m[K) + "/fmu/in/vehicle_status";
[3.304s]       |                                                         [01;31m[K^~~~~~[m[K
[3.304s]       |                                                         [01;31m[K|[m[K
[3.304s]       |                                                         [01;31m[Kchar*[m[K
[3.304s] 
[3.305s] In file included from [01m[K/usr/include/c++/9/string:55[m[K,
[3.305s]                  from [01m[K/usr/include/c++/9/stdexcept:39[m[K,
[3.305s]                  from [01m[K/usr/include/c++/9/array:39[m[K,
[3.305s]                  from [01m[K/usr/include/c++/9/tuple:39[m[K,
[3.305s]                  from [01m[K/usr/include/c++/9/functional:54[m[K,
[3.305s]                  from [01m[K/usr/include/c++/9/pstl/glue_algorithm_defs.h:13[m[K,
[3.305s]                  from [01m[K/usr/include/c++/9/algorithm:71[m[K,
[3.305s]                  from [01m[K/opt/ros/galactic/include/rosidl_runtime_cpp/bounded_vector.hpp:18[m[K,
[3.305s]                  from [01m[K/home/a/ros2_ws/install/px4_msgs/include/px4_msgs/msg/detail/offboard_control_mode__struct.hpp:8[m[K,
[3.305s]                  from [01m[K/home/a/ros2_ws/install/px4_msgs/include/px4_msgs/msg/offboard_control_mode.hpp:7[m[K,
[3.305s]                  from [01m[K/home/a/ros2_ws/src/px4_ros_com/src/examples/offboard/offboard_control.cpp:13[m[K:
[3.305s] [01m[K/usr/include/c++/9/bits/basic_string.h:6560:3:[m[K [01;36m[Knote: [m[Kcandidate: ‘[01m[Kstd::string std::__cxx11::to_string(long int)[m[K’ <near match>
[3.305s]  6560 |   [01;36m[Kto_string[m[K(long __val)
[3.305s]       |   [01;36m[K^~~~~~~~~[m[K
[3.305s] [01m[K/usr/include/c++/9/bits/basic_string.h:6560:3:[m[K [01;36m[Knote: [m[K  conversion of argument 1 would be ill-formed:
[3.306s] [01m[K/home/a/ros2_ws/src/px4_ros_com/src/examples/offboard/offboard_control.cpp:167:61:[m[K [01;31m[Kerror: [m[Kinvalid conversion from ‘[01m[Kchar*[m[K’ to ‘[01m[Klong int[m[K’ [[01;31m[K-fpermissive[m[K]
[3.306s]   167 | ::string VehicleStatus_topic = "/px4_" + std::to_string([01;31m[Kuav_id[m[K) + "/fmu/in/vehicle_status";
[3.306s]       |                                                         [01;31m[K^~~~~~[m[K
[3.306s]       |                                                         [01;31m[K|[m[K
[3.306s]       |                                                         [01;31m[Kchar*[m[K
[3.306s] 
[3.306s] In file included from [01m[K/usr/include/c++/9/string:55[m[K,
[3.306s]                  from [01m[K/usr/include/c++/9/stdexcept:39[m[K,
[3.306s]                  from [01m[K/usr/include/c++/9/array:39[m[K,
[3.306s]                  from [01m[K/usr/include/c++/9/tuple:39[m[K,
[3.306s]                  from [01m[K/usr/include/c++/9/functional:54[m[K,
[3.306s]                  from [01m[K/usr/include/c++/9/pstl/glue_algorithm_defs.h:13[m[K,
[3.306s]                  from [01m[K/usr/include/c++/9/algorithm:71[m[K,
[3.306s]                  from [01m[K/opt/ros/galactic/include/rosidl_runtime_cpp/bounded_vector.hpp:18[m[K,
[3.306s]                  from [01m[K/home/a/ros2_ws/install/px4_msgs/include/px4_msgs/msg/detail/offboard_control_mode__struct.hpp:8[m[K,
[3.306s]                  from [01m[K/home/a/ros2_ws/install/px4_msgs/include/px4_msgs/msg/offboard_control_mode.hpp:7[m[K,
[3.306s]                  from [01m[K/home/a/ros2_ws/src/px4_ros_com/src/examples/offboard/offboard_control.cpp:13[m[K:
[3.307s] [01m[K/usr/include/c++/9/bits/basic_string.h:6565:3:[m[K [01;36m[Knote: [m[Kcandidate: ‘[01m[Kstd::string std::__cxx11::to_string(long unsigned int)[m[K’ <near match>
[3.307s]  6565 |   [01;36m[Kto_string[m[K(unsigned long __val)
[3.315s]       |   [01;36m[K^~~~~~~~~[m[K
[3.316s] [01m[K/usr/include/c++/9/bits/basic_string.h:6565:3:[m[K [01;36m[Knote: [m[K  conversion of argument 1 would be ill-formed:
[3.316s] [01m[K/home/a/ros2_ws/src/px4_ros_com/src/examples/offboard/offboard_control.cpp:167:61:[m[K [01;31m[Kerror: [m[Kinvalid conversion from ‘[01m[Kchar*[m[K’ to ‘[01m[Klong unsigned int[m[K’ [[01;31m[K-fpermissive[m[K]
[3.316s]   167 | ::string VehicleStatus_topic = "/px4_" + std::to_string([01;31m[Kuav_id[m[K) + "/fmu/in/vehicle_status";
[3.320s]       |                                                         [01;31m[K^~~~~~[m[K
[3.321s]       |                                                         [01;31m[K|[m[K
[3.321s]       |                                                         [01;31m[Kchar*[m[K
[3.321s] 
[3.321s] In file included from [01m[K/usr/include/c++/9/string:55[m[K,
[3.321s]                  from [01m[K/usr/include/c++/9/stdexcept:39[m[K,
[3.321s]                  from [01m[K/usr/include/c++/9/array:39[m[K,
[3.321s]                  from [01m[K/usr/include/c++/9/tuple:39[m[K,
[3.321s]                  from [01m[K/usr/include/c++/9/functional:54[m[K,
[3.321s]                  from [01m[K/usr/include/c++/9/pstl/glue_algorithm_defs.h:13[m[K,
[3.321s]                  from [01m[K/usr/include/c++/9/algorithm:71[m[K,
[3.321s]                  from [01m[K/opt/ros/galactic/include/rosidl_runtime_cpp/bounded_vector.hpp:18[m[K,
[3.321s]                  from [01m[K/home/a/ros2_ws/install/px4_msgs/include/px4_msgs/msg/detail/offboard_control_mode__struct.hpp:8[m[K,
[3.321s]                  from [01m[K/home/a/ros2_ws/install/px4_msgs/include/px4_msgs/msg/offboard_control_mode.hpp:7[m[K,
[3.321s]                  from [01m[K/home/a/ros2_ws/src/px4_ros_com/src/examples/offboard/offboard_control.cpp:13[m[K:
[3.321s] [01m[K/usr/include/c++/9/bits/basic_string.h:6571:3:[m[K [01;36m[Knote: [m[Kcandidate: ‘[01m[Kstd::string std::__cxx11::to_string(long long int)[m[K’ <near match>
[3.321s]  6571 |   [01;36m[Kto_string[m[K(long long __val)
[3.322s]       |   [01;36m[K^~~~~~~~~[m[K
[3.322s] [01m[K/usr/include/c++/9/bits/basic_string.h:6571:3:[m[K [01;36m[Knote: [m[K  conversion of argument 1 would be ill-formed:
[3.322s] [01m[K/home/a/ros2_ws/src/px4_ros_com/src/examples/offboard/offboard_control.cpp:167:61:[m[K [01;31m[Kerror: [m[Kinvalid conversion from ‘[01m[Kchar*[m[K’ to ‘[01m[Klong long int[m[K’ [[01;31m[K-fpermissive[m[K]
[3.322s]   167 | ::string VehicleStatus_topic = "/px4_" + std::to_string([01;31m[Kuav_id[m[K) + "/fmu/in/vehicle_status";
[3.322s]       |                                                         [01;31m[K^~~~~~[m[K
[3.322s]       |                                                         [01;31m[K|[m[K
[3.322s]       |                                                         [01;31m[Kchar*[m[K
[3.322s] 
[3.322s] In file included from [01m[K/usr/include/c++/9/string:55[m[K,
[3.322s]                  from [01m[K/usr/include/c++/9/stdexcept:39[m[K,
[3.322s]                  from [01m[K/usr/include/c++/9/array:39[m[K,
[3.323s]                  from [01m[K/usr/include/c++/9/tuple:39[m[K,
[3.323s]                  from [01m[K/usr/include/c++/9/functional:54[m[K,
[3.323s]                  from [01m[K/usr/include/c++/9/pstl/glue_algorithm_defs.h:13[m[K,
[3.323s]                  from [01m[K/usr/include/c++/9/algorithm:71[m[K,
[3.323s]                  from [01m[K/opt/ros/galactic/include/rosidl_runtime_cpp/bounded_vector.hpp:18[m[K,
[3.323s]                  from [01m[K/home/a/ros2_ws/install/px4_msgs/include/px4_msgs/msg/detail/offboard_control_mode__struct.hpp:8[m[K,
[3.323s]                  from [01m[K/home/a/ros2_ws/install/px4_msgs/include/px4_msgs/msg/offboard_control_mode.hpp:7[m[K,
[3.323s]                  from [01m[K/home/a/ros2_ws/src/px4_ros_com/src/examples/offboard/offboard_control.cpp:13[m[K:
[3.323s] [01m[K/usr/include/c++/9/bits/basic_string.h:6577:3:[m[K [01;36m[Knote: [m[Kcandidate: ‘[01m[Kstd::string std::__cxx11::to_string(long long unsigned int)[m[K’ <near match>
[3.323s]  6577 |   [01;36m[Kto_string[m[K(unsigned long long __val)
[3.327s]       |   [01;36m[K^~~~~~~~~[m[K
[3.327s] [01m[K/usr/include/c++/9/bits/basic_string.h:6577:3:[m[K [01;36m[Knote: [m[K  conversion of argument 1 would be ill-formed:
[3.327s] [01m[K/home/a/ros2_ws/src/px4_ros_com/src/examples/offboard/offboard_control.cpp:167:61:[m[K [01;31m[Kerror: [m[Kinvalid conversion from ‘[01m[Kchar*[m[K’ to ‘[01m[Klong long unsigned int[m[K’ [[01;31m[K-fpermissive[m[K]
[3.327s]   167 | ::string VehicleStatus_topic = "/px4_" + std::to_string([01;31m[Kuav_id[m[K) + "/fmu/in/vehicle_status";
[3.327s]       |                                                         [01;31m[K^~~~~~[m[K
[3.327s]       |                                                         [01;31m[K|[m[K
[3.327s]       |                                                         [01;31m[Kchar*[m[K
[3.327s] 
[7.008s] make[2]: *** [CMakeFiles/offboard_control.dir/build.make:63：CMakeFiles/offboard_control.dir/src/examples/offboard/offboard_control.cpp.o] 错误 1
[7.008s] make[1]: *** [CMakeFiles/Makefile2:266：CMakeFiles/offboard_control.dir/all] 错误 2
[7.008s] make: *** [Makefile:141：all] 错误 2
[7.011s] Invoked command in '/home/a/ros2_ws/build/px4_ros_com' returned '2': CMAKE_PREFIX_PATH=/home/a/ros2_ws/install/px4_msgs:/home/a/ros2_ws/install/px4_ros_com:/home/a/ros2_ws/install/my_uav:/opt/ros/galactic LD_LIBRARY_PATH=/home/a/ros2_ws/install/px4_msgs/lib:/home/a/ros2_ws/install/px4_ros_com/lib:/usr/lib/x86_64-linux-gnu/gazebo-11/plugins:/opt/ros/galactic/opt/yaml_cpp_vendor/lib:/opt/ros/galactic/opt/rviz_ogre_vendor/lib:/opt/ros/galactic/lib/x86_64-linux-gnu:/opt/ros/galactic/lib:/home/a/PX4-Autopilot/build/px4_sitl_default/build_gazebo-classic /usr/bin/cmake --build /home/a/ros2_ws/build/px4_ros_com -- -j2 -l2
