-- Found ament_cmake: 1.1.6 (/opt/ros/galactic/share/ament_cmake/cmake)
-- Using PYTHON_EXECUTABLE: /usr/bin/python3
-- Found ament_lint_auto: 0.10.7 (/opt/ros/galactic/share/ament_lint_auto/cmake)
-- Found rclcpp: 9.2.2 (/opt/ros/galactic/share/rclcpp/cmake)
-- Using all available rosidl_typesupport_c: rosidl_typesupport_fastrtps_c;rosidl_typesupport_introspection_c
-- Found rosidl_adapter: 2.2.3 (/opt/ros/galactic/share/rosidl_adapter/cmake)
-- Using all available rosidl_typesupport_cpp: rosidl_typesupport_fastrtps_cpp;rosidl_typesupport_introspection_cpp
-- Found rmw_implementation_cmake: 3.3.1 (/opt/ros/galactic/share/rmw_implementation_cmake/cmake)
-- Found rmw_cyclonedds_cpp: 0.22.6 (/opt/ros/galactic/share/rmw_cyclonedds_cpp/cmake)
-- Using RMW implementation 'rmw_cyclonedds_cpp' as default
-- Found sensor_msgs: 2.2.4 (/opt/ros/galactic/share/sensor_msgs/cmake)
-- Found px4_msgs: 2.0.1 (/home/a/ros2_ws/install/px4_msgs/share/px4_msgs/cmake)
-- Found cv_bridge: 3.1.3 (/opt/ros/galactic/share/cv_bridge/cmake)
-- Added test 'copyright' to check source files copyright and LICENSE
-- Added test 'cppcheck' to perform static code analysis on C / C++ code
-- Configured cppcheck include dirs: 
-- Configured cppcheck exclude dirs and/or files: 
-- Added test 'cpplint' to check C / C++ code against the Google style
-- Configured cpplint exclude dirs and/or files: 
-- Added test 'flake8' to check Python code syntax and style conventions
-- Added test 'lint_cmake' to check CMake code style
-- Added test 'pep257' to check Python code against some of the style conventions in PEP 257
-- Added test 'uncrustify' to check C / C++ code style
-- Configured uncrustify additional arguments: 
-- Added test 'xmllint' to check XML markup files
-- Configuring done
-- Generating done
-- Build files have been written to: /home/a/uav/build/my_uav
[ 11%] Built target uav_control_node
[ 22%] Built target image_sub
[ 33%] Built target internlm_m_node
[ 44%] Built target internvl
[ 55%] Built target internlm_m_listener
[35m[1mScanning dependencies of target ray_sub[0m
[ 66%] Built target internvl_listener
[ 77%] Built target camera_listener
[ 83%] [32mBuilding CXX object CMakeFiles/ray_sub.dir/src/ray_sub.cpp.o[0m
[35m[1mScanning dependencies of target ray_listener[0m
[ 88%] [32mBuilding CXX object CMakeFiles/ray_listener.dir/src/ray_listener.cpp.o[0m
In file included from [01m[K/opt/ros/galactic/include/rclcpp/client.hpp:40[m[K,
                 from [01m[K/opt/ros/galactic/include/rclcpp/callback_group.hpp:23[m[K,
                 from [01m[K/opt/ros/galactic/include/rclcpp/any_executable.hpp:20[m[K,
                 from [01m[K/opt/ros/galactic/include/rclcpp/memory_strategy.hpp:25[m[K,
                 from [01m[K/opt/ros/galactic/include/rclcpp/memory_strategies.hpp:18[m[K,
                 from [01m[K/opt/ros/galactic/include/rclcpp/executor_options.hpp:20[m[K,
                 from [01m[K/opt/ros/galactic/include/rclcpp/executor.hpp:36[m[K,
                 from [01m[K/opt/ros/galactic/include/rclcpp/executors/multi_threaded_executor.hpp:26[m[K,
                 from [01m[K/opt/ros/galactic/include/rclcpp/executors.hpp:21[m[K,
                 from [01m[K/opt/ros/galactic/include/rclcpp/rclcpp.hpp:156[m[K,
                 from [01m[K/home/a/uav/src/my_uav/src/ray_listener.cpp:26[m[K:
[01m[K/home/a/uav/src/my_uav/src/ray_listener.cpp:[m[K In member function ‘[01m[Kvoid LaserScanListener::scan_callback(sensor_msgs::msg::LaserScan_<std::allocator<void> >::UniquePtr)[m[K’:
[01m[K/home/a/uav/src/my_uav/src/ray_listener.cpp:88:35:[m[K [01;35m[Kwarning: [m[Kformat ‘[01m[K%f[m[K’ expects a matching ‘[01m[Kdouble[m[K’ argument [[01;35m[K-Wformat=[m[K]
   88 |   RCLCPP_INFO(this->get_logger(), [01;35m[K"Received LaserScan: angle_min = %f, angle_increment = %f, range[0] = %f,range[1] = %f"[m[K,
      |                                   [01;35m[K^~~~~~~~~~~~~~~~~~~~~~~~~~~~~~~~~~~~~~~~~~~~~~~~~~~~~~~~~~~~~~~~~~~~~~~~~~~~~~~~~~~~~~~[m[K
[01m[K/home/a/uav/src/my_uav/src/ray_listener.cpp:88:120:[m[K [01;36m[Knote: [m[Kformat string is defined here
   88 | le_min = %f, angle_increment = %f, range[0] = %f,range[1] = [01;36m[K%f[m[K",
      |                                                             [01;36m[K~^[m[K
      |                                                              [01;36m[K|[m[K
      |                                                              [01;36m[Kdouble[m[K

[ 94%] [32m[1mLinking CXX executable ray_listener[0m
[ 94%] Built target ray_listener
[100%] [32m[1mLinking CXX executable ray_sub[0m
[100%] Built target ray_sub
-- Install configuration: ""
-- Up-to-date: /home/a/uav/install/my_uav/share/my_uav/launch
-- Up-to-date: /home/a/uav/install/my_uav/share/my_uav/launch/sitl.launch
-- Up-to-date: /home/a/uav/install/my_uav/share/my_uav/launch/p450.py
-- Up-to-date: /home/a/uav/install/my_uav/share/my_uav/launch/gz_launch.py
-- Up-to-date: /home/a/uav/install/my_uav/share/my_uav/launch/cam_sub.launch.py
-- Up-to-date: /home/a/uav/install/my_uav/share/my_uav/models
-- Up-to-date: /home/a/uav/install/my_uav/share/my_uav/models/p450_2Dlidar_depth
-- Up-to-date: /home/a/uav/install/my_uav/share/my_uav/models/p450_2Dlidar_depth/model.config
-- Up-to-date: /home/a/uav/install/my_uav/share/my_uav/models/p450_2Dlidar_depth/p450_2Dlidar_depth.sdf
-- Up-to-date: /home/a/uav/install/my_uav/share/my_uav/models/p450
-- Up-to-date: /home/a/uav/install/my_uav/share/my_uav/models/p450/model.config
-- Up-to-date: /home/a/uav/install/my_uav/share/my_uav/models/p450/meshes
-- Up-to-date: /home/a/uav/install/my_uav/share/my_uav/models/p450/meshes/p450_ccw.stl
-- Up-to-date: /home/a/uav/install/my_uav/share/my_uav/models/p450/meshes/p450.stl
-- Up-to-date: /home/a/uav/install/my_uav/share/my_uav/models/p450/meshes/p450_cw.stl
-- Up-to-date: /home/a/uav/install/my_uav/share/my_uav/models/p450/p450.sdf
-- Up-to-date: /home/a/uav/install/my_uav/share/my_uav/models/hokuyo_ust_20lx
-- Up-to-date: /home/a/uav/install/my_uav/share/my_uav/models/hokuyo_ust_20lx/hokuyo_ust_20lx.sdf
-- Up-to-date: /home/a/uav/install/my_uav/share/my_uav/models/hokuyo_ust_20lx/model.config
-- Up-to-date: /home/a/uav/install/my_uav/share/my_uav/models/p450_hokuyo_2Dlidar
-- Up-to-date: /home/a/uav/install/my_uav/share/my_uav/models/p450_hokuyo_2Dlidar/p450_hokuyo_2Dlidar.sdf
-- Up-to-date: /home/a/uav/install/my_uav/share/my_uav/models/p450_hokuyo_2Dlidar/model.config
-- Up-to-date: /home/a/uav/install/my_uav/share/my_uav/models/depth
-- Up-to-date: /home/a/uav/install/my_uav/share/my_uav/models/depth/model.config
-- Up-to-date: /home/a/uav/install/my_uav/share/my_uav/models/depth/depth.sdf
-- Up-to-date: /home/a/uav/install/my_uav/share/my_uav/models/D435i
-- Up-to-date: /home/a/uav/install/my_uav/share/my_uav/models/D435i/materials
-- Up-to-date: /home/a/uav/install/my_uav/share/my_uav/models/D435i/materials/textures
-- Up-to-date: /home/a/uav/install/my_uav/share/my_uav/models/D435i/materials/textures/realsense_diffuse.png
-- Up-to-date: /home/a/uav/install/my_uav/share/my_uav/models/D435i/model.config
-- Up-to-date: /home/a/uav/install/my_uav/share/my_uav/models/D435i/D435i.sdf
-- Up-to-date: /home/a/uav/install/my_uav/share/my_uav/models/D435i/meshes
-- Up-to-date: /home/a/uav/install/my_uav/share/my_uav/models/D435i/meshes/realsense_d435.stl
-- Up-to-date: /home/a/uav/install/my_uav/share/my_uav/models/D435i/meshes/D435i.dae
-- Up-to-date: /home/a/uav/install/my_uav/share/my_uav/models/p450_depth
-- Up-to-date: /home/a/uav/install/my_uav/share/my_uav/models/p450_depth/model.config
-- Up-to-date: /home/a/uav/install/my_uav/share/my_uav/models/p450_depth/p450_depth.sdf
-- Up-to-date: /home/a/uav/install/my_uav/share/my_uav/worlds
-- Up-to-date: /home/a/uav/install/my_uav/share/my_uav/worlds/leida.world
-- Up-to-date: /home/a/uav/install/my_uav/share/my_uav/worlds/my.world
-- Up-to-date: /home/a/uav/install/my_uav/share/my_uav/worlds/baylands.world
-- Up-to-date: /home/a/uav/install/my_uav/share/my_uav/worlds/safe_landing.world
-- Up-to-date: /home/a/uav/install/my_uav/share/my_uav/worlds/yosemite.world
-- Up-to-date: /home/a/uav/install/my_uav/share/my_uav/worlds/mcmillan_airfield.world
-- Up-to-date: /home/a/uav/install/my_uav/share/my_uav/worlds/cam.world
-- Up-to-date: /home/a/uav/install/my_uav/share/my_uav/worlds/sonoma_raceway.world
-- Up-to-date: /home/a/uav/install/my_uav/share/my_uav/worlds/empty_world.world
-- Up-to-date: /home/a/uav/install/my_uav/lib/my_uav/my_python_node.py
-- Up-to-date: /home/a/uav/install/my_uav/lib/my_uav/uav_control_node
-- Up-to-date: /home/a/uav/install/my_uav/lib/my_uav/internlm_m_node
-- Up-to-date: /home/a/uav/install/my_uav/lib/my_uav/internvl
-- Up-to-date: /home/a/uav/install/my_uav/lib/my_uav/internlm_m_listener
-- Up-to-date: /home/a/uav/install/my_uav/lib/my_uav/internvl_listener
-- Installing: /home/a/uav/install/my_uav/lib/my_uav/image_sub
-- Set runtime path of "/home/a/uav/install/my_uav/lib/my_uav/image_sub" to ""
-- Installing: /home/a/uav/install/my_uav/lib/my_uav/ray_sub
-- Set runtime path of "/home/a/uav/install/my_uav/lib/my_uav/ray_sub" to ""
-- Up-to-date: /home/a/uav/install/my_uav/lib/my_uav/camera_listener
-- Installing: /home/a/uav/install/my_uav/lib/my_uav/ray_listener
-- Set runtime path of "/home/a/uav/install/my_uav/lib/my_uav/ray_listener" to ""
-- Up-to-date: /home/a/uav/install/my_uav/share/ament_index/resource_index/package_run_dependencies/my_uav
-- Installing: /home/a/uav/install/my_uav/share/ament_index/resource_index/parent_prefix_path/my_uav
-- Up-to-date: /home/a/uav/install/my_uav/share/my_uav/environment/ament_prefix_path.sh
-- Installing: /home/a/uav/install/my_uav/share/my_uav/environment/ament_prefix_path.dsv
-- Up-to-date: /home/a/uav/install/my_uav/share/my_uav/environment/path.sh
-- Installing: /home/a/uav/install/my_uav/share/my_uav/environment/path.dsv
-- Up-to-date: /home/a/uav/install/my_uav/share/my_uav/local_setup.bash
-- Up-to-date: /home/a/uav/install/my_uav/share/my_uav/local_setup.sh
-- Up-to-date: /home/a/uav/install/my_uav/share/my_uav/local_setup.zsh
-- Installing: /home/a/uav/install/my_uav/share/my_uav/local_setup.dsv
-- Installing: /home/a/uav/install/my_uav/share/my_uav/package.dsv
-- Up-to-date: /home/a/uav/install/my_uav/share/ament_index/resource_index/packages/my_uav
-- Up-to-date: /home/a/uav/install/my_uav/share/my_uav/cmake/my_uavConfig.cmake
-- Up-to-date: /home/a/uav/install/my_uav/share/my_uav/cmake/my_uavConfig-version.cmake
-- Up-to-date: /home/a/uav/install/my_uav/share/my_uav/package.xml
