[  6%] Built target my_uav_node
[ 13%] Built target offboard_control_mode
[ 20%] Built target commander
[ 26%] Built target arm
[ 33%] Built target frame_transforms
[ 40%] Built target offboard_control
[ 46%] Built target sensor_combined_listener
[ 53%] Built target vehicle_gps_position_listener
[ 60%] Built target debug_vect_advertiser
[ 66%] Built target trajectory_setpoint
[ 73%] Built target vel_yaw
[ 80%] Built target vehicle_attitude_listener
[35m[1mScanning dependencies of target vehicle_status[0m
[ 83%] [32mBuilding CXX object CMakeFiles/vehicle_status.dir/src/examples/listeners/vehicle_status.cpp.o[0m
[01m[K/home/a/ros2_ws/src/px4_ros_com/src/examples/listeners/vehicle_status.cpp:[m[K In lambda function:
[01m[K/home/a/ros2_ws/src/px4_ros_com/src/examples/listeners/vehicle_status.cpp:30:55:[m[K [01;31m[Kerror: [m[K‘[01m[Kconst UniquePtr[m[K’ {aka ‘[01m[Kconst class std::unique_ptr<px4_msgs::msg::VehicleStatus_<std::allocator<void> >, std::default_delete<px4_msgs::msg::VehicleStatus_<std::allocator<void> > > >[m[K’} has no member named ‘[01m[Ksystem_id[m[K’
   30 |    std::cout << "system_id: " << static_cast<int>(msg.[01;31m[Ksystem_id[m[K)  << std::endl;
      |                                                       [01;31m[K^~~~~~~~~[m[K
[01m[K/home/a/ros2_ws/src/px4_ros_com/src/examples/listeners/vehicle_status.cpp:31:58:[m[K [01;31m[Kerror: [m[K‘[01m[Kconst UniquePtr[m[K’ {aka ‘[01m[Kconst class std::unique_ptr<px4_msgs::msg::VehicleStatus_<std::allocator<void> >, std::default_delete<px4_msgs::msg::VehicleStatus_<std::allocator<void> > > >[m[K’} has no member named ‘[01m[Kcomponent_id[m[K’
   31 |    std::cout << "component_id: " << static_cast<int>(msg.[01;31m[Kcomponent_id[m[K) << std::endl;
      |                                                          [01;31m[K^~~~~~~~~~~~[m[K
make[2]: *** [CMakeFiles/vehicle_status.dir/build.make:63：CMakeFiles/vehicle_status.dir/src/examples/listeners/vehicle_status.cpp.o] 错误 1
make[1]: *** [CMakeFiles/Makefile2:484：CMakeFiles/vehicle_status.dir/all] 错误 2
make: *** [Makefile:141：all] 错误 2
