[0.015s] Invoking command in '/home/a/ros2_ws/build/px4_ros_com': CMAKE_PREFIX_PATH=/home/a/ros2_ws/install/px4_msgs:/home/a/ros2_ws/install/px4_ros_com:/home/a/ros2_ws/install/my_uav:/opt/ros/galactic LD_LIBRARY_PATH=/home/a/ros2_ws/install/px4_msgs/lib:/home/a/ros2_ws/install/px4_ros_com/lib:/usr/lib/x86_64-linux-gnu/gazebo-11/plugins:/opt/ros/galactic/opt/yaml_cpp_vendor/lib:/opt/ros/galactic/opt/rviz_ogre_vendor/lib:/opt/ros/galactic/lib/x86_64-linux-gnu:/opt/ros/galactic/lib:/home/a/PX4-Autopilot/build/px4_sitl_default/build_gazebo-classic /usr/bin/cmake --build /home/a/ros2_ws/build/px4_ros_com -- -j2 -l2
[0.074s] [  9%] Built target frame_transforms
[0.077s] [ 18%] Built target offboard_control
[0.088s] [35m[1mScanning dependencies of target arm[0m
[0.107s] [ 27%] Built target sensor_combined_listener
[0.117s] [ 31%] [32mBuilding CXX object CMakeFiles/arm.dir/src/examples/offboard/arm.cpp.o[0m
[0.144s] [ 40%] Built target my_uav_node
[0.174s] [ 50%] Built target vehicle_gps_position_listener
[0.206s] [ 59%] Built target debug_vect_advertiser
[0.249s] [ 68%] Built target trajectory_setpoint
[0.280s] [ 77%] Built target vel_yaw
[0.323s] [ 86%] Built target vehicle_attitude_listener
[0.359s] [ 95%] Built target offboard_position_control
[1.899s] [01m[K/home/a/ros2_ws/src/px4_ros_com/src/examples/offboard/arm.cpp:34:26:[m[K [01;31m[Kerror: [m[Kreturn type specification for constructor invalid
[1.899s]    34 |  void arm(float armid=0.0[01;31m[K)[m[K;
[1.900s]       |                          [01;31m[K^[m[K
[1.907s] [01m[K/home/a/ros2_ws/src/px4_ros_com/src/examples/offboard/arm.cpp:[m[K In constructor ‘[01m[Karm::arm()[m[K’:
[1.907s] [01m[K/home/a/ros2_ws/src/px4_ros_com/src/examples/offboard/arm.cpp:30:6:[m[K [01;35m[Kwarning: [m[Kunnecessary parentheses in declaration of ‘[01m[Karmid[m[K’ [[01;35m[K-Wparentheses[m[K]
[1.907s]    30 |   arm[01;35m[K([m[Karmid);
[1.907s]       |      [01;35m[K^[m[K
[1.907s] [01m[K/home/a/ros2_ws/src/px4_ros_com/src/examples/offboard/arm.cpp:30:12:[m[K [01;31m[Kerror: [m[Kcall of overloaded ‘[01m[Karm()[m[K’ is ambiguous
[1.907s]    30 |   arm(armid[01;31m[K)[m[K;
[1.907s]       |            [01;31m[K^[m[K
[1.907s] [01m[K/home/a/ros2_ws/src/px4_ros_com/src/examples/offboard/arm.cpp:34:7:[m[K [01;36m[Knote: [m[Kcandidate: ‘[01m[Karm::arm(float)[m[K’
[1.907s]    34 |  void [01;36m[Karm[m[K(float armid=0.0);
[1.907s]       |       [01;36m[K^~~[m[K
[1.907s] [01m[K/home/a/ros2_ws/src/px4_ros_com/src/examples/offboard/arm.cpp:18:5:[m[K [01;36m[Knote: [m[Kcandidate: ‘[01m[Karm::arm()[m[K’
[1.908s]    18 |     [01;36m[Karm[m[K() : Node("arm")
[1.908s]       |     [01;36m[K^~~[m[K
[1.908s] [01m[K/home/a/ros2_ws/src/px4_ros_com/src/examples/offboard/arm.cpp:[m[K At global scope:
[1.908s] [01m[K/home/a/ros2_ws/src/px4_ros_com/src/examples/offboard/arm.cpp:42:30:[m[K [01;31m[Kerror: [m[Kreturn type specification for constructor invalid
[1.908s]    42 | void arm::arm(float arm = 0.0[01;31m[K)[m[K
[1.908s]       |                              [01;31m[K^[m[K
[1.908s] [01m[K/home/a/ros2_ws/src/px4_ros_com/src/examples/offboard/arm.cpp:42:6:[m[K [01;31m[Kerror: [m[Kdefault argument given for parameter 1 of ‘[01m[Karm::arm(float)[m[K’ [[01;31m[K-fpermissive[m[K]
[1.908s]    42 | void [01;31m[Karm[m[K::arm(float arm = 0.0)
[1.908s]       |      [01;31m[K^~~[m[K
[1.908s] [01m[K/home/a/ros2_ws/src/px4_ros_com/src/examples/offboard/arm.cpp:34:7:[m[K [01;36m[Knote: [m[Kprevious specification in ‘[01m[Karm::arm(float)[m[K’ here
[1.909s]    34 |  void [01;36m[Karm[m[K(float armid=0.0);
[1.909s]       |       [01;36m[K^~~[m[K
[1.909s] [01m[K/home/a/ros2_ws/src/px4_ros_com/src/examples/offboard/arm.cpp:[m[K In constructor ‘[01m[Karm::arm(float)[m[K’:
[1.909s] [01m[K/home/a/ros2_ws/src/px4_ros_com/src/examples/offboard/arm.cpp:42:30:[m[K [01;31m[Kerror: [m[Kno matching function for call to ‘[01m[Krclcpp::Node::Node()[m[K’
[1.909s]    42 | void arm::arm(float arm = 0.0[01;31m[K)[m[K
[1.909s]       |                              [01;31m[K^[m[K
[1.909s] In file included from [01m[K/opt/ros/galactic/include/rclcpp/executors/single_threaded_executor.hpp:28[m[K,
[1.909s]                  from [01m[K/opt/ros/galactic/include/rclcpp/executors.hpp:22[m[K,
[1.909s]                  from [01m[K/opt/ros/galactic/include/rclcpp/rclcpp.hpp:156[m[K,
[1.910s]                  from [01m[K/home/a/ros2_ws/src/px4_ros_com/src/examples/offboard/arm.cpp:7[m[K:
[1.910s] [01m[K/opt/ros/galactic/include/rclcpp/node.hpp:1302:3:[m[K [01;36m[Knote: [m[Kcandidate: ‘[01m[Krclcpp::Node::Node(const rclcpp::Node&, const string&)[m[K’
[1.910s]  1302 |   [01;36m[KNode[m[K(
[1.910s]       |   [01;36m[K^~~~[m[K
[1.910s] [01m[K/opt/ros/galactic/include/rclcpp/node.hpp:1302:3:[m[K [01;36m[Knote: [m[K  candidate expects 2 arguments, 0 provided
[1.910s] [01m[K/opt/ros/galactic/include/rclcpp/node.hpp:101:12:[m[K [01;36m[Knote: [m[Kcandidate: ‘[01m[Krclcpp::Node::Node(const string&, const string&, const rclcpp::NodeOptions&)[m[K’
[1.910s]   101 |   explicit [01;36m[KNode[m[K(
[1.910s]       |            [01;36m[K^~~~[m[K
[1.910s] [01m[K/opt/ros/galactic/include/rclcpp/node.hpp:101:12:[m[K [01;36m[Knote: [m[K  candidate expects 3 arguments, 0 provided
[1.910s] [01m[K/opt/ros/galactic/include/rclcpp/node.hpp:89:12:[m[K [01;36m[Knote: [m[Kcandidate: ‘[01m[Krclcpp::Node::Node(const string&, const rclcpp::NodeOptions&)[m[K’
[1.910s]    89 |   explicit [01;36m[KNode[m[K(
[1.910s]       |            [01;36m[K^~~~[m[K
[1.910s] [01m[K/opt/ros/galactic/include/rclcpp/node.hpp:89:12:[m[K [01;36m[Knote: [m[K  candidate expects 2 arguments, 0 provided
[1.910s] [01m[K/home/a/ros2_ws/src/px4_ros_com/src/examples/offboard/arm.cpp:[m[K At global scope:
[1.910s] [01m[K/home/a/ros2_ws/src/px4_ros_com/src/examples/offboard/arm.cpp:57:6:[m[K [01;31m[Kerror: [m[Kdefault argument given for parameter 2 of ‘[01m[Kvoid arm::publish_vehicle_command(uint16_t, float)[m[K’ [[01;31m[K-fpermissive[m[K]
[1.910s]    57 | void [01;31m[Karm[m[K::publish_vehicle_command(uint16_t command, float param1=0.0)
[1.910s]       |      [01;31m[K^~~[m[K
[1.910s] [01m[K/home/a/ros2_ws/src/px4_ros_com/src/examples/offboard/arm.cpp:35:7:[m[K [01;36m[Knote: [m[Kprevious specification in ‘[01m[Kvoid arm::publish_vehicle_command(uint16_t, float)[m[K’ here
[1.910s]    35 |  void [01;36m[Kpublish_vehicle_command[m[K(uint16_t command, float param1 = 0.0);
[1.910s]       |       [01;36m[K^~~~~~~~~~~~~~~~~~~~~~~[m[K
[2.493s] In file included from [01m[K/usr/include/x86_64-linux-gnu/c++/9/bits/c++allocator.h:33[m[K,
[2.494s]                  from [01m[K/usr/include/c++/9/bits/allocator.h:46[m[K,
[2.494s]                  from [01m[K/usr/include/c++/9/memory:63[m[K,
[2.494s]                  from [01m[K/opt/ros/galactic/include/rclcpp/rclcpp.hpp:154[m[K,
[2.494s]                  from [01m[K/home/a/ros2_ws/src/px4_ros_com/src/examples/offboard/arm.cpp:7[m[K:
[2.494s] /usr/include/c++/9/ext/new_allocator.h: In instantiation of ‘[01m[Kvoid __gnu_cxx::new_allocator<_Tp>::construct(_Up*, _Args&& ...) [with _Up = arm; _Args = {}; _Tp = arm][m[K’:
[2.494s] [01m[K/usr/include/c++/9/bits/alloc_traits.h:483:4:[m[K   required from ‘[01m[Kstatic void std::allocator_traits<std::allocator<_Tp1> >::construct(std::allocator_traits<std::allocator<_Tp1> >::allocator_type&, _Up*, _Args&& ...) [with _Up = arm; _Args = {}; _Tp = arm; std::allocator_traits<std::allocator<_Tp1> >::allocator_type = std::allocator<arm>][m[K’
[2.494s] [01m[K/usr/include/c++/9/bits/shared_ptr_base.h:548:39:[m[K   required from ‘[01m[Kstd::_Sp_counted_ptr_inplace<_Tp, _Alloc, _Lp>::_Sp_counted_ptr_inplace(_Alloc, _Args&& ...) [with _Args = {}; _Tp = arm; _Alloc = std::allocator<arm>; __gnu_cxx::_Lock_policy _Lp = __gnu_cxx::_S_atomic][m[K’
[2.494s] [01m[K/usr/include/c++/9/bits/shared_ptr_base.h:679:16:[m[K   required from ‘[01m[Kstd::__shared_count<_Lp>::__shared_count(_Tp*&, std::_Sp_alloc_shared_tag<_Alloc>, _Args&& ...) [with _Tp = arm; _Alloc = std::allocator<arm>; _Args = {}; __gnu_cxx::_Lock_policy _Lp = __gnu_cxx::_S_atomic][m[K’
[2.494s] [01m[K/usr/include/c++/9/bits/shared_ptr_base.h:1344:71:[m[K   required from ‘[01m[Kstd::__shared_ptr<_Tp, _Lp>::__shared_ptr(std::_Sp_alloc_shared_tag<_Tp>, _Args&& ...) [with _Alloc = std::allocator<arm>; _Args = {}; _Tp = arm; __gnu_cxx::_Lock_policy _Lp = __gnu_cxx::_S_atomic][m[K’
[2.494s] [01m[K/usr/include/c++/9/bits/shared_ptr.h:359:59:[m[K   required from ‘[01m[Kstd::shared_ptr<_Tp>::shared_ptr(std::_Sp_alloc_shared_tag<_Tp>, _Args&& ...) [with _Alloc = std::allocator<arm>; _Args = {}; _Tp = arm][m[K’
[2.494s] [01m[K/usr/include/c++/9/bits/shared_ptr.h:701:14:[m[K   required from ‘[01m[Kstd::shared_ptr<_Tp> std::allocate_shared(const _Alloc&, _Args&& ...) [with _Tp = arm; _Alloc = std::allocator<arm>; _Args = {}][m[K’
[2.494s] [01m[K/usr/include/c++/9/bits/shared_ptr.h:717:39:[m[K   required from ‘[01m[Kstd::shared_ptr<_Tp> std::make_shared(_Args&& ...) [with _Tp = arm; _Args = {}][m[K’
[2.494s] [01m[K/home/a/ros2_ws/src/px4_ros_com/src/examples/offboard/arm.cpp:83:39:[m[K   required from here
[2.494s] [01m[K/usr/include/c++/9/ext/new_allocator.h:146:4:[m[K [01;31m[Kerror: [m[Kcall of overloaded ‘[01m[Karm()[m[K’ is ambiguous
[2.494s]   146 |  { [01;31m[K::new((void *)__p) _Up(std::forward<_Args>(__args)...)[m[K; }
[2.494s]       |    [01;31m[K^~~~~~~~~~~~~~~~~~~~~~~~~~~~~~~~~~~~~~~~~~~~~~~~~~~~~~[m[K
[2.494s] [01m[K/home/a/ros2_ws/src/px4_ros_com/src/examples/offboard/arm.cpp:42:6:[m[K [01;36m[Knote: [m[Kcandidate: ‘[01m[Karm::arm(float)[m[K’
[2.494s]    42 | void [01;36m[Karm[m[K::arm(float arm = 0.0)
[2.494s]       |      [01;36m[K^~~[m[K
[2.494s] [01m[K/home/a/ros2_ws/src/px4_ros_com/src/examples/offboard/arm.cpp:18:5:[m[K [01;36m[Knote: [m[Kcandidate: ‘[01m[Karm::arm()[m[K’
[2.494s]    18 |     [01;36m[Karm[m[K() : Node("arm")
[2.494s]       |     [01;36m[K^~~[m[K
[2.751s] make[2]: *** [CMakeFiles/arm.dir/build.make:63：CMakeFiles/arm.dir/src/examples/offboard/arm.cpp.o] 错误 1
[2.751s] make[1]: *** [CMakeFiles/Makefile2:206：CMakeFiles/arm.dir/all] 错误 2
[2.751s] make: *** [Makefile:141：all] 错误 2
[2.753s] Invoked command in '/home/a/ros2_ws/build/px4_ros_com' returned '2': CMAKE_PREFIX_PATH=/home/a/ros2_ws/install/px4_msgs:/home/a/ros2_ws/install/px4_ros_com:/home/a/ros2_ws/install/my_uav:/opt/ros/galactic LD_LIBRARY_PATH=/home/a/ros2_ws/install/px4_msgs/lib:/home/a/ros2_ws/install/px4_ros_com/lib:/usr/lib/x86_64-linux-gnu/gazebo-11/plugins:/opt/ros/galactic/opt/yaml_cpp_vendor/lib:/opt/ros/galactic/opt/rviz_ogre_vendor/lib:/opt/ros/galactic/lib/x86_64-linux-gnu:/opt/ros/galactic/lib:/home/a/PX4-Autopilot/build/px4_sitl_default/build_gazebo-classic /usr/bin/cmake --build /home/a/ros2_ws/build/px4_ros_com -- -j2 -l2
