[0.018s] Invoking command in '/home/a/uav/build/my_uav': CMAKE_PREFIX_PATH=${CMAKE_PREFIX_PATH}:/opt/ros/galactic /usr/bin/cmake --build /home/a/uav/build/my_uav -- -j2 -l2
[0.150s] [  5%] [32mBuilding CXX object CMakeFiles/image_sub.dir/src/image_sub.cpp.o[0m
[0.209s] [ 15%] Built target uav_control_node
[0.354s] [ 25%] Built target internlm_m_node
[0.428s] [ 35%] Built target internvl
[0.495s] [ 45%] Built target internlm_m_listener
[0.561s] [ 55%] Built target internvl_listener
[0.581s] [35m[1mScanning dependencies of target gps_sub[0m
[0.624s] [ 60%] [32mBuilding CXX object CMakeFiles/gps_sub.dir/src/gps_sub.cpp.o[0m
[5.657s] [01m[K/home/a/uav/src/my_uav/src/image_sub.cpp:[m[K In constructor ‘[01m[Kimage_sub::image_sub()[m[K’:
[5.657s] [01m[K/home/a/uav/src/my_uav/src/image_sub.cpp:40:118:[m[K [01;31m[Kerror: [m[K‘[01m[KInternvlNode[m[K’ has not been declared
[5.657s]    40 | sg::Image>("/ired/ired_cam/ired1/image_raw", qos, std::bind(&[01;31m[KInternvlNode[m[K::image_callback, this, std::placeholders::_1));
[5.658s]       |                                                              [01;31m[K^~~~~~~~~~~~[m[K
[5.658s] 
[9.749s] make[2]: *** [CMakeFiles/image_sub.dir/build.make:63：CMakeFiles/image_sub.dir/src/image_sub.cpp.o] 错误 1
[9.750s] make[1]: *** [CMakeFiles/Makefile2:96：CMakeFiles/image_sub.dir/all] 错误 2
[9.750s] make[1]: *** 正在等待未完成的任务....
[14.867s] [ 65%] [32m[1mLinking CXX executable gps_sub[0m
[15.632s] /usr/bin/ld: CMakeFiles/gps_sub.dir/src/gps_sub.cpp.o: in function `rclcpp::create_subscription_factory<px4_msgs::msg::VehicleGpsPosition_<std::allocator<void> >, std::_Bind<void (gps_sub::*(gps_sub*, std::_Placeholder<1>))(std::shared_ptr<px4_msgs::msg::VehicleGpsPosition_<std::allocator<void> > >)>, std::allocator<void>, px4_msgs::msg::VehicleGpsPosition_<std::allocator<void> >, rclcpp::Subscription<px4_msgs::msg::VehicleGpsPosition_<std::allocator<void> >, std::allocator<void>, rclcpp::message_memory_strategy::MessageMemoryStrategy<px4_msgs::msg::VehicleGpsPosition_<std::allocator<void> >, std::allocator<void> > >, rclcpp::message_memory_strategy::MessageMemoryStrategy<px4_msgs::msg::VehicleGpsPosition_<std::allocator<void> >, std::allocator<void> > >(std::_Bind<void (gps_sub::*(gps_sub*, std::_Placeholder<1>))(std::shared_ptr<px4_msgs::msg::VehicleGpsPosition_<std::allocator<void> > >)>&&, rclcpp::SubscriptionOptionsWithAllocator<std::allocator<void> > const&, rclcpp::message_memory_strategy::MessageMemoryStrategy<px4_msgs::msg::VehicleGpsPosition_<std::allocator<void> >, std::allocator<void> >::SharedPtr, std::shared_ptr<rclcpp::topic_statistics::SubscriptionTopicStatistics<px4_msgs::msg::VehicleGpsPosition_<std::allocator<void> > > >)::{lambda(rclcpp::node_interfaces::NodeBaseInterface*, std::__cxx11::basic_string<char, std::char_traits<char>, std::allocator<char> > const&, rclcpp::QoS const&)#1}::operator()(rclcpp::node_interfaces::NodeBaseInterface*, std::__cxx11::basic_string<char, std::char_traits<char>, std::allocator<char> > const&, rclcpp::QoS const&) const':
[15.633s] gps_sub.cpp:(.text._ZZN6rclcpp27create_subscription_factoryIN8px4_msgs3msg19VehicleGpsPosition_ISaIvEEESt5_BindIFM7gps_subFvSt10shared_ptrIS5_EEPS7_St12_PlaceholderILi1EEEES4_S5_NS_12SubscriptionIS5_S4_NS_23message_memory_strategy21MessageMemoryStrategyIS5_S4_EEEESK_EENS_19SubscriptionFactoryEOT0_RKNS_32SubscriptionOptionsWithAllocatorIT1_EENT4_9SharedPtrES8_INS_16topic_statistics27SubscriptionTopicStatisticsIT2_EEEENKUlPNS_15node_interfaces17NodeBaseInterfaceERKNSt7__cxx1112basic_stringIcSt11char_traitsIcESaIcEEERKNS_3QoSEE_clES13_S1B_S1E_[_ZZN6rclcpp27create_subscription_factoryIN8px4_msgs3msg19VehicleGpsPosition_ISaIvEEESt5_BindIFM7gps_subFvSt10shared_ptrIS5_EEPS7_St12_PlaceholderILi1EEEES4_S5_NS_12SubscriptionIS5_S4_NS_23message_memory_strategy21MessageMemoryStrategyIS5_S4_EEEESK_EENS_19SubscriptionFactoryEOT0_RKNS_32SubscriptionOptionsWithAllocatorIT1_EENT4_9SharedPtrES8_INS_16topic_statistics27SubscriptionTopicStatisticsIT2_EEEENKUlPNS_15node_interfaces17NodeBaseInterfaceERKNSt7__cxx1112basic_stringIcSt11char_traitsIcESaIcEEERKNS_3QoSEE_clES13_S1B_S1E_]+0x5c): undefined reference to `rosidl_message_type_support_t const* rosidl_typesupport_cpp::get_message_type_support_handle<px4_msgs::msg::VehicleGpsPosition_<std::allocator<void> > >()'
[15.633s] collect2: error: ld returned 1 exit status
[15.635s] make[2]: *** [CMakeFiles/gps_sub.dir/build.make:151：gps_sub] 错误 1
[15.635s] make[1]: *** [CMakeFiles/Makefile2:312：CMakeFiles/gps_sub.dir/all] 错误 2
[15.635s] make: *** [Makefile:141：all] 错误 2
[15.638s] Invoked command in '/home/a/uav/build/my_uav' returned '2': CMAKE_PREFIX_PATH=${CMAKE_PREFIX_PATH}:/opt/ros/galactic /usr/bin/cmake --build /home/a/uav/build/my_uav -- -j2 -l2
