[01m[K/home/a/ros2_ws/src/px4_ros_com/src/examples/offboard/offboard_control.cpp:[m[K In member function ‘[01m[Kvoid OffboardControl::publish_vehicle_command(uint16_t, float, float)[m[K’:
[01m[K/home/a/ros2_ws/src/px4_ros_com/src/examples/offboard/offboard_control.cpp:157:38:[m[K [01;31m[Kerror: [m[K‘[01m[KVehicleStatus[m[K’ is not a member of ‘[01m[Kpx4_msgs::msg[m[K’
  157 |  rclcpp::Subscription<px4_msgs::msg::[01;31m[KVehicleStatus[m[K>::SharedPtr subscription_;
      |                                      [01;31m[K^~~~~~~~~~~~~[m[K
[01m[K/home/a/ros2_ws/src/px4_ros_com/src/examples/offboard/offboard_control.cpp:157:51:[m[K [01;31m[Kerror: [m[Ktemplate argument 1 is invalid
  157 |  rclcpp::Subscription<px4_msgs::msg::VehicleStatus[01;31m[K>[m[K::SharedPtr subscription_;
      |                                                   [01;31m[K^[m[K
[01m[K/home/a/ros2_ws/src/px4_ros_com/src/examples/offboard/offboard_control.cpp:157:51:[m[K [01;31m[Kerror: [m[Ktemplate argument 3 is invalid
[01m[K/home/a/ros2_ws/src/px4_ros_com/src/examples/offboard/offboard_control.cpp:157:64:[m[K [01;31m[Kerror: [m[Kexpected initializer before ‘[01m[Ksubscription_[m[K’
  157 |  rclcpp::Subscription<px4_msgs::msg::VehicleStatus>::SharedPtr [01;31m[Ksubscription_[m[K;
      |                                                                [01;31m[K^~~~~~~~~~~~~[m[K
[01m[K/home/a/ros2_ws/src/px4_ros_com/src/examples/offboard/offboard_control.cpp:160:2:[m[K [01;31m[Kerror: [m[K‘[01m[Ksubscription_[m[K’ was not declared in this scope; did you mean ‘[01m[Krcl_subscription_t[m[K’?
  160 |  [01;31m[Ksubscription_[m[K = this->create_subscription<px4_msgs::msg::VehicleStatus>("/px4_1/fmu/out/vehicle_status", qos,
      |  [01;31m[K^~~~~~~~~~~~~[m[K
      |  [32m[Krcl_subscription_t[m[K
[01m[K/home/a/ros2_ws/src/px4_ros_com/src/examples/offboard/offboard_control.cpp:160:59:[m[K [01;31m[Kerror: [m[K‘[01m[KVehicleStatus[m[K’ is not a member of ‘[01m[Kpx4_msgs::msg[m[K’
  160 |  subscription_ = this->create_subscription<px4_msgs::msg::[01;31m[KVehicleStatus[m[K>("/px4_1/fmu/out/vehicle_status", qos,
      |                                                           [01;31m[K^~~~~~~~~~~~~[m[K
[01m[K/home/a/ros2_ws/src/px4_ros_com/src/examples/offboard/offboard_control.cpp:161:10:[m[K [01;31m[Kerror: [m[K‘[01m[Kvcmd[m[K’ was not declared in this scope
  161 |  [this, &[01;31m[Kvcmd[m[K](const px4_msgs::msg::VehicleStatus::UniquePtr msg) {
      |          [01;31m[K^~~~[m[K
[01m[K/home/a/ros2_ws/src/px4_ros_com/src/examples/offboard/offboard_control.cpp:161:37:[m[K [01;31m[Kerror: [m[K‘[01m[KVehicleStatus[m[K’ in namespace ‘[01m[Kpx4_msgs::msg[m[K’ does not name a type
  161 |  [this, &vcmd](const px4_msgs::msg::[01;31m[KVehicleStatus[m[K::UniquePtr msg) {
      |                                     [01;31m[K^~~~~~~~~~~~~[m[K
[01m[K/home/a/ros2_ws/src/px4_ros_com/src/examples/offboard/offboard_control.cpp:[m[K In lambda function:
[01m[K/home/a/ros2_ws/src/px4_ros_com/src/examples/offboard/offboard_control.cpp:166:4:[m[K [01;31m[Kerror: [m[Kexpected ‘[01m[K{[m[K’ before ‘[01m[K;[m[K’ token
  166 |  })[01;31m[K;[m[K
      |    [01;31m[K^[m[K
[01m[K/home/a/ros2_ws/src/px4_ros_com/src/examples/offboard/offboard_control.cpp:[m[K In member function ‘[01m[Kvoid OffboardControl::publish_vehicle_command(uint16_t, float, float)[m[K’:
[01m[K/home/a/ros2_ws/src/px4_ros_com/src/examples/offboard/offboard_control.cpp:166:4:[m[K [01;31m[Kerror: [m[Kexpected ‘[01m[K)[m[K’ before ‘[01m[K;[m[K’ token
  166 |  })[01;31m[K;[m[K
      |    [01;31m[K^[m[K
      |    [32m[K)[m[K
[01m[K/home/a/ros2_ws/src/px4_ros_com/src/examples/offboard/offboard_control.cpp:160:73:[m[K [01;36m[Knote: [m[Kto match this ‘[01m[K([m[K’
  160 | n_ = this->create_subscription<px4_msgs::msg::VehicleStatus>[01;36m[K([m[K"/px4_1/fmu/out/vehicle_status", qos,
      |                                                             [01;36m[K^[m[K

make[2]: *** [CMakeFiles/offboard_control.dir/build.make:63：CMakeFiles/offboard_control.dir/src/examples/offboard/offboard_control.cpp.o] 错误 1
make[1]: *** [CMakeFiles/Makefile2:266：CMakeFiles/offboard_control.dir/all] 错误 2
make: *** [Makefile:141：all] 错误 2
