[0.014s] Invoking command in '/home/a/uav/build/my_uav': CMAKE_PREFIX_PATH=${CMAKE_PREFIX_PATH}:/opt/ros/galactic /usr/bin/cmake --build /home/a/uav/build/my_uav -- -j2 -l2
[0.047s] -- Found ament_cmake: 1.1.6 (/opt/ros/galactic/share/ament_cmake/cmake)
[0.065s] -- Using PYTHON_EXECUTABLE: /usr/bin/python3
[0.125s] -- Found ament_lint_auto: 0.10.7 (/opt/ros/galactic/share/ament_lint_auto/cmake)
[0.179s] -- Found rclcpp: 9.2.2 (/opt/ros/galactic/share/rclcpp/cmake)
[0.209s] -- Using all available rosidl_typesupport_c: rosidl_typesupport_fastrtps_c;rosidl_typesupport_introspection_c
[0.212s] -- Found rosidl_adapter: 2.2.3 (/opt/ros/galactic/share/rosidl_adapter/cmake)
[0.311s] -- Using all available rosidl_typesupport_cpp: rosidl_typesupport_fastrtps_cpp;rosidl_typesupport_introspection_cpp
[0.359s] -- Found rmw_implementation_cmake: 3.3.1 (/opt/ros/galactic/share/rmw_implementation_cmake/cmake)
[0.361s] -- Found rmw_cyclonedds_cpp: 0.22.6 (/opt/ros/galactic/share/rmw_cyclonedds_cpp/cmake)
[0.376s] -- Using RMW implementation 'rmw_cyclonedds_cpp' as default
[0.488s] -- Found sensor_msgs: 2.2.4 (/opt/ros/galactic/share/sensor_msgs/cmake)
[0.587s] -- Added test 'copyright' to check source files copyright and LICENSE
[0.589s] -- Added test 'cppcheck' to perform static code analysis on C / C++ code
[0.589s] -- Configured cppcheck include dirs: 
[0.589s] -- Configured cppcheck exclude dirs and/or files: 
[0.591s] -- Added test 'cpplint' to check C / C++ code against the Google style
[0.591s] -- Configured cpplint exclude dirs and/or files: 
[0.592s] -- Added test 'flake8' to check Python code syntax and style conventions
[0.592s] -- Added test 'lint_cmake' to check CMake code style
[0.593s] -- Added test 'pep257' to check Python code against some of the style conventions in PEP 257
[0.595s] -- Added test 'uncrustify' to check C / C++ code style
[0.595s] -- Configured uncrustify additional arguments: 
[0.595s] -- Added test 'xmllint' to check XML markup files
[0.601s] -- Configuring done
[0.626s] -- Generating done
[0.638s] -- Build files have been written to: /home/a/uav/build/my_uav
[0.662s] [35m[1mScanning dependencies of target internlm_m_node[0m
[0.679s] [ 50%] Built target uav_control_node
[0.707s] [ 75%] [32mBuilding CXX object CMakeFiles/internlm_m_node.dir/src/internlm_m_node.cpp.o[0m
[0.746s] [01m[K/home/a/uav/src/my_uav/src/internlm_m_node.cpp:4:10:[m[K [01;31m[Kfatal error: [m[Kcpr/cpr.h: 没有那个文件或目录
[0.746s]     4 | #include [01;31m[K<cpr/cpr.h>[m[K
[0.746s]       |          [01;31m[K^~~~~~~~~~~[m[K
[0.746s] compilation terminated.
[0.748s] make[2]: *** [CMakeFiles/internlm_m_node.dir/build.make:63：CMakeFiles/internlm_m_node.dir/src/internlm_m_node.cpp.o] 错误 1
[0.748s] make[1]: *** [CMakeFiles/Makefile2:80：CMakeFiles/internlm_m_node.dir/all] 错误 2
[0.748s] make: *** [Makefile:141：all] 错误 2
[0.751s] Invoked command in '/home/a/uav/build/my_uav' returned '2': CMAKE_PREFIX_PATH=${CMAKE_PREFIX_PATH}:/opt/ros/galactic /usr/bin/cmake --build /home/a/uav/build/my_uav -- -j2 -l2
