[0.013s] Invoking command in '/home/a/uav/build/my_uav': CMAKE_PREFIX_PATH=${CMAKE_PREFIX_PATH}:/opt/ros/galactic /usr/bin/cmake --build /home/a/uav/build/my_uav -- -j2 -l2
[0.072s] [ 95%] Built target uav_control_node
[0.082s] [ 95%] Built target image_sub
[0.104s] [ 95%] Built target internlm_m_node
[0.116s] [ 95%] Built target internvl
[0.136s] [35m[1mScanning dependencies of target internvl_p[0m
[0.148s] [ 95%] Built target internlm_m_listener
[0.188s] [ 95%] [32mBuilding CXX object CMakeFiles/internvl_p.dir/src/internvl_p.cpp.o[0m
[0.189s] [ 95%] Built target internvl_listener
[0.224s] [ 95%] Built target gps_sub
[0.257s] [ 95%] Built target ray_sub
[0.286s] [ 95%] Built target camera_listener
[0.314s] [ 95%] Built target ray_listener
[16.720s] [ 95%] [32m[1mLinking CXX executable internvl_p[0m
[18.479s] [ 95%] Built target internvl_p
[18.493s] Invoked command in '/home/a/uav/build/my_uav' returned '0': CMAKE_PREFIX_PATH=${CMAKE_PREFIX_PATH}:/opt/ros/galactic /usr/bin/cmake --build /home/a/uav/build/my_uav -- -j2 -l2
[18.511s] Invoking command in '/home/a/uav/build/my_uav': CMAKE_PREFIX_PATH=${CMAKE_PREFIX_PATH}:/opt/ros/galactic /usr/bin/cmake --install /home/a/uav/build/my_uav
[18.522s] -- Install configuration: ""
[18.523s] -- Up-to-date: /home/a/uav/install/my_uav/share/my_uav/launch
[18.523s] -- Up-to-date: /home/a/uav/install/my_uav/share/my_uav/launch/sitl.launch
[18.523s] -- Up-to-date: /home/a/uav/install/my_uav/share/my_uav/launch/p450.py
[18.524s] -- Up-to-date: /home/a/uav/install/my_uav/share/my_uav/launch/gz_launch.py
[18.524s] CMake Error at cmake_install.cmake:41 (file):
[18.524s]   file INSTALL cannot set permissions on
[18.524s]   "/home/a/uav/install/my_uav/share/my_uav/launch/gz_launch.py": Operation
[18.524s]   not permitted.
[18.525s] 
[18.525s] 
[18.528s] Invoked command in '/home/a/uav/build/my_uav' returned '1': CMAKE_PREFIX_PATH=${CMAKE_PREFIX_PATH}:/opt/ros/galactic /usr/bin/cmake --install /home/a/uav/build/my_uav
