[0.023s] Invoking command in '/home/a/ros2_ws/build/px4_ros_com': CMAKE_PREFIX_PATH=/home/a/ros2_ws/install/px4_msgs:/home/a/ros2_ws/install/px4_ros_com:/home/a/ros2_ws/install/my_uav:/opt/ros/galactic LD_LIBRARY_PATH=/home/a/ros2_ws/install/px4_msgs/lib:/home/a/ros2_ws/install/px4_ros_com/lib:/usr/lib/x86_64-linux-gnu/gazebo-11/plugins:/opt/ros/galactic/opt/yaml_cpp_vendor/lib:/opt/ros/galactic/opt/rviz_ogre_vendor/lib:/opt/ros/galactic/lib/x86_64-linux-gnu:/opt/ros/galactic/lib:/home/a/PX4-Autopilot/build/px4_sitl_default/build_gazebo-classic /usr/bin/cmake --build /home/a/ros2_ws/build/px4_ros_com -- -j2 -l2
[0.108s] [  7%] Built target my_uav_node
[0.120s] [ 10%] [32mBuilding CXX object CMakeFiles/offboard_control_mode.dir/src/examples/offboard/offboard_control_mode.cpp.o[0m
[0.130s] [35m[1mScanning dependencies of target commander[0m
[0.193s] [ 14%] [32mBuilding CXX object CMakeFiles/commander.dir/src/examples/offboard/commander.cpp.o[0m
[3.609s] [01m[K/home/a/ros2_ws/src/px4_ros_com/src/examples/offboard/offboard_control_mode.cpp:[m[K In constructor ‘[01m[KOffboardmode::Offboardmode()[m[K’:
[3.610s] [01m[K/home/a/ros2_ws/src/px4_ros_com/src/examples/offboard/offboard_control_mode.cpp:35:9:[m[K [01;31m[Kerror: [m[Ktoo few arguments to function ‘[01m[Kvoid exit(int)[m[K’
[3.610s]    35 |    exit([01;31m[K)[m[K;  // 程序退出
[3.610s]       |         [01;31m[K^[m[K
[3.611s] In file included from [01m[K/usr/include/c++/9/cstdlib:75[m[K,
[3.611s]                  from [01m[K/usr/include/c++/9/bits/stl_algo.h:59[m[K,
[3.611s]                  from [01m[K/usr/include/c++/9/algorithm:62[m[K,
[3.611s]                  from [01m[K/opt/ros/galactic/include/rosidl_runtime_cpp/bounded_vector.hpp:18[m[K,
[3.611s]                  from [01m[K/home/a/ros2_ws/install/px4_msgs/include/px4_msgs/msg/detail/offboard_control_mode__struct.hpp:8[m[K,
[3.611s]                  from [01m[K/home/a/ros2_ws/install/px4_msgs/include/px4_msgs/msg/offboard_control_mode.hpp:7[m[K,
[3.611s]                  from [01m[K/home/a/ros2_ws/src/px4_ros_com/src/examples/offboard/offboard_control_mode.cpp:13[m[K:
[3.611s] [01m[K/usr/include/stdlib.h:617:13:[m[K [01;36m[Knote: [m[Kdeclared here
[3.611s]   617 | extern void [01;36m[Kexit[m[K (int __status) __THROW __attribute__ ((__noreturn__));
[3.612s]       |             [01;36m[K^~~~[m[K
[5.901s] make[2]: *** [CMakeFiles/offboard_control_mode.dir/build.make:63：CMakeFiles/offboard_control_mode.dir/src/examples/offboard/offboard_control_mode.cpp.o] 错误 1
[5.902s] make[1]: *** [CMakeFiles/Makefile2:131：CMakeFiles/offboard_control_mode.dir/all] 错误 2
[5.902s] make[1]: *** 正在等待未完成的任务....
[17.011s] [ 17%] [32m[1mLinking CXX executable commander[0m
[17.258s] [ 17%] Built target commander
[17.259s] make: *** [Makefile:141：all] 错误 2
[17.263s] Invoked command in '/home/a/ros2_ws/build/px4_ros_com' returned '2': CMAKE_PREFIX_PATH=/home/a/ros2_ws/install/px4_msgs:/home/a/ros2_ws/install/px4_ros_com:/home/a/ros2_ws/install/my_uav:/opt/ros/galactic LD_LIBRARY_PATH=/home/a/ros2_ws/install/px4_msgs/lib:/home/a/ros2_ws/install/px4_ros_com/lib:/usr/lib/x86_64-linux-gnu/gazebo-11/plugins:/opt/ros/galactic/opt/yaml_cpp_vendor/lib:/opt/ros/galactic/opt/rviz_ogre_vendor/lib:/opt/ros/galactic/lib/x86_64-linux-gnu:/opt/ros/galactic/lib:/home/a/PX4-Autopilot/build/px4_sitl_default/build_gazebo-classic /usr/bin/cmake --build /home/a/ros2_ws/build/px4_ros_com -- -j2 -l2
