[  4%] [32mBuilding CXX object CMakeFiles/uav_control_node.dir/src/uav_control_node.cpp.o[0m
[ 13%] Built target image_sub
[ 22%] Built target internlm_m_node
[ 31%] Built target internvl
[ 40%] Built target internlm_m_listener
[ 50%] Built target internvl_p
[ 59%] Built target internvl_listener
[ 68%] Built target gps_sub
[ 77%] Built target ray_sub
[ 86%] Built target camera_listener
[ 95%] Built target ray_listener
[01m[K/home/a/uav/src/my_uav/src/uav_control_node.cpp:[m[K In member function ‘[01m[Kvoid UAVControlNode::test()[m[K’:
[01m[K/home/a/uav/src/my_uav/src/uav_control_node.cpp:48:27:[m[K [01;31m[Kerror: [m[Kcannot bind non-const lvalue reference of type ‘[01m[Kstd::string&[m[K’ {aka ‘[01m[Kstd::__cxx11::basic_string<char>&[m[K’} to an rvalue of type ‘[01m[Kstd::string[m[K’ {aka ‘[01m[Kstd::__cxx11::basic_string<char>[m[K’}
   48 |   std::string& filename = [01;31m[K"/home/a/uav/logs/conversation_history.txt"[m[K;
      |                           [01;31m[K^~~~~~~~~~~~~~~~~~~~~~~~~~~~~~~~~~~~~~~~~~~[m[K
In file included from [01m[K/usr/include/c++/9/string:55[m[K,
                 from [01m[K/usr/include/c++/9/stdexcept:39[m[K,
                 from [01m[K/usr/include/c++/9/array:39[m[K,
                 from [01m[K/usr/include/c++/9/tuple:39[m[K,
                 from [01m[K/usr/include/c++/9/bits/unique_ptr.h:37[m[K,
                 from [01m[K/usr/include/c++/9/memory:80[m[K,
                 from [01m[K/opt/ros/galactic/include/rclcpp/rclcpp.hpp:154[m[K,
                 from [01m[K/home/a/uav/src/my_uav/src/uav_control_node.cpp:1[m[K:
[01m[K/usr/include/c++/9/bits/basic_string.h:529:7:[m[K [01;36m[Knote: [m[K  after user-defined conversion: ‘[01m[Kstd::__cxx11::basic_string<_CharT, _Traits, _Alloc>::basic_string(const _CharT*, const _Alloc&) [with <template-parameter-2-1> = std::allocator<char>; _CharT = char; _Traits = std::char_traits<char>; _Alloc = std::allocator<char>][m[K’
  529 |       [01;36m[Kbasic_string[m[K(const _CharT* __s, const _Alloc& __a = _Alloc())
      |       [01;36m[K^~~~~~~~~~~~[m[K
make[2]: *** [CMakeFiles/uav_control_node.dir/build.make:63：CMakeFiles/uav_control_node.dir/src/uav_control_node.cpp.o] 错误 1
make[1]: *** [CMakeFiles/Makefile2:152：CMakeFiles/uav_control_node.dir/all] 错误 2
make: *** [Makefile:141：all] 错误 2
