[0.014s] Invoking command in '/home/a/uav/build/my_uav': /usr/bin/cmake --build /home/a/uav/build/my_uav -- -j2 -l2
[0.074s] [  4%] [32mBuilding CXX object CMakeFiles/uav_control_node.dir/src/uav_control_node.cpp.o[0m
[0.075s] [ 13%] Built target image_sub
[0.106s] [ 22%] Built target internlm_m_node
[0.142s] [ 31%] Built target internvl
[0.181s] [ 40%] Built target internlm_m_listener
[0.224s] [ 50%] Built target internvl_p
[0.261s] [ 59%] Built target internvl_listener
[0.295s] [ 68%] Built target gps_sub
[0.321s] [ 77%] Built target ray_sub
[0.347s] [ 86%] Built target camera_listener
[0.373s] [ 95%] Built target ray_listener
[2.061s] [01m[K/home/a/uav/src/my_uav/src/uav_control_node.cpp:[m[K In member function ‘[01m[Kvoid UAVControlNode::test()[m[K’:
[2.061s] [01m[K/home/a/uav/src/my_uav/src/uav_control_node.cpp:48:27:[m[K [01;31m[Kerror: [m[Kcannot bind non-const lvalue reference of type ‘[01m[Kstd::string&[m[K’ {aka ‘[01m[Kstd::__cxx11::basic_string<char>&[m[K’} to an rvalue of type ‘[01m[Kstd::string[m[K’ {aka ‘[01m[Kstd::__cxx11::basic_string<char>[m[K’}
[2.061s]    48 |   std::string& filename = [01;31m[K"/home/a/uav/logs/conversation_history.txt"[m[K;
[2.061s]       |                           [01;31m[K^~~~~~~~~~~~~~~~~~~~~~~~~~~~~~~~~~~~~~~~~~~[m[K
[2.061s] In file included from [01m[K/usr/include/c++/9/string:55[m[K,
[2.061s]                  from [01m[K/usr/include/c++/9/stdexcept:39[m[K,
[2.061s]                  from [01m[K/usr/include/c++/9/array:39[m[K,
[2.061s]                  from [01m[K/usr/include/c++/9/tuple:39[m[K,
[2.061s]                  from [01m[K/usr/include/c++/9/bits/unique_ptr.h:37[m[K,
[2.061s]                  from [01m[K/usr/include/c++/9/memory:80[m[K,
[2.061s]                  from [01m[K/opt/ros/galactic/include/rclcpp/rclcpp.hpp:154[m[K,
[2.061s]                  from [01m[K/home/a/uav/src/my_uav/src/uav_control_node.cpp:1[m[K:
[2.061s] [01m[K/usr/include/c++/9/bits/basic_string.h:529:7:[m[K [01;36m[Knote: [m[K  after user-defined conversion: ‘[01m[Kstd::__cxx11::basic_string<_CharT, _Traits, _Alloc>::basic_string(const _CharT*, const _Alloc&) [with <template-parameter-2-1> = std::allocator<char>; _CharT = char; _Traits = std::char_traits<char>; _Alloc = std::allocator<char>][m[K’
[2.061s]   529 |       [01;36m[Kbasic_string[m[K(const _CharT* __s, const _Alloc& __a = _Alloc())
[2.061s]       |       [01;36m[K^~~~~~~~~~~~[m[K
[3.282s] make[2]: *** [CMakeFiles/uav_control_node.dir/build.make:63：CMakeFiles/uav_control_node.dir/src/uav_control_node.cpp.o] 错误 1
[3.283s] make[1]: *** [CMakeFiles/Makefile2:152：CMakeFiles/uav_control_node.dir/all] 错误 2
[3.283s] make: *** [Makefile:141：all] 错误 2
[3.285s] Invoked command in '/home/a/uav/build/my_uav' returned '2': /usr/bin/cmake --build /home/a/uav/build/my_uav -- -j2 -l2
