[0.018s] Invoking command in '/home/a/ros2_ws/build/px4_ros_com': CMAKE_PREFIX_PATH=/home/a/ros2_ws/install/px4_msgs:/home/a/ros2_ws/install/px4_ros_com:/home/a/ros2_ws/install/my_uav:/opt/ros/galactic LD_LIBRARY_PATH=/home/a/ros2_ws/install/px4_msgs/lib:/home/a/ros2_ws/install/px4_ros_com/lib:/usr/lib/x86_64-linux-gnu/gazebo-11/plugins:/opt/ros/galactic/opt/yaml_cpp_vendor/lib:/opt/ros/galactic/opt/rviz_ogre_vendor/lib:/opt/ros/galactic/lib/x86_64-linux-gnu:/opt/ros/galactic/lib:/home/a/PX4-Autopilot/build/px4_sitl_default/build_gazebo-classic /usr/bin/cmake --build /home/a/ros2_ws/build/px4_ros_com -- -j2 -l2
[0.089s] [  8%] Built target my_uav_node
[0.092s] [ 16%] Built target frame_transforms
[0.126s] [ 25%] Built target offboard_control
[0.138s] [ 33%] Built target arm
[0.162s] [ 41%] Built target sensor_combined_listener
[0.175s] [ 50%] Built target vehicle_gps_position_listener
[0.198s] [ 58%] Built target debug_vect_advertiser
[0.217s] [ 66%] Built target trajectory_setpoint
[0.234s] [ 75%] Built target vel_yaw
[0.259s] [ 83%] Built target vehicle_attitude_listener
[0.275s] [ 91%] Built target offboard_position_control
[0.276s] [35m[1mScanning dependencies of target offboard_control_mode[0m
[0.327s] [ 95%] [32mBuilding CXX object CMakeFiles/offboard_control_mode.dir/src/examples/offboard/offboard_control_mode.cpp.o[0m
[2.038s] [01m[K/home/a/ros2_ws/src/px4_ros_com/src/examples/offboard/offboard_control_mode.cpp:87:20:[m[K [01;31m[Kerror: [m[K‘[01m[KVehicleCommand[m[K’ was not declared in this scope
[2.038s]    87 |  rclcpp::Publisher<[01;31m[KVehicleCommand[m[K>::SharedPtr vehicle_command_publisher_;
[2.038s]       |                    [01;31m[K^~~~~~~~~~~~~~[m[K
[2.039s] [01m[K/home/a/ros2_ws/src/px4_ros_com/src/examples/offboard/offboard_control_mode.cpp:87:34:[m[K [01;31m[Kerror: [m[Ktemplate argument 1 is invalid
[2.039s]    87 |  rclcpp::Publisher<VehicleCommand[01;31m[K>[m[K::SharedPtr vehicle_command_publisher_;
[2.039s]       |                                  [01;31m[K^[m[K
[2.039s] [01m[K/home/a/ros2_ws/src/px4_ros_com/src/examples/offboard/offboard_control_mode.cpp:87:37:[m[K [01;31m[Kerror: [m[Kexpected ‘[01m[K;[m[K’ at end of member declaration
[2.039s]    87 |  rclcpp::Publisher<VehicleCommand>::[01;31m[KSharedPtr[m[K vehicle_command_publisher_;
[2.039s]       |                                     [01;31m[K^~~~~~~~~[m[K
[2.039s]       |                                              [32m[K;[m[K
[2.043s] [01m[K/home/a/ros2_ws/src/px4_ros_com/src/examples/offboard/offboard_control_mode.cpp:87:47:[m[K [01;31m[Kerror: [m[K‘[01m[Kvehicle_command_publisher_[m[K’ does not name a type
[2.043s]    87 |  rclcpp::Publisher<VehicleCommand>::SharedPtr [01;31m[Kvehicle_command_publisher_[m[K;
[2.043s]       |                                               [01;31m[K^~~~~~~~~~~~~~~~~~~~~~~~~~[m[K
[2.050s] [01m[K/home/a/ros2_ws/src/px4_ros_com/src/examples/offboard/offboard_control_mode.cpp:[m[K In constructor ‘[01m[KOffboardmode::Offboardmode()[m[K’:
[2.051s] [01m[K/home/a/ros2_ws/src/px4_ros_com/src/examples/offboard/offboard_control_mode.cpp:25:3:[m[K [01;31m[Kerror: [m[K‘[01m[Kvehicle_command_publisher_[m[K’ was not declared in this scope
[2.051s]    25 |   [01;31m[Kvehicle_command_publisher_[m[K = this->create_publisher<VehicleCommand>("/fmu/in/vehicle_command", 10);
[2.051s]       |   [01;31m[K^~~~~~~~~~~~~~~~~~~~~~~~~~[m[K
[2.054s] [01m[K/home/a/ros2_ws/src/px4_ros_com/src/examples/offboard/offboard_control_mode.cpp:25:55:[m[K [01;31m[Kerror: [m[K‘[01m[KVehicleCommand[m[K’ was not declared in this scope
[2.054s]    25 |   vehicle_command_publisher_ = this->create_publisher<[01;31m[KVehicleCommand[m[K>("/fmu/in/vehicle_command", 10);
[2.054s]       |                                                       [01;31m[K^~~~~~~~~~~~~~[m[K
[2.054s] [01m[K/home/a/ros2_ws/src/px4_ros_com/src/examples/offboard/offboard_control_mode.cpp:25:100:[m[K [01;31m[Kerror: [m[Kno matching function for call to ‘[01m[KOffboardmode::create_publisher<<expression error> >(const char [24], int)[m[K’
[2.055s]    25 | is->create_publisher<VehicleCommand>("/fmu/in/vehicle_command", 10[01;31m[K)[m[K;
[2.055s]       |                                                                   [01;31m[K^[m[K
[2.055s] 
[2.055s] In file included from [01m[K/opt/ros/galactic/include/rclcpp/executors/single_threaded_executor.hpp:28[m[K,
[2.055s]                  from [01m[K/opt/ros/galactic/include/rclcpp/executors.hpp:22[m[K,
[2.055s]                  from [01m[K/opt/ros/galactic/include/rclcpp/rclcpp.hpp:156[m[K,
[2.055s]                  from [01m[K/home/a/ros2_ws/src/px4_ros_com/src/examples/offboard/offboard_control_mode.cpp:14[m[K:
[2.055s] [01m[K/opt/ros/galactic/include/rclcpp/node.hpp:200:3:[m[K [01;36m[Knote: [m[Kcandidate: ‘[01m[Ktemplate<class MessageT, class AllocatorT, class PublisherT> std::shared_ptr<PublisherT> rclcpp::Node::create_publisher(const string&, const rclcpp::QoS&, const rclcpp::PublisherOptionsWithAllocator<AllocatorT>&)[m[K’
[2.055s]   200 |   [01;36m[Kcreate_publisher[m[K(
[2.055s]       |   [01;36m[K^~~~~~~~~~~~~~~~[m[K
[2.055s] [01m[K/opt/ros/galactic/include/rclcpp/node.hpp:200:3:[m[K [01;36m[Knote: [m[K  template argument deduction/substitution failed:
[2.055s] [01m[K/home/a/ros2_ws/src/px4_ros_com/src/examples/offboard/offboard_control_mode.cpp:25:100:[m[K [01;31m[Kerror: [m[Ktemplate argument 1 is invalid
[2.055s]    25 | is->create_publisher<VehicleCommand>("/fmu/in/vehicle_command", 10[01;31m[K)[m[K;
[2.055s]       |                                                                   [01;31m[K^[m[K
[2.055s] 
[2.057s] [01m[K/home/a/ros2_ws/src/px4_ros_com/src/examples/offboard/offboard_control_mode.cpp:[m[K In lambda function:
[2.057s] [01m[K/home/a/ros2_ws/src/px4_ros_com/src/examples/offboard/offboard_control_mode.cpp:60:35:[m[K [01;31m[Kerror: [m[K‘[01m[KVehicleCommand[m[K’ is not a class, namespace, or enumeration
[2.057s]    60 |     this->publish_vehicle_command([01;31m[KVehicleCommand[m[K::VEHICLE_CMD_DO_SET_MODE, 1, 6);
[2.057s]       |                                   [01;31m[K^~~~~~~~~~~~~~[m[K
[2.057s] [01m[K/home/a/ros2_ws/src/px4_ros_com/src/examples/offboard/offboard_control_mode.cpp:[m[K In constructor ‘[01m[KOffboardmode::Offboardmode()[m[K’:
[2.057s] [01m[K/home/a/ros2_ws/src/px4_ros_com/src/examples/offboard/offboard_control_mode.cpp:71:36:[m[K [01;31m[Kerror: [m[Kunable to find numeric literal operator ‘[01m[Koperator""ms[m[K’
[2.057s]    71 |   timer_ = this->create_wall_timer([01;31m[K100ms[m[K, timer_callback);
[2.057s]       |                                    [01;31m[K^~~~~[m[K
[2.058s] [01m[K/home/a/ros2_ws/src/px4_ros_com/src/examples/offboard/offboard_control_mode.cpp:[m[K In member function ‘[01m[Kvoid Offboardmode::arm()[m[K’:
[2.058s] [01m[K/home/a/ros2_ws/src/px4_ros_com/src/examples/offboard/offboard_control_mode.cpp:101:26:[m[K [01;31m[Kerror: [m[K‘[01m[KVehicleCommand[m[K’ has not been declared
[2.058s]   101 |  publish_vehicle_command([01;31m[KVehicleCommand[m[K::VEHICLE_CMD_COMPONENT_ARM_DISARM, 1.0);
[2.058s]       |                          [01;31m[K^~~~~~~~~~~~~~[m[K
[2.058s] [01m[K/home/a/ros2_ws/src/px4_ros_com/src/examples/offboard/offboard_control_mode.cpp:[m[K In member function ‘[01m[Kvoid Offboardmode::disarm()[m[K’:
[2.058s] [01m[K/home/a/ros2_ws/src/px4_ros_com/src/examples/offboard/offboard_control_mode.cpp:111:26:[m[K [01;31m[Kerror: [m[K‘[01m[KVehicleCommand[m[K’ has not been declared
[2.058s]   111 |  publish_vehicle_command([01;31m[KVehicleCommand[m[K::VEHICLE_CMD_COMPONENT_ARM_DISARM, 0.0);
[2.059s]       |                          [01;31m[K^~~~~~~~~~~~~~[m[K
[2.065s] [01m[K/home/a/ros2_ws/src/px4_ros_com/src/examples/offboard/offboard_control_mode.cpp:[m[K In member function ‘[01m[Kvoid Offboardmode::publish_offboard_control_mode(bool, bool, bool, bool, bool, bool)[m[K’:
[2.065s] [01m[K/home/a/ros2_ws/src/px4_ros_com/src/examples/offboard/offboard_control_mode.cpp:119:135:[m[K [01;35m[Kwarning: [m[Kunused parameter ‘[01m[Kactuator[m[K’ [[01;35m[K-Wunused-parameter[m[K]
[2.065s]   119 | ion, bool velocity, bool acceleration, bool attitude, bool body_rate, [01;35m[Kbool actuator[m[K)
[2.065s]       |                                                                       [01;35m[K~~~~~^~~~~~~~[m[K
[2.065s] 
[2.069s] [01m[K/home/a/ros2_ws/src/px4_ros_com/src/examples/offboard/offboard_control_mode.cpp:[m[K In member function ‘[01m[Kvoid Offboardmode::publish_vehicle_command(uint16_t, float, float)[m[K’:
[2.069s] [01m[K/home/a/ros2_ws/src/px4_ros_com/src/examples/offboard/offboard_control_mode.cpp:134:2:[m[K [01;31m[Kerror: [m[K‘[01m[KVehicleCommand[m[K’ was not declared in this scope
[2.069s]   134 |  [01;31m[KVehicleCommand[m[K msg{};
[2.069s]       |  [01;31m[K^~~~~~~~~~~~~~[m[K
[2.070s] [01m[K/home/a/ros2_ws/src/px4_ros_com/src/examples/offboard/offboard_control_mode.cpp:135:2:[m[K [01;31m[Kerror: [m[K‘[01m[Kmsg[m[K’ was not declared in this scope
[2.070s]   135 |  [01;31m[Kmsg[m[K.param1 = param1;
[2.070s]       |  [01;31m[K^~~[m[K
[2.070s] [01m[K/home/a/ros2_ws/src/px4_ros_com/src/examples/offboard/offboard_control_mode.cpp:135:2:[m[K [01;36m[Knote: [m[Ksuggested alternatives:
[2.071s] In file included from [01m[K/home/a/ros2_ws/install/px4_msgs/include/px4_msgs/msg/offboard_control_mode.hpp:7[m[K,
[2.071s]                  from [01m[K/home/a/ros2_ws/src/px4_ros_com/src/examples/offboard/offboard_control_mode.cpp:13[m[K:
[2.071s] [01m[K/home/a/ros2_ws/install/px4_msgs/include/px4_msgs/msg/detail/offboard_control_mode__struct.hpp:26:11:[m[K [01;36m[Knote: [m[K  ‘[01m[Kpx4_msgs::msg[m[K’
[2.071s]    26 | namespace [01;36m[Kmsg[m[K
[2.071s]       |           [01;36m[K^~~[m[K
[2.071s] In file included from [01m[K/opt/ros/galactic/include/builtin_interfaces/msg/duration.hpp:7[m[K,
[2.071s]                  from [01m[K/opt/ros/galactic/include/rclcpp/duration.hpp:20[m[K,
[2.071s]                  from [01m[K/opt/ros/galactic/include/rclcpp/qos.hpp:20[m[K,
[2.071s]                  from [01m[K/opt/ros/galactic/include/rclcpp/node_interfaces/node_graph_interface.hpp:31[m[K,
[2.072s]                  from [01m[K/opt/ros/galactic/include/rclcpp/client.hpp:34[m[K,
[2.072s]                  from [01m[K/opt/ros/galactic/include/rclcpp/callback_group.hpp:23[m[K,
[2.072s]                  from [01m[K/opt/ros/galactic/include/rclcpp/any_executable.hpp:20[m[K,
[2.072s]                  from [01m[K/opt/ros/galactic/include/rclcpp/memory_strategy.hpp:25[m[K,
[2.072s]                  from [01m[K/opt/ros/galactic/include/rclcpp/memory_strategies.hpp:18[m[K,
[2.072s]                  from [01m[K/opt/ros/galactic/include/rclcpp/executor_options.hpp:20[m[K,
[2.072s]                  from [01m[K/opt/ros/galactic/include/rclcpp/executor.hpp:36[m[K,
[2.072s]                  from [01m[K/opt/ros/galactic/include/rclcpp/executors/multi_threaded_executor.hpp:26[m[K,
[2.072s]                  from [01m[K/opt/ros/galactic/include/rclcpp/executors.hpp:21[m[K,
[2.072s]                  from [01m[K/opt/ros/galactic/include/rclcpp/rclcpp.hpp:156[m[K,
[2.072s]                  from [01m[K/home/a/ros2_ws/src/px4_ros_com/src/examples/offboard/offboard_control_mode.cpp:14[m[K:
[2.072s] [01m[K/opt/ros/galactic/include/builtin_interfaces/msg/detail/duration__struct.hpp:26:11:[m[K [01;36m[Knote: [m[K  ‘[01m[Kbuiltin_interfaces::msg[m[K’
[2.072s]    26 | namespace [01;36m[Kmsg[m[K
[2.072s]       |           [01;36m[K^~~[m[K
[2.072s] In file included from [01m[K/opt/ros/galactic/include/rcl_interfaces/msg/set_parameters_result.hpp:7[m[K,
[2.072s]                  from [01m[K/opt/ros/galactic/include/rclcpp/qos_overriding_options.hpp:28[m[K,
[2.072s]                  from [01m[K/opt/ros/galactic/include/rclcpp/subscription_options.hpp:29[m[K,
[2.072s]                  from [01m[K/opt/ros/galactic/include/rclcpp/subscription.hpp:45[m[K,
[2.072s]                  from [01m[K/opt/ros/galactic/include/rclcpp/any_executable.hpp:25[m[K,
[2.072s]                  from [01m[K/opt/ros/galactic/include/rclcpp/memory_strategy.hpp:25[m[K,
[2.072s]                  from [01m[K/opt/ros/galactic/include/rclcpp/memory_strategies.hpp:18[m[K,
[2.072s]                  from [01m[K/opt/ros/galactic/include/rclcpp/executor_options.hpp:20[m[K,
[2.072s]                  from [01m[K/opt/ros/galactic/include/rclcpp/executor.hpp:36[m[K,
[2.072s]                  from [01m[K/opt/ros/galactic/include/rclcpp/executors/multi_threaded_executor.hpp:26[m[K,
[2.072s]                  from [01m[K/opt/ros/galactic/include/rclcpp/executors.hpp:21[m[K,
[2.073s]                  from [01m[K/opt/ros/galactic/include/rclcpp/rclcpp.hpp:156[m[K,
[2.073s]                  from [01m[K/home/a/ros2_ws/src/px4_ros_com/src/examples/offboard/offboard_control_mode.cpp:14[m[K:
[2.073s] [01m[K/opt/ros/galactic/include/rcl_interfaces/msg/detail/set_parameters_result__struct.hpp:26:11:[m[K [01;36m[Knote: [m[K  ‘[01m[Krcl_interfaces::msg[m[K’
[2.073s]    26 | namespace [01;36m[Kmsg[m[K
[2.073s]       |           [01;36m[K^~~[m[K
[2.073s] In file included from [01m[K/opt/ros/galactic/include/statistics_msgs/msg/detail/metrics_message__struct.hpp:22[m[K,
[2.073s]                  from [01m[K/opt/ros/galactic/include/statistics_msgs/msg/metrics_message.hpp:7[m[K,
[2.073s]                  from [01m[K/opt/ros/galactic/include/libstatistics_collector/collector/generate_statistics_message.hpp:21[m[K,
[2.073s]                  from [01m[K/opt/ros/galactic/include/rclcpp/topic_statistics/subscription_topic_statistics.hpp:23[m[K,
[2.073s]                  from [01m[K/opt/ros/galactic/include/rclcpp/subscription.hpp:50[m[K,
[2.073s]                  from [01m[K/opt/ros/galactic/include/rclcpp/any_executable.hpp:25[m[K,
[2.073s]                  from [01m[K/opt/ros/galactic/include/rclcpp/memory_strategy.hpp:25[m[K,
[2.073s]                  from [01m[K/opt/ros/galactic/include/rclcpp/memory_strategies.hpp:18[m[K,
[2.073s]                  from [01m[K/opt/ros/galactic/include/rclcpp/executor_options.hpp:20[m[K,
[2.073s]                  from [01m[K/opt/ros/galactic/include/rclcpp/executor.hpp:36[m[K,
[2.073s]                  from [01m[K/opt/ros/galactic/include/rclcpp/executors/multi_threaded_executor.hpp:26[m[K,
[2.073s]                  from [01m[K/opt/ros/galactic/include/rclcpp/executors.hpp:21[m[K,
[2.073s]                  from [01m[K/opt/ros/galactic/include/rclcpp/rclcpp.hpp:156[m[K,
[2.073s]                  from [01m[K/home/a/ros2_ws/src/px4_ros_com/src/examples/offboard/offboard_control_mode.cpp:14[m[K:
[2.073s] [01m[K/opt/ros/galactic/include/statistics_msgs/msg/detail/statistic_data_point__struct.hpp:26:11:[m[K [01;36m[Knote: [m[K  ‘[01m[Kstatistics_msgs::msg[m[K’
[2.073s]    26 | namespace [01;36m[Kmsg[m[K
[2.073s]       |           [01;36m[K^~~[m[K
[2.077s] [01m[K/home/a/ros2_ws/src/px4_ros_com/src/examples/offboard/offboard_control_mode.cpp:144:2:[m[K [01;31m[Kerror: [m[K‘[01m[Kvehicle_command_publisher_[m[K’ was not declared in this scope
[2.077s]   144 |  [01;31m[Kvehicle_command_publisher_[m[K->publish(msg);
[2.077s]       |  [01;31m[K^~~~~~~~~~~~~~~~~~~~~~~~~~[m[K
[2.770s] make[2]: *** [CMakeFiles/offboard_control_mode.dir/build.make:63：CMakeFiles/offboard_control_mode.dir/src/examples/offboard/offboard_control_mode.cpp.o] 错误 1
[2.772s] make[1]: *** [CMakeFiles/Makefile2:451：CMakeFiles/offboard_control_mode.dir/all] 错误 2
[2.772s] make: *** [Makefile:141：all] 错误 2
[2.773s] Invoked command in '/home/a/ros2_ws/build/px4_ros_com' returned '2': CMAKE_PREFIX_PATH=/home/a/ros2_ws/install/px4_msgs:/home/a/ros2_ws/install/px4_ros_com:/home/a/ros2_ws/install/my_uav:/opt/ros/galactic LD_LIBRARY_PATH=/home/a/ros2_ws/install/px4_msgs/lib:/home/a/ros2_ws/install/px4_ros_com/lib:/usr/lib/x86_64-linux-gnu/gazebo-11/plugins:/opt/ros/galactic/opt/yaml_cpp_vendor/lib:/opt/ros/galactic/opt/rviz_ogre_vendor/lib:/opt/ros/galactic/lib/x86_64-linux-gnu:/opt/ros/galactic/lib:/home/a/PX4-Autopilot/build/px4_sitl_default/build_gazebo-classic /usr/bin/cmake --build /home/a/ros2_ws/build/px4_ros_com -- -j2 -l2
