running egg_info
creating ../../build/route_attack/route_attack.egg-info
writing ../../build/route_attack/route_attack.egg-info/PKG-INFO
writing dependency_links to ../../build/route_attack/route_attack.egg-info/dependency_links.txt
writing entry points to ../../build/route_attack/route_attack.egg-info/entry_points.txt
writing requirements to ../../build/route_attack/route_attack.egg-info/requires.txt
writing top-level names to ../../build/route_attack/route_attack.egg-info/top_level.txt
writing manifest file '../../build/route_attack/route_attack.egg-info/SOURCES.txt'
reading manifest file '../../build/route_attack/route_attack.egg-info/SOURCES.txt'
writing manifest file '../../build/route_attack/route_attack.egg-info/SOURCES.txt'
running build
running build_py
creating /home/a/attack/build/route_attack/build
creating /home/a/attack/build/route_attack/build/lib
creating /home/a/attack/build/route_attack/build/lib/route_attack
copying route_attack/blackhole_attack.py -> /home/a/attack/build/route_attack/build/lib/route_attack
copying route_attack/__init__.py -> /home/a/attack/build/route_attack/build/lib/route_attack
running install
running install_lib
creating /home/a/attack/install/route_attack/lib/python3.8/site-packages/route_attack
copying /home/a/attack/build/route_attack/build/lib/route_attack/blackhole_attack.py -> /home/a/attack/install/route_attack/lib/python3.8/site-packages/route_attack
copying /home/a/attack/build/route_attack/build/lib/route_attack/__init__.py -> /home/a/attack/install/route_attack/lib/python3.8/site-packages/route_attack
byte-compiling /home/a/attack/install/route_attack/lib/python3.8/site-packages/route_attack/blackhole_attack.py to blackhole_attack.cpython-38.pyc
byte-compiling /home/a/attack/install/route_attack/lib/python3.8/site-packages/route_attack/__init__.py to __init__.cpython-38.pyc
running install_data
creating /home/a/attack/install/route_attack/share/ament_index
creating /home/a/attack/install/route_attack/share/ament_index/resource_index
creating /home/a/attack/install/route_attack/share/ament_index/resource_index/packages
copying resource/route_attack -> /home/a/attack/install/route_attack/share/ament_index/resource_index/packages
copying package.xml -> /home/a/attack/install/route_attack/share/route_attack
running install_egg_info
Copying ../../build/route_attack/route_attack.egg-info to /home/a/attack/install/route_attack/lib/python3.8/site-packages/route_attack-0.0.0-py3.8.egg-info
running install_scripts
writing list of installed files to '/home/a/attack/build/route_attack/install.log'
