[0.009s] Invoking command in '/home/a/uav/build/my_uav': /usr/bin/cmake --build /home/a/uav/build/my_uav -- -j2 -l2
[0.070s] [  4%] [32mBuilding CXX object CMakeFiles/uav_control_node.dir/src/uav_control_node.cpp.o[0m
[0.073s] [ 13%] Built target image_sub
[0.098s] [ 22%] Built target internlm_m_node
[0.140s] [ 31%] Built target internvl
[0.171s] [ 40%] Built target internlm_m_listener
[0.204s] [ 50%] Built target internvl_p
[0.246s] [ 59%] Built target internvl_listener
[0.278s] [ 68%] Built target gps_sub
[0.311s] [ 77%] Built target ray_sub
[0.349s] [ 86%] Built target camera_listener
[0.381s] [ 95%] Built target ray_listener
[1.957s] [01m[K/home/a/uav/src/my_uav/src/uav_control_node.cpp:[m[K In constructor ‘[01m[KUAVControlNode::UAVControlNode()[m[K’:
[1.957s] [01m[K/home/a/uav/src/my_uav/src/uav_control_node.cpp:53:63:[m[K [01;31m[Kerror: [m[K‘[01m[Kusing json = using json = class nlohmann::basic_json<>[m[K’ {aka ‘[01m[Kclass nlohmann::basic_json<>[m[K’} has no member named ‘[01m[Kc_str[m[K’
[1.957s]    53 |   std::string command_string = parse_model_reply(request_data.[01;31m[Kc_str[m[K());
[1.957s]       |                                                               [01;31m[K^~~~~[m[K
[2.990s] make[2]: *** [CMakeFiles/uav_control_node.dir/build.make:63：CMakeFiles/uav_control_node.dir/src/uav_control_node.cpp.o] 错误 1
[2.990s] make[1]: *** [CMakeFiles/Makefile2:152：CMakeFiles/uav_control_node.dir/all] 错误 2
[2.990s] make: *** [Makefile:141：all] 错误 2
[2.992s] Invoked command in '/home/a/uav/build/my_uav' returned '2': /usr/bin/cmake --build /home/a/uav/build/my_uav -- -j2 -l2
