[0.018s] Invoking command in '/home/a/uav/build/my_uav': CMAKE_PREFIX_PATH=${CMAKE_PREFIX_PATH}:/opt/ros/galactic /usr/bin/cmake --build /home/a/uav/build/my_uav -- -j2 -l2
[0.061s] -- Found ament_cmake: 1.1.6 (/opt/ros/galactic/share/ament_cmake/cmake)
[0.088s] -- Using PYTHON_EXECUTABLE: /usr/bin/python3
[0.187s] -- Found ament_lint_auto: 0.10.7 (/opt/ros/galactic/share/ament_lint_auto/cmake)
[0.265s] -- Found rclcpp: 9.2.2 (/opt/ros/galactic/share/rclcpp/cmake)
[0.324s] -- Using all available rosidl_typesupport_c: rosidl_typesupport_fastrtps_c;rosidl_typesupport_introspection_c
[0.331s] -- Found rosidl_adapter: 2.2.3 (/opt/ros/galactic/share/rosidl_adapter/cmake)
[0.492s] -- Using all available rosidl_typesupport_cpp: rosidl_typesupport_fastrtps_cpp;rosidl_typesupport_introspection_cpp
[0.568s] -- Found rmw_implementation_cmake: 3.3.1 (/opt/ros/galactic/share/rmw_implementation_cmake/cmake)
[0.572s] -- Found rmw_cyclonedds_cpp: 0.22.6 (/opt/ros/galactic/share/rmw_cyclonedds_cpp/cmake)
[0.597s] -- Using RMW implementation 'rmw_cyclonedds_cpp' as default
[0.763s] -- Found sensor_msgs: 2.2.4 (/opt/ros/galactic/share/sensor_msgs/cmake)
[0.924s] -- Found px4_msgs: 2.0.1 (/home/a/ros2_ws/install/px4_msgs/share/px4_msgs/cmake)
[0.966s] -- Found cv_bridge: 3.1.3 (/opt/ros/galactic/share/cv_bridge/cmake)
[1.002s] -- Added test 'copyright' to check source files copyright and LICENSE
[1.005s] -- Added test 'cppcheck' to perform static code analysis on C / C++ code
[1.005s] -- Configured cppcheck include dirs: 
[1.005s] -- Configured cppcheck exclude dirs and/or files: 
[1.008s] -- Added test 'cpplint' to check C / C++ code against the Google style
[1.008s] -- Configured cpplint exclude dirs and/or files: 
[1.009s] -- Added test 'flake8' to check Python code syntax and style conventions
[1.010s] -- Added test 'lint_cmake' to check CMake code style
[1.011s] -- Added test 'pep257' to check Python code against some of the style conventions in PEP 257
[1.014s] -- Added test 'uncrustify' to check C / C++ code style
[1.014s] -- Configured uncrustify additional arguments: 
[1.015s] -- Added test 'xmllint' to check XML markup files
[1.018s] -- Configuring done
[1.126s] -- Generating done
[1.192s] -- Build files have been written to: /home/a/uav/build/my_uav
[1.236s] [  9%] Built target uav_control_node
[1.245s] [ 18%] Built target image_sub
[1.271s] [ 27%] Built target internlm_m_node
[1.282s] [ 36%] Built target internvl
[1.294s] [35m[1mScanning dependencies of target internvl_p[0m
[1.311s] [ 45%] Built target internlm_m_listener
[1.359s] [ 54%] Built target internvl_listener
[1.400s] [ 63%] Built target gps_sub
[1.443s] [ 72%] Built target ray_sub
[1.477s] [ 81%] Built target camera_listener
[1.503s] [ 90%] Built target ray_listener
[1.505s] [ 95%] [32mBuilding CXX object CMakeFiles/internvl_p.dir/src/internvl_p.cpp.o[0m
[5.819s] [01m[K/home/a/uav/src/my_uav/src/internvl_p.cpp:136:2:[m[K [01;31m[Kerror: [m[K‘[01m[KstringStream[m[K’ does not name a type
[5.819s]   136 |  [01;31m[KstringStream[m[K << R"(
[5.819s]       |  [01;31m[K^~~~~~~~~~~~[m[K
[11.927s] make[2]: *** [CMakeFiles/internvl_p.dir/build.make:63：CMakeFiles/internvl_p.dir/src/internvl_p.cpp.o] 错误 1
[11.928s] make[1]: *** [CMakeFiles/Makefile2:287：CMakeFiles/internvl_p.dir/all] 错误 2
[11.928s] make: *** [Makefile:141：all] 错误 2
[11.929s] Invoked command in '/home/a/uav/build/my_uav' returned '2': CMAKE_PREFIX_PATH=${CMAKE_PREFIX_PATH}:/opt/ros/galactic /usr/bin/cmake --build /home/a/uav/build/my_uav -- -j2 -l2
