[0.017s] Invoking command in '/home/a/uav/build/my_uav': CMAKE_PREFIX_PATH=${CMAKE_PREFIX_PATH}:/opt/ros/galactic /usr/bin/cmake --build /home/a/uav/build/my_uav -- -j2 -l2
[0.062s] -- Found ament_cmake: 1.1.6 (/opt/ros/galactic/share/ament_cmake/cmake)
[0.088s] -- Using PYTHON_EXECUTABLE: /usr/bin/python3
[0.181s] -- Found ament_lint_auto: 0.10.7 (/opt/ros/galactic/share/ament_lint_auto/cmake)
[0.244s] -- Found rclcpp: 9.2.2 (/opt/ros/galactic/share/rclcpp/cmake)
[0.297s] -- Using all available rosidl_typesupport_c: rosidl_typesupport_fastrtps_c;rosidl_typesupport_introspection_c
[0.303s] -- Found rosidl_adapter: 2.2.3 (/opt/ros/galactic/share/rosidl_adapter/cmake)
[0.434s] -- Using all available rosidl_typesupport_cpp: rosidl_typesupport_fastrtps_cpp;rosidl_typesupport_introspection_cpp
[0.498s] -- Found rmw_implementation_cmake: 3.3.1 (/opt/ros/galactic/share/rmw_implementation_cmake/cmake)
[0.501s] -- Found rmw_cyclonedds_cpp: 0.22.6 (/opt/ros/galactic/share/rmw_cyclonedds_cpp/cmake)
[0.521s] -- Using RMW implementation 'rmw_cyclonedds_cpp' as default
[0.665s] -- Found sensor_msgs: 2.2.4 (/opt/ros/galactic/share/sensor_msgs/cmake)
[0.800s] -- Found px4_msgs: 2.0.1 (/home/a/ros2_ws/install/px4_msgs/share/px4_msgs/cmake)
[0.834s] -- Added test 'copyright' to check source files copyright and LICENSE
[0.837s] -- Added test 'cppcheck' to perform static code analysis on C / C++ code
[0.837s] -- Configured cppcheck include dirs: 
[0.837s] -- Configured cppcheck exclude dirs and/or files: 
[0.839s] -- Added test 'cpplint' to check C / C++ code against the Google style
[0.839s] -- Configured cpplint exclude dirs and/or files: 
[0.840s] -- Added test 'flake8' to check Python code syntax and style conventions
[0.842s] -- Added test 'lint_cmake' to check CMake code style
[0.843s] -- Added test 'pep257' to check Python code against some of the style conventions in PEP 257
[0.845s] -- Added test 'uncrustify' to check C / C++ code style
[0.845s] -- Configured uncrustify additional arguments: 
[0.846s] -- Added test 'xmllint' to check XML markup files
[0.849s] -- Configuring done
[0.887s] -- Generating done
[0.901s] -- Build files have been written to: /home/a/uav/build/my_uav
[0.942s] [ 16%] Built target uav_control_node
[0.945s] [ 33%] Built target internlm_m_node
[0.971s] [ 50%] Built target internvl
[0.978s] [ 66%] Built target internlm_m_listener
[0.981s] [35m[1mScanning dependencies of target camera_listener[0m
[0.990s] [35m[1mScanning dependencies of target ray_listener[0m
[1.097s] [ 75%] [32mBuilding CXX object CMakeFiles/camera_listener.dir/src/camera_listener.cpp.o[0m
[1.098s] [ 83%] [32mBuilding CXX object CMakeFiles/ray_listener.dir/src/ray_listener.cpp.o[0m
[7.977s] [ 91%] [32m[1mLinking CXX executable ray_listener[0m
[8.345s] [ 91%] Built target ray_listener
[8.402s] [100%] [32m[1mLinking CXX executable camera_listener[0m
[8.675s] [100%] Built target camera_listener
[8.690s] Invoked command in '/home/a/uav/build/my_uav' returned '0': CMAKE_PREFIX_PATH=${CMAKE_PREFIX_PATH}:/opt/ros/galactic /usr/bin/cmake --build /home/a/uav/build/my_uav -- -j2 -l2
[8.703s] Invoking command in '/home/a/uav/build/my_uav': CMAKE_PREFIX_PATH=${CMAKE_PREFIX_PATH}:/opt/ros/galactic /usr/bin/cmake --install /home/a/uav/build/my_uav
[8.712s] -- Install configuration: ""
[8.712s] -- Up-to-date: /home/a/uav/install/my_uav/share/my_uav/launch
[8.712s] -- Up-to-date: /home/a/uav/install/my_uav/share/my_uav/launch/sitl.launch
[8.712s] -- Up-to-date: /home/a/uav/install/my_uav/share/my_uav/launch/p450.py
[8.713s] -- Up-to-date: /home/a/uav/install/my_uav/share/my_uav/launch/gz_launch.py
[8.713s] -- Installing: /home/a/uav/install/my_uav/share/my_uav/launch/cam_sub.launch.py
[8.713s] -- Up-to-date: /home/a/uav/install/my_uav/share/my_uav/models
[8.713s] -- Up-to-date: /home/a/uav/install/my_uav/share/my_uav/models/p450_2Dlidar_depth
[8.713s] -- Up-to-date: /home/a/uav/install/my_uav/share/my_uav/models/p450_2Dlidar_depth/model.config
[8.713s] -- Up-to-date: /home/a/uav/install/my_uav/share/my_uav/models/p450_2Dlidar_depth/p450_2Dlidar_depth.sdf
[8.713s] -- Up-to-date: /home/a/uav/install/my_uav/share/my_uav/models/p450
[8.713s] -- Up-to-date: /home/a/uav/install/my_uav/share/my_uav/models/p450/model.config
[8.713s] -- Up-to-date: /home/a/uav/install/my_uav/share/my_uav/models/p450/meshes
[8.713s] -- Up-to-date: /home/a/uav/install/my_uav/share/my_uav/models/p450/meshes/p450_ccw.stl
[8.714s] -- Up-to-date: /home/a/uav/install/my_uav/share/my_uav/models/p450/meshes/p450.stl
[8.714s] -- Up-to-date: /home/a/uav/install/my_uav/share/my_uav/models/p450/meshes/p450_cw.stl
[8.714s] -- Up-to-date: /home/a/uav/install/my_uav/share/my_uav/models/p450/p450.sdf
[8.714s] -- Up-to-date: /home/a/uav/install/my_uav/share/my_uav/models/hokuyo_ust_20lx
[8.714s] -- Up-to-date: /home/a/uav/install/my_uav/share/my_uav/models/hokuyo_ust_20lx/hokuyo_ust_20lx.sdf
[8.714s] -- Up-to-date: /home/a/uav/install/my_uav/share/my_uav/models/hokuyo_ust_20lx/model.config
[8.714s] -- Up-to-date: /home/a/uav/install/my_uav/share/my_uav/models/p450_hokuyo_2Dlidar
[8.714s] -- Up-to-date: /home/a/uav/install/my_uav/share/my_uav/models/p450_hokuyo_2Dlidar/p450_hokuyo_2Dlidar.sdf
[8.714s] -- Up-to-date: /home/a/uav/install/my_uav/share/my_uav/models/p450_hokuyo_2Dlidar/model.config
[8.714s] -- Up-to-date: /home/a/uav/install/my_uav/share/my_uav/models/depth
[8.714s] -- Installing: /home/a/uav/install/my_uav/share/my_uav/models/depth/model.config
[8.715s] -- Up-to-date: /home/a/uav/install/my_uav/share/my_uav/models/depth/depth.sdf
[8.715s] -- Up-to-date: /home/a/uav/install/my_uav/share/my_uav/models/D435i
[8.715s] -- Up-to-date: /home/a/uav/install/my_uav/share/my_uav/models/D435i/materials
[8.715s] -- Up-to-date: /home/a/uav/install/my_uav/share/my_uav/models/D435i/materials/textures
[8.715s] -- Up-to-date: /home/a/uav/install/my_uav/share/my_uav/models/D435i/materials/textures/realsense_diffuse.png
[8.715s] -- Up-to-date: /home/a/uav/install/my_uav/share/my_uav/models/D435i/model.config
[8.715s] -- Up-to-date: /home/a/uav/install/my_uav/share/my_uav/models/D435i/D435i.sdf
[8.715s] -- Up-to-date: /home/a/uav/install/my_uav/share/my_uav/models/D435i/meshes
[8.715s] -- Up-to-date: /home/a/uav/install/my_uav/share/my_uav/models/D435i/meshes/realsense_d435.stl
[8.715s] -- Up-to-date: /home/a/uav/install/my_uav/share/my_uav/models/D435i/meshes/D435i.dae
[8.715s] -- Up-to-date: /home/a/uav/install/my_uav/share/my_uav/models/p450_depth
[8.715s] -- Up-to-date: /home/a/uav/install/my_uav/share/my_uav/models/p450_depth/model.config
[8.715s] -- Up-to-date: /home/a/uav/install/my_uav/share/my_uav/models/p450_depth/p450_depth.sdf
[8.716s] -- Up-to-date: /home/a/uav/install/my_uav/share/my_uav/worlds
[8.716s] -- Up-to-date: /home/a/uav/install/my_uav/share/my_uav/worlds/leida.world
[8.716s] -- Up-to-date: /home/a/uav/install/my_uav/share/my_uav/worlds/my.world
[8.716s] -- Up-to-date: /home/a/uav/install/my_uav/share/my_uav/worlds/baylands.world
[8.716s] -- Up-to-date: /home/a/uav/install/my_uav/share/my_uav/worlds/safe_landing.world
[8.716s] -- Up-to-date: /home/a/uav/install/my_uav/share/my_uav/worlds/yosemite.world
[8.716s] -- Up-to-date: /home/a/uav/install/my_uav/share/my_uav/worlds/mcmillan_airfield.world
[8.716s] -- Up-to-date: /home/a/uav/install/my_uav/share/my_uav/worlds/cam.world
[8.716s] -- Up-to-date: /home/a/uav/install/my_uav/share/my_uav/worlds/sonoma_raceway.world
[8.716s] -- Up-to-date: /home/a/uav/install/my_uav/share/my_uav/worlds/empty_world.world
[8.716s] -- Up-to-date: /home/a/uav/install/my_uav/lib/my_uav/my_python_node.py
[8.716s] -- Up-to-date: /home/a/uav/install/my_uav/lib/my_uav/uav_control_node
[8.717s] -- Up-to-date: /home/a/uav/install/my_uav/lib/my_uav/internlm_m_node
[8.717s] -- Up-to-date: /home/a/uav/install/my_uav/lib/my_uav/internvl
[8.717s] -- Up-to-date: /home/a/uav/install/my_uav/lib/my_uav/internlm_m_listener
[8.718s] -- Installing: /home/a/uav/install/my_uav/lib/my_uav/camera_listener
[8.720s] -- Set runtime path of "/home/a/uav/install/my_uav/lib/my_uav/camera_listener" to ""
[8.720s] -- Installing: /home/a/uav/install/my_uav/lib/my_uav/ray_listener
[8.722s] -- Set runtime path of "/home/a/uav/install/my_uav/lib/my_uav/ray_listener" to ""
[8.722s] -- Up-to-date: /home/a/uav/install/my_uav/share/ament_index/resource_index/package_run_dependencies/my_uav
[8.722s] -- Up-to-date: /home/a/uav/install/my_uav/share/ament_index/resource_index/parent_prefix_path/my_uav
[8.722s] -- Up-to-date: /home/a/uav/install/my_uav/share/my_uav/environment/ament_prefix_path.sh
[8.722s] -- Installing: /home/a/uav/install/my_uav/share/my_uav/environment/ament_prefix_path.dsv
[8.723s] -- Up-to-date: /home/a/uav/install/my_uav/share/my_uav/environment/path.sh
[8.723s] -- Installing: /home/a/uav/install/my_uav/share/my_uav/environment/path.dsv
[8.723s] -- Up-to-date: /home/a/uav/install/my_uav/share/my_uav/local_setup.bash
[8.723s] -- Up-to-date: /home/a/uav/install/my_uav/share/my_uav/local_setup.sh
[8.723s] -- Up-to-date: /home/a/uav/install/my_uav/share/my_uav/local_setup.zsh
[8.723s] -- Installing: /home/a/uav/install/my_uav/share/my_uav/local_setup.dsv
[8.724s] -- Installing: /home/a/uav/install/my_uav/share/my_uav/package.dsv
[8.725s] -- Up-to-date: /home/a/uav/install/my_uav/share/ament_index/resource_index/packages/my_uav
[8.725s] -- Up-to-date: /home/a/uav/install/my_uav/share/my_uav/cmake/my_uavConfig.cmake
[8.725s] -- Up-to-date: /home/a/uav/install/my_uav/share/my_uav/cmake/my_uavConfig-version.cmake
[8.725s] -- Up-to-date: /home/a/uav/install/my_uav/share/my_uav/package.xml
[8.727s] Invoked command in '/home/a/uav/build/my_uav' returned '0': CMAKE_PREFIX_PATH=${CMAKE_PREFIX_PATH}:/opt/ros/galactic /usr/bin/cmake --install /home/a/uav/build/my_uav
