[0.013s] Invoking command in '/home/a/uav/build/my_uav': /usr/bin/cmake --build /home/a/uav/build/my_uav -- -j2 -l2
[0.067s] [  4%] [32mBuilding CXX object CMakeFiles/uav_control_node.dir/src/uav_control_node.cpp.o[0m
[0.080s] [ 13%] Built target image_sub
[0.106s] [ 22%] Built target internlm_m_node
[0.137s] [ 31%] Built target internvl
[0.173s] [ 40%] Built target internlm_m_listener
[0.205s] [ 50%] Built target internvl_p
[0.241s] [ 59%] Built target internvl_listener
[0.276s] [ 68%] Built target gps_sub
[0.302s] [ 77%] Built target ray_sub
[0.326s] [ 86%] Built target camera_listener
[0.351s] [ 95%] Built target ray_listener
[4.634s] [100%] [32m[1mLinking CXX executable uav_control_node[0m
[4.799s] [100%] Built target uav_control_node
[4.810s] Invoked command in '/home/a/uav/build/my_uav' returned '0': /usr/bin/cmake --build /home/a/uav/build/my_uav -- -j2 -l2
[4.822s] Invoking command in '/home/a/uav/build/my_uav': /usr/bin/cmake --install /home/a/uav/build/my_uav
[4.831s] -- Install configuration: ""
[4.831s] -- Up-to-date: /home/a/uav/install/my_uav/share/my_uav/launch
[4.831s] -- Up-to-date: /home/a/uav/install/my_uav/share/my_uav/launch/sitl.launch
[4.831s] -- Up-to-date: /home/a/uav/install/my_uav/share/my_uav/launch/p450.py
[4.831s] -- Up-to-date: /home/a/uav/install/my_uav/share/my_uav/launch/gz_launch.py
[4.831s] -- Up-to-date: /home/a/uav/install/my_uav/share/my_uav/launch/cam_sub.launch.py
[4.831s] -- Up-to-date: /home/a/uav/install/my_uav/share/my_uav/models
[4.831s] -- Up-to-date: /home/a/uav/install/my_uav/share/my_uav/models/p450_2Dlidar_depth
[4.831s] -- Up-to-date: /home/a/uav/install/my_uav/share/my_uav/models/p450_2Dlidar_depth/p450_2Dlidar_depth_3.sdf.last_generated
[4.831s] -- Up-to-date: /home/a/uav/install/my_uav/share/my_uav/models/p450_2Dlidar_depth/p450_2Dlidar_depth_2.sdf.last_generated
[4.831s] -- Up-to-date: /home/a/uav/install/my_uav/share/my_uav/models/p450_2Dlidar_depth/p450_2Dlidar_depth_1.sdf.last_generated
[4.831s] -- Up-to-date: /home/a/uav/install/my_uav/share/my_uav/models/p450_2Dlidar_depth/p450_2Dlidar_depth_0.sdf
[4.831s] -- Up-to-date: /home/a/uav/install/my_uav/share/my_uav/models/p450_2Dlidar_depth/p450_2Dlidar_depth_0.sdf.last_generated
[4.831s] -- Up-to-date: /home/a/uav/install/my_uav/share/my_uav/models/p450_2Dlidar_depth/p450_2Dlidar_depth_1.sdf
[4.831s] -- Up-to-date: /home/a/uav/install/my_uav/share/my_uav/models/p450_2Dlidar_depth/model.config
[4.832s] -- Up-to-date: /home/a/uav/install/my_uav/share/my_uav/models/p450_2Dlidar_depth/p450_2Dlidar_depth.sdf
[4.832s] -- Up-to-date: /home/a/uav/install/my_uav/share/my_uav/models/p450_2Dlidar_depth/p450_2Dlidar_depth_3.sdf
[4.832s] -- Up-to-date: /home/a/uav/install/my_uav/share/my_uav/models/p450_2Dlidar_depth/p450_2Dlidar_depth_-m.sdf
[4.832s] -- Up-to-date: /home/a/uav/install/my_uav/share/my_uav/models/p450_2Dlidar_depth/p450_2Dlidar_depth_2.sdf
[4.832s] -- Up-to-date: /home/a/uav/install/my_uav/share/my_uav/models/p450_2Dlidar_depth/p450_2Dlidar_depth_-m.sdf.last_generated
[4.832s] -- Up-to-date: /home/a/uav/install/my_uav/share/my_uav/models/p450
[4.832s] -- Up-to-date: /home/a/uav/install/my_uav/share/my_uav/models/p450/p450_1.sdf
[4.832s] -- Up-to-date: /home/a/uav/install/my_uav/share/my_uav/models/p450/p450_2.sdf.last_generated
[4.832s] -- Up-to-date: /home/a/uav/install/my_uav/share/my_uav/models/p450/p450.sdf.jinja
[4.832s] -- Up-to-date: /home/a/uav/install/my_uav/share/my_uav/models/p450/p450_1.sdf.last_generated
[4.832s] -- Up-to-date: /home/a/uav/install/my_uav/share/my_uav/models/p450/model.config
[4.832s] -- Up-to-date: /home/a/uav/install/my_uav/share/my_uav/models/p450/p450_2.sdf
[4.832s] -- Up-to-date: /home/a/uav/install/my_uav/share/my_uav/models/p450/meshes
[4.832s] -- Up-to-date: /home/a/uav/install/my_uav/share/my_uav/models/p450/meshes/p450_ccw.stl
[4.832s] -- Up-to-date: /home/a/uav/install/my_uav/share/my_uav/models/p450/meshes/p450.stl
[4.832s] -- Up-to-date: /home/a/uav/install/my_uav/share/my_uav/models/p450/meshes/p450_cw.stl
[4.832s] -- Up-to-date: /home/a/uav/install/my_uav/share/my_uav/models/p450/p450.sdf
[4.832s] -- Up-to-date: /home/a/uav/install/my_uav/share/my_uav/models/hokuyo_ust_20lx
[4.832s] -- Up-to-date: /home/a/uav/install/my_uav/share/my_uav/models/hokuyo_ust_20lx/hokuyo_ust_20lx.sdf
[4.832s] -- Up-to-date: /home/a/uav/install/my_uav/share/my_uav/models/hokuyo_ust_20lx/hokuyo_ust_20lx_2.sdf.last_generated
[4.832s] -- Up-to-date: /home/a/uav/install/my_uav/share/my_uav/models/hokuyo_ust_20lx/model.config
[4.833s] -- Up-to-date: /home/a/uav/install/my_uav/share/my_uav/models/hokuyo_ust_20lx/hokuyo_ust_20lx_2.sdf
[4.833s] -- Up-to-date: /home/a/uav/install/my_uav/share/my_uav/models/hokuyo_ust_20lx/hokuyo_ust_20lx_1.sdf
[4.833s] -- Up-to-date: /home/a/uav/install/my_uav/share/my_uav/models/hokuyo_ust_20lx/hokuyo_ust_20lx_1.sdf.last_generated
[4.833s] -- Up-to-date: /home/a/uav/install/my_uav/share/my_uav/models/p450_hokuyo_2Dlidar
[4.833s] -- Up-to-date: /home/a/uav/install/my_uav/share/my_uav/models/p450_hokuyo_2Dlidar/p450_hokuyo_2Dlidar.sdf
[4.833s] -- Up-to-date: /home/a/uav/install/my_uav/share/my_uav/models/p450_hokuyo_2Dlidar/model.config
[4.833s] -- Up-to-date: /home/a/uav/install/my_uav/share/my_uav/models/depth
[4.833s] -- Up-to-date: /home/a/uav/install/my_uav/share/my_uav/models/depth/model.config
[4.833s] -- Up-to-date: /home/a/uav/install/my_uav/share/my_uav/models/depth/depth.sdf
[4.833s] -- Up-to-date: /home/a/uav/install/my_uav/share/my_uav/models/D435i
[4.833s] -- Up-to-date: /home/a/uav/install/my_uav/share/my_uav/models/D435i/materials
[4.833s] -- Up-to-date: /home/a/uav/install/my_uav/share/my_uav/models/D435i/materials/textures
[4.833s] -- Up-to-date: /home/a/uav/install/my_uav/share/my_uav/models/D435i/materials/textures/realsense_diffuse.png
[4.833s] -- Up-to-date: /home/a/uav/install/my_uav/share/my_uav/models/D435i/model.config
[4.833s] -- Up-to-date: /home/a/uav/install/my_uav/share/my_uav/models/D435i/D435i.sdf
[4.833s] -- Up-to-date: /home/a/uav/install/my_uav/share/my_uav/models/D435i/meshes
[4.833s] -- Up-to-date: /home/a/uav/install/my_uav/share/my_uav/models/D435i/meshes/realsense_d435.stl
[4.833s] -- Up-to-date: /home/a/uav/install/my_uav/share/my_uav/models/D435i/meshes/D435i.dae
[4.833s] -- Up-to-date: /home/a/uav/install/my_uav/share/my_uav/models/p450_depth
[4.833s] -- Up-to-date: /home/a/uav/install/my_uav/share/my_uav/models/p450_depth/model.config
[4.833s] -- Up-to-date: /home/a/uav/install/my_uav/share/my_uav/models/p450_depth/p450_depth.sdf
[4.833s] -- Up-to-date: /home/a/uav/install/my_uav/share/my_uav/worlds
[4.833s] -- Up-to-date: /home/a/uav/install/my_uav/share/my_uav/worlds/leida.world
[4.834s] -- Up-to-date: /home/a/uav/install/my_uav/share/my_uav/worlds/my.world
[4.834s] -- Up-to-date: /home/a/uav/install/my_uav/share/my_uav/worlds/baylands.world
[4.834s] -- Up-to-date: /home/a/uav/install/my_uav/share/my_uav/worlds/safe_landing.world
[4.834s] -- Up-to-date: /home/a/uav/install/my_uav/share/my_uav/worlds/yosemite.world
[4.834s] -- Up-to-date: /home/a/uav/install/my_uav/share/my_uav/worlds/mcmillan_airfield.world
[4.834s] -- Up-to-date: /home/a/uav/install/my_uav/share/my_uav/worlds/cam.world
[4.834s] -- Up-to-date: /home/a/uav/install/my_uav/share/my_uav/worlds/sonoma_raceway.world
[4.834s] -- Up-to-date: /home/a/uav/install/my_uav/share/my_uav/worlds/empty_world.world
[4.834s] -- Up-to-date: /home/a/uav/install/my_uav/lib/my_uav/my_python_node.py
[4.834s] -- Installing: /home/a/uav/install/my_uav/lib/my_uav/uav_control_node
[4.834s] -- Set runtime path of "/home/a/uav/install/my_uav/lib/my_uav/uav_control_node" to ""
[4.834s] -- Up-to-date: /home/a/uav/install/my_uav/lib/my_uav/internlm_m_node
[4.834s] -- Up-to-date: /home/a/uav/install/my_uav/lib/my_uav/internvl
[4.834s] -- Up-to-date: /home/a/uav/install/my_uav/lib/my_uav/internlm_m_listener
[4.834s] -- Up-to-date: /home/a/uav/install/my_uav/lib/my_uav/internvl_listener
[4.834s] -- Up-to-date: /home/a/uav/install/my_uav/lib/my_uav/internvl_p
[4.834s] -- Up-to-date: /home/a/uav/install/my_uav/lib/my_uav/image_sub
[4.834s] -- Up-to-date: /home/a/uav/install/my_uav/lib/my_uav/gps_sub
[4.835s] -- Up-to-date: /home/a/uav/install/my_uav/lib/my_uav/ray_sub
[4.835s] -- Up-to-date: /home/a/uav/install/my_uav/lib/my_uav/camera_listener
[4.835s] -- Up-to-date: /home/a/uav/install/my_uav/lib/my_uav/ray_listener
[4.835s] -- Up-to-date: /home/a/uav/install/my_uav/share/ament_index/resource_index/package_run_dependencies/my_uav
[4.835s] -- Up-to-date: /home/a/uav/install/my_uav/share/ament_index/resource_index/parent_prefix_path/my_uav
[4.835s] -- Up-to-date: /home/a/uav/install/my_uav/share/my_uav/environment/ament_prefix_path.sh
[4.836s] -- Up-to-date: /home/a/uav/install/my_uav/share/my_uav/environment/ament_prefix_path.dsv
[4.836s] -- Up-to-date: /home/a/uav/install/my_uav/share/my_uav/environment/path.sh
[4.836s] -- Up-to-date: /home/a/uav/install/my_uav/share/my_uav/environment/path.dsv
[4.836s] -- Up-to-date: /home/a/uav/install/my_uav/share/my_uav/local_setup.bash
[4.836s] -- Up-to-date: /home/a/uav/install/my_uav/share/my_uav/local_setup.sh
[4.836s] -- Up-to-date: /home/a/uav/install/my_uav/share/my_uav/local_setup.zsh
[4.836s] -- Up-to-date: /home/a/uav/install/my_uav/share/my_uav/local_setup.dsv
[4.836s] -- Installing: /home/a/uav/install/my_uav/share/my_uav/package.dsv
[4.836s] -- Up-to-date: /home/a/uav/install/my_uav/share/ament_index/resource_index/packages/my_uav
[4.836s] -- Up-to-date: /home/a/uav/install/my_uav/share/my_uav/cmake/my_uavConfig.cmake
[4.836s] -- Up-to-date: /home/a/uav/install/my_uav/share/my_uav/cmake/my_uavConfig-version.cmake
[4.836s] -- Up-to-date: /home/a/uav/install/my_uav/share/my_uav/package.xml
[4.838s] Invoked command in '/home/a/uav/build/my_uav' returned '0': /usr/bin/cmake --install /home/a/uav/build/my_uav
