[0.020s] Invoking command in '/home/a/uav/build/my_uav': /usr/bin/cmake --build /home/a/uav/build/my_uav -- -j2 -l2
[0.155s] [  9%] Built target image_sub
[0.193s] [ 18%] Built target uav_control_node
[0.251s] [ 27%] Built target internlm_m_node
[0.298s] [ 36%] Built target internvl
[0.340s] [ 45%] Built target internlm_m_listener
[0.372s] [35m[1mScanning dependencies of target internvl_p[0m
[0.455s] [ 50%] [32mBuilding CXX object CMakeFiles/internvl_p.dir/src/internvl_p.cpp.o[0m
[32.094s] [ 54%] [32m[1mLinking CXX executable internvl_p[0m
[35.010s] [ 54%] Built target internvl_p
[35.091s] [ 63%] Built target internvl_listener
[35.173s] [ 72%] Built target gps_sub
[35.245s] [ 81%] Built target ray_sub
[35.304s] [ 90%] Built target camera_listener
[35.356s] [100%] Built target ray_listener
[35.381s] Invoked command in '/home/a/uav/build/my_uav' returned '0': /usr/bin/cmake --build /home/a/uav/build/my_uav -- -j2 -l2
[35.408s] Invoking command in '/home/a/uav/build/my_uav': /usr/bin/cmake --install /home/a/uav/build/my_uav
[35.433s] -- Install configuration: ""
[35.434s] -- Up-to-date: /home/a/uav/install/my_uav/share/my_uav/launch
[35.434s] -- Up-to-date: /home/a/uav/install/my_uav/share/my_uav/launch/sitl.launch
[35.434s] -- Up-to-date: /home/a/uav/install/my_uav/share/my_uav/launch/p450.py
[35.434s] -- Up-to-date: /home/a/uav/install/my_uav/share/my_uav/launch/gz_launch.py
[35.434s] -- Up-to-date: /home/a/uav/install/my_uav/share/my_uav/launch/cam_sub.launch.py
[35.435s] -- Up-to-date: /home/a/uav/install/my_uav/share/my_uav/models
[35.435s] -- Up-to-date: /home/a/uav/install/my_uav/share/my_uav/models/p450_2Dlidar_depth
[35.435s] -- Up-to-date: /home/a/uav/install/my_uav/share/my_uav/models/p450_2Dlidar_depth/p450_2Dlidar_depth_3.sdf.last_generated
[35.435s] -- Up-to-date: /home/a/uav/install/my_uav/share/my_uav/models/p450_2Dlidar_depth/p450_2Dlidar_depth_2.sdf.last_generated
[35.436s] -- Installing: /home/a/uav/install/my_uav/share/my_uav/models/p450_2Dlidar_depth/p450_2Dlidar_depth_1.sdf.last_generated
[35.436s] -- Installing: /home/a/uav/install/my_uav/share/my_uav/models/p450_2Dlidar_depth/p450_2Dlidar_depth_1.sdf
[35.436s] -- Up-to-date: /home/a/uav/install/my_uav/share/my_uav/models/p450_2Dlidar_depth/model.config
[35.436s] -- Up-to-date: /home/a/uav/install/my_uav/share/my_uav/models/p450_2Dlidar_depth/p450_2Dlidar_depth.sdf
[35.436s] -- Up-to-date: /home/a/uav/install/my_uav/share/my_uav/models/p450_2Dlidar_depth/p450_2Dlidar_depth_3.sdf
[35.436s] -- Up-to-date: /home/a/uav/install/my_uav/share/my_uav/models/p450_2Dlidar_depth/p450_2Dlidar_depth_-m.sdf
[35.436s] -- Up-to-date: /home/a/uav/install/my_uav/share/my_uav/models/p450_2Dlidar_depth/p450_2Dlidar_depth_2.sdf
[35.436s] -- Up-to-date: /home/a/uav/install/my_uav/share/my_uav/models/p450_2Dlidar_depth/p450_2Dlidar_depth_-m.sdf.last_generated
[35.436s] -- Up-to-date: /home/a/uav/install/my_uav/share/my_uav/models/p450
[35.436s] -- Up-to-date: /home/a/uav/install/my_uav/share/my_uav/models/p450/p450_1.sdf
[35.436s] -- Up-to-date: /home/a/uav/install/my_uav/share/my_uav/models/p450/p450_2.sdf.last_generated
[35.436s] -- Up-to-date: /home/a/uav/install/my_uav/share/my_uav/models/p450/p450.sdf.jinja
[35.436s] -- Up-to-date: /home/a/uav/install/my_uav/share/my_uav/models/p450/p450_1.sdf.last_generated
[35.436s] -- Up-to-date: /home/a/uav/install/my_uav/share/my_uav/models/p450/model.config
[35.437s] -- Up-to-date: /home/a/uav/install/my_uav/share/my_uav/models/p450/p450_2.sdf
[35.437s] -- Up-to-date: /home/a/uav/install/my_uav/share/my_uav/models/p450/meshes
[35.437s] -- Up-to-date: /home/a/uav/install/my_uav/share/my_uav/models/p450/meshes/p450_ccw.stl
[35.437s] -- Up-to-date: /home/a/uav/install/my_uav/share/my_uav/models/p450/meshes/p450.stl
[35.437s] -- Up-to-date: /home/a/uav/install/my_uav/share/my_uav/models/p450/meshes/p450_cw.stl
[35.437s] -- Up-to-date: /home/a/uav/install/my_uav/share/my_uav/models/p450/p450.sdf
[35.437s] -- Up-to-date: /home/a/uav/install/my_uav/share/my_uav/models/hokuyo_ust_20lx
[35.437s] -- Up-to-date: /home/a/uav/install/my_uav/share/my_uav/models/hokuyo_ust_20lx/hokuyo_ust_20lx.sdf
[35.437s] -- Up-to-date: /home/a/uav/install/my_uav/share/my_uav/models/hokuyo_ust_20lx/hokuyo_ust_20lx_2.sdf.last_generated
[35.437s] -- Up-to-date: /home/a/uav/install/my_uav/share/my_uav/models/hokuyo_ust_20lx/model.config
[35.438s] -- Up-to-date: /home/a/uav/install/my_uav/share/my_uav/models/hokuyo_ust_20lx/hokuyo_ust_20lx_2.sdf
[35.438s] -- Up-to-date: /home/a/uav/install/my_uav/share/my_uav/models/hokuyo_ust_20lx/hokuyo_ust_20lx_1.sdf
[35.438s] -- Up-to-date: /home/a/uav/install/my_uav/share/my_uav/models/hokuyo_ust_20lx/hokuyo_ust_20lx_1.sdf.last_generated
[35.438s] -- Up-to-date: /home/a/uav/install/my_uav/share/my_uav/models/p450_hokuyo_2Dlidar
[35.438s] -- Up-to-date: /home/a/uav/install/my_uav/share/my_uav/models/p450_hokuyo_2Dlidar/p450_hokuyo_2Dlidar.sdf
[35.438s] -- Up-to-date: /home/a/uav/install/my_uav/share/my_uav/models/p450_hokuyo_2Dlidar/model.config
[35.438s] -- Up-to-date: /home/a/uav/install/my_uav/share/my_uav/models/depth
[35.439s] -- Up-to-date: /home/a/uav/install/my_uav/share/my_uav/models/depth/model.config
[35.439s] -- Up-to-date: /home/a/uav/install/my_uav/share/my_uav/models/depth/depth.sdf
[35.439s] -- Up-to-date: /home/a/uav/install/my_uav/share/my_uav/models/D435i
[35.439s] -- Up-to-date: /home/a/uav/install/my_uav/share/my_uav/models/D435i/materials
[35.439s] -- Up-to-date: /home/a/uav/install/my_uav/share/my_uav/models/D435i/materials/textures
[35.439s] -- Up-to-date: /home/a/uav/install/my_uav/share/my_uav/models/D435i/materials/textures/realsense_diffuse.png
[35.439s] -- Up-to-date: /home/a/uav/install/my_uav/share/my_uav/models/D435i/model.config
[35.439s] -- Up-to-date: /home/a/uav/install/my_uav/share/my_uav/models/D435i/D435i.sdf
[35.439s] -- Up-to-date: /home/a/uav/install/my_uav/share/my_uav/models/D435i/meshes
[35.439s] -- Up-to-date: /home/a/uav/install/my_uav/share/my_uav/models/D435i/meshes/realsense_d435.stl
[35.439s] -- Up-to-date: /home/a/uav/install/my_uav/share/my_uav/models/D435i/meshes/D435i.dae
[35.439s] -- Up-to-date: /home/a/uav/install/my_uav/share/my_uav/models/p450_depth
[35.439s] -- Up-to-date: /home/a/uav/install/my_uav/share/my_uav/models/p450_depth/model.config
[35.439s] -- Up-to-date: /home/a/uav/install/my_uav/share/my_uav/models/p450_depth/p450_depth.sdf
[35.439s] -- Up-to-date: /home/a/uav/install/my_uav/share/my_uav/worlds
[35.439s] -- Up-to-date: /home/a/uav/install/my_uav/share/my_uav/worlds/leida.world
[35.439s] -- Up-to-date: /home/a/uav/install/my_uav/share/my_uav/worlds/my.world
[35.440s] -- Up-to-date: /home/a/uav/install/my_uav/share/my_uav/worlds/baylands.world
[35.440s] -- Up-to-date: /home/a/uav/install/my_uav/share/my_uav/worlds/safe_landing.world
[35.440s] -- Up-to-date: /home/a/uav/install/my_uav/share/my_uav/worlds/yosemite.world
[35.440s] -- Up-to-date: /home/a/uav/install/my_uav/share/my_uav/worlds/mcmillan_airfield.world
[35.440s] -- Up-to-date: /home/a/uav/install/my_uav/share/my_uav/worlds/cam.world
[35.440s] -- Up-to-date: /home/a/uav/install/my_uav/share/my_uav/worlds/sonoma_raceway.world
[35.440s] -- Up-to-date: /home/a/uav/install/my_uav/share/my_uav/worlds/empty_world.world
[35.440s] -- Up-to-date: /home/a/uav/install/my_uav/lib/my_uav/my_python_node.py
[35.440s] -- Up-to-date: /home/a/uav/install/my_uav/lib/my_uav/uav_control_node
[35.440s] -- Up-to-date: /home/a/uav/install/my_uav/lib/my_uav/internlm_m_node
[35.440s] -- Up-to-date: /home/a/uav/install/my_uav/lib/my_uav/internvl
[35.440s] -- Up-to-date: /home/a/uav/install/my_uav/lib/my_uav/internlm_m_listener
[35.440s] -- Up-to-date: /home/a/uav/install/my_uav/lib/my_uav/internvl_listener
[35.440s] -- Installing: /home/a/uav/install/my_uav/lib/my_uav/internvl_p
[35.450s] -- Set runtime path of "/home/a/uav/install/my_uav/lib/my_uav/internvl_p" to ""
[35.450s] -- Up-to-date: /home/a/uav/install/my_uav/lib/my_uav/image_sub
[35.450s] -- Up-to-date: /home/a/uav/install/my_uav/lib/my_uav/gps_sub
[35.450s] -- Up-to-date: /home/a/uav/install/my_uav/lib/my_uav/ray_sub
[35.450s] -- Up-to-date: /home/a/uav/install/my_uav/lib/my_uav/camera_listener
[35.450s] -- Up-to-date: /home/a/uav/install/my_uav/lib/my_uav/ray_listener
[35.450s] -- Up-to-date: /home/a/uav/install/my_uav/share/ament_index/resource_index/package_run_dependencies/my_uav
[35.451s] -- Up-to-date: /home/a/uav/install/my_uav/share/ament_index/resource_index/parent_prefix_path/my_uav
[35.451s] -- Up-to-date: /home/a/uav/install/my_uav/share/my_uav/environment/ament_prefix_path.sh
[35.451s] -- Up-to-date: /home/a/uav/install/my_uav/share/my_uav/environment/ament_prefix_path.dsv
[35.451s] -- Up-to-date: /home/a/uav/install/my_uav/share/my_uav/environment/path.sh
[35.451s] -- Up-to-date: /home/a/uav/install/my_uav/share/my_uav/environment/path.dsv
[35.453s] -- Up-to-date: /home/a/uav/install/my_uav/share/my_uav/local_setup.bash
[35.453s] -- Up-to-date: /home/a/uav/install/my_uav/share/my_uav/local_setup.sh
[35.453s] -- Up-to-date: /home/a/uav/install/my_uav/share/my_uav/local_setup.zsh
[35.453s] -- Up-to-date: /home/a/uav/install/my_uav/share/my_uav/local_setup.dsv
[35.453s] -- Installing: /home/a/uav/install/my_uav/share/my_uav/package.dsv
[35.455s] -- Up-to-date: /home/a/uav/install/my_uav/share/ament_index/resource_index/packages/my_uav
[35.455s] -- Up-to-date: /home/a/uav/install/my_uav/share/my_uav/cmake/my_uavConfig.cmake
[35.455s] -- Up-to-date: /home/a/uav/install/my_uav/share/my_uav/cmake/my_uavConfig-version.cmake
[35.455s] -- Up-to-date: /home/a/uav/install/my_uav/share/my_uav/package.xml
[35.474s] Invoked command in '/home/a/uav/build/my_uav' returned '0': /usr/bin/cmake --install /home/a/uav/build/my_uav
