[0.007s] Invoking command in '/home/a/uav/build/my_uav': /usr/bin/cmake --build /home/a/uav/build/my_uav -- -j2 -l2
[0.066s] [ 10%] Built target uav_control_node
[0.072s] [ 20%] Built target image_sub
[0.090s] [ 30%] Built target internlm_m_node
[0.097s] [ 40%] Built target internvl
[0.121s] [ 50%] Built target internlm_m_listener
[0.133s] [ 60%] Built target internvl_listener
[0.158s] [ 70%] Built target gps_sub
[0.163s] [ 80%] Built target ray_sub
[0.180s] [ 90%] Built target camera_listener
[0.186s] [100%] Built target ray_listener
[0.197s] Invoked command in '/home/a/uav/build/my_uav' returned '0': /usr/bin/cmake --build /home/a/uav/build/my_uav -- -j2 -l2
[0.208s] Invoking command in '/home/a/uav/build/my_uav': /usr/bin/cmake --install /home/a/uav/build/my_uav
[0.216s] -- Install configuration: ""
[0.216s] -- Up-to-date: /home/a/uav/install/my_uav/share/my_uav/launch
[0.216s] -- Up-to-date: /home/a/uav/install/my_uav/share/my_uav/launch/sitl.launch
[0.216s] -- Up-to-date: /home/a/uav/install/my_uav/share/my_uav/launch/p450.py
[0.216s] -- Up-to-date: /home/a/uav/install/my_uav/share/my_uav/launch/gz_launch.py
[0.216s] -- Up-to-date: /home/a/uav/install/my_uav/share/my_uav/launch/cam_sub.launch.py
[0.216s] -- Up-to-date: /home/a/uav/install/my_uav/share/my_uav/models
[0.217s] -- Up-to-date: /home/a/uav/install/my_uav/share/my_uav/models/p450_2Dlidar_depth
[0.219s] -- Up-to-date: /home/a/uav/install/my_uav/share/my_uav/models/p450_2Dlidar_depth/p450_2Dlidar_depth_3.sdf.last_generated
[0.219s] -- Installing: /home/a/uav/install/my_uav/share/my_uav/models/p450_2Dlidar_depth/p450_2Dlidar_depth_2.sdf.last_generated
[0.221s] -- Installing: /home/a/uav/install/my_uav/share/my_uav/models/p450_2Dlidar_depth/p450_2Dlidar_depth_1.sdf.last_generated
[0.223s] -- Installing: /home/a/uav/install/my_uav/share/my_uav/models/p450_2Dlidar_depth/p450_2Dlidar_depth_1.sdf
[0.224s] -- Up-to-date: /home/a/uav/install/my_uav/share/my_uav/models/p450_2Dlidar_depth/model.config
[0.224s] -- Up-to-date: /home/a/uav/install/my_uav/share/my_uav/models/p450_2Dlidar_depth/p450_2Dlidar_depth.sdf
[0.224s] -- Up-to-date: /home/a/uav/install/my_uav/share/my_uav/models/p450_2Dlidar_depth/p450_2Dlidar_depth_3.sdf
[0.224s] -- Installing: /home/a/uav/install/my_uav/share/my_uav/models/p450_2Dlidar_depth/p450_2Dlidar_depth_-m.sdf
[0.225s] -- Installing: /home/a/uav/install/my_uav/share/my_uav/models/p450_2Dlidar_depth/p450_2Dlidar_depth_2.sdf
[0.225s] -- Installing: /home/a/uav/install/my_uav/share/my_uav/models/p450_2Dlidar_depth/p450_2Dlidar_depth_-m.sdf.last_generated
[0.227s] -- Up-to-date: /home/a/uav/install/my_uav/share/my_uav/models/p450
[0.227s] -- Up-to-date: /home/a/uav/install/my_uav/share/my_uav/models/p450/p450_1.sdf
[0.227s] -- Up-to-date: /home/a/uav/install/my_uav/share/my_uav/models/p450/p450_2.sdf.last_generated
[0.227s] -- Up-to-date: /home/a/uav/install/my_uav/share/my_uav/models/p450/p450.sdf.jinja
[0.227s] -- Up-to-date: /home/a/uav/install/my_uav/share/my_uav/models/p450/p450_1.sdf.last_generated
[0.227s] -- Up-to-date: /home/a/uav/install/my_uav/share/my_uav/models/p450/model.config
[0.228s] -- Up-to-date: /home/a/uav/install/my_uav/share/my_uav/models/p450/p450_2.sdf
[0.228s] -- Up-to-date: /home/a/uav/install/my_uav/share/my_uav/models/p450/meshes
[0.228s] -- Up-to-date: /home/a/uav/install/my_uav/share/my_uav/models/p450/meshes/p450_ccw.stl
[0.228s] -- Up-to-date: /home/a/uav/install/my_uav/share/my_uav/models/p450/meshes/p450.stl
[0.228s] -- Up-to-date: /home/a/uav/install/my_uav/share/my_uav/models/p450/meshes/p450_cw.stl
[0.228s] -- Up-to-date: /home/a/uav/install/my_uav/share/my_uav/models/p450/p450.sdf
[0.228s] -- Up-to-date: /home/a/uav/install/my_uav/share/my_uav/models/hokuyo_ust_20lx
[0.228s] -- Installing: /home/a/uav/install/my_uav/share/my_uav/models/hokuyo_ust_20lx/hokuyo_ust_20lx.sdf
[0.229s] -- Up-to-date: /home/a/uav/install/my_uav/share/my_uav/models/hokuyo_ust_20lx/hokuyo_ust_20lx_2.sdf.last_generated
[0.229s] -- Up-to-date: /home/a/uav/install/my_uav/share/my_uav/models/hokuyo_ust_20lx/model.config
[0.229s] -- Up-to-date: /home/a/uav/install/my_uav/share/my_uav/models/hokuyo_ust_20lx/hokuyo_ust_20lx_2.sdf
[0.229s] -- Up-to-date: /home/a/uav/install/my_uav/share/my_uav/models/hokuyo_ust_20lx/hokuyo_ust_20lx_1.sdf
[0.229s] -- Up-to-date: /home/a/uav/install/my_uav/share/my_uav/models/hokuyo_ust_20lx/hokuyo_ust_20lx_1.sdf.last_generated
[0.229s] -- Up-to-date: /home/a/uav/install/my_uav/share/my_uav/models/p450_hokuyo_2Dlidar
[0.229s] -- Up-to-date: /home/a/uav/install/my_uav/share/my_uav/models/p450_hokuyo_2Dlidar/p450_hokuyo_2Dlidar.sdf
[0.229s] -- Up-to-date: /home/a/uav/install/my_uav/share/my_uav/models/p450_hokuyo_2Dlidar/model.config
[0.229s] -- Up-to-date: /home/a/uav/install/my_uav/share/my_uav/models/depth
[0.229s] -- Up-to-date: /home/a/uav/install/my_uav/share/my_uav/models/depth/model.config
[0.229s] -- Up-to-date: /home/a/uav/install/my_uav/share/my_uav/models/depth/depth.sdf
[0.229s] -- Up-to-date: /home/a/uav/install/my_uav/share/my_uav/models/D435i
[0.230s] -- Up-to-date: /home/a/uav/install/my_uav/share/my_uav/models/D435i/materials
[0.230s] -- Up-to-date: /home/a/uav/install/my_uav/share/my_uav/models/D435i/materials/textures
[0.231s] -- Up-to-date: /home/a/uav/install/my_uav/share/my_uav/models/D435i/materials/textures/realsense_diffuse.png
[0.231s] -- Up-to-date: /home/a/uav/install/my_uav/share/my_uav/models/D435i/model.config
[0.231s] -- Up-to-date: /home/a/uav/install/my_uav/share/my_uav/models/D435i/D435i.sdf
[0.231s] -- Up-to-date: /home/a/uav/install/my_uav/share/my_uav/models/D435i/meshes
[0.231s] -- Up-to-date: /home/a/uav/install/my_uav/share/my_uav/models/D435i/meshes/realsense_d435.stl
[0.231s] -- Up-to-date: /home/a/uav/install/my_uav/share/my_uav/models/D435i/meshes/D435i.dae
[0.232s] -- Up-to-date: /home/a/uav/install/my_uav/share/my_uav/models/p450_depth
[0.232s] -- Up-to-date: /home/a/uav/install/my_uav/share/my_uav/models/p450_depth/model.config
[0.232s] -- Up-to-date: /home/a/uav/install/my_uav/share/my_uav/models/p450_depth/p450_depth.sdf
[0.232s] -- Up-to-date: /home/a/uav/install/my_uav/share/my_uav/worlds
[0.232s] -- Up-to-date: /home/a/uav/install/my_uav/share/my_uav/worlds/leida.world
[0.232s] -- Up-to-date: /home/a/uav/install/my_uav/share/my_uav/worlds/my.world
[0.232s] -- Up-to-date: /home/a/uav/install/my_uav/share/my_uav/worlds/baylands.world
[0.232s] -- Up-to-date: /home/a/uav/install/my_uav/share/my_uav/worlds/safe_landing.world
[0.232s] -- Up-to-date: /home/a/uav/install/my_uav/share/my_uav/worlds/yosemite.world
[0.232s] -- Up-to-date: /home/a/uav/install/my_uav/share/my_uav/worlds/mcmillan_airfield.world
[0.232s] -- Up-to-date: /home/a/uav/install/my_uav/share/my_uav/worlds/cam.world
[0.233s] -- Up-to-date: /home/a/uav/install/my_uav/share/my_uav/worlds/sonoma_raceway.world
[0.233s] -- Up-to-date: /home/a/uav/install/my_uav/share/my_uav/worlds/empty_world.world
[0.233s] -- Up-to-date: /home/a/uav/install/my_uav/lib/my_uav/my_python_node.py
[0.233s] -- Up-to-date: /home/a/uav/install/my_uav/lib/my_uav/uav_control_node
[0.235s] -- Up-to-date: /home/a/uav/install/my_uav/lib/my_uav/internlm_m_node
[0.236s] -- Up-to-date: /home/a/uav/install/my_uav/lib/my_uav/internvl
[0.237s] -- Up-to-date: /home/a/uav/install/my_uav/lib/my_uav/internlm_m_listener
[0.238s] -- Up-to-date: /home/a/uav/install/my_uav/lib/my_uav/internvl_listener
[0.239s] -- Up-to-date: /home/a/uav/install/my_uav/lib/my_uav/image_sub
[0.240s] -- Up-to-date: /home/a/uav/install/my_uav/lib/my_uav/gps_sub
[0.241s] -- Up-to-date: /home/a/uav/install/my_uav/lib/my_uav/ray_sub
[0.242s] -- Up-to-date: /home/a/uav/install/my_uav/lib/my_uav/camera_listener
[0.243s] -- Up-to-date: /home/a/uav/install/my_uav/lib/my_uav/ray_listener
[0.244s] -- Up-to-date: /home/a/uav/install/my_uav/share/ament_index/resource_index/package_run_dependencies/my_uav
[0.244s] -- Up-to-date: /home/a/uav/install/my_uav/share/ament_index/resource_index/parent_prefix_path/my_uav
[0.244s] -- Up-to-date: /home/a/uav/install/my_uav/share/my_uav/environment/ament_prefix_path.sh
[0.244s] -- Up-to-date: /home/a/uav/install/my_uav/share/my_uav/environment/ament_prefix_path.dsv
[0.244s] -- Up-to-date: /home/a/uav/install/my_uav/share/my_uav/environment/path.sh
[0.244s] -- Up-to-date: /home/a/uav/install/my_uav/share/my_uav/environment/path.dsv
[0.244s] -- Up-to-date: /home/a/uav/install/my_uav/share/my_uav/local_setup.bash
[0.245s] -- Up-to-date: /home/a/uav/install/my_uav/share/my_uav/local_setup.sh
[0.245s] -- Up-to-date: /home/a/uav/install/my_uav/share/my_uav/local_setup.zsh
[0.245s] -- Up-to-date: /home/a/uav/install/my_uav/share/my_uav/local_setup.dsv
[0.245s] -- Installing: /home/a/uav/install/my_uav/share/my_uav/package.dsv
[0.245s] -- Up-to-date: /home/a/uav/install/my_uav/share/ament_index/resource_index/packages/my_uav
[0.245s] -- Up-to-date: /home/a/uav/install/my_uav/share/my_uav/cmake/my_uavConfig.cmake
[0.245s] -- Up-to-date: /home/a/uav/install/my_uav/share/my_uav/cmake/my_uavConfig-version.cmake
[0.245s] -- Up-to-date: /home/a/uav/install/my_uav/share/my_uav/package.xml
[0.247s] Invoked command in '/home/a/uav/build/my_uav' returned '0': /usr/bin/cmake --install /home/a/uav/build/my_uav
