[0.013s] Invoking command in '/home/a/ros2_ws/build/px4_ros_com': CMAKE_PREFIX_PATH=/home/a/ros2_ws/install/px4_msgs:/home/a/ros2_ws/install/px4_ros_com:/home/a/ros2_ws/install/my_uav:/home/a/px4_ros_uxrce_dds_ws/install/microxrcedds_agent:/opt/ros/galactic LD_LIBRARY_PATH=/home/a/ros2_ws/install/px4_msgs/lib:/home/a/ros2_ws/install/px4_ros_com/lib:/home/a/px4_ros_uxrce_dds_ws/install/microxrcedds_agent/lib:/usr/lib/x86_64-linux-gnu/gazebo-11/plugins:/opt/ros/galactic/opt/yaml_cpp_vendor/lib:/opt/ros/galactic/opt/rviz_ogre_vendor/lib:/opt/ros/galactic/lib/x86_64-linux-gnu:/opt/ros/galactic/lib /usr/bin/cmake /home/a/ros2_ws/src/px4_ros_com -DCMAKE_INSTALL_PREFIX=/home/a/ros2_ws/install/px4_ros_com
[0.080s] -- The C compiler identification is GNU 9.4.0
[0.139s] -- The CXX compiler identification is GNU 9.4.0
[0.143s] -- Check for working C compiler: /usr/bin/cc
[0.225s] -- Check for working C compiler: /usr/bin/cc -- works
[0.226s] -- Detecting C compiler ABI info
[0.305s] -- Detecting C compiler ABI info - done
[0.315s] -- Detecting C compile features
[0.317s] -- Detecting C compile features - done
[0.318s] -- Check for working CXX compiler: /usr/bin/c++
[0.408s] -- Check for working CXX compiler: /usr/bin/c++ -- works
[0.409s] -- Detecting CXX compiler ABI info
[0.504s] -- Detecting CXX compiler ABI info - done
[0.516s] -- Detecting CXX compile features
[0.517s] -- Detecting CXX compile features - done
[0.522s] -- Performing Test COMPILER_SUPPORTS_CXX17
[0.620s] -- Performing Test COMPILER_SUPPORTS_CXX17 - Success
[0.621s] -- Performing Test COMPILER_SUPPORTS_CXX14
[0.717s] -- Performing Test COMPILER_SUPPORTS_CXX14 - Success
[0.717s] -- Performing Test COMPILER_SUPPORTS_CXX11
[0.820s] -- Performing Test COMPILER_SUPPORTS_CXX11 - Success
[0.821s] -- Performing Test COMPILER_SUPPORTS_CXX0X
[0.924s] -- Performing Test COMPILER_SUPPORTS_CXX0X - Success
[0.924s] -- Using C++17 compiler
[0.930s] -- Found ament_cmake: 1.1.6 (/opt/ros/galactic/share/ament_cmake/cmake)
[0.959s] -- Found PythonInterp: /usr/bin/python3 (found suitable version "3.8.10", minimum required is "3") 
[0.959s] -- Using PYTHON_EXECUTABLE: /usr/bin/python3
[1.049s] -- Found builtin_interfaces: 1.0.3 (/opt/ros/galactic/share/builtin_interfaces/cmake)
[1.078s] -- Using all available rosidl_typesupport_c: rosidl_typesupport_fastrtps_c;rosidl_typesupport_introspection_c
[1.084s] -- Found rosidl_adapter: 2.2.3 (/opt/ros/galactic/share/rosidl_adapter/cmake)
[1.177s] -- Found OpenSSL: /usr/lib/x86_64-linux-gnu/libcrypto.so (found version "1.1.1f")  
[1.210s] -- Found FastRTPS: /opt/ros/galactic/include  
[1.287s] -- Using all available rosidl_typesupport_cpp: rosidl_typesupport_fastrtps_cpp;rosidl_typesupport_introspection_cpp
[1.332s] -- Found rclcpp: 9.2.2 (/opt/ros/galactic/share/rclcpp/cmake)
[1.380s] -- Found rmw_implementation_cmake: 3.3.1 (/opt/ros/galactic/share/rmw_implementation_cmake/cmake)
[1.382s] -- Found rmw_cyclonedds_cpp: 0.22.6 (/opt/ros/galactic/share/rmw_cyclonedds_cpp/cmake)
[1.401s] -- Using RMW implementation 'rmw_cyclonedds_cpp' as default
[1.404s] -- Looking for pthread.h
[1.484s] -- Looking for pthread.h - found
[1.484s] -- Performing Test CMAKE_HAVE_LIBC_PTHREAD
[1.570s] -- Performing Test CMAKE_HAVE_LIBC_PTHREAD - Failed
[1.570s] -- Looking for pthread_create in pthreads
[1.636s] -- Looking for pthread_create in pthreads - not found
[1.636s] -- Looking for pthread_create in pthread
[1.711s] -- Looking for pthread_create in pthread - found
[1.713s] -- Found Threads: TRUE  
[1.853s] -- Found px4_msgs: 2.0.1 (/home/a/ros2_ws/install/px4_msgs/share/px4_msgs/cmake)
[1.870s] -- Found sensor_msgs: 2.2.4 (/opt/ros/galactic/share/sensor_msgs/cmake)
[2.002s] -- Found eigen3_cmake_module: 0.1.1 (/opt/ros/galactic/share/eigen3_cmake_module/cmake)
[2.007s] -- fastrtpsgen found in 
[2.012s] -- fastrtpsgen version 1.0.0
[2.012s] -- px4_msgs message dir under /home/a/ros2_ws/install/px4_msgs/share/px4_msgs/msg
[2.012s] -- IDL definitions under /home/a/ros2_ws/install/px4_msgs/share/px4_msgs/msg
[2.013s] -- Retrieving list of msgs to send...
[2.068s] -- List of msgs to send: DebugArray, DebugKeyValue, DebugValue, DebugVect, OffboardControlMode, OnboardComputerStatus, OpticalFlow, PositionSetpoint, PositionSetpointTriplet, TelemetryStatus, Timesync, TrajectoryBezier, VehicleCommand, VehicleLocalPositionSetpoint, VehicleTrajectoryBezier, VehicleTrajectoryWaypoint, TrajectorySetpoint, VehicleMocapOdometry, VehicleVisualOdometry
[2.068s] -- Retrieving list of msgs to receive...
[2.122s] -- List of msgs to receive: CollisionConstraints, SensorCombined, Timesync, TimesyncStatus, TrajectoryWaypoint, VehicleControlMode, VehicleOdometry, VehicleStatus
[2.201s] -- Configuring done
[2.336s] -- Generating done
[2.388s] -- Build files have been written to: /home/a/ros2_ws/build/px4_ros_com
[2.400s] Invoked command in '/home/a/ros2_ws/build/px4_ros_com' returned '0': CMAKE_PREFIX_PATH=/home/a/ros2_ws/install/px4_msgs:/home/a/ros2_ws/install/px4_ros_com:/home/a/ros2_ws/install/my_uav:/home/a/px4_ros_uxrce_dds_ws/install/microxrcedds_agent:/opt/ros/galactic LD_LIBRARY_PATH=/home/a/ros2_ws/install/px4_msgs/lib:/home/a/ros2_ws/install/px4_ros_com/lib:/home/a/px4_ros_uxrce_dds_ws/install/microxrcedds_agent/lib:/usr/lib/x86_64-linux-gnu/gazebo-11/plugins:/opt/ros/galactic/opt/yaml_cpp_vendor/lib:/opt/ros/galactic/opt/rviz_ogre_vendor/lib:/opt/ros/galactic/lib/x86_64-linux-gnu:/opt/ros/galactic/lib /usr/bin/cmake /home/a/ros2_ws/src/px4_ros_com -DCMAKE_INSTALL_PREFIX=/home/a/ros2_ws/install/px4_ros_com
[2.401s] Invoking command in '/home/a/ros2_ws/build/px4_ros_com': CMAKE_PREFIX_PATH=/home/a/ros2_ws/install/px4_msgs:/home/a/ros2_ws/install/px4_ros_com:/home/a/ros2_ws/install/my_uav:/home/a/px4_ros_uxrce_dds_ws/install/microxrcedds_agent:/opt/ros/galactic LD_LIBRARY_PATH=/home/a/ros2_ws/install/px4_msgs/lib:/home/a/ros2_ws/install/px4_ros_com/lib:/home/a/px4_ros_uxrce_dds_ws/install/microxrcedds_agent/lib:/usr/lib/x86_64-linux-gnu/gazebo-11/plugins:/opt/ros/galactic/opt/yaml_cpp_vendor/lib:/opt/ros/galactic/opt/rviz_ogre_vendor/lib:/opt/ros/galactic/lib/x86_64-linux-gnu:/opt/ros/galactic/lib /usr/bin/cmake --build /home/a/ros2_ws/build/px4_ros_com -- -j2 -l2
[2.458s] [35m[1mScanning dependencies of target frame_transforms[0m
[2.458s] [35m[1mScanning dependencies of target offboard_control[0m
[2.534s] [  1%] [32mBuilding CXX object CMakeFiles/offboard_control.dir/src/examples/offboard/offboard_control.cpp.o[0m
[2.616s] [  2%] [32mBuilding CXX object CMakeFiles/frame_transforms.dir/src/lib/frame_transforms.cpp.o[0m
[14.299s] [  3%] [32m[1mLinking CXX shared library libframe_transforms.so[0m
[16.711s] [  4%] [32m[1mLinking CXX executable offboard_control[0m
[17.205s] [  4%] Built target offboard_control
[22.227s] [  5%] [34m[1mGenerating micro-RTPS agent code...[0m
[22.635s] Traceback (most recent call last):
[22.635s]   File "/home/a/ros2_ws/src/px4_ros_com/scripts/generate_microRTPS_bridge.py", line 189, in <module>
[22.636s]     raise Exception(
[22.636s] Exception: FastRTPSGen not found. Specify the location of fastrtpsgen with the -f flag
[24.067s] [35m[1mScanning dependencies of target micrortps_agent[0m
[24.089s] [  5%] [34m[1mGenerating micro-RTPS agent code...[0m
[24.320s] Traceback (most recent call last):
[24.321s]   File "/home/a/ros2_ws/src/px4_ros_com/scripts/generate_microRTPS_bridge.py", line 189, in <module>
[24.321s]     raise Exception(
[24.321s] Exception: FastRTPSGen not found. Specify the location of fastrtpsgen with the -f flag
[24.331s] [  6%] [32mBuilding CXX object CMakeFiles/micrortps_agent.dir/src/micrortps_agent/microRTPS_agent.cpp.o[0m
[24.335s] [01m[Kc++:[m[K [01;31m[Kerror: [m[K/home/a/ros2_ws/build/px4_ros_com/src/micrortps_agent/microRTPS_agent.cpp: 没有那个文件或目录
[24.335s] [01m[Kc++:[m[K [01;31m[Kfatal error: [m[Kno input files
[24.335s] compilation terminated.
[24.336s] make[2]: *** [CMakeFiles/micrortps_agent.dir/build.make:496：CMakeFiles/micrortps_agent.dir/src/micrortps_agent/microRTPS_agent.cpp.o] 错误 1
[24.336s] make[1]: *** [CMakeFiles/Makefile2:142：CMakeFiles/micrortps_agent.dir/all] 错误 2
[24.336s] make[1]: *** 正在等待未完成的任务....
[58.916s] [  6%] Built target frame_transforms
[58.918s] make: *** [Makefile:141：all] 错误 2
[58.922s] Invoked command in '/home/a/ros2_ws/build/px4_ros_com' returned '2': CMAKE_PREFIX_PATH=/home/a/ros2_ws/install/px4_msgs:/home/a/ros2_ws/install/px4_ros_com:/home/a/ros2_ws/install/my_uav:/home/a/px4_ros_uxrce_dds_ws/install/microxrcedds_agent:/opt/ros/galactic LD_LIBRARY_PATH=/home/a/ros2_ws/install/px4_msgs/lib:/home/a/ros2_ws/install/px4_ros_com/lib:/home/a/px4_ros_uxrce_dds_ws/install/microxrcedds_agent/lib:/usr/lib/x86_64-linux-gnu/gazebo-11/plugins:/opt/ros/galactic/opt/yaml_cpp_vendor/lib:/opt/ros/galactic/opt/rviz_ogre_vendor/lib:/opt/ros/galactic/lib/x86_64-linux-gnu:/opt/ros/galactic/lib /usr/bin/cmake --build /home/a/ros2_ws/build/px4_ros_com -- -j2 -l2
