[0.015s] Invoking command in '/home/a/uav/build/my_uav': CMAKE_PREFIX_PATH=${CMAKE_PREFIX_PATH}:/opt/ros/galactic /usr/bin/cmake --build /home/a/uav/build/my_uav -- -j2 -l2
[0.044s] -- Found ament_cmake: 1.1.6 (/opt/ros/galactic/share/ament_cmake/cmake)
[0.063s] -- Using PYTHON_EXECUTABLE: /usr/bin/python3
[0.115s] -- Found ament_lint_auto: 0.10.7 (/opt/ros/galactic/share/ament_lint_auto/cmake)
[0.171s] -- Found rclcpp: 9.2.2 (/opt/ros/galactic/share/rclcpp/cmake)
[0.197s] -- Using all available rosidl_typesupport_c: rosidl_typesupport_fastrtps_c;rosidl_typesupport_introspection_c
[0.200s] -- Found rosidl_adapter: 2.2.3 (/opt/ros/galactic/share/rosidl_adapter/cmake)
[0.298s] -- Using all available rosidl_typesupport_cpp: rosidl_typesupport_fastrtps_cpp;rosidl_typesupport_introspection_cpp
[0.338s] -- Found rmw_implementation_cmake: 3.3.1 (/opt/ros/galactic/share/rmw_implementation_cmake/cmake)
[0.339s] -- Found rmw_cyclonedds_cpp: 0.22.6 (/opt/ros/galactic/share/rmw_cyclonedds_cpp/cmake)
[0.354s] -- Using RMW implementation 'rmw_cyclonedds_cpp' as default
[0.464s] -- Found sensor_msgs: 2.2.4 (/opt/ros/galactic/share/sensor_msgs/cmake)
[0.569s] -- Found px4_msgs: 2.0.1 (/home/a/ros2_ws/install/px4_msgs/share/px4_msgs/cmake)
[0.601s] -- Found OpenCV: /usr (found version "4.2.0") 
[0.603s] -- Found cv_bridge: 3.1.3 (/opt/ros/galactic/share/cv_bridge/cmake)
[0.624s] -- Added test 'copyright' to check source files copyright and LICENSE
[0.625s] -- Added test 'cppcheck' to perform static code analysis on C / C++ code
[0.626s] -- Configured cppcheck include dirs: 
[0.626s] -- Configured cppcheck exclude dirs and/or files: 
[0.627s] -- Added test 'cpplint' to check C / C++ code against the Google style
[0.627s] -- Configured cpplint exclude dirs and/or files: 
[0.627s] -- Added test 'flake8' to check Python code syntax and style conventions
[0.628s] -- Added test 'lint_cmake' to check CMake code style
[0.628s] -- Added test 'pep257' to check Python code against some of the style conventions in PEP 257
[0.631s] -- Added test 'uncrustify' to check C / C++ code style
[0.631s] -- Configured uncrustify additional arguments: 
[0.631s] -- Added test 'xmllint' to check XML markup files
[0.633s] -- Configuring done
[0.663s] -- Generating done
[0.680s] -- Build files have been written to: /home/a/uav/build/my_uav
[0.719s] [ 14%] Built target uav_control_node
[0.723s] [ 28%] Built target internlm_m_node
[0.751s] [ 42%] Built target internvl
[0.758s] [ 57%] Built target internlm_m_listener
[0.765s] [35m[1mScanning dependencies of target internvl_listener[0m
[0.789s] [ 71%] Built target camera_listener
[0.794s] [ 78%] [32mBuilding CXX object CMakeFiles/internvl_listener.dir/src/internvl_listener.cpp.o[0m
[0.818s] [ 92%] Built target ray_listener
[0.939s] In file included from [01m[K/home/a/uav/src/my_uav/src/internvl_listener.cpp:28[m[K:
[0.939s] [01m[K/opt/ros/galactic/include/cv_bridge/cv_bridge.h:43:10:[m[K [01;31m[Kfatal error: [m[Kopencv2/core/core.hpp: 没有那个文件或目录
[0.939s]    43 | #include [01;31m[K<opencv2/core/core.hpp>[m[K
[0.939s]       |          [01;31m[K^~~~~~~~~~~~~~~~~~~~~~~[m[K
[0.939s] compilation terminated.
[0.943s] make[2]: *** [CMakeFiles/internvl_listener.dir/build.make:63：CMakeFiles/internvl_listener.dir/src/internvl_listener.cpp.o] 错误 1
[0.943s] make[1]: *** [CMakeFiles/Makefile2:252：CMakeFiles/internvl_listener.dir/all] 错误 2
[0.943s] make: *** [Makefile:141：all] 错误 2
[0.951s] Invoked command in '/home/a/uav/build/my_uav' returned '2': CMAKE_PREFIX_PATH=${CMAKE_PREFIX_PATH}:/opt/ros/galactic /usr/bin/cmake --build /home/a/uav/build/my_uav -- -j2 -l2
