[0.279s] DEBUG:colcon:Command line arguments: ['/usr/bin/colcon', 'build', '--packages-select', 'px4_ros_com']
[0.279s] DEBUG:colcon:Parsed command line arguments: Namespace(allow_overriding=[], ament_cmake_args=None, base_paths=['.'], build_base='build', catkin_cmake_args=None, catkin_skip_building_tests=False, cmake_args=None, cmake_clean_cache=False, cmake_clean_first=False, cmake_force_configure=False, cmake_target=None, cmake_target_skip_unavailable=False, continue_on_error=False, event_handlers=None, executor='parallel', ignore_user_meta=False, install_base='install', log_base=None, log_level=None, main=<bound method BuildVerb.main of <colcon_core.verb.build.BuildVerb object at 0x7fc2e15a1580>>, merge_install=False, metas=['./colcon.meta'], packages_above=None, packages_above_and_dependencies=None, packages_above_depth=None, packages_end=None, packages_ignore=None, packages_ignore_regex=None, packages_select=['px4_ros_com'], packages_select_build_failed=False, packages_select_by_dep=None, packages_select_regex=None, packages_select_test_failures=False, packages_skip=None, packages_skip_build_finished=False, packages_skip_by_dep=None, packages_skip_regex=None, packages_skip_test_passed=False, packages_skip_up_to=None, packages_start=None, packages_up_to=None, packages_up_to_regex=None, parallel_workers=2, paths=None, symlink_install=False, test_result_base=None, verb_extension=<colcon_core.verb.build.BuildVerb object at 0x7fc2e15a1580>, verb_name='build', verb_parser=<colcon_defaults.argument_parser.defaults.DefaultArgumentsDecorator object at 0x7fc2e15a1a90>)
[0.462s] Level 1:colcon.colcon_core.package_discovery:discover_packages(colcon_meta) check parameters
[0.462s] Level 1:colcon.colcon_core.package_discovery:discover_packages(recursive) check parameters
[0.462s] Level 1:colcon.colcon_core.package_discovery:discover_packages(ignore) check parameters
[0.462s] Level 1:colcon.colcon_core.package_discovery:discover_packages(path) check parameters
[0.462s] Level 1:colcon.colcon_core.package_discovery:discover_packages(colcon_meta) discover
[0.463s] Level 1:colcon.colcon_core.package_discovery:discover_packages(recursive) discover
[0.463s] INFO:colcon.colcon_core.package_discovery:Crawling recursively for packages in '/home/a/ros2_ws'
[0.463s] Level 1:colcon.colcon_core.package_identification:_identify(.) by extensions ['ignore', 'ignore_ament_install']
[0.463s] Level 1:colcon.colcon_core.package_identification:_identify(.) by extension 'ignore'
[0.463s] Level 1:colcon.colcon_core.package_identification:_identify(.) by extension 'ignore_ament_install'
[0.463s] Level 1:colcon.colcon_core.package_identification:_identify(.) by extensions ['colcon_pkg']
[0.463s] Level 1:colcon.colcon_core.package_identification:_identify(.) by extension 'colcon_pkg'
[0.463s] Level 1:colcon.colcon_core.package_identification:_identify(.) by extensions ['colcon_meta']
[0.463s] Level 1:colcon.colcon_core.package_identification:_identify(.) by extension 'colcon_meta'
[0.463s] Level 1:colcon.colcon_core.package_identification:_identify(.) by extensions ['ros']
[0.463s] Level 1:colcon.colcon_core.package_identification:_identify(.) by extension 'ros'
[0.476s] Level 1:colcon.colcon_core.package_identification:_identify(.) by extensions ['cmake', 'python']
[0.477s] Level 1:colcon.colcon_core.package_identification:_identify(.) by extension 'cmake'
[0.477s] Level 1:colcon.colcon_core.package_identification:_identify(.) by extension 'python'
[0.477s] Level 1:colcon.colcon_core.package_identification:_identify(.) by extensions ['python_setup_py']
[0.477s] Level 1:colcon.colcon_core.package_identification:_identify(.) by extension 'python_setup_py'
[0.477s] Level 1:colcon.colcon_core.package_identification:_identify(build) by extensions ['ignore', 'ignore_ament_install']
[0.477s] Level 1:colcon.colcon_core.package_identification:_identify(build) by extension 'ignore'
[0.477s] Level 1:colcon.colcon_core.package_identification:_identify(build) ignored
[0.477s] Level 1:colcon.colcon_core.package_identification:_identify(install) by extensions ['ignore', 'ignore_ament_install']
[0.477s] Level 1:colcon.colcon_core.package_identification:_identify(install) by extension 'ignore'
[0.477s] Level 1:colcon.colcon_core.package_identification:_identify(install) ignored
[0.477s] Level 1:colcon.colcon_core.package_identification:_identify(log) by extensions ['ignore', 'ignore_ament_install']
[0.477s] Level 1:colcon.colcon_core.package_identification:_identify(log) by extension 'ignore'
[0.477s] Level 1:colcon.colcon_core.package_identification:_identify(log) ignored
[0.477s] Level 1:colcon.colcon_core.package_identification:_identify(src) by extensions ['ignore', 'ignore_ament_install']
[0.477s] Level 1:colcon.colcon_core.package_identification:_identify(src) by extension 'ignore'
[0.477s] Level 1:colcon.colcon_core.package_identification:_identify(src) by extension 'ignore_ament_install'
[0.477s] Level 1:colcon.colcon_core.package_identification:_identify(src) by extensions ['colcon_pkg']
[0.477s] Level 1:colcon.colcon_core.package_identification:_identify(src) by extension 'colcon_pkg'
[0.478s] Level 1:colcon.colcon_core.package_identification:_identify(src) by extensions ['colcon_meta']
[0.478s] Level 1:colcon.colcon_core.package_identification:_identify(src) by extension 'colcon_meta'
[0.478s] Level 1:colcon.colcon_core.package_identification:_identify(src) by extensions ['ros']
[0.478s] Level 1:colcon.colcon_core.package_identification:_identify(src) by extension 'ros'
[0.478s] Level 1:colcon.colcon_core.package_identification:_identify(src) by extensions ['cmake', 'python']
[0.478s] Level 1:colcon.colcon_core.package_identification:_identify(src) by extension 'cmake'
[0.478s] Level 1:colcon.colcon_core.package_identification:_identify(src) by extension 'python'
[0.478s] Level 1:colcon.colcon_core.package_identification:_identify(src) by extensions ['python_setup_py']
[0.478s] Level 1:colcon.colcon_core.package_identification:_identify(src) by extension 'python_setup_py'
[0.478s] Level 1:colcon.colcon_core.package_identification:_identify(src/my_uav) by extensions ['ignore', 'ignore_ament_install']
[0.478s] Level 1:colcon.colcon_core.package_identification:_identify(src/my_uav) by extension 'ignore'
[0.478s] Level 1:colcon.colcon_core.package_identification:_identify(src/my_uav) by extension 'ignore_ament_install'
[0.478s] Level 1:colcon.colcon_core.package_identification:_identify(src/my_uav) by extensions ['colcon_pkg']
[0.478s] Level 1:colcon.colcon_core.package_identification:_identify(src/my_uav) by extension 'colcon_pkg'
[0.478s] Level 1:colcon.colcon_core.package_identification:_identify(src/my_uav) by extensions ['colcon_meta']
[0.478s] Level 1:colcon.colcon_core.package_identification:_identify(src/my_uav) by extension 'colcon_meta'
[0.478s] Level 1:colcon.colcon_core.package_identification:_identify(src/my_uav) by extensions ['ros']
[0.478s] Level 1:colcon.colcon_core.package_identification:_identify(src/my_uav) by extension 'ros'
[0.483s] DEBUG:colcon.colcon_core.package_identification:Package 'src/my_uav' with type 'ros.ament_cmake' and name 'my_uav'
[0.483s] Level 1:colcon.colcon_core.package_identification:_identify(src/px4_msgs) by extensions ['ignore', 'ignore_ament_install']
[0.483s] Level 1:colcon.colcon_core.package_identification:_identify(src/px4_msgs) by extension 'ignore'
[0.483s] Level 1:colcon.colcon_core.package_identification:_identify(src/px4_msgs) by extension 'ignore_ament_install'
[0.483s] Level 1:colcon.colcon_core.package_identification:_identify(src/px4_msgs) by extensions ['colcon_pkg']
[0.483s] Level 1:colcon.colcon_core.package_identification:_identify(src/px4_msgs) by extension 'colcon_pkg'
[0.483s] Level 1:colcon.colcon_core.package_identification:_identify(src/px4_msgs) by extensions ['colcon_meta']
[0.483s] Level 1:colcon.colcon_core.package_identification:_identify(src/px4_msgs) by extension 'colcon_meta'
[0.484s] Level 1:colcon.colcon_core.package_identification:_identify(src/px4_msgs) by extensions ['ros']
[0.484s] Level 1:colcon.colcon_core.package_identification:_identify(src/px4_msgs) by extension 'ros'
[0.484s] DEBUG:colcon.colcon_core.package_identification:Package 'src/px4_msgs' with type 'ros.ament_cmake' and name 'px4_msgs'
[0.484s] Level 1:colcon.colcon_core.package_identification:_identify(src/px4_ros_com) by extensions ['ignore', 'ignore_ament_install']
[0.485s] Level 1:colcon.colcon_core.package_identification:_identify(src/px4_ros_com) by extension 'ignore'
[0.485s] Level 1:colcon.colcon_core.package_identification:_identify(src/px4_ros_com) by extension 'ignore_ament_install'
[0.485s] Level 1:colcon.colcon_core.package_identification:_identify(src/px4_ros_com) by extensions ['colcon_pkg']
[0.485s] Level 1:colcon.colcon_core.package_identification:_identify(src/px4_ros_com) by extension 'colcon_pkg'
[0.485s] Level 1:colcon.colcon_core.package_identification:_identify(src/px4_ros_com) by extensions ['colcon_meta']
[0.485s] Level 1:colcon.colcon_core.package_identification:_identify(src/px4_ros_com) by extension 'colcon_meta'
[0.485s] Level 1:colcon.colcon_core.package_identification:_identify(src/px4_ros_com) by extensions ['ros']
[0.485s] Level 1:colcon.colcon_core.package_identification:_identify(src/px4_ros_com) by extension 'ros'
[0.486s] DEBUG:colcon.colcon_core.package_identification:Package 'src/px4_ros_com' with type 'ros.ament_cmake' and name 'px4_ros_com'
[0.486s] Level 1:colcon.colcon_core.package_discovery:discover_packages(recursive) using defaults
[0.486s] Level 1:colcon.colcon_core.package_discovery:discover_packages(ignore) discover
[0.486s] Level 1:colcon.colcon_core.package_discovery:discover_packages(ignore) using defaults
[0.486s] Level 1:colcon.colcon_core.package_discovery:discover_packages(path) discover
[0.486s] Level 1:colcon.colcon_core.package_discovery:discover_packages(path) using defaults
[0.508s] INFO:colcon.colcon_core.package_selection:Skipping not selected package 'my_uav' in 'src/my_uav'
[0.509s] INFO:colcon.colcon_core.package_selection:Skipping not selected package 'px4_msgs' in 'src/px4_msgs'
[0.509s] Level 1:colcon.colcon_core.package_discovery:discover_packages(prefix_path) check parameters
[0.509s] Level 1:colcon.colcon_core.package_discovery:discover_packages(prefix_path) discover
[0.513s] DEBUG:colcon.colcon_installed_package_information.package_discovery:Found 3 installed packages in /home/a/ros2_ws/install
[0.514s] DEBUG:colcon.colcon_installed_package_information.package_discovery:Found 275 installed packages in /opt/ros/galactic
[0.528s] Level 1:colcon.colcon_core.package_discovery:discover_packages(prefix_path) using defaults
[0.618s] Level 5:colcon.colcon_core.verb:set package 'px4_ros_com' build argument 'cmake_args' from command line to 'None'
[0.618s] Level 5:colcon.colcon_core.verb:set package 'px4_ros_com' build argument 'cmake_target' from command line to 'None'
[0.619s] Level 5:colcon.colcon_core.verb:set package 'px4_ros_com' build argument 'cmake_target_skip_unavailable' from command line to 'False'
[0.619s] Level 5:colcon.colcon_core.verb:set package 'px4_ros_com' build argument 'cmake_clean_cache' from command line to 'False'
[0.619s] Level 5:colcon.colcon_core.verb:set package 'px4_ros_com' build argument 'cmake_clean_first' from command line to 'False'
[0.619s] Level 5:colcon.colcon_core.verb:set package 'px4_ros_com' build argument 'cmake_force_configure' from command line to 'False'
[0.619s] Level 5:colcon.colcon_core.verb:set package 'px4_ros_com' build argument 'ament_cmake_args' from command line to 'None'
[0.619s] Level 5:colcon.colcon_core.verb:set package 'px4_ros_com' build argument 'catkin_cmake_args' from command line to 'None'
[0.619s] Level 5:colcon.colcon_core.verb:set package 'px4_ros_com' build argument 'catkin_skip_building_tests' from command line to 'False'
[0.619s] DEBUG:colcon.colcon_core.verb:Building package 'px4_ros_com' with the following arguments: {'ament_cmake_args': None, 'build_base': '/home/a/ros2_ws/build/px4_ros_com', 'catkin_cmake_args': None, 'catkin_skip_building_tests': False, 'cmake_args': None, 'cmake_clean_cache': False, 'cmake_clean_first': False, 'cmake_force_configure': False, 'cmake_target': None, 'cmake_target_skip_unavailable': False, 'install_base': '/home/a/ros2_ws/install/px4_ros_com', 'merge_install': False, 'path': '/home/a/ros2_ws/src/px4_ros_com', 'symlink_install': False, 'test_result_base': None}
[0.619s] INFO:colcon.colcon_core.executor:Executing jobs using 'parallel' executor
[0.620s] DEBUG:colcon.colcon_parallel_executor.executor.parallel:run_until_complete
[0.620s] INFO:colcon.colcon_ros.task.ament_cmake.build:Building ROS package in '/home/a/ros2_ws/src/px4_ros_com' with build type 'ament_cmake'
[0.621s] INFO:colcon.colcon_cmake.task.cmake.build:Building CMake package in '/home/a/ros2_ws/src/px4_ros_com'
[0.625s] INFO:colcon.colcon_core.plugin_system:Skipping extension 'colcon_core.shell.bat': Not used on non-Windows systems
[0.626s] INFO:colcon.colcon_core.shell:Skip shell extension 'powershell' for command environment: Not usable outside of PowerShell
[0.626s] DEBUG:colcon.colcon_core.shell:Skip shell extension 'dsv' for command environment
[0.651s] DEBUG:colcon.colcon_core.event_handler.log_command:Invoking command in '/home/a/ros2_ws/build/px4_ros_com': CMAKE_PREFIX_PATH=/home/a/ros2_ws/install/px4_msgs:/home/a/ros2_ws/install/px4_ros_com:/home/a/ros2_ws/install/my_uav:/opt/ros/galactic LD_LIBRARY_PATH=/home/a/ros2_ws/install/px4_msgs/lib:/home/a/ros2_ws/install/px4_ros_com/lib:/usr/lib/x86_64-linux-gnu/gazebo-11/plugins:/opt/ros/galactic/opt/yaml_cpp_vendor/lib:/opt/ros/galactic/opt/rviz_ogre_vendor/lib:/opt/ros/galactic/lib/x86_64-linux-gnu:/opt/ros/galactic/lib:/home/a/PX4-Autopilot/build/px4_sitl_default/build_gazebo-classic /usr/bin/cmake --build /home/a/ros2_ws/build/px4_ros_com -- -j2 -l2
[6.777s] Level 1:colcon.colcon_core.environment:create_environment_scripts_only(px4_ros_com)
[6.778s] DEBUG:colcon.colcon_core.event_handler.log_command:Invoked command in '/home/a/ros2_ws/build/px4_ros_com' returned '2': CMAKE_PREFIX_PATH=/home/a/ros2_ws/install/px4_msgs:/home/a/ros2_ws/install/px4_ros_com:/home/a/ros2_ws/install/my_uav:/opt/ros/galactic LD_LIBRARY_PATH=/home/a/ros2_ws/install/px4_msgs/lib:/home/a/ros2_ws/install/px4_ros_com/lib:/usr/lib/x86_64-linux-gnu/gazebo-11/plugins:/opt/ros/galactic/opt/yaml_cpp_vendor/lib:/opt/ros/galactic/opt/rviz_ogre_vendor/lib:/opt/ros/galactic/lib/x86_64-linux-gnu:/opt/ros/galactic/lib:/home/a/PX4-Autopilot/build/px4_sitl_default/build_gazebo-classic /usr/bin/cmake --build /home/a/ros2_ws/build/px4_ros_com -- -j2 -l2
[6.780s] Level 1:colcon.colcon_core.environment:checking '/home/a/ros2_ws/install/px4_ros_com' for CMake module files
[6.780s] Level 1:colcon.colcon_core.environment:checking '/home/a/ros2_ws/install/px4_ros_com' for CMake config files
[6.781s] Level 1:colcon.colcon_core.shell:create_environment_hook('px4_ros_com', 'cmake_prefix_path')
[6.781s] INFO:colcon.colcon_core.shell:Creating environment hook '/home/a/ros2_ws/install/px4_ros_com/share/px4_ros_com/hook/cmake_prefix_path.ps1'
[6.782s] INFO:colcon.colcon_core.shell:Creating environment descriptor '/home/a/ros2_ws/install/px4_ros_com/share/px4_ros_com/hook/cmake_prefix_path.dsv'
[6.783s] INFO:colcon.colcon_core.shell:Creating environment hook '/home/a/ros2_ws/install/px4_ros_com/share/px4_ros_com/hook/cmake_prefix_path.sh'
[6.785s] Level 1:colcon.colcon_core.environment:checking '/home/a/ros2_ws/install/px4_ros_com/lib'
[6.785s] Level 1:colcon.colcon_core.shell:create_environment_hook('px4_ros_com', 'ld_library_path_lib')
[6.785s] INFO:colcon.colcon_core.shell:Creating environment hook '/home/a/ros2_ws/install/px4_ros_com/share/px4_ros_com/hook/ld_library_path_lib.ps1'
[6.786s] INFO:colcon.colcon_core.shell:Creating environment descriptor '/home/a/ros2_ws/install/px4_ros_com/share/px4_ros_com/hook/ld_library_path_lib.dsv'
[6.786s] INFO:colcon.colcon_core.shell:Creating environment hook '/home/a/ros2_ws/install/px4_ros_com/share/px4_ros_com/hook/ld_library_path_lib.sh'
[6.787s] Level 1:colcon.colcon_core.environment:checking '/home/a/ros2_ws/install/px4_ros_com/bin'
[6.787s] Level 1:colcon.colcon_core.environment:checking '/home/a/ros2_ws/install/px4_ros_com/lib/pkgconfig/px4_ros_com.pc'
[6.787s] Level 1:colcon.colcon_core.environment:checking '/home/a/ros2_ws/install/px4_ros_com/lib/python3.8/site-packages'
[6.787s] Level 1:colcon.colcon_core.environment:checking '/home/a/ros2_ws/install/px4_ros_com/bin'
[6.788s] INFO:colcon.colcon_core.shell:Creating package script '/home/a/ros2_ws/install/px4_ros_com/share/px4_ros_com/package.ps1'
[6.789s] INFO:colcon.colcon_core.shell:Creating package descriptor '/home/a/ros2_ws/install/px4_ros_com/share/px4_ros_com/package.dsv'
[6.790s] INFO:colcon.colcon_core.shell:Creating package script '/home/a/ros2_ws/install/px4_ros_com/share/px4_ros_com/package.sh'
[6.791s] INFO:colcon.colcon_core.shell:Creating package script '/home/a/ros2_ws/install/px4_ros_com/share/px4_ros_com/package.bash'
[6.792s] INFO:colcon.colcon_core.shell:Creating package script '/home/a/ros2_ws/install/px4_ros_com/share/px4_ros_com/package.zsh'
[6.793s] Level 1:colcon.colcon_core.environment:create_file_with_runtime_dependencies(/home/a/ros2_ws/install/px4_ros_com/share/colcon-core/packages/px4_ros_com)
[6.804s] DEBUG:colcon.colcon_parallel_executor.executor.parallel:closing loop
[6.805s] DEBUG:colcon.colcon_parallel_executor.executor.parallel:loop closed
[6.806s] DEBUG:colcon.colcon_parallel_executor.executor.parallel:run_until_complete finished with '2'
[6.806s] DEBUG:colcon.colcon_core.event_reactor:joining thread
[6.811s] INFO:colcon.colcon_core.plugin_system:Skipping extension 'colcon_notification.desktop_notification.terminal_notifier': Not used on non-Darwin systems
[6.811s] INFO:colcon.colcon_core.plugin_system:Skipping extension 'colcon_notification.desktop_notification.win32': Not used on non-Windows systems
[6.811s] INFO:colcon.colcon_notification.desktop_notification:Sending desktop notification using 'notify2'
[6.832s] DEBUG:colcon.colcon_core.event_reactor:joined thread
[6.832s] INFO:colcon.colcon_core.shell:Creating prefix script '/home/a/ros2_ws/install/local_setup.ps1'
[6.834s] INFO:colcon.colcon_core.shell:Creating prefix util module '/home/a/ros2_ws/install/_local_setup_util_ps1.py'
[6.836s] INFO:colcon.colcon_core.shell:Creating prefix chain script '/home/a/ros2_ws/install/setup.ps1'
[6.838s] INFO:colcon.colcon_core.shell:Creating prefix script '/home/a/ros2_ws/install/local_setup.sh'
[6.840s] INFO:colcon.colcon_core.shell:Creating prefix util module '/home/a/ros2_ws/install/_local_setup_util_sh.py'
[6.841s] INFO:colcon.colcon_core.shell:Creating prefix chain script '/home/a/ros2_ws/install/setup.sh'
[6.844s] INFO:colcon.colcon_core.shell:Creating prefix script '/home/a/ros2_ws/install/local_setup.bash'
[6.846s] INFO:colcon.colcon_core.shell:Creating prefix chain script '/home/a/ros2_ws/install/setup.bash'
[6.848s] INFO:colcon.colcon_core.shell:Creating prefix script '/home/a/ros2_ws/install/local_setup.zsh'
[6.849s] INFO:colcon.colcon_core.shell:Creating prefix chain script '/home/a/ros2_ws/install/setup.zsh'
