[0.017s] Invoking command in '/home/a/uav/build/my_uav': CMAKE_PREFIX_PATH=${CMAKE_PREFIX_PATH}:/opt/ros/galactic /usr/bin/cmake --build /home/a/uav/build/my_uav -- -j2 -l2
[0.106s] -- Found ament_cmake: 1.1.6 (/opt/ros/galactic/share/ament_cmake/cmake)
[0.133s] -- Using PYTHON_EXECUTABLE: /usr/bin/python3
[0.218s] -- Found ament_lint_auto: 0.10.7 (/opt/ros/galactic/share/ament_lint_auto/cmake)
[0.280s] -- Found rclcpp: 9.2.2 (/opt/ros/galactic/share/rclcpp/cmake)
[0.331s] -- Using all available rosidl_typesupport_c: rosidl_typesupport_fastrtps_c;rosidl_typesupport_introspection_c
[0.335s] -- Found rosidl_adapter: 2.2.3 (/opt/ros/galactic/share/rosidl_adapter/cmake)
[0.467s] -- Using all available rosidl_typesupport_cpp: rosidl_typesupport_fastrtps_cpp;rosidl_typesupport_introspection_cpp
[0.532s] -- Found rmw_implementation_cmake: 3.3.1 (/opt/ros/galactic/share/rmw_implementation_cmake/cmake)
[0.535s] -- Found rmw_cyclonedds_cpp: 0.22.6 (/opt/ros/galactic/share/rmw_cyclonedds_cpp/cmake)
[0.556s] -- Using RMW implementation 'rmw_cyclonedds_cpp' as default
[0.699s] -- Found sensor_msgs: 2.2.4 (/opt/ros/galactic/share/sensor_msgs/cmake)
[0.843s] -- Found px4_msgs: 2.0.1 (/home/a/ros2_ws/install/px4_msgs/share/px4_msgs/cmake)
[0.882s] -- Found cv_bridge: 3.1.3 (/opt/ros/galactic/share/cv_bridge/cmake)
[0.915s] -- Added test 'copyright' to check source files copyright and LICENSE
[0.920s] -- Added test 'cppcheck' to perform static code analysis on C / C++ code
[0.920s] -- Configured cppcheck include dirs: 
[0.920s] -- Configured cppcheck exclude dirs and/or files: 
[0.923s] -- Added test 'cpplint' to check C / C++ code against the Google style
[0.923s] -- Configured cpplint exclude dirs and/or files: 
[0.924s] -- Added test 'flake8' to check Python code syntax and style conventions
[0.925s] -- Added test 'lint_cmake' to check CMake code style
[0.925s] -- Added test 'pep257' to check Python code against some of the style conventions in PEP 257
[0.928s] -- Added test 'uncrustify' to check C / C++ code style
[0.928s] -- Configured uncrustify additional arguments: 
[0.928s] -- Added test 'xmllint' to check XML markup files
[0.932s] -- Configuring done
[1.026s] -- Generating done
[1.068s] -- Build files have been written to: /home/a/uav/build/my_uav
[1.098s] [35m[1mScanning dependencies of target image_sub[0m
[1.119s] [ 10%] Built target uav_control_node
[1.160s] [ 20%] Built target internlm_m_node
[1.161s] [ 25%] [32mBuilding CXX object CMakeFiles/image_sub.dir/src/image_sub.cpp.o[0m
[1.197s] [ 35%] Built target internvl
[1.241s] [ 45%] Built target internlm_m_listener
[1.289s] [ 55%] Built target internvl_listener
[1.303s] [35m[1mScanning dependencies of target gps_sub[0m
[1.355s] [ 60%] [32mBuilding CXX object CMakeFiles/gps_sub.dir/src/gps_sub.cpp.o[0m
[1.423s] [01m[K/home/a/uav/src/my_uav/src/image_sub.cpp:62:13:[m[K [01;31m[Kerror: [m[Kstray ‘[01m[K\350[m[K’ in program
[6.323s] Invoked command in '/home/a/uav/build/my_uav' returned '2': CMAKE_PREFIX_PATH=${CMAKE_PREFIX_PATH}:/opt/ros/galactic /usr/bin/cmake --build /home/a/uav/build/my_uav -- -j2 -l2
