[  7%] Built target my_uav_node
[ 14%] Built target offboard_control_mode
[ 21%] Built target commander
[ 28%] Built target frame_transforms
[35m[1mScanning dependencies of target offboard_control[0m
[ 35%] Built target arm
[ 39%] [32mBuilding CXX object CMakeFiles/offboard_control.dir/src/examples/offboard/offboard_control.cpp.o[0m
[ 46%] Built target sensor_combined_listener
[ 53%] Built target vehicle_gps_position_listener
[ 60%] Built target debug_vect_advertiser
[ 67%] Built target trajectory_setpoint
[ 75%] Built target vel_yaw
[ 82%] Built target vehicle_attitude_listener
[ 89%] Built target rates_setpoint
[ 96%] Built target offboard_position_control
[01m[K/home/a/ros2_ws/src/px4_ros_com/src/examples/offboard/offboard_control.cpp:[m[K In member function ‘[01m[Kvoid OffboardControl::publish_vehicle_command(uint16_t, float, float)[m[K’:
[01m[K/home/a/ros2_ws/src/px4_ros_com/src/examples/offboard/offboard_control.cpp:193:43:[m[K [01;31m[Kerror: [m[Kbase operand of ‘[01m[K->[m[K’ has non-pointer type ‘[01m[Kpx4_msgs::msg::VehicleCommand[m[K’ {aka ‘[01m[Kpx4_msgs::msg::VehicleCommand_<std::allocator<void> >[m[K’}
  193 |  std::cout << "msg target_system: " << msg[01;31m[K->[m[Ktarget_system << std::endl;
      |                                           [01;31m[K^~[m[K
[01m[K/home/a/ros2_ws/src/px4_ros_com/src/examples/offboard/offboard_control.cpp:194:43:[m[K [01;31m[Kerror: [m[Kbase operand of ‘[01m[K->[m[K’ has non-pointer type ‘[01m[Kpx4_msgs::msg::VehicleCommand[m[K’ {aka ‘[01m[Kpx4_msgs::msg::VehicleCommand_<std::allocator<void> >[m[K’}
  194 |  std::cout << "msg.source_system: " << msg[01;31m[K->[m[Ksource_system << std::endl;
      |                                           [01;31m[K^~[m[K
[01m[K/home/a/ros2_ws/src/px4_ros_com/src/examples/offboard/offboard_control.cpp:195:46:[m[K [01;31m[Kerror: [m[Kbase operand of ‘[01m[K->[m[K’ has non-pointer type ‘[01m[Kpx4_msgs::msg::VehicleCommand[m[K’ {aka ‘[01m[Kpx4_msgs::msg::VehicleCommand_<std::allocator<void> >[m[K’}
  195 |  std::cout << "msg.source_component: " << msg[01;31m[K->[m[Ksource_component << std::endl;
      |                                              [01;31m[K^~[m[K
[01m[K/home/a/ros2_ws/src/px4_ros_com/src/examples/offboard/offboard_control.cpp:196:45:[m[K [01;31m[Kerror: [m[Kbase operand of ‘[01m[K->[m[K’ has non-pointer type ‘[01m[Kpx4_msgs::msg::VehicleCommand[m[K’ {aka ‘[01m[Kpx4_msgs::msg::VehicleCommand_<std::allocator<void> >[m[K’}
  196 |  std::cout << "msg.target_component " << msg[01;31m[K->[m[Ktarget_component << std::endl;
      |                                             [01;31m[K^~[m[K
make[2]: *** [CMakeFiles/offboard_control.dir/build.make:63：CMakeFiles/offboard_control.dir/src/examples/offboard/offboard_control.cpp.o] 错误 1
make[1]: *** [CMakeFiles/Makefile2:266：CMakeFiles/offboard_control.dir/all] 错误 2
make: *** [Makefile:141：all] 错误 2
