[0.019s] Invoking command in '/home/a/ros2_ws/build/px4_ros_com': CMAKE_PREFIX_PATH=/home/a/ros2_ws/install/px4_msgs:/home/a/ros2_ws/install/px4_ros_com:/home/a/ros2_ws/install/my_uav:/opt/ros/galactic LD_LIBRARY_PATH=/home/a/ros2_ws/install/px4_msgs/lib:/home/a/ros2_ws/install/px4_ros_com/lib:/usr/lib/x86_64-linux-gnu/gazebo-11/plugins:/opt/ros/galactic/opt/yaml_cpp_vendor/lib:/opt/ros/galactic/opt/rviz_ogre_vendor/lib:/opt/ros/galactic/lib/x86_64-linux-gnu:/opt/ros/galactic/lib:/home/a/PX4-Autopilot/build/px4_sitl_default/build_gazebo-classic /usr/bin/cmake --build /home/a/ros2_ws/build/px4_ros_com -- -j2 -l2
[0.076s] [  7%] Built target my_uav_node
[0.081s] [ 14%] Built target offboard_control_mode
[0.104s] [ 21%] Built target commander
[0.106s] [ 28%] Built target frame_transforms
[0.119s] [35m[1mScanning dependencies of target offboard_control[0m
[0.143s] [ 35%] Built target arm
[0.150s] [ 39%] [32mBuilding CXX object CMakeFiles/offboard_control.dir/src/examples/offboard/offboard_control.cpp.o[0m
[0.179s] [ 46%] Built target sensor_combined_listener
[0.212s] [ 53%] Built target vehicle_gps_position_listener
[0.244s] [ 60%] Built target debug_vect_advertiser
[0.279s] [ 67%] Built target trajectory_setpoint
[0.309s] [ 75%] Built target vel_yaw
[0.342s] [ 82%] Built target vehicle_attitude_listener
[0.374s] [ 89%] Built target rates_setpoint
[0.408s] [ 96%] Built target offboard_position_control
[2.512s] [01m[K/home/a/ros2_ws/src/px4_ros_com/src/examples/offboard/offboard_control.cpp:[m[K In member function ‘[01m[Kvoid OffboardControl::publish_vehicle_command(uint16_t, float, float)[m[K’:
[2.512s] [01m[K/home/a/ros2_ws/src/px4_ros_com/src/examples/offboard/offboard_control.cpp:193:43:[m[K [01;31m[Kerror: [m[Kbase operand of ‘[01m[K->[m[K’ has non-pointer type ‘[01m[Kpx4_msgs::msg::VehicleCommand[m[K’ {aka ‘[01m[Kpx4_msgs::msg::VehicleCommand_<std::allocator<void> >[m[K’}
[2.513s]   193 |  std::cout << "msg target_system: " << msg[01;31m[K->[m[Ktarget_system << std::endl;
[2.513s]       |                                           [01;31m[K^~[m[K
[2.513s] [01m[K/home/a/ros2_ws/src/px4_ros_com/src/examples/offboard/offboard_control.cpp:194:43:[m[K [01;31m[Kerror: [m[Kbase operand of ‘[01m[K->[m[K’ has non-pointer type ‘[01m[Kpx4_msgs::msg::VehicleCommand[m[K’ {aka ‘[01m[Kpx4_msgs::msg::VehicleCommand_<std::allocator<void> >[m[K’}
[2.513s]   194 |  std::cout << "msg.source_system: " << msg[01;31m[K->[m[Ksource_system << std::endl;
[2.513s]       |                                           [01;31m[K^~[m[K
[2.513s] [01m[K/home/a/ros2_ws/src/px4_ros_com/src/examples/offboard/offboard_control.cpp:195:46:[m[K [01;31m[Kerror: [m[Kbase operand of ‘[01m[K->[m[K’ has non-pointer type ‘[01m[Kpx4_msgs::msg::VehicleCommand[m[K’ {aka ‘[01m[Kpx4_msgs::msg::VehicleCommand_<std::allocator<void> >[m[K’}
[2.513s]   195 |  std::cout << "msg.source_component: " << msg[01;31m[K->[m[Ksource_component << std::endl;
[2.513s]       |                                              [01;31m[K^~[m[K
[2.514s] [01m[K/home/a/ros2_ws/src/px4_ros_com/src/examples/offboard/offboard_control.cpp:196:45:[m[K [01;31m[Kerror: [m[Kbase operand of ‘[01m[K->[m[K’ has non-pointer type ‘[01m[Kpx4_msgs::msg::VehicleCommand[m[K’ {aka ‘[01m[Kpx4_msgs::msg::VehicleCommand_<std::allocator<void> >[m[K’}
[2.514s]   196 |  std::cout << "msg.target_component " << msg[01;31m[K->[m[Ktarget_component << std::endl;
[2.514s]       |                                             [01;31m[K^~[m[K
[5.065s] make[2]: *** [CMakeFiles/offboard_control.dir/build.make:63：CMakeFiles/offboard_control.dir/src/examples/offboard/offboard_control.cpp.o] 错误 1
[5.066s] make[1]: *** [CMakeFiles/Makefile2:266：CMakeFiles/offboard_control.dir/all] 错误 2
[5.066s] make: *** [Makefile:141：all] 错误 2
[5.069s] Invoked command in '/home/a/ros2_ws/build/px4_ros_com' returned '2': CMAKE_PREFIX_PATH=/home/a/ros2_ws/install/px4_msgs:/home/a/ros2_ws/install/px4_ros_com:/home/a/ros2_ws/install/my_uav:/opt/ros/galactic LD_LIBRARY_PATH=/home/a/ros2_ws/install/px4_msgs/lib:/home/a/ros2_ws/install/px4_ros_com/lib:/usr/lib/x86_64-linux-gnu/gazebo-11/plugins:/opt/ros/galactic/opt/yaml_cpp_vendor/lib:/opt/ros/galactic/opt/rviz_ogre_vendor/lib:/opt/ros/galactic/lib/x86_64-linux-gnu:/opt/ros/galactic/lib:/home/a/PX4-Autopilot/build/px4_sitl_default/build_gazebo-classic /usr/bin/cmake --build /home/a/ros2_ws/build/px4_ros_com -- -j2 -l2
