[0.037s] Invoking command in '/home/a/uav/build/my_uav': CMAKE_PREFIX_PATH=${CMAKE_PREFIX_PATH}:/opt/ros/galactic /usr/bin/cmake --build /home/a/uav/build/my_uav -- -j2 -l2
[0.473s] [  9%] Built target image_sub
[0.525s] [ 18%] Built target uav_control_node
[0.592s] [ 27%] Built target internlm_m_node
[0.673s] [ 36%] Built target internvl
[0.791s] [ 45%] Built target internlm_m_listener
[0.834s] [35m[1mScanning dependencies of target internvl_p[0m
[0.930s] [ 50%] [32mBuilding CXX object CMakeFiles/internvl_p.dir/src/internvl_p.cpp.o[0m
[54.505s] [ 54%] [32m[1mLinking CXX executable internvl_p[0m
[57.596s] [ 54%] Built target internvl_p
[57.705s] [ 63%] Built target internvl_listener
[57.783s] [ 72%] Built target gps_sub
[57.901s] [ 81%] Built target ray_sub
[57.971s] [ 90%] Built target camera_listener
[58.059s] [100%] Built target ray_listener
[58.090s] Invoked command in '/home/a/uav/build/my_uav' returned '0': CMAKE_PREFIX_PATH=${CMAKE_PREFIX_PATH}:/opt/ros/galactic /usr/bin/cmake --build /home/a/uav/build/my_uav -- -j2 -l2
[58.122s] Invoking command in '/home/a/uav/build/my_uav': CMAKE_PREFIX_PATH=${CMAKE_PREFIX_PATH}:/opt/ros/galactic /usr/bin/cmake --install /home/a/uav/build/my_uav
[58.147s] -- Install configuration: ""
[58.149s] -- Up-to-date: /home/a/uav/install/my_uav/share/my_uav/launch
[58.156s] -- Up-to-date: /home/a/uav/install/my_uav/share/my_uav/launch/sitl.launch
[58.156s] -- Up-to-date: /home/a/uav/install/my_uav/share/my_uav/launch/p450.py
[58.156s] -- Up-to-date: /home/a/uav/install/my_uav/share/my_uav/launch/gz_launch.py
[58.156s] CMake Error at cmake_install.cmake:41 (file):
[58.156s]   file INSTALL cannot set permissions on
[58.157s]   "/home/a/uav/install/my_uav/share/my_uav/launch/gz_launch.py": Operation
[58.157s]   not permitted.
[58.157s] 
[58.157s] 
[58.163s] Invoked command in '/home/a/uav/build/my_uav' returned '1': CMAKE_PREFIX_PATH=${CMAKE_PREFIX_PATH}:/opt/ros/galactic /usr/bin/cmake --install /home/a/uav/build/my_uav
