[0.013s] Invoking command in '/home/a/uav/build/my_uav': CMAKE_PREFIX_PATH=${CMAKE_PREFIX_PATH}:/opt/ros/galactic /usr/bin/cmake --build /home/a/uav/build/my_uav -- -j2 -l2
[0.074s] [35m[1mScanning dependencies of target internlm_m_listener[0m
[0.090s] [ 25%] Built target internvl
[0.129s] [ 50%] Built target internlm_m_node
[0.164s] [ 62%] [32mBuilding CXX object CMakeFiles/internlm_m_listener.dir/src/internlm_m_listener.cpp.o[0m
[0.166s] [ 87%] Built target uav_control_node
[9.249s] [100%] [32m[1mLinking CXX executable internlm_m_listener[0m
[9.954s] [100%] Built target internlm_m_listener
[9.972s] Invoked command in '/home/a/uav/build/my_uav' returned '0': CMAKE_PREFIX_PATH=${CMAKE_PREFIX_PATH}:/opt/ros/galactic /usr/bin/cmake --build /home/a/uav/build/my_uav -- -j2 -l2
[9.984s] Invoking command in '/home/a/uav/build/my_uav': CMAKE_PREFIX_PATH=${CMAKE_PREFIX_PATH}:/opt/ros/galactic /usr/bin/cmake --install /home/a/uav/build/my_uav
[9.994s] -- Install configuration: ""
[9.994s] -- Up-to-date: /home/a/uav/install/my_uav/share/my_uav/launch
[9.995s] -- Up-to-date: /home/a/uav/install/my_uav/share/my_uav/launch/sitl.launch
[9.995s] -- Up-to-date: /home/a/uav/install/my_uav/share/my_uav/launch/p450.py
[9.996s] -- Up-to-date: /home/a/uav/install/my_uav/share/my_uav/launch/gz_launch.py
[9.997s] -- Up-to-date: /home/a/uav/install/my_uav/share/my_uav/models
[9.997s] -- Up-to-date: /home/a/uav/install/my_uav/share/my_uav/models/p450_2Dlidar_depth
[9.998s] -- Up-to-date: /home/a/uav/install/my_uav/share/my_uav/models/p450_2Dlidar_depth/model.config
[9.998s] -- Up-to-date: /home/a/uav/install/my_uav/share/my_uav/models/p450_2Dlidar_depth/p450_2Dlidar_depth.sdf
[9.999s] -- Up-to-date: /home/a/uav/install/my_uav/share/my_uav/models/p450
[10.000s] -- Up-to-date: /home/a/uav/install/my_uav/share/my_uav/models/p450/model.config
[10.000s] -- Up-to-date: /home/a/uav/install/my_uav/share/my_uav/models/p450/meshes
[10.000s] -- Up-to-date: /home/a/uav/install/my_uav/share/my_uav/models/p450/meshes/p450_ccw.stl
[10.001s] -- Up-to-date: /home/a/uav/install/my_uav/share/my_uav/models/p450/meshes/p450.stl
[10.001s] -- Up-to-date: /home/a/uav/install/my_uav/share/my_uav/models/p450/meshes/p450_cw.stl
[10.001s] -- Up-to-date: /home/a/uav/install/my_uav/share/my_uav/models/p450/p450.sdf
[10.002s] -- Up-to-date: /home/a/uav/install/my_uav/share/my_uav/models/hokuyo_ust_20lx
[10.002s] -- Up-to-date: /home/a/uav/install/my_uav/share/my_uav/models/hokuyo_ust_20lx/hokuyo_ust_20lx.sdf
[10.003s] -- Up-to-date: /home/a/uav/install/my_uav/share/my_uav/models/hokuyo_ust_20lx/model.config
[10.003s] -- Up-to-date: /home/a/uav/install/my_uav/share/my_uav/models/p450_hokuyo_2Dlidar
[10.004s] -- Up-to-date: /home/a/uav/install/my_uav/share/my_uav/models/p450_hokuyo_2Dlidar/p450_hokuyo_2Dlidar.sdf
[10.004s] -- Up-to-date: /home/a/uav/install/my_uav/share/my_uav/models/p450_hokuyo_2Dlidar/model.config
[10.005s] -- Up-to-date: /home/a/uav/install/my_uav/share/my_uav/models/depth
[10.005s] -- Up-to-date: /home/a/uav/install/my_uav/share/my_uav/models/depth/model.config
[10.005s] -- Up-to-date: /home/a/uav/install/my_uav/share/my_uav/models/depth/depth.sdf
[10.005s] -- Up-to-date: /home/a/uav/install/my_uav/share/my_uav/models/D435i
[10.005s] -- Up-to-date: /home/a/uav/install/my_uav/share/my_uav/models/D435i/materials
[10.005s] -- Up-to-date: /home/a/uav/install/my_uav/share/my_uav/models/D435i/materials/textures
[10.006s] -- Up-to-date: /home/a/uav/install/my_uav/share/my_uav/models/D435i/materials/textures/realsense_diffuse.png
[10.006s] -- Up-to-date: /home/a/uav/install/my_uav/share/my_uav/models/D435i/model.config
[10.006s] -- Up-to-date: /home/a/uav/install/my_uav/share/my_uav/models/D435i/D435i.sdf
[10.007s] -- Up-to-date: /home/a/uav/install/my_uav/share/my_uav/models/D435i/meshes
[10.007s] -- Up-to-date: /home/a/uav/install/my_uav/share/my_uav/models/D435i/meshes/realsense_d435.stl
[10.007s] -- Up-to-date: /home/a/uav/install/my_uav/share/my_uav/models/D435i/meshes/D435i.dae
[10.007s] -- Up-to-date: /home/a/uav/install/my_uav/share/my_uav/models/p450_depth
[10.007s] -- Up-to-date: /home/a/uav/install/my_uav/share/my_uav/models/p450_depth/model.config
[10.007s] -- Up-to-date: /home/a/uav/install/my_uav/share/my_uav/models/p450_depth/p450_depth.sdf
[10.008s] -- Up-to-date: /home/a/uav/install/my_uav/share/my_uav/worlds
[10.008s] -- Up-to-date: /home/a/uav/install/my_uav/share/my_uav/worlds/leida.world
[10.008s] -- Up-to-date: /home/a/uav/install/my_uav/share/my_uav/worlds/my.world
[10.008s] -- Up-to-date: /home/a/uav/install/my_uav/share/my_uav/worlds/cam.world
[10.008s] -- Up-to-date: /home/a/uav/install/my_uav/share/my_uav/worlds/empty_world.world
[10.008s] -- Up-to-date: /home/a/uav/install/my_uav/lib/my_uav/my_python_node.py
[10.009s] -- Up-to-date: /home/a/uav/install/my_uav/lib/my_uav/uav_control_node
[10.009s] -- Up-to-date: /home/a/uav/install/my_uav/lib/my_uav/internlm_m_node
[10.010s] -- Up-to-date: /home/a/uav/install/my_uav/lib/my_uav/internvl
[10.010s] -- Installing: /home/a/uav/install/my_uav/lib/my_uav/internlm_m_listener
[10.018s] -- Set runtime path of "/home/a/uav/install/my_uav/lib/my_uav/internlm_m_listener" to ""
[10.019s] -- Up-to-date: /home/a/uav/install/my_uav/share/ament_index/resource_index/package_run_dependencies/my_uav
[10.019s] -- Up-to-date: /home/a/uav/install/my_uav/share/ament_index/resource_index/parent_prefix_path/my_uav
[10.019s] -- Up-to-date: /home/a/uav/install/my_uav/share/my_uav/environment/ament_prefix_path.sh
[10.019s] -- Up-to-date: /home/a/uav/install/my_uav/share/my_uav/environment/ament_prefix_path.dsv
[10.020s] -- Up-to-date: /home/a/uav/install/my_uav/share/my_uav/environment/path.sh
[10.020s] -- Up-to-date: /home/a/uav/install/my_uav/share/my_uav/environment/path.dsv
[10.020s] -- Up-to-date: /home/a/uav/install/my_uav/share/my_uav/local_setup.bash
[10.020s] -- Up-to-date: /home/a/uav/install/my_uav/share/my_uav/local_setup.sh
[10.020s] -- Up-to-date: /home/a/uav/install/my_uav/share/my_uav/local_setup.zsh
[10.021s] -- Up-to-date: /home/a/uav/install/my_uav/share/my_uav/local_setup.dsv
[10.021s] -- Up-to-date: /home/a/uav/install/my_uav/share/my_uav/package.dsv
[10.021s] -- Up-to-date: /home/a/uav/install/my_uav/share/ament_index/resource_index/packages/my_uav
[10.021s] -- Up-to-date: /home/a/uav/install/my_uav/share/my_uav/cmake/my_uavConfig.cmake
[10.021s] -- Up-to-date: /home/a/uav/install/my_uav/share/my_uav/cmake/my_uavConfig-version.cmake
[10.022s] -- Up-to-date: /home/a/uav/install/my_uav/share/my_uav/package.xml
[10.026s] Invoked command in '/home/a/uav/build/my_uav' returned '0': CMAKE_PREFIX_PATH=${CMAKE_PREFIX_PATH}:/opt/ros/galactic /usr/bin/cmake --install /home/a/uav/build/my_uav
