[0.008s] Invoking command in '/home/a/uav/build/my_uav': /usr/bin/cmake --build /home/a/uav/build/my_uav -- -j2 -l2
[0.059s] [  9%] Built target uav_control_node
[0.075s] [ 18%] Built target image_sub
[0.088s] [ 27%] Built target internlm_m_node
[0.106s] [ 36%] Built target internvl
[0.121s] [35m[1mScanning dependencies of target internvl_p[0m
[0.122s] [ 45%] Built target internlm_m_listener
[0.160s] [ 54%] [32mBuilding CXX object CMakeFiles/internvl_p.dir/src/internvl_p.cpp.o[0m
[0.160s] [ 59%] Built target internvl_listener
[0.194s] [ 68%] Built target gps_sub
[0.224s] [ 77%] Built target ray_sub
[0.252s] [ 86%] Built target camera_listener
[0.280s] [ 95%] Built target ray_listener
[13.624s] [100%] [32m[1mLinking CXX executable internvl_p[0m
[14.912s] [100%] Built target internvl_p
[14.923s] Invoked command in '/home/a/uav/build/my_uav' returned '0': /usr/bin/cmake --build /home/a/uav/build/my_uav -- -j2 -l2
[14.933s] Invoking command in '/home/a/uav/build/my_uav': /usr/bin/cmake --install /home/a/uav/build/my_uav
[14.939s] -- Install configuration: ""
[14.939s] -- Up-to-date: /home/a/uav/install/my_uav/share/my_uav/launch
[14.939s] -- Up-to-date: /home/a/uav/install/my_uav/share/my_uav/launch/sitl.launch
[14.940s] -- Up-to-date: /home/a/uav/install/my_uav/share/my_uav/launch/p450.py
[14.940s] -- Up-to-date: /home/a/uav/install/my_uav/share/my_uav/launch/gz_launch.py
[14.940s] -- Up-to-date: /home/a/uav/install/my_uav/share/my_uav/launch/cam_sub.launch.py
[14.940s] -- Up-to-date: /home/a/uav/install/my_uav/share/my_uav/models
[14.940s] -- Up-to-date: /home/a/uav/install/my_uav/share/my_uav/models/p450_2Dlidar_depth
[14.940s] -- Up-to-date: /home/a/uav/install/my_uav/share/my_uav/models/p450_2Dlidar_depth/p450_2Dlidar_depth_3.sdf.last_generated
[14.940s] -- Up-to-date: /home/a/uav/install/my_uav/share/my_uav/models/p450_2Dlidar_depth/p450_2Dlidar_depth_2.sdf.last_generated
[14.940s] -- Up-to-date: /home/a/uav/install/my_uav/share/my_uav/models/p450_2Dlidar_depth/p450_2Dlidar_depth_1.sdf.last_generated
[14.940s] -- Up-to-date: /home/a/uav/install/my_uav/share/my_uav/models/p450_2Dlidar_depth/p450_2Dlidar_depth_1.sdf
[14.940s] -- Up-to-date: /home/a/uav/install/my_uav/share/my_uav/models/p450_2Dlidar_depth/model.config
[14.941s] -- Up-to-date: /home/a/uav/install/my_uav/share/my_uav/models/p450_2Dlidar_depth/p450_2Dlidar_depth.sdf
[14.941s] -- Up-to-date: /home/a/uav/install/my_uav/share/my_uav/models/p450_2Dlidar_depth/p450_2Dlidar_depth_3.sdf
[14.941s] -- Up-to-date: /home/a/uav/install/my_uav/share/my_uav/models/p450_2Dlidar_depth/p450_2Dlidar_depth_-m.sdf
[14.941s] -- Up-to-date: /home/a/uav/install/my_uav/share/my_uav/models/p450_2Dlidar_depth/p450_2Dlidar_depth_2.sdf
[14.941s] -- Up-to-date: /home/a/uav/install/my_uav/share/my_uav/models/p450_2Dlidar_depth/p450_2Dlidar_depth_-m.sdf.last_generated
[14.941s] -- Up-to-date: /home/a/uav/install/my_uav/share/my_uav/models/p450
[14.941s] -- Up-to-date: /home/a/uav/install/my_uav/share/my_uav/models/p450/p450_1.sdf
[14.941s] -- Up-to-date: /home/a/uav/install/my_uav/share/my_uav/models/p450/p450_2.sdf.last_generated
[14.941s] -- Up-to-date: /home/a/uav/install/my_uav/share/my_uav/models/p450/p450.sdf.jinja
[14.941s] -- Up-to-date: /home/a/uav/install/my_uav/share/my_uav/models/p450/p450_1.sdf.last_generated
[14.941s] -- Up-to-date: /home/a/uav/install/my_uav/share/my_uav/models/p450/model.config
[14.941s] -- Up-to-date: /home/a/uav/install/my_uav/share/my_uav/models/p450/p450_2.sdf
[14.942s] -- Up-to-date: /home/a/uav/install/my_uav/share/my_uav/models/p450/meshes
[14.942s] -- Up-to-date: /home/a/uav/install/my_uav/share/my_uav/models/p450/meshes/p450_ccw.stl
[14.942s] -- Up-to-date: /home/a/uav/install/my_uav/share/my_uav/models/p450/meshes/p450.stl
[14.942s] -- Up-to-date: /home/a/uav/install/my_uav/share/my_uav/models/p450/meshes/p450_cw.stl
[14.942s] -- Up-to-date: /home/a/uav/install/my_uav/share/my_uav/models/p450/p450.sdf
[14.942s] -- Up-to-date: /home/a/uav/install/my_uav/share/my_uav/models/hokuyo_ust_20lx
[14.942s] -- Up-to-date: /home/a/uav/install/my_uav/share/my_uav/models/hokuyo_ust_20lx/hokuyo_ust_20lx.sdf
[14.942s] -- Up-to-date: /home/a/uav/install/my_uav/share/my_uav/models/hokuyo_ust_20lx/hokuyo_ust_20lx_2.sdf.last_generated
[14.942s] -- Up-to-date: /home/a/uav/install/my_uav/share/my_uav/models/hokuyo_ust_20lx/model.config
[14.943s] -- Up-to-date: /home/a/uav/install/my_uav/share/my_uav/models/hokuyo_ust_20lx/hokuyo_ust_20lx_2.sdf
[14.943s] -- Up-to-date: /home/a/uav/install/my_uav/share/my_uav/models/hokuyo_ust_20lx/hokuyo_ust_20lx_1.sdf
[14.943s] -- Up-to-date: /home/a/uav/install/my_uav/share/my_uav/models/hokuyo_ust_20lx/hokuyo_ust_20lx_1.sdf.last_generated
[14.943s] -- Up-to-date: /home/a/uav/install/my_uav/share/my_uav/models/p450_hokuyo_2Dlidar
[14.943s] -- Up-to-date: /home/a/uav/install/my_uav/share/my_uav/models/p450_hokuyo_2Dlidar/p450_hokuyo_2Dlidar.sdf
[14.943s] -- Up-to-date: /home/a/uav/install/my_uav/share/my_uav/models/p450_hokuyo_2Dlidar/model.config
[14.943s] -- Up-to-date: /home/a/uav/install/my_uav/share/my_uav/models/depth
[14.943s] -- Up-to-date: /home/a/uav/install/my_uav/share/my_uav/models/depth/model.config
[14.943s] -- Up-to-date: /home/a/uav/install/my_uav/share/my_uav/models/depth/depth.sdf
[14.943s] -- Up-to-date: /home/a/uav/install/my_uav/share/my_uav/models/D435i
[14.943s] -- Up-to-date: /home/a/uav/install/my_uav/share/my_uav/models/D435i/materials
[14.943s] -- Up-to-date: /home/a/uav/install/my_uav/share/my_uav/models/D435i/materials/textures
[14.943s] -- Up-to-date: /home/a/uav/install/my_uav/share/my_uav/models/D435i/materials/textures/realsense_diffuse.png
[14.943s] -- Up-to-date: /home/a/uav/install/my_uav/share/my_uav/models/D435i/model.config
[14.943s] -- Up-to-date: /home/a/uav/install/my_uav/share/my_uav/models/D435i/D435i.sdf
[14.943s] -- Up-to-date: /home/a/uav/install/my_uav/share/my_uav/models/D435i/meshes
[14.943s] -- Up-to-date: /home/a/uav/install/my_uav/share/my_uav/models/D435i/meshes/realsense_d435.stl
[14.943s] -- Up-to-date: /home/a/uav/install/my_uav/share/my_uav/models/D435i/meshes/D435i.dae
[14.943s] -- Up-to-date: /home/a/uav/install/my_uav/share/my_uav/models/p450_depth
[14.943s] -- Up-to-date: /home/a/uav/install/my_uav/share/my_uav/models/p450_depth/model.config
[14.943s] -- Up-to-date: /home/a/uav/install/my_uav/share/my_uav/models/p450_depth/p450_depth.sdf
[14.944s] -- Up-to-date: /home/a/uav/install/my_uav/share/my_uav/worlds
[14.944s] -- Up-to-date: /home/a/uav/install/my_uav/share/my_uav/worlds/leida.world
[14.944s] -- Up-to-date: /home/a/uav/install/my_uav/share/my_uav/worlds/my.world
[14.944s] -- Up-to-date: /home/a/uav/install/my_uav/share/my_uav/worlds/baylands.world
[14.944s] -- Up-to-date: /home/a/uav/install/my_uav/share/my_uav/worlds/safe_landing.world
[14.944s] -- Up-to-date: /home/a/uav/install/my_uav/share/my_uav/worlds/yosemite.world
[14.944s] -- Up-to-date: /home/a/uav/install/my_uav/share/my_uav/worlds/mcmillan_airfield.world
[14.944s] -- Up-to-date: /home/a/uav/install/my_uav/share/my_uav/worlds/cam.world
[14.944s] -- Up-to-date: /home/a/uav/install/my_uav/share/my_uav/worlds/sonoma_raceway.world
[14.944s] -- Up-to-date: /home/a/uav/install/my_uav/share/my_uav/worlds/empty_world.world
[14.944s] -- Up-to-date: /home/a/uav/install/my_uav/lib/my_uav/my_python_node.py
[14.944s] -- Installing: /home/a/uav/install/my_uav/lib/my_uav/uav_control_node
[14.944s] -- Set runtime path of "/home/a/uav/install/my_uav/lib/my_uav/uav_control_node" to ""
[14.945s] -- Up-to-date: /home/a/uav/install/my_uav/lib/my_uav/internlm_m_node
[14.946s] -- Up-to-date: /home/a/uav/install/my_uav/lib/my_uav/internvl
[14.946s] -- Up-to-date: /home/a/uav/install/my_uav/lib/my_uav/internlm_m_listener
[14.946s] -- Up-to-date: /home/a/uav/install/my_uav/lib/my_uav/internvl_listener
[14.946s] -- Installing: /home/a/uav/install/my_uav/lib/my_uav/internvl_p
[14.952s] -- Set runtime path of "/home/a/uav/install/my_uav/lib/my_uav/internvl_p" to ""
[14.952s] -- Up-to-date: /home/a/uav/install/my_uav/lib/my_uav/image_sub
[14.952s] -- Up-to-date: /home/a/uav/install/my_uav/lib/my_uav/gps_sub
[14.952s] -- Up-to-date: /home/a/uav/install/my_uav/lib/my_uav/ray_sub
[14.952s] -- Up-to-date: /home/a/uav/install/my_uav/lib/my_uav/camera_listener
[14.953s] -- Up-to-date: /home/a/uav/install/my_uav/lib/my_uav/ray_listener
[14.953s] -- Up-to-date: /home/a/uav/install/my_uav/share/ament_index/resource_index/package_run_dependencies/my_uav
[14.953s] -- Up-to-date: /home/a/uav/install/my_uav/share/ament_index/resource_index/parent_prefix_path/my_uav
[14.953s] -- Up-to-date: /home/a/uav/install/my_uav/share/my_uav/environment/ament_prefix_path.sh
[14.953s] -- Up-to-date: /home/a/uav/install/my_uav/share/my_uav/environment/ament_prefix_path.dsv
[14.954s] -- Up-to-date: /home/a/uav/install/my_uav/share/my_uav/environment/path.sh
[14.954s] -- Up-to-date: /home/a/uav/install/my_uav/share/my_uav/environment/path.dsv
[14.954s] -- Up-to-date: /home/a/uav/install/my_uav/share/my_uav/local_setup.bash
[14.954s] -- Up-to-date: /home/a/uav/install/my_uav/share/my_uav/local_setup.sh
[14.954s] -- Up-to-date: /home/a/uav/install/my_uav/share/my_uav/local_setup.zsh
[14.954s] -- Up-to-date: /home/a/uav/install/my_uav/share/my_uav/local_setup.dsv
[14.954s] -- Installing: /home/a/uav/install/my_uav/share/my_uav/package.dsv
[14.955s] -- Up-to-date: /home/a/uav/install/my_uav/share/ament_index/resource_index/packages/my_uav
[14.955s] -- Up-to-date: /home/a/uav/install/my_uav/share/my_uav/cmake/my_uavConfig.cmake
[14.955s] -- Up-to-date: /home/a/uav/install/my_uav/share/my_uav/cmake/my_uavConfig-version.cmake
[14.955s] -- Up-to-date: /home/a/uav/install/my_uav/share/my_uav/package.xml
[14.958s] Invoked command in '/home/a/uav/build/my_uav' returned '0': /usr/bin/cmake --install /home/a/uav/build/my_uav
