[0.017s] Invoking command in '/home/a/ros2_ws/build/my_msg': CMAKE_PREFIX_PATH=${CMAKE_PREFIX_PATH}:/opt/ros/galactic /usr/bin/cmake /home/a/ros2_ws/src/my_msg -DCMAKE_INSTALL_PREFIX=/home/a/ros2_ws/install/my_msg
[0.034s] -- Found ament_cmake: 1.1.6 (/opt/ros/galactic/share/ament_cmake/cmake)
[0.062s] -- Found PythonInterp: /usr/bin/python3 (found suitable version "3.8.10", minimum required is "3") 
[0.062s] -- Using PYTHON_EXECUTABLE: /usr/bin/python3
[0.138s] -- Found ament_lint_auto: 0.10.7 (/opt/ros/galactic/share/ament_lint_auto/cmake)
[0.199s] -- Found rosidl_default_generators: 1.1.1 (/opt/ros/galactic/share/rosidl_default_generators/cmake)
[0.201s] -- Using all available rosidl_typesupport_c: rosidl_typesupport_fastrtps_c;rosidl_typesupport_introspection_c
[0.204s] -- Found rosidl_adapter: 2.2.3 (/opt/ros/galactic/share/rosidl_adapter/cmake)
[0.327s] -- Using all available rosidl_typesupport_cpp: rosidl_typesupport_fastrtps_cpp;rosidl_typesupport_introspection_cpp
[0.366s] -- Found PythonInterp: /usr/bin/python3 (found version "3.8.10") 
[0.564s] CMake Error at /opt/ros/galactic/share/rosidl_adapter/cmake/rosidl_adapt_interfaces.cmake:60 (message):
[0.564s]   execute_process(/usr/bin/python3 -m rosidl_adapter --package-name my_msg
[0.564s]   --arguments-file
[0.565s]   /home/a/ros2_ws/build/my_msg/rosidl_adapter__arguments__my_msg.json
[0.565s]   --output-dir /home/a/ros2_ws/build/my_msg/rosidl_adapter/my_msg
[0.565s]   --output-file /home/a/ros2_ws/build/my_msg/rosidl_adapter/my_msg.idls)
[0.565s]   returned error code 1:
[0.565s] 
[0.565s]   Traceback (most recent call last):
[0.565s] 
[0.565s]     File "/usr/lib/python3.8/runpy.py", line 194, in _run_module_as_main
[0.565s]       return _run_code(code, main_globals, None,
[0.565s]     File "/usr/lib/python3.8/runpy.py", line 87, in _run_code
[0.565s]       exec(code, run_globals)
[0.565s]     File "/opt/ros/galactic/lib/python3.8/site-packages/rosidl_adapter/__main__.py", line 19, in <module>
[0.565s]       sys.exit(main())
[0.565s]     File "/opt/ros/galactic/lib/python3.8/site-packages/rosidl_adapter/main.py", line 53, in main
[0.565s]       abs_idl_file = convert_to_idl(
[0.565s]     File "/opt/ros/galactic/lib/python3.8/site-packages/rosidl_adapter/__init__.py", line 19, in convert_to_idl
[0.565s]       return convert_msg_to_idl(
[0.565s]     File "/opt/ros/galactic/lib/python3.8/site-packages/rosidl_adapter/msg/__init__.py", line 28, in convert_msg_to_idl
[0.565s]       msg = parse_message_string(package_name, input_file.stem, content)
[0.565s]     File "/opt/ros/galactic/lib/python3.8/site-packages/rosidl_adapter/parser.py", line 540, in parse_message_string
[0.566s]       msg = MessageSpecification(pkg_name, msg_name, fields, constants)
[0.566s]     File "/opt/ros/galactic/lib/python3.8/site-packages/rosidl_adapter/parser.py", line 387, in __init__
[0.566s]       self.base_type = BaseType(
[0.566s]     File "/opt/ros/galactic/lib/python3.8/site-packages/rosidl_adapter/parser.py", line 204, in __init__
[0.566s]       raise InvalidResourceName(
[0.566s] 
[0.566s]   rosidl_adapter.parser.InvalidResourceName: 'position' is an invalid message
[0.566s]   name.  It should have the pattern '^[A-Z][A-Za-z0-9]*$'
[0.566s] 
[0.566s] Call Stack (most recent call first):
[0.566s]   /opt/ros/galactic/share/rosidl_cmake/cmake/rosidl_generate_interfaces.cmake:130 (rosidl_adapt_interfaces)
[0.566s]   CMakeLists.txt:26 (rosidl_generate_interfaces)
[0.566s] 
[0.566s] 
[0.566s] -- Configuring incomplete, errors occurred!
[0.566s] See also "/home/a/ros2_ws/build/my_msg/CMakeFiles/CMakeOutput.log".
[0.572s] Invoked command in '/home/a/ros2_ws/build/my_msg' returned '1': CMAKE_PREFIX_PATH=${CMAKE_PREFIX_PATH}:/opt/ros/galactic /usr/bin/cmake /home/a/ros2_ws/src/my_msg -DCMAKE_INSTALL_PREFIX=/home/a/ros2_ws/install/my_msg
