[0.663s] DEBUG:colcon:Command line arguments: ['/usr/bin/colcon', 'build']
[0.663s] DEBUG:colcon:Parsed command line arguments: Namespace(allow_overriding=[], ament_cmake_args=None, base_paths=['.'], build_base='build', catkin_cmake_args=None, catkin_skip_building_tests=False, cmake_args=None, cmake_clean_cache=False, cmake_clean_first=False, cmake_force_configure=False, cmake_target=None, cmake_target_skip_unavailable=False, continue_on_error=False, event_handlers=None, executor='parallel', ignore_user_meta=False, install_base='install', log_base=None, log_level=None, main=<bound method BuildVerb.main of <colcon_core.verb.build.BuildVerb object at 0x7f248e00f2b0>>, merge_install=False, metas=['./colcon.meta'], packages_above=None, packages_above_and_dependencies=None, packages_above_depth=None, packages_end=None, packages_ignore=None, packages_ignore_regex=None, packages_select=None, packages_select_build_failed=False, packages_select_by_dep=None, packages_select_regex=None, packages_select_test_failures=False, packages_skip=None, packages_skip_build_finished=False, packages_skip_by_dep=None, packages_skip_regex=None, packages_skip_test_passed=False, packages_skip_up_to=None, packages_start=None, packages_up_to=None, packages_up_to_regex=None, parallel_workers=2, paths=None, symlink_install=False, test_result_base=None, verb_extension=<colcon_core.verb.build.BuildVerb object at 0x7f248e00f2b0>, verb_name='build', verb_parser=<colcon_defaults.argument_parser.defaults.DefaultArgumentsDecorator object at 0x7f248e01c670>)
[1.001s] Level 1:colcon.colcon_core.package_discovery:discover_packages(colcon_meta) check parameters
[1.001s] Level 1:colcon.colcon_core.package_discovery:discover_packages(recursive) check parameters
[1.001s] Level 1:colcon.colcon_core.package_discovery:discover_packages(ignore) check parameters
[1.001s] Level 1:colcon.colcon_core.package_discovery:discover_packages(path) check parameters
[1.001s] Level 1:colcon.colcon_core.package_discovery:discover_packages(colcon_meta) discover
[1.001s] Level 1:colcon.colcon_core.package_discovery:discover_packages(recursive) discover
[1.001s] INFO:colcon.colcon_core.package_discovery:Crawling recursively for packages in '/home/a/uav/src'
[1.001s] Level 1:colcon.colcon_core.package_identification:_identify(.) by extensions ['ignore', 'ignore_ament_install']
[1.001s] Level 1:colcon.colcon_core.package_identification:_identify(.) by extension 'ignore'
[1.001s] Level 1:colcon.colcon_core.package_identification:_identify(.) by extension 'ignore_ament_install'
[1.001s] Level 1:colcon.colcon_core.package_identification:_identify(.) by extensions ['colcon_pkg']
[1.001s] Level 1:colcon.colcon_core.package_identification:_identify(.) by extension 'colcon_pkg'
[1.001s] Level 1:colcon.colcon_core.package_identification:_identify(.) by extensions ['colcon_meta']
[1.001s] Level 1:colcon.colcon_core.package_identification:_identify(.) by extension 'colcon_meta'
[1.002s] Level 1:colcon.colcon_core.package_identification:_identify(.) by extensions ['ros']
[1.002s] Level 1:colcon.colcon_core.package_identification:_identify(.) by extension 'ros'
[1.033s] Level 1:colcon.colcon_core.package_identification:_identify(.) by extensions ['cmake', 'python']
[1.045s] Level 1:colcon.colcon_core.package_identification:_identify(.) by extension 'cmake'
[1.045s] Level 1:colcon.colcon_core.package_identification:_identify(.) by extension 'python'
[1.045s] Level 1:colcon.colcon_core.package_identification:_identify(.) by extensions ['python_setup_py']
[1.045s] Level 1:colcon.colcon_core.package_identification:_identify(.) by extension 'python_setup_py'
[1.045s] Level 1:colcon.colcon_core.package_identification:_identify(build) by extensions ['ignore', 'ignore_ament_install']
[1.045s] Level 1:colcon.colcon_core.package_identification:_identify(build) by extension 'ignore'
[1.045s] Level 1:colcon.colcon_core.package_identification:_identify(build) ignored
[1.045s] Level 1:colcon.colcon_core.package_identification:_identify(install) by extensions ['ignore', 'ignore_ament_install']
[1.045s] Level 1:colcon.colcon_core.package_identification:_identify(install) by extension 'ignore'
[1.045s] Level 1:colcon.colcon_core.package_identification:_identify(install) ignored
[1.047s] Level 1:colcon.colcon_core.package_identification:_identify(log) by extensions ['ignore', 'ignore_ament_install']
[1.047s] Level 1:colcon.colcon_core.package_identification:_identify(log) by extension 'ignore'
[1.047s] Level 1:colcon.colcon_core.package_identification:_identify(log) ignored
[1.047s] Level 1:colcon.colcon_core.package_identification:_identify(my_uav) by extensions ['ignore', 'ignore_ament_install']
[1.047s] Level 1:colcon.colcon_core.package_identification:_identify(my_uav) by extension 'ignore'
[1.047s] Level 1:colcon.colcon_core.package_identification:_identify(my_uav) by extension 'ignore_ament_install'
[1.047s] Level 1:colcon.colcon_core.package_identification:_identify(my_uav) by extensions ['colcon_pkg']
[1.047s] Level 1:colcon.colcon_core.package_identification:_identify(my_uav) by extension 'colcon_pkg'
[1.047s] Level 1:colcon.colcon_core.package_identification:_identify(my_uav) by extensions ['colcon_meta']
[1.047s] Level 1:colcon.colcon_core.package_identification:_identify(my_uav) by extension 'colcon_meta'
[1.047s] Level 1:colcon.colcon_core.package_identification:_identify(my_uav) by extensions ['ros']
[1.047s] Level 1:colcon.colcon_core.package_identification:_identify(my_uav) by extension 'ros'
[1.062s] DEBUG:colcon.colcon_core.package_identification:Package 'my_uav' with type 'ros.ament_cmake' and name 'my_uav'
[1.062s] Level 1:colcon.colcon_core.package_discovery:discover_packages(recursive) using defaults
[1.062s] Level 1:colcon.colcon_core.package_discovery:discover_packages(ignore) discover
[1.062s] Level 1:colcon.colcon_core.package_discovery:discover_packages(ignore) using defaults
[1.062s] Level 1:colcon.colcon_core.package_discovery:discover_packages(path) discover
[1.063s] Level 1:colcon.colcon_core.package_discovery:discover_packages(path) using defaults
[1.116s] Level 1:colcon.colcon_core.package_discovery:discover_packages(prefix_path) check parameters
[1.116s] Level 1:colcon.colcon_core.package_discovery:discover_packages(prefix_path) discover
[1.118s] DEBUG:colcon.colcon_installed_package_information.package_discovery:Found 0 installed packages in /home/a/uav/src/my_uav/src/install
[1.118s] DEBUG:colcon.colcon_installed_package_information.package_discovery:Found 4 installed packages in /home/a/ros2_ws/install
[1.125s] DEBUG:colcon.colcon_installed_package_information.package_discovery:Found 275 installed packages in /opt/ros/galactic
[1.171s] Level 1:colcon.colcon_core.package_discovery:discover_packages(prefix_path) using defaults
[1.376s] Level 5:colcon.colcon_core.verb:set package 'my_uav' build argument 'cmake_args' from command line to 'None'
[1.376s] Level 5:colcon.colcon_core.verb:set package 'my_uav' build argument 'cmake_target' from command line to 'None'
[1.376s] Level 5:colcon.colcon_core.verb:set package 'my_uav' build argument 'cmake_target_skip_unavailable' from command line to 'False'
[1.376s] Level 5:colcon.colcon_core.verb:set package 'my_uav' build argument 'cmake_clean_cache' from command line to 'False'
[1.376s] Level 5:colcon.colcon_core.verb:set package 'my_uav' build argument 'cmake_clean_first' from command line to 'False'
[1.376s] Level 5:colcon.colcon_core.verb:set package 'my_uav' build argument 'cmake_force_configure' from command line to 'False'
[1.376s] Level 5:colcon.colcon_core.verb:set package 'my_uav' build argument 'ament_cmake_args' from command line to 'None'
[1.376s] Level 5:colcon.colcon_core.verb:set package 'my_uav' build argument 'catkin_cmake_args' from command line to 'None'
[1.376s] Level 5:colcon.colcon_core.verb:set package 'my_uav' build argument 'catkin_skip_building_tests' from command line to 'False'
[1.376s] DEBUG:colcon.colcon_core.verb:Building package 'my_uav' with the following arguments: {'ament_cmake_args': None, 'build_base': '/home/a/uav/src/build/my_uav', 'catkin_cmake_args': None, 'catkin_skip_building_tests': False, 'cmake_args': None, 'cmake_clean_cache': False, 'cmake_clean_first': False, 'cmake_force_configure': False, 'cmake_target': None, 'cmake_target_skip_unavailable': False, 'install_base': '/home/a/uav/src/install/my_uav', 'merge_install': False, 'path': '/home/a/uav/src/my_uav', 'symlink_install': False, 'test_result_base': None}
[1.381s] INFO:colcon.colcon_core.executor:Executing jobs using 'parallel' executor
[1.382s] DEBUG:colcon.colcon_parallel_executor.executor.parallel:run_until_complete
[1.382s] INFO:colcon.colcon_ros.task.ament_cmake.build:Building ROS package in '/home/a/uav/src/my_uav' with build type 'ament_cmake'
[1.383s] INFO:colcon.colcon_cmake.task.cmake.build:Building CMake package in '/home/a/uav/src/my_uav'
[1.389s] INFO:colcon.colcon_core.plugin_system:Skipping extension 'colcon_core.shell.bat': Not used on non-Windows systems
[1.389s] INFO:colcon.colcon_core.shell:Skip shell extension 'powershell' for command environment: Not usable outside of PowerShell
[1.389s] DEBUG:colcon.colcon_core.shell:Skip shell extension 'dsv' for command environment
[1.429s] DEBUG:colcon.colcon_core.event_handler.log_command:Invoking command in '/home/a/uav/src/build/my_uav': CMAKE_PREFIX_PATH=${CMAKE_PREFIX_PATH}:/opt/ros/galactic /usr/bin/cmake /home/a/uav/src/my_uav -DCMAKE_INSTALL_PREFIX=/home/a/uav/src/install/my_uav
[6.698s] DEBUG:colcon.colcon_core.event_handler.log_command:Invoked command in '/home/a/uav/src/build/my_uav' returned '0': CMAKE_PREFIX_PATH=${CMAKE_PREFIX_PATH}:/opt/ros/galactic /usr/bin/cmake /home/a/uav/src/my_uav -DCMAKE_INSTALL_PREFIX=/home/a/uav/src/install/my_uav
[6.703s] DEBUG:colcon.colcon_core.event_handler.log_command:Invoking command in '/home/a/uav/src/build/my_uav': CMAKE_PREFIX_PATH=${CMAKE_PREFIX_PATH}:/opt/ros/galactic /usr/bin/cmake --build /home/a/uav/src/build/my_uav -- -j2 -l2
[604.629s] DEBUG:colcon.colcon_core.event_handler.log_command:Invoked command in '/home/a/uav/src/build/my_uav' returned '2': CMAKE_PREFIX_PATH=${CMAKE_PREFIX_PATH}:/opt/ros/galactic /usr/bin/cmake --build /home/a/uav/src/build/my_uav -- -j2 -l2
[604.633s] Level 1:colcon.colcon_core.environment:create_environment_scripts_only(my_uav)
[604.651s] Level 1:colcon.colcon_core.environment:checking '/home/a/uav/src/install/my_uav' for CMake module files
[604.651s] Level 1:colcon.colcon_core.environment:checking '/home/a/uav/src/install/my_uav' for CMake config files
[604.652s] Level 1:colcon.colcon_core.environment:checking '/home/a/uav/src/install/my_uav/bin'
[604.652s] Level 1:colcon.colcon_core.environment:checking '/home/a/uav/src/install/my_uav/lib/pkgconfig/my_uav.pc'
[604.652s] Level 1:colcon.colcon_core.environment:checking '/home/a/uav/src/install/my_uav/lib/python3.8/site-packages'
[604.652s] Level 1:colcon.colcon_core.environment:checking '/home/a/uav/src/install/my_uav/bin'
[604.652s] INFO:colcon.colcon_core.shell:Creating package script '/home/a/uav/src/install/my_uav/share/my_uav/package.ps1'
[604.666s] INFO:colcon.colcon_core.shell:Creating package descriptor '/home/a/uav/src/install/my_uav/share/my_uav/package.dsv'
[604.667s] INFO:colcon.colcon_core.shell:Creating package script '/home/a/uav/src/install/my_uav/share/my_uav/package.sh'
[604.671s] INFO:colcon.colcon_core.shell:Creating package script '/home/a/uav/src/install/my_uav/share/my_uav/package.bash'
[604.672s] INFO:colcon.colcon_core.shell:Creating package script '/home/a/uav/src/install/my_uav/share/my_uav/package.zsh'
[604.673s] Level 1:colcon.colcon_core.environment:create_file_with_runtime_dependencies(/home/a/uav/src/install/my_uav/share/colcon-core/packages/my_uav)
[604.685s] DEBUG:colcon.colcon_parallel_executor.executor.parallel:closing loop
[604.686s] DEBUG:colcon.colcon_parallel_executor.executor.parallel:loop closed
[604.686s] DEBUG:colcon.colcon_parallel_executor.executor.parallel:run_until_complete finished with '2'
[604.686s] DEBUG:colcon.colcon_core.event_reactor:joining thread
[604.747s] INFO:colcon.colcon_core.plugin_system:Skipping extension 'colcon_notification.desktop_notification.terminal_notifier': Not used on non-Darwin systems
[604.747s] INFO:colcon.colcon_core.plugin_system:Skipping extension 'colcon_notification.desktop_notification.win32': Not used on non-Windows systems
[604.747s] INFO:colcon.colcon_notification.desktop_notification:Sending desktop notification using 'notify2'
[604.864s] DEBUG:colcon.colcon_core.event_reactor:joined thread
[604.865s] INFO:colcon.colcon_core.shell:Creating prefix script '/home/a/uav/src/install/local_setup.ps1'
[604.866s] INFO:colcon.colcon_core.shell:Creating prefix util module '/home/a/uav/src/install/_local_setup_util_ps1.py'
[604.867s] INFO:colcon.colcon_core.shell:Creating prefix chain script '/home/a/uav/src/install/setup.ps1'
[604.880s] INFO:colcon.colcon_core.shell:Creating prefix script '/home/a/uav/src/install/local_setup.sh'
[604.881s] INFO:colcon.colcon_core.shell:Creating prefix util module '/home/a/uav/src/install/_local_setup_util_sh.py'
[604.887s] INFO:colcon.colcon_core.shell:Creating prefix chain script '/home/a/uav/src/install/setup.sh'
[604.889s] INFO:colcon.colcon_core.shell:Creating prefix script '/home/a/uav/src/install/local_setup.bash'
[604.907s] INFO:colcon.colcon_core.shell:Creating prefix chain script '/home/a/uav/src/install/setup.bash'
[604.908s] INFO:colcon.colcon_core.shell:Creating prefix script '/home/a/uav/src/install/local_setup.zsh'
[604.909s] INFO:colcon.colcon_core.shell:Creating prefix chain script '/home/a/uav/src/install/setup.zsh'
