-- Found ament_cmake: 1.1.6 (/opt/ros/galactic/share/ament_cmake/cmake)
-- Using PYTHON_EXECUTABLE: /usr/bin/python3
-- Override CMake install command with custom implementation using symlinks instead of copying resources
-- Found builtin_interfaces: 1.0.3 (/opt/ros/galactic/share/builtin_interfaces/cmake)
-- Using all available rosidl_typesupport_c: rosidl_typesupport_fastrtps_c;rosidl_typesupport_introspection_c
-- Found rosidl_adapter: 2.2.3 (/opt/ros/galactic/share/rosidl_adapter/cmake)
-- Using all available rosidl_typesupport_cpp: rosidl_typesupport_fastrtps_cpp;rosidl_typesupport_introspection_cpp
-- Found eigen3_cmake_module: 0.1.1 (/opt/ros/galactic/share/eigen3_cmake_module/cmake)
-- Found geometry_msgs: 2.2.4 (/opt/ros/galactic/share/geometry_msgs/cmake)
-- Found px4_msgs: 2.0.1 (/home/a/ros2_ws/install/px4_msgs/share/px4_msgs/cmake)
-- Found rclcpp: 9.2.2 (/opt/ros/galactic/share/rclcpp/cmake)
-- Found rmw_implementation_cmake: 3.3.1 (/opt/ros/galactic/share/rmw_implementation_cmake/cmake)
-- Found rmw_cyclonedds_cpp: 0.22.6 (/opt/ros/galactic/share/rmw_cyclonedds_cpp/cmake)
-- Using RMW implementation 'rmw_cyclonedds_cpp' as default
-- Found sensor_msgs: 2.2.4 (/opt/ros/galactic/share/sensor_msgs/cmake)
-- Found ament_lint_auto: 0.10.7 (/opt/ros/galactic/share/ament_lint_auto/cmake)
-- Added test 'copyright' to check source files copyright and LICENSE
-- Added test 'cppcheck' to perform static code analysis on C / C++ code
-- Configured cppcheck include dirs: /home/a/ros2_ws/src/px4_ros_com/include;$<BUILD_INTERFACE:/home/a/ros2_ws/src/px4_ros_com/include/px4_ros_com>
-- Configured cppcheck exclude dirs and/or files: 
-- Added test 'cpplint' to check C / C++ code against the Google style
-- Configured cpplint exclude dirs and/or files: 
-- Added test 'flake8' to check Python code syntax and style conventions
-- Added test 'lint_cmake' to check CMake code style
-- Added test 'pep257' to check Python code against some of the style conventions in PEP 257
-- Added test 'uncrustify' to check C / C++ code style
-- Configured uncrustify additional arguments: 
-- Added test 'xmllint' to check XML markup files
-- Configuring done
-- Generating done
-- Build files have been written to: /home/a/ros2_ws/build/px4_ros_com
[35m[1mScanning dependencies of target offboard_control[0m
[35m[1mScanning dependencies of target frame_transforms[0m
[ 10%] [32mBuilding CXX object CMakeFiles/offboard_control.dir/src/examples/offboard/offboard_control.cpp.o[0m
[ 20%] [32mBuilding CXX object CMakeFiles/frame_transforms.dir/src/lib/frame_transforms.cpp.o[0m
[ 30%] [32m[1mLinking CXX shared library libframe_transforms.so[0m
[ 30%] Built target frame_transforms
[35m[1mScanning dependencies of target vehicle_gps_position_listener[0m
[ 40%] [32m[1mLinking CXX executable offboard_control[0m
[ 50%] [32mBuilding CXX object CMakeFiles/vehicle_gps_position_listener.dir/src/examples/listeners/vehicle_gps_position_listener.cpp.o[0m
[ 50%] Built target offboard_control
[35m[1mScanning dependencies of target debug_vect_advertiser[0m
[ 60%] [32mBuilding CXX object CMakeFiles/debug_vect_advertiser.dir/src/examples/advertisers/debug_vect_advertiser.cpp.o[0m
[ 70%] [32m[1mLinking CXX executable debug_vect_advertiser[0m
[ 70%] Built target debug_vect_advertiser
[ 80%] [32m[1mLinking CXX executable vehicle_gps_position_listener[0m
[ 80%] Built target vehicle_gps_position_listener
[35m[1mScanning dependencies of target sensor_combined_listener[0m
[ 90%] [32mBuilding CXX object CMakeFiles/sensor_combined_listener.dir/src/examples/listeners/sensor_combined_listener.cpp.o[0m
[100%] [32m[1mLinking CXX executable sensor_combined_listener[0m
[100%] Built target sensor_combined_listener
-- Install configuration: "RELWITHDEBINFO"
-- Execute custom install script
-- Symlinking: /home/a/ros2_ws/install/px4_ros_com/lib/px4_ros_com/sensor_combined_listener
-- Symlinking: /home/a/ros2_ws/install/px4_ros_com/lib/px4_ros_com/vehicle_gps_position_listener
-- Symlinking: /home/a/ros2_ws/install/px4_ros_com/lib/px4_ros_com/debug_vect_advertiser
-- Symlinking: /home/a/ros2_ws/install/px4_ros_com/lib/px4_ros_com/offboard_control
-- Symlinking: /home/a/ros2_ws/install/px4_ros_com/share/px4_ros_com/environment/library_path.sh
-- Symlinking: /home/a/ros2_ws/install/px4_ros_com/share/px4_ros_com/environment/library_path.dsv
-- Symlinking: /home/a/ros2_ws/install/px4_ros_com/include/px4_ros_com/frame_transforms.h
-- Symlinking: /home/a/ros2_ws/install/px4_ros_com/share/px4_ros_com//launch/offboard_control_launch.yaml
-- Symlinking: /home/a/ros2_ws/install/px4_ros_com/share/px4_ros_com//launch/sensor_combined_listener.launch.py
-- Symlinking: /home/a/ros2_ws/install/px4_ros_com/share/px4_ros_com//test/__init__.py
-- Symlinking: /home/a/ros2_ws/install/px4_ros_com/share/px4_ros_com//test/pipeline_io_test.py
-- Symlinking: /home/a/ros2_ws/install/px4_ros_com/share/px4_ros_com//test/test_input.py
-- Symlinking: /home/a/ros2_ws/install/px4_ros_com/share/px4_ros_com//test/test_output.py
-- Symlinking: /home/a/ros2_ws/install/px4_ros_com/share/ament_index/resource_index/package_run_dependencies/px4_ros_com
-- Symlinking: /home/a/ros2_ws/install/px4_ros_com/share/ament_index/resource_index/parent_prefix_path/px4_ros_com
-- Symlinking: /home/a/ros2_ws/install/px4_ros_com/share/px4_ros_com/environment/ament_prefix_path.sh
-- Symlinking: /home/a/ros2_ws/install/px4_ros_com/share/px4_ros_com/environment/ament_prefix_path.dsv
-- Symlinking: /home/a/ros2_ws/install/px4_ros_com/share/px4_ros_com/environment/path.sh
-- Symlinking: /home/a/ros2_ws/install/px4_ros_com/share/px4_ros_com/environment/path.dsv
-- Symlinking: /home/a/ros2_ws/install/px4_ros_com/share/px4_ros_com/local_setup.bash
-- Symlinking: /home/a/ros2_ws/install/px4_ros_com/share/px4_ros_com/local_setup.sh
-- Symlinking: /home/a/ros2_ws/install/px4_ros_com/share/px4_ros_com/local_setup.zsh
-- Symlinking: /home/a/ros2_ws/install/px4_ros_com/share/px4_ros_com/local_setup.dsv
-- Symlinking: /home/a/ros2_ws/install/px4_ros_com/share/px4_ros_com/package.dsv
-- Symlinking: /home/a/ros2_ws/install/px4_ros_com/share/ament_index/resource_index/packages/px4_ros_com
-- Symlinking: /home/a/ros2_ws/install/px4_ros_com/share/px4_ros_com/cmake/ament_cmake_export_dependencies-extras.cmake
-- Symlinking: /home/a/ros2_ws/install/px4_ros_com/share/px4_ros_com/cmake/ament_cmake_export_targets-extras.cmake
-- Symlinking: /home/a/ros2_ws/install/px4_ros_com/share/px4_ros_com/cmake/ament_cmake_export_include_directories-extras.cmake
-- Symlinking: /home/a/ros2_ws/install/px4_ros_com/share/px4_ros_com/cmake/ament_cmake_export_libraries-extras.cmake
-- Symlinking: /home/a/ros2_ws/install/px4_ros_com/share/px4_ros_com/cmake/px4_ros_comConfig.cmake
-- Symlinking: /home/a/ros2_ws/install/px4_ros_com/share/px4_ros_com/cmake/px4_ros_comConfig-version.cmake
-- Symlinking: /home/a/ros2_ws/install/px4_ros_com/share/px4_ros_com/package.xml
-- Installing: /home/a/ros2_ws/install/px4_ros_com/lib/libframe_transforms.so
-- Set runtime path of "/home/a/ros2_ws/install/px4_ros_com/lib/libframe_transforms.so" to ""
-- Installing: /home/a/ros2_ws/install/px4_ros_com/share/px4_ros_com/cmake/export_frame_transformsExport.cmake
-- Installing: /home/a/ros2_ws/install/px4_ros_com/share/px4_ros_com/cmake/export_frame_transformsExport-relwithdebinfo.cmake
