[0.015s] Invoking command in '/home/a/ros2_ws/build/px4_ros_com': AMENT_PREFIX_PATH=/home/a/ros2_ws/install/px4_msgs:${AMENT_PREFIX_PATH} CMAKE_PREFIX_PATH=/home/a/ros2_ws/install/px4_msgs:/opt/ros/galactic LD_LIBRARY_PATH=/home/a/ros2_ws/install/px4_msgs/lib:${LD_LIBRARY_PATH} PYTHONPATH=/home/a/ros2_ws/install/px4_msgs/lib/python3.8/site-packages:${PYTHONPATH} /usr/bin/cmake /home/a/ros2_ws/src/px4_ros_com -DCMAKE_BUILD_TYPE=RELWITHDEBINFO -DAMENT_CMAKE_SYMLINK_INSTALL=1 -DCMAKE_INSTALL_PREFIX=/home/a/ros2_ws/install/px4_ros_com
[0.034s] -- Found ament_cmake: 1.1.6 (/opt/ros/galactic/share/ament_cmake/cmake)
[0.052s] -- Using PYTHON_EXECUTABLE: /usr/bin/python3
[0.106s] -- Override CMake install command with custom implementation using symlinks instead of copying resources
[0.112s] -- Found builtin_interfaces: 1.0.3 (/opt/ros/galactic/share/builtin_interfaces/cmake)
[0.132s] -- Using all available rosidl_typesupport_c: rosidl_typesupport_fastrtps_c;rosidl_typesupport_introspection_c
[0.135s] -- Found rosidl_adapter: 2.2.3 (/opt/ros/galactic/share/rosidl_adapter/cmake)
[0.237s] -- Using all available rosidl_typesupport_cpp: rosidl_typesupport_fastrtps_cpp;rosidl_typesupport_introspection_cpp
[0.264s] -- Found eigen3_cmake_module: 0.1.1 (/opt/ros/galactic/share/eigen3_cmake_module/cmake)
[0.268s] -- Found geometry_msgs: 2.2.4 (/opt/ros/galactic/share/geometry_msgs/cmake)
[0.315s] -- Found px4_msgs: 2.0.1 (/home/a/ros2_ws/install/px4_msgs/share/px4_msgs/cmake)
[0.334s] -- Found rclcpp: 9.2.2 (/opt/ros/galactic/share/rclcpp/cmake)
[0.369s] -- Found rmw_implementation_cmake: 3.3.1 (/opt/ros/galactic/share/rmw_implementation_cmake/cmake)
[0.371s] -- Found rmw_cyclonedds_cpp: 0.22.6 (/opt/ros/galactic/share/rmw_cyclonedds_cpp/cmake)
[0.388s] -- Using RMW implementation 'rmw_cyclonedds_cpp' as default
[0.501s] -- Found sensor_msgs: 2.2.4 (/opt/ros/galactic/share/sensor_msgs/cmake)
[0.580s] -- Found ament_lint_auto: 0.10.7 (/opt/ros/galactic/share/ament_lint_auto/cmake)
[0.642s] -- Added test 'copyright' to check source files copyright and LICENSE
[0.645s] -- Added test 'cppcheck' to perform static code analysis on C / C++ code
[0.645s] -- Configured cppcheck include dirs: /home/a/ros2_ws/src/px4_ros_com/include;$<BUILD_INTERFACE:/home/a/ros2_ws/src/px4_ros_com/include/px4_ros_com>
[0.645s] -- Configured cppcheck exclude dirs and/or files: 
[0.648s] -- Added test 'cpplint' to check C / C++ code against the Google style
[0.648s] -- Configured cpplint exclude dirs and/or files: 
[0.649s] -- Added test 'flake8' to check Python code syntax and style conventions
[0.649s] -- Added test 'lint_cmake' to check CMake code style
[0.650s] -- Added test 'pep257' to check Python code against some of the style conventions in PEP 257
[0.652s] -- Added test 'uncrustify' to check C / C++ code style
[0.652s] -- Configured uncrustify additional arguments: 
[0.653s] -- Added test 'xmllint' to check XML markup files
[0.662s] -- Configuring done
[0.697s] -- Generating done
[0.708s] -- Build files have been written to: /home/a/ros2_ws/build/px4_ros_com
[0.713s] Invoked command in '/home/a/ros2_ws/build/px4_ros_com' returned '0': AMENT_PREFIX_PATH=/home/a/ros2_ws/install/px4_msgs:${AMENT_PREFIX_PATH} CMAKE_PREFIX_PATH=/home/a/ros2_ws/install/px4_msgs:/opt/ros/galactic LD_LIBRARY_PATH=/home/a/ros2_ws/install/px4_msgs/lib:${LD_LIBRARY_PATH} PYTHONPATH=/home/a/ros2_ws/install/px4_msgs/lib/python3.8/site-packages:${PYTHONPATH} /usr/bin/cmake /home/a/ros2_ws/src/px4_ros_com -DCMAKE_BUILD_TYPE=RELWITHDEBINFO -DAMENT_CMAKE_SYMLINK_INSTALL=1 -DCMAKE_INSTALL_PREFIX=/home/a/ros2_ws/install/px4_ros_com
[0.716s] Invoking command in '/home/a/ros2_ws/build/px4_ros_com': AMENT_PREFIX_PATH=/home/a/ros2_ws/install/px4_msgs:${AMENT_PREFIX_PATH} CMAKE_PREFIX_PATH=/home/a/ros2_ws/install/px4_msgs:/opt/ros/galactic LD_LIBRARY_PATH=/home/a/ros2_ws/install/px4_msgs/lib:${LD_LIBRARY_PATH} PYTHONPATH=/home/a/ros2_ws/install/px4_msgs/lib/python3.8/site-packages:${PYTHONPATH} /usr/bin/cmake --build /home/a/ros2_ws/build/px4_ros_com -- -j2 -l2
[0.763s] [35m[1mScanning dependencies of target offboard_control[0m
[0.777s] [35m[1mScanning dependencies of target frame_transforms[0m
[0.798s] [ 10%] [32mBuilding CXX object CMakeFiles/offboard_control.dir/src/examples/offboard/offboard_control.cpp.o[0m
[0.804s] [ 20%] [32mBuilding CXX object CMakeFiles/frame_transforms.dir/src/lib/frame_transforms.cpp.o[0m
[20.355s] [ 30%] [32m[1mLinking CXX shared library libframe_transforms.so[0m
[20.801s] [ 30%] Built target frame_transforms
[20.826s] [35m[1mScanning dependencies of target vehicle_gps_position_listener[0m
[20.837s] [ 40%] [32m[1mLinking CXX executable offboard_control[0m
[20.875s] [ 50%] [32mBuilding CXX object CMakeFiles/vehicle_gps_position_listener.dir/src/examples/listeners/vehicle_gps_position_listener.cpp.o[0m
[21.133s] [ 50%] Built target offboard_control
[21.149s] [35m[1mScanning dependencies of target debug_vect_advertiser[0m
[21.211s] [ 60%] [32mBuilding CXX object CMakeFiles/debug_vect_advertiser.dir/src/examples/advertisers/debug_vect_advertiser.cpp.o[0m
[30.109s] [ 70%] [32m[1mLinking CXX executable debug_vect_advertiser[0m
[30.290s] [ 70%] Built target debug_vect_advertiser
[35.557s] [ 80%] [32m[1mLinking CXX executable vehicle_gps_position_listener[0m
[35.757s] [ 80%] Built target vehicle_gps_position_listener
[35.768s] [35m[1mScanning dependencies of target sensor_combined_listener[0m
[35.804s] [ 90%] [32mBuilding CXX object CMakeFiles/sensor_combined_listener.dir/src/examples/listeners/sensor_combined_listener.cpp.o[0m
[47.349s] [100%] [32m[1mLinking CXX executable sensor_combined_listener[0m
[47.545s] [100%] Built target sensor_combined_listener
[47.558s] Invoked command in '/home/a/ros2_ws/build/px4_ros_com' returned '0': AMENT_PREFIX_PATH=/home/a/ros2_ws/install/px4_msgs:${AMENT_PREFIX_PATH} CMAKE_PREFIX_PATH=/home/a/ros2_ws/install/px4_msgs:/opt/ros/galactic LD_LIBRARY_PATH=/home/a/ros2_ws/install/px4_msgs/lib:${LD_LIBRARY_PATH} PYTHONPATH=/home/a/ros2_ws/install/px4_msgs/lib/python3.8/site-packages:${PYTHONPATH} /usr/bin/cmake --build /home/a/ros2_ws/build/px4_ros_com -- -j2 -l2
[47.560s] Invoking command in '/home/a/ros2_ws/build/px4_ros_com': AMENT_PREFIX_PATH=/home/a/ros2_ws/install/px4_msgs:${AMENT_PREFIX_PATH} CMAKE_PREFIX_PATH=/home/a/ros2_ws/install/px4_msgs:/opt/ros/galactic LD_LIBRARY_PATH=/home/a/ros2_ws/install/px4_msgs/lib:${LD_LIBRARY_PATH} PYTHONPATH=/home/a/ros2_ws/install/px4_msgs/lib/python3.8/site-packages:${PYTHONPATH} /usr/bin/cmake --install /home/a/ros2_ws/build/px4_ros_com
[47.568s] -- Install configuration: "RELWITHDEBINFO"
[47.568s] -- Execute custom install script
[47.569s] -- Symlinking: /home/a/ros2_ws/install/px4_ros_com/lib/px4_ros_com/sensor_combined_listener
[47.578s] -- Symlinking: /home/a/ros2_ws/install/px4_ros_com/lib/px4_ros_com/vehicle_gps_position_listener
[47.586s] -- Symlinking: /home/a/ros2_ws/install/px4_ros_com/lib/px4_ros_com/debug_vect_advertiser
[47.595s] -- Symlinking: /home/a/ros2_ws/install/px4_ros_com/lib/px4_ros_com/offboard_control
[47.603s] -- Symlinking: /home/a/ros2_ws/install/px4_ros_com/share/px4_ros_com/environment/library_path.sh
[47.612s] -- Symlinking: /home/a/ros2_ws/install/px4_ros_com/share/px4_ros_com/environment/library_path.dsv
[47.621s] -- Symlinking: /home/a/ros2_ws/install/px4_ros_com/include/px4_ros_com/frame_transforms.h
[47.628s] -- Symlinking: /home/a/ros2_ws/install/px4_ros_com/share/px4_ros_com//launch/offboard_control_launch.yaml
[47.637s] -- Symlinking: /home/a/ros2_ws/install/px4_ros_com/share/px4_ros_com//launch/sensor_combined_listener.launch.py
[47.645s] -- Symlinking: /home/a/ros2_ws/install/px4_ros_com/share/px4_ros_com//test/__init__.py
[47.653s] -- Symlinking: /home/a/ros2_ws/install/px4_ros_com/share/px4_ros_com//test/pipeline_io_test.py
[47.661s] -- Symlinking: /home/a/ros2_ws/install/px4_ros_com/share/px4_ros_com//test/test_input.py
[47.673s] -- Symlinking: /home/a/ros2_ws/install/px4_ros_com/share/px4_ros_com//test/test_output.py
[47.681s] -- Symlinking: /home/a/ros2_ws/install/px4_ros_com/share/ament_index/resource_index/package_run_dependencies/px4_ros_com
[47.689s] -- Symlinking: /home/a/ros2_ws/install/px4_ros_com/share/ament_index/resource_index/parent_prefix_path/px4_ros_com
[47.697s] -- Symlinking: /home/a/ros2_ws/install/px4_ros_com/share/px4_ros_com/environment/ament_prefix_path.sh
[47.704s] -- Symlinking: /home/a/ros2_ws/install/px4_ros_com/share/px4_ros_com/environment/ament_prefix_path.dsv
[47.712s] -- Symlinking: /home/a/ros2_ws/install/px4_ros_com/share/px4_ros_com/environment/path.sh
[47.721s] -- Symlinking: /home/a/ros2_ws/install/px4_ros_com/share/px4_ros_com/environment/path.dsv
[47.729s] -- Symlinking: /home/a/ros2_ws/install/px4_ros_com/share/px4_ros_com/local_setup.bash
[47.738s] -- Symlinking: /home/a/ros2_ws/install/px4_ros_com/share/px4_ros_com/local_setup.sh
[47.747s] -- Symlinking: /home/a/ros2_ws/install/px4_ros_com/share/px4_ros_com/local_setup.zsh
[47.755s] -- Symlinking: /home/a/ros2_ws/install/px4_ros_com/share/px4_ros_com/local_setup.dsv
[47.763s] -- Symlinking: /home/a/ros2_ws/install/px4_ros_com/share/px4_ros_com/package.dsv
[47.773s] -- Symlinking: /home/a/ros2_ws/install/px4_ros_com/share/ament_index/resource_index/packages/px4_ros_com
[47.780s] -- Symlinking: /home/a/ros2_ws/install/px4_ros_com/share/px4_ros_com/cmake/ament_cmake_export_dependencies-extras.cmake
[47.788s] -- Symlinking: /home/a/ros2_ws/install/px4_ros_com/share/px4_ros_com/cmake/ament_cmake_export_targets-extras.cmake
[47.796s] -- Symlinking: /home/a/ros2_ws/install/px4_ros_com/share/px4_ros_com/cmake/ament_cmake_export_include_directories-extras.cmake
[47.805s] -- Symlinking: /home/a/ros2_ws/install/px4_ros_com/share/px4_ros_com/cmake/ament_cmake_export_libraries-extras.cmake
[47.813s] -- Symlinking: /home/a/ros2_ws/install/px4_ros_com/share/px4_ros_com/cmake/px4_ros_comConfig.cmake
[47.820s] -- Symlinking: /home/a/ros2_ws/install/px4_ros_com/share/px4_ros_com/cmake/px4_ros_comConfig-version.cmake
[47.828s] -- Symlinking: /home/a/ros2_ws/install/px4_ros_com/share/px4_ros_com/package.xml
[47.835s] -- Installing: /home/a/ros2_ws/install/px4_ros_com/lib/libframe_transforms.so
[47.845s] -- Set runtime path of "/home/a/ros2_ws/install/px4_ros_com/lib/libframe_transforms.so" to ""
[47.845s] -- Installing: /home/a/ros2_ws/install/px4_ros_com/share/px4_ros_com/cmake/export_frame_transformsExport.cmake
[47.845s] -- Installing: /home/a/ros2_ws/install/px4_ros_com/share/px4_ros_com/cmake/export_frame_transformsExport-relwithdebinfo.cmake
[47.848s] Invoked command in '/home/a/ros2_ws/build/px4_ros_com' returned '0': AMENT_PREFIX_PATH=/home/a/ros2_ws/install/px4_msgs:${AMENT_PREFIX_PATH} CMAKE_PREFIX_PATH=/home/a/ros2_ws/install/px4_msgs:/opt/ros/galactic LD_LIBRARY_PATH=/home/a/ros2_ws/install/px4_msgs/lib:${LD_LIBRARY_PATH} PYTHONPATH=/home/a/ros2_ws/install/px4_msgs/lib/python3.8/site-packages:${PYTHONPATH} /usr/bin/cmake --install /home/a/ros2_ws/build/px4_ros_com
