[19.826s] DEBUG:colcon:Command line arguments: ['/usr/bin/colcon', 'build', '--packages-select', 'my_uav', '--symlink-install', '--parallel-workers', '2']
[19.826s] DEBUG:colcon:Parsed command line arguments: Namespace(allow_overriding=[], ament_cmake_args=None, base_paths=['.'], build_base='build', catkin_cmake_args=None, catkin_skip_building_tests=False, cmake_args=None, cmake_clean_cache=False, cmake_clean_first=False, cmake_force_configure=False, cmake_target=None, cmake_target_skip_unavailable=False, continue_on_error=False, event_handlers=None, executor='parallel', ignore_user_meta=False, install_base='install', log_base=None, log_level=None, main=<bound method BuildVerb.main of <colcon_core.verb.build.BuildVerb object at 0x7f7ac63942b0>>, merge_install=False, metas=['./colcon.meta'], packages_above=None, packages_above_and_dependencies=None, packages_above_depth=None, packages_end=None, packages_ignore=None, packages_ignore_regex=None, packages_select=['my_uav'], packages_select_build_failed=False, packages_select_by_dep=None, packages_select_regex=None, packages_select_test_failures=False, packages_skip=None, packages_skip_build_finished=False, packages_skip_by_dep=None, packages_skip_regex=None, packages_skip_test_passed=False, packages_skip_up_to=None, packages_start=None, packages_up_to=None, packages_up_to_regex=None, parallel_workers=2, paths=None, symlink_install=True, test_result_base=None, verb_extension=<colcon_core.verb.build.BuildVerb object at 0x7f7ac63942b0>, verb_name='build', verb_parser=<colcon_defaults.argument_parser.defaults.DefaultArgumentsDecorator object at 0x7f7ac63a2670>)
[30.771s] Level 1:colcon.colcon_core.package_discovery:discover_packages(colcon_meta) check parameters
[30.771s] Level 1:colcon.colcon_core.package_discovery:discover_packages(recursive) check parameters
[30.771s] Level 1:colcon.colcon_core.package_discovery:discover_packages(ignore) check parameters
[30.771s] Level 1:colcon.colcon_core.package_discovery:discover_packages(path) check parameters
[30.771s] Level 1:colcon.colcon_core.package_discovery:discover_packages(colcon_meta) discover
[30.771s] Level 1:colcon.colcon_core.package_discovery:discover_packages(recursive) discover
[30.771s] INFO:colcon.colcon_core.package_discovery:Crawling recursively for packages in '/home/a/uav/src'
[30.772s] Level 1:colcon.colcon_core.package_identification:_identify(.) by extensions ['ignore', 'ignore_ament_install']
[30.772s] Level 1:colcon.colcon_core.package_identification:_identify(.) by extension 'ignore'
[30.772s] Level 1:colcon.colcon_core.package_identification:_identify(.) by extension 'ignore_ament_install'
[30.772s] Level 1:colcon.colcon_core.package_identification:_identify(.) by extensions ['colcon_pkg']
[30.772s] Level 1:colcon.colcon_core.package_identification:_identify(.) by extension 'colcon_pkg'
[30.772s] Level 1:colcon.colcon_core.package_identification:_identify(.) by extensions ['colcon_meta']
[30.772s] Level 1:colcon.colcon_core.package_identification:_identify(.) by extension 'colcon_meta'
[30.772s] Level 1:colcon.colcon_core.package_identification:_identify(.) by extensions ['ros']
[30.772s] Level 1:colcon.colcon_core.package_identification:_identify(.) by extension 'ros'
[31.506s] Level 1:colcon.colcon_core.package_identification:_identify(.) by extensions ['cmake', 'python']
[31.506s] Level 1:colcon.colcon_core.package_identification:_identify(.) by extension 'cmake'
[31.506s] Level 1:colcon.colcon_core.package_identification:_identify(.) by extension 'python'
[31.506s] Level 1:colcon.colcon_core.package_identification:_identify(.) by extensions ['python_setup_py']
[31.506s] Level 1:colcon.colcon_core.package_identification:_identify(.) by extension 'python_setup_py'
[31.506s] Level 1:colcon.colcon_core.package_identification:_identify(build) by extensions ['ignore', 'ignore_ament_install']
[31.590s] Level 1:colcon.colcon_core.package_identification:_identify(build) by extension 'ignore'
[31.590s] Level 1:colcon.colcon_core.package_identification:_identify(build) ignored
[31.623s] Level 1:colcon.colcon_core.package_identification:_identify(install) by extensions ['ignore', 'ignore_ament_install']
[31.692s] Level 1:colcon.colcon_core.package_identification:_identify(install) by extension 'ignore'
[31.692s] Level 1:colcon.colcon_core.package_identification:_identify(install) ignored
[31.692s] Level 1:colcon.colcon_core.package_identification:_identify(log) by extensions ['ignore', 'ignore_ament_install']
[31.693s] Level 1:colcon.colcon_core.package_identification:_identify(log) by extension 'ignore'
[31.693s] Level 1:colcon.colcon_core.package_identification:_identify(log) ignored
[31.693s] Level 1:colcon.colcon_core.package_identification:_identify(my_uav) by extensions ['ignore', 'ignore_ament_install']
[31.693s] Level 1:colcon.colcon_core.package_identification:_identify(my_uav) by extension 'ignore'
[31.693s] Level 1:colcon.colcon_core.package_identification:_identify(my_uav) by extension 'ignore_ament_install'
[31.693s] Level 1:colcon.colcon_core.package_identification:_identify(my_uav) by extensions ['colcon_pkg']
[31.693s] Level 1:colcon.colcon_core.package_identification:_identify(my_uav) by extension 'colcon_pkg'
[31.693s] Level 1:colcon.colcon_core.package_identification:_identify(my_uav) by extensions ['colcon_meta']
[31.693s] Level 1:colcon.colcon_core.package_identification:_identify(my_uav) by extension 'colcon_meta'
[31.693s] Level 1:colcon.colcon_core.package_identification:_identify(my_uav) by extensions ['ros']
[31.693s] Level 1:colcon.colcon_core.package_identification:_identify(my_uav) by extension 'ros'
[31.866s] DEBUG:colcon.colcon_core.package_identification:Package 'my_uav' with type 'ros.ament_cmake' and name 'my_uav'
[31.866s] Level 1:colcon.colcon_core.package_discovery:discover_packages(recursive) using defaults
[31.866s] Level 1:colcon.colcon_core.package_discovery:discover_packages(ignore) discover
[31.866s] Level 1:colcon.colcon_core.package_discovery:discover_packages(ignore) using defaults
[31.866s] Level 1:colcon.colcon_core.package_discovery:discover_packages(path) discover
[31.866s] Level 1:colcon.colcon_core.package_discovery:discover_packages(path) using defaults
[32.622s] Level 1:colcon.colcon_core.package_discovery:discover_packages(prefix_path) check parameters
[32.622s] Level 1:colcon.colcon_core.package_discovery:discover_packages(prefix_path) discover
[33.018s] DEBUG:colcon.colcon_installed_package_information.package_discovery:Found 1 installed packages in /home/a/uav/src/install
[33.042s] DEBUG:colcon.colcon_installed_package_information.package_discovery:Found 0 installed packages in /home/a/uav/src/my_uav/src/install
[33.043s] DEBUG:colcon.colcon_installed_package_information.package_discovery:Found 4 installed packages in /home/a/ros2_ws/install
[33.044s] DEBUG:colcon.colcon_installed_package_information.package_discovery:Found 275 installed packages in /opt/ros/galactic
[33.946s] Level 1:colcon.colcon_core.package_discovery:discover_packages(prefix_path) using defaults
[37.827s] Level 5:colcon.colcon_core.verb:set package 'my_uav' build argument 'cmake_args' from command line to 'None'
[37.827s] Level 5:colcon.colcon_core.verb:set package 'my_uav' build argument 'cmake_target' from command line to 'None'
[37.827s] Level 5:colcon.colcon_core.verb:set package 'my_uav' build argument 'cmake_target_skip_unavailable' from command line to 'False'
[37.827s] Level 5:colcon.colcon_core.verb:set package 'my_uav' build argument 'cmake_clean_cache' from command line to 'False'
[37.827s] Level 5:colcon.colcon_core.verb:set package 'my_uav' build argument 'cmake_clean_first' from command line to 'False'
[37.827s] Level 5:colcon.colcon_core.verb:set package 'my_uav' build argument 'cmake_force_configure' from command line to 'False'
[37.827s] Level 5:colcon.colcon_core.verb:set package 'my_uav' build argument 'ament_cmake_args' from command line to 'None'
[37.827s] Level 5:colcon.colcon_core.verb:set package 'my_uav' build argument 'catkin_cmake_args' from command line to 'None'
[37.827s] Level 5:colcon.colcon_core.verb:set package 'my_uav' build argument 'catkin_skip_building_tests' from command line to 'False'
[37.827s] DEBUG:colcon.colcon_core.verb:Building package 'my_uav' with the following arguments: {'ament_cmake_args': None, 'build_base': '/home/a/uav/src/build/my_uav', 'catkin_cmake_args': None, 'catkin_skip_building_tests': False, 'cmake_args': None, 'cmake_clean_cache': False, 'cmake_clean_first': False, 'cmake_force_configure': False, 'cmake_target': None, 'cmake_target_skip_unavailable': False, 'install_base': '/home/a/uav/src/install/my_uav', 'merge_install': False, 'path': '/home/a/uav/src/my_uav', 'symlink_install': True, 'test_result_base': None}
[37.827s] INFO:colcon.colcon_core.executor:Executing jobs using 'parallel' executor
[37.970s] DEBUG:colcon.colcon_parallel_executor.executor.parallel:run_until_complete
[37.970s] INFO:colcon.colcon_ros.task.ament_cmake.build:Building ROS package in '/home/a/uav/src/my_uav' with build type 'ament_cmake'
[37.970s] INFO:colcon.colcon_cmake.task.cmake.build:Building CMake package in '/home/a/uav/src/my_uav'
[38.865s] INFO:colcon.colcon_core.plugin_system:Skipping extension 'colcon_core.shell.bat': Not used on non-Windows systems
[38.866s] INFO:colcon.colcon_core.shell:Skip shell extension 'powershell' for command environment: Not usable outside of PowerShell
[38.866s] DEBUG:colcon.colcon_core.shell:Skip shell extension 'dsv' for command environment
[39.810s] DEBUG:colcon.colcon_core.event_handler.log_command:Invoking command in '/home/a/uav/src/build/my_uav': CMAKE_PREFIX_PATH=${CMAKE_PREFIX_PATH}:/opt/ros/galactic /usr/bin/cmake --build /home/a/uav/src/build/my_uav -- -j2 -l2
[634.625s] DEBUG:colcon.colcon_core.event_handler.log_command:Invoked command in '/home/a/uav/src/build/my_uav' returned '0': CMAKE_PREFIX_PATH=${CMAKE_PREFIX_PATH}:/opt/ros/galactic /usr/bin/cmake --build /home/a/uav/src/build/my_uav -- -j2 -l2
[634.722s] DEBUG:colcon.colcon_core.event_handler.log_command:Invoking command in '/home/a/uav/src/build/my_uav': CMAKE_PREFIX_PATH=${CMAKE_PREFIX_PATH}:/opt/ros/galactic /usr/bin/cmake --install /home/a/uav/src/build/my_uav
[635.127s] Level 1:colcon.colcon_core.environment:create_environment_scripts_only(my_uav)
[635.187s] DEBUG:colcon.colcon_core.event_handler.log_command:Invoked command in '/home/a/uav/src/build/my_uav' returned '0': CMAKE_PREFIX_PATH=${CMAKE_PREFIX_PATH}:/opt/ros/galactic /usr/bin/cmake --install /home/a/uav/src/build/my_uav
[635.209s] Level 1:colcon.colcon_core.environment:checking '/home/a/uav/src/install/my_uav' for CMake module files
[635.222s] Level 1:colcon.colcon_core.environment:checking '/home/a/uav/src/install/my_uav' for CMake config files
[635.227s] Level 1:colcon.colcon_core.shell:create_environment_hook('my_uav', 'cmake_prefix_path')
[635.237s] INFO:colcon.colcon_core.shell:Creating environment hook '/home/a/uav/src/install/my_uav/share/my_uav/hook/cmake_prefix_path.ps1'
[635.261s] INFO:colcon.colcon_core.shell:Creating environment descriptor '/home/a/uav/src/install/my_uav/share/my_uav/hook/cmake_prefix_path.dsv'
[635.262s] INFO:colcon.colcon_core.shell:Creating environment hook '/home/a/uav/src/install/my_uav/share/my_uav/hook/cmake_prefix_path.sh'
[635.264s] Level 1:colcon.colcon_core.environment:checking '/home/a/uav/src/install/my_uav/lib'
[635.264s] Level 1:colcon.colcon_core.environment:checking '/home/a/uav/src/install/my_uav/bin'
[635.282s] Level 1:colcon.colcon_core.environment:checking '/home/a/uav/src/install/my_uav/lib/pkgconfig/my_uav.pc'
[635.282s] Level 1:colcon.colcon_core.environment:checking '/home/a/uav/src/install/my_uav/lib/python3.8/site-packages'
[635.282s] Level 1:colcon.colcon_core.environment:checking '/home/a/uav/src/install/my_uav/bin'
[635.283s] INFO:colcon.colcon_core.shell:Creating package script '/home/a/uav/src/install/my_uav/share/my_uav/package.ps1'
[635.289s] INFO:colcon.colcon_core.shell:Creating package descriptor '/home/a/uav/src/install/my_uav/share/my_uav/package.dsv'
[635.298s] INFO:colcon.colcon_core.shell:Creating package script '/home/a/uav/src/install/my_uav/share/my_uav/package.sh'
[635.304s] INFO:colcon.colcon_core.shell:Creating package script '/home/a/uav/src/install/my_uav/share/my_uav/package.bash'
[635.319s] INFO:colcon.colcon_core.shell:Creating package script '/home/a/uav/src/install/my_uav/share/my_uav/package.zsh'
[635.332s] Level 1:colcon.colcon_core.environment:create_file_with_runtime_dependencies(/home/a/uav/src/install/my_uav/share/colcon-core/packages/my_uav)
[635.338s] Level 1:colcon.colcon_core.environment:create_environment_scripts_only(my_uav)
[635.338s] Level 1:colcon.colcon_core.environment:checking '/home/a/uav/src/install/my_uav' for CMake module files
[635.345s] Level 1:colcon.colcon_core.environment:checking '/home/a/uav/src/install/my_uav' for CMake config files
[635.345s] Level 1:colcon.colcon_core.shell:create_environment_hook('my_uav', 'cmake_prefix_path')
[635.346s] INFO:colcon.colcon_core.shell:Creating environment hook '/home/a/uav/src/install/my_uav/share/my_uav/hook/cmake_prefix_path.ps1'
[635.346s] INFO:colcon.colcon_core.shell:Creating environment descriptor '/home/a/uav/src/install/my_uav/share/my_uav/hook/cmake_prefix_path.dsv'
[635.347s] INFO:colcon.colcon_core.shell:Creating environment hook '/home/a/uav/src/install/my_uav/share/my_uav/hook/cmake_prefix_path.sh'
[635.368s] Level 1:colcon.colcon_core.environment:checking '/home/a/uav/src/install/my_uav/lib'
[635.368s] Level 1:colcon.colcon_core.environment:checking '/home/a/uav/src/install/my_uav/bin'
[635.368s] Level 1:colcon.colcon_core.environment:checking '/home/a/uav/src/install/my_uav/lib/pkgconfig/my_uav.pc'
[635.369s] Level 1:colcon.colcon_core.environment:checking '/home/a/uav/src/install/my_uav/lib/python3.8/site-packages'
[635.369s] Level 1:colcon.colcon_core.environment:checking '/home/a/uav/src/install/my_uav/bin'
[635.370s] INFO:colcon.colcon_core.shell:Creating package script '/home/a/uav/src/install/my_uav/share/my_uav/package.ps1'
[635.371s] INFO:colcon.colcon_core.shell:Creating package descriptor '/home/a/uav/src/install/my_uav/share/my_uav/package.dsv'
[635.371s] INFO:colcon.colcon_core.shell:Creating package script '/home/a/uav/src/install/my_uav/share/my_uav/package.sh'
[635.385s] INFO:colcon.colcon_core.shell:Creating package script '/home/a/uav/src/install/my_uav/share/my_uav/package.bash'
[635.386s] INFO:colcon.colcon_core.shell:Creating package script '/home/a/uav/src/install/my_uav/share/my_uav/package.zsh'
[635.386s] Level 1:colcon.colcon_core.environment:create_file_with_runtime_dependencies(/home/a/uav/src/install/my_uav/share/colcon-core/packages/my_uav)
[635.397s] DEBUG:colcon.colcon_parallel_executor.executor.parallel:closing loop
[635.411s] DEBUG:colcon.colcon_parallel_executor.executor.parallel:loop closed
[635.412s] DEBUG:colcon.colcon_parallel_executor.executor.parallel:run_until_complete finished with '0'
[635.412s] DEBUG:colcon.colcon_core.event_reactor:joining thread
[635.573s] INFO:colcon.colcon_core.plugin_system:Skipping extension 'colcon_notification.desktop_notification.terminal_notifier': Not used on non-Darwin systems
[635.573s] INFO:colcon.colcon_core.plugin_system:Skipping extension 'colcon_notification.desktop_notification.win32': Not used on non-Windows systems
[635.581s] INFO:colcon.colcon_notification.desktop_notification:Sending desktop notification using 'notify2'
[635.706s] DEBUG:colcon.colcon_core.event_reactor:joined thread
[635.707s] INFO:colcon.colcon_core.shell:Creating prefix script '/home/a/uav/src/install/local_setup.ps1'
[635.723s] INFO:colcon.colcon_core.shell:Creating prefix util module '/home/a/uav/src/install/_local_setup_util_ps1.py'
[635.733s] INFO:colcon.colcon_core.shell:Creating prefix chain script '/home/a/uav/src/install/setup.ps1'
[635.761s] INFO:colcon.colcon_core.shell:Creating prefix script '/home/a/uav/src/install/local_setup.sh'
[635.776s] INFO:colcon.colcon_core.shell:Creating prefix util module '/home/a/uav/src/install/_local_setup_util_sh.py'
[635.777s] INFO:colcon.colcon_core.shell:Creating prefix chain script '/home/a/uav/src/install/setup.sh'
[635.783s] INFO:colcon.colcon_core.shell:Creating prefix script '/home/a/uav/src/install/local_setup.bash'
[635.796s] INFO:colcon.colcon_core.shell:Creating prefix chain script '/home/a/uav/src/install/setup.bash'
[635.822s] INFO:colcon.colcon_core.shell:Creating prefix script '/home/a/uav/src/install/local_setup.zsh'
[635.850s] INFO:colcon.colcon_core.shell:Creating prefix chain script '/home/a/uav/src/install/setup.zsh'
