[0.012s] Invoking command in '/home/a/uav/build/my_uav': /usr/bin/cmake --build /home/a/uav/build/my_uav -- -j2 -l2
[0.065s] [  9%] Built target uav_control_node
[0.072s] [ 18%] Built target image_sub
[0.095s] [ 27%] Built target internlm_m_node
[0.099s] [ 36%] Built target internvl
[0.109s] [35m[1mScanning dependencies of target internvl_p[0m
[0.129s] [ 45%] Built target internlm_m_listener
[0.141s] [ 50%] [32mBuilding CXX object CMakeFiles/internvl_p.dir/src/internvl_p.cpp.o[0m
[0.170s] [ 59%] Built target internvl_listener
[0.199s] [ 68%] Built target gps_sub
[0.224s] [ 77%] Built target ray_sub
[0.248s] [ 86%] Built target camera_listener
[0.270s] [ 95%] Built target ray_listener
[2.993s] [01m[K/home/a/uav/src/my_uav/src/internvl_p.cpp:136:2:[m[K [01;31m[Kerror: [m[K‘[01m[KstringStream[m[K’ does not name a type
[2.993s]   136 |  [01;31m[KstringStream[m[K << R"(Your output should be in the following format:)";
[2.993s]       |  [01;31m[K^~~~~~~~~~~~[m[K
[7.814s] make[2]: *** [CMakeFiles/internvl_p.dir/build.make:63：CMakeFiles/internvl_p.dir/src/internvl_p.cpp.o] 错误 1
[7.814s] make[1]: *** [CMakeFiles/Makefile2:287：CMakeFiles/internvl_p.dir/all] 错误 2
[7.814s] make: *** [Makefile:141：all] 错误 2
[7.816s] Invoked command in '/home/a/uav/build/my_uav' returned '2': /usr/bin/cmake --build /home/a/uav/build/my_uav -- -j2 -l2
