[01m[K/home/a/ros2_ws/src/px4_ros_com/src/examples/offboard/commander.cpp:[m[K In function ‘[01m[Kvoid send_vehicle_command(uint32_t, float, float, float, float, double, double, float)[m[K’:
[01m[K/home/a/ros2_ws/src/px4_ros_com/src/examples/offboard/commander.cpp:153:38:[m[K [01;31m[Kerror: [m[K‘[01m[KVehicleStatus[m[K’ is not a member of ‘[01m[Kpx4_msgs::msg[m[K’
  153 |  rclcpp::Subscription<px4_msgs::msg::[01;31m[KVehicleStatus[m[K>::SharedPtr subscription_;
      |                                      [01;31m[K^~~~~~~~~~~~~[m[K
[01m[K/home/a/ros2_ws/src/px4_ros_com/src/examples/offboard/commander.cpp:153:51:[m[K [01;31m[Kerror: [m[Ktemplate argument 1 is invalid
  153 |  rclcpp::Subscription<px4_msgs::msg::VehicleStatus[01;31m[K>[m[K::SharedPtr subscription_;
      |                                                   [01;31m[K^[m[K
[01m[K/home/a/ros2_ws/src/px4_ros_com/src/examples/offboard/commander.cpp:153:51:[m[K [01;31m[Kerror: [m[Ktemplate argument 3 is invalid
[01m[K/home/a/ros2_ws/src/px4_ros_com/src/examples/offboard/commander.cpp:153:64:[m[K [01;31m[Kerror: [m[Kexpected initializer before ‘[01m[Ksubscription_[m[K’
  153 |  rclcpp::Subscription<px4_msgs::msg::VehicleStatus>::SharedPtr [01;31m[Ksubscription_[m[K;
      |                                                                [01;31m[K^~~~~~~~~~~~~[m[K
[01m[K/home/a/ros2_ws/src/px4_ros_com/src/examples/offboard/commander.cpp:156:2:[m[K [01;31m[Kerror: [m[K‘[01m[Ksubscription_[m[K’ was not declared in this scope; did you mean ‘[01m[Krcl_subscription_t[m[K’?
  156 |  [01;31m[Ksubscription_[m[K = this->create_subscription<px4_msgs::msg::VehicleStatus>("/fmu/out/vehicle_status", qos,
      |  [01;31m[K^~~~~~~~~~~~~[m[K
      |  [32m[Krcl_subscription_t[m[K
[01m[K/home/a/ros2_ws/src/px4_ros_com/src/examples/offboard/commander.cpp:156:18:[m[K [01;31m[Kerror: [m[Kinvalid use of ‘[01m[Kthis[m[K’ in non-member function
  156 |  subscription_ = [01;31m[Kthis[m[K->create_subscription<px4_msgs::msg::VehicleStatus>("/fmu/out/vehicle_status", qos,
      |                  [01;31m[K^~~~[m[K
[01m[K/home/a/ros2_ws/src/px4_ros_com/src/examples/offboard/commander.cpp:156:59:[m[K [01;31m[Kerror: [m[K‘[01m[KVehicleStatus[m[K’ is not a member of ‘[01m[Kpx4_msgs::msg[m[K’
  156 |  subscription_ = this->create_subscription<px4_msgs::msg::[01;31m[KVehicleStatus[m[K>("/fmu/out/vehicle_status", qos,
      |                                                           [01;31m[K^~~~~~~~~~~~~[m[K
[01m[K/home/a/ros2_ws/src/px4_ros_com/src/examples/offboard/commander.cpp:156:74:[m[K [01;35m[Kwarning: [m[Kleft operand of comma operator has no effect [[01;35m[K-Wunused-value[m[K]
  156 | iption_ = this->create_subscription<px4_msgs::msg::VehicleStatus>([01;35m[K"/fmu/out/vehicle_status"[m[K, qos,
      |                                                                   [01;35m[K^~~~~~~~~~~~~~~~~~~~~~~~~[m[K

[01m[K/home/a/ros2_ws/src/px4_ros_com/src/examples/offboard/commander.cpp:157:3:[m[K [01;31m[Kerror: [m[Kinvalid use of ‘[01m[Kthis[m[K’ in non-member function
  157 |  [[01;31m[Kthis[m[K](const px4_msgs::msg::VehicleStatus::UniquePtr msg) {
      |   [01;31m[K^~~~[m[K
[01m[K/home/a/ros2_ws/src/px4_ros_com/src/examples/offboard/commander.cpp:157:30:[m[K [01;31m[Kerror: [m[K‘[01m[KVehicleStatus[m[K’ in namespace ‘[01m[Kpx4_msgs::msg[m[K’ does not name a type
  157 |  [this](const px4_msgs::msg::[01;31m[KVehicleStatus[m[K::UniquePtr msg) {
      |                              [01;31m[K^~~~~~~~~~~~~[m[K
[01m[K/home/a/ros2_ws/src/px4_ros_com/src/examples/offboard/commander.cpp:[m[K In lambda function:
[01m[K/home/a/ros2_ws/src/px4_ros_com/src/examples/offboard/commander.cpp:162:4:[m[K [01;31m[Kerror: [m[Kexpected ‘[01m[K{[m[K’ before ‘[01m[K;[m[K’ token
  162 |  })[01;31m[K;[m[K
      |    [01;31m[K^[m[K
[01m[K/home/a/ros2_ws/src/px4_ros_com/src/examples/offboard/commander.cpp:[m[K In function ‘[01m[Kvoid send_vehicle_command(uint32_t, float, float, float, float, double, double, float)[m[K’:
[01m[K/home/a/ros2_ws/src/px4_ros_com/src/examples/offboard/commander.cpp:162:4:[m[K [01;35m[Kwarning: [m[Kright operand of comma operator has no effect [[01;35m[K-Wunused-value[m[K]
[01m[K/home/a/ros2_ws/src/px4_ros_com/src/examples/offboard/commander.cpp:162:4:[m[K [01;31m[Kerror: [m[Kexpected ‘[01m[K)[m[K’ before ‘[01m[K;[m[K’ token
  162 |  })[01;31m[K;[m[K
      |    [01;31m[K^[m[K
      |    [32m[K)[m[K
[01m[K/home/a/ros2_ws/src/px4_ros_com/src/examples/offboard/commander.cpp:156:73:[m[K [01;36m[Knote: [m[Kto match this ‘[01m[K([m[K’
  156 | ription_ = this->create_subscription<px4_msgs::msg::VehicleStatus>[01;36m[K([m[K"/fmu/out/vehicle_status", qos,
      |                                                                   [01;36m[K^[m[K

[01m[K/home/a/ros2_ws/src/px4_ros_com/src/examples/offboard/commander.cpp:166:19:[m[K [01;31m[Kerror: [m[Kinvalid use of ‘[01m[Kthis[m[K’ in non-member function
  166 |  vcmd.timestamp = [01;31m[Kthis[m[K->get_clock()->now().nanoseconds() / 1000;
      |                   [01;31m[K^~~~[m[K
[01m[K/home/a/ros2_ws/src/px4_ros_com/src/examples/offboard/commander.cpp:167:2:[m[K [01;31m[Kerror: [m[K‘[01m[Kvehicle_command_publisher_[m[K’ was not declared in this scope
  167 |  [01;31m[Kvehicle_command_publisher_[m[K->publish(msg);
      |  [01;31m[K^~~~~~~~~~~~~~~~~~~~~~~~~~[m[K
[01m[K/home/a/ros2_ws/src/px4_ros_com/src/examples/offboard/commander.cpp:167:38:[m[K [01;31m[Kerror: [m[K‘[01m[Kmsg[m[K’ was not declared in this scope
  167 |  vehicle_command_publisher_->publish([01;31m[Kmsg[m[K);
      |                                      [01;31m[K^~~[m[K
[01m[K/home/a/ros2_ws/src/px4_ros_com/src/examples/offboard/commander.cpp:167:38:[m[K [01;36m[Knote: [m[Ksuggested alternatives:
In file included from [01m[K/opt/ros/galactic/include/builtin_interfaces/msg/duration.hpp:7[m[K,
                 from [01m[K/opt/ros/galactic/include/rclcpp/duration.hpp:20[m[K,
                 from [01m[K/opt/ros/galactic/include/rclcpp/qos.hpp:20[m[K,
                 from [01m[K/opt/ros/galactic/include/rclcpp/node_interfaces/node_graph_interface.hpp:31[m[K,
                 from [01m[K/opt/ros/galactic/include/rclcpp/client.hpp:34[m[K,
                 from [01m[K/opt/ros/galactic/include/rclcpp/callback_group.hpp:23[m[K,
                 from [01m[K/opt/ros/galactic/include/rclcpp/any_executable.hpp:20[m[K,
                 from [01m[K/opt/ros/galactic/include/rclcpp/memory_strategy.hpp:25[m[K,
                 from [01m[K/opt/ros/galactic/include/rclcpp/memory_strategies.hpp:18[m[K,
                 from [01m[K/opt/ros/galactic/include/rclcpp/executor_options.hpp:20[m[K,
                 from [01m[K/opt/ros/galactic/include/rclcpp/executor.hpp:36[m[K,
                 from [01m[K/opt/ros/galactic/include/rclcpp/executors/multi_threaded_executor.hpp:26[m[K,
                 from [01m[K/opt/ros/galactic/include/rclcpp/executors.hpp:21[m[K,
                 from [01m[K/opt/ros/galactic/include/rclcpp/rclcpp.hpp:156[m[K,
                 from [01m[K/home/a/ros2_ws/src/px4_ros_com/src/examples/offboard/commander.cpp:38[m[K:
[01m[K/opt/ros/galactic/include/builtin_interfaces/msg/detail/duration__struct.hpp:26:11:[m[K [01;36m[Knote: [m[K  ‘[01m[Kbuiltin_interfaces::msg[m[K’
   26 | namespace [01;36m[Kmsg[m[K
      |           [01;36m[K^~~[m[K
In file included from [01m[K/opt/ros/galactic/include/rcl_interfaces/msg/set_parameters_result.hpp:7[m[K,
                 from [01m[K/opt/ros/galactic/include/rclcpp/qos_overriding_options.hpp:28[m[K,
                 from [01m[K/opt/ros/galactic/include/rclcpp/subscription_options.hpp:29[m[K,
                 from [01m[K/opt/ros/galactic/include/rclcpp/subscription.hpp:45[m[K,
                 from [01m[K/opt/ros/galactic/include/rclcpp/any_executable.hpp:25[m[K,
                 from [01m[K/opt/ros/galactic/include/rclcpp/memory_strategy.hpp:25[m[K,
                 from [01m[K/opt/ros/galactic/include/rclcpp/memory_strategies.hpp:18[m[K,
                 from [01m[K/opt/ros/galactic/include/rclcpp/executor_options.hpp:20[m[K,
                 from [01m[K/opt/ros/galactic/include/rclcpp/executor.hpp:36[m[K,
                 from [01m[K/opt/ros/galactic/include/rclcpp/executors/multi_threaded_executor.hpp:26[m[K,
                 from [01m[K/opt/ros/galactic/include/rclcpp/executors.hpp:21[m[K,
                 from [01m[K/opt/ros/galactic/include/rclcpp/rclcpp.hpp:156[m[K,
                 from [01m[K/home/a/ros2_ws/src/px4_ros_com/src/examples/offboard/commander.cpp:38[m[K:
[01m[K/opt/ros/galactic/include/rcl_interfaces/msg/detail/set_parameters_result__struct.hpp:26:11:[m[K [01;36m[Knote: [m[K  ‘[01m[Krcl_interfaces::msg[m[K’
   26 | namespace [01;36m[Kmsg[m[K
      |           [01;36m[K^~~[m[K
In file included from [01m[K/opt/ros/galactic/include/statistics_msgs/msg/detail/metrics_message__struct.hpp:22[m[K,
                 from [01m[K/opt/ros/galactic/include/statistics_msgs/msg/metrics_message.hpp:7[m[K,
                 from [01m[K/opt/ros/galactic/include/libstatistics_collector/collector/generate_statistics_message.hpp:21[m[K,
                 from [01m[K/opt/ros/galactic/include/rclcpp/topic_statistics/subscription_topic_statistics.hpp:23[m[K,
                 from [01m[K/opt/ros/galactic/include/rclcpp/subscription.hpp:50[m[K,
                 from [01m[K/opt/ros/galactic/include/rclcpp/any_executable.hpp:25[m[K,
                 from [01m[K/opt/ros/galactic/include/rclcpp/memory_strategy.hpp:25[m[K,
                 from [01m[K/opt/ros/galactic/include/rclcpp/memory_strategies.hpp:18[m[K,
                 from [01m[K/opt/ros/galactic/include/rclcpp/executor_options.hpp:20[m[K,
                 from [01m[K/opt/ros/galactic/include/rclcpp/executor.hpp:36[m[K,
                 from [01m[K/opt/ros/galactic/include/rclcpp/executors/multi_threaded_executor.hpp:26[m[K,
                 from [01m[K/opt/ros/galactic/include/rclcpp/executors.hpp:21[m[K,
                 from [01m[K/opt/ros/galactic/include/rclcpp/rclcpp.hpp:156[m[K,
                 from [01m[K/home/a/ros2_ws/src/px4_ros_com/src/examples/offboard/commander.cpp:38[m[K:
[01m[K/opt/ros/galactic/include/statistics_msgs/msg/detail/statistic_data_point__struct.hpp:26:11:[m[K [01;36m[Knote: [m[K  ‘[01m[Kstatistics_msgs::msg[m[K’
   26 | namespace [01;36m[Kmsg[m[K
      |           [01;36m[K^~~[m[K
In file included from [01m[K/home/a/ros2_ws/install/px4_msgs/include/px4_msgs/msg/vehicle_command.hpp:7[m[K,
                 from [01m[K/home/a/ros2_ws/src/px4_ros_com/src/examples/offboard/commander.cpp:39[m[K:
[01m[K/home/a/ros2_ws/install/px4_msgs/include/px4_msgs/msg/detail/vehicle_command__struct.hpp:26:11:[m[K [01;36m[Knote: [m[K  ‘[01m[Kpx4_msgs::msg[m[K’
   26 | namespace [01;36m[Kmsg[m[K
      |           [01;36m[K^~~[m[K
make[2]: *** [CMakeFiles/commander.dir/build.make:63：CMakeFiles/commander.dir/src/examples/offboard/commander.cpp.o] 错误 1
make[1]: *** [CMakeFiles/Makefile2:397：CMakeFiles/commander.dir/all] 错误 2
make: *** [Makefile:141：all] 错误 2
