[0.020s] Invoking command in '/home/a/ros2_ws/build/px4_ros_com': CMAKE_PREFIX_PATH=/home/a/ros2_ws/install/px4_msgs:/home/a/ros2_ws/install/px4_ros_com:/home/a/ros2_ws/install/my_uav:/opt/ros/galactic LD_LIBRARY_PATH=/home/a/ros2_ws/install/px4_msgs/lib:/home/a/ros2_ws/install/px4_ros_com/lib:/usr/lib/x86_64-linux-gnu/gazebo-11/plugins:/opt/ros/galactic/opt/yaml_cpp_vendor/lib:/opt/ros/galactic/opt/rviz_ogre_vendor/lib:/opt/ros/galactic/lib/x86_64-linux-gnu:/opt/ros/galactic/lib:/home/a/PX4-Autopilot/build/px4_sitl_default/build_gazebo-classic /usr/bin/cmake --build /home/a/ros2_ws/build/px4_ros_com -- -j2 -l2
[0.080s] [ 16%] Built target my_uav_node
[0.080s] [ 16%] Built target frame_transforms
[0.113s] [ 25%] Built target offboard_control
[0.115s] [ 33%] Built target arm
[0.146s] [ 41%] Built target sensor_combined_listener
[0.151s] [ 50%] Built target vehicle_gps_position_listener
[0.175s] [ 58%] Built target debug_vect_advertiser
[0.181s] [ 66%] Built target trajectory_setpoint
[0.206s] [ 75%] Built target vel_yaw
[0.215s] [ 83%] Built target vehicle_attitude_listener
[0.233s] [35m[1mScanning dependencies of target offboard_control_mode[0m
[0.241s] [ 91%] Built target offboard_position_control
[0.261s] [ 95%] [32mBuilding CXX object CMakeFiles/offboard_control_mode.dir/src/examples/offboard/offboard_control_mode.cpp.o[0m
[8.466s] [100%] [32m[1mLinking CXX executable offboard_control_mode[0m
[8.667s] [100%] Built target offboard_control_mode
[8.681s] Invoked command in '/home/a/ros2_ws/build/px4_ros_com' returned '0': CMAKE_PREFIX_PATH=/home/a/ros2_ws/install/px4_msgs:/home/a/ros2_ws/install/px4_ros_com:/home/a/ros2_ws/install/my_uav:/opt/ros/galactic LD_LIBRARY_PATH=/home/a/ros2_ws/install/px4_msgs/lib:/home/a/ros2_ws/install/px4_ros_com/lib:/usr/lib/x86_64-linux-gnu/gazebo-11/plugins:/opt/ros/galactic/opt/yaml_cpp_vendor/lib:/opt/ros/galactic/opt/rviz_ogre_vendor/lib:/opt/ros/galactic/lib/x86_64-linux-gnu:/opt/ros/galactic/lib:/home/a/PX4-Autopilot/build/px4_sitl_default/build_gazebo-classic /usr/bin/cmake --build /home/a/ros2_ws/build/px4_ros_com -- -j2 -l2
[8.693s] Invoking command in '/home/a/ros2_ws/build/px4_ros_com': CMAKE_PREFIX_PATH=/home/a/ros2_ws/install/px4_msgs:/home/a/ros2_ws/install/px4_ros_com:/home/a/ros2_ws/install/my_uav:/opt/ros/galactic LD_LIBRARY_PATH=/home/a/ros2_ws/install/px4_msgs/lib:/home/a/ros2_ws/install/px4_ros_com/lib:/usr/lib/x86_64-linux-gnu/gazebo-11/plugins:/opt/ros/galactic/opt/yaml_cpp_vendor/lib:/opt/ros/galactic/opt/rviz_ogre_vendor/lib:/opt/ros/galactic/lib/x86_64-linux-gnu:/opt/ros/galactic/lib:/home/a/PX4-Autopilot/build/px4_sitl_default/build_gazebo-classic /usr/bin/cmake --install /home/a/ros2_ws/build/px4_ros_com
[8.702s] -- Install configuration: "RELWITHDEBINFO"
[8.702s] -- Execute custom install script
[8.703s] -- Up-to-date symlink: /home/a/ros2_ws/install/px4_ros_com/lib/px4_ros_com/sensor_combined_listener
[8.703s] -- Up-to-date symlink: /home/a/ros2_ws/install/px4_ros_com/lib/px4_ros_com/vehicle_gps_position_listener
[8.703s] -- Up-to-date symlink: /home/a/ros2_ws/install/px4_ros_com/lib/px4_ros_com/vehicle_attitude_listener
[8.704s] -- Up-to-date symlink: /home/a/ros2_ws/install/px4_ros_com/lib/px4_ros_com/debug_vect_advertiser
[8.704s] -- Up-to-date symlink: /home/a/ros2_ws/install/px4_ros_com/lib/px4_ros_com/offboard_control
[8.706s] -- Up-to-date symlink: /home/a/ros2_ws/install/px4_ros_com/lib/px4_ros_com/trajectory_setpoint
[8.706s] -- Up-to-date symlink: /home/a/ros2_ws/install/px4_ros_com/lib/px4_ros_com/vel_yaw
[8.706s] -- Up-to-date symlink: /home/a/ros2_ws/install/px4_ros_com/lib/px4_ros_com/offboard_position_control
[8.706s] -- Up-to-date symlink: /home/a/ros2_ws/install/px4_ros_com/lib/px4_ros_com/arm
[8.706s] -- Up-to-date symlink: /home/a/ros2_ws/install/px4_ros_com/lib/px4_ros_com/offboard_control_mode
[8.706s] -- Up-to-date symlink: /home/a/ros2_ws/install/px4_ros_com/lib/px4_ros_com/my_uav_node
[8.706s] -- Up-to-date symlink: /home/a/ros2_ws/install/px4_ros_com/share/px4_ros_com/environment/library_path.sh
[8.707s] -- Up-to-date symlink: /home/a/ros2_ws/install/px4_ros_com/share/px4_ros_com/environment/library_path.dsv
[8.708s] -- Up-to-date symlink: /home/a/ros2_ws/install/px4_ros_com/include/px4_ros_com/frame_transforms.h
[8.708s] -- Up-to-date symlink: /home/a/ros2_ws/install/px4_ros_com/share/px4_ros_com//launch/offboard_control_launch.yaml
[8.708s] -- Up-to-date symlink: /home/a/ros2_ws/install/px4_ros_com/share/px4_ros_com//launch/sensor_combined_listener.launch.py
[8.708s] -- Up-to-date symlink: /home/a/ros2_ws/install/px4_ros_com/share/px4_ros_com//launch/vehicle_attitude_listener.launch.py
[8.708s] -- Up-to-date symlink: /home/a/ros2_ws/install/px4_ros_com/share/px4_ros_com//test/__init__.py
[8.708s] -- Up-to-date symlink: /home/a/ros2_ws/install/px4_ros_com/share/px4_ros_com//test/pipeline_io_test.py
[8.708s] -- Up-to-date symlink: /home/a/ros2_ws/install/px4_ros_com/share/px4_ros_com//test/test_input.py
[8.709s] -- Up-to-date symlink: /home/a/ros2_ws/install/px4_ros_com/share/px4_ros_com//test/test_output.py
[8.709s] -- Up-to-date symlink: /home/a/ros2_ws/install/px4_ros_com/share/ament_index/resource_index/package_run_dependencies/px4_ros_com
[8.709s] -- Up-to-date symlink: /home/a/ros2_ws/install/px4_ros_com/share/ament_index/resource_index/parent_prefix_path/px4_ros_com
[8.709s] -- Up-to-date symlink: /home/a/ros2_ws/install/px4_ros_com/share/px4_ros_com/environment/ament_prefix_path.sh
[8.710s] -- Up-to-date symlink: /home/a/ros2_ws/install/px4_ros_com/share/px4_ros_com/environment/ament_prefix_path.dsv
[8.710s] -- Up-to-date symlink: /home/a/ros2_ws/install/px4_ros_com/share/px4_ros_com/environment/path.sh
[8.710s] -- Up-to-date symlink: /home/a/ros2_ws/install/px4_ros_com/share/px4_ros_com/environment/path.dsv
[8.711s] -- Up-to-date symlink: /home/a/ros2_ws/install/px4_ros_com/share/px4_ros_com/local_setup.bash
[8.711s] -- Up-to-date symlink: /home/a/ros2_ws/install/px4_ros_com/share/px4_ros_com/local_setup.sh
[8.711s] -- Up-to-date symlink: /home/a/ros2_ws/install/px4_ros_com/share/px4_ros_com/local_setup.zsh
[8.712s] -- Up-to-date symlink: /home/a/ros2_ws/install/px4_ros_com/share/px4_ros_com/local_setup.dsv
[8.712s] -- Symlinking: /home/a/ros2_ws/install/px4_ros_com/share/px4_ros_com/package.dsv
[8.723s] -- Up-to-date symlink: /home/a/ros2_ws/install/px4_ros_com/share/ament_index/resource_index/packages/px4_ros_com
[8.723s] -- Up-to-date symlink: /home/a/ros2_ws/install/px4_ros_com/share/px4_ros_com/cmake/ament_cmake_export_dependencies-extras.cmake
[8.723s] -- Up-to-date symlink: /home/a/ros2_ws/install/px4_ros_com/share/px4_ros_com/cmake/ament_cmake_export_targets-extras.cmake
[8.723s] -- Up-to-date symlink: /home/a/ros2_ws/install/px4_ros_com/share/px4_ros_com/cmake/ament_cmake_export_include_directories-extras.cmake
[8.723s] -- Up-to-date symlink: /home/a/ros2_ws/install/px4_ros_com/share/px4_ros_com/cmake/ament_cmake_export_libraries-extras.cmake
[8.724s] -- Up-to-date symlink: /home/a/ros2_ws/install/px4_ros_com/share/px4_ros_com/cmake/px4_ros_comConfig.cmake
[8.724s] -- Up-to-date symlink: /home/a/ros2_ws/install/px4_ros_com/share/px4_ros_com/cmake/px4_ros_comConfig-version.cmake
[8.724s] -- Up-to-date symlink: /home/a/ros2_ws/install/px4_ros_com/share/px4_ros_com/package.xml
[8.724s] -- Up-to-date: /home/a/ros2_ws/install/px4_ros_com/lib/libframe_transforms.so
[8.724s] -- Up-to-date: /home/a/ros2_ws/install/px4_ros_com/share/px4_ros_com/cmake/export_frame_transformsExport.cmake
[8.725s] -- Up-to-date: /home/a/ros2_ws/install/px4_ros_com/share/px4_ros_com/cmake/export_frame_transformsExport-relwithdebinfo.cmake
[8.729s] Invoked command in '/home/a/ros2_ws/build/px4_ros_com' returned '0': CMAKE_PREFIX_PATH=/home/a/ros2_ws/install/px4_msgs:/home/a/ros2_ws/install/px4_ros_com:/home/a/ros2_ws/install/my_uav:/opt/ros/galactic LD_LIBRARY_PATH=/home/a/ros2_ws/install/px4_msgs/lib:/home/a/ros2_ws/install/px4_ros_com/lib:/usr/lib/x86_64-linux-gnu/gazebo-11/plugins:/opt/ros/galactic/opt/yaml_cpp_vendor/lib:/opt/ros/galactic/opt/rviz_ogre_vendor/lib:/opt/ros/galactic/lib/x86_64-linux-gnu:/opt/ros/galactic/lib:/home/a/PX4-Autopilot/build/px4_sitl_default/build_gazebo-classic /usr/bin/cmake --install /home/a/ros2_ws/build/px4_ros_com
