[0.089s] Invoking command in '/home/a/ros2_ws/build/px4_ros_com': CMAKE_PREFIX_PATH=/home/a/ros2_ws/install/px4_msgs:/home/a/ros2_ws/install/px4_ros_com:/home/a/ros2_ws/install/my_uav:/opt/ros/galactic LD_LIBRARY_PATH=/home/a/ros2_ws/install/px4_msgs/lib:/home/a/ros2_ws/install/px4_ros_com/lib:/usr/lib/x86_64-linux-gnu/gazebo-11/plugins:/opt/ros/galactic/opt/yaml_cpp_vendor/lib:/opt/ros/galactic/opt/rviz_ogre_vendor/lib:/opt/ros/galactic/lib/x86_64-linux-gnu:/opt/ros/galactic/lib:/home/a/PX4-Autopilot/build/px4_sitl_default/build_gazebo-classic /usr/bin/cmake --build /home/a/ros2_ws/build/px4_ros_com -- -j2 -l2
[0.392s] [  6%] Built target my_uav_node
[0.530s] [ 13%] Built target offboard_control_mode
[0.644s] [ 20%] Built target commander
[0.748s] [ 26%] Built target arm
[0.831s] [ 33%] Built target frame_transforms
[0.926s] [ 40%] Built target offboard_control
[1.047s] [ 46%] Built target sensor_combined_listener
[1.165s] [ 53%] Built target vehicle_gps_position_listener
[1.240s] [ 60%] Built target debug_vect_advertiser
[1.302s] [ 66%] Built target trajectory_setpoint
[1.365s] [ 73%] Built target vel_yaw
[1.468s] [ 80%] Built target vehicle_attitude_listener
[1.548s] [ 86%] Built target vehicle_status
[1.611s] [ 93%] Built target rates_setpoint
[1.682s] [100%] Built target offboard_position_control
[1.719s] Invoked command in '/home/a/ros2_ws/build/px4_ros_com' returned '0': CMAKE_PREFIX_PATH=/home/a/ros2_ws/install/px4_msgs:/home/a/ros2_ws/install/px4_ros_com:/home/a/ros2_ws/install/my_uav:/opt/ros/galactic LD_LIBRARY_PATH=/home/a/ros2_ws/install/px4_msgs/lib:/home/a/ros2_ws/install/px4_ros_com/lib:/usr/lib/x86_64-linux-gnu/gazebo-11/plugins:/opt/ros/galactic/opt/yaml_cpp_vendor/lib:/opt/ros/galactic/opt/rviz_ogre_vendor/lib:/opt/ros/galactic/lib/x86_64-linux-gnu:/opt/ros/galactic/lib:/home/a/PX4-Autopilot/build/px4_sitl_default/build_gazebo-classic /usr/bin/cmake --build /home/a/ros2_ws/build/px4_ros_com -- -j2 -l2
[1.759s] Invoking command in '/home/a/ros2_ws/build/px4_ros_com': CMAKE_PREFIX_PATH=/home/a/ros2_ws/install/px4_msgs:/home/a/ros2_ws/install/px4_ros_com:/home/a/ros2_ws/install/my_uav:/opt/ros/galactic LD_LIBRARY_PATH=/home/a/ros2_ws/install/px4_msgs/lib:/home/a/ros2_ws/install/px4_ros_com/lib:/usr/lib/x86_64-linux-gnu/gazebo-11/plugins:/opt/ros/galactic/opt/yaml_cpp_vendor/lib:/opt/ros/galactic/opt/rviz_ogre_vendor/lib:/opt/ros/galactic/lib/x86_64-linux-gnu:/opt/ros/galactic/lib:/home/a/PX4-Autopilot/build/px4_sitl_default/build_gazebo-classic /usr/bin/cmake --install /home/a/ros2_ws/build/px4_ros_com
[1.780s] -- Install configuration: "RELWITHDEBINFO"
[1.783s] -- Execute custom install script
[1.784s] -- Up-to-date symlink: /home/a/ros2_ws/install/px4_ros_com/lib/px4_ros_com/sensor_combined_listener
[1.785s] -- Up-to-date symlink: /home/a/ros2_ws/install/px4_ros_com/lib/px4_ros_com/vehicle_gps_position_listener
[1.787s] -- Up-to-date symlink: /home/a/ros2_ws/install/px4_ros_com/lib/px4_ros_com/vehicle_attitude_listener
[1.788s] -- Up-to-date symlink: /home/a/ros2_ws/install/px4_ros_com/lib/px4_ros_com/vehicle_status
[1.788s] -- Up-to-date symlink: /home/a/ros2_ws/install/px4_ros_com/lib/px4_ros_com/debug_vect_advertiser
[1.792s] -- Up-to-date symlink: /home/a/ros2_ws/install/px4_ros_com/lib/px4_ros_com/offboard_control
[1.795s] -- Up-to-date symlink: /home/a/ros2_ws/install/px4_ros_com/lib/px4_ros_com/trajectory_setpoint
[1.796s] -- Up-to-date symlink: /home/a/ros2_ws/install/px4_ros_com/lib/px4_ros_com/vel_yaw
[1.796s] -- Up-to-date symlink: /home/a/ros2_ws/install/px4_ros_com/lib/px4_ros_com/rates_setpoint
[1.797s] -- Up-to-date symlink: /home/a/ros2_ws/install/px4_ros_com/lib/px4_ros_com/offboard_position_control
[1.798s] -- Up-to-date symlink: /home/a/ros2_ws/install/px4_ros_com/lib/px4_ros_com/arm
[1.799s] -- Up-to-date symlink: /home/a/ros2_ws/install/px4_ros_com/lib/px4_ros_com/commander
[1.800s] -- Up-to-date symlink: /home/a/ros2_ws/install/px4_ros_com/lib/px4_ros_com/offboard_control_mode
[1.805s] -- Up-to-date symlink: /home/a/ros2_ws/install/px4_ros_com/lib/px4_ros_com/my_uav_node
[1.807s] -- Up-to-date symlink: /home/a/ros2_ws/install/px4_ros_com/share/px4_ros_com/environment/library_path.sh
[1.808s] -- Up-to-date symlink: /home/a/ros2_ws/install/px4_ros_com/share/px4_ros_com/environment/library_path.dsv
[1.809s] -- Up-to-date symlink: /home/a/ros2_ws/install/px4_ros_com/include/px4_ros_com/frame_transforms.h
[1.810s] -- Up-to-date symlink: /home/a/ros2_ws/install/px4_ros_com/share/px4_ros_com//launch/offboard_control_launch.yaml
[1.810s] -- Up-to-date symlink: /home/a/ros2_ws/install/px4_ros_com/share/px4_ros_com//launch/sensor_combined_listener.launch.py
[1.811s] -- Up-to-date symlink: /home/a/ros2_ws/install/px4_ros_com/share/px4_ros_com//launch/vehicle_attitude_listener.launch.py
[1.811s] -- Up-to-date symlink: /home/a/ros2_ws/install/px4_ros_com/share/px4_ros_com//test/__init__.py
[1.812s] -- Up-to-date symlink: /home/a/ros2_ws/install/px4_ros_com/share/px4_ros_com//test/pipeline_io_test.py
[1.812s] -- Up-to-date symlink: /home/a/ros2_ws/install/px4_ros_com/share/px4_ros_com//test/test_input.py
[1.813s] -- Up-to-date symlink: /home/a/ros2_ws/install/px4_ros_com/share/px4_ros_com//test/test_output.py
[1.813s] -- Up-to-date symlink: /home/a/ros2_ws/install/px4_ros_com/share/ament_index/resource_index/package_run_dependencies/px4_ros_com
[1.816s] -- Up-to-date symlink: /home/a/ros2_ws/install/px4_ros_com/share/ament_index/resource_index/parent_prefix_path/px4_ros_com
[1.818s] -- Up-to-date symlink: /home/a/ros2_ws/install/px4_ros_com/share/px4_ros_com/environment/ament_prefix_path.sh
[1.819s] -- Up-to-date symlink: /home/a/ros2_ws/install/px4_ros_com/share/px4_ros_com/environment/ament_prefix_path.dsv
[1.819s] -- Up-to-date symlink: /home/a/ros2_ws/install/px4_ros_com/share/px4_ros_com/environment/path.sh
[1.820s] -- Up-to-date symlink: /home/a/ros2_ws/install/px4_ros_com/share/px4_ros_com/environment/path.dsv
[1.821s] -- Up-to-date symlink: /home/a/ros2_ws/install/px4_ros_com/share/px4_ros_com/local_setup.bash
[1.822s] -- Up-to-date symlink: /home/a/ros2_ws/install/px4_ros_com/share/px4_ros_com/local_setup.sh
[1.822s] -- Up-to-date symlink: /home/a/ros2_ws/install/px4_ros_com/share/px4_ros_com/local_setup.zsh
[1.826s] -- Up-to-date symlink: /home/a/ros2_ws/install/px4_ros_com/share/px4_ros_com/local_setup.dsv
[1.827s] -- Symlinking: /home/a/ros2_ws/install/px4_ros_com/share/px4_ros_com/package.dsv
[1.858s] -- Up-to-date symlink: /home/a/ros2_ws/install/px4_ros_com/share/ament_index/resource_index/packages/px4_ros_com
[1.858s] -- Up-to-date symlink: /home/a/ros2_ws/install/px4_ros_com/share/px4_ros_com/cmake/ament_cmake_export_dependencies-extras.cmake
[1.858s] -- Up-to-date symlink: /home/a/ros2_ws/install/px4_ros_com/share/px4_ros_com/cmake/ament_cmake_export_targets-extras.cmake
[1.858s] -- Up-to-date symlink: /home/a/ros2_ws/install/px4_ros_com/share/px4_ros_com/cmake/ament_cmake_export_include_directories-extras.cmake
[1.858s] -- Up-to-date symlink: /home/a/ros2_ws/install/px4_ros_com/share/px4_ros_com/cmake/ament_cmake_export_libraries-extras.cmake
[1.859s] -- Up-to-date symlink: /home/a/ros2_ws/install/px4_ros_com/share/px4_ros_com/cmake/px4_ros_comConfig.cmake
[1.860s] -- Up-to-date symlink: /home/a/ros2_ws/install/px4_ros_com/share/px4_ros_com/cmake/px4_ros_comConfig-version.cmake
[1.861s] -- Up-to-date symlink: /home/a/ros2_ws/install/px4_ros_com/share/px4_ros_com/package.xml
[1.862s] -- Up-to-date: /home/a/ros2_ws/install/px4_ros_com/lib/libframe_transforms.so
[1.864s] -- Up-to-date: /home/a/ros2_ws/install/px4_ros_com/share/px4_ros_com/cmake/export_frame_transformsExport.cmake
[1.864s] -- Up-to-date: /home/a/ros2_ws/install/px4_ros_com/share/px4_ros_com/cmake/export_frame_transformsExport-relwithdebinfo.cmake
[1.871s] Invoked command in '/home/a/ros2_ws/build/px4_ros_com' returned '0': CMAKE_PREFIX_PATH=/home/a/ros2_ws/install/px4_msgs:/home/a/ros2_ws/install/px4_ros_com:/home/a/ros2_ws/install/my_uav:/opt/ros/galactic LD_LIBRARY_PATH=/home/a/ros2_ws/install/px4_msgs/lib:/home/a/ros2_ws/install/px4_ros_com/lib:/usr/lib/x86_64-linux-gnu/gazebo-11/plugins:/opt/ros/galactic/opt/yaml_cpp_vendor/lib:/opt/ros/galactic/opt/rviz_ogre_vendor/lib:/opt/ros/galactic/lib/x86_64-linux-gnu:/opt/ros/galactic/lib:/home/a/PX4-Autopilot/build/px4_sitl_default/build_gazebo-classic /usr/bin/cmake --install /home/a/ros2_ws/build/px4_ros_com
