[0.019s] Invoking command in '/home/a/uav/build/my_uav': CMAKE_PREFIX_PATH=${CMAKE_PREFIX_PATH}:/opt/ros/galactic /usr/bin/cmake --build /home/a/uav/build/my_uav -- -j2 -l2
[0.095s] [ 16%] Built target uav_control_node
[0.099s] [ 33%] Built target internlm_m_node
[0.119s] [35m[1mScanning dependencies of target internlm_m_listener[0m
[0.134s] [ 50%] Built target internvl
[0.160s] [ 58%] [32mBuilding CXX object CMakeFiles/internlm_m_listener.dir/src/internlm_m_listener.cpp.o[0m
[0.167s] [ 75%] Built target camera_listener
[0.205s] [ 91%] Built target ray_listener
[8.902s] [100%] [32m[1mLinking CXX executable internlm_m_listener[0m
[9.734s] [100%] Built target internlm_m_listener
[9.746s] Invoked command in '/home/a/uav/build/my_uav' returned '0': CMAKE_PREFIX_PATH=${CMAKE_PREFIX_PATH}:/opt/ros/galactic /usr/bin/cmake --build /home/a/uav/build/my_uav -- -j2 -l2
[9.761s] Invoking command in '/home/a/uav/build/my_uav': CMAKE_PREFIX_PATH=${CMAKE_PREFIX_PATH}:/opt/ros/galactic /usr/bin/cmake --install /home/a/uav/build/my_uav
[9.770s] -- Install configuration: ""
[9.771s] -- Up-to-date: /home/a/uav/install/my_uav/share/my_uav/launch
[9.771s] -- Up-to-date: /home/a/uav/install/my_uav/share/my_uav/launch/sitl.launch
[9.771s] -- Up-to-date: /home/a/uav/install/my_uav/share/my_uav/launch/p450.py
[9.771s] -- Up-to-date: /home/a/uav/install/my_uav/share/my_uav/launch/gz_launch.py
[9.771s] -- Installing: /home/a/uav/install/my_uav/share/my_uav/launch/cam_sub.launch.py
[9.771s] -- Up-to-date: /home/a/uav/install/my_uav/share/my_uav/models
[9.771s] -- Up-to-date: /home/a/uav/install/my_uav/share/my_uav/models/p450_2Dlidar_depth
[9.771s] -- Up-to-date: /home/a/uav/install/my_uav/share/my_uav/models/p450_2Dlidar_depth/model.config
[9.771s] -- Up-to-date: /home/a/uav/install/my_uav/share/my_uav/models/p450_2Dlidar_depth/p450_2Dlidar_depth.sdf
[9.771s] -- Up-to-date: /home/a/uav/install/my_uav/share/my_uav/models/p450
[9.771s] -- Up-to-date: /home/a/uav/install/my_uav/share/my_uav/models/p450/model.config
[9.772s] -- Up-to-date: /home/a/uav/install/my_uav/share/my_uav/models/p450/meshes
[9.772s] -- Up-to-date: /home/a/uav/install/my_uav/share/my_uav/models/p450/meshes/p450_ccw.stl
[9.772s] -- Up-to-date: /home/a/uav/install/my_uav/share/my_uav/models/p450/meshes/p450.stl
[9.772s] -- Up-to-date: /home/a/uav/install/my_uav/share/my_uav/models/p450/meshes/p450_cw.stl
[9.772s] -- Up-to-date: /home/a/uav/install/my_uav/share/my_uav/models/p450/p450.sdf
[9.772s] -- Up-to-date: /home/a/uav/install/my_uav/share/my_uav/models/hokuyo_ust_20lx
[9.772s] -- Up-to-date: /home/a/uav/install/my_uav/share/my_uav/models/hokuyo_ust_20lx/hokuyo_ust_20lx.sdf
[9.772s] -- Up-to-date: /home/a/uav/install/my_uav/share/my_uav/models/hokuyo_ust_20lx/model.config
[9.772s] -- Up-to-date: /home/a/uav/install/my_uav/share/my_uav/models/p450_hokuyo_2Dlidar
[9.772s] -- Up-to-date: /home/a/uav/install/my_uav/share/my_uav/models/p450_hokuyo_2Dlidar/p450_hokuyo_2Dlidar.sdf
[9.772s] -- Up-to-date: /home/a/uav/install/my_uav/share/my_uav/models/p450_hokuyo_2Dlidar/model.config
[9.773s] -- Up-to-date: /home/a/uav/install/my_uav/share/my_uav/models/depth
[9.773s] -- Up-to-date: /home/a/uav/install/my_uav/share/my_uav/models/depth/model.config
[9.773s] -- Up-to-date: /home/a/uav/install/my_uav/share/my_uav/models/depth/depth.sdf
[9.773s] -- Up-to-date: /home/a/uav/install/my_uav/share/my_uav/models/D435i
[9.773s] -- Up-to-date: /home/a/uav/install/my_uav/share/my_uav/models/D435i/materials
[9.773s] -- Up-to-date: /home/a/uav/install/my_uav/share/my_uav/models/D435i/materials/textures
[9.773s] -- Up-to-date: /home/a/uav/install/my_uav/share/my_uav/models/D435i/materials/textures/realsense_diffuse.png
[9.774s] -- Up-to-date: /home/a/uav/install/my_uav/share/my_uav/models/D435i/model.config
[9.774s] -- Up-to-date: /home/a/uav/install/my_uav/share/my_uav/models/D435i/D435i.sdf
[9.774s] -- Up-to-date: /home/a/uav/install/my_uav/share/my_uav/models/D435i/meshes
[9.774s] -- Up-to-date: /home/a/uav/install/my_uav/share/my_uav/models/D435i/meshes/realsense_d435.stl
[9.774s] -- Up-to-date: /home/a/uav/install/my_uav/share/my_uav/models/D435i/meshes/D435i.dae
[9.774s] -- Up-to-date: /home/a/uav/install/my_uav/share/my_uav/models/p450_depth
[9.774s] -- Up-to-date: /home/a/uav/install/my_uav/share/my_uav/models/p450_depth/model.config
[9.774s] -- Up-to-date: /home/a/uav/install/my_uav/share/my_uav/models/p450_depth/p450_depth.sdf
[9.774s] -- Up-to-date: /home/a/uav/install/my_uav/share/my_uav/worlds
[9.775s] -- Up-to-date: /home/a/uav/install/my_uav/share/my_uav/worlds/leida.world
[9.775s] -- Up-to-date: /home/a/uav/install/my_uav/share/my_uav/worlds/my.world
[9.775s] -- Up-to-date: /home/a/uav/install/my_uav/share/my_uav/worlds/baylands.world
[9.775s] -- Up-to-date: /home/a/uav/install/my_uav/share/my_uav/worlds/safe_landing.world
[9.775s] -- Up-to-date: /home/a/uav/install/my_uav/share/my_uav/worlds/yosemite.world
[9.775s] -- Up-to-date: /home/a/uav/install/my_uav/share/my_uav/worlds/mcmillan_airfield.world
[9.775s] -- Up-to-date: /home/a/uav/install/my_uav/share/my_uav/worlds/cam.world
[9.775s] -- Up-to-date: /home/a/uav/install/my_uav/share/my_uav/worlds/sonoma_raceway.world
[9.775s] -- Up-to-date: /home/a/uav/install/my_uav/share/my_uav/worlds/empty_world.world
[9.775s] -- Up-to-date: /home/a/uav/install/my_uav/lib/my_uav/my_python_node.py
[9.776s] -- Up-to-date: /home/a/uav/install/my_uav/lib/my_uav/uav_control_node
[9.776s] -- Up-to-date: /home/a/uav/install/my_uav/lib/my_uav/internlm_m_node
[9.776s] -- Up-to-date: /home/a/uav/install/my_uav/lib/my_uav/internvl
[9.777s] -- Installing: /home/a/uav/install/my_uav/lib/my_uav/internlm_m_listener
[9.781s] -- Set runtime path of "/home/a/uav/install/my_uav/lib/my_uav/internlm_m_listener" to ""
[9.781s] -- Up-to-date: /home/a/uav/install/my_uav/lib/my_uav/camera_listener
[9.781s] -- Up-to-date: /home/a/uav/install/my_uav/lib/my_uav/ray_listener
[9.781s] -- Up-to-date: /home/a/uav/install/my_uav/share/ament_index/resource_index/package_run_dependencies/my_uav
[9.782s] -- Up-to-date: /home/a/uav/install/my_uav/share/ament_index/resource_index/parent_prefix_path/my_uav
[9.782s] -- Up-to-date: /home/a/uav/install/my_uav/share/my_uav/environment/ament_prefix_path.sh
[9.782s] -- Up-to-date: /home/a/uav/install/my_uav/share/my_uav/environment/ament_prefix_path.dsv
[9.782s] -- Up-to-date: /home/a/uav/install/my_uav/share/my_uav/environment/path.sh
[9.782s] -- Up-to-date: /home/a/uav/install/my_uav/share/my_uav/environment/path.dsv
[9.782s] -- Up-to-date: /home/a/uav/install/my_uav/share/my_uav/local_setup.bash
[9.782s] -- Up-to-date: /home/a/uav/install/my_uav/share/my_uav/local_setup.sh
[9.782s] -- Up-to-date: /home/a/uav/install/my_uav/share/my_uav/local_setup.zsh
[9.782s] -- Up-to-date: /home/a/uav/install/my_uav/share/my_uav/local_setup.dsv
[9.783s] -- Installing: /home/a/uav/install/my_uav/share/my_uav/package.dsv
[9.783s] -- Up-to-date: /home/a/uav/install/my_uav/share/ament_index/resource_index/packages/my_uav
[9.783s] -- Up-to-date: /home/a/uav/install/my_uav/share/my_uav/cmake/my_uavConfig.cmake
[9.783s] -- Up-to-date: /home/a/uav/install/my_uav/share/my_uav/cmake/my_uavConfig-version.cmake
[9.783s] -- Up-to-date: /home/a/uav/install/my_uav/share/my_uav/package.xml
[9.786s] Invoked command in '/home/a/uav/build/my_uav' returned '0': CMAKE_PREFIX_PATH=${CMAKE_PREFIX_PATH}:/opt/ros/galactic /usr/bin/cmake --install /home/a/uav/build/my_uav
