[0.026s] Invoking command in '/home/a/uav/build/my_uav': CMAKE_PREFIX_PATH=${CMAKE_PREFIX_PATH}:/opt/ros/galactic /usr/bin/cmake --build /home/a/uav/build/my_uav -- -j2 -l2
[0.228s] [100%] Built target uav_control_node
[0.243s] Invoked command in '/home/a/uav/build/my_uav' returned '0': CMAKE_PREFIX_PATH=${CMAKE_PREFIX_PATH}:/opt/ros/galactic /usr/bin/cmake --build /home/a/uav/build/my_uav -- -j2 -l2
[0.261s] Invoking command in '/home/a/uav/build/my_uav': CMAKE_PREFIX_PATH=${CMAKE_PREFIX_PATH}:/opt/ros/galactic /usr/bin/cmake --install /home/a/uav/build/my_uav
[0.276s] -- Install configuration: ""
[0.277s] -- Up-to-date: /home/a/uav/install/my_uav/share/my_uav/launch
[0.277s] -- Up-to-date: /home/a/uav/install/my_uav/share/my_uav/launch/gz_launch.py
[0.277s] -- Up-to-date: /home/a/uav/install/my_uav/share/my_uav/models
[0.277s] -- Up-to-date: /home/a/uav/install/my_uav/share/my_uav/models/p450
[0.277s] -- Up-to-date: /home/a/uav/install/my_uav/share/my_uav/models/p450/p450.sdf.jinja
[0.277s] -- Up-to-date: /home/a/uav/install/my_uav/share/my_uav/models/p450/model.config
[0.277s] -- Up-to-date: /home/a/uav/install/my_uav/share/my_uav/models/p450/meshes
[0.277s] -- Up-to-date: /home/a/uav/install/my_uav/share/my_uav/models/p450/meshes/p450_ccw.stl
[0.277s] -- Up-to-date: /home/a/uav/install/my_uav/share/my_uav/models/p450/meshes/p450.stl
[0.278s] -- Up-to-date: /home/a/uav/install/my_uav/share/my_uav/models/p450/meshes/p450_cw.stl
[0.278s] -- Installing: /home/a/uav/install/my_uav/share/my_uav/models/p450/p450.sdf
[0.279s] -- Installing: /home/a/uav/install/my_uav/share/my_uav/models/hokuyo_ust_20lx
[0.279s] -- Installing: /home/a/uav/install/my_uav/share/my_uav/models/hokuyo_ust_20lx/hokuyo_ust_20lx.sdf
[0.279s] -- Installing: /home/a/uav/install/my_uav/share/my_uav/models/hokuyo_ust_20lx/model.config
[0.279s] -- Installing: /home/a/uav/install/my_uav/share/my_uav/models/p450_hokuyo_2Dlidar
[0.279s] -- Installing: /home/a/uav/install/my_uav/share/my_uav/models/p450_hokuyo_2Dlidar/p450_hokuyo_2Dlidar.sdf
[0.280s] -- Installing: /home/a/uav/install/my_uav/share/my_uav/models/p450_hokuyo_2Dlidar/model.config
[0.280s] -- Up-to-date: /home/a/uav/install/my_uav/share/my_uav/worlds
[0.281s] -- Installing: /home/a/uav/install/my_uav/share/my_uav/worlds/leida.world
[0.281s] -- Installing: /home/a/uav/install/my_uav/share/my_uav/worlds/my.world
[0.281s] -- Installing: /home/a/uav/install/my_uav/share/my_uav/worlds/cam.world
[0.282s] -- Up-to-date: /home/a/uav/install/my_uav/share/my_uav/worlds/empty_world.world
[0.283s] -- Up-to-date: /home/a/uav/install/my_uav/lib/my_uav/uav_control_node
[0.283s] -- Up-to-date: /home/a/uav/install/my_uav/share/ament_index/resource_index/package_run_dependencies/my_uav
[0.283s] -- Up-to-date: /home/a/uav/install/my_uav/share/ament_index/resource_index/parent_prefix_path/my_uav
[0.284s] -- Up-to-date: /home/a/uav/install/my_uav/share/my_uav/environment/ament_prefix_path.sh
[0.284s] -- Up-to-date: /home/a/uav/install/my_uav/share/my_uav/environment/ament_prefix_path.dsv
[0.284s] -- Up-to-date: /home/a/uav/install/my_uav/share/my_uav/environment/path.sh
[0.284s] -- Up-to-date: /home/a/uav/install/my_uav/share/my_uav/environment/path.dsv
[0.284s] -- Up-to-date: /home/a/uav/install/my_uav/share/my_uav/local_setup.bash
[0.284s] -- Up-to-date: /home/a/uav/install/my_uav/share/my_uav/local_setup.sh
[0.285s] -- Up-to-date: /home/a/uav/install/my_uav/share/my_uav/local_setup.zsh
[0.285s] -- Up-to-date: /home/a/uav/install/my_uav/share/my_uav/local_setup.dsv
[0.285s] -- Installing: /home/a/uav/install/my_uav/share/my_uav/package.dsv
[0.286s] -- Up-to-date: /home/a/uav/install/my_uav/share/ament_index/resource_index/packages/my_uav
[0.286s] -- Up-to-date: /home/a/uav/install/my_uav/share/my_uav/cmake/my_uavConfig.cmake
[0.286s] -- Up-to-date: /home/a/uav/install/my_uav/share/my_uav/cmake/my_uavConfig-version.cmake
[0.286s] -- Up-to-date: /home/a/uav/install/my_uav/share/my_uav/package.xml
[0.289s] Invoked command in '/home/a/uav/build/my_uav' returned '0': CMAKE_PREFIX_PATH=${CMAKE_PREFIX_PATH}:/opt/ros/galactic /usr/bin/cmake --install /home/a/uav/build/my_uav
